number,value,datetime_start,datetime_complete,duration,params_BEAR_RATIO,params_BULL_RATIO,params_GRID_MAX_LAYER,params_GRID_STEP_MAX,params_GRID_STEP_MIN,params_GRID_STEP_VOL_FACTOR,params_LAYER_FRACTION,params_MAX_HOLD,params_NEUTRAL_RATIO,params_REBALANCE_FREQ,params_VOL_WEIGHT,user_attrs_avg_test_score,user_attrs_avg_train_score,user_attrs_test_score_std,user_attrs_train_test_gap,user_attrs_validation_error,state
6994,-9999.0,2026-05-12 20:01:59.028972,2026-05-12 20:01:59.379878,0 days 00:00:00.350906,0.45,0.7,3,0.03,0.02,0.3,0.08,4,0.7,5,0.8,,,,,BEAR_RATIO < NEUTRAL_RATIO < BULL_RATIO 约束违反: 0.45 / 0.7 / 0.7,COMPLETE
6995,-0.5179924623587872,2026-05-12 20:01:59.411193,2026-05-12 20:02:00.055947,0 days 00:00:00.644754,0.45,0.7,2,0.05,0.02,0.6,0.08,6,0.5,20,0.8,-0.39108387647623727,-0.030830266507629607,0.2538171717650998,0.36025360996860767,,COMPLETE
6996,-0.4278019617453936,2026-05-12 20:02:00.088423,2026-05-12 20:02:05.716497,0 days 00:00:05.628074,0.45,0.7,2,0.05,0.02,0.6,0.08,4,0.5,10,0.65,,,,,,PRUNED
6997,-0.5182406672588966,2026-05-12 20:02:05.746768,2026-05-12 20:02:06.365348,0 days 00:00:00.618580,0.45,0.7,2,0.05,0.02,0.45,0.08,6,0.5,20,0.8,-0.3910743597599139,-0.030648087966744914,0.25433261499796533,0.360426271793169,,COMPLETE
6998,-0.5700997585113124,2026-05-12 20:02:06.391011,2026-05-12 20:02:10.067224,0 days 00:00:03.676213,0.35,0.9,4,0.03,0.01,0.3,0.08,3,0.6,10,0.65,,,,,,PRUNED
6999,-0.42602785264124465,2026-05-12 20:02:10.093378,2026-05-12 20:02:12.737587,0 days 00:00:02.644209,0.45,0.7,4,0.05,0.02,0.6,0.08,3,0.5,5,0.8,,,,,,PRUNED
7000,-0.5668243172251127,2026-05-12 20:02:12.766685,2026-05-12 20:02:16.524075,0 days 00:00:03.757390,0.45,0.7,2,0.03,0.02,0.45,0.16,3,0.6,10,0.8,,,,,,PRUNED
7001,-0.4242910183560481,2026-05-12 20:02:16.552212,2026-05-12 20:02:16.991026,0 days 00:00:00.438814,0.45,0.7,2,0.05,0.02,0.6,0.08,5,0.5,20,0.8,,,,,,PRUNED
7002,-0.5072864322703473,2026-05-12 20:02:17.019349,2026-05-12 20:02:22.180502,0 days 00:00:05.161153,0.35,0.7,2,0.03,0.02,0.3,0.16,5,0.6,10,0.65,,,,,,PRUNED
7003,-0.5912914547343392,2026-05-12 20:02:22.214163,2026-05-12 20:02:25.825899,0 days 00:00:03.611736,0.35,0.7,3,0.05,0.01,0.3,0.12,3,0.5,20,0.8,,,,,,PRUNED
7004,-0.5715107846558711,2026-05-12 20:02:25.853681,2026-05-12 20:02:26.270632,0 days 00:00:00.416951,0.45,0.7,2,0.05,0.02,0.6,0.08,3,0.5,20,0.8,,,,,,PRUNED
7005,-0.5179924623587872,2026-05-12 20:02:26.301336,2026-05-12 20:02:26.910276,0 days 00:00:00.608940,0.45,0.7,2,0.05,0.02,0.6,0.08,6,0.5,20,0.8,-0.39108387647623727,-0.030830266507629607,0.2538171717650998,0.36025360996860767,,COMPLETE
7006,-0.5179924623587872,2026-05-12 20:02:26.943311,2026-05-12 20:02:27.596104,0 days 00:00:00.652793,0.45,0.7,2,0.05,0.02,0.6,0.08,6,0.5,20,0.5,-0.39108387647623727,-0.030830266507629607,0.2538171717650998,0.36025360996860767,,COMPLETE
7007,-0.49357055054409216,2026-05-12 20:02:27.623442,2026-05-12 20:02:32.908398,0 days 00:00:05.284956,0.35,0.8,2,0.03,0.02,0.6,0.12,6,0.5,20,0.8,,,,,,PRUNED
7008,-0.4738417015352579,2026-05-12 20:02:32.936350,2026-05-12 20:02:37.692455,0 days 00:00:04.756105,0.45,0.9,2,0.05,0.02,0.3,0.12,5,0.6,20,0.65,,,,,,PRUNED
7009,-0.4846874443898769,2026-05-12 20:02:37.720122,2026-05-12 20:02:41.351113,0 days 00:00:03.630991,0.35,0.9,2,0.05,0.01,0.6,0.08,6,0.7,20,0.8,,,,,,PRUNED
7010,-0.5343694544525808,2026-05-12 20:02:41.377846,2026-05-12 20:02:46.445126,0 days 00:00:05.067280,0.45,0.9,4,0.03,0.01,0.3,0.16,6,0.7,20,0.65,,,,,,PRUNED
7011,-0.5179924623587872,2026-05-12 20:02:46.471593,2026-05-12 20:02:47.120989,0 days 00:00:00.649396,0.45,0.7,2,0.05,0.01,0.6,0.08,6,0.5,20,0.8,-0.39108387647623727,-0.030830266507629607,0.2538171717650998,0.36025360996860767,,COMPLETE
7012,-9999.0,2026-05-12 20:02:47.147008,2026-05-12 20:02:47.514809,0 days 00:00:00.367801,0.35,0.7,4,0.03,0.02,0.3,0.08,4,0.7,10,0.5,,,,,BEAR_RATIO < NEUTRAL_RATIO < BULL_RATIO 约束违反: 0.35 / 0.7 / 0.7,COMPLETE
7013,-0.434017431204229,2026-05-12 20:02:47.548068,2026-05-12 20:02:52.757498,0 days 00:00:05.209430,0.35,0.7,2,0.05,0.01,0.6,0.08,6,0.5,10,0.65,,,,,,PRUNED
7014,-0.554092986935138,2026-05-12 20:02:52.784458,2026-05-12 20:02:57.827827,0 days 00:00:05.043369,0.35,0.9,3,0.05,0.01,0.45,0.16,4,0.7,5,0.8,,,,,,PRUNED
7015,-0.48523043783538017,2026-05-12 20:02:57.857853,2026-05-12 20:03:03.446353,0 days 00:00:05.588500,0.45,0.7,4,0.03,0.02,0.3,0.16,3,0.6,5,0.5,,,,,,PRUNED
7016,-0.4344081981753338,2026-05-12 20:03:03.479115,2026-05-12 20:03:08.331461,0 days 00:00:04.852346,0.45,0.7,3,0.05,0.01,0.6,0.12,5,0.5,20,0.5,,,,,,PRUNED
7017,-0.5147373276461891,2026-05-12 20:03:08.358414,2026-05-12 20:03:13.079396,0 days 00:00:04.720982,0.25,0.9,2,0.05,0.02,0.6,0.12,5,0.5,20,0.65,,,,,,PRUNED
7018,-0.5485992393057948,2026-05-12 20:03:13.106560,2026-05-12 20:03:17.951864,0 days 00:00:04.845304,0.25,0.7,2,0.03,0.01,0.45,0.16,5,0.6,20,0.5,,,,,,PRUNED
7019,-0.47744969635657925,2026-05-12 20:03:17.979898,2026-05-12 20:03:23.871203,0 days 00:00:05.891305,0.45,0.9,3,0.05,0.02,0.45,0.08,6,0.7,5,0.65,,,,,,PRUNED
7020,-0.6335225625889129,2026-05-12 20:03:23.899021,2026-05-12 20:03:27.418320,0 days 00:00:03.519299,0.35,0.8,4,0.03,0.01,0.6,0.12,3,0.6,20,0.5,,,,,,PRUNED
7021,-0.4818585669051721,2026-05-12 20:03:27.448679,2026-05-12 20:03:29.290883,0 days 00:00:01.842204,0.45,0.9,2,0.03,0.02,0.45,0.08,4,0.7,20,0.65,,,,,,PRUNED
7022,-0.43066223453668384,2026-05-12 20:03:29.315408,2026-05-12 20:03:34.300269,0 days 00:00:04.984861,0.45,0.8,3,0.05,0.02,0.3,0.08,5,0.5,5,0.5,,,,,,PRUNED
7023,-9999.0,2026-05-12 20:03:34.326936,2026-05-12 20:03:34.641587,0 days 00:00:00.314651,0.45,0.7,2,0.05,0.01,0.6,0.08,3,0.7,5,0.8,,,,,BEAR_RATIO < NEUTRAL_RATIO < BULL_RATIO 约束违反: 0.45 / 0.7 / 0.7,COMPLETE
7024,-0.5086658961578774,2026-05-12 20:03:34.670354,2026-05-12 20:03:40.563405,0 days 00:00:05.893051,0.25,0.7,4,0.05,0.01,0.45,0.08,6,0.6,5,0.5,,,,,,PRUNED
7025,-0.5467863756572862,2026-05-12 20:03:40.590662,2026-05-12 20:03:45.802600,0 days 00:00:05.211938,0.25,0.8,4,0.05,0.01,0.45,0.12,4,0.5,5,0.65,,,,,,PRUNED
7026,-0.5008688411160102,2026-05-12 20:03:45.832653,2026-05-12 20:03:51.756495,0 days 00:00:05.923842,0.45,0.9,4,0.03,0.02,0.6,0.12,5,0.6,5,0.8,,,,,,PRUNED
7027,-0.4727034226316059,2026-05-12 20:03:51.785662,2026-05-12 20:03:57.961119,0 days 00:00:06.175457,0.35,0.7,2,0.03,0.02,0.6,0.08,6,0.6,20,0.8,,,,,,PRUNED
7028,-0.4493084743777613,2026-05-12 20:03:57.991411,2026-05-12 20:04:02.171504,0 days 00:00:04.180093,0.45,0.9,3,0.05,0.02,0.6,0.08,6,0.6,20,0.8,,,,,,PRUNED
7029,-0.4961962967412013,2026-05-12 20:04:02.197630,2026-05-12 20:04:06.926921,0 days 00:00:04.729291,0.35,0.8,3,0.03,0.02,0.3,0.12,4,0.6,10,0.65,,,,,,PRUNED
7030,-0.49030964981512976,2026-05-12 20:04:06.957623,2026-05-12 20:04:12.225395,0 days 00:00:05.267772,0.45,0.8,2,0.03,0.01,0.3,0.16,6,0.5,20,0.8,,,,,,PRUNED
7031,-0.5484013695103348,2026-05-12 20:04:12.254630,2026-05-12 20:04:17.503185,0 days 00:00:05.248555,0.25,0.9,4,0.03,0.02,0.45,0.12,5,0.7,10,0.65,,,,,,PRUNED
7032,-0.4092788272711371,2026-05-12 20:04:17.534408,2026-05-12 20:04:17.968036,0 days 00:00:00.433628,0.45,0.7,3,0.05,0.01,0.6,0.08,6,0.5,20,0.8,,,,,,PRUNED
7033,-0.5179924623587872,2026-05-12 20:04:17.995807,2026-05-12 20:04:18.608092,0 days 00:00:00.612285,0.45,0.7,2,0.05,0.02,0.6,0.08,6,0.5,20,0.8,-0.39108387647623727,-0.030830266507629607,0.2538171717650998,0.36025360996860767,,COMPLETE
7034,-9999.0,2026-05-12 20:04:18.725026,2026-05-12 20:04:19.095731,0 days 00:00:00.370705,0.25,0.7,4,0.05,0.02,0.3,0.12,5,0.7,5,0.65,,,,,BEAR_RATIO < NEUTRAL_RATIO < BULL_RATIO 约束违反: 0.25 / 0.7 / 0.7,COMPLETE
7035,-0.5054982872520865,2026-05-12 20:04:19.123999,2026-05-12 20:04:23.645921,0 days 00:00:04.521922,0.35,0.9,3,0.03,0.01,0.45,0.08,3,0.6,5,0.5,,,,,,PRUNED
7036,-0.5197167151142411,2026-05-12 20:04:23.672917,2026-05-12 20:04:28.319178,0 days 00:00:04.646261,0.25,0.7,3,0.03,0.02,0.6,0.12,5,0.5,20,0.8,,,,,,PRUNED
7037,-0.5054815352369867,2026-05-12 20:04:28.346320,2026-05-12 20:04:30.764662,0 days 00:00:02.418342,0.35,0.9,2,0.03,0.01,0.6,0.16,4,0.5,10,0.65,,,,,,PRUNED
7038,-0.5179924623587872,2026-05-12 20:04:30.798740,2026-05-12 20:04:31.361966,0 days 00:00:00.563226,0.45,0.7,2,0.05,0.02,0.6,0.08,6,0.5,20,0.8,-0.39108387647623727,-0.030830266507629607,0.2538171717650998,0.36025360996860767,,COMPLETE
7039,-0.4958531519851142,2026-05-12 20:04:31.391169,2026-05-12 20:04:35.931483,0 days 00:00:04.540314,0.25,0.8,2,0.05,0.02,0.3,0.08,5,0.5,20,0.8,,,,,,PRUNED
7040,-0.4915443748521035,2026-05-12 20:04:35.957972,2026-05-12 20:04:40.967271,0 days 00:00:05.009299,0.35,0.7,4,0.05,0.01,0.3,0.08,4,0.5,5,0.8,,,,,,PRUNED
7041,-0.5369076013823132,2026-05-12 20:04:40.999849,2026-05-12 20:04:47.205498,0 days 00:00:06.205649,0.35,0.9,3,0.03,0.02,0.45,0.12,6,0.6,5,0.65,,,,,,PRUNED
7042,-0.5179924623587872,2026-05-12 20:04:47.235113,2026-05-12 20:04:47.902202,0 days 00:00:00.667089,0.45,0.7,2,0.05,0.02,0.6,0.08,6,0.5,20,0.65,-0.39108387647623727,-0.030830266507629607,0.2538171717650998,0.36025360996860767,,COMPLETE
7043,-0.49170903283442774,2026-05-12 20:04:47.929272,2026-05-12 20:04:52.440940,0 days 00:00:04.511668,0.35,0.7,4,0.03,0.01,0.6,0.16,3,0.5,5,0.5,,,,,,PRUNED
7044,-0.5486788820814671,2026-05-12 20:04:52.469133,2026-05-12 20:04:58.521840,0 days 00:00:06.052707,0.25,0.8,4,0.03,0.02,0.45,0.16,5,0.6,10,0.8,,,,,,PRUNED
7045,-0.503875526934192,2026-05-12 20:04:58.552702,2026-05-12 20:05:03.879830,0 days 00:00:05.327128,0.25,0.9,4,0.05,0.01,0.6,0.08,6,0.5,10,0.8,,,,,,PRUNED
7046,-0.5179924623587872,2026-05-12 20:05:03.907471,2026-05-12 20:05:04.538065,0 days 00:00:00.630594,0.45,0.7,2,0.05,0.02,0.6,0.08,6,0.5,20,0.8,-0.39108387647623727,-0.030830266507629607,0.2538171717650998,0.36025360996860767,,COMPLETE
7047,-9999.0,2026-05-12 20:05:04.568602,2026-05-12 20:05:04.914676,0 days 00:00:00.346074,0.25,0.7,3,0.05,0.02,0.6,0.16,3,0.7,20,0.65,,,,,BEAR_RATIO < NEUTRAL_RATIO < BULL_RATIO 约束违反: 0.25 / 0.7 / 0.7,COMPLETE
7048,-0.44602921817502894,2026-05-12 20:05:04.959202,2026-05-12 20:05:09.916263,0 days 00:00:04.957061,0.45,0.9,2,0.05,0.01,0.45,0.08,6,0.6,20,0.8,,,,,,PRUNED
7049,-0.5693657124887487,2026-05-12 20:05:09.946140,2026-05-12 20:05:13.803022,0 days 00:00:03.856882,0.45,0.9,4,0.03,0.02,0.6,0.16,3,0.5,10,0.65,,,,,,PRUNED
7050,-0.410125315542252,2026-05-12 20:05:13.829927,2026-05-12 20:05:14.217499,0 days 00:00:00.387572,0.45,0.7,4,0.05,0.02,0.6,0.08,6,0.5,20,0.8,,,,,,PRUNED
7051,-0.5179924623587872,2026-05-12 20:05:14.244820,2026-05-12 20:05:14.855191,0 days 00:00:00.610371,0.45,0.7,2,0.05,0.02,0.6,0.08,6,0.5,20,0.8,-0.39108387647623727,-0.030830266507629607,0.2538171717650998,0.36025360996860767,,COMPLETE
7052,-0.4092788272711371,2026-05-12 20:05:14.884334,2026-05-12 20:05:15.267248,0 days 00:00:00.382914,0.45,0.7,3,0.05,0.02,0.6,0.08,6,0.5,20,0.8,,,,,,PRUNED
7053,-0.5179924623587872,2026-05-12 20:05:15.294423,2026-05-12 20:05:15.892685,0 days 00:00:00.598262,0.45,0.7,2,0.05,0.02,0.6,0.08,6,0.5,20,0.8,-0.39108387647623727,-0.030830266507629607,0.2538171717650998,0.36025360996860767,,COMPLETE
7054,-0.5294491080794269,2026-05-12 20:05:15.919586,2026-05-12 20:05:21.388832,0 days 00:00:05.469246,0.35,0.9,2,0.03,0.01,0.6,0.12,5,0.6,5,0.8,,,,,,PRUNED
7055,-0.5337662100600502,2026-05-12 20:05:21.418620,2026-05-12 20:05:26.308403,0 days 00:00:04.889783,0.25,0.9,4,0.03,0.02,0.45,0.12,5,0.5,10,0.5,,,,,,PRUNED
7056,-0.47951005544027814,2026-05-12 20:05:26.335995,2026-05-12 20:05:31.100517,0 days 00:00:04.764522,0.35,0.9,2,0.03,0.01,0.45,0.08,5,0.5,10,0.5,,,,,,PRUNED
7057,-0.5179924623587872,2026-05-12 20:05:31.125944,2026-05-12 20:05:31.667952,0 days 00:00:00.542008,0.45,0.7,2,0.05,0.02,0.6,0.08,6,0.5,20,0.8,-0.39108387647623727,-0.030830266507629607,0.2538171717650998,0.36025360996860767,,COMPLETE
7058,-9999.0,2026-05-12 20:05:31.692076,2026-05-12 20:05:31.997633,0 days 00:00:00.305557,0.25,0.7,2,0.03,0.02,0.3,0.08,6,0.7,5,0.65,,,,,BEAR_RATIO < NEUTRAL_RATIO < BULL_RATIO 约束违反: 0.25 / 0.7 / 0.7,COMPLETE
7059,-0.5618330408456151,2026-05-12 20:05:32.021285,2026-05-12 20:05:36.012838,0 days 00:00:03.991553,0.25,0.8,4,0.03,0.01,0.6,0.16,3,0.6,5,0.65,,,,,,PRUNED
7060,-0.5577778592366471,2026-05-12 20:05:36.036925,2026-05-12 20:05:39.486072,0 days 00:00:03.449147,0.25,0.9,3,0.03,0.01,0.3,0.16,5,0.6,10,0.8,,,,,,PRUNED
7061,-0.48295275816950994,2026-05-12 20:05:39.512987,2026-05-12 20:05:44.368363,0 days 00:00:04.855376,0.45,0.7,3,0.03,0.01,0.45,0.16,5,0.6,10,0.5,,,,,,PRUNED
7062,-0.6212777343644965,2026-05-12 20:05:44.396511,2026-05-12 20:05:47.989837,0 days 00:00:03.593326,0.35,0.7,3,0.03,0.01,0.6,0.12,3,0.6,20,0.65,,,,,,PRUNED
7063,-0.5073577462479965,2026-05-12 20:05:48.021019,2026-05-12 20:05:52.704183,0 days 00:00:04.683164,0.35,0.7,3,0.03,0.01,0.45,0.16,3,0.6,5,0.65,,,,,,PRUNED
7064,-0.5565642217069033,2026-05-12 20:05:52.732965,2026-05-12 20:05:59.058367,0 days 00:00:06.325402,0.25,0.9,2,0.05,0.02,0.6,0.08,4,0.6,5,0.65,,,,,,PRUNED
7065,-0.5338841629673097,2026-05-12 20:05:59.087719,2026-05-12 20:06:04.199339,0 days 00:00:05.111620,0.35,0.9,3,0.03,0.02,0.6,0.12,5,0.7,20,0.5,,,,,,PRUNED
7066,-0.47792527670287044,2026-05-12 20:06:04.227639,2026-05-12 20:06:07.674859,0 days 00:00:03.447220,0.25,0.7,4,0.05,0.01,0.6,0.08,6,0.5,20,0.5,,,,,,PRUNED
7067,-9999.0,2026-05-12 20:06:07.702311,2026-05-12 20:06:08.016235,0 days 00:00:00.313924,0.35,0.7,2,0.03,0.01,0.45,0.16,4,0.7,10,0.5,,,,,BEAR_RATIO < NEUTRAL_RATIO < BULL_RATIO 约束违反: 0.35 / 0.7 / 0.7,COMPLETE
7068,-0.5472229823131087,2026-05-12 20:06:08.040890,2026-05-12 20:06:13.709780,0 days 00:00:05.668890,0.35,0.9,2,0.03,0.01,0.3,0.16,5,0.6,5,0.5,,,,,,PRUNED
7069,-0.5808592603101209,2026-05-12 20:06:13.740881,2026-05-12 20:06:17.605813,0 days 00:00:03.864932,0.35,0.9,4,0.03,0.02,0.6,0.16,3,0.5,10,0.8,,,,,,PRUNED
7070,-0.47358113202293883,2026-05-12 20:06:17.633808,2026-05-12 20:06:22.264692,0 days 00:00:04.630884,0.25,0.7,3,0.05,0.01,0.45,0.12,4,0.5,10,0.65,,,,,,PRUNED
7071,-0.5179924623587872,2026-05-12 20:06:22.293457,2026-05-12 20:06:22.919033,0 days 00:00:00.625576,0.45,0.7,2,0.05,0.02,0.6,0.08,6,0.5,20,0.8,-0.39108387647623727,-0.030830266507629607,0.2538171717650998,0.36025360996860767,,COMPLETE
7072,-0.6309009534138199,2026-05-12 20:06:22.949659,2026-05-12 20:06:26.677866,0 days 00:00:03.728207,0.35,0.8,2,0.05,0.01,0.6,0.16,3,0.7,20,0.8,,,,,,PRUNED
7073,-0.5179924623587872,2026-05-12 20:06:26.725587,2026-05-12 20:06:27.414020,0 days 00:00:00.688433,0.45,0.7,2,0.05,0.02,0.6,0.08,6,0.5,20,0.8,-0.39108387647623727,-0.030830266507629607,0.2538171717650998,0.36025360996860767,,COMPLETE
7074,-0.43333909441165963,2026-05-12 20:06:27.440948,2026-05-12 20:06:27.855499,0 days 00:00:00.414551,0.35,0.7,2,0.05,0.01,0.6,0.08,6,0.5,20,0.8,,,,,,PRUNED
7075,-0.4455304405241618,2026-05-12 20:06:27.883820,2026-05-12 20:06:32.545176,0 days 00:00:04.661356,0.45,0.7,2,0.03,0.02,0.6,0.08,4,0.5,10,0.5,,,,,,PRUNED
7076,-0.46545231655720487,2026-05-12 20:06:32.575473,2026-05-12 20:06:36.692292,0 days 00:00:04.116819,0.45,0.9,4,0.05,0.02,0.6,0.12,4,0.6,20,0.8,,,,,,PRUNED
7077,-0.5179924623587872,2026-05-12 20:06:36.718692,2026-05-12 20:06:37.312826,0 days 00:00:00.594134,0.45,0.7,2,0.05,0.02,0.6,0.08,6,0.5,20,0.8,-0.39108387647623727,-0.030830266507629607,0.2538171717650998,0.36025360996860767,,COMPLETE
7078,-0.5582950671847863,2026-05-12 20:06:37.341126,2026-05-12 20:06:40.002184,0 days 00:00:02.661058,0.25,0.9,4,0.03,0.02,0.6,0.12,3,0.6,5,0.8,,,,,,PRUNED
7079,-0.5771453239026467,2026-05-12 20:06:40.029242,2026-05-12 20:06:43.817746,0 days 00:00:03.788504,0.25,0.9,3,0.05,0.02,0.6,0.16,3,0.6,10,0.8,,,,,,PRUNED
7080,-0.4213231947291116,2026-05-12 20:06:43.846787,2026-05-12 20:06:44.282453,0 days 00:00:00.435666,0.45,0.7,2,0.05,0.02,0.6,0.08,4,0.5,20,0.8,,,,,,PRUNED
7081,-0.6133129504282132,2026-05-12 20:06:44.309713,2026-05-12 20:06:47.932883,0 days 00:00:03.623170,0.45,0.7,2,0.03,0.01,0.45,0.12,3,0.6,20,0.65,,,,,,PRUNED
7082,-0.5414094757835274,2026-05-12 20:06:47.960498,2026-05-12 20:06:53.454180,0 days 00:00:05.493682,0.25,0.9,4,0.05,0.02,0.6,0.16,6,0.7,10,0.65,,,,,,PRUNED
7083,-9999.0,2026-05-12 20:06:53.484207,2026-05-12 20:06:53.892322,0 days 00:00:00.408115,0.45,0.7,2,0.03,0.02,0.45,0.12,6,0.7,20,0.5,,,,,BEAR_RATIO < NEUTRAL_RATIO < BULL_RATIO 约束违反: 0.45 / 0.7 / 0.7,COMPLETE
7084,-0.42357363260304626,2026-05-12 20:06:53.921360,2026-05-12 20:06:54.376194,0 days 00:00:00.454834,0.45,0.7,2,0.05,0.02,0.6,0.08,6,0.6,20,0.8,,,,,,PRUNED
7085,-0.4850409399591527,2026-05-12 20:06:54.403573,2026-05-12 20:06:59.830487,0 days 00:00:05.426914,0.35,0.9,2,0.05,0.02,0.3,0.16,4,0.6,10,0.65,,,,,,PRUNED
7086,-0.5179924623587872,2026-05-12 20:06:59.859271,2026-05-12 20:07:00.483834,0 days 00:00:00.624563,0.45,0.7,2,0.05,0.02,0.6,0.08,6,0.5,20,0.8,-0.39108387647623727,-0.030830266507629607,0.2538171717650998,0.36025360996860767,,COMPLETE
7087,-0.4642530464835581,2026-05-12 20:07:00.513916,2026-05-12 20:07:05.031565,0 days 00:00:04.517649,0.45,0.9,2,0.05,0.01,0.3,0.08,3,0.6,5,0.65,,,,,,PRUNED
7088,-0.5179924623587872,2026-05-12 20:07:05.060897,2026-05-12 20:07:05.671804,0 days 00:00:00.610907,0.45,0.7,2,0.05,0.02,0.6,0.08,6,0.5,20,0.8,-0.39108387647623727,-0.030830266507629607,0.2538171717650998,0.36025360996860767,,COMPLETE
7089,-0.5179924623587872,2026-05-12 20:07:05.697859,2026-05-12 20:07:06.338852,0 days 00:00:00.640993,0.45,0.7,2,0.05,0.01,0.6,0.08,6,0.5,20,0.8,-0.39108387647623727,-0.030830266507629607,0.2538171717650998,0.36025360996860767,,COMPLETE
7090,-0.4542295083527964,2026-05-12 20:07:06.368723,2026-05-12 20:07:09.311418,0 days 00:00:02.942695,0.45,0.9,4,0.05,0.02,0.45,0.08,4,0.6,20,0.8,,,,,,PRUNED
7091,-0.5179924623587872,2026-05-12 20:07:09.345955,2026-05-12 20:07:10.075657,0 days 00:00:00.729702,0.45,0.7,2,0.05,0.02,0.6,0.08,6,0.5,20,0.8,-0.39108387647623727,-0.030830266507629607,0.2538171717650998,0.36025360996860767,,COMPLETE
7092,-0.5179924623587872,2026-05-12 20:07:10.100817,2026-05-12 20:07:10.754668,0 days 00:00:00.653851,0.45,0.7,2,0.05,0.02,0.6,0.08,6,0.5,20,0.8,-0.39108387647623727,-0.030830266507629607,0.2538171717650998,0.36025360996860767,,COMPLETE
7093,-0.5179924623587872,2026-05-12 20:07:10.786547,2026-05-12 20:07:11.390213,0 days 00:00:00.603666,0.45,0.7,2,0.05,0.02,0.6,0.08,6,0.5,20,0.8,-0.39108387647623727,-0.030830266507629607,0.2538171717650998,0.36025360996860767,,COMPLETE
7094,-0.5198639570056021,2026-05-12 20:07:11.421900,2026-05-12 20:07:17.483503,0 days 00:00:06.061603,0.35,0.9,3,0.03,0.01,0.3,0.12,6,0.5,5,0.65,,,,,,PRUNED
7095,-0.4351694194242078,2026-05-12 20:07:17.512473,2026-05-12 20:07:22.505947,0 days 00:00:04.993474,0.35,0.7,3,0.05,0.01,0.6,0.08,6,0.5,20,0.65,,,,,,PRUNED
7096,-0.5535287510876582,2026-05-12 20:07:22.534601,2026-05-12 20:07:27.822800,0 days 00:00:05.288199,0.25,0.7,2,0.03,0.02,0.6,0.16,6,0.6,20,0.8,,,,,,PRUNED
7097,-0.5472495359850028,2026-05-12 20:07:27.854176,2026-05-12 20:07:31.788040,0 days 00:00:03.933864,0.45,0.9,4,0.05,0.02,0.45,0.08,3,0.6,10,0.65,,,,,,PRUNED
7098,-0.41425741193738236,2026-05-12 20:07:31.811541,2026-05-12 20:07:32.202728,0 days 00:00:00.391187,0.45,0.7,2,0.05,0.01,0.6,0.08,6,0.5,5,0.8,,,,,,PRUNED
7099,-0.5408945310958974,2026-05-12 20:07:32.230891,2026-05-12 20:07:36.758462,0 days 00:00:04.527571,0.25,0.9,4,0.03,0.02,0.3,0.12,3,0.5,5,0.65,,,,,,PRUNED
7100,-0.5679535653498837,2026-05-12 20:07:36.787794,2026-05-12 20:07:40.257134,0 days 00:00:03.469340,0.25,0.8,4,0.03,0.01,0.6,0.08,4,0.7,5,0.8,,,,,,PRUNED
7101,-0.5342242115956126,2026-05-12 20:07:40.285880,2026-05-12 20:07:46.208325,0 days 00:00:05.922445,0.25,0.8,2,0.05,0.02,0.45,0.12,6,0.6,5,0.65,,,,,,PRUNED
7102,-0.4933909675949293,2026-05-12 20:07:46.236153,2026-05-12 20:07:52.245493,0 days 00:00:06.009340,0.25,0.7,2,0.05,0.02,0.45,0.08,6,0.5,5,0.8,,,,,,PRUNED
7103,-0.5179924623587872,2026-05-12 20:07:52.276485,2026-05-12 20:07:52.889168,0 days 00:00:00.612683,0.45,0.7,2,0.05,0.02,0.6,0.08,6,0.5,20,0.8,-0.39108387647623727,-0.030830266507629607,0.2538171717650998,0.36025360996860767,,COMPLETE
7104,-0.48969804930013167,2026-05-12 20:07:52.927953,2026-05-12 20:07:59.166001,0 days 00:00:06.238048,0.35,0.7,3,0.05,0.02,0.45,0.16,6,0.6,5,0.8,,,,,,PRUNED
7105,-0.4387147179881395,2026-05-12 20:07:59.210158,2026-05-12 20:08:06.230289,0 days 00:00:07.020131,0.45,0.7,2,0.03,0.02,0.45,0.08,6,0.5,5,0.8,,,,,,PRUNED
7106,-0.4092137988646166,2026-05-12 20:08:06.257633,2026-05-12 20:08:06.691497,0 days 00:00:00.433864,0.45,0.7,2,0.05,0.02,0.6,0.08,6,0.5,10,0.8,,,,,,PRUNED
7107,-9999.0,2026-05-12 20:08:06.717628,2026-05-12 20:08:07.054534,0 days 00:00:00.336906,0.35,0.7,4,0.03,0.01,0.3,0.12,6,0.7,10,0.65,,,,,BEAR_RATIO < NEUTRAL_RATIO < BULL_RATIO 约束违反: 0.35 / 0.7 / 0.7,COMPLETE
7108,-0.5179924623587872,2026-05-12 20:08:07.083145,2026-05-12 20:08:07.680934,0 days 00:00:00.597789,0.45,0.7,2,0.05,0.02,0.6,0.08,6,0.5,20,0.8,-0.39108387647623727,-0.030830266507629607,0.2538171717650998,0.36025360996860767,,COMPLETE
7109,-0.4100386278766106,2026-05-12 20:08:07.722412,2026-05-12 20:08:08.125703,0 days 00:00:00.403291,0.45,0.7,2,0.05,0.02,0.3,0.08,6,0.5,20,0.8,,,,,,PRUNED
7110,-0.4872209058450473,2026-05-12 20:08:08.152811,2026-05-12 20:08:12.105542,0 days 00:00:03.952731,0.35,0.7,4,0.03,0.02,0.6,0.08,5,0.6,5,0.5,,,,,,PRUNED
7111,-0.4688421066917927,2026-05-12 20:08:12.133830,2026-05-12 20:08:16.719023,0 days 00:00:04.585193,0.45,0.9,2,0.03,0.02,0.45,0.12,3,0.5,5,0.8,,,,,,PRUNED
7112,-0.5181909472293111,2026-05-12 20:08:16.746384,2026-05-12 20:08:22.197874,0 days 00:00:05.451490,0.35,0.7,2,0.03,0.01,0.6,0.16,6,0.6,10,0.65,,,,,,PRUNED
7113,-0.5560563794396541,2026-05-12 20:08:22.224939,2026-05-12 20:08:27.113503,0 days 00:00:04.888564,0.25,0.9,4,0.03,0.02,0.3,0.12,5,0.6,20,0.5,,,,,,PRUNED
7114,-0.5271830323762389,2026-05-12 20:08:27.140933,2026-05-12 20:08:32.991957,0 days 00:00:05.851024,0.35,0.9,2,0.05,0.01,0.3,0.16,5,0.7,5,0.5,,,,,,PRUNED
7115,-0.47728982508635986,2026-05-12 20:08:33.022216,2026-05-12 20:08:38.328792,0 days 00:00:05.306576,0.45,0.9,2,0.05,0.02,0.3,0.12,6,0.7,10,0.8,,,,,,PRUNED
