number,value,datetime_start,datetime_complete,duration,params_BEAR_RATIO,params_BULL_RATIO,params_GRID_MAX_LAYER,params_GRID_STEP_MAX,params_GRID_STEP_MIN,params_GRID_STEP_VOL_FACTOR,params_LAYER_FRACTION,params_MAX_HOLD,params_NEUTRAL_RATIO,params_REBALANCE_FREQ,params_VOL_WEIGHT,user_attrs_avg_test_score,user_attrs_avg_train_score,user_attrs_test_score_std,user_attrs_train_test_gap,user_attrs_validation_error,state
4053,-0.41425741193738236,2026-05-12 17:34:24.682813,2026-05-12 17:34:23.509369,-1 days +23:59:58.826556,0.45,0.7,2,0.05,0.02,0.6,0.08,6,0.5,5,0.8,,,,,,PRUNED
4054,-0.5910622890072166,2026-05-12 17:34:23.538841,2026-05-12 17:34:27.215587,0 days 00:00:03.676746,0.45,0.7,2,0.05,0.01,0.6,0.08,3,0.6,20,0.8,,,,,,PRUNED
4055,-0.5650932343572007,2026-05-12 17:34:27.241111,2026-05-12 17:34:32.876479,0 days 00:00:05.635368,0.25,0.9,3,0.05,0.01,0.6,0.16,5,0.7,5,0.8,,,,,,PRUNED
4056,-9999.0,2026-05-12 17:34:32.904173,2026-05-12 17:34:33.241287,0 days 00:00:00.337114,0.45,0.7,3,0.05,0.02,0.6,0.08,6,0.7,10,0.8,,,,,BEAR_RATIO < NEUTRAL_RATIO < BULL_RATIO 约束违反: 0.45 / 0.7 / 0.7,COMPLETE
4057,-0.5179924623587872,2026-05-12 17:34:33.269629,2026-05-12 17:34:33.818043,0 days 00:00:00.548414,0.45,0.7,2,0.05,0.02,0.6,0.08,6,0.5,20,0.8,-0.39108387647623727,-0.030830266507629607,0.2538171717650998,0.36025360996860767,,COMPLETE
4058,-0.42481996194688754,2026-05-12 17:34:33.846940,2026-05-12 17:34:38.373572,0 days 00:00:04.526632,0.45,0.7,3,0.05,0.02,0.6,0.08,3,0.5,5,0.8,,,,,,PRUNED
4059,-9999.0,2026-05-12 17:34:38.398881,2026-05-12 17:34:38.709575,0 days 00:00:00.310694,0.45,0.7,2,0.05,0.01,0.6,0.08,5,0.7,20,0.8,,,,,BEAR_RATIO < NEUTRAL_RATIO < BULL_RATIO 约束违反: 0.45 / 0.7 / 0.7,COMPLETE
4060,-0.4552719818865605,2026-05-12 17:34:38.736377,2026-05-12 17:34:43.124348,0 days 00:00:04.387971,0.35,0.8,2,0.05,0.01,0.3,0.12,4,0.5,20,0.65,,,,,,PRUNED
4061,-0.46983960793875096,2026-05-12 17:34:43.175747,2026-05-12 17:34:47.907586,0 days 00:00:04.731839,0.35,0.8,2,0.05,0.01,0.6,0.12,5,0.5,20,0.65,,,,,,PRUNED
4062,-0.4973407519492357,2026-05-12 17:34:47.936501,2026-05-12 17:34:52.582535,0 days 00:00:04.646034,0.25,0.8,3,0.03,0.01,0.45,0.08,4,0.6,10,0.5,,,,,,PRUNED
4063,-0.4557826610187664,2026-05-12 17:34:52.610661,2026-05-12 17:34:57.678889,0 days 00:00:05.068228,0.45,0.7,2,0.03,0.02,0.3,0.12,6,0.5,20,0.65,,,,,,PRUNED
4064,-0.43333909441165963,2026-05-12 17:34:57.704356,2026-05-12 17:34:58.079733,0 days 00:00:00.375377,0.35,0.7,2,0.05,0.02,0.6,0.08,6,0.5,20,0.8,,,,,,PRUNED
4065,-9999.0,2026-05-12 17:34:58.106270,2026-05-12 17:34:58.428680,0 days 00:00:00.322410,0.35,0.7,3,0.05,0.02,0.45,0.12,6,0.7,20,0.8,,,,,BEAR_RATIO < NEUTRAL_RATIO < BULL_RATIO 约束违反: 0.35 / 0.7 / 0.7,COMPLETE
4066,-0.48373899340888676,2026-05-12 17:34:58.456799,2026-05-12 17:35:03.096045,0 days 00:00:04.639246,0.35,0.7,3,0.05,0.01,0.3,0.16,3,0.6,5,0.65,,,,,,PRUNED
4067,-0.5234173770065912,2026-05-12 17:35:03.318958,2026-05-12 17:35:08.339572,0 days 00:00:05.020614,0.45,0.9,2,0.03,0.01,0.3,0.16,5,0.6,20,0.5,,,,,,PRUNED
4068,-0.5022455103384724,2026-05-12 17:35:08.365412,2026-05-12 17:35:11.248956,0 days 00:00:02.883544,0.25,0.7,2,0.05,0.01,0.3,0.12,6,0.6,20,0.8,,,,,,PRUNED
4069,-0.5302611062452662,2026-05-12 17:35:11.273542,2026-05-12 17:35:16.976696,0 days 00:00:05.703154,0.35,0.9,3,0.05,0.01,0.45,0.08,4,0.6,5,0.8,,,,,,PRUNED
4070,-0.6413527674640855,2026-05-12 17:35:17.000334,2026-05-12 17:35:20.538678,0 days 00:00:03.538344,0.25,0.7,3,0.03,0.02,0.3,0.16,3,0.6,20,0.65,,,,,,PRUNED
4071,-0.5047982167553612,2026-05-12 17:35:20.568447,2026-05-12 17:35:25.580151,0 days 00:00:05.011704,0.35,0.8,3,0.03,0.01,0.6,0.08,5,0.7,20,0.5,,,,,,PRUNED
4072,-0.4469510205952677,2026-05-12 17:35:25.607653,2026-05-12 17:35:30.582870,0 days 00:00:04.975217,0.45,0.9,2,0.05,0.02,0.6,0.08,5,0.5,20,0.5,,,,,,PRUNED
4073,-0.5715107846558711,2026-05-12 17:35:30.608644,2026-05-12 17:35:31.004066,0 days 00:00:00.395422,0.45,0.7,2,0.05,0.01,0.6,0.08,3,0.5,20,0.65,,,,,,PRUNED
4074,-0.5218471571420351,2026-05-12 17:35:31.031537,2026-05-12 17:35:36.264075,0 days 00:00:05.232538,0.25,0.7,2,0.05,0.01,0.3,0.08,4,0.5,5,0.5,,,,,,PRUNED
4075,-9999.0,2026-05-12 17:35:36.291041,2026-05-12 17:35:36.620059,0 days 00:00:00.329018,0.45,0.7,2,0.03,0.01,0.3,0.12,4,0.7,20,0.5,,,,,BEAR_RATIO < NEUTRAL_RATIO < BULL_RATIO 约束违反: 0.45 / 0.7 / 0.7,COMPLETE
4076,-0.41350553293511805,2026-05-12 17:35:36.645925,2026-05-12 17:35:37.022301,0 days 00:00:00.376376,0.45,0.7,2,0.05,0.02,0.45,0.08,6,0.5,5,0.8,,,,,,PRUNED
4077,-0.5459633950178532,2026-05-12 17:35:37.048195,2026-05-12 17:35:40.915975,0 days 00:00:03.867780,0.35,0.8,3,0.05,0.01,0.3,0.16,3,0.5,10,0.8,,,,,,PRUNED
4078,-0.5401750244072749,2026-05-12 17:35:40.943282,2026-05-12 17:35:44.523344,0 days 00:00:03.580062,0.25,0.8,4,0.05,0.02,0.3,0.08,4,0.5,5,0.65,,,,,,PRUNED
4079,-0.43618075177990356,2026-05-12 17:35:44.551058,2026-05-12 17:35:49.725607,0 days 00:00:05.174549,0.35,0.7,4,0.05,0.02,0.45,0.08,6,0.5,20,0.5,,,,,,PRUNED
4080,-0.6037208925911175,2026-05-12 17:35:49.769524,2026-05-12 17:35:53.321081,0 days 00:00:03.551557,0.35,0.7,2,0.03,0.02,0.3,0.12,3,0.5,20,0.5,,,,,,PRUNED
4081,-0.5577105891296142,2026-05-12 17:35:53.346811,2026-05-12 17:35:57.347782,0 days 00:00:04.000971,0.35,0.9,2,0.05,0.01,0.6,0.12,3,0.6,10,0.65,,,,,,PRUNED
4082,-0.49742241392134195,2026-05-12 17:35:57.373483,2026-05-12 17:36:02.104751,0 days 00:00:04.731268,0.45,0.9,2,0.03,0.01,0.6,0.08,5,0.7,20,0.8,,,,,,PRUNED
4083,-0.6016546396944724,2026-05-12 17:36:02.130503,2026-05-12 17:36:05.770425,0 days 00:00:03.639922,0.35,0.7,3,0.05,0.02,0.6,0.08,3,0.6,20,0.8,,,,,,PRUNED
4084,-0.43223096142417294,2026-05-12 17:36:05.798778,2026-05-12 17:36:06.271470,0 days 00:00:00.472692,0.45,0.9,2,0.05,0.02,0.6,0.08,6,0.5,20,0.8,,,,,,PRUNED
4085,-0.43360139961872946,2026-05-12 17:36:06.297738,2026-05-12 17:36:11.650439,0 days 00:00:05.352701,0.45,0.7,2,0.03,0.02,0.3,0.08,6,0.5,10,0.8,,,,,,PRUNED
4086,-0.47131601447935834,2026-05-12 17:36:11.678837,2026-05-12 17:36:16.088173,0 days 00:00:04.409336,0.45,0.8,4,0.03,0.01,0.6,0.08,4,0.6,10,0.8,,,,,,PRUNED
4087,-0.5606494277509467,2026-05-12 17:36:16.113743,2026-05-12 17:36:22.728990,0 days 00:00:06.615247,0.25,0.8,4,0.03,0.01,0.6,0.16,5,0.5,5,0.5,,,,,,PRUNED
4088,-0.46430283337624384,2026-05-12 17:36:22.756217,2026-05-12 17:36:27.942690,0 days 00:00:05.186473,0.45,0.7,3,0.03,0.02,0.6,0.16,5,0.5,10,0.8,,,,,,PRUNED
4089,-9999.0,2026-05-12 17:36:27.970284,2026-05-12 17:36:28.310006,0 days 00:00:00.339722,0.45,0.7,2,0.05,0.02,0.6,0.08,5,0.7,20,0.65,,,,,BEAR_RATIO < NEUTRAL_RATIO < BULL_RATIO 约束违反: 0.45 / 0.7 / 0.7,COMPLETE
4090,-0.4515046343642228,2026-05-12 17:36:28.335767,2026-05-12 17:36:33.493027,0 days 00:00:05.157260,0.45,0.9,2,0.05,0.02,0.6,0.08,5,0.6,10,0.8,,,,,,PRUNED
4091,-0.47489093987375003,2026-05-12 17:36:33.517885,2026-05-12 17:36:38.101613,0 days 00:00:04.583728,0.45,0.8,4,0.03,0.02,0.45,0.08,5,0.6,20,0.5,,,,,,PRUNED
4092,-0.5179924623587872,2026-05-12 17:36:38.128370,2026-05-12 17:36:38.629703,0 days 00:00:00.501333,0.45,0.7,2,0.05,0.02,0.6,0.08,6,0.5,20,0.8,-0.39108387647623727,-0.030830266507629607,0.2538171717650998,0.36025360996860767,,COMPLETE
4093,-0.5179924623587872,2026-05-12 17:36:38.654646,2026-05-12 17:36:39.133370,0 days 00:00:00.478724,0.45,0.7,2,0.05,0.01,0.6,0.08,6,0.5,20,0.8,-0.39108387647623727,-0.030830266507629607,0.2538171717650998,0.36025360996860767,,COMPLETE
4094,-0.46443721314418873,2026-05-12 17:36:39.155721,2026-05-12 17:36:43.147403,0 days 00:00:03.991682,0.35,0.7,3,0.05,0.01,0.6,0.12,4,0.6,10,0.8,,,,,,PRUNED
4095,-0.4695936598280137,2026-05-12 17:36:43.166839,2026-05-12 17:36:47.343122,0 days 00:00:04.176283,0.45,0.8,4,0.05,0.01,0.6,0.16,4,0.6,10,0.8,,,,,,PRUNED
4096,-0.5179924623587872,2026-05-12 17:36:47.365174,2026-05-12 17:36:47.873255,0 days 00:00:00.508081,0.45,0.7,2,0.05,0.02,0.6,0.08,6,0.5,20,0.8,-0.39108387647623727,-0.030830266507629607,0.2538171717650998,0.36025360996860767,,COMPLETE
4097,-0.5179924623587872,2026-05-12 17:36:47.896907,2026-05-12 17:36:48.391466,0 days 00:00:00.494559,0.45,0.7,2,0.05,0.02,0.6,0.08,6,0.5,20,0.8,-0.39108387647623727,-0.030830266507629607,0.2538171717650998,0.36025360996860767,,COMPLETE
4098,-9999.0,2026-05-12 17:36:48.414547,2026-05-12 17:36:48.673146,0 days 00:00:00.258599,0.45,0.7,2,0.05,0.01,0.45,0.12,6,0.7,20,0.8,,,,,BEAR_RATIO < NEUTRAL_RATIO < BULL_RATIO 约束违反: 0.45 / 0.7 / 0.7,COMPLETE
4099,-0.47468845055415754,2026-05-12 17:36:48.697165,2026-05-12 17:36:52.609889,0 days 00:00:03.912724,0.25,0.8,2,0.05,0.01,0.6,0.08,4,0.5,10,0.8,,,,,,PRUNED
4100,-0.4785505951979225,2026-05-12 17:36:52.633955,2026-05-12 17:36:57.047484,0 days 00:00:04.413529,0.45,0.9,2,0.03,0.01,0.6,0.12,4,0.5,10,0.65,,,,,,PRUNED
4101,-0.5020893434248702,2026-05-12 17:36:57.070558,2026-05-12 17:37:00.810765,0 days 00:00:03.740207,0.25,0.7,3,0.05,0.01,0.6,0.16,6,0.5,20,0.5,,,,,,PRUNED
4102,-0.5293808133600503,2026-05-12 17:37:00.835504,2026-05-12 17:37:06.170064,0 days 00:00:05.334560,0.35,0.9,4,0.03,0.02,0.3,0.16,6,0.5,10,0.5,,,,,,PRUNED
4103,-0.4453372005663059,2026-05-12 17:37:06.198015,2026-05-12 17:37:12.079296,0 days 00:00:05.881281,0.45,0.7,2,0.03,0.02,0.6,0.08,5,0.5,20,0.5,,,,,,PRUNED
4104,-0.5179924623587872,2026-05-12 17:37:12.107927,2026-05-12 17:37:12.802134,0 days 00:00:00.694207,0.45,0.7,2,0.05,0.02,0.6,0.08,6,0.5,20,0.8,-0.39108387647623727,-0.030830266507629607,0.2538171717650998,0.36025360996860767,,COMPLETE
4105,-0.4318124553734489,2026-05-12 17:37:12.828979,2026-05-12 17:37:13.196554,0 days 00:00:00.367575,0.45,0.7,2,0.03,0.02,0.6,0.08,6,0.5,20,0.8,,,,,,PRUNED
4106,-9999.0,2026-05-12 17:37:13.226292,2026-05-12 17:37:13.544305,0 days 00:00:00.318013,0.45,0.7,2,0.05,0.02,0.6,0.08,6,0.7,20,0.8,,,,,BEAR_RATIO < NEUTRAL_RATIO < BULL_RATIO 约束违反: 0.45 / 0.7 / 0.7,COMPLETE
4107,-9999.0,2026-05-12 17:37:13.572126,2026-05-12 17:37:13.877038,0 days 00:00:00.304912,0.25,0.7,4,0.05,0.01,0.45,0.08,3,0.7,5,0.8,,,,,BEAR_RATIO < NEUTRAL_RATIO < BULL_RATIO 约束违反: 0.25 / 0.7 / 0.7,COMPLETE
4108,-0.5960541803040157,2026-05-12 17:37:13.902726,2026-05-12 17:37:17.585546,0 days 00:00:03.682820,0.45,0.9,2,0.03,0.01,0.6,0.08,3,0.5,20,0.5,,,,,,PRUNED
4109,-0.5230356145378956,2026-05-12 17:37:17.610373,2026-05-12 17:37:22.741911,0 days 00:00:05.131538,0.25,0.7,2,0.03,0.02,0.3,0.12,6,0.5,20,0.8,,,,,,PRUNED
4110,-0.6389432063241224,2026-05-12 17:37:22.768473,2026-05-12 17:37:26.366536,0 days 00:00:03.598063,0.25,0.9,3,0.05,0.01,0.3,0.12,3,0.7,20,0.5,,,,,,PRUNED
4111,-0.4800646930772827,2026-05-12 17:37:26.392656,2026-05-12 17:37:29.011543,0 days 00:00:02.618887,0.25,0.7,2,0.03,0.01,0.45,0.08,4,0.6,20,0.8,,,,,,PRUNED
4112,-0.46306597962312557,2026-05-12 17:37:29.040366,2026-05-12 17:37:33.734081,0 days 00:00:04.693715,0.45,0.7,3,0.03,0.01,0.45,0.12,5,0.5,20,0.65,,,,,,PRUNED
4113,-0.6255712826206096,2026-05-12 17:37:33.759144,2026-05-12 17:37:37.294783,0 days 00:00:03.535639,0.45,0.8,2,0.05,0.01,0.45,0.16,3,0.7,20,0.65,,,,,,PRUNED
4114,-0.537260019402361,2026-05-12 17:37:37.321814,2026-05-12 17:37:42.613406,0 days 00:00:05.291592,0.25,0.7,4,0.03,0.01,0.45,0.16,5,0.6,10,0.8,,,,,,PRUNED
4115,-0.5179924623587872,2026-05-12 17:37:42.638785,2026-05-12 17:37:43.227882,0 days 00:00:00.589097,0.45,0.7,2,0.05,0.02,0.6,0.08,6,0.5,20,0.8,-0.39108387647623727,-0.030830266507629607,0.2538171717650998,0.36025360996860767,,COMPLETE
4116,-0.4349786561136505,2026-05-12 17:37:43.259876,2026-05-12 17:37:49.495351,0 days 00:00:06.235475,0.45,0.7,2,0.05,0.02,0.45,0.16,6,0.5,5,0.8,,,,,,PRUNED
4117,-0.5179924623587872,2026-05-12 17:37:49.521341,2026-05-12 17:37:50.106972,0 days 00:00:00.585631,0.45,0.7,2,0.05,0.02,0.6,0.08,6,0.5,20,0.8,-0.39108387647623727,-0.030830266507629607,0.2538171717650998,0.36025360996860767,,COMPLETE
4118,-0.4706803396522975,2026-05-12 17:37:50.133753,2026-05-12 17:37:55.812249,0 days 00:00:05.678496,0.35,0.7,4,0.05,0.01,0.3,0.08,5,0.6,5,0.65,,,,,,PRUNED
4119,-0.5715107846558711,2026-05-12 17:37:55.836072,2026-05-12 17:37:56.224260,0 days 00:00:00.388188,0.45,0.7,2,0.05,0.02,0.6,0.08,3,0.5,20,0.8,,,,,,PRUNED
4120,-0.48747290841681934,2026-05-12 17:37:56.252022,2026-05-12 17:38:00.655361,0 days 00:00:04.403339,0.45,0.7,3,0.03,0.01,0.45,0.16,4,0.6,10,0.5,,,,,,PRUNED
4121,-0.47428021347439403,2026-05-12 17:38:00.680388,2026-05-12 17:38:04.930615,0 days 00:00:04.250227,0.45,0.7,3,0.03,0.01,0.45,0.16,4,0.5,20,0.8,,,,,,PRUNED
4122,-0.5600051151348912,2026-05-12 17:38:04.958906,2026-05-12 17:38:08.710175,0 days 00:00:03.751269,0.45,0.8,2,0.05,0.01,0.45,0.16,3,0.7,10,0.8,,,,,,PRUNED
4123,-0.5182406672588966,2026-05-12 17:38:08.736710,2026-05-12 17:38:09.222852,0 days 00:00:00.486142,0.45,0.7,2,0.05,0.02,0.45,0.08,6,0.5,20,0.8,-0.3910743597599139,-0.030648087966744914,0.25433261499796533,0.360426271793169,,COMPLETE
4124,-0.5212568257466714,2026-05-12 17:38:09.245575,2026-05-12 17:38:14.603024,0 days 00:00:05.357449,0.25,0.8,3,0.03,0.01,0.3,0.12,5,0.5,10,0.8,,,,,,PRUNED
4125,-0.43888171715522156,2026-05-12 17:38:14.622443,2026-05-12 17:38:18.559778,0 days 00:00:03.937335,0.45,0.8,2,0.05,0.02,0.45,0.12,4,0.5,20,0.8,,,,,,PRUNED
4126,-0.4221640008750966,2026-05-12 17:38:18.584830,2026-05-12 17:38:23.453361,0 days 00:00:04.868531,0.45,0.8,3,0.05,0.02,0.6,0.08,6,0.5,20,0.65,,,,,,PRUNED
4127,-0.4242910183560481,2026-05-12 17:38:23.477806,2026-05-12 17:38:23.837141,0 days 00:00:00.359335,0.45,0.7,2,0.05,0.02,0.6,0.08,5,0.5,20,0.8,,,,,,PRUNED
4128,-0.5599814643934223,2026-05-12 17:38:23.862182,2026-05-12 17:38:28.762205,0 days 00:00:04.900023,0.25,0.7,2,0.03,0.02,0.6,0.12,4,0.6,5,0.5,,,,,,PRUNED
4129,-0.5715107846558711,2026-05-12 17:38:28.788763,2026-05-12 17:38:32.184661,0 days 00:00:03.395898,0.45,0.7,2,0.05,0.02,0.45,0.08,3,0.5,20,0.65,,,,,,PRUNED
4130,-0.5123838353659173,2026-05-12 17:38:32.211138,2026-05-12 17:38:35.877907,0 days 00:00:03.666769,0.45,0.7,2,0.05,0.01,0.3,0.08,3,0.5,10,0.8,,,,,,PRUNED
4131,-0.4935759619408858,2026-05-12 17:38:35.901692,2026-05-12 17:38:40.764200,0 days 00:00:04.862508,0.35,0.9,2,0.03,0.01,0.45,0.08,5,0.6,10,0.65,,,,,,PRUNED
4132,-0.5628573420791676,2026-05-12 17:38:40.791651,2026-05-12 17:38:44.490093,0 days 00:00:03.698442,0.25,0.9,3,0.05,0.01,0.3,0.12,3,0.5,10,0.5,,,,,,PRUNED
4133,-0.48883889976630934,2026-05-12 17:38:44.514751,2026-05-12 17:38:48.467702,0 days 00:00:03.952951,0.35,0.9,2,0.03,0.02,0.6,0.12,4,0.5,20,0.65,,,,,,PRUNED
4134,-0.47908405036868246,2026-05-12 17:38:48.494317,2026-05-12 17:38:52.988612,0 days 00:00:04.494295,0.45,0.9,4,0.03,0.02,0.3,0.12,4,0.5,10,0.8,,,,,,PRUNED
4135,-0.5179924623587872,2026-05-12 17:38:53.011991,2026-05-12 17:38:53.582882,0 days 00:00:00.570891,0.45,0.7,2,0.05,0.02,0.6,0.08,6,0.5,20,0.5,-0.39108387647623727,-0.030830266507629607,0.2538171717650998,0.36025360996860767,,COMPLETE
4136,-0.5179924623587872,2026-05-12 17:38:53.609915,2026-05-12 17:38:54.145838,0 days 00:00:00.535923,0.45,0.7,2,0.05,0.02,0.6,0.08,6,0.5,20,0.8,-0.39108387647623727,-0.030830266507629607,0.2538171717650998,0.36025360996860767,,COMPLETE
4137,-0.5382467474204629,2026-05-12 17:38:54.171097,2026-05-12 17:38:56.569178,0 days 00:00:02.398081,0.25,0.7,2,0.05,0.01,0.3,0.08,3,0.5,10,0.65,,,,,,PRUNED
4138,-0.5179924623587872,2026-05-12 17:38:56.612024,2026-05-12 17:38:57.145404,0 days 00:00:00.533380,0.45,0.7,2,0.05,0.02,0.6,0.08,6,0.5,20,0.8,-0.39108387647623727,-0.030830266507629607,0.2538171717650998,0.36025360996860767,,COMPLETE
4139,-0.5179924623587872,2026-05-12 17:38:57.170316,2026-05-12 17:38:57.711984,0 days 00:00:00.541668,0.45,0.7,2,0.05,0.02,0.6,0.08,6,0.5,20,0.8,-0.39108387647623727,-0.030830266507629607,0.2538171717650998,0.36025360996860767,,COMPLETE
4140,-0.410125315542252,2026-05-12 17:38:57.738657,2026-05-12 17:38:58.082467,0 days 00:00:00.343810,0.45,0.7,4,0.05,0.02,0.6,0.08,6,0.5,20,0.8,,,,,,PRUNED
4141,-0.5179924623587872,2026-05-12 17:38:58.107702,2026-05-12 17:38:58.635459,0 days 00:00:00.527757,0.45,0.7,2,0.05,0.02,0.6,0.08,6,0.5,20,0.65,-0.39108387647623727,-0.030830266507629607,0.2538171717650998,0.36025360996860767,,COMPLETE
4142,-0.5895806494323612,2026-05-12 17:38:58.663516,2026-05-12 17:39:02.357315,0 days 00:00:03.693799,0.35,0.9,2,0.03,0.01,0.45,0.12,3,0.7,10,0.65,,,,,,PRUNED
4143,-0.5045064593263818,2026-05-12 17:39:02.381793,2026-05-12 17:39:07.773838,0 days 00:00:05.392045,0.45,0.8,3,0.03,0.02,0.45,0.16,6,0.6,10,0.65,,,,,,PRUNED
4144,-0.6048375076391421,2026-05-12 17:39:07.800503,2026-05-12 17:39:12.390809,0 days 00:00:04.590306,0.45,0.9,2,0.05,0.02,0.6,0.08,3,0.6,20,0.8,,,,,,PRUNED
4145,-0.5179924623587872,2026-05-12 17:39:12.418134,2026-05-12 17:39:13.015775,0 days 00:00:00.597641,0.45,0.7,2,0.05,0.02,0.6,0.08,6,0.5,20,0.8,-0.39108387647623727,-0.030830266507629607,0.2538171717650998,0.36025360996860767,,COMPLETE
4146,-0.4605102609999123,2026-05-12 17:39:13.045550,2026-05-12 17:39:18.242863,0 days 00:00:05.197313,0.45,0.9,2,0.05,0.02,0.45,0.08,6,0.7,20,0.8,,,,,,PRUNED
4147,-0.5179924623587872,2026-05-12 17:39:18.270952,2026-05-12 17:39:18.872421,0 days 00:00:00.601469,0.45,0.7,2,0.05,0.02,0.6,0.08,6,0.5,20,0.8,-0.39108387647623727,-0.030830266507629607,0.2538171717650998,0.36025360996860767,,COMPLETE
4148,-0.519922585580791,2026-05-12 17:39:18.899720,2026-05-12 17:39:23.465877,0 days 00:00:04.566157,0.25,0.8,4,0.03,0.02,0.3,0.12,4,0.7,10,0.8,,,,,,PRUNED
4149,-0.4194511448045569,2026-05-12 17:39:23.492116,2026-05-12 17:39:23.890207,0 days 00:00:00.398091,0.45,0.7,2,0.05,0.02,0.6,0.12,6,0.5,20,0.8,,,,,,PRUNED
4150,-0.4309812888470534,2026-05-12 17:39:23.915224,2026-05-12 17:39:26.752068,0 days 00:00:02.836844,0.45,0.8,2,0.05,0.01,0.6,0.08,4,0.5,20,0.8,,,,,,PRUNED
4151,-0.4100386278766106,2026-05-12 17:39:26.778804,2026-05-12 17:39:27.146295,0 days 00:00:00.367491,0.45,0.7,2,0.05,0.02,0.3,0.08,6,0.5,20,0.65,,,,,,PRUNED
4152,-0.5179924623587872,2026-05-12 17:39:27.188956,2026-05-12 17:39:27.761610,0 days 00:00:00.572654,0.45,0.7,2,0.05,0.02,0.6,0.08,6,0.5,20,0.8,-0.39108387647623727,-0.030830266507629607,0.2538171717650998,0.36025360996860767,,COMPLETE
4153,-0.5598818688743136,2026-05-12 17:39:27.790230,2026-05-12 17:39:33.453693,0 days 00:00:05.663463,0.25,0.9,2,0.03,0.01,0.45,0.08,5,0.7,5,0.8,,,,,,PRUNED
4154,-0.5494166119575059,2026-05-12 17:39:33.479539,2026-05-12 17:39:39.445378,0 days 00:00:05.965839,0.25,0.8,4,0.05,0.02,0.6,0.12,6,0.7,5,0.5,,,,,,PRUNED
4155,-0.650106004817805,2026-05-12 17:39:39.473125,2026-05-12 17:39:43.004291,0 days 00:00:03.531166,0.35,0.9,4,0.03,0.02,0.3,0.16,3,0.6,20,0.65,,,,,,PRUNED
4156,-0.4115748956289856,2026-05-12 17:39:43.035751,2026-05-12 17:39:47.959329,0 days 00:00:04.923578,0.45,0.7,4,0.05,0.02,0.6,0.08,6,0.5,10,0.5,,,,,,PRUNED
4157,-0.4890807792657871,2026-05-12 17:39:47.982129,2026-05-12 17:39:52.929178,0 days 00:00:04.947049,0.35,0.8,2,0.05,0.02,0.3,0.12,5,0.6,5,0.5,,,,,,PRUNED
4158,-0.5179924623587872,2026-05-12 17:39:52.950089,2026-05-12 17:39:53.368020,0 days 00:00:00.417931,0.45,0.7,2,0.05,0.02,0.6,0.08,6,0.5,20,0.8,-0.39108387647623727,-0.030830266507629607,0.2538171717650998,0.36025360996860767,,COMPLETE
4159,-0.5179924623587872,2026-05-12 17:39:53.389736,2026-05-12 17:39:53.815516,0 days 00:00:00.425780,0.45,0.7,2,0.05,0.02,0.6,0.08,6,0.5,20,0.8,-0.39108387647623727,-0.030830266507629607,0.2538171717650998,0.36025360996860767,,COMPLETE
4160,-0.6015144873736732,2026-05-12 17:39:53.837766,2026-05-12 17:39:59.449423,0 days 00:00:05.611657,0.25,0.9,2,0.03,0.01,0.45,0.16,6,0.6,5,0.65,,,,,,PRUNED
4161,-0.4295072137177389,2026-05-12 17:39:59.475209,2026-05-12 17:40:05.175268,0 days 00:00:05.700059,0.45,0.8,2,0.05,0.01,0.6,0.08,5,0.5,5,0.8,,,,,,PRUNED
4162,-0.43588278815153436,2026-05-12 17:40:05.201490,2026-05-12 17:40:09.491397,0 days 00:00:04.289907,0.35,0.7,2,0.05,0.02,0.6,0.08,4,0.5,20,0.65,,,,,,PRUNED
4163,-0.5179924623587872,2026-05-12 17:40:09.516963,2026-05-12 17:40:10.100118,0 days 00:00:00.583155,0.45,0.7,2,0.05,0.01,0.6,0.08,6,0.5,20,0.8,-0.39108387647623727,-0.030830266507629607,0.2538171717650998,0.36025360996860767,,COMPLETE
4164,-0.4092788272711371,2026-05-12 17:40:10.128317,2026-05-12 17:40:10.509859,0 days 00:00:00.381542,0.45,0.7,3,0.05,0.02,0.6,0.08,6,0.5,20,0.8,,,,,,PRUNED
4165,-0.45724561911924166,2026-05-12 17:40:10.540681,2026-05-12 17:40:15.675742,0 days 00:00:05.135061,0.35,0.9,4,0.05,0.01,0.45,0.08,4,0.5,20,0.8,,,,,,PRUNED
4166,-0.46711494786126795,2026-05-12 17:40:15.702751,2026-05-12 17:40:20.939041,0 days 00:00:05.236290,0.45,0.7,3,0.05,0.01,0.3,0.08,4,0.5,5,0.65,,,,,,PRUNED
4167,-0.6582511255067731,2026-05-12 17:40:20.964272,2026-05-12 17:40:24.517175,0 days 00:00:03.552903,0.25,0.9,4,0.03,0.01,0.3,0.12,3,0.7,20,0.65,,,,,,PRUNED
4168,-0.5179924623587872,2026-05-12 17:40:24.539089,2026-05-12 17:40:25.012321,0 days 00:00:00.473232,0.45,0.7,2,0.05,0.02,0.6,0.08,6,0.5,20,0.8,-0.39108387647623727,-0.030830266507629607,0.2538171717650998,0.36025360996860767,,COMPLETE
4169,-0.42357363260304626,2026-05-12 17:40:25.034652,2026-05-12 17:40:25.343699,0 days 00:00:00.309047,0.45,0.7,2,0.05,0.02,0.6,0.08,6,0.6,20,0.8,,,,,,PRUNED
4170,-0.5206085441666121,2026-05-12 17:40:25.364629,2026-05-12 17:40:29.268162,0 days 00:00:03.903533,0.25,0.9,3,0.03,0.02,0.6,0.12,4,0.7,20,0.65,,,,,,PRUNED
4171,-0.4082686481911698,2026-05-12 17:40:29.290413,2026-05-12 17:40:34.279816,0 days 00:00:04.989403,0.45,0.7,2,0.05,0.01,0.45,0.08,6,0.5,10,0.65,,,,,,PRUNED
4172,-0.44716794703127094,2026-05-12 17:40:34.302090,2026-05-12 17:40:38.722902,0 days 00:00:04.420812,0.45,0.9,3,0.05,0.01,0.3,0.12,6,0.5,20,0.5,,,,,,PRUNED
4173,-0.5179924623587872,2026-05-12 17:40:38.745677,2026-05-12 17:40:39.216983,0 days 00:00:00.471306,0.45,0.7,2,0.05,0.02,0.6,0.08,6,0.5,20,0.8,-0.39108387647623727,-0.030830266507629607,0.2538171717650998,0.36025360996860767,,COMPLETE
4174,-0.4853062740276091,2026-05-12 17:40:39.239284,2026-05-12 17:40:44.014522,0 days 00:00:04.775238,0.45,0.9,3,0.03,0.01,0.3,0.08,6,0.7,20,0.5,,,,,,PRUNED
4175,-0.49830573008248047,2026-05-12 17:40:44.040715,2026-05-12 17:40:49.120319,0 days 00:00:05.079604,0.25,0.8,2,0.05,0.01,0.3,0.08,6,0.6,10,0.8,,,,,,PRUNED
