number,value,datetime_start,datetime_complete,duration,params_BEAR_RATIO,params_BULL_RATIO,params_GRID_MAX_LAYER,params_GRID_STEP_MAX,params_GRID_STEP_MIN,params_GRID_STEP_VOL_FACTOR,params_LAYER_FRACTION,params_MAX_HOLD,params_NEUTRAL_RATIO,params_REBALANCE_FREQ,params_VOL_WEIGHT,user_attrs_avg_test_score,user_attrs_avg_train_score,user_attrs_test_score_std,user_attrs_train_test_gap,user_attrs_validation_error,state
7237,-0.4540606325167463,2026-05-12 20:14:36.701518,2026-05-12 20:14:39.777029,0 days 00:00:03.075511,0.45,0.8,3,0.05,0.02,0.45,0.16,5,0.5,20,0.5,,,,,,PRUNED
7238,-0.43223096142417294,2026-05-12 20:14:39.805483,2026-05-12 20:14:40.199124,0 days 00:00:00.393641,0.45,0.9,2,0.05,0.01,0.6,0.08,6,0.5,20,0.8,,,,,,PRUNED
7239,-0.5179924623587872,2026-05-12 20:14:40.229772,2026-05-12 20:14:40.812422,0 days 00:00:00.582650,0.45,0.7,2,0.05,0.02,0.6,0.08,6,0.5,20,0.8,-0.39108387647623727,-0.030830266507629607,0.2538171717650998,0.36025360996860767,,COMPLETE
7240,-9999.0,2026-05-12 20:14:40.842859,2026-05-12 20:14:41.210093,0 days 00:00:00.367234,0.45,0.7,4,0.03,0.01,0.6,0.16,5,0.7,20,0.65,,,,,BEAR_RATIO < NEUTRAL_RATIO < BULL_RATIO 约束违反: 0.45 / 0.7 / 0.7,COMPLETE
7241,-0.5747206739962931,2026-05-12 20:14:41.242511,2026-05-12 20:14:46.567605,0 days 00:00:05.325094,0.25,0.7,4,0.03,0.01,0.45,0.16,4,0.6,5,0.8,,,,,,PRUNED
7242,-9999.0,2026-05-12 20:14:46.596291,2026-05-12 20:14:46.940451,0 days 00:00:00.344160,0.45,0.7,2,0.05,0.02,0.3,0.16,4,0.7,20,0.8,,,,,BEAR_RATIO < NEUTRAL_RATIO < BULL_RATIO 约束违反: 0.45 / 0.7 / 0.7,COMPLETE
7243,-0.4092788272711371,2026-05-12 20:14:46.967369,2026-05-12 20:14:47.346379,0 days 00:00:00.379010,0.45,0.7,3,0.05,0.02,0.6,0.08,6,0.5,20,0.8,,,,,,PRUNED
7244,-0.5179924623587872,2026-05-12 20:14:47.372226,2026-05-12 20:14:47.947277,0 days 00:00:00.575051,0.45,0.7,2,0.05,0.02,0.6,0.08,6,0.5,20,0.8,-0.39108387647623727,-0.030830266507629607,0.2538171717650998,0.36025360996860767,,COMPLETE
7245,-0.4788134082732157,2026-05-12 20:14:47.974772,2026-05-12 20:14:53.479830,0 days 00:00:05.505058,0.45,0.7,4,0.03,0.01,0.3,0.16,6,0.5,10,0.65,,,,,,PRUNED
7246,-0.5182406672588966,2026-05-12 20:14:53.507725,2026-05-12 20:14:54.134072,0 days 00:00:00.626347,0.45,0.7,2,0.05,0.01,0.45,0.08,6,0.5,20,0.65,-0.3910743597599139,-0.030648087966744914,0.25433261499796533,0.360426271793169,,COMPLETE
7247,-0.47782979868530795,2026-05-12 20:14:54.179957,2026-05-12 20:14:58.613888,0 days 00:00:04.433931,0.35,0.9,3,0.03,0.01,0.45,0.08,4,0.5,10,0.65,,,,,,PRUNED
7248,-0.5003938209856933,2026-05-12 20:14:58.642732,2026-05-12 20:15:03.497561,0 days 00:00:04.854829,0.45,0.9,4,0.05,0.02,0.45,0.16,5,0.7,20,0.5,,,,,,PRUNED
7249,-0.4278019617453936,2026-05-12 20:15:03.528301,2026-05-12 20:15:07.575406,0 days 00:00:04.047105,0.45,0.7,2,0.05,0.01,0.6,0.08,4,0.5,10,0.5,,,,,,PRUNED
7250,-0.49471599561054624,2026-05-12 20:15:07.606302,2026-05-12 20:15:12.677500,0 days 00:00:05.071198,0.45,0.8,2,0.03,0.02,0.3,0.12,5,0.7,10,0.8,,,,,,PRUNED
7251,-0.5179924623587872,2026-05-12 20:15:12.706092,2026-05-12 20:15:13.339394,0 days 00:00:00.633302,0.45,0.7,2,0.05,0.02,0.6,0.08,6,0.5,20,0.8,-0.39108387647623727,-0.030830266507629607,0.2538171717650998,0.36025360996860767,,COMPLETE
7252,-0.5640641103791764,2026-05-12 20:15:13.366889,2026-05-12 20:15:18.650792,0 days 00:00:05.283903,0.25,0.9,4,0.05,0.01,0.3,0.16,4,0.5,5,0.65,,,,,,PRUNED
7253,-0.5179924623587872,2026-05-12 20:15:18.674526,2026-05-12 20:15:19.197279,0 days 00:00:00.522753,0.45,0.7,2,0.05,0.02,0.6,0.08,6,0.5,20,0.8,-0.39108387647623727,-0.030830266507629607,0.2538171717650998,0.36025360996860767,,COMPLETE
7254,-0.6193136168557924,2026-05-12 20:15:19.224329,2026-05-12 20:15:22.700633,0 days 00:00:03.476304,0.45,0.8,3,0.03,0.01,0.45,0.12,3,0.6,20,0.65,,,,,,PRUNED
7255,-0.528242549619417,2026-05-12 20:15:22.729834,2026-05-12 20:15:27.880344,0 days 00:00:05.150510,0.25,0.9,3,0.03,0.01,0.45,0.08,5,0.7,10,0.5,,,,,,PRUNED
7256,-0.5179924623587872,2026-05-12 20:15:27.907296,2026-05-12 20:15:28.526240,0 days 00:00:00.618944,0.45,0.7,2,0.05,0.02,0.6,0.08,6,0.5,20,0.8,-0.39108387647623727,-0.030830266507629607,0.2538171717650998,0.36025360996860767,,COMPLETE
7257,-0.5179924623587872,2026-05-12 20:15:28.552285,2026-05-12 20:15:29.166309,0 days 00:00:00.614024,0.45,0.7,2,0.05,0.02,0.6,0.08,6,0.5,20,0.8,-0.39108387647623727,-0.030830266507629607,0.2538171717650998,0.36025360996860767,,COMPLETE
7258,-0.6017855015036666,2026-05-12 20:15:29.194779,2026-05-12 20:15:32.920102,0 days 00:00:03.725323,0.45,0.7,3,0.03,0.01,0.6,0.08,3,0.6,20,0.65,,,,,,PRUNED
7259,-0.5495955130114868,2026-05-12 20:15:32.949739,2026-05-12 20:15:36.903376,0 days 00:00:03.953637,0.25,0.7,4,0.05,0.02,0.3,0.12,3,0.5,10,0.5,,,,,,PRUNED
7260,-0.5121756039523394,2026-05-12 20:15:37.113721,2026-05-12 20:15:41.173246,0 days 00:00:04.059525,0.25,0.9,3,0.05,0.01,0.3,0.08,6,0.6,20,0.8,,,,,,PRUNED
7261,-0.42357363260304626,2026-05-12 20:15:41.201348,2026-05-12 20:15:41.590488,0 days 00:00:00.389140,0.45,0.7,2,0.05,0.02,0.6,0.08,6,0.6,20,0.8,,,,,,PRUNED
7262,-0.4213231947291116,2026-05-12 20:15:41.616486,2026-05-12 20:15:42.021713,0 days 00:00:00.405227,0.45,0.7,2,0.05,0.02,0.6,0.08,4,0.5,20,0.8,,,,,,PRUNED
7263,-0.6074366588420526,2026-05-12 20:15:42.050787,2026-05-12 20:15:45.585214,0 days 00:00:03.534427,0.45,0.8,3,0.03,0.01,0.45,0.16,3,0.5,20,0.5,,,,,,PRUNED
7264,-0.45421602762671914,2026-05-12 20:15:45.613601,2026-05-12 20:15:50.858942,0 days 00:00:05.245341,0.45,0.9,3,0.05,0.02,0.45,0.16,5,0.5,10,0.8,,,,,,PRUNED
7265,-0.6410154728178997,2026-05-12 20:15:50.888476,2026-05-12 20:15:54.407614,0 days 00:00:03.519138,0.25,0.8,4,0.03,0.02,0.3,0.16,3,0.5,20,0.8,,,,,,PRUNED
7266,-0.5179924623587872,2026-05-12 20:15:54.437360,2026-05-12 20:15:55.100427,0 days 00:00:00.663067,0.45,0.7,2,0.05,0.02,0.6,0.08,6,0.5,20,0.8,-0.39108387647623727,-0.030830266507629607,0.2538171717650998,0.36025360996860767,,COMPLETE
7267,-0.5179924623587872,2026-05-12 20:15:55.130857,2026-05-12 20:15:55.756149,0 days 00:00:00.625292,0.45,0.7,2,0.05,0.01,0.6,0.08,6,0.5,20,0.8,-0.39108387647623727,-0.030830266507629607,0.2538171717650998,0.36025360996860767,,COMPLETE
7268,-0.5179924623587872,2026-05-12 20:15:55.785484,2026-05-12 20:15:56.530377,0 days 00:00:00.744893,0.45,0.7,2,0.05,0.02,0.6,0.08,6,0.5,20,0.8,-0.39108387647623727,-0.030830266507629607,0.2538171717650998,0.36025360996860767,,COMPLETE
7269,-0.4877542213262602,2026-05-12 20:15:56.560183,2026-05-12 20:16:01.466088,0 days 00:00:04.905905,0.25,0.7,2,0.05,0.01,0.3,0.08,6,0.6,20,0.8,,,,,,PRUNED
7270,-0.5179924623587872,2026-05-12 20:16:01.493364,2026-05-12 20:16:02.148361,0 days 00:00:00.654997,0.45,0.7,2,0.05,0.02,0.6,0.08,6,0.5,20,0.8,-0.39108387647623727,-0.030830266507629607,0.2538171717650998,0.36025360996860767,,COMPLETE
7271,-0.5179924623587872,2026-05-12 20:16:02.176326,2026-05-12 20:16:02.831289,0 days 00:00:00.654963,0.45,0.7,2,0.05,0.02,0.6,0.08,6,0.5,20,0.8,-0.39108387647623727,-0.030830266507629607,0.2538171717650998,0.36025360996860767,,COMPLETE
7272,-0.4556310257390914,2026-05-12 20:16:02.859985,2026-05-12 20:16:08.277958,0 days 00:00:05.417973,0.45,0.7,2,0.03,0.01,0.6,0.12,6,0.5,10,0.5,,,,,,PRUNED
7273,-0.5452703622745726,2026-05-12 20:16:08.306128,2026-05-12 20:16:13.770050,0 days 00:00:05.463922,0.25,0.8,2,0.05,0.01,0.6,0.16,6,0.6,5,0.5,,,,,,PRUNED
7274,-0.47441457244516044,2026-05-12 20:16:13.800987,2026-05-12 20:16:14.229947,0 days 00:00:00.428960,0.25,0.7,2,0.05,0.02,0.6,0.08,6,0.5,20,0.8,,,,,,PRUNED
7275,-0.5730142554282438,2026-05-12 20:16:14.257953,2026-05-12 20:16:18.019752,0 days 00:00:03.761799,0.25,0.7,2,0.03,0.02,0.3,0.12,3,0.6,10,0.8,,,,,,PRUNED
7276,-0.4958640496042197,2026-05-12 20:16:18.048178,2026-05-12 20:16:24.168371,0 days 00:00:06.120193,0.45,0.8,2,0.03,0.02,0.3,0.12,6,0.6,5,0.5,,,,,,PRUNED
7277,-0.4092137988646166,2026-05-12 20:16:24.216982,2026-05-12 20:16:24.614261,0 days 00:00:00.397279,0.45,0.7,2,0.05,0.02,0.6,0.08,6,0.5,10,0.8,,,,,,PRUNED
7278,-0.5179924623587872,2026-05-12 20:16:24.641687,2026-05-12 20:16:25.151109,0 days 00:00:00.509422,0.45,0.7,2,0.05,0.02,0.6,0.08,6,0.5,20,0.8,-0.39108387647623727,-0.030830266507629607,0.2538171717650998,0.36025360996860767,,COMPLETE
7279,-0.456107760323992,2026-05-12 20:16:25.174387,2026-05-12 20:16:31.014031,0 days 00:00:05.839644,0.45,0.7,3,0.03,0.02,0.45,0.08,5,0.6,5,0.65,,,,,,PRUNED
7280,-0.47625803588816795,2026-05-12 20:16:31.043740,2026-05-12 20:16:35.493698,0 days 00:00:04.449958,0.25,0.7,4,0.05,0.01,0.3,0.08,4,0.6,10,0.65,,,,,,PRUNED
7281,-0.46918538125309484,2026-05-12 20:16:35.522427,2026-05-12 20:16:40.940326,0 days 00:00:05.417899,0.45,0.9,4,0.05,0.02,0.3,0.12,6,0.6,10,0.65,,,,,,PRUNED
7282,-0.5583804610475065,2026-05-12 20:16:40.968932,2026-05-12 20:16:44.866120,0 days 00:00:03.897188,0.25,0.7,4,0.05,0.01,0.3,0.12,3,0.6,10,0.5,,,,,,PRUNED
7283,-0.5179924623587872,2026-05-12 20:16:44.896194,2026-05-12 20:16:45.533039,0 days 00:00:00.636845,0.45,0.7,2,0.05,0.02,0.6,0.08,6,0.5,20,0.8,-0.39108387647623727,-0.030830266507629607,0.2538171717650998,0.36025360996860767,,COMPLETE
7284,-0.5855496147753049,2026-05-12 20:16:45.562052,2026-05-12 20:16:49.128561,0 days 00:00:03.566509,0.45,0.9,2,0.05,0.02,0.45,0.08,3,0.5,20,0.8,,,,,,PRUNED
7285,-0.5840285560688547,2026-05-12 20:16:49.156448,2026-05-12 20:16:53.057120,0 days 00:00:03.900672,0.25,0.8,2,0.03,0.02,0.6,0.16,3,0.5,10,0.8,,,,,,PRUNED
7286,-0.445994209064194,2026-05-12 20:16:53.083769,2026-05-12 20:16:57.207539,0 days 00:00:04.123770,0.45,0.7,3,0.05,0.01,0.6,0.12,4,0.6,20,0.8,,,,,,PRUNED
7287,-0.49370989018570866,2026-05-12 20:16:57.232151,2026-05-12 20:17:02.999262,0 days 00:00:05.767111,0.45,0.7,4,0.03,0.02,0.6,0.16,5,0.6,5,0.65,,,,,,PRUNED
7288,-0.5662735557516128,2026-05-12 20:17:03.028218,2026-05-12 20:17:06.746641,0 days 00:00:03.718423,0.25,0.9,2,0.03,0.02,0.6,0.08,3,0.5,10,0.8,,,,,,PRUNED
7289,-0.47698443468397,2026-05-12 20:17:06.773079,2026-05-12 20:17:12.564668,0 days 00:00:05.791589,0.35,0.8,2,0.05,0.02,0.3,0.08,6,0.7,20,0.8,,,,,,PRUNED
7290,-0.6104937019835731,2026-05-12 20:17:12.600204,2026-05-12 20:17:15.898855,0 days 00:00:03.298651,0.35,0.7,3,0.03,0.01,0.6,0.08,3,0.6,20,0.8,,,,,,PRUNED
7291,-0.5465721533860087,2026-05-12 20:17:15.924713,2026-05-12 20:17:17.928394,0 days 00:00:02.003681,0.25,0.8,3,0.05,0.01,0.3,0.08,4,0.6,5,0.5,,,,,,PRUNED
7292,-0.4296411080598753,2026-05-12 20:17:17.952185,2026-05-12 20:17:18.328650,0 days 00:00:00.376465,0.45,0.7,2,0.05,0.02,0.6,0.16,6,0.5,20,0.8,,,,,,PRUNED
7293,-9999.0,2026-05-12 20:17:18.353636,2026-05-12 20:17:18.664260,0 days 00:00:00.310624,0.45,0.7,2,0.03,0.02,0.45,0.08,6,0.7,20,0.8,,,,,BEAR_RATIO < NEUTRAL_RATIO < BULL_RATIO 约束违反: 0.45 / 0.7 / 0.7,COMPLETE
7294,-0.4740239335800951,2026-05-12 20:17:18.688624,2026-05-12 20:17:22.714066,0 days 00:00:04.025442,0.45,0.7,3,0.03,0.01,0.3,0.12,4,0.6,10,0.8,,,,,,PRUNED
7295,-0.6286798056692318,2026-05-12 20:17:22.737401,2026-05-12 20:17:25.894080,0 days 00:00:03.156679,0.25,0.7,2,0.03,0.01,0.6,0.16,3,0.5,20,0.8,,,,,,PRUNED
7296,-0.5118603281515867,2026-05-12 20:17:25.918813,2026-05-12 20:17:31.143553,0 days 00:00:05.224740,0.35,0.9,4,0.03,0.01,0.3,0.08,5,0.6,5,0.8,,,,,,PRUNED
7297,-9999.0,2026-05-12 20:17:31.169654,2026-05-12 20:17:31.516226,0 days 00:00:00.346572,0.35,0.7,4,0.05,0.02,0.45,0.08,4,0.7,5,0.5,,,,,BEAR_RATIO < NEUTRAL_RATIO < BULL_RATIO 约束违反: 0.35 / 0.7 / 0.7,COMPLETE
7298,-0.4654514166947451,2026-05-12 20:17:31.542891,2026-05-12 20:17:36.475474,0 days 00:00:04.932583,0.45,0.8,4,0.05,0.02,0.3,0.16,5,0.6,10,0.8,,,,,,PRUNED
7299,-0.41425741193738236,2026-05-12 20:17:36.505908,2026-05-12 20:17:36.908886,0 days 00:00:00.402978,0.45,0.7,2,0.05,0.02,0.6,0.08,6,0.5,5,0.8,,,,,,PRUNED
7300,-0.5137556679960779,2026-05-12 20:17:36.938385,2026-05-12 20:17:41.188988,0 days 00:00:04.250603,0.35,0.8,4,0.03,0.02,0.6,0.16,4,0.6,20,0.65,,,,,,PRUNED
7301,-0.4100386278766106,2026-05-12 20:17:41.220062,2026-05-12 20:17:41.663072,0 days 00:00:00.443010,0.45,0.7,2,0.05,0.02,0.3,0.08,6,0.5,20,0.8,,,,,,PRUNED
7302,-0.5197582963745941,2026-05-12 20:17:41.691695,2026-05-12 20:17:48.192382,0 days 00:00:06.500687,0.35,0.9,3,0.05,0.01,0.6,0.12,5,0.7,5,0.5,,,,,,PRUNED
7303,-0.6235290333184342,2026-05-12 20:17:48.225138,2026-05-12 20:17:51.952057,0 days 00:00:03.726919,0.45,0.7,2,0.03,0.01,0.3,0.16,3,0.6,20,0.65,,,,,,PRUNED
7304,-0.5179924623587872,2026-05-12 20:17:51.981119,2026-05-12 20:17:52.633721,0 days 00:00:00.652602,0.45,0.7,2,0.05,0.02,0.6,0.08,6,0.5,20,0.8,-0.39108387647623727,-0.030830266507629607,0.2538171717650998,0.36025360996860767,,COMPLETE
7305,-0.5934050432003481,2026-05-12 20:17:52.661564,2026-05-12 20:17:57.992919,0 days 00:00:05.331355,0.25,0.9,4,0.03,0.02,0.6,0.12,4,0.7,5,0.65,,,,,,PRUNED
7306,-0.45468510958988984,2026-05-12 20:17:58.022394,2026-05-12 20:18:02.384489,0 days 00:00:04.362095,0.35,0.7,3,0.05,0.01,0.6,0.16,4,0.5,20,0.8,,,,,,PRUNED
7307,-0.4839664465368904,2026-05-12 20:18:02.416778,2026-05-12 20:18:07.400694,0 days 00:00:04.983916,0.35,0.7,4,0.03,0.02,0.3,0.12,6,0.5,20,0.65,,,,,,PRUNED
7308,-0.44316969461076755,2026-05-12 20:18:07.427068,2026-05-12 20:18:12.672420,0 days 00:00:05.245352,0.45,0.7,2,0.05,0.01,0.45,0.08,4,0.6,10,0.5,,,,,,PRUNED
7309,-0.5179924623587872,2026-05-12 20:18:12.698168,2026-05-12 20:18:13.311618,0 days 00:00:00.613450,0.45,0.7,2,0.05,0.02,0.6,0.08,6,0.5,20,0.8,-0.39108387647623727,-0.030830266507629607,0.2538171717650998,0.36025360996860767,,COMPLETE
7310,-0.42056632138184724,2026-05-12 20:18:13.349492,2026-05-12 20:18:13.773759,0 days 00:00:00.424267,0.45,0.8,2,0.05,0.02,0.6,0.08,6,0.5,20,0.8,,,,,,PRUNED
7311,-9999.0,2026-05-12 20:18:13.799927,2026-05-12 20:18:14.124976,0 days 00:00:00.325049,0.35,0.7,3,0.05,0.02,0.6,0.08,4,0.7,10,0.65,,,,,BEAR_RATIO < NEUTRAL_RATIO < BULL_RATIO 约束违反: 0.35 / 0.7 / 0.7,COMPLETE
7312,-0.5174216246168788,2026-05-12 20:18:14.151681,2026-05-12 20:18:18.085968,0 days 00:00:03.934287,0.45,0.9,3,0.03,0.02,0.45,0.16,4,0.7,20,0.65,,,,,,PRUNED
7313,-0.6346284209087927,2026-05-12 20:18:18.110959,2026-05-12 20:18:21.530564,0 days 00:00:03.419605,0.25,0.9,3,0.05,0.01,0.45,0.16,3,0.6,20,0.5,,,,,,PRUNED
7314,-0.6038842619776214,2026-05-12 20:18:21.559857,2026-05-12 20:18:25.001307,0 days 00:00:03.441450,0.45,0.7,3,0.05,0.02,0.45,0.16,3,0.6,20,0.65,,,,,,PRUNED
7315,-9999.0,2026-05-12 20:18:25.029929,2026-05-12 20:18:25.393223,0 days 00:00:00.363294,0.25,0.7,4,0.05,0.01,0.6,0.16,3,0.7,10,0.5,,,,,BEAR_RATIO < NEUTRAL_RATIO < BULL_RATIO 约束违反: 0.25 / 0.7 / 0.7,COMPLETE
7316,-9999.0,2026-05-12 20:18:25.422195,2026-05-12 20:18:25.758391,0 days 00:00:00.336196,0.25,0.7,3,0.03,0.02,0.6,0.12,3,0.7,20,0.8,,,,,BEAR_RATIO < NEUTRAL_RATIO < BULL_RATIO 约束违反: 0.25 / 0.7 / 0.7,COMPLETE
7317,-0.50756903595762,2026-05-12 20:18:25.798871,2026-05-12 20:18:29.830181,0 days 00:00:04.031310,0.25,0.7,3,0.03,0.01,0.6,0.16,4,0.5,20,0.8,,,,,,PRUNED
7318,-0.5486638297337495,2026-05-12 20:18:29.858781,2026-05-12 20:18:34.048979,0 days 00:00:04.190198,0.25,0.7,2,0.03,0.01,0.45,0.16,5,0.5,5,0.5,,,,,,PRUNED
7319,-0.47384578509168157,2026-05-12 20:18:34.080336,2026-05-12 20:18:38.837096,0 days 00:00:04.756760,0.35,0.9,4,0.05,0.01,0.45,0.08,5,0.5,20,0.5,,,,,,PRUNED
7320,-0.5688705152947992,2026-05-12 20:18:38.866790,2026-05-12 20:18:43.901949,0 days 00:00:05.035159,0.35,0.8,3,0.03,0.02,0.45,0.16,4,0.7,5,0.5,,,,,,PRUNED
7321,-0.5179924623587872,2026-05-12 20:18:43.927453,2026-05-12 20:18:44.574319,0 days 00:00:00.646866,0.45,0.7,2,0.05,0.02,0.6,0.08,6,0.5,20,0.8,-0.39108387647623727,-0.030830266507629607,0.2538171717650998,0.36025360996860767,,COMPLETE
7322,-0.5638336370131831,2026-05-12 20:18:44.606902,2026-05-12 20:18:49.976922,0 days 00:00:05.370020,0.25,0.9,3,0.03,0.01,0.6,0.16,5,0.7,10,0.8,,,,,,PRUNED
7323,-0.43333909441165963,2026-05-12 20:18:50.032028,2026-05-12 20:18:50.478276,0 days 00:00:00.446248,0.35,0.7,2,0.05,0.02,0.6,0.08,6,0.5,20,0.8,,,,,,PRUNED
7324,-0.5179924623587872,2026-05-12 20:18:50.509259,2026-05-12 20:18:51.161408,0 days 00:00:00.652149,0.45,0.7,2,0.05,0.02,0.6,0.08,6,0.5,20,0.8,-0.39108387647623727,-0.030830266507629607,0.2538171717650998,0.36025360996860767,,COMPLETE
7325,-0.4318124553734489,2026-05-12 20:18:51.191291,2026-05-12 20:18:51.662442,0 days 00:00:00.471151,0.45,0.7,2,0.03,0.01,0.6,0.08,6,0.5,20,0.8,,,,,,PRUNED
7326,-0.43223096142417294,2026-05-12 20:18:51.691156,2026-05-12 20:18:52.136120,0 days 00:00:00.444964,0.45,0.9,2,0.05,0.02,0.6,0.08,6,0.5,20,0.8,,,,,,PRUNED
7327,-0.5739853679128459,2026-05-12 20:18:52.168625,2026-05-12 20:18:55.818182,0 days 00:00:03.649557,0.45,0.7,4,0.05,0.02,0.6,0.08,3,0.5,20,0.5,,,,,,PRUNED
7328,-0.47131601447935834,2026-05-12 20:18:55.847038,2026-05-12 20:19:00.441003,0 days 00:00:04.593965,0.45,0.8,4,0.03,0.01,0.3,0.08,4,0.6,10,0.5,,,,,,PRUNED
7329,-0.5003708432237588,2026-05-12 20:19:00.465149,2026-05-12 20:19:04.731444,0 days 00:00:04.266295,0.35,0.9,4,0.03,0.01,0.45,0.12,3,0.5,5,0.65,,,,,,PRUNED
7330,-0.5165843995953123,2026-05-12 20:19:04.759120,2026-05-12 20:19:08.148236,0 days 00:00:03.389116,0.35,0.8,3,0.03,0.01,0.45,0.16,5,0.6,10,0.5,,,,,,PRUNED
7331,-9999.0,2026-05-12 20:19:08.175411,2026-05-12 20:19:08.522935,0 days 00:00:00.347524,0.45,0.7,3,0.03,0.02,0.3,0.08,4,0.7,10,0.5,,,,,BEAR_RATIO < NEUTRAL_RATIO < BULL_RATIO 约束违反: 0.45 / 0.7 / 0.7,COMPLETE
7332,-0.5426180168505597,2026-05-12 20:19:08.550787,2026-05-12 20:19:14.259657,0 days 00:00:05.708870,0.25,0.9,4,0.05,0.02,0.3,0.16,6,0.6,20,0.8,,,,,,PRUNED
7333,-0.5179924623587872,2026-05-12 20:19:14.286780,2026-05-12 20:19:14.904210,0 days 00:00:00.617430,0.45,0.7,2,0.05,0.02,0.6,0.08,6,0.5,20,0.8,-0.39108387647623727,-0.030830266507629607,0.2538171717650998,0.36025360996860767,,COMPLETE
7334,-0.500409203353409,2026-05-12 20:19:14.932502,2026-05-12 20:19:19.766359,0 days 00:00:04.833857,0.25,0.7,2,0.03,0.01,0.6,0.08,5,0.5,20,0.5,,,,,,PRUNED
7335,-0.5179924623587872,2026-05-12 20:19:19.795938,2026-05-12 20:19:20.423473,0 days 00:00:00.627535,0.45,0.7,2,0.05,0.02,0.6,0.08,6,0.5,20,0.8,-0.39108387647623727,-0.030830266507629607,0.2538171717650998,0.36025360996860767,,COMPLETE
7336,-9999.0,2026-05-12 20:19:20.454541,2026-05-12 20:19:20.817960,0 days 00:00:00.363419,0.25,0.7,2,0.03,0.02,0.45,0.16,4,0.7,20,0.5,,,,,BEAR_RATIO < NEUTRAL_RATIO < BULL_RATIO 约束违反: 0.25 / 0.7 / 0.7,COMPLETE
7337,-0.513133335609511,2026-05-12 20:19:20.848139,2026-05-12 20:19:26.179321,0 days 00:00:05.331182,0.45,0.8,4,0.03,0.02,0.6,0.16,5,0.7,10,0.8,,,,,,PRUNED
7338,-0.43870626614888275,2026-05-12 20:19:26.210628,2026-05-12 20:19:30.920201,0 days 00:00:04.709573,0.45,0.7,2,0.05,0.02,0.6,0.16,4,0.5,10,0.65,,,,,,PRUNED
7339,-0.5489964730568478,2026-05-12 20:19:30.950255,2026-05-12 20:19:36.566170,0 days 00:00:05.615915,0.25,0.8,4,0.03,0.02,0.3,0.12,6,0.7,10,0.65,,,,,,PRUNED
7340,-0.6594170155348098,2026-05-12 20:19:36.596452,2026-05-12 20:19:40.150022,0 days 00:00:03.553570,0.35,0.9,2,0.03,0.02,0.3,0.16,3,0.7,20,0.65,,,,,,PRUNED
7341,-0.46878912453971466,2026-05-12 20:19:40.177474,2026-05-12 20:19:44.514231,0 days 00:00:04.336757,0.45,0.8,2,0.03,0.02,0.3,0.08,3,0.6,5,0.8,,,,,,PRUNED
7342,-0.4591671478918614,2026-05-12 20:19:44.542784,2026-05-12 20:19:49.400676,0 days 00:00:04.857892,0.45,0.8,3,0.05,0.02,0.45,0.16,6,0.6,20,0.8,,,,,,PRUNED
7343,-0.49068903905492245,2026-05-12 20:19:49.428709,2026-05-12 20:19:52.137825,0 days 00:00:02.709116,0.45,0.9,3,0.05,0.01,0.3,0.12,5,0.7,20,0.5,,,,,,PRUNED
7344,-9999.0,2026-05-12 20:19:52.166548,2026-05-12 20:19:52.498178,0 days 00:00:00.331630,0.25,0.7,3,0.05,0.02,0.6,0.08,5,0.7,20,0.5,,,,,BEAR_RATIO < NEUTRAL_RATIO < BULL_RATIO 约束违反: 0.25 / 0.7 / 0.7,COMPLETE
7345,-0.5338088339241842,2026-05-12 20:19:52.524890,2026-05-12 20:19:57.551801,0 days 00:00:05.026911,0.25,0.9,3,0.03,0.01,0.45,0.08,6,0.7,10,0.65,,,,,,PRUNED
7346,-0.4507958114649815,2026-05-12 20:19:57.577713,2026-05-12 20:20:02.192107,0 days 00:00:04.614394,0.45,0.8,2,0.05,0.01,0.6,0.08,6,0.7,20,0.5,,,,,,PRUNED
7347,-9999.0,2026-05-12 20:20:02.220331,2026-05-12 20:20:02.599145,0 days 00:00:00.378814,0.45,0.7,2,0.05,0.02,0.6,0.08,6,0.7,20,0.8,,,,,BEAR_RATIO < NEUTRAL_RATIO < BULL_RATIO 约束违反: 0.45 / 0.7 / 0.7,COMPLETE
7348,-0.5232254401245702,2026-05-12 20:20:02.628066,2026-05-12 20:20:08.338983,0 days 00:00:05.710917,0.25,0.9,3,0.05,0.01,0.45,0.16,6,0.5,20,0.65,,,,,,PRUNED
7349,-0.5179924623587872,2026-05-12 20:20:08.368973,2026-05-12 20:20:08.964574,0 days 00:00:00.595601,0.45,0.7,2,0.05,0.02,0.6,0.08,6,0.5,20,0.8,-0.39108387647623727,-0.030830266507629607,0.2538171717650998,0.36025360996860767,,COMPLETE
7350,-0.45763383400576574,2026-05-12 20:20:08.991472,2026-05-12 20:20:13.362051,0 days 00:00:04.370579,0.45,0.8,3,0.03,0.02,0.3,0.12,3,0.5,5,0.5,,,,,,PRUNED
7351,-0.5407727392934056,2026-05-12 20:20:13.391083,2026-05-12 20:20:17.298344,0 days 00:00:03.907261,0.35,0.7,4,0.05,0.02,0.3,0.08,3,0.6,10,0.65,,,,,,PRUNED
7352,-0.43780702080493666,2026-05-12 20:20:17.326408,2026-05-12 20:20:21.622035,0 days 00:00:04.295627,0.35,0.7,2,0.05,0.01,0.3,0.08,4,0.5,20,0.65,,,,,,PRUNED
7353,-0.5179924623587872,2026-05-12 20:20:21.652841,2026-05-12 20:20:22.320948,0 days 00:00:00.668107,0.45,0.7,2,0.05,0.02,0.6,0.08,6,0.5,20,0.8,-0.39108387647623727,-0.030830266507629607,0.2538171717650998,0.36025360996860767,,COMPLETE
7354,-0.5179924623587872,2026-05-12 20:20:22.350685,2026-05-12 20:20:23.011584,0 days 00:00:00.660899,0.45,0.7,2,0.05,0.01,0.6,0.08,6,0.5,20,0.8,-0.39108387647623727,-0.030830266507629607,0.2538171717650998,0.36025360996860767,,COMPLETE
7355,-0.5152785411899309,2026-05-12 20:20:23.041256,2026-05-12 20:20:28.421118,0 days 00:00:05.379862,0.35,0.9,2,0.03,0.02,0.45,0.16,5,0.5,10,0.5,,,,,,PRUNED
7356,-0.4194511448045569,2026-05-12 20:20:28.450040,2026-05-12 20:20:28.866188,0 days 00:00:00.416148,0.45,0.7,2,0.05,0.01,0.6,0.12,6,0.5,20,0.8,,,,,,PRUNED
7357,-0.528100799735945,2026-05-12 20:20:28.894240,2026-05-12 20:20:34.820260,0 days 00:00:05.926020,0.25,0.9,2,0.05,0.02,0.6,0.12,5,0.5,5,0.8,,,,,,PRUNED
