number,value,datetime_start,datetime_complete,duration,params_BEAR_RATIO,params_BULL_RATIO,params_GRID_MAX_LAYER,params_GRID_STEP_MAX,params_GRID_STEP_MIN,params_GRID_STEP_VOL_FACTOR,params_LAYER_FRACTION,params_MAX_HOLD,params_NEUTRAL_RATIO,params_REBALANCE_FREQ,params_VOL_WEIGHT,user_attrs_avg_test_score,user_attrs_avg_train_score,user_attrs_test_score_std,user_attrs_train_test_gap,user_attrs_validation_error,state
337,-9999.0,2026-05-12 14:20:40.309987,2026-05-12 14:20:40.593327,0 days 00:00:00.283340,0.45,0.7,2,0.05,0.02,0.6,0.08,6,0.7,5,0.8,,,,,BEAR_RATIO < NEUTRAL_RATIO < BULL_RATIO 约束违反: 0.45 / 0.7 / 0.7,COMPLETE
338,-0.4337598227322236,2026-05-12 14:20:40.616407,2026-05-12 14:20:44.862218,0 days 00:00:04.245811,0.45,0.7,2,0.05,0.02,0.6,0.08,4,0.6,20,0.8,,,,,,PRUNED
339,-0.5819638576325634,2026-05-12 14:20:44.882946,2026-05-12 14:20:46.990995,0 days 00:00:02.108049,0.35,0.7,2,0.05,0.02,0.6,0.08,3,0.5,20,0.8,,,,,,PRUNED
340,-0.41425741193738236,2026-05-12 14:20:47.018402,2026-05-12 14:20:52.791298,0 days 00:00:05.772896,0.45,0.7,2,0.05,0.02,0.6,0.08,6,0.5,5,0.65,,,,,,PRUNED
341,-0.48883801249294623,2026-05-12 14:20:52.814390,2026-05-12 14:20:57.544484,0 days 00:00:04.730094,0.25,0.7,2,0.05,0.02,0.6,0.12,6,0.5,20,0.8,,,,,,PRUNED
342,-0.4974073281927062,2026-05-12 14:20:57.569086,2026-05-12 14:21:02.437757,0 days 00:00:04.868671,0.25,0.7,2,0.03,0.02,0.6,0.08,6,0.5,20,0.8,,,,,,PRUNED
343,-0.42795376063587454,2026-05-12 14:21:02.460879,2026-05-12 14:21:08.220128,0 days 00:00:05.759249,0.45,0.7,2,0.05,0.02,0.45,0.16,6,0.5,20,0.8,,,,,,PRUNED
344,-0.34500054996374174,2026-05-12 14:21:08.244745,2026-05-12 14:21:14.640767,0 days 00:00:06.396022,0.45,0.7,2,0.05,0.01,0.6,0.08,6,0.5,10,0.8,,,,,,PRUNED
345,-0.4248849607391425,2026-05-12 14:21:14.664424,2026-05-12 14:21:17.999712,0 days 00:00:03.335288,0.45,0.7,2,0.05,0.02,0.3,0.08,5,0.5,20,0.8,,,,,,PRUNED
346,-0.43450855750432177,2026-05-12 14:21:18.026304,2026-05-12 14:21:22.974781,0 days 00:00:04.948477,0.45,0.9,4,0.05,0.02,0.6,0.08,6,0.5,20,0.8,,,,,,PRUNED
347,-0.42357363260304626,2026-05-12 14:21:22.999443,2026-05-12 14:21:27.845613,0 days 00:00:04.846170,0.45,0.7,2,0.05,0.02,0.6,0.08,6,0.6,20,0.65,,,,,,PRUNED
348,-0.4319040374717247,2026-05-12 14:21:27.869506,2026-05-12 14:21:33.781663,0 days 00:00:05.912157,0.45,0.8,4,0.05,0.02,0.6,0.08,6,0.5,5,0.5,,,,,,PRUNED
349,-0.47805881185671306,2026-05-12 14:21:33.803519,2026-05-12 14:21:38.700784,0 days 00:00:04.897265,0.25,0.7,2,0.05,0.02,0.3,0.08,6,0.5,20,0.8,,,,,,PRUNED
350,-0.5179924623587872,2026-05-12 14:21:38.723511,2026-05-12 14:21:39.247592,0 days 00:00:00.524081,0.45,0.7,2,0.05,0.02,0.6,0.08,6,0.5,20,0.8,-0.39108387647623727,-0.030830266507629607,0.2538171717650998,0.36025360996860767,,COMPLETE
351,-0.5179924623587872,2026-05-12 14:21:39.273818,2026-05-12 14:21:39.769061,0 days 00:00:00.495243,0.45,0.7,2,0.05,0.02,0.6,0.08,6,0.5,20,0.8,-0.39108387647623727,-0.030830266507629607,0.2538171717650998,0.36025360996860767,,COMPLETE
352,-0.45828045941973783,2026-05-12 14:21:39.793106,2026-05-12 14:21:44.562847,0 days 00:00:04.769741,0.35,0.7,2,0.05,0.02,0.6,0.16,6,0.5,20,0.8,,,,,,PRUNED
353,-0.47314162288156875,2026-05-12 14:21:44.585434,2026-05-12 14:21:48.646655,0 days 00:00:04.061221,0.45,0.7,2,0.03,0.01,0.3,0.12,4,0.6,20,0.5,,,,,,PRUNED
354,-0.4408085471343632,2026-05-12 14:21:48.672227,2026-05-12 14:21:51.899376,0 days 00:00:03.227149,0.45,0.7,2,0.05,0.02,0.6,0.08,5,0.6,20,0.8,,,,,,PRUNED
355,-0.5179924623587872,2026-05-12 14:21:51.922646,2026-05-12 14:21:52.439664,0 days 00:00:00.517018,0.45,0.7,2,0.05,0.02,0.6,0.08,6,0.5,20,0.8,-0.39108387647623727,-0.030830266507629607,0.2538171717650998,0.36025360996860767,,COMPLETE
356,-0.4663020634000308,2026-05-12 14:21:52.464032,2026-05-12 14:21:57.632071,0 days 00:00:05.168039,0.25,0.7,3,0.05,0.02,0.45,0.08,4,0.5,10,0.5,,,,,,PRUNED
357,-0.4836800018066013,2026-05-12 14:21:57.654196,2026-05-12 14:22:02.639613,0 days 00:00:04.985417,0.35,0.9,2,0.05,0.01,0.45,0.08,6,0.7,20,0.5,,,,,,PRUNED
358,-0.5179924623587872,2026-05-12 14:22:02.686308,2026-05-12 14:22:03.220190,0 days 00:00:00.533882,0.45,0.7,2,0.05,0.02,0.6,0.08,6,0.5,20,0.8,-0.39108387647623727,-0.030830266507629607,0.2538171717650998,0.36025360996860767,,COMPLETE
359,-0.5179924623587872,2026-05-12 14:22:03.243811,2026-05-12 14:22:03.761568,0 days 00:00:00.517757,0.45,0.7,2,0.05,0.02,0.6,0.08,6,0.5,20,0.8,-0.39108387647623727,-0.030830266507629607,0.2538171717650998,0.36025360996860767,,COMPLETE
360,-9999.0,2026-05-12 14:22:03.788567,2026-05-12 14:22:04.043943,0 days 00:00:00.255376,0.45,0.7,2,0.05,0.02,0.6,0.16,6,0.7,20,0.8,,,,,BEAR_RATIO < NEUTRAL_RATIO < BULL_RATIO 约束违反: 0.45 / 0.7 / 0.7,COMPLETE
361,-0.4738221018429511,2026-05-12 14:22:04.069575,2026-05-12 14:22:08.778738,0 days 00:00:04.709163,0.25,0.7,2,0.05,0.02,0.45,0.08,6,0.5,20,0.8,,,,,,PRUNED
362,-0.5053739428556437,2026-05-12 14:22:08.803643,2026-05-12 14:22:14.583206,0 days 00:00:05.779563,0.45,0.9,4,0.05,0.02,0.6,0.16,6,0.7,5,0.65,,,,,,PRUNED
363,-0.4100386278766106,2026-05-12 14:22:14.604962,2026-05-12 14:22:19.534176,0 days 00:00:04.929214,0.45,0.7,2,0.05,0.01,0.3,0.08,6,0.5,20,0.8,,,,,,PRUNED
364,-0.4213231947291116,2026-05-12 14:22:19.560005,2026-05-12 14:22:19.862964,0 days 00:00:00.302959,0.45,0.7,2,0.05,0.02,0.6,0.08,4,0.5,20,0.8,,,,,,PRUNED
365,-0.4577059413734039,2026-05-12 14:22:19.889967,2026-05-12 14:22:23.364522,0 days 00:00:03.474555,0.35,0.9,2,0.05,0.02,0.6,0.08,6,0.5,20,0.8,,,,,,PRUNED
366,-0.579255552145076,2026-05-12 14:22:23.388173,2026-05-12 14:22:27.165152,0 days 00:00:03.776979,0.25,0.9,4,0.03,0.02,0.3,0.08,3,0.6,10,0.65,,,,,,PRUNED
367,-0.4962680054023346,2026-05-12 14:22:27.204700,2026-05-12 14:22:32.417705,0 days 00:00:05.213005,0.45,0.8,3,0.03,0.02,0.45,0.12,6,0.7,10,0.8,,,,,,PRUNED
368,-0.5179924623587872,2026-05-12 14:22:32.442299,2026-05-12 14:22:32.925373,0 days 00:00:00.483074,0.45,0.7,2,0.05,0.02,0.6,0.08,6,0.5,20,0.8,-0.39108387647623727,-0.030830266507629607,0.2538171717650998,0.36025360996860767,,COMPLETE
369,-0.5825139853896287,2026-05-12 14:22:32.964185,2026-05-12 14:22:36.484343,0 days 00:00:03.520158,0.45,0.7,2,0.03,0.02,0.6,0.08,3,0.5,20,0.8,,,,,,PRUNED
370,-0.42328876156084305,2026-05-12 14:22:36.507420,2026-05-12 14:22:40.705023,0 days 00:00:04.197603,0.45,0.7,2,0.05,0.02,0.6,0.08,3,0.5,5,0.8,,,,,,PRUNED
371,-0.5800800945924067,2026-05-12 14:22:40.729143,2026-05-12 14:22:44.220268,0 days 00:00:03.491125,0.45,0.7,2,0.05,0.02,0.6,0.16,3,0.5,20,0.8,,,,,,PRUNED
372,-0.46981253898788367,2026-05-12 14:22:44.271006,2026-05-12 14:22:48.512654,0 days 00:00:04.241648,0.45,0.8,3,0.03,0.02,0.3,0.08,4,0.6,10,0.65,,,,,,PRUNED
373,-0.450280016182787,2026-05-12 14:22:48.538758,2026-05-12 14:22:52.897829,0 days 00:00:04.359071,0.35,0.7,2,0.05,0.02,0.6,0.08,6,0.6,20,0.8,,,,,,PRUNED
374,-0.44172615219409717,2026-05-12 14:22:52.924889,2026-05-12 14:22:57.815225,0 days 00:00:04.890336,0.45,0.9,2,0.05,0.02,0.45,0.12,6,0.5,20,0.8,,,,,,PRUNED
375,-0.42293370088728216,2026-05-12 14:22:57.842115,2026-05-12 14:23:02.799311,0 days 00:00:04.957196,0.45,0.8,4,0.05,0.02,0.6,0.08,6,0.5,20,0.8,,,,,,PRUNED
376,-0.4287355409983588,2026-05-12 14:23:02.825401,2026-05-12 14:23:08.662991,0 days 00:00:05.837590,0.45,0.8,2,0.05,0.02,0.6,0.08,6,0.5,5,0.8,,,,,,PRUNED
377,-0.5610853071510992,2026-05-12 14:23:08.685081,2026-05-12 14:23:13.732481,0 days 00:00:05.047400,0.25,0.8,4,0.03,0.02,0.45,0.08,4,0.6,5,0.5,,,,,,PRUNED
378,-0.4630964224855756,2026-05-12 14:23:13.757585,2026-05-12 14:23:18.606238,0 days 00:00:04.848653,0.45,0.9,3,0.05,0.02,0.6,0.08,6,0.7,20,0.8,,,,,,PRUNED
379,-0.5445693112072015,2026-05-12 14:23:18.628959,2026-05-12 14:23:21.536245,0 days 00:00:02.907286,0.25,0.7,3,0.03,0.01,0.3,0.16,3,0.6,5,0.5,,,,,,PRUNED
380,-0.586116411632514,2026-05-12 14:23:21.560884,2026-05-12 14:23:25.001705,0 days 00:00:03.440821,0.35,0.7,4,0.05,0.01,0.3,0.08,3,0.5,20,0.8,,,,,,PRUNED
381,-0.4414523581792496,2026-05-12 14:23:25.025842,2026-05-12 14:23:30.697803,0 days 00:00:05.671961,0.45,0.9,2,0.05,0.02,0.6,0.08,6,0.5,5,0.8,,,,,,PRUNED
382,-9999.0,2026-05-12 14:23:30.720877,2026-05-12 14:23:30.970849,0 days 00:00:00.249972,0.35,0.7,2,0.05,0.02,0.6,0.08,6,0.7,20,0.8,,,,,BEAR_RATIO < NEUTRAL_RATIO < BULL_RATIO 约束违反: 0.35 / 0.7 / 0.7,COMPLETE
383,-0.516944908247554,2026-05-12 14:23:30.995094,2026-05-12 14:23:35.336122,0 days 00:00:04.341028,0.45,0.8,4,0.03,0.01,0.3,0.16,3,0.7,5,0.5,,,,,,PRUNED
384,-0.43644494572696835,2026-05-12 14:23:35.359920,2026-05-12 14:23:41.227104,0 days 00:00:05.867184,0.45,0.7,2,0.05,0.02,0.6,0.16,6,0.5,5,0.8,,,,,,PRUNED
385,-0.5179924623587872,2026-05-12 14:23:41.250652,2026-05-12 14:23:41.763176,0 days 00:00:00.512524,0.45,0.7,2,0.05,0.02,0.6,0.08,6,0.5,20,0.8,-0.39108387647623727,-0.030830266507629607,0.2538171717650998,0.36025360996860767,,COMPLETE
386,-0.46608888789259295,2026-05-12 14:23:41.788354,2026-05-12 14:23:47.471544,0 days 00:00:05.683190,0.45,0.8,2,0.03,0.01,0.6,0.12,6,0.5,20,0.8,,,,,,PRUNED
387,-0.5792061418857395,2026-05-12 14:23:47.497131,2026-05-12 14:23:50.903787,0 days 00:00:03.406656,0.45,0.8,2,0.05,0.02,0.6,0.08,3,0.5,20,0.8,,,,,,PRUNED
388,-0.43573028946402204,2026-05-12 14:23:50.927118,2026-05-12 14:23:54.462781,0 days 00:00:03.535663,0.45,0.7,2,0.05,0.02,0.6,0.12,6,0.6,20,0.8,,,,,,PRUNED
389,-9999.0,2026-05-12 14:23:54.487022,2026-05-12 14:23:54.743533,0 days 00:00:00.256511,0.45,0.7,2,0.05,0.02,0.6,0.08,5,0.7,20,0.8,,,,,BEAR_RATIO < NEUTRAL_RATIO < BULL_RATIO 约束违反: 0.45 / 0.7 / 0.7,COMPLETE
390,-0.47441457244516044,2026-05-12 14:23:54.766128,2026-05-12 14:23:55.079678,0 days 00:00:00.313550,0.25,0.7,2,0.05,0.02,0.6,0.08,6,0.5,20,0.8,,,,,,PRUNED
391,-0.42056632138184724,2026-05-12 14:23:55.105055,2026-05-12 14:23:59.981281,0 days 00:00:04.876226,0.45,0.8,2,0.05,0.02,0.6,0.08,6,0.5,20,0.65,,,,,,PRUNED
392,-0.46411073813360626,2026-05-12 14:24:00.007557,2026-05-12 14:24:05.518001,0 days 00:00:05.510444,0.45,0.9,3,0.05,0.02,0.3,0.08,5,0.6,5,0.5,,,,,,PRUNED
393,-0.4107809201109101,2026-05-12 14:24:05.542298,2026-05-12 14:24:10.504813,0 days 00:00:04.962515,0.45,0.7,3,0.05,0.02,0.3,0.08,6,0.5,20,0.8,,,,,,PRUNED
394,-0.4170964359595015,2026-05-12 14:24:10.528315,2026-05-12 14:24:16.525637,0 days 00:00:05.997322,0.45,0.7,4,0.05,0.02,0.6,0.08,6,0.5,5,0.8,,,,,,PRUNED
395,-0.44328603688297663,2026-05-12 14:24:16.567916,2026-05-12 14:24:21.526697,0 days 00:00:04.958781,0.45,0.9,2,0.05,0.02,0.6,0.12,6,0.5,20,0.8,,,,,,PRUNED
396,-0.434307923993398,2026-05-12 14:24:21.550009,2026-05-12 14:24:24.996781,0 days 00:00:03.446772,0.45,0.7,2,0.05,0.02,0.3,0.16,6,0.5,20,0.8,,,,,,PRUNED
397,-9999.0,2026-05-12 14:24:25.020296,2026-05-12 14:24:25.256645,0 days 00:00:00.236349,0.45,0.7,2,0.03,0.02,0.6,0.08,6,0.7,20,0.8,,,,,BEAR_RATIO < NEUTRAL_RATIO < BULL_RATIO 约束违反: 0.45 / 0.7 / 0.7,COMPLETE
398,-0.4092137988646166,2026-05-12 14:24:25.279155,2026-05-12 14:24:25.612498,0 days 00:00:00.333343,0.45,0.7,2,0.05,0.02,0.6,0.08,6,0.5,10,0.8,,,,,,PRUNED
399,-9999.0,2026-05-12 14:24:25.635746,2026-05-12 14:24:25.896186,0 days 00:00:00.260440,0.45,0.7,2,0.05,0.02,0.6,0.08,6,0.7,20,0.5,,,,,BEAR_RATIO < NEUTRAL_RATIO < BULL_RATIO 约束违反: 0.45 / 0.7 / 0.7,COMPLETE
400,-0.4945412639320097,2026-05-12 14:24:25.919105,2026-05-12 14:24:29.954777,0 days 00:00:04.035672,0.25,0.8,2,0.03,0.01,0.3,0.08,4,0.7,20,0.8,,,,,,PRUNED
401,-0.4467619369398962,2026-05-12 14:24:29.978793,2026-05-12 14:24:35.653864,0 days 00:00:05.675071,0.45,0.7,2,0.05,0.02,0.6,0.16,6,0.6,20,0.8,,,,,,PRUNED
402,-0.4271696217311971,2026-05-12 14:24:35.681756,2026-05-12 14:24:40.282709,0 days 00:00:04.600953,0.45,0.7,4,0.05,0.02,0.6,0.08,5,0.5,20,0.8,,,,,,PRUNED
403,-0.5436746856649866,2026-05-12 14:24:40.325891,2026-05-12 14:24:44.076411,0 days 00:00:03.750520,0.45,0.7,4,0.05,0.02,0.45,0.16,3,0.6,10,0.8,,,,,,PRUNED
404,-0.4309812888470534,2026-05-12 14:24:44.101741,2026-05-12 14:24:48.193571,0 days 00:00:04.091830,0.45,0.8,2,0.05,0.02,0.6,0.08,4,0.5,20,0.8,,,,,,PRUNED
405,-0.5242127509282859,2026-05-12 14:24:48.219928,2026-05-12 14:24:52.764107,0 days 00:00:04.544179,0.35,0.8,3,0.03,0.02,0.45,0.12,5,0.7,20,0.65,,,,,,PRUNED
406,-0.42756359809491007,2026-05-12 14:24:52.789968,2026-05-12 14:24:56.335745,0 days 00:00:03.545777,0.45,0.7,2,0.05,0.02,0.3,0.08,6,0.6,20,0.8,,,,,,PRUNED
407,-0.42056632138184724,2026-05-12 14:24:56.358872,2026-05-12 14:25:01.174628,0 days 00:00:04.815756,0.45,0.8,2,0.05,0.02,0.6,0.08,6,0.5,20,0.5,,,,,,PRUNED
408,-0.4293044368137132,2026-05-12 14:25:01.198361,2026-05-12 14:25:05.234148,0 days 00:00:04.035787,0.45,0.7,2,0.05,0.02,0.6,0.12,4,0.5,20,0.8,,,,,,PRUNED
409,-0.5636918199279275,2026-05-12 14:25:05.256941,2026-05-12 14:25:09.017855,0 days 00:00:03.760914,0.25,0.7,4,0.03,0.01,0.45,0.08,3,0.6,10,0.8,,,,,,PRUNED
410,-0.5303786976481801,2026-05-12 14:25:09.044210,2026-05-12 14:25:14.808517,0 days 00:00:05.764307,0.25,0.7,4,0.05,0.02,0.3,0.16,6,0.5,5,0.5,,,,,,PRUNED
411,-0.41425741193738236,2026-05-12 14:25:14.855799,2026-05-12 14:25:20.538051,0 days 00:00:05.682252,0.45,0.7,2,0.05,0.02,0.6,0.08,6,0.5,5,0.5,,,,,,PRUNED
412,-0.4742836939261093,2026-05-12 14:25:20.558525,2026-05-12 14:25:25.746783,0 days 00:00:05.188258,0.25,0.7,2,0.05,0.02,0.6,0.08,6,0.5,10,0.8,,,,,,PRUNED
413,-0.5179924623587872,2026-05-12 14:25:25.772597,2026-05-12 14:25:26.238192,0 days 00:00:00.465595,0.45,0.7,2,0.05,0.02,0.6,0.08,6,0.5,20,0.8,-0.39108387647623727,-0.030830266507629607,0.2538171717650998,0.36025360996860767,,COMPLETE
414,-0.5258088977710795,2026-05-12 14:25:26.261964,2026-05-12 14:25:31.803247,0 days 00:00:05.541283,0.35,0.9,4,0.05,0.02,0.3,0.16,6,0.6,5,0.8,,,,,,PRUNED
415,-0.4739287746776689,2026-05-12 14:25:31.828997,2026-05-12 14:25:37.328957,0 days 00:00:05.499960,0.35,0.9,3,0.05,0.01,0.6,0.08,5,0.5,5,0.65,,,,,,PRUNED
416,-0.5182991595024287,2026-05-12 14:25:37.351621,2026-05-12 14:25:43.244595,0 days 00:00:05.892974,0.35,0.8,3,0.05,0.01,0.45,0.16,6,0.7,5,0.8,,,,,,PRUNED
417,-0.5179924623587872,2026-05-12 14:25:43.268195,2026-05-12 14:25:51.961562,0 days 00:00:08.693367,0.45,0.7,2,0.05,0.01,0.6,0.08,6,0.5,20,0.5,-0.39108387647623727,-0.030830266507629607,0.2538171717650998,0.36025360996860767,,COMPLETE
418,-0.43223096142417294,2026-05-12 14:25:51.986651,2026-05-12 14:25:56.854212,0 days 00:00:04.867561,0.45,0.9,2,0.05,0.02,0.6,0.08,6,0.5,20,0.5,,,,,,PRUNED
419,-0.5538822223472626,2026-05-12 14:25:56.878095,2026-05-12 14:26:00.159043,0 days 00:00:03.280948,0.25,0.8,4,0.03,0.02,0.3,0.16,5,0.5,20,0.8,,,,,,PRUNED
420,-9999.0,2026-05-12 14:26:00.183223,2026-05-12 14:26:00.450989,0 days 00:00:00.267766,0.45,0.7,3,0.05,0.02,0.6,0.08,6,0.7,20,0.8,,,,,BEAR_RATIO < NEUTRAL_RATIO < BULL_RATIO 约束违反: 0.45 / 0.7 / 0.7,COMPLETE
421,-0.46423091775217196,2026-05-12 14:26:00.490146,2026-05-12 14:26:04.426962,0 days 00:00:03.936816,0.35,0.8,2,0.05,0.01,0.6,0.12,4,0.6,20,0.8,,,,,,PRUNED
422,-0.4524922313933547,2026-05-12 14:26:04.449456,2026-05-12 14:26:09.347213,0 days 00:00:04.897757,0.45,0.9,2,0.05,0.02,0.6,0.16,6,0.5,20,0.8,,,,,,PRUNED
423,-9999.0,2026-05-12 14:26:09.369583,2026-05-12 14:26:09.627806,0 days 00:00:00.258223,0.45,0.7,4,0.05,0.02,0.6,0.08,6,0.7,20,0.8,,,,,BEAR_RATIO < NEUTRAL_RATIO < BULL_RATIO 约束违反: 0.45 / 0.7 / 0.7,COMPLETE
424,-0.44132560848440905,2026-05-12 14:26:09.652795,2026-05-12 14:26:14.329638,0 days 00:00:04.676843,0.45,0.7,2,0.05,0.02,0.6,0.16,5,0.5,20,0.8,,,,,,PRUNED
425,-0.4211524445063394,2026-05-12 14:26:14.371307,2026-05-12 14:26:19.166120,0 days 00:00:04.794813,0.45,0.7,2,0.05,0.02,0.45,0.08,4,0.5,20,0.8,,,,,,PRUNED
426,-0.52538556763629,2026-05-12 14:26:19.190289,2026-05-12 14:26:23.502649,0 days 00:00:04.312360,0.25,0.9,2,0.03,0.02,0.45,0.08,3,0.5,5,0.5,,,,,,PRUNED
427,-0.4221640008750966,2026-05-12 14:26:23.527747,2026-05-12 14:26:28.286621,0 days 00:00:04.758874,0.45,0.8,3,0.05,0.02,0.6,0.08,6,0.5,20,0.8,,,,,,PRUNED
428,-0.4318124553734489,2026-05-12 14:26:28.309999,2026-05-12 14:26:32.096060,0 days 00:00:03.786061,0.45,0.7,2,0.03,0.02,0.45,0.08,6,0.5,20,0.8,,,,,,PRUNED
429,-9999.0,2026-05-12 14:26:32.122247,2026-05-12 14:26:32.407836,0 days 00:00:00.285589,0.25,0.7,4,0.05,0.02,0.6,0.12,5,0.7,5,0.5,,,,,BEAR_RATIO < NEUTRAL_RATIO < BULL_RATIO 约束违反: 0.25 / 0.7 / 0.7,COMPLETE
430,-0.41789523230149306,2026-05-12 14:26:32.430376,2026-05-12 14:26:37.267866,0 days 00:00:04.837490,0.45,0.7,2,0.05,0.01,0.45,0.12,6,0.5,20,0.5,,,,,,PRUNED
431,-0.47078041076867455,2026-05-12 14:26:37.291892,2026-05-12 14:26:41.350862,0 days 00:00:04.058970,0.45,0.9,2,0.03,0.01,0.45,0.08,4,0.6,20,0.5,,,,,,PRUNED
432,-0.4296411080598753,2026-05-12 14:26:41.374208,2026-05-12 14:26:41.678436,0 days 00:00:00.304228,0.45,0.7,2,0.05,0.02,0.6,0.16,6,0.5,20,0.8,,,,,,PRUNED
433,-0.446193649179386,2026-05-12 14:26:41.701193,2026-05-12 14:26:47.457122,0 days 00:00:05.755929,0.35,0.7,2,0.05,0.02,0.6,0.08,6,0.5,5,0.8,,,,,,PRUNED
434,-0.41425741193738236,2026-05-12 14:26:47.482363,2026-05-12 14:26:47.801798,0 days 00:00:00.319435,0.45,0.7,2,0.05,0.02,0.6,0.08,6,0.5,5,0.8,,,,,,PRUNED
435,-0.48257029713894073,2026-05-12 14:26:47.824889,2026-05-12 14:26:52.444819,0 days 00:00:04.619930,0.25,0.7,2,0.05,0.02,0.6,0.08,5,0.5,20,0.8,,,,,,PRUNED
436,-0.4167185686265585,2026-05-12 14:26:52.489070,2026-05-12 14:26:58.267174,0 days 00:00:05.778104,0.45,0.7,2,0.05,0.02,0.3,0.08,6,0.5,5,0.8,,,,,,PRUNED
437,-0.5679062528539587,2026-05-12 14:26:58.291768,2026-05-12 14:27:00.670245,0 days 00:00:02.378477,0.35,0.8,3,0.03,0.01,0.45,0.16,3,0.5,10,0.65,,,,,,PRUNED
438,-0.47792527670287044,2026-05-12 14:27:00.696091,2026-05-12 14:27:05.755305,0 days 00:00:05.059214,0.25,0.7,4,0.05,0.02,0.6,0.08,6,0.5,20,0.8,,,,,,PRUNED
439,-9999.0,2026-05-12 14:27:05.776550,2026-05-12 14:27:06.019958,0 days 00:00:00.243408,0.45,0.7,2,0.05,0.02,0.45,0.08,6,0.7,20,0.8,,,,,BEAR_RATIO < NEUTRAL_RATIO < BULL_RATIO 约束违反: 0.45 / 0.7 / 0.7,COMPLETE
440,-0.43333909441165963,2026-05-12 14:27:06.042401,2026-05-12 14:27:06.372587,0 days 00:00:00.330186,0.35,0.7,2,0.05,0.02,0.6,0.08,6,0.5,20,0.8,,,,,,PRUNED
441,-0.4100386278766106,2026-05-12 14:27:06.397425,2026-05-12 14:27:06.685047,0 days 00:00:00.287622,0.45,0.7,2,0.05,0.02,0.3,0.08,6,0.5,20,0.8,,,,,,PRUNED
442,-0.4208413622985072,2026-05-12 14:27:06.709276,2026-05-12 14:27:12.719168,0 days 00:00:06.009892,0.45,0.7,2,0.05,0.02,0.6,0.12,6,0.5,10,0.8,,,,,,PRUNED
443,-0.42056632138184724,2026-05-12 14:27:12.743733,2026-05-12 14:27:13.073417,0 days 00:00:00.329684,0.45,0.8,2,0.05,0.02,0.6,0.08,6,0.5,20,0.8,,,,,,PRUNED
444,-0.5139073597907324,2026-05-12 14:27:13.097660,2026-05-12 14:27:17.596649,0 days 00:00:04.498989,0.25,0.9,2,0.05,0.02,0.6,0.08,5,0.6,20,0.5,,,,,,PRUNED
445,-9999.0,2026-05-12 14:27:17.623026,2026-05-12 14:27:17.867190,0 days 00:00:00.244164,0.25,0.7,3,0.03,0.01,0.3,0.16,5,0.7,5,0.8,,,,,BEAR_RATIO < NEUTRAL_RATIO < BULL_RATIO 约束违反: 0.25 / 0.7 / 0.7,COMPLETE
446,-0.5670011081135096,2026-05-12 14:27:17.890432,2026-05-12 14:27:22.807290,0 days 00:00:04.916858,0.35,0.9,3,0.03,0.02,0.6,0.16,4,0.6,5,0.65,,,,,,PRUNED
447,-0.4327177294022265,2026-05-12 14:27:22.829670,2026-05-12 14:27:27.744327,0 days 00:00:04.914657,0.35,0.7,2,0.05,0.02,0.45,0.08,6,0.5,20,0.8,,,,,,PRUNED
448,-0.44330448101464204,2026-05-12 14:27:27.785068,2026-05-12 14:27:32.529243,0 days 00:00:04.744175,0.45,0.8,2,0.03,0.02,0.6,0.08,5,0.5,10,0.5,,,,,,PRUNED
449,-0.46152728035568846,2026-05-12 14:27:32.555204,2026-05-12 14:27:37.696648,0 days 00:00:05.141444,0.45,0.9,2,0.05,0.02,0.6,0.08,6,0.7,20,0.8,,,,,,PRUNED
450,-0.43076574008516644,2026-05-12 14:27:37.725792,2026-05-12 14:27:42.545528,0 days 00:00:04.819736,0.45,0.7,3,0.03,0.02,0.6,0.08,6,0.5,20,0.8,,,,,,PRUNED
451,-0.4194511448045569,2026-05-12 14:27:42.568880,2026-05-12 14:27:45.631073,0 days 00:00:03.062193,0.45,0.7,2,0.05,0.02,0.6,0.12,6,0.5,20,0.65,,,,,,PRUNED
452,-0.47441457244516044,2026-05-12 14:27:45.670933,2026-05-12 14:27:50.382173,0 days 00:00:04.711240,0.25,0.7,2,0.05,0.02,0.6,0.08,6,0.5,20,0.65,,,,,,PRUNED
453,-0.4351694194242078,2026-05-12 14:27:50.405659,2026-05-12 14:27:55.315688,0 days 00:00:04.910029,0.35,0.7,3,0.05,0.02,0.6,0.08,6,0.5,20,0.8,,,,,,PRUNED
454,-0.487116779364579,2026-05-12 14:27:55.337417,2026-05-12 14:28:01.084173,0 days 00:00:05.746756,0.25,0.8,2,0.05,0.02,0.6,0.08,6,0.5,20,0.8,,,,,,PRUNED
455,-0.47441457244516044,2026-05-12 14:28:01.104113,2026-05-12 14:28:05.806914,0 days 00:00:04.702801,0.25,0.7,2,0.05,0.02,0.6,0.08,6,0.5,20,0.5,,,,,,PRUNED
456,-0.4100386278766106,2026-05-12 14:28:05.833492,2026-05-12 14:28:10.950902,0 days 00:00:05.117410,0.45,0.7,2,0.05,0.02,0.3,0.08,6,0.5,20,0.5,,,,,,PRUNED
457,-9999.0,2026-05-12 14:28:10.975524,2026-05-12 14:28:11.259750,0 days 00:00:00.284226,0.45,0.7,2,0.05,0.02,0.6,0.08,6,0.7,20,0.65,,,,,BEAR_RATIO < NEUTRAL_RATIO < BULL_RATIO 约束违反: 0.45 / 0.7 / 0.7,COMPLETE
458,-0.5346635564407141,2026-05-12 14:28:11.286154,2026-05-12 14:28:14.994838,0 days 00:00:03.708684,0.45,0.8,2,0.03,0.01,0.3,0.08,3,0.5,10,0.65,,,,,,PRUNED
459,-0.43588278815153436,2026-05-12 14:28:15.021073,2026-05-12 14:28:17.424805,0 days 00:00:02.403732,0.35,0.7,2,0.05,0.02,0.6,0.08,4,0.5,20,0.5,,,,,,PRUNED
460,-0.5306835459869904,2026-05-12 14:28:17.448095,2026-05-12 14:28:22.354378,0 days 00:00:04.906283,0.25,0.7,3,0.03,0.01,0.45,0.12,6,0.6,20,0.8,,,,,,PRUNED
461,-0.43223096142417294,2026-05-12 14:28:22.377055,2026-05-12 14:28:22.687929,0 days 00:00:00.310874,0.45,0.9,2,0.05,0.02,0.6,0.08,6,0.5,20,0.8,,,,,,PRUNED
462,-0.4213231947291116,2026-05-12 14:28:22.712182,2026-05-12 14:28:26.694077,0 days 00:00:03.981895,0.45,0.7,2,0.05,0.02,0.6,0.08,4,0.5,20,0.5,,,,,,PRUNED
463,-0.5486788820814671,2026-05-12 14:28:26.739925,2026-05-12 14:28:31.654329,0 days 00:00:04.914404,0.25,0.8,4,0.03,0.02,0.3,0.16,5,0.6,10,0.5,,,,,,PRUNED
464,-0.4607557593780091,2026-05-12 14:28:31.675930,2026-05-12 14:28:36.606533,0 days 00:00:04.930603,0.45,0.8,3,0.05,0.02,0.45,0.16,5,0.6,10,0.5,,,,,,PRUNED
465,-0.4082686481911698,2026-05-12 14:28:36.649876,2026-05-12 14:28:41.774214,0 days 00:00:05.124338,0.45,0.7,2,0.05,0.02,0.45,0.08,6,0.5,10,0.8,,,,,,PRUNED
