number,value,datetime_start,datetime_complete,duration,params_BEAR_RATIO,params_BULL_RATIO,params_GRID_MAX_LAYER,params_GRID_STEP_MAX,params_GRID_STEP_MIN,params_GRID_STEP_VOL_FACTOR,params_LAYER_FRACTION,params_MAX_HOLD,params_NEUTRAL_RATIO,params_REBALANCE_FREQ,params_VOL_WEIGHT,user_attrs_avg_test_score,user_attrs_avg_train_score,user_attrs_test_score_std,user_attrs_train_test_gap,user_attrs_validation_error,state
3693,-0.4427565416151135,2026-05-12 17:16:47.381390,2026-05-12 17:16:51.776450,0 days 00:00:04.395060,0.45,0.8,4,0.05,0.02,0.3,0.12,3,0.5,5,0.5,,,,,,PRUNED
3694,-0.5179924623587872,2026-05-12 17:16:51.800491,2026-05-12 17:16:52.285352,0 days 00:00:00.484861,0.45,0.7,2,0.05,0.02,0.6,0.08,6,0.5,20,0.8,-0.39108387647623727,-0.030830266507629607,0.2538171717650998,0.36025360996860767,,COMPLETE
3695,-0.5179924623587872,2026-05-12 17:16:52.309883,2026-05-12 17:16:52.825912,0 days 00:00:00.516029,0.45,0.7,2,0.05,0.02,0.6,0.08,6,0.5,20,0.8,-0.39108387647623727,-0.030830266507629607,0.2538171717650998,0.36025360996860767,,COMPLETE
3696,-0.4092788272711371,2026-05-12 17:16:52.850114,2026-05-12 17:16:53.175626,0 days 00:00:00.325512,0.45,0.7,3,0.05,0.02,0.6,0.08,6,0.5,20,0.8,,,,,,PRUNED
3697,-0.5149218981154436,2026-05-12 17:16:53.198738,2026-05-12 17:16:54.679507,0 days 00:00:01.480769,0.35,0.9,2,0.05,0.02,0.45,0.12,3,0.7,5,0.5,,,,,,PRUNED
3698,-0.5179924623587872,2026-05-12 17:16:54.699314,2026-05-12 17:16:55.122829,0 days 00:00:00.423515,0.45,0.7,2,0.05,0.02,0.6,0.08,6,0.5,20,0.8,-0.39108387647623727,-0.030830266507629607,0.2538171717650998,0.36025360996860767,,COMPLETE
3699,-0.4100386278766106,2026-05-12 17:16:55.144138,2026-05-12 17:16:55.411314,0 days 00:00:00.267176,0.45,0.7,2,0.05,0.01,0.3,0.08,6,0.5,20,0.8,,,,,,PRUNED
3700,-0.5179924623587872,2026-05-12 17:16:55.431838,2026-05-12 17:16:55.844119,0 days 00:00:00.412281,0.45,0.7,2,0.05,0.02,0.6,0.08,6,0.5,20,0.8,-0.39108387647623727,-0.030830266507629607,0.2538171717650998,0.36025360996860767,,COMPLETE
3701,-0.5536050473003131,2026-05-12 17:16:55.865464,2026-05-12 17:17:00.867634,0 days 00:00:05.002170,0.25,0.9,3,0.03,0.01,0.3,0.12,5,0.5,5,0.5,,,,,,PRUNED
3702,-0.4949550728026253,2026-05-12 17:17:00.891508,2026-05-12 17:17:05.100031,0 days 00:00:04.208523,0.25,0.7,3,0.05,0.01,0.3,0.08,5,0.6,20,0.5,,,,,,PRUNED
3703,-9999.0,2026-05-12 17:17:05.122460,2026-05-12 17:17:05.361370,0 days 00:00:00.238910,0.35,0.7,3,0.03,0.02,0.6,0.12,5,0.7,10,0.5,,,,,BEAR_RATIO < NEUTRAL_RATIO < BULL_RATIO 约束违反: 0.35 / 0.7 / 0.7,COMPLETE
3704,-0.49370989018570866,2026-05-12 17:17:05.384695,2026-05-12 17:17:10.630698,0 days 00:00:05.246003,0.45,0.7,4,0.03,0.01,0.45,0.16,5,0.6,5,0.65,,,,,,PRUNED
3705,-0.42357363260304626,2026-05-12 17:17:10.654522,2026-05-12 17:17:11.013841,0 days 00:00:00.359319,0.45,0.7,2,0.05,0.02,0.6,0.08,6,0.6,20,0.8,,,,,,PRUNED
3706,-0.4889810004158946,2026-05-12 17:17:11.039905,2026-05-12 17:17:16.890128,0 days 00:00:05.850223,0.45,0.8,4,0.03,0.01,0.6,0.08,6,0.7,5,0.8,,,,,,PRUNED
3707,-0.518226033884255,2026-05-12 17:17:16.918371,2026-05-12 17:17:22.237511,0 days 00:00:05.319140,0.35,0.9,4,0.05,0.02,0.6,0.08,4,0.5,5,0.8,,,,,,PRUNED
3708,-0.5002099918759456,2026-05-12 17:17:22.264835,2026-05-12 17:17:28.257701,0 days 00:00:05.992866,0.45,0.9,2,0.05,0.02,0.3,0.16,4,0.5,5,0.65,,,,,,PRUNED
3709,-0.5179924623587872,2026-05-12 17:17:28.284771,2026-05-12 17:17:28.874608,0 days 00:00:00.589837,0.45,0.7,2,0.05,0.02,0.6,0.08,6,0.5,20,0.8,-0.39108387647623727,-0.030830266507629607,0.2538171717650998,0.36025360996860767,,COMPLETE
3710,-0.5179924623587872,2026-05-12 17:17:28.903759,2026-05-12 17:17:29.505317,0 days 00:00:00.601558,0.45,0.7,2,0.05,0.02,0.6,0.08,6,0.5,20,0.8,-0.39108387647623727,-0.030830266507629607,0.2538171717650998,0.36025360996860767,,COMPLETE
3711,-0.47159248374964735,2026-05-12 17:17:29.533101,2026-05-12 17:17:35.101709,0 days 00:00:05.568608,0.35,0.7,4,0.05,0.02,0.3,0.12,6,0.6,10,0.65,,,,,,PRUNED
3712,-0.4647739068957496,2026-05-12 17:17:35.147095,2026-05-12 17:17:39.784190,0 days 00:00:04.637095,0.45,0.8,3,0.05,0.02,0.6,0.16,3,0.6,5,0.5,,,,,,PRUNED
3713,-0.6002149276977219,2026-05-12 17:17:39.809462,2026-05-12 17:17:44.107575,0 days 00:00:04.298113,0.25,0.7,4,0.05,0.02,0.3,0.08,3,0.5,20,0.65,,,,,,PRUNED
3714,-0.5355330521467666,2026-05-12 17:17:44.135068,2026-05-12 17:17:49.884661,0 days 00:00:05.749593,0.35,0.7,2,0.03,0.02,0.3,0.16,6,0.6,5,0.5,,,,,,PRUNED
3715,-0.5179924623587872,2026-05-12 17:17:49.917935,2026-05-12 17:17:50.441100,0 days 00:00:00.523165,0.45,0.7,2,0.05,0.02,0.6,0.08,6,0.5,20,0.8,-0.39108387647623727,-0.030830266507629607,0.2538171717650998,0.36025360996860767,,COMPLETE
3716,-0.5179924623587872,2026-05-12 17:17:50.469826,2026-05-12 17:17:51.003847,0 days 00:00:00.534021,0.45,0.7,2,0.05,0.02,0.6,0.08,6,0.5,20,0.8,-0.39108387647623727,-0.030830266507629607,0.2538171717650998,0.36025360996860767,,COMPLETE
3717,-0.5232006693942953,2026-05-12 17:17:51.027705,2026-05-12 17:17:56.037435,0 days 00:00:05.009730,0.25,0.8,4,0.05,0.02,0.45,0.16,6,0.6,10,0.65,,,,,,PRUNED
3718,-0.4213231947291116,2026-05-12 17:17:56.062585,2026-05-12 17:17:56.406600,0 days 00:00:00.344015,0.45,0.7,2,0.05,0.02,0.6,0.08,4,0.5,20,0.8,,,,,,PRUNED
3719,-0.5179924623587872,2026-05-12 17:17:56.432827,2026-05-12 17:17:56.948457,0 days 00:00:00.515630,0.45,0.7,2,0.05,0.01,0.6,0.08,6,0.5,20,0.8,-0.39108387647623727,-0.030830266507629607,0.2538171717650998,0.36025360996860767,,COMPLETE
3720,-0.5528133732807274,2026-05-12 17:17:56.990763,2026-05-12 17:18:01.418014,0 days 00:00:04.427251,0.35,0.8,2,0.03,0.01,0.6,0.16,5,0.7,5,0.65,,,,,,PRUNED
3721,-0.5179924623587872,2026-05-12 17:18:01.443671,2026-05-12 17:18:02.010749,0 days 00:00:00.567078,0.45,0.7,2,0.05,0.02,0.6,0.08,6,0.5,20,0.8,-0.39108387647623727,-0.030830266507629607,0.2538171717650998,0.36025360996860767,,COMPLETE
3722,-0.47441457244516044,2026-05-12 17:18:02.038133,2026-05-12 17:18:02.380426,0 days 00:00:00.342293,0.25,0.7,2,0.05,0.02,0.6,0.08,6,0.5,20,0.8,,,,,,PRUNED
3723,-0.5179924623587872,2026-05-12 17:18:02.403944,2026-05-12 17:18:02.938092,0 days 00:00:00.534148,0.45,0.7,2,0.05,0.02,0.6,0.08,6,0.5,20,0.8,-0.39108387647623727,-0.030830266507629607,0.2538171717650998,0.36025360996860767,,COMPLETE
3724,-0.44749942195648024,2026-05-12 17:18:02.962668,2026-05-12 17:18:08.428017,0 days 00:00:05.465349,0.45,0.7,2,0.03,0.02,0.6,0.08,6,0.6,10,0.8,,,,,,PRUNED
3725,-0.44222659773842976,2026-05-12 17:18:08.455085,2026-05-12 17:18:08.853556,0 days 00:00:00.398471,0.45,0.8,2,0.05,0.02,0.6,0.16,6,0.5,20,0.8,,,,,,PRUNED
3726,-0.47011417642931613,2026-05-12 17:18:08.879341,2026-05-12 17:18:14.169518,0 days 00:00:05.290177,0.45,0.7,2,0.05,0.01,0.3,0.12,4,0.5,5,0.65,,,,,,PRUNED
3727,-0.5179924623587872,2026-05-12 17:18:14.196569,2026-05-12 17:18:14.758563,0 days 00:00:00.561994,0.45,0.7,2,0.05,0.02,0.6,0.08,6,0.5,20,0.8,-0.39108387647623727,-0.030830266507629607,0.2538171717650998,0.36025360996860767,,COMPLETE
3728,-0.5179924623587872,2026-05-12 17:18:14.789732,2026-05-12 17:18:15.389712,0 days 00:00:00.599980,0.45,0.7,2,0.05,0.02,0.6,0.08,6,0.5,20,0.8,-0.39108387647623727,-0.030830266507629607,0.2538171717650998,0.36025360996860767,,COMPLETE
3729,-0.4296411080598753,2026-05-12 17:18:15.415596,2026-05-12 17:18:15.769187,0 days 00:00:00.353591,0.45,0.7,2,0.05,0.02,0.6,0.16,6,0.5,20,0.8,,,,,,PRUNED
3730,-0.4092137988646166,2026-05-12 17:18:15.796500,2026-05-12 17:18:16.164233,0 days 00:00:00.367733,0.45,0.7,2,0.05,0.02,0.6,0.08,6,0.5,10,0.8,,,,,,PRUNED
3731,-0.46167855929889545,2026-05-12 17:18:16.190876,2026-05-12 17:18:21.363338,0 days 00:00:05.172462,0.35,0.9,2,0.05,0.02,0.3,0.08,5,0.5,10,0.65,,,,,,PRUNED
3732,-0.5408553464482255,2026-05-12 17:18:21.388482,2026-05-12 17:18:26.573673,0 days 00:00:05.185191,0.25,0.8,3,0.03,0.02,0.45,0.12,6,0.6,10,0.8,,,,,,PRUNED
3733,-0.5964798596875829,2026-05-12 17:18:26.599687,2026-05-12 17:18:28.938904,0 days 00:00:02.339217,0.45,0.8,4,0.03,0.01,0.45,0.16,3,0.7,10,0.8,,,,,,PRUNED
3734,-0.5179924623587872,2026-05-12 17:18:28.963976,2026-05-12 17:18:29.491748,0 days 00:00:00.527772,0.45,0.7,2,0.05,0.02,0.6,0.08,6,0.5,20,0.8,-0.39108387647623727,-0.030830266507629607,0.2538171717650998,0.36025360996860767,,COMPLETE
3735,-0.4901869509792599,2026-05-12 17:18:29.519092,2026-05-12 17:18:35.263822,0 days 00:00:05.744730,0.35,0.8,4,0.05,0.01,0.6,0.16,6,0.5,5,0.5,,,,,,PRUNED
3736,-0.4227083328226171,2026-05-12 17:18:35.288815,2026-05-12 17:18:40.601284,0 days 00:00:05.312469,0.45,0.8,2,0.05,0.02,0.6,0.08,6,0.5,10,0.5,,,,,,PRUNED
3737,-9999.0,2026-05-12 17:18:40.628281,2026-05-12 17:18:40.939802,0 days 00:00:00.311521,0.35,0.7,4,0.05,0.02,0.6,0.08,3,0.7,10,0.8,,,,,BEAR_RATIO < NEUTRAL_RATIO < BULL_RATIO 约束违反: 0.35 / 0.7 / 0.7,COMPLETE
3738,-0.5577778592366471,2026-05-12 17:18:40.965911,2026-05-12 17:18:47.144267,0 days 00:00:06.178356,0.25,0.9,3,0.03,0.01,0.6,0.16,5,0.6,10,0.8,,,,,,PRUNED
3739,-0.46526569740560475,2026-05-12 17:18:47.171972,2026-05-12 17:18:52.095242,0 days 00:00:04.923270,0.45,0.7,3,0.05,0.02,0.3,0.16,5,0.6,20,0.65,,,,,,PRUNED
3740,-0.4683845671571608,2026-05-12 17:18:52.121287,2026-05-12 17:18:56.955381,0 days 00:00:04.834094,0.45,0.8,2,0.05,0.01,0.3,0.08,5,0.7,20,0.65,,,,,,PRUNED
3741,-0.4100386278766106,2026-05-12 17:18:56.980632,2026-05-12 17:18:57.327460,0 days 00:00:00.346828,0.45,0.7,2,0.05,0.02,0.3,0.08,6,0.5,20,0.8,,,,,,PRUNED
3742,-0.5179924623587872,2026-05-12 17:18:57.357033,2026-05-12 17:18:57.894929,0 days 00:00:00.537896,0.45,0.7,2,0.05,0.02,0.6,0.08,6,0.5,20,0.8,-0.39108387647623727,-0.030830266507629607,0.2538171717650998,0.36025360996860767,,COMPLETE
3743,-0.5020893434248702,2026-05-12 17:18:57.919210,2026-05-12 17:19:02.795893,0 days 00:00:04.876683,0.25,0.7,3,0.05,0.02,0.6,0.16,6,0.5,20,0.8,,,,,,PRUNED
3744,-0.41425741193738236,2026-05-12 17:19:02.820208,2026-05-12 17:19:03.179561,0 days 00:00:00.359353,0.45,0.7,2,0.05,0.02,0.6,0.08,6,0.5,5,0.8,,,,,,PRUNED
3745,-0.5179924623587872,2026-05-12 17:19:03.206544,2026-05-12 17:19:03.752535,0 days 00:00:00.545991,0.45,0.7,2,0.05,0.02,0.6,0.08,6,0.5,20,0.8,-0.39108387647623727,-0.030830266507629607,0.2538171717650998,0.36025360996860767,,COMPLETE
3746,-0.4474407994023931,2026-05-12 17:19:03.789656,2026-05-12 17:19:09.006396,0 days 00:00:05.216740,0.45,0.8,4,0.05,0.02,0.45,0.16,6,0.5,10,0.65,,,,,,PRUNED
3747,-0.49936126996809443,2026-05-12 17:19:09.030693,2026-05-12 17:19:13.334183,0 days 00:00:04.303490,0.25,0.9,3,0.05,0.02,0.6,0.12,4,0.6,10,0.8,,,,,,PRUNED
3748,-0.5776863727879576,2026-05-12 17:19:13.359424,2026-05-12 17:19:17.376576,0 days 00:00:04.017152,0.25,0.9,2,0.03,0.01,0.3,0.12,5,0.7,5,0.65,,,,,,PRUNED
3749,-0.637382778654488,2026-05-12 17:19:17.403153,2026-05-12 17:19:20.582501,0 days 00:00:03.179348,0.25,0.9,4,0.05,0.02,0.6,0.16,3,0.6,20,0.8,,,,,,PRUNED
3750,-9999.0,2026-05-12 17:19:20.607639,2026-05-12 17:19:21.021272,0 days 00:00:00.413633,0.45,0.7,4,0.05,0.02,0.6,0.08,6,0.7,20,0.5,,,,,BEAR_RATIO < NEUTRAL_RATIO < BULL_RATIO 约束违反: 0.45 / 0.7 / 0.7,COMPLETE
3751,-9999.0,2026-05-12 17:19:21.045039,2026-05-12 17:19:21.326841,0 days 00:00:00.281802,0.25,0.7,2,0.05,0.02,0.45,0.08,4,0.7,10,0.8,,,,,BEAR_RATIO < NEUTRAL_RATIO < BULL_RATIO 约束违反: 0.25 / 0.7 / 0.7,COMPLETE
3752,-0.5031646351129958,2026-05-12 17:19:21.350347,2026-05-12 17:19:25.896296,0 days 00:00:04.545949,0.25,0.7,2,0.05,0.02,0.6,0.16,5,0.5,20,0.8,,,,,,PRUNED
3753,-0.4208413622985072,2026-05-12 17:19:25.923468,2026-05-12 17:19:31.054141,0 days 00:00:05.130673,0.45,0.7,2,0.05,0.02,0.6,0.12,6,0.5,10,0.5,,,,,,PRUNED
3754,-0.569094582304922,2026-05-12 17:19:31.079008,2026-05-12 17:19:36.082427,0 days 00:00:05.003419,0.35,0.9,2,0.03,0.01,0.3,0.12,4,0.7,5,0.5,,,,,,PRUNED
3755,-0.5215053322673487,2026-05-12 17:19:36.111261,2026-05-12 17:19:42.720225,0 days 00:00:06.608964,0.25,0.8,4,0.05,0.02,0.3,0.12,5,0.5,5,0.5,,,,,,PRUNED
3756,-0.49244258730448737,2026-05-12 17:19:42.746556,2026-05-12 17:19:47.093294,0 days 00:00:04.346738,0.25,0.8,4,0.03,0.02,0.45,0.08,4,0.6,20,0.5,,,,,,PRUNED
3757,-0.6230310004017942,2026-05-12 17:19:47.117954,2026-05-12 17:19:50.649391,0 days 00:00:03.531437,0.45,0.9,3,0.05,0.02,0.6,0.08,3,0.7,20,0.5,,,,,,PRUNED
3758,-0.5179924623587872,2026-05-12 17:19:50.691322,2026-05-12 17:19:51.257276,0 days 00:00:00.565954,0.45,0.7,2,0.05,0.02,0.6,0.08,6,0.5,20,0.8,-0.39108387647623727,-0.030830266507629607,0.2538171717650998,0.36025360996860767,,COMPLETE
3759,-9999.0,2026-05-12 17:19:51.285926,2026-05-12 17:19:51.588634,0 days 00:00:00.302708,0.35,0.7,2,0.03,0.01,0.3,0.12,4,0.7,10,0.5,,,,,BEAR_RATIO < NEUTRAL_RATIO < BULL_RATIO 约束违反: 0.35 / 0.7 / 0.7,COMPLETE
3760,-0.5549943868786323,2026-05-12 17:19:51.618071,2026-05-12 17:19:57.986218,0 days 00:00:06.368147,0.25,0.7,3,0.03,0.02,0.3,0.12,6,0.6,5,0.5,,,,,,PRUNED
3761,-0.46819202639358015,2026-05-12 17:19:58.013802,2026-05-12 17:20:02.377371,0 days 00:00:04.363569,0.25,0.7,4,0.05,0.02,0.3,0.08,4,0.5,10,0.8,,,,,,PRUNED
3762,-0.48577422201346354,2026-05-12 17:20:02.403291,2026-05-12 17:20:06.462602,0 days 00:00:04.059311,0.45,0.8,3,0.03,0.02,0.3,0.16,4,0.5,20,0.5,,,,,,PRUNED
3763,-0.5582273378015395,2026-05-12 17:20:06.487923,2026-05-12 17:20:10.209950,0 days 00:00:03.722027,0.45,0.8,3,0.05,0.01,0.6,0.12,3,0.7,10,0.5,,,,,,PRUNED
3764,-0.42056632138184724,2026-05-12 17:20:10.238264,2026-05-12 17:20:10.582338,0 days 00:00:00.344074,0.45,0.8,2,0.05,0.02,0.6,0.08,6,0.5,20,0.8,,,,,,PRUNED
3765,-0.5182146398982329,2026-05-12 17:20:10.609735,2026-05-12 17:20:15.221649,0 days 00:00:04.611914,0.45,0.9,2,0.03,0.01,0.6,0.12,5,0.7,20,0.5,,,,,,PRUNED
3766,-9999.0,2026-05-12 17:20:15.247909,2026-05-12 17:20:15.558156,0 days 00:00:00.310247,0.25,0.7,4,0.03,0.02,0.6,0.16,6,0.7,10,0.5,,,,,BEAR_RATIO < NEUTRAL_RATIO < BULL_RATIO 约束违反: 0.25 / 0.7 / 0.7,COMPLETE
3767,-0.43333909441165963,2026-05-12 17:20:15.581684,2026-05-12 17:20:15.948815,0 days 00:00:00.367131,0.35,0.7,2,0.05,0.02,0.6,0.08,6,0.5,20,0.8,,,,,,PRUNED
3768,-0.5179924623587872,2026-05-12 17:20:15.974710,2026-05-12 17:20:16.500468,0 days 00:00:00.525758,0.45,0.7,2,0.05,0.02,0.6,0.08,6,0.5,20,0.8,-0.39108387647623727,-0.030830266507629607,0.2538171717650998,0.36025360996860767,,COMPLETE
3769,-0.5212454963182298,2026-05-12 17:20:16.539239,2026-05-12 17:20:19.411935,0 days 00:00:02.872696,0.25,0.7,3,0.03,0.01,0.45,0.08,3,0.6,5,0.65,,,,,,PRUNED
3770,-0.5285453166369105,2026-05-12 17:20:19.437434,2026-05-12 17:20:23.139246,0 days 00:00:03.701812,0.35,0.7,2,0.05,0.02,0.6,0.12,3,0.5,10,0.8,,,,,,PRUNED
3771,-0.47280390791894,2026-05-12 17:20:23.164625,2026-05-12 17:20:28.128388,0 days 00:00:04.963763,0.45,0.9,3,0.05,0.02,0.3,0.16,5,0.6,10,0.65,,,,,,PRUNED
3772,-0.5179924623587872,2026-05-12 17:20:28.154007,2026-05-12 17:20:28.743722,0 days 00:00:00.589715,0.45,0.7,2,0.05,0.02,0.6,0.08,6,0.5,20,0.8,-0.39108387647623727,-0.030830266507629607,0.2538171717650998,0.36025360996860767,,COMPLETE
3773,-0.4632571790968943,2026-05-12 17:20:28.771511,2026-05-12 17:20:33.195667,0 days 00:00:04.424156,0.35,0.9,3,0.05,0.01,0.6,0.08,4,0.5,10,0.8,,,,,,PRUNED
3774,-0.5227324464962658,2026-05-12 17:20:33.221190,2026-05-12 17:20:38.796367,0 days 00:00:05.575177,0.25,0.9,2,0.05,0.01,0.6,0.12,5,0.6,20,0.65,,,,,,PRUNED
3775,-0.43223096142417294,2026-05-12 17:20:38.820242,2026-05-12 17:20:39.276377,0 days 00:00:00.456135,0.45,0.9,2,0.05,0.02,0.6,0.08,6,0.5,20,0.8,,,,,,PRUNED
3776,-9999.0,2026-05-12 17:20:39.304224,2026-05-12 17:20:39.609377,0 days 00:00:00.305153,0.35,0.7,4,0.03,0.01,0.3,0.12,3,0.7,5,0.65,,,,,BEAR_RATIO < NEUTRAL_RATIO < BULL_RATIO 约束违反: 0.35 / 0.7 / 0.7,COMPLETE
3777,-0.5172349443656045,2026-05-12 17:20:39.637063,2026-05-12 17:20:44.051251,0 days 00:00:04.414188,0.25,0.8,3,0.03,0.02,0.45,0.12,4,0.7,10,0.8,,,,,,PRUNED
3778,-0.5179924623587872,2026-05-12 17:20:44.077871,2026-05-12 17:20:44.645161,0 days 00:00:00.567290,0.45,0.7,2,0.05,0.02,0.6,0.08,6,0.5,20,0.8,-0.39108387647623727,-0.030830266507629607,0.2538171717650998,0.36025360996860767,,COMPLETE
3779,-0.4738221018429511,2026-05-12 17:20:44.669875,2026-05-12 17:20:48.719541,0 days 00:00:04.049666,0.25,0.7,2,0.05,0.01,0.45,0.08,6,0.5,20,0.8,,,,,,PRUNED
3780,-0.5333128241286736,2026-05-12 17:20:48.748034,2026-05-12 17:20:53.948336,0 days 00:00:05.200302,0.25,0.9,4,0.05,0.01,0.6,0.08,3,0.6,5,0.65,,,,,,PRUNED
3781,-0.41350553293511805,2026-05-12 17:20:53.978343,2026-05-12 17:21:00.079265,0 days 00:00:06.100922,0.45,0.7,2,0.05,0.02,0.45,0.08,6,0.5,5,0.5,,,,,,PRUNED
3782,-0.5191116512781389,2026-05-12 17:21:00.107178,2026-05-12 17:21:05.267200,0 days 00:00:05.160022,0.35,0.9,2,0.03,0.01,0.45,0.12,6,0.6,20,0.65,,,,,,PRUNED
3783,-0.49710370833536494,2026-05-12 17:21:05.293621,2026-05-12 17:21:10.539377,0 days 00:00:05.245756,0.45,0.8,2,0.03,0.02,0.6,0.08,4,0.5,5,0.65,,,,,,PRUNED
3784,-0.4994589464991912,2026-05-12 17:21:10.566778,2026-05-12 17:21:15.639740,0 days 00:00:05.072962,0.35,0.9,3,0.05,0.01,0.3,0.12,5,0.7,10,0.5,,,,,,PRUNED
3785,-0.46467798192810794,2026-05-12 17:21:15.669286,2026-05-12 17:21:18.921826,0 days 00:00:03.252540,0.45,0.9,4,0.05,0.02,0.6,0.08,6,0.7,20,0.8,,,,,,PRUNED
3786,-0.5040094971937735,2026-05-12 17:21:18.948610,2026-05-12 17:21:23.333963,0 days 00:00:04.385353,0.25,0.7,3,0.05,0.02,0.45,0.16,3,0.5,5,0.5,,,,,,PRUNED
3787,-0.4457695275926993,2026-05-12 17:21:23.357716,2026-05-12 17:21:28.282698,0 days 00:00:04.924982,0.45,0.9,2,0.05,0.02,0.3,0.12,6,0.5,20,0.8,,,,,,PRUNED
3788,-0.4574377238979434,2026-05-12 17:21:28.312207,2026-05-12 17:21:33.584657,0 days 00:00:05.272450,0.35,0.7,2,0.05,0.01,0.3,0.16,5,0.5,10,0.65,,,,,,PRUNED
3789,-9999.0,2026-05-12 17:21:33.612587,2026-05-12 17:21:33.931396,0 days 00:00:00.318809,0.45,0.7,3,0.03,0.01,0.45,0.12,4,0.7,10,0.8,,,,,BEAR_RATIO < NEUTRAL_RATIO < BULL_RATIO 约束违反: 0.45 / 0.7 / 0.7,COMPLETE
3790,-0.5179924623587872,2026-05-12 17:21:33.957750,2026-05-12 17:21:34.504149,0 days 00:00:00.546399,0.45,0.7,2,0.05,0.02,0.6,0.08,6,0.5,20,0.8,-0.39108387647623727,-0.030830266507629607,0.2538171717650998,0.36025360996860767,,COMPLETE
3791,-9999.0,2026-05-12 17:21:34.529114,2026-05-12 17:21:34.849458,0 days 00:00:00.320344,0.45,0.7,2,0.05,0.02,0.6,0.08,6,0.7,20,0.8,,,,,BEAR_RATIO < NEUTRAL_RATIO < BULL_RATIO 约束违反: 0.45 / 0.7 / 0.7,COMPLETE
3792,-0.4318124553734489,2026-05-12 17:21:34.875524,2026-05-12 17:21:35.232485,0 days 00:00:00.356961,0.45,0.7,2,0.03,0.02,0.6,0.08,6,0.5,20,0.8,,,,,,PRUNED
3793,-0.5251121965018477,2026-05-12 17:21:35.263670,2026-05-12 17:21:41.445437,0 days 00:00:06.181767,0.45,0.7,4,0.03,0.02,0.45,0.16,4,0.6,5,0.5,,,,,,PRUNED
3794,-0.5179924623587872,2026-05-12 17:21:41.473537,2026-05-12 17:21:41.995645,0 days 00:00:00.522108,0.45,0.7,2,0.05,0.01,0.6,0.08,6,0.5,20,0.8,-0.39108387647623727,-0.030830266507629607,0.2538171717650998,0.36025360996860767,,COMPLETE
3795,-0.44968804512581806,2026-05-12 17:21:42.020463,2026-05-12 17:21:47.078951,0 days 00:00:05.058488,0.35,0.7,2,0.05,0.02,0.45,0.08,6,0.6,20,0.8,,,,,,PRUNED
3796,-9999.0,2026-05-12 17:21:47.103500,2026-05-12 17:21:47.376405,0 days 00:00:00.272905,0.45,0.7,2,0.03,0.01,0.45,0.12,6,0.7,5,0.65,,,,,BEAR_RATIO < NEUTRAL_RATIO < BULL_RATIO 约束违反: 0.45 / 0.7 / 0.7,COMPLETE
3797,-0.5179924623587872,2026-05-12 17:21:47.401571,2026-05-12 17:21:47.893332,0 days 00:00:00.491761,0.45,0.7,2,0.05,0.02,0.6,0.08,6,0.5,20,0.8,-0.39108387647623727,-0.030830266507629607,0.2538171717650998,0.36025360996860767,,COMPLETE
3798,-0.5182406672588966,2026-05-12 17:21:47.915687,2026-05-12 17:21:48.477089,0 days 00:00:00.561402,0.45,0.7,2,0.05,0.02,0.45,0.08,6,0.5,20,0.8,-0.3910743597599139,-0.030648087966744914,0.25433261499796533,0.360426271793169,,COMPLETE
3799,-0.5800800945924067,2026-05-12 17:21:48.501061,2026-05-12 17:21:50.369564,0 days 00:00:01.868503,0.45,0.7,2,0.05,0.02,0.6,0.16,3,0.5,20,0.65,,,,,,PRUNED
3800,-0.4194511448045569,2026-05-12 17:21:50.392370,2026-05-12 17:21:50.734221,0 days 00:00:00.341851,0.45,0.7,2,0.05,0.02,0.6,0.12,6,0.5,20,0.8,,,,,,PRUNED
3801,-0.4758113382620621,2026-05-12 17:21:50.760070,2026-05-12 17:21:56.147581,0 days 00:00:05.387511,0.45,0.7,3,0.03,0.02,0.6,0.16,6,0.5,10,0.5,,,,,,PRUNED
3802,-0.5569895968262171,2026-05-12 17:21:56.174286,2026-05-12 17:22:01.630731,0 days 00:00:05.456445,0.25,0.8,2,0.03,0.01,0.3,0.16,6,0.5,10,0.8,,,,,,PRUNED
3803,-0.5090029273455111,2026-05-12 17:22:01.651817,2026-05-12 17:22:07.406812,0 days 00:00:05.754995,0.45,0.8,4,0.03,0.01,0.6,0.12,5,0.7,5,0.8,,,,,,PRUNED
3804,-0.601383889775209,2026-05-12 17:22:07.427920,2026-05-12 17:22:10.993118,0 days 00:00:03.565198,0.25,0.7,2,0.05,0.02,0.6,0.12,3,0.5,20,0.8,,,,,,PRUNED
3805,-0.5744438324300596,2026-05-12 17:22:11.020093,2026-05-12 17:22:14.836619,0 days 00:00:03.816526,0.25,0.8,2,0.03,0.02,0.3,0.08,3,0.7,10,0.5,,,,,,PRUNED
3806,-0.4962199105897478,2026-05-12 17:22:14.881771,2026-05-12 17:22:20.218015,0 days 00:00:05.336244,0.35,0.9,4,0.05,0.01,0.3,0.12,6,0.6,10,0.65,,,,,,PRUNED
3807,-0.5650958533139125,2026-05-12 17:22:20.246509,2026-05-12 17:22:23.094147,0 days 00:00:02.847638,0.25,0.8,4,0.03,0.02,0.3,0.12,3,0.7,5,0.65,,,,,,PRUNED
3808,-0.5179924623587872,2026-05-12 17:22:23.121423,2026-05-12 17:22:23.674141,0 days 00:00:00.552718,0.45,0.7,2,0.05,0.02,0.6,0.08,6,0.5,20,0.8,-0.39108387647623727,-0.030830266507629607,0.2538171717650998,0.36025360996860767,,COMPLETE
3809,-9999.0,2026-05-12 17:22:23.700397,2026-05-12 17:22:24.019284,0 days 00:00:00.318887,0.35,0.7,4,0.05,0.01,0.6,0.08,5,0.7,5,0.8,,,,,BEAR_RATIO < NEUTRAL_RATIO < BULL_RATIO 约束违反: 0.35 / 0.7 / 0.7,COMPLETE
3810,-9999.0,2026-05-12 17:22:24.045704,2026-05-12 17:22:24.346809,0 days 00:00:00.301105,0.45,0.7,2,0.03,0.02,0.6,0.12,6,0.7,5,0.8,,,,,BEAR_RATIO < NEUTRAL_RATIO < BULL_RATIO 约束违反: 0.45 / 0.7 / 0.7,COMPLETE
3811,-0.4326127440701006,2026-05-12 17:22:24.372658,2026-05-12 17:22:29.134568,0 days 00:00:04.761910,0.45,0.7,2,0.05,0.02,0.45,0.12,5,0.5,20,0.8,,,,,,PRUNED
3812,-0.5179924623587872,2026-05-12 17:22:29.161521,2026-05-12 17:22:29.761632,0 days 00:00:00.600111,0.45,0.7,2,0.05,0.02,0.6,0.08,6,0.5,20,0.8,-0.39108387647623727,-0.030830266507629607,0.2538171717650998,0.36025360996860767,,COMPLETE
