number,value,datetime_start,datetime_complete,duration,params_BEAR_RATIO,params_BULL_RATIO,params_GRID_MAX_LAYER,params_GRID_STEP_MAX,params_GRID_STEP_MIN,params_GRID_STEP_VOL_FACTOR,params_LAYER_FRACTION,params_MAX_HOLD,params_NEUTRAL_RATIO,params_REBALANCE_FREQ,params_VOL_WEIGHT,user_attrs_avg_test_score,user_attrs_avg_train_score,user_attrs_test_score_std,user_attrs_train_test_gap,user_attrs_validation_error,state
9299,-0.5179924623587872,2026-05-12 21:58:31.517824,2026-05-12 21:58:32.148611,0 days 00:00:00.630787,0.45,0.7,2,0.05,0.02,0.6,0.08,6,0.5,20,0.8,-0.39108387647623727,-0.030830266507629607,0.2538171717650998,0.36025360996860767,,COMPLETE
9300,-0.5133302479188635,2026-05-12 21:58:32.175919,2026-05-12 21:58:36.280354,0 days 00:00:04.104435,0.25,0.9,4,0.03,0.02,0.3,0.12,4,0.5,20,0.5,,,,,,PRUNED
9301,-0.48436963921238974,2026-05-12 21:58:36.310679,2026-05-12 21:58:41.154986,0 days 00:00:04.844307,0.45,0.9,4,0.03,0.02,0.45,0.08,5,0.6,20,0.8,,,,,,PRUNED
9302,-0.5588589686931269,2026-05-12 21:58:41.186497,2026-05-12 21:58:47.044428,0 days 00:00:05.857931,0.25,0.8,2,0.03,0.02,0.45,0.08,4,0.6,5,0.8,,,,,,PRUNED
9303,-0.4459631913366144,2026-05-12 21:58:47.075423,2026-05-12 21:58:51.392278,0 days 00:00:04.316855,0.45,0.7,3,0.03,0.02,0.6,0.08,4,0.5,10,0.8,,,,,,PRUNED
9304,-0.43477835000817266,2026-05-12 21:58:51.420176,2026-05-12 21:58:51.847846,0 days 00:00:00.427670,0.45,0.7,4,0.05,0.02,0.6,0.16,6,0.5,20,0.8,,,,,,PRUNED
9305,-0.5179924623587872,2026-05-12 21:58:51.876193,2026-05-12 21:58:52.501604,0 days 00:00:00.625411,0.45,0.7,2,0.05,0.02,0.6,0.08,6,0.5,20,0.8,-0.39108387647623727,-0.030830266507629607,0.2538171717650998,0.36025360996860767,,COMPLETE
9306,-0.5266653921906987,2026-05-12 21:58:52.543697,2026-05-12 21:58:56.862159,0 days 00:00:04.318462,0.35,0.9,3,0.03,0.01,0.6,0.16,4,0.7,10,0.8,,,,,,PRUNED
9307,-0.5778385103790337,2026-05-12 21:58:56.889738,2026-05-12 21:59:01.814214,0 days 00:00:04.924476,0.25,0.9,3,0.03,0.01,0.3,0.16,6,0.6,20,0.8,,,,,,PRUNED
9308,-0.42314434753360175,2026-05-12 21:59:01.844730,2026-05-12 21:59:06.694889,0 days 00:00:04.850159,0.45,0.7,2,0.05,0.02,0.45,0.08,6,0.6,20,0.65,,,,,,PRUNED
9309,-0.43333909441165963,2026-05-12 21:59:06.725153,2026-05-12 21:59:07.142438,0 days 00:00:00.417285,0.35,0.7,2,0.05,0.02,0.6,0.08,6,0.5,20,0.8,,,,,,PRUNED
9310,-0.4941438235107684,2026-05-12 21:59:07.170478,2026-05-12 21:59:11.184577,0 days 00:00:04.014099,0.35,0.9,4,0.03,0.01,0.3,0.12,4,0.5,20,0.65,,,,,,PRUNED
9311,-0.6225728505741596,2026-05-12 21:59:11.212626,2026-05-12 21:59:14.626634,0 days 00:00:03.414008,0.35,0.8,4,0.05,0.02,0.6,0.16,3,0.6,20,0.8,,,,,,PRUNED
9312,-0.5966298317509102,2026-05-12 21:59:14.655389,2026-05-12 21:59:15.106862,0 days 00:00:00.451473,0.25,0.7,2,0.05,0.02,0.6,0.08,3,0.5,20,0.8,,,,,,PRUNED
9313,-0.4213231947291116,2026-05-12 21:59:15.135103,2026-05-12 21:59:15.546895,0 days 00:00:00.411792,0.45,0.7,2,0.05,0.01,0.6,0.08,4,0.5,20,0.8,,,,,,PRUNED
9314,-9999.0,2026-05-12 21:59:15.574416,2026-05-12 21:59:15.944629,0 days 00:00:00.370213,0.45,0.7,4,0.03,0.02,0.6,0.16,5,0.7,10,0.8,,,,,BEAR_RATIO < NEUTRAL_RATIO < BULL_RATIO 约束违反: 0.45 / 0.7 / 0.7,COMPLETE
9315,-0.42884364614709114,2026-05-12 21:59:15.974898,2026-05-12 21:59:20.858646,0 days 00:00:04.883748,0.45,0.7,2,0.05,0.01,0.3,0.08,5,0.6,10,0.5,,,,,,PRUNED
9316,-0.5160899383700508,2026-05-12 21:59:20.889170,2026-05-12 21:59:25.210750,0 days 00:00:04.321580,0.35,0.9,3,0.03,0.02,0.45,0.12,3,0.6,5,0.8,,,,,,PRUNED
9317,-0.5441008816442041,2026-05-12 21:59:25.251072,2026-05-12 21:59:28.965528,0 days 00:00:03.714456,0.25,0.7,2,0.05,0.02,0.45,0.12,3,0.5,10,0.65,,,,,,PRUNED
9318,-0.48397165528127967,2026-05-12 21:59:28.993551,2026-05-12 21:59:33.970464,0 days 00:00:04.976913,0.25,0.7,2,0.05,0.02,0.6,0.08,6,0.6,20,0.5,,,,,,PRUNED
9319,-0.42056632138184724,2026-05-12 21:59:33.998854,2026-05-12 21:59:34.396446,0 days 00:00:00.397592,0.45,0.8,2,0.05,0.02,0.6,0.08,6,0.5,20,0.65,,,,,,PRUNED
9320,-0.49496652522332335,2026-05-12 21:59:34.423227,2026-05-12 21:59:39.293413,0 days 00:00:04.870186,0.45,0.7,4,0.03,0.02,0.3,0.12,4,0.5,5,0.65,,,,,,PRUNED
9321,-0.42056632138184724,2026-05-12 21:59:39.324297,2026-05-12 21:59:39.749396,0 days 00:00:00.425099,0.45,0.8,2,0.05,0.02,0.6,0.08,6,0.5,20,0.8,,,,,,PRUNED
9322,-0.5179924623587872,2026-05-12 21:59:39.777931,2026-05-12 21:59:40.413516,0 days 00:00:00.635585,0.45,0.7,2,0.05,0.02,0.6,0.08,6,0.5,20,0.8,-0.39108387647623727,-0.030830266507629607,0.2538171717650998,0.36025360996860767,,COMPLETE
9323,-0.6108320019698384,2026-05-12 21:59:40.442286,2026-05-12 21:59:43.890303,0 days 00:00:03.448017,0.25,0.7,4,0.05,0.02,0.6,0.08,3,0.6,20,0.8,,,,,,PRUNED
9324,-0.48582677073005953,2026-05-12 21:59:43.931633,2026-05-12 21:59:49.753588,0 days 00:00:05.821955,0.35,0.8,3,0.03,0.01,0.6,0.12,5,0.5,10,0.5,,,,,,PRUNED
9325,-0.5179924623587872,2026-05-12 21:59:49.782633,2026-05-12 21:59:50.411026,0 days 00:00:00.628393,0.45,0.7,2,0.05,0.01,0.6,0.08,6,0.5,20,0.8,-0.39108387647623727,-0.030830266507629607,0.2538171717650998,0.36025360996860767,,COMPLETE
9326,-0.5119176708423084,2026-05-12 21:59:50.449501,2026-05-12 21:59:55.270013,0 days 00:00:04.820512,0.25,0.8,2,0.05,0.02,0.6,0.16,6,0.5,20,0.5,,,,,,PRUNED
9327,-0.5454029467823407,2026-05-12 21:59:55.299343,2026-05-12 22:00:00.237865,0 days 00:00:04.938522,0.35,0.9,4,0.03,0.01,0.6,0.08,4,0.6,5,0.65,,,,,,PRUNED
9328,-0.5423263331055458,2026-05-12 22:00:00.265164,2026-05-12 22:00:04.023291,0 days 00:00:03.758127,0.45,0.7,4,0.03,0.01,0.6,0.12,3,0.5,10,0.5,,,,,,PRUNED
9329,-0.5179924623587872,2026-05-12 22:00:04.054033,2026-05-12 22:00:04.711480,0 days 00:00:00.657447,0.45,0.7,2,0.05,0.02,0.6,0.08,6,0.5,20,0.8,-0.39108387647623727,-0.030830266507629607,0.2538171717650998,0.36025360996860767,,COMPLETE
9330,-0.5286756773426724,2026-05-12 22:00:04.739190,2026-05-12 22:00:09.428648,0 days 00:00:04.689458,0.45,0.8,4,0.03,0.01,0.3,0.16,5,0.7,20,0.5,,,,,,PRUNED
9331,-0.5168854631159513,2026-05-12 22:00:09.456519,2026-05-12 22:00:14.301804,0 days 00:00:04.845285,0.25,0.8,2,0.05,0.01,0.3,0.16,6,0.5,20,0.5,,,,,,PRUNED
9332,-0.5149497463725838,2026-05-12 22:00:14.336667,2026-05-12 22:00:20.041534,0 days 00:00:05.704867,0.25,0.7,3,0.05,0.02,0.3,0.12,6,0.5,5,0.65,,,,,,PRUNED
9333,-0.43223096142417294,2026-05-12 22:00:20.086830,2026-05-12 22:00:20.543814,0 days 00:00:00.456984,0.45,0.9,2,0.05,0.02,0.6,0.08,6,0.5,20,0.8,,,,,,PRUNED
9334,-0.4832426547318759,2026-05-12 22:00:20.572419,2026-05-12 22:00:24.595693,0 days 00:00:04.023274,0.35,0.9,3,0.05,0.01,0.45,0.16,4,0.6,20,0.5,,,,,,PRUNED
9335,-0.4822761605001093,2026-05-12 22:00:24.623412,2026-05-12 22:00:28.959669,0 days 00:00:04.336257,0.35,0.8,2,0.03,0.01,0.6,0.08,4,0.6,10,0.5,,,,,,PRUNED
9336,-0.5179924623587872,2026-05-12 22:00:28.990783,2026-05-12 22:00:29.647268,0 days 00:00:00.656485,0.45,0.7,2,0.05,0.02,0.6,0.08,6,0.5,20,0.8,-0.39108387647623727,-0.030830266507629607,0.2538171717650998,0.36025360996860767,,COMPLETE
9337,-0.484423581858537,2026-05-12 22:00:29.686344,2026-05-12 22:00:33.998538,0 days 00:00:04.312194,0.45,0.9,2,0.05,0.01,0.45,0.16,4,0.7,10,0.5,,,,,,PRUNED
9338,-0.634771862823289,2026-05-12 22:00:34.027180,2026-05-12 22:00:37.406887,0 days 00:00:03.379707,0.25,0.8,2,0.03,0.01,0.3,0.08,3,0.7,20,0.8,,,,,,PRUNED
9339,-0.5881044386452069,2026-05-12 22:00:37.433918,2026-05-12 22:00:40.822596,0 days 00:00:03.388678,0.45,0.9,4,0.05,0.01,0.45,0.08,3,0.5,20,0.5,,,,,,PRUNED
9340,-0.4238698659937791,2026-05-12 22:00:40.851404,2026-05-12 22:00:41.292943,0 days 00:00:00.441539,0.45,0.7,2,0.05,0.02,0.45,0.08,5,0.5,20,0.8,,,,,,PRUNED
9341,-0.4610469458646911,2026-05-12 22:00:41.320891,2026-05-12 22:00:45.605820,0 days 00:00:04.284929,0.45,0.8,3,0.05,0.02,0.3,0.12,3,0.6,5,0.5,,,,,,PRUNED
9342,-9999.0,2026-05-12 22:00:45.633553,2026-05-12 22:00:46.016563,0 days 00:00:00.383010,0.45,0.7,2,0.05,0.02,0.6,0.08,6,0.7,20,0.8,,,,,BEAR_RATIO < NEUTRAL_RATIO < BULL_RATIO 约束违反: 0.45 / 0.7 / 0.7,COMPLETE
9343,-0.5070648050544125,2026-05-12 22:00:46.043336,2026-05-12 22:00:51.949514,0 days 00:00:05.906178,0.35,0.7,4,0.03,0.01,0.6,0.16,5,0.6,10,0.65,,,,,,PRUNED
9344,-0.5779351667763257,2026-05-12 22:00:51.994688,2026-05-12 22:00:57.072331,0 days 00:00:05.077643,0.25,0.9,4,0.03,0.02,0.6,0.16,6,0.6,20,0.5,,,,,,PRUNED
9345,-0.4755837925873924,2026-05-12 22:00:57.255123,2026-05-12 22:01:01.830069,0 days 00:00:04.574946,0.35,0.7,3,0.03,0.02,0.3,0.12,3,0.5,5,0.65,,,,,,PRUNED
9346,-0.596244889515074,2026-05-12 22:01:01.861500,2026-05-12 22:01:05.548580,0 days 00:00:03.687080,0.25,0.9,4,0.03,0.02,0.3,0.16,3,0.5,10,0.65,,,,,,PRUNED
9347,-0.5484703807465869,2026-05-12 22:01:05.576090,2026-05-12 22:01:11.063472,0 days 00:00:05.487382,0.25,0.8,3,0.03,0.01,0.3,0.08,5,0.7,5,0.8,,,,,,PRUNED
9348,-0.44986038198872647,2026-05-12 22:01:11.095308,2026-05-12 22:01:15.671670,0 days 00:00:04.576362,0.45,0.9,4,0.05,0.02,0.6,0.08,5,0.5,20,0.5,,,,,,PRUNED
9349,-0.45250751422887103,2026-05-12 22:01:15.699318,2026-05-12 22:01:19.735455,0 days 00:00:04.036137,0.45,0.9,3,0.05,0.01,0.3,0.12,4,0.5,20,0.8,,,,,,PRUNED
9350,-0.5027716886604269,2026-05-12 22:01:19.765145,2026-05-12 22:01:25.505545,0 days 00:00:05.740400,0.35,0.9,4,0.05,0.02,0.6,0.16,6,0.5,5,0.5,,,,,,PRUNED
9351,-0.5640603550524279,2026-05-12 22:01:25.533521,2026-05-12 22:01:30.527182,0 days 00:00:04.993661,0.25,0.7,4,0.03,0.01,0.6,0.16,4,0.5,5,0.65,,,,,,PRUNED
9352,-0.4536741082660777,2026-05-12 22:01:30.555008,2026-05-12 22:01:34.597981,0 days 00:00:04.042973,0.45,0.8,2,0.05,0.01,0.3,0.12,4,0.6,20,0.65,,,,,,PRUNED
9353,-0.4318124553734489,2026-05-12 22:01:34.627094,2026-05-12 22:01:35.043123,0 days 00:00:00.416029,0.45,0.7,2,0.03,0.02,0.6,0.08,6,0.5,20,0.8,,,,,,PRUNED
9354,-0.4687154519298503,2026-05-12 22:01:35.069725,2026-05-12 22:01:39.050114,0 days 00:00:03.980389,0.25,0.8,3,0.05,0.01,0.45,0.08,4,0.5,20,0.65,,,,,,PRUNED
9355,-0.5190797905599238,2026-05-12 22:01:39.081940,2026-05-12 22:01:42.791219,0 days 00:00:03.709279,0.45,0.7,3,0.05,0.02,0.6,0.12,3,0.5,10,0.65,,,,,,PRUNED
9356,-0.412297606432114,2026-05-12 22:01:42.818297,2026-05-12 22:01:47.931412,0 days 00:00:05.113115,0.45,0.7,3,0.05,0.02,0.3,0.08,6,0.5,10,0.5,,,,,,PRUNED
9357,-0.5179924623587872,2026-05-12 22:01:47.956380,2026-05-12 22:01:48.516723,0 days 00:00:00.560343,0.45,0.7,2,0.05,0.02,0.6,0.08,6,0.5,20,0.8,-0.39108387647623727,-0.030830266507629607,0.2538171717650998,0.36025360996860767,,COMPLETE
9358,-0.5212441942226927,2026-05-12 22:01:48.540697,2026-05-12 22:01:53.955652,0 days 00:00:05.414955,0.25,0.8,3,0.05,0.01,0.45,0.12,5,0.7,20,0.5,,,,,,PRUNED
9359,-0.5221317903304603,2026-05-12 22:01:53.995635,2026-05-12 22:01:58.861463,0 days 00:00:04.865828,0.35,0.8,2,0.05,0.02,0.6,0.12,4,0.6,5,0.65,,,,,,PRUNED
9360,-0.42357363260304626,2026-05-12 22:01:58.890357,2026-05-12 22:01:59.310025,0 days 00:00:00.419668,0.45,0.7,2,0.05,0.02,0.6,0.08,6,0.6,20,0.65,,,,,,PRUNED
9361,-0.47805881185671306,2026-05-12 22:01:59.337918,2026-05-12 22:01:59.761707,0 days 00:00:00.423789,0.25,0.7,2,0.05,0.02,0.3,0.08,6,0.5,20,0.8,,,,,,PRUNED
9362,-0.497765034957868,2026-05-12 22:01:59.789718,2026-05-12 22:02:05.473774,0 days 00:00:05.684056,0.25,0.7,4,0.05,0.02,0.6,0.08,6,0.5,5,0.65,,,,,,PRUNED
9363,-0.5179924623587872,2026-05-12 22:02:05.501421,2026-05-12 22:02:06.162065,0 days 00:00:00.660644,0.45,0.7,2,0.05,0.02,0.6,0.08,6,0.5,20,0.8,-0.39108387647623727,-0.030830266507629607,0.2538171717650998,0.36025360996860767,,COMPLETE
9364,-0.4513066062230506,2026-05-12 22:02:06.190148,2026-05-12 22:02:11.110485,0 days 00:00:04.920337,0.45,0.7,4,0.05,0.02,0.45,0.16,5,0.6,10,0.5,,,,,,PRUNED
9365,-0.6090565460808017,2026-05-12 22:02:11.141602,2026-05-12 22:02:14.679578,0 days 00:00:03.537976,0.35,0.8,3,0.05,0.02,0.6,0.08,3,0.6,20,0.65,,,,,,PRUNED
9366,-0.4429247480480498,2026-05-12 22:02:14.710143,2026-05-12 22:02:19.048072,0 days 00:00:04.337929,0.45,0.7,2,0.05,0.01,0.45,0.08,3,0.6,5,0.5,,,,,,PRUNED
9367,-0.4194511448045569,2026-05-12 22:02:19.077961,2026-05-12 22:02:19.510104,0 days 00:00:00.432143,0.45,0.7,2,0.05,0.02,0.6,0.12,6,0.5,20,0.8,,,,,,PRUNED
9368,-0.42357363260304626,2026-05-12 22:02:19.539514,2026-05-12 22:02:19.962459,0 days 00:00:00.422945,0.45,0.7,2,0.05,0.01,0.6,0.08,6,0.6,20,0.8,,,,,,PRUNED
9369,-0.5182406672588966,2026-05-12 22:02:19.990400,2026-05-12 22:02:20.628967,0 days 00:00:00.638567,0.45,0.7,2,0.05,0.02,0.45,0.08,6,0.5,20,0.8,-0.3910743597599139,-0.030648087966744914,0.25433261499796533,0.360426271793169,,COMPLETE
9370,-0.6533065203782776,2026-05-12 22:02:20.659783,2026-05-12 22:02:24.105427,0 days 00:00:03.445644,0.25,0.9,3,0.03,0.01,0.3,0.12,3,0.7,20,0.65,,,,,,PRUNED
9371,-0.5179924623587872,2026-05-12 22:02:24.132323,2026-05-12 22:02:24.783086,0 days 00:00:00.650763,0.45,0.7,2,0.05,0.02,0.6,0.08,6,0.5,20,0.8,-0.39108387647623727,-0.030830266507629607,0.2538171717650998,0.36025360996860767,,COMPLETE
9372,-0.5567519554588424,2026-05-12 22:02:24.810245,2026-05-12 22:02:28.555089,0 days 00:00:03.744844,0.45,0.8,3,0.03,0.01,0.45,0.16,3,0.5,10,0.65,,,,,,PRUNED
9373,-0.4810314553446031,2026-05-12 22:02:28.584922,2026-05-12 22:02:33.001545,0 days 00:00:04.416623,0.45,0.7,2,0.03,0.02,0.6,0.16,3,0.6,5,0.8,,,,,,PRUNED
9374,-0.5179924623587872,2026-05-12 22:02:33.029424,2026-05-12 22:02:33.692864,0 days 00:00:00.663440,0.45,0.7,2,0.05,0.02,0.6,0.08,6,0.5,20,0.8,-0.39108387647623727,-0.030830266507629607,0.2538171717650998,0.36025360996860767,,COMPLETE
9375,-0.5179924623587872,2026-05-12 22:02:33.735038,2026-05-12 22:02:34.354889,0 days 00:00:00.619851,0.45,0.7,2,0.05,0.02,0.6,0.08,6,0.5,20,0.8,-0.39108387647623727,-0.030830266507629607,0.2538171717650998,0.36025360996860767,,COMPLETE
9376,-0.4707047890720869,2026-05-12 22:02:34.386511,2026-05-12 22:02:39.233079,0 days 00:00:04.846568,0.35,0.8,2,0.03,0.02,0.3,0.08,6,0.5,20,0.5,,,,,,PRUNED
9377,-0.5179924623587872,2026-05-12 22:02:39.261213,2026-05-12 22:02:39.879968,0 days 00:00:00.618755,0.45,0.7,2,0.05,0.02,0.6,0.08,6,0.5,20,0.5,-0.39108387647623727,-0.030830266507629607,0.2538171717650998,0.36025360996860767,,COMPLETE
9378,-0.5715107846558711,2026-05-12 22:02:39.908626,2026-05-12 22:02:40.335153,0 days 00:00:00.426527,0.45,0.7,2,0.05,0.02,0.6,0.08,3,0.5,20,0.8,,,,,,PRUNED
9379,-0.51025372346191,2026-05-12 22:02:40.363680,2026-05-12 22:02:45.236069,0 days 00:00:04.872389,0.35,0.8,3,0.05,0.02,0.45,0.12,4,0.5,5,0.65,,,,,,PRUNED
9380,-0.42903364995569093,2026-05-12 22:02:45.264425,2026-05-12 22:02:45.706390,0 days 00:00:00.441965,0.45,0.7,3,0.05,0.02,0.3,0.08,6,0.6,20,0.8,,,,,,PRUNED
9381,-0.46500195843414427,2026-05-12 22:02:45.734134,2026-05-12 22:02:50.339400,0 days 00:00:04.605266,0.45,0.7,2,0.03,0.02,0.6,0.12,5,0.5,20,0.5,,,,,,PRUNED
9382,-9999.0,2026-05-12 22:02:50.367594,2026-05-12 22:02:50.729029,0 days 00:00:00.361435,0.45,0.7,2,0.05,0.02,0.6,0.16,6,0.7,20,0.8,,,,,BEAR_RATIO < NEUTRAL_RATIO < BULL_RATIO 约束违反: 0.45 / 0.7 / 0.7,COMPLETE
9383,-0.42274706040872767,2026-05-12 22:02:50.756523,2026-05-12 22:02:51.176285,0 days 00:00:00.419762,0.45,0.7,2,0.05,0.02,0.3,0.12,6,0.5,20,0.8,,,,,,PRUNED
9384,-0.509025918149808,2026-05-12 22:02:51.225417,2026-05-12 22:02:56.960263,0 days 00:00:05.734846,0.35,0.8,4,0.03,0.01,0.6,0.12,6,0.5,5,0.65,,,,,,PRUNED
9385,-0.4613649392526302,2026-05-12 22:02:56.988934,2026-05-12 22:03:03.323496,0 days 00:00:06.334562,0.35,0.8,2,0.05,0.01,0.3,0.08,5,0.5,5,0.5,,,,,,PRUNED
9386,-0.4242910183560481,2026-05-12 22:03:03.349244,2026-05-12 22:03:03.738413,0 days 00:00:00.389169,0.45,0.7,2,0.05,0.02,0.6,0.08,5,0.5,20,0.8,,,,,,PRUNED
9387,-0.5703318417995085,2026-05-12 22:03:03.763817,2026-05-12 22:03:07.386539,0 days 00:00:03.622722,0.25,0.8,3,0.05,0.02,0.45,0.16,3,0.6,10,0.65,,,,,,PRUNED
9388,-9999.0,2026-05-12 22:03:07.429893,2026-05-12 22:03:07.808296,0 days 00:00:00.378403,0.25,0.7,2,0.05,0.02,0.6,0.08,6,0.7,20,0.8,,,,,BEAR_RATIO < NEUTRAL_RATIO < BULL_RATIO 约束违反: 0.25 / 0.7 / 0.7,COMPLETE
9389,-0.5003629882605244,2026-05-12 22:03:07.836118,2026-05-12 22:03:11.876254,0 days 00:00:04.040136,0.45,0.9,3,0.03,0.02,0.6,0.12,4,0.7,20,0.5,,,,,,PRUNED
9390,-0.5179924623587872,2026-05-12 22:03:11.918401,2026-05-12 22:03:12.532819,0 days 00:00:00.614418,0.45,0.7,2,0.05,0.02,0.6,0.08,6,0.5,20,0.8,-0.39108387647623727,-0.030830266507629607,0.2538171717650998,0.36025360996860767,,COMPLETE
9391,-0.5179924623587872,2026-05-12 22:03:12.564124,2026-05-12 22:03:13.207248,0 days 00:00:00.643124,0.45,0.7,2,0.05,0.02,0.6,0.08,6,0.5,20,0.8,-0.39108387647623727,-0.030830266507629607,0.2538171717650998,0.36025360996860767,,COMPLETE
9392,-0.4242910183560481,2026-05-12 22:03:13.238538,2026-05-12 22:03:13.661926,0 days 00:00:00.423388,0.45,0.7,2,0.05,0.01,0.6,0.08,5,0.5,20,0.8,,,,,,PRUNED
9393,-0.5179924623587872,2026-05-12 22:03:13.690318,2026-05-12 22:03:14.346795,0 days 00:00:00.656477,0.45,0.7,2,0.05,0.02,0.6,0.08,6,0.5,20,0.8,-0.39108387647623727,-0.030830266507629607,0.2538171717650998,0.36025360996860767,,COMPLETE
9394,-9999.0,2026-05-12 22:03:14.375764,2026-05-12 22:03:14.734981,0 days 00:00:00.359217,0.45,0.7,3,0.05,0.02,0.6,0.08,6,0.7,20,0.65,,,,,BEAR_RATIO < NEUTRAL_RATIO < BULL_RATIO 约束违反: 0.45 / 0.7 / 0.7,COMPLETE
9395,-0.4469510205952677,2026-05-12 22:03:14.763452,2026-05-12 22:03:15.211694,0 days 00:00:00.448242,0.45,0.9,2,0.05,0.02,0.6,0.08,5,0.5,20,0.8,,,,,,PRUNED
9396,-0.410125315542252,2026-05-12 22:03:15.241591,2026-05-12 22:03:15.679132,0 days 00:00:00.437541,0.45,0.7,4,0.05,0.02,0.6,0.08,6,0.5,20,0.8,,,,,,PRUNED
9397,-0.5179924623587872,2026-05-12 22:03:15.706493,2026-05-12 22:03:16.314254,0 days 00:00:00.607761,0.45,0.7,2,0.05,0.02,0.6,0.08,6,0.5,20,0.8,-0.39108387647623727,-0.030830266507629607,0.2538171717650998,0.36025360996860767,,COMPLETE
9398,-0.4433314042457899,2026-05-12 22:03:16.344380,2026-05-12 22:03:20.487228,0 days 00:00:04.142848,0.45,0.7,4,0.03,0.02,0.6,0.08,4,0.5,20,0.8,,,,,,PRUNED
9399,-0.49933218116375394,2026-05-12 22:03:20.513730,2026-05-12 22:03:20.939290,0 days 00:00:00.425560,0.25,0.7,2,0.05,0.02,0.6,0.16,6,0.5,20,0.8,,,,,,PRUNED
9400,-0.4949594652829915,2026-05-12 22:03:20.967804,2026-05-12 22:03:25.507094,0 days 00:00:04.539290,0.25,0.8,2,0.05,0.02,0.6,0.08,5,0.5,20,0.8,,,,,,PRUNED
9401,-0.5179924623587872,2026-05-12 22:03:25.535952,2026-05-12 22:03:26.156934,0 days 00:00:00.620982,0.45,0.7,2,0.05,0.01,0.6,0.08,6,0.5,20,0.8,-0.39108387647623727,-0.030830266507629607,0.2538171717650998,0.36025360996860767,,COMPLETE
9402,-0.5179924623587872,2026-05-12 22:03:26.186289,2026-05-12 22:03:26.799444,0 days 00:00:00.613155,0.45,0.7,2,0.05,0.02,0.6,0.08,6,0.5,20,0.65,-0.39108387647623727,-0.030830266507629607,0.2538171717650998,0.36025360996860767,,COMPLETE
9403,-0.44390442002332425,2026-05-12 22:03:26.827558,2026-05-12 22:03:27.257415,0 days 00:00:00.429857,0.45,0.8,2,0.03,0.02,0.6,0.08,6,0.5,20,0.8,,,,,,PRUNED
9404,-0.5179924623587872,2026-05-12 22:03:27.286916,2026-05-12 22:03:27.938875,0 days 00:00:00.651959,0.45,0.7,2,0.05,0.02,0.6,0.08,6,0.5,20,0.8,-0.39108387647623727,-0.030830266507629607,0.2538171717650998,0.36025360996860767,,COMPLETE
9405,-0.48257029713894073,2026-05-12 22:03:27.965993,2026-05-12 22:03:28.387735,0 days 00:00:00.421742,0.25,0.7,2,0.05,0.01,0.6,0.08,5,0.5,20,0.8,,,,,,PRUNED
9406,-0.5022015802603705,2026-05-12 22:03:28.418225,2026-05-12 22:03:33.587110,0 days 00:00:05.168885,0.35,0.9,4,0.05,0.02,0.6,0.16,6,0.6,10,0.8,,,,,,PRUNED
9407,-0.44825758480022515,2026-05-12 22:03:33.617330,2026-05-12 22:03:37.617514,0 days 00:00:04.000184,0.45,0.7,2,0.05,0.02,0.45,0.16,4,0.6,20,0.5,,,,,,PRUNED
9408,-0.4398386071186421,2026-05-12 22:03:37.647261,2026-05-12 22:03:41.624017,0 days 00:00:03.976756,0.35,0.7,4,0.05,0.01,0.6,0.08,4,0.5,20,0.8,,,,,,PRUNED
9409,-0.5179924623587872,2026-05-12 22:03:41.654379,2026-05-12 22:03:42.279787,0 days 00:00:00.625408,0.45,0.7,2,0.05,0.02,0.6,0.08,6,0.5,20,0.8,-0.39108387647623727,-0.030830266507629607,0.2538171717650998,0.36025360996860767,,COMPLETE
9410,-0.5179924623587872,2026-05-12 22:03:42.305587,2026-05-12 22:03:42.926498,0 days 00:00:00.620911,0.45,0.7,2,0.05,0.02,0.6,0.08,6,0.5,20,0.8,-0.39108387647623727,-0.030830266507629607,0.2538171717650998,0.36025360996860767,,COMPLETE
9411,-0.6138333598064708,2026-05-12 22:03:42.954581,2026-05-12 22:03:46.378487,0 days 00:00:03.423906,0.45,0.8,4,0.05,0.02,0.6,0.16,3,0.6,20,0.5,,,,,,PRUNED
9412,-0.5179924623587872,2026-05-12 22:03:46.405346,2026-05-12 22:03:47.037038,0 days 00:00:00.631692,0.45,0.7,2,0.05,0.02,0.6,0.08,6,0.5,20,0.8,-0.39108387647623727,-0.030830266507629607,0.2538171717650998,0.36025360996860767,,COMPLETE
9413,-0.42056632138184724,2026-05-12 22:03:47.065008,2026-05-12 22:03:47.502678,0 days 00:00:00.437670,0.45,0.8,2,0.05,0.02,0.6,0.08,6,0.5,20,0.5,,,,,,PRUNED
9414,-0.550678310921591,2026-05-12 22:03:47.530909,2026-05-12 22:03:51.265384,0 days 00:00:03.734475,0.45,0.8,4,0.03,0.01,0.45,0.12,3,0.5,10,0.8,,,,,,PRUNED
9415,-0.42116217588576055,2026-05-12 22:03:51.294448,2026-05-12 22:03:56.153446,0 days 00:00:04.858998,0.45,0.7,2,0.05,0.02,0.3,0.12,5,0.5,10,0.5,,,,,,PRUNED
9416,-0.47086594909829227,2026-05-12 22:03:56.180117,2026-05-12 22:04:00.963356,0 days 00:00:04.783239,0.35,0.8,2,0.05,0.02,0.6,0.16,6,0.5,20,0.5,,,,,,PRUNED
9417,-0.5792061418857395,2026-05-12 22:04:00.991274,2026-05-12 22:04:01.399831,0 days 00:00:00.408557,0.45,0.8,2,0.05,0.02,0.6,0.08,3,0.5,20,0.8,,,,,,PRUNED
9418,-0.4100386278766106,2026-05-12 22:04:01.429415,2026-05-12 22:04:01.849972,0 days 00:00:00.420557,0.45,0.7,2,0.05,0.01,0.3,0.08,6,0.5,20,0.8,,,,,,PRUNED
9419,-0.5273935676819856,2026-05-12 22:04:01.881085,2026-05-12 22:04:07.977915,0 days 00:00:06.096830,0.35,0.9,4,0.03,0.02,0.45,0.16,6,0.5,10,0.5,,,,,,PRUNED
9420,-0.4209344709161167,2026-05-12 22:04:08.006326,2026-05-12 22:04:12.843316,0 days 00:00:04.836990,0.45,0.8,3,0.05,0.01,0.45,0.08,6,0.5,20,0.8,,,,,,PRUNED
9421,-0.4092788272711371,2026-05-12 22:04:12.873582,2026-05-12 22:04:13.317274,0 days 00:00:00.443692,0.45,0.7,3,0.05,0.02,0.6,0.08,6,0.5,20,0.8,,,,,,PRUNED
