number,value,datetime_start,datetime_complete,duration,params_BEAR_RATIO,params_BULL_RATIO,params_GRID_MAX_LAYER,params_GRID_STEP_MAX,params_GRID_STEP_MIN,params_GRID_STEP_VOL_FACTOR,params_LAYER_FRACTION,params_MAX_HOLD,params_NEUTRAL_RATIO,params_REBALANCE_FREQ,params_VOL_WEIGHT,user_attrs_avg_test_score,user_attrs_avg_train_score,user_attrs_test_score_std,user_attrs_train_test_gap,user_attrs_validation_error,state
1454,-9999.0,2026-05-12 15:21:09.256474,2026-05-12 15:21:09.527337,0 days 00:00:00.270863,0.25,0.7,3,0.05,0.02,0.45,0.08,4,0.7,5,0.65,,,,,BEAR_RATIO < NEUTRAL_RATIO < BULL_RATIO 约束违反: 0.25 / 0.7 / 0.7,COMPLETE
1455,-0.4194511448045569,2026-05-12 15:21:09.562719,2026-05-12 15:21:09.866092,0 days 00:00:00.303373,0.45,0.7,2,0.05,0.02,0.6,0.12,6,0.5,20,0.8,,,,,,PRUNED
1456,-0.4939200888714779,2026-05-12 15:21:09.890145,2026-05-12 15:21:14.496579,0 days 00:00:04.606434,0.35,0.8,4,0.03,0.02,0.45,0.08,4,0.7,10,0.8,,,,,,PRUNED
1457,-0.43780702080493666,2026-05-12 15:21:14.520058,2026-05-12 15:21:18.572621,0 days 00:00:04.052563,0.35,0.7,2,0.05,0.02,0.3,0.08,4,0.5,20,0.8,,,,,,PRUNED
1458,-0.5683226899856799,2026-05-12 15:21:18.597238,2026-05-12 15:21:22.520112,0 days 00:00:03.922874,0.35,0.8,4,0.05,0.02,0.6,0.12,3,0.7,10,0.8,,,,,,PRUNED
1459,-0.46992160077830836,2026-05-12 15:21:22.541430,2026-05-12 15:21:27.466719,0 days 00:00:04.925289,0.35,0.8,2,0.03,0.02,0.6,0.08,6,0.5,20,0.8,,,,,,PRUNED
1460,-0.49802093733400904,2026-05-12 15:21:27.493382,2026-05-12 15:21:33.353055,0 days 00:00:05.859673,0.25,0.7,2,0.05,0.02,0.3,0.08,6,0.5,5,0.8,,,,,,PRUNED
1461,-0.5746854124660646,2026-05-12 15:21:33.378209,2026-05-12 15:21:36.831812,0 days 00:00:03.453603,0.45,0.7,4,0.05,0.01,0.3,0.08,3,0.5,20,0.8,,,,,,PRUNED
1462,-0.4641775486146361,2026-05-12 15:21:36.856906,2026-05-12 15:21:41.972022,0 days 00:00:05.115116,0.35,0.7,2,0.05,0.01,0.3,0.16,6,0.5,10,0.8,,,,,,PRUNED
1463,-0.5984793790327853,2026-05-12 15:21:41.995177,2026-05-12 15:21:45.593175,0 days 00:00:03.597998,0.45,0.8,3,0.03,0.02,0.3,0.12,3,0.5,20,0.8,,,,,,PRUNED
1464,-0.5119411255673495,2026-05-12 15:21:45.618092,2026-05-12 15:21:47.629402,0 days 00:00:02.011310,0.45,0.7,2,0.05,0.01,0.6,0.08,3,0.5,10,0.8,,,,,,PRUNED
1465,-0.5996586200016736,2026-05-12 15:21:47.656419,2026-05-12 15:21:51.813513,0 days 00:00:04.157094,0.25,0.7,4,0.05,0.02,0.45,0.08,3,0.5,20,0.8,,,,,,PRUNED
1466,-0.5182406672588966,2026-05-12 15:21:51.838027,2026-05-12 15:21:52.347867,0 days 00:00:00.509840,0.45,0.7,2,0.05,0.02,0.45,0.08,6,0.5,20,0.8,-0.3910743597599139,-0.030648087966744914,0.25433261499796533,0.360426271793169,,COMPLETE
1467,-0.4588949558097953,2026-05-12 15:21:52.372105,2026-05-12 15:21:56.487772,0 days 00:00:04.115667,0.45,0.9,2,0.03,0.02,0.6,0.08,4,0.5,20,0.8,,,,,,PRUNED
1468,-0.5179924623587872,2026-05-12 15:21:56.513253,2026-05-12 15:21:56.985516,0 days 00:00:00.472263,0.45,0.7,2,0.05,0.02,0.6,0.08,6,0.5,20,0.5,-0.39108387647623727,-0.030830266507629607,0.2538171717650998,0.36025360996860767,,COMPLETE
1469,-0.42743124794033643,2026-05-12 15:21:57.007892,2026-05-12 15:22:02.019911,0 days 00:00:05.012019,0.45,0.7,4,0.05,0.02,0.6,0.08,6,0.6,20,0.65,,,,,,PRUNED
1470,-0.5179924623587872,2026-05-12 15:22:02.045311,2026-05-12 15:22:02.551211,0 days 00:00:00.505900,0.45,0.7,2,0.05,0.02,0.6,0.08,6,0.5,20,0.8,-0.39108387647623727,-0.030830266507629607,0.2538171717650998,0.36025360996860767,,COMPLETE
1471,-0.42357363260304626,2026-05-12 15:22:02.574810,2026-05-12 15:22:02.916253,0 days 00:00:00.341443,0.45,0.7,2,0.05,0.01,0.6,0.08,6,0.6,20,0.8,,,,,,PRUNED
1472,-0.4153515435978797,2026-05-12 15:22:02.940426,2026-05-12 15:22:08.506113,0 days 00:00:05.565687,0.45,0.7,2,0.05,0.01,0.6,0.08,5,0.5,5,0.8,,,,,,PRUNED
1473,-0.4957556736564311,2026-05-12 15:22:08.534425,2026-05-12 15:22:13.474124,0 days 00:00:04.939699,0.45,0.9,4,0.05,0.02,0.45,0.08,4,0.5,5,0.5,,,,,,PRUNED
1474,-9999.0,2026-05-12 15:22:13.498647,2026-05-12 15:22:13.774713,0 days 00:00:00.276066,0.45,0.7,2,0.03,0.01,0.6,0.08,6,0.7,20,0.8,,,,,BEAR_RATIO < NEUTRAL_RATIO < BULL_RATIO 约束违反: 0.45 / 0.7 / 0.7,COMPLETE
1475,-9999.0,2026-05-12 15:22:13.797691,2026-05-12 15:22:14.049034,0 days 00:00:00.251343,0.25,0.7,3,0.03,0.01,0.45,0.08,6,0.7,5,0.65,,,,,BEAR_RATIO < NEUTRAL_RATIO < BULL_RATIO 约束违反: 0.25 / 0.7 / 0.7,COMPLETE
1476,-0.4660835109924683,2026-05-12 15:22:14.071134,2026-05-12 15:22:17.922376,0 days 00:00:03.851242,0.45,0.7,2,0.05,0.02,0.6,0.08,4,0.5,5,0.5,,,,,,PRUNED
1477,-0.4742836939261093,2026-05-12 15:22:17.946997,2026-05-12 15:22:23.019744,0 days 00:00:05.072747,0.25,0.7,2,0.05,0.02,0.6,0.08,6,0.5,10,0.65,,,,,,PRUNED
1478,-0.5179924623587872,2026-05-12 15:22:23.045663,2026-05-12 15:22:23.561940,0 days 00:00:00.516277,0.45,0.7,2,0.05,0.02,0.6,0.08,6,0.5,20,0.8,-0.39108387647623727,-0.030830266507629607,0.2538171717650998,0.36025360996860767,,COMPLETE
1479,-0.453223536945619,2026-05-12 15:22:23.586707,2026-05-12 15:22:28.909970,0 days 00:00:05.323263,0.45,0.8,4,0.05,0.02,0.6,0.08,6,0.7,10,0.8,,,,,,PRUNED
1480,-0.4366801865000989,2026-05-12 15:22:28.934387,2026-05-12 15:22:33.669267,0 days 00:00:04.734880,0.45,0.8,2,0.05,0.02,0.6,0.08,5,0.5,20,0.65,,,,,,PRUNED
1481,-0.5179924623587872,2026-05-12 15:22:33.694113,2026-05-12 15:22:34.265869,0 days 00:00:00.571756,0.45,0.7,2,0.05,0.02,0.6,0.08,6,0.5,20,0.8,-0.39108387647623727,-0.030830266507629607,0.2538171717650998,0.36025360996860767,,COMPLETE
1482,-0.48747428168670187,2026-05-12 15:22:34.289778,2026-05-12 15:22:39.017230,0 days 00:00:04.727452,0.25,0.7,2,0.05,0.02,0.45,0.12,6,0.5,20,0.8,,,,,,PRUNED
1483,-0.5179924623587872,2026-05-12 15:22:39.042934,2026-05-12 15:22:39.591074,0 days 00:00:00.548140,0.45,0.7,2,0.05,0.02,0.6,0.08,6,0.5,20,0.65,-0.39108387647623727,-0.030830266507629607,0.2538171717650998,0.36025360996860767,,COMPLETE
1484,-0.4223849766425545,2026-05-12 15:22:39.617367,2026-05-12 15:22:44.778342,0 days 00:00:05.160975,0.45,0.7,2,0.05,0.02,0.45,0.08,6,0.6,10,0.8,,,,,,PRUNED
1485,-0.42566053181256513,2026-05-12 15:22:44.802173,2026-05-12 15:22:45.152536,0 days 00:00:00.350363,0.45,0.7,3,0.05,0.02,0.6,0.08,5,0.5,20,0.8,,,,,,PRUNED
1486,-0.47077017331851756,2026-05-12 15:22:45.176695,2026-05-12 15:22:49.296649,0 days 00:00:04.119954,0.35,0.9,2,0.05,0.02,0.6,0.08,5,0.5,20,0.8,,,,,,PRUNED
1487,-0.4242910183560481,2026-05-12 15:22:49.323336,2026-05-12 15:22:49.694502,0 days 00:00:00.371166,0.45,0.7,2,0.05,0.02,0.6,0.08,5,0.5,20,0.8,,,,,,PRUNED
1488,-9999.0,2026-05-12 15:22:49.721100,2026-05-12 15:22:49.998841,0 days 00:00:00.277741,0.45,0.7,2,0.03,0.01,0.6,0.12,4,0.7,20,0.8,,,,,BEAR_RATIO < NEUTRAL_RATIO < BULL_RATIO 约束违反: 0.45 / 0.7 / 0.7,COMPLETE
1489,-0.519922585580791,2026-05-12 15:22:50.023154,2026-05-12 15:22:54.314945,0 days 00:00:04.291791,0.25,0.8,4,0.03,0.01,0.3,0.12,4,0.7,10,0.65,,,,,,PRUNED
1490,-0.4392374219430675,2026-05-12 15:22:54.338730,2026-05-12 15:22:58.637358,0 days 00:00:04.298628,0.45,0.9,2,0.05,0.02,0.6,0.08,4,0.5,20,0.65,,,,,,PRUNED
1491,-0.438802543676426,2026-05-12 15:22:58.662605,2026-05-12 15:23:04.565872,0 days 00:00:05.903267,0.45,0.7,4,0.03,0.02,0.6,0.08,6,0.5,5,0.5,,,,,,PRUNED
1492,-0.4827849195531065,2026-05-12 15:23:04.593194,2026-05-12 15:23:08.673112,0 days 00:00:04.079918,0.25,0.9,2,0.05,0.01,0.6,0.12,4,0.5,20,0.65,,,,,,PRUNED
1493,-0.5179924623587872,2026-05-12 15:23:08.696674,2026-05-12 15:23:09.191935,0 days 00:00:00.495261,0.45,0.7,2,0.05,0.02,0.6,0.08,6,0.5,20,0.8,-0.39108387647623727,-0.030830266507629607,0.2538171717650998,0.36025360996860767,,COMPLETE
1494,-0.4642370252474226,2026-05-12 15:23:09.234497,2026-05-12 15:23:14.538402,0 days 00:00:05.303905,0.35,0.7,4,0.05,0.01,0.6,0.16,6,0.5,10,0.65,,,,,,PRUNED
1495,-0.410125315542252,2026-05-12 15:23:14.563587,2026-05-12 15:23:14.896981,0 days 00:00:00.333394,0.45,0.7,4,0.05,0.02,0.6,0.08,6,0.5,20,0.8,,,,,,PRUNED
1496,-0.43080537961669585,2026-05-12 15:23:14.920102,2026-05-12 15:23:19.955314,0 days 00:00:05.035212,0.45,0.7,2,0.05,0.01,0.6,0.16,6,0.5,10,0.8,,,,,,PRUNED
1497,-0.43561566897489007,2026-05-12 15:23:19.982577,2026-05-12 15:23:25.555263,0 days 00:00:05.572686,0.45,0.7,4,0.03,0.01,0.3,0.08,5,0.5,5,0.5,,,,,,PRUNED
1498,-0.4235393629303933,2026-05-12 15:23:25.577850,2026-05-12 15:23:25.905943,0 days 00:00:00.328093,0.45,0.7,4,0.05,0.02,0.6,0.12,6,0.5,20,0.8,,,,,,PRUNED
1499,-0.5774171918211802,2026-05-12 15:23:25.928622,2026-05-12 15:23:30.871021,0 days 00:00:04.942399,0.25,0.9,2,0.03,0.02,0.3,0.08,4,0.7,5,0.8,,,,,,PRUNED
1500,-0.5766915889648762,2026-05-12 15:23:30.896412,2026-05-12 15:23:34.185978,0 days 00:00:03.289566,0.45,0.7,2,0.05,0.02,0.45,0.12,3,0.5,20,0.8,,,,,,PRUNED
1501,-0.5179924623587872,2026-05-12 15:23:34.211573,2026-05-12 15:23:33.009519,-1 days +23:59:58.797946,0.45,0.7,2,0.05,0.02,0.6,0.08,6,0.5,20,0.8,-0.39108387647623727,-0.030830266507629607,0.2538171717650998,0.36025360996860767,,COMPLETE
1502,-0.5566025697971666,2026-05-12 15:23:33.032607,2026-05-12 15:23:36.606446,0 days 00:00:03.573839,0.25,0.9,3,0.05,0.02,0.6,0.08,3,0.5,10,0.8,,,,,,PRUNED
1503,-0.5471577984077376,2026-05-12 15:23:36.631500,2026-05-12 15:23:41.094155,0 days 00:00:04.462655,0.25,0.8,2,0.03,0.02,0.6,0.12,5,0.7,20,0.5,,,,,,PRUNED
1504,-0.5179924623587872,2026-05-12 15:23:41.117671,2026-05-12 15:23:41.601572,0 days 00:00:00.483901,0.45,0.7,2,0.05,0.02,0.6,0.08,6,0.5,20,0.8,-0.39108387647623727,-0.030830266507629607,0.2538171717650998,0.36025360996860767,,COMPLETE
1505,-0.5308303883063653,2026-05-12 15:23:41.625193,2026-05-12 15:23:48.435622,0 days 00:00:06.810429,0.25,0.7,2,0.03,0.01,0.3,0.08,6,0.6,5,0.8,,,,,,PRUNED
1506,-0.5388530632957721,2026-05-12 15:23:48.460944,2026-05-12 15:23:53.640582,0 days 00:00:05.179638,0.35,0.9,2,0.05,0.02,0.6,0.16,4,0.6,5,0.8,,,,,,PRUNED
1507,-0.4296411080598753,2026-05-12 15:23:53.666705,2026-05-12 15:23:53.997259,0 days 00:00:00.330554,0.45,0.7,2,0.05,0.01,0.6,0.16,6,0.5,20,0.8,,,,,,PRUNED
1508,-0.46780269766690785,2026-05-12 15:23:54.022719,2026-05-12 15:23:58.548524,0 days 00:00:04.525805,0.35,0.9,2,0.05,0.01,0.6,0.12,4,0.5,10,0.65,,,,,,PRUNED
1509,-0.487116779364579,2026-05-12 15:23:58.575753,2026-05-12 15:24:03.431643,0 days 00:00:04.855890,0.25,0.8,2,0.05,0.01,0.6,0.08,6,0.5,20,0.8,,,,,,PRUNED
1510,-0.5270444905196449,2026-05-12 15:24:03.454843,2026-05-12 15:24:07.448987,0 days 00:00:03.994144,0.25,0.9,4,0.05,0.01,0.45,0.16,6,0.5,10,0.5,,,,,,PRUNED
1511,-0.5179924623587872,2026-05-12 15:24:07.473505,2026-05-12 15:24:07.967931,0 days 00:00:00.494426,0.45,0.7,2,0.05,0.02,0.6,0.08,6,0.5,20,0.8,-0.39108387647623727,-0.030830266507629607,0.2538171717650998,0.36025360996860767,,COMPLETE
1512,-0.47993787357711537,2026-05-12 15:24:07.992539,2026-05-12 15:24:13.779979,0 days 00:00:05.787440,0.35,0.8,3,0.05,0.01,0.3,0.12,6,0.5,5,0.5,,,,,,PRUNED
1513,-0.6010774300894761,2026-05-12 15:24:13.819608,2026-05-12 15:24:17.631894,0 days 00:00:03.812286,0.25,0.9,4,0.03,0.02,0.45,0.12,3,0.7,10,0.8,,,,,,PRUNED
1514,-0.4714559950695547,2026-05-12 15:24:17.657468,2026-05-12 15:24:22.746302,0 days 00:00:05.088834,0.35,0.7,2,0.05,0.02,0.45,0.16,6,0.6,20,0.8,,,,,,PRUNED
1515,-0.4318124553734489,2026-05-12 15:24:22.770029,2026-05-12 15:24:23.094631,0 days 00:00:00.324602,0.45,0.7,2,0.03,0.01,0.6,0.08,6,0.5,20,0.8,,,,,,PRUNED
1516,-0.4711984385757454,2026-05-12 15:24:23.116534,2026-05-12 15:24:27.456491,0 days 00:00:04.339957,0.45,0.7,3,0.03,0.02,0.45,0.16,4,0.5,10,0.5,,,,,,PRUNED
1517,-0.4581439382812817,2026-05-12 15:24:27.480787,2026-05-12 15:24:31.832378,0 days 00:00:04.351591,0.45,0.8,2,0.05,0.01,0.3,0.12,4,0.6,10,0.5,,,,,,PRUNED
1518,-0.4100386278766106,2026-05-12 15:24:31.856424,2026-05-12 15:24:32.418160,0 days 00:00:00.561736,0.45,0.7,2,0.05,0.01,0.3,0.08,6,0.5,20,0.8,,,,,,PRUNED
1519,-0.5119176708423084,2026-05-12 15:24:32.626022,2026-05-12 15:24:36.552165,0 days 00:00:03.926143,0.25,0.8,2,0.05,0.02,0.6,0.16,6,0.5,20,0.8,,,,,,PRUNED
1520,-0.4092788272711371,2026-05-12 15:24:36.574685,2026-05-12 15:24:36.925501,0 days 00:00:00.350816,0.45,0.7,3,0.05,0.02,0.6,0.08,6,0.5,20,0.8,,,,,,PRUNED
1521,-9999.0,2026-05-12 15:24:36.949617,2026-05-12 15:24:37.204928,0 days 00:00:00.255311,0.25,0.7,2,0.05,0.02,0.6,0.08,6,0.7,10,0.8,,,,,BEAR_RATIO < NEUTRAL_RATIO < BULL_RATIO 约束违反: 0.25 / 0.7 / 0.7,COMPLETE
1522,-0.4464754396709185,2026-05-12 15:24:37.230520,2026-05-12 15:24:42.976655,0 days 00:00:05.746135,0.45,0.9,2,0.05,0.02,0.6,0.08,6,0.6,20,0.5,,,,,,PRUNED
1523,-0.4881097930143812,2026-05-12 15:24:43.000948,2026-05-12 15:24:47.604346,0 days 00:00:04.603398,0.45,0.8,3,0.03,0.02,0.3,0.08,5,0.7,20,0.8,,,,,,PRUNED
1524,-0.4594384641904213,2026-05-12 15:24:47.627326,2026-05-12 15:24:52.055637,0 days 00:00:04.428311,0.35,0.7,4,0.05,0.02,0.3,0.08,4,0.6,10,0.65,,,,,,PRUNED
1525,-0.5016789422069943,2026-05-12 15:24:52.080342,2026-05-12 15:24:56.501879,0 days 00:00:04.421537,0.25,0.9,2,0.05,0.02,0.45,0.12,4,0.7,10,0.65,,,,,,PRUNED
1526,-0.5715107846558711,2026-05-12 15:24:56.524872,2026-05-12 15:24:56.846212,0 days 00:00:00.321340,0.45,0.7,2,0.05,0.01,0.6,0.08,3,0.5,20,0.8,,,,,,PRUNED
1527,-0.49572521944968767,2026-05-12 15:24:56.869160,2026-05-12 15:25:01.147925,0 days 00:00:04.278765,0.25,0.7,4,0.05,0.02,0.3,0.08,3,0.5,5,0.8,,,,,,PRUNED
1528,-0.5825139853896287,2026-05-12 15:25:01.168181,2026-05-12 15:25:04.499025,0 days 00:00:03.330844,0.45,0.7,2,0.03,0.02,0.6,0.08,3,0.5,20,0.65,,,,,,PRUNED
1529,-0.5285342607766412,2026-05-12 15:25:04.523089,2026-05-12 15:25:08.197415,0 days 00:00:03.674326,0.25,0.9,3,0.05,0.01,0.6,0.12,6,0.7,20,0.65,,,,,,PRUNED
1530,-0.5385202022352518,2026-05-12 15:25:08.217533,2026-05-12 15:25:13.172026,0 days 00:00:04.954493,0.25,0.8,3,0.05,0.02,0.45,0.08,4,0.5,5,0.65,,,,,,PRUNED
1531,-0.43588147116932807,2026-05-12 15:25:13.199051,2026-05-12 15:25:17.282431,0 days 00:00:04.083380,0.45,0.7,2,0.05,0.02,0.6,0.16,4,0.5,20,0.5,,,,,,PRUNED
1532,-0.42449627052265904,2026-05-12 15:25:17.307554,2026-05-12 15:25:22.470877,0 days 00:00:05.163323,0.45,0.8,2,0.05,0.02,0.3,0.08,6,0.5,10,0.8,,,,,,PRUNED
1533,-9999.0,2026-05-12 15:25:22.496323,2026-05-12 15:25:22.775583,0 days 00:00:00.279260,0.35,0.7,2,0.05,0.02,0.3,0.16,6,0.7,20,0.8,,,,,BEAR_RATIO < NEUTRAL_RATIO < BULL_RATIO 约束违反: 0.35 / 0.7 / 0.7,COMPLETE
1534,-9999.0,2026-05-12 15:25:22.803250,2026-05-12 15:25:23.091652,0 days 00:00:00.288402,0.45,0.7,3,0.03,0.01,0.3,0.08,4,0.7,10,0.65,,,,,BEAR_RATIO < NEUTRAL_RATIO < BULL_RATIO 约束违反: 0.45 / 0.7 / 0.7,COMPLETE
1535,-0.616259501307511,2026-05-12 15:25:23.115426,2026-05-12 15:25:26.650519,0 days 00:00:03.535093,0.35,0.9,3,0.03,0.01,0.3,0.12,3,0.5,20,0.5,,,,,,PRUNED
1536,-0.5137905543889549,2026-05-12 15:25:26.676325,2026-05-12 15:25:31.704257,0 days 00:00:05.027932,0.45,0.9,3,0.05,0.02,0.3,0.12,4,0.6,5,0.8,,,,,,PRUNED
1537,-0.5179924623587872,2026-05-12 15:25:31.728989,2026-05-12 15:25:32.172955,0 days 00:00:00.443966,0.45,0.7,2,0.05,0.02,0.6,0.08,6,0.5,20,0.8,-0.39108387647623727,-0.030830266507629607,0.2538171717650998,0.36025360996860767,,COMPLETE
1538,-0.42357363260304626,2026-05-12 15:25:32.195487,2026-05-12 15:25:32.465682,0 days 00:00:00.270195,0.45,0.7,2,0.05,0.02,0.6,0.08,6,0.6,20,0.8,,,,,,PRUNED
1539,-0.5179924623587872,2026-05-12 15:25:32.488234,2026-05-12 15:25:32.906095,0 days 00:00:00.417861,0.45,0.7,2,0.05,0.02,0.6,0.08,6,0.5,20,0.8,-0.39108387647623727,-0.030830266507629607,0.2538171717650998,0.36025360996860767,,COMPLETE
1540,-0.4987450924003215,2026-05-12 15:25:32.925629,2026-05-12 15:25:38.954485,0 days 00:00:06.028856,0.25,0.7,3,0.03,0.01,0.3,0.08,6,0.5,10,0.8,,,,,,PRUNED
1541,-0.5554116562799641,2026-05-12 15:25:38.979430,2026-05-12 15:25:44.275252,0 days 00:00:05.295822,0.25,0.8,2,0.03,0.01,0.45,0.16,6,0.5,10,0.8,,,,,,PRUNED
1542,-0.42606172854379265,2026-05-12 15:25:44.302019,2026-05-12 15:25:44.645267,0 days 00:00:00.343248,0.45,0.7,3,0.05,0.02,0.6,0.08,6,0.6,20,0.8,,,,,,PRUNED
1543,-0.5153093990899892,2026-05-12 15:25:44.670437,2026-05-12 15:25:50.442344,0 days 00:00:05.771907,0.35,0.8,2,0.03,0.02,0.6,0.08,6,0.7,5,0.5,,,,,,PRUNED
1544,-9999.0,2026-05-12 15:25:50.464969,2026-05-12 15:25:50.741434,0 days 00:00:00.276465,0.45,0.7,4,0.05,0.01,0.3,0.12,3,0.7,10,0.65,,,,,BEAR_RATIO < NEUTRAL_RATIO < BULL_RATIO 约束违反: 0.45 / 0.7 / 0.7,COMPLETE
1545,-0.43148900901251575,2026-05-12 15:25:50.765547,2026-05-12 15:25:53.985647,0 days 00:00:03.220100,0.45,0.7,4,0.03,0.02,0.45,0.08,6,0.5,20,0.5,,,,,,PRUNED
1546,-0.49003061703516493,2026-05-12 15:25:54.009875,2026-05-12 15:25:58.046935,0 days 00:00:04.037060,0.45,0.9,3,0.03,0.01,0.3,0.12,4,0.6,20,0.8,,,,,,PRUNED
1547,-0.432980707092909,2026-05-12 15:25:58.071391,2026-05-12 15:26:02.774905,0 days 00:00:04.703514,0.45,0.7,2,0.05,0.02,0.6,0.12,5,0.5,20,0.65,,,,,,PRUNED
1548,-0.5097942661602572,2026-05-12 15:26:02.799038,2026-05-12 15:26:08.386889,0 days 00:00:05.587851,0.25,0.7,4,0.05,0.01,0.45,0.08,5,0.6,5,0.8,,,,,,PRUNED
1549,-0.6123051231097412,2026-05-12 15:26:08.421403,2026-05-12 15:26:11.916258,0 days 00:00:03.494855,0.45,0.7,3,0.03,0.01,0.45,0.12,3,0.6,20,0.8,,,,,,PRUNED
1550,-0.4558384631939785,2026-05-12 15:26:11.940248,2026-05-12 15:26:16.105587,0 days 00:00:04.165339,0.35,0.9,2,0.05,0.02,0.3,0.08,4,0.5,20,0.65,,,,,,PRUNED
1551,-0.4575497441685954,2026-05-12 15:26:16.130546,2026-05-12 15:26:21.065271,0 days 00:00:04.934725,0.45,0.9,4,0.05,0.02,0.6,0.16,6,0.5,20,0.8,,,,,,PRUNED
1552,-0.5439642472793182,2026-05-12 15:26:21.089382,2026-05-12 15:26:23.619235,0 days 00:00:02.529853,0.45,0.9,2,0.05,0.02,0.3,0.08,3,0.6,10,0.8,,,,,,PRUNED
1553,-0.5928615266669178,2026-05-12 15:26:23.662146,2026-05-12 15:26:27.422194,0 days 00:00:03.760048,0.25,0.7,4,0.03,0.01,0.6,0.16,3,0.6,10,0.65,,,,,,PRUNED
1554,-0.5349484599218396,2026-05-12 15:26:27.444440,2026-05-12 15:26:32.676483,0 days 00:00:05.232043,0.35,0.9,2,0.03,0.01,0.3,0.12,3,0.7,5,0.65,,,,,,PRUNED
1555,-0.4354214138300551,2026-05-12 15:26:32.701997,2026-05-12 15:26:36.928119,0 days 00:00:04.226122,0.45,0.8,4,0.05,0.02,0.6,0.08,4,0.5,20,0.8,,,,,,PRUNED
1556,-0.5897587780998719,2026-05-12 15:26:36.972152,2026-05-12 15:26:42.942125,0 days 00:00:05.969973,0.25,0.9,2,0.03,0.02,0.45,0.16,6,0.5,5,0.5,,,,,,PRUNED
1557,-0.445041491180739,2026-05-12 15:26:42.964332,2026-05-12 15:26:47.614133,0 days 00:00:04.649801,0.45,0.7,2,0.05,0.02,0.3,0.16,5,0.5,20,0.8,,,,,,PRUNED
1558,-0.48527261976988706,2026-05-12 15:26:47.638889,2026-05-12 15:26:52.912070,0 days 00:00:05.273181,0.45,0.9,4,0.03,0.02,0.6,0.08,6,0.7,10,0.8,,,,,,PRUNED
1559,-0.43525666001837865,2026-05-12 15:26:52.933522,2026-05-12 15:26:56.595892,0 days 00:00:03.662370,0.45,0.9,2,0.05,0.02,0.6,0.08,5,0.5,10,0.8,,,,,,PRUNED
1560,-0.5179924623587872,2026-05-12 15:26:56.619761,2026-05-12 15:26:57.139110,0 days 00:00:00.519349,0.45,0.7,2,0.05,0.01,0.6,0.08,6,0.5,20,0.8,-0.39108387647623727,-0.030830266507629607,0.2538171717650998,0.36025360996860767,,COMPLETE
1561,-0.5081705851509877,2026-05-12 15:26:57.163072,2026-05-12 15:27:01.508438,0 days 00:00:04.345366,0.25,0.8,2,0.05,0.01,0.3,0.12,3,0.5,5,0.65,,,,,,PRUNED
1562,-0.483805895079107,2026-05-12 15:27:01.531696,2026-05-12 15:27:07.451899,0 days 00:00:05.920203,0.35,0.8,3,0.05,0.02,0.3,0.08,6,0.6,5,0.65,,,,,,PRUNED
1563,-0.4242910183560481,2026-05-12 15:27:07.474702,2026-05-12 15:27:12.210324,0 days 00:00:04.735622,0.45,0.7,2,0.05,0.01,0.6,0.08,5,0.5,20,0.65,,,,,,PRUNED
1564,-0.5179924623587872,2026-05-12 15:27:12.235972,2026-05-12 15:27:12.732199,0 days 00:00:00.496227,0.45,0.7,2,0.05,0.02,0.6,0.08,6,0.5,20,0.8,-0.39108387647623727,-0.030830266507629607,0.2538171717650998,0.36025360996860767,,COMPLETE
1565,-0.43643423152480143,2026-05-12 15:27:12.755643,2026-05-12 15:27:17.629990,0 days 00:00:04.874347,0.35,0.7,2,0.05,0.02,0.6,0.08,5,0.5,10,0.8,,,,,,PRUNED
1566,-0.5179924623587872,2026-05-12 15:27:17.654731,2026-05-12 15:27:18.156938,0 days 00:00:00.502207,0.45,0.7,2,0.05,0.02,0.6,0.08,6,0.5,20,0.8,-0.39108387647623727,-0.030830266507629607,0.2538171717650998,0.36025360996860767,,COMPLETE
1567,-0.4524922313933547,2026-05-12 15:27:18.182235,2026-05-12 15:27:23.127513,0 days 00:00:04.945278,0.45,0.9,2,0.05,0.02,0.6,0.16,6,0.5,20,0.5,,,,,,PRUNED
1568,-0.429946104351134,2026-05-12 15:27:23.153440,2026-05-12 15:27:26.289464,0 days 00:00:03.136024,0.45,0.7,2,0.05,0.02,0.6,0.16,3,0.5,5,0.8,,,,,,PRUNED
1569,-9999.0,2026-05-12 15:27:26.316601,2026-05-12 15:27:26.612554,0 days 00:00:00.295953,0.35,0.7,2,0.05,0.01,0.6,0.08,6,0.7,20,0.8,,,,,BEAR_RATIO < NEUTRAL_RATIO < BULL_RATIO 约束违反: 0.35 / 0.7 / 0.7,COMPLETE
1570,-0.5179924623587872,2026-05-12 15:27:26.638214,2026-05-12 15:27:27.136995,0 days 00:00:00.498781,0.45,0.7,2,0.05,0.02,0.6,0.08,6,0.5,20,0.8,-0.39108387647623727,-0.030830266507629607,0.2538171717650998,0.36025360996860767,,COMPLETE
1571,-0.4752328941981508,2026-05-12 15:27:27.162466,2026-05-12 15:27:32.532370,0 days 00:00:05.369904,0.35,0.9,3,0.05,0.01,0.45,0.16,4,0.5,10,0.5,,,,,,PRUNED
1572,-0.5371465693830533,2026-05-12 15:27:32.559863,2026-05-12 15:27:36.307135,0 days 00:00:03.747272,0.35,0.7,2,0.05,0.01,0.3,0.08,3,0.6,10,0.65,,,,,,PRUNED
1573,-0.4481101710792979,2026-05-12 15:27:36.331845,2026-05-12 15:27:41.020276,0 days 00:00:04.688431,0.35,0.7,2,0.05,0.02,0.6,0.08,5,0.5,20,0.65,,,,,,PRUNED
1574,-0.49861409465647993,2026-05-12 15:27:41.043927,2026-05-12 15:27:46.127031,0 days 00:00:05.083104,0.35,0.8,3,0.05,0.02,0.45,0.16,5,0.7,10,0.65,,,,,,PRUNED
1575,-0.4328085338739157,2026-05-12 15:27:46.150941,2026-05-12 15:27:51.399141,0 days 00:00:05.248200,0.45,0.7,3,0.05,0.02,0.6,0.16,6,0.5,10,0.8,,,,,,PRUNED
1576,-0.471834514792838,2026-05-12 15:27:51.423126,2026-05-12 15:27:56.411464,0 days 00:00:04.988338,0.35,0.9,3,0.05,0.02,0.45,0.12,5,0.5,10,0.65,,,,,,PRUNED
1577,-0.4303123399286847,2026-05-12 15:27:56.437417,2026-05-12 15:28:00.528100,0 days 00:00:04.090683,0.45,0.7,4,0.05,0.02,0.3,0.08,6,0.6,10,0.8,,,,,,PRUNED
1578,-0.5463989691101696,2026-05-12 15:28:00.552337,2026-05-12 15:28:04.328970,0 days 00:00:03.776633,0.45,0.8,2,0.05,0.02,0.3,0.16,3,0.6,10,0.65,,,,,,PRUNED
