number,value,datetime_start,datetime_complete,duration,params_BEAR_RATIO,params_BULL_RATIO,params_GRID_MAX_LAYER,params_GRID_STEP_MAX,params_GRID_STEP_MIN,params_GRID_STEP_VOL_FACTOR,params_LAYER_FRACTION,params_MAX_HOLD,params_NEUTRAL_RATIO,params_REBALANCE_FREQ,params_VOL_WEIGHT,user_attrs_avg_test_score,user_attrs_avg_train_score,user_attrs_test_score_std,user_attrs_train_test_gap,user_attrs_validation_error,state
4906,-0.41425741193738236,2026-05-12 18:18:36.664819,2026-05-12 18:18:37.026238,0 days 00:00:00.361419,0.45,0.7,2,0.05,0.02,0.6,0.08,6,0.5,5,0.8,,,,,,PRUNED
4907,-0.44595151750297385,2026-05-12 18:18:37.052146,2026-05-12 18:18:41.859070,0 days 00:00:04.806924,0.35,0.7,2,0.05,0.01,0.45,0.12,6,0.5,20,0.8,,,,,,PRUNED
4908,-0.47402228879907643,2026-05-12 18:18:41.883949,2026-05-12 18:18:46.191128,0 days 00:00:04.307179,0.35,0.8,3,0.05,0.01,0.6,0.12,4,0.6,10,0.5,,,,,,PRUNED
4909,-0.45366100333445636,2026-05-12 18:18:46.216728,2026-05-12 18:18:50.468000,0 days 00:00:04.251272,0.45,0.7,3,0.05,0.02,0.3,0.16,3,0.6,5,0.65,,,,,,PRUNED
4910,-0.429946104351134,2026-05-12 18:18:50.494666,2026-05-12 18:18:54.811341,0 days 00:00:04.316675,0.45,0.7,2,0.05,0.01,0.45,0.16,3,0.5,5,0.65,,,,,,PRUNED
4911,-0.5179924623587872,2026-05-12 18:18:54.836268,2026-05-12 18:18:55.418910,0 days 00:00:00.582642,0.45,0.7,2,0.05,0.02,0.6,0.08,6,0.5,20,0.8,-0.39108387647623727,-0.030830266507629607,0.2538171717650998,0.36025360996860767,,COMPLETE
4912,-0.4296411080598753,2026-05-12 18:18:55.443612,2026-05-12 18:18:55.797614,0 days 00:00:00.354002,0.45,0.7,2,0.05,0.02,0.6,0.16,6,0.5,20,0.8,,,,,,PRUNED
4913,-9999.0,2026-05-12 18:18:55.821652,2026-05-12 18:18:56.123475,0 days 00:00:00.301823,0.45,0.7,2,0.05,0.02,0.3,0.08,6,0.7,20,0.65,,,,,BEAR_RATIO < NEUTRAL_RATIO < BULL_RATIO 约束违反: 0.45 / 0.7 / 0.7,COMPLETE
4914,-0.569890669822438,2026-05-12 18:18:56.150375,2026-05-12 18:18:59.732055,0 days 00:00:03.581680,0.35,0.8,2,0.03,0.02,0.6,0.08,3,0.7,10,0.65,,,,,,PRUNED
4915,-0.5179924623587872,2026-05-12 18:18:59.756158,2026-05-12 18:19:00.253493,0 days 00:00:00.497335,0.45,0.7,2,0.05,0.02,0.6,0.08,6,0.5,20,0.8,-0.39108387647623727,-0.030830266507629607,0.2538171717650998,0.36025360996860767,,COMPLETE
4916,-0.43333909441165963,2026-05-12 18:19:00.278085,2026-05-12 18:19:00.597805,0 days 00:00:00.319720,0.35,0.7,2,0.05,0.02,0.6,0.08,6,0.5,20,0.8,,,,,,PRUNED
4917,-0.42056632138184724,2026-05-12 18:19:00.622943,2026-05-12 18:19:00.937090,0 days 00:00:00.314147,0.45,0.8,2,0.05,0.02,0.6,0.08,6,0.5,20,0.8,,,,,,PRUNED
4918,-0.432430252335462,2026-05-12 18:19:00.959750,2026-05-12 18:19:06.483108,0 days 00:00:05.523358,0.45,0.9,3,0.05,0.02,0.45,0.08,6,0.5,20,0.8,,,,,,PRUNED
4919,-0.4535570290685313,2026-05-12 18:19:06.510570,2026-05-12 18:19:10.467675,0 days 00:00:03.957105,0.45,0.9,2,0.05,0.02,0.6,0.16,4,0.5,20,0.8,,,,,,PRUNED
4920,-0.5088999695704404,2026-05-12 18:19:10.495695,2026-05-12 18:19:15.309536,0 days 00:00:04.813841,0.35,0.9,4,0.03,0.02,0.6,0.08,6,0.7,20,0.65,,,,,,PRUNED
4921,-0.6120347988366565,2026-05-12 18:19:15.330156,2026-05-12 18:19:21.005337,0 days 00:00:05.675181,0.25,0.9,3,0.03,0.02,0.3,0.16,6,0.7,5,0.65,,,,,,PRUNED
4922,-0.5198499247800678,2026-05-12 18:19:21.031752,2026-05-12 18:19:25.856304,0 days 00:00:04.824552,0.35,0.8,2,0.03,0.02,0.45,0.12,6,0.7,20,0.5,,,,,,PRUNED
4923,-0.4906624158097052,2026-05-12 18:19:25.880378,2026-05-12 18:19:30.409398,0 days 00:00:04.529020,0.45,0.8,4,0.05,0.01,0.45,0.16,5,0.7,20,0.65,,,,,,PRUNED
4924,-0.5179924623587872,2026-05-12 18:19:30.436894,2026-05-12 18:19:31.073896,0 days 00:00:00.637002,0.45,0.7,2,0.05,0.02,0.6,0.08,6,0.5,20,0.8,-0.39108387647623727,-0.030830266507629607,0.2538171717650998,0.36025360996860767,,COMPLETE
4925,-9999.0,2026-05-12 18:19:31.098069,2026-05-12 18:19:31.407007,0 days 00:00:00.308938,0.45,0.7,2,0.05,0.01,0.6,0.08,3,0.7,10,0.5,,,,,BEAR_RATIO < NEUTRAL_RATIO < BULL_RATIO 约束违反: 0.45 / 0.7 / 0.7,COMPLETE
4926,-0.5179924623587872,2026-05-12 18:19:31.433600,2026-05-12 18:19:31.992642,0 days 00:00:00.559042,0.45,0.7,2,0.05,0.02,0.6,0.08,6,0.5,20,0.8,-0.39108387647623727,-0.030830266507629607,0.2538171717650998,0.36025360996860767,,COMPLETE
4927,-9999.0,2026-05-12 18:19:32.019821,2026-05-12 18:19:32.347081,0 days 00:00:00.327260,0.35,0.7,2,0.05,0.02,0.3,0.08,6,0.7,10,0.8,,,,,BEAR_RATIO < NEUTRAL_RATIO < BULL_RATIO 约束违反: 0.35 / 0.7 / 0.7,COMPLETE
4928,-0.5201247045727251,2026-05-12 18:19:32.373603,2026-05-12 18:19:37.244319,0 days 00:00:04.870716,0.45,0.9,2,0.05,0.02,0.3,0.08,4,0.7,5,0.8,,,,,,PRUNED
4929,-0.631568877540139,2026-05-12 18:19:37.271454,2026-05-12 18:19:40.644174,0 days 00:00:03.372720,0.25,0.9,4,0.05,0.01,0.6,0.12,3,0.6,20,0.5,,,,,,PRUNED
4930,-9999.0,2026-05-12 18:19:40.672808,2026-05-12 18:19:40.998460,0 days 00:00:00.325652,0.35,0.7,2,0.05,0.02,0.6,0.16,6,0.7,20,0.8,,,,,BEAR_RATIO < NEUTRAL_RATIO < BULL_RATIO 约束违反: 0.35 / 0.7 / 0.7,COMPLETE
4931,-0.43333909441165963,2026-05-12 18:19:41.023012,2026-05-12 18:19:41.368521,0 days 00:00:00.345509,0.35,0.7,2,0.05,0.01,0.6,0.08,6,0.5,20,0.8,,,,,,PRUNED
4932,-0.4780552564968593,2026-05-12 18:19:41.393327,2026-05-12 18:19:45.325656,0 days 00:00:03.932329,0.45,0.8,4,0.05,0.01,0.45,0.16,4,0.7,20,0.8,,,,,,PRUNED
4933,-9999.0,2026-05-12 18:19:45.349672,2026-05-12 18:19:45.652527,0 days 00:00:00.302855,0.25,0.7,4,0.03,0.01,0.45,0.08,4,0.7,20,0.65,,,,,BEAR_RATIO < NEUTRAL_RATIO < BULL_RATIO 约束违反: 0.25 / 0.7 / 0.7,COMPLETE
4934,-0.453223536945619,2026-05-12 18:19:45.693366,2026-05-12 18:19:50.784734,0 days 00:00:05.091368,0.45,0.8,4,0.05,0.01,0.6,0.08,6,0.7,10,0.8,,,,,,PRUNED
4935,-0.4910783941046546,2026-05-12 18:19:50.833402,2026-05-12 18:19:55.623287,0 days 00:00:04.789885,0.25,0.7,4,0.03,0.02,0.3,0.08,5,0.5,10,0.8,,,,,,PRUNED
4936,-9999.0,2026-05-12 18:19:55.648764,2026-05-12 18:19:55.992859,0 days 00:00:00.344095,0.25,0.7,2,0.05,0.01,0.45,0.16,5,0.7,5,0.8,,,,,BEAR_RATIO < NEUTRAL_RATIO < BULL_RATIO 约束违反: 0.25 / 0.7 / 0.7,COMPLETE
4937,-9999.0,2026-05-12 18:19:56.017759,2026-05-12 18:19:56.312082,0 days 00:00:00.294323,0.45,0.7,2,0.05,0.01,0.6,0.08,6,0.7,20,0.8,,,,,BEAR_RATIO < NEUTRAL_RATIO < BULL_RATIO 约束违反: 0.45 / 0.7 / 0.7,COMPLETE
4938,-0.5250019845430474,2026-05-12 18:19:56.340044,2026-05-12 18:20:01.392745,0 days 00:00:05.052701,0.25,0.9,3,0.05,0.02,0.3,0.16,3,0.5,5,0.5,,,,,,PRUNED
4939,-9999.0,2026-05-12 18:20:01.437363,2026-05-12 18:20:01.782455,0 days 00:00:00.345092,0.25,0.7,3,0.03,0.01,0.45,0.12,3,0.7,5,0.65,,,,,BEAR_RATIO < NEUTRAL_RATIO < BULL_RATIO 约束违反: 0.25 / 0.7 / 0.7,COMPLETE
4940,-9999.0,2026-05-12 18:20:01.808236,2026-05-12 18:20:02.100774,0 days 00:00:00.292538,0.25,0.7,3,0.03,0.02,0.3,0.08,3,0.7,20,0.8,,,,,BEAR_RATIO < NEUTRAL_RATIO < BULL_RATIO 约束违反: 0.25 / 0.7 / 0.7,COMPLETE
4941,-0.4646231853299435,2026-05-12 18:20:02.125860,2026-05-12 18:20:06.206537,0 days 00:00:04.080677,0.25,0.7,2,0.05,0.02,0.6,0.12,4,0.5,20,0.65,,,,,,PRUNED
4942,-0.45450265915995536,2026-05-12 18:20:06.231839,2026-05-12 18:20:09.237854,0 days 00:00:03.006015,0.35,0.7,3,0.05,0.02,0.45,0.08,3,0.5,5,0.65,,,,,,PRUNED
4943,-9999.0,2026-05-12 18:20:09.263106,2026-05-12 18:20:09.555962,0 days 00:00:00.292856,0.35,0.7,4,0.03,0.01,0.45,0.16,3,0.7,10,0.5,,,,,BEAR_RATIO < NEUTRAL_RATIO < BULL_RATIO 约束违反: 0.35 / 0.7 / 0.7,COMPLETE
4944,-0.4100386278766106,2026-05-12 18:20:09.595399,2026-05-12 18:20:09.948186,0 days 00:00:00.352787,0.45,0.7,2,0.05,0.02,0.3,0.08,6,0.5,20,0.8,,,,,,PRUNED
4945,-0.533506360342728,2026-05-12 18:20:09.970742,2026-05-12 18:20:15.467294,0 days 00:00:05.496552,0.35,0.8,3,0.03,0.02,0.6,0.16,5,0.6,5,0.5,,,,,,PRUNED
4946,-9999.0,2026-05-12 18:20:15.494344,2026-05-12 18:20:15.827458,0 days 00:00:00.333114,0.25,0.7,4,0.03,0.01,0.6,0.16,5,0.7,20,0.8,,,,,BEAR_RATIO < NEUTRAL_RATIO < BULL_RATIO 约束违反: 0.25 / 0.7 / 0.7,COMPLETE
4947,-0.43223096142417294,2026-05-12 18:20:15.855118,2026-05-12 18:20:16.240541,0 days 00:00:00.385423,0.45,0.9,2,0.05,0.02,0.6,0.08,6,0.5,20,0.8,,,,,,PRUNED
4948,-0.5068648608133236,2026-05-12 18:20:16.268297,2026-05-12 18:20:22.130429,0 days 00:00:05.862132,0.35,0.9,4,0.03,0.01,0.45,0.12,6,0.5,10,0.8,,,,,,PRUNED
4949,-0.5179924623587872,2026-05-12 18:20:22.160256,2026-05-12 18:20:22.865002,0 days 00:00:00.704746,0.45,0.7,2,0.05,0.02,0.6,0.08,6,0.5,20,0.8,-0.39108387647623727,-0.030830266507629607,0.2538171717650998,0.36025360996860767,,COMPLETE
4950,-0.4949594652829915,2026-05-12 18:20:22.908833,2026-05-12 18:20:27.779523,0 days 00:00:04.870690,0.25,0.8,2,0.05,0.01,0.6,0.08,5,0.5,20,0.5,,,,,,PRUNED
4951,-0.5375246146880641,2026-05-12 18:20:27.808418,2026-05-12 18:20:32.666399,0 days 00:00:04.857981,0.25,0.7,3,0.03,0.02,0.6,0.16,5,0.5,20,0.65,,,,,,PRUNED
4952,-0.5338227190849092,2026-05-12 18:20:32.692389,2026-05-12 18:20:37.461539,0 days 00:00:04.769150,0.25,0.9,4,0.05,0.01,0.6,0.12,5,0.7,20,0.5,,,,,,PRUNED
4953,-0.5078883156032887,2026-05-12 18:20:37.489177,2026-05-12 18:20:41.946956,0 days 00:00:04.457779,0.45,0.9,2,0.03,0.01,0.45,0.12,3,0.7,5,0.8,,,,,,PRUNED
4954,-0.5179924623587872,2026-05-12 18:20:41.972294,2026-05-12 18:20:42.520326,0 days 00:00:00.548032,0.45,0.7,2,0.05,0.02,0.6,0.08,6,0.5,20,0.8,-0.39108387647623727,-0.030830266507629607,0.2538171717650998,0.36025360996860767,,COMPLETE
4955,-0.46733177680595306,2026-05-12 18:20:42.543490,2026-05-12 18:20:46.576840,0 days 00:00:04.033350,0.25,0.7,3,0.05,0.02,0.3,0.08,4,0.6,20,0.8,,,,,,PRUNED
4956,-9999.0,2026-05-12 18:20:46.605594,2026-05-12 18:20:46.949407,0 days 00:00:00.343813,0.35,0.7,2,0.05,0.01,0.3,0.08,6,0.7,20,0.8,,,,,BEAR_RATIO < NEUTRAL_RATIO < BULL_RATIO 约束违反: 0.35 / 0.7 / 0.7,COMPLETE
4957,-9999.0,2026-05-12 18:20:46.976706,2026-05-12 18:20:47.268890,0 days 00:00:00.292184,0.45,0.7,2,0.05,0.02,0.6,0.08,6,0.7,20,0.8,,,,,BEAR_RATIO < NEUTRAL_RATIO < BULL_RATIO 约束违反: 0.45 / 0.7 / 0.7,COMPLETE
4958,-0.49176134702183183,2026-05-12 18:20:47.292328,2026-05-12 18:20:52.496566,0 days 00:00:05.204238,0.35,0.9,3,0.03,0.01,0.45,0.08,5,0.5,5,0.65,,,,,,PRUNED
4959,-9999.0,2026-05-12 18:20:52.521704,2026-05-12 18:20:52.814659,0 days 00:00:00.292955,0.35,0.7,3,0.03,0.01,0.3,0.16,3,0.7,5,0.5,,,,,BEAR_RATIO < NEUTRAL_RATIO < BULL_RATIO 约束违反: 0.35 / 0.7 / 0.7,COMPLETE
4960,-9999.0,2026-05-12 18:20:52.839962,2026-05-12 18:20:53.122074,0 days 00:00:00.282112,0.25,0.7,2,0.05,0.02,0.6,0.08,6,0.7,20,0.65,,,,,BEAR_RATIO < NEUTRAL_RATIO < BULL_RATIO 约束违反: 0.25 / 0.7 / 0.7,COMPLETE
4961,-9999.0,2026-05-12 18:20:53.146116,2026-05-12 18:20:53.465361,0 days 00:00:00.319245,0.25,0.7,3,0.03,0.01,0.3,0.12,5,0.7,5,0.65,,,,,BEAR_RATIO < NEUTRAL_RATIO < BULL_RATIO 约束违反: 0.25 / 0.7 / 0.7,COMPLETE
4962,-0.4446899909430756,2026-05-12 18:20:53.490043,2026-05-12 18:20:58.252434,0 days 00:00:04.762391,0.45,0.9,3,0.05,0.01,0.3,0.08,6,0.5,5,0.8,,,,,,PRUNED
4963,-0.4318124553734489,2026-05-12 18:20:58.277983,2026-05-12 18:20:58.639188,0 days 00:00:00.361205,0.45,0.7,2,0.03,0.02,0.6,0.08,6,0.5,20,0.8,,,,,,PRUNED
4964,-0.5179924623587872,2026-05-12 18:20:58.666271,2026-05-12 18:20:59.229086,0 days 00:00:00.562815,0.45,0.7,2,0.05,0.02,0.6,0.08,6,0.5,20,0.8,-0.39108387647623727,-0.030830266507629607,0.2538171717650998,0.36025360996860767,,COMPLETE
4965,-0.5491868820476711,2026-05-12 18:20:59.253740,2026-05-12 18:21:04.125882,0 days 00:00:04.872142,0.25,0.8,2,0.03,0.01,0.3,0.12,6,0.7,20,0.8,,,,,,PRUNED
4966,-0.41425741193738236,2026-05-12 18:21:04.153839,2026-05-12 18:21:04.565862,0 days 00:00:00.412023,0.45,0.7,2,0.05,0.01,0.6,0.08,6,0.5,5,0.8,,,,,,PRUNED
4967,-0.5830868818682412,2026-05-12 18:21:04.594669,2026-05-12 18:21:08.581909,0 days 00:00:03.987240,0.35,0.8,3,0.03,0.02,0.45,0.16,3,0.6,10,0.8,,,,,,PRUNED
4968,-0.5548387521181173,2026-05-12 18:21:08.610852,2026-05-12 18:21:12.571678,0 days 00:00:03.960826,0.25,0.7,4,0.03,0.01,0.3,0.08,3,0.5,10,0.8,,,,,,PRUNED
4969,-9999.0,2026-05-12 18:21:12.599640,2026-05-12 18:21:12.972683,0 days 00:00:00.373043,0.25,0.7,4,0.03,0.02,0.3,0.08,3,0.7,10,0.5,,,,,BEAR_RATIO < NEUTRAL_RATIO < BULL_RATIO 约束违反: 0.25 / 0.7 / 0.7,COMPLETE
4970,-0.4194511448045569,2026-05-12 18:21:13.002146,2026-05-12 18:21:13.408927,0 days 00:00:00.406781,0.45,0.7,2,0.05,0.02,0.6,0.12,6,0.5,20,0.8,,,,,,PRUNED
4971,-0.45381809300555553,2026-05-12 18:21:13.439775,2026-05-12 18:21:17.670741,0 days 00:00:04.230966,0.35,0.7,3,0.05,0.02,0.45,0.16,4,0.5,20,0.5,,,,,,PRUNED
4972,-0.5179924623587872,2026-05-12 18:21:17.697827,2026-05-12 18:21:18.312964,0 days 00:00:00.615137,0.45,0.7,2,0.05,0.02,0.6,0.08,6,0.5,20,0.8,-0.39108387647623727,-0.030830266507629607,0.2538171717650998,0.36025360996860767,,COMPLETE
4973,-0.5899846141546157,2026-05-12 18:21:18.351471,2026-05-12 18:21:22.130021,0 days 00:00:03.778550,0.45,0.8,2,0.03,0.02,0.6,0.08,3,0.5,20,0.8,,,,,,PRUNED
4974,-0.4092788272711371,2026-05-12 18:21:22.163109,2026-05-12 18:21:22.545622,0 days 00:00:00.382513,0.45,0.7,3,0.05,0.01,0.6,0.08,6,0.5,20,0.8,,,,,,PRUNED
4975,-0.48107550283402245,2026-05-12 18:21:22.572981,2026-05-12 18:21:26.106537,0 days 00:00:03.533556,0.45,0.8,3,0.05,0.01,0.3,0.12,5,0.7,20,0.8,,,,,,PRUNED
4976,-0.4753538261320024,2026-05-12 18:21:26.133432,2026-05-12 18:21:31.297099,0 days 00:00:05.163667,0.35,0.7,4,0.03,0.02,0.45,0.08,6,0.6,20,0.8,,,,,,PRUNED
4977,-0.5182406672588966,2026-05-12 18:21:31.324617,2026-05-12 18:21:32.033702,0 days 00:00:00.709085,0.45,0.7,2,0.05,0.02,0.45,0.08,6,0.5,20,0.8,-0.3910743597599139,-0.030648087966744914,0.25433261499796533,0.360426271793169,,COMPLETE
4978,-0.4604009296863956,2026-05-12 18:21:32.062724,2026-05-12 18:21:36.567483,0 days 00:00:04.504759,0.45,0.7,4,0.03,0.01,0.3,0.08,3,0.6,5,0.8,,,,,,PRUNED
4979,-0.5179924623587872,2026-05-12 18:21:36.595799,2026-05-12 18:21:37.168827,0 days 00:00:00.573028,0.45,0.7,2,0.05,0.02,0.6,0.08,6,0.5,20,0.8,-0.39108387647623727,-0.030830266507629607,0.2538171717650998,0.36025360996860767,,COMPLETE
4980,-9999.0,2026-05-12 18:21:37.199538,2026-05-12 18:21:37.530970,0 days 00:00:00.331432,0.45,0.7,4,0.05,0.01,0.45,0.16,6,0.7,10,0.65,,,,,BEAR_RATIO < NEUTRAL_RATIO < BULL_RATIO 约束违反: 0.45 / 0.7 / 0.7,COMPLETE
4981,-0.5086705909840447,2026-05-12 18:21:37.556815,2026-05-12 18:21:43.585063,0 days 00:00:06.028248,0.35,0.8,2,0.03,0.01,0.3,0.12,6,0.5,5,0.65,,,,,,PRUNED
4982,-0.48164136409434927,2026-05-12 18:21:43.613520,2026-05-12 18:21:48.905471,0 days 00:00:05.291951,0.25,0.7,2,0.05,0.02,0.6,0.08,6,0.6,10,0.8,,,,,,PRUNED
4983,-0.4242910183560481,2026-05-12 18:21:48.935075,2026-05-12 18:21:49.326815,0 days 00:00:00.391740,0.45,0.7,2,0.05,0.02,0.6,0.08,5,0.5,20,0.8,,,,,,PRUNED
4984,-0.5582976442667821,2026-05-12 18:21:49.352920,2026-05-12 18:21:54.434857,0 days 00:00:05.081937,0.25,0.8,2,0.05,0.01,0.6,0.12,4,0.7,5,0.8,,,,,,PRUNED
4985,-0.5962162328205597,2026-05-12 18:21:54.461604,2026-05-12 18:21:58.331614,0 days 00:00:03.870010,0.35,0.8,3,0.03,0.02,0.45,0.16,3,0.7,10,0.65,,,,,,PRUNED
4986,-0.48734445279611693,2026-05-12 18:21:58.357668,2026-05-12 18:22:03.704818,0 days 00:00:05.347150,0.25,0.8,2,0.05,0.02,0.3,0.08,4,0.7,10,0.5,,,,,,PRUNED
4987,-0.42357363260304626,2026-05-12 18:22:03.731027,2026-05-12 18:22:04.105382,0 days 00:00:00.374355,0.45,0.7,2,0.05,0.02,0.6,0.08,6,0.6,20,0.5,,,,,,PRUNED
4988,-0.5179924623587872,2026-05-12 18:22:04.131348,2026-05-12 18:22:04.723124,0 days 00:00:00.591776,0.45,0.7,2,0.05,0.02,0.6,0.08,6,0.5,20,0.8,-0.39108387647623727,-0.030830266507629607,0.2538171717650998,0.36025360996860767,,COMPLETE
4989,-0.5307176070275031,2026-05-12 18:22:04.752002,2026-05-12 18:22:10.108067,0 days 00:00:05.356065,0.25,0.8,2,0.05,0.02,0.3,0.08,5,0.7,5,0.8,,,,,,PRUNED
4990,-0.5715107846558711,2026-05-12 18:22:10.130195,2026-05-12 18:22:10.460350,0 days 00:00:00.330155,0.45,0.7,2,0.05,0.02,0.6,0.08,3,0.5,20,0.8,,,,,,PRUNED
4991,-0.4810080172219843,2026-05-12 18:22:10.483397,2026-05-12 18:22:13.170923,0 days 00:00:02.687526,0.35,0.7,3,0.03,0.02,0.45,0.12,6,0.5,10,0.8,,,,,,PRUNED
4992,-0.5179924623587872,2026-05-12 18:22:13.193778,2026-05-12 18:22:13.692919,0 days 00:00:00.499141,0.45,0.7,2,0.05,0.01,0.6,0.08,6,0.5,20,0.8,-0.39108387647623727,-0.030830266507629607,0.2538171717650998,0.36025360996860767,,COMPLETE
4993,-9999.0,2026-05-12 18:22:13.715877,2026-05-12 18:22:13.985674,0 days 00:00:00.269797,0.35,0.7,2,0.05,0.02,0.3,0.08,6,0.7,20,0.8,,,,,BEAR_RATIO < NEUTRAL_RATIO < BULL_RATIO 约束违反: 0.35 / 0.7 / 0.7,COMPLETE
4994,-0.4827253805965166,2026-05-12 18:22:14.007611,2026-05-12 18:22:18.431075,0 days 00:00:04.423464,0.25,0.7,2,0.05,0.01,0.3,0.08,5,0.5,20,0.8,,,,,,PRUNED
4995,-0.4704516708057534,2026-05-12 18:22:18.476114,2026-05-12 18:22:24.060504,0 days 00:00:05.584390,0.45,0.8,2,0.03,0.02,0.3,0.08,5,0.6,5,0.8,,,,,,PRUNED
4996,-0.6273856648831937,2026-05-12 18:22:24.086710,2026-05-12 18:22:27.722191,0 days 00:00:03.635481,0.35,0.9,3,0.05,0.01,0.3,0.16,3,0.6,20,0.8,,,,,,PRUNED
4997,-0.5179924623587872,2026-05-12 18:22:27.748128,2026-05-12 18:22:28.326320,0 days 00:00:00.578192,0.45,0.7,2,0.05,0.02,0.6,0.08,6,0.5,20,0.8,-0.39108387647623727,-0.030830266507629607,0.2538171717650998,0.36025360996860767,,COMPLETE
4998,-0.5179924623587872,2026-05-12 18:22:28.354899,2026-05-12 18:22:28.872305,0 days 00:00:00.517406,0.45,0.7,2,0.05,0.02,0.6,0.08,6,0.5,20,0.5,-0.39108387647623727,-0.030830266507629607,0.2538171717650998,0.36025360996860767,,COMPLETE
4999,-0.43525666001837865,2026-05-12 18:22:28.897043,2026-05-12 18:22:33.913515,0 days 00:00:05.016472,0.45,0.9,2,0.05,0.01,0.6,0.08,5,0.5,10,0.65,,,,,,PRUNED
5000,-0.5144599799595883,2026-05-12 18:22:33.941630,2026-05-12 18:22:38.010773,0 days 00:00:04.069143,0.25,0.8,3,0.03,0.02,0.3,0.12,4,0.7,20,0.65,,,,,,PRUNED
5001,-0.4440572165774448,2026-05-12 18:22:38.037467,2026-05-12 18:22:42.985119,0 days 00:00:04.947652,0.45,0.8,3,0.05,0.02,0.6,0.16,6,0.5,20,0.8,,,,,,PRUNED
5002,-0.5179924623587872,2026-05-12 18:22:43.011756,2026-05-12 18:22:43.566691,0 days 00:00:00.554935,0.45,0.7,2,0.05,0.02,0.6,0.08,6,0.5,20,0.8,-0.39108387647623727,-0.030830266507629607,0.2538171717650998,0.36025360996860767,,COMPLETE
5003,-0.5179924623587872,2026-05-12 18:22:43.592637,2026-05-12 18:22:44.182807,0 days 00:00:00.590170,0.45,0.7,2,0.05,0.02,0.6,0.08,6,0.5,20,0.8,-0.39108387647623727,-0.030830266507629607,0.2538171717650998,0.36025360996860767,,COMPLETE
5004,-0.410125315542252,2026-05-12 18:22:44.208716,2026-05-12 18:22:44.603174,0 days 00:00:00.394458,0.45,0.7,4,0.05,0.02,0.6,0.08,6,0.5,20,0.8,,,,,,PRUNED
5005,-0.45675056654297275,2026-05-12 18:22:44.633377,2026-05-12 18:22:49.963723,0 days 00:00:05.330346,0.45,0.9,4,0.03,0.02,0.6,0.08,6,0.5,10,0.8,,,,,,PRUNED
5006,-0.4363705666785804,2026-05-12 18:22:49.990493,2026-05-12 18:22:54.537863,0 days 00:00:04.547370,0.45,0.7,3,0.03,0.02,0.3,0.08,3,0.5,5,0.8,,,,,,PRUNED
5007,-0.4605261578556159,2026-05-12 18:22:54.564066,2026-05-12 18:23:00.546635,0 days 00:00:05.982569,0.35,0.9,4,0.05,0.02,0.45,0.08,6,0.5,20,0.8,,,,,,PRUNED
5008,-0.5179924623587872,2026-05-12 18:23:00.572920,2026-05-12 18:23:01.189825,0 days 00:00:00.616905,0.45,0.7,2,0.05,0.02,0.6,0.08,6,0.5,20,0.8,-0.39108387647623727,-0.030830266507629607,0.2538171717650998,0.36025360996860767,,COMPLETE
5009,-0.5317087388717561,2026-05-12 18:23:01.217277,2026-05-12 18:23:06.632247,0 days 00:00:05.414970,0.25,0.9,2,0.05,0.02,0.45,0.08,5,0.6,5,0.5,,,,,,PRUNED
5010,-9999.0,2026-05-12 18:23:06.657458,2026-05-12 18:23:06.993858,0 days 00:00:00.336400,0.45,0.7,2,0.03,0.02,0.6,0.08,4,0.7,20,0.8,,,,,BEAR_RATIO < NEUTRAL_RATIO < BULL_RATIO 约束违反: 0.45 / 0.7 / 0.7,COMPLETE
5011,-0.5179924623587872,2026-05-12 18:23:07.018865,2026-05-12 18:23:07.578701,0 days 00:00:00.559836,0.45,0.7,2,0.05,0.02,0.6,0.08,6,0.5,20,0.8,-0.39108387647623727,-0.030830266507629607,0.2538171717650998,0.36025360996860767,,COMPLETE
5012,-0.4857155708936963,2026-05-12 18:23:07.604312,2026-05-12 18:23:12.484647,0 days 00:00:04.880335,0.45,0.8,4,0.03,0.02,0.3,0.12,6,0.6,20,0.65,,,,,,PRUNED
5013,-0.46569097115050706,2026-05-12 18:23:12.525326,2026-05-12 18:23:16.518748,0 days 00:00:03.993422,0.45,0.9,2,0.05,0.02,0.45,0.16,4,0.6,20,0.8,,,,,,PRUNED
5014,-9999.0,2026-05-12 18:23:16.545951,2026-05-12 18:23:16.862359,0 days 00:00:00.316408,0.45,0.7,2,0.05,0.01,0.45,0.16,6,0.7,5,0.8,,,,,BEAR_RATIO < NEUTRAL_RATIO < BULL_RATIO 约束违反: 0.45 / 0.7 / 0.7,COMPLETE
5015,-0.5179924623587872,2026-05-12 18:23:16.890554,2026-05-12 18:23:17.440237,0 days 00:00:00.549683,0.45,0.7,2,0.05,0.02,0.6,0.08,6,0.5,20,0.8,-0.39108387647623727,-0.030830266507629607,0.2538171717650998,0.36025360996860767,,COMPLETE
5016,-0.46197941100549955,2026-05-12 18:23:17.464668,2026-05-12 18:23:21.997839,0 days 00:00:04.533171,0.45,0.7,2,0.05,0.01,0.3,0.16,5,0.6,20,0.65,,,,,,PRUNED
5017,-0.487977668522307,2026-05-12 18:23:22.025043,2026-05-12 18:23:26.610182,0 days 00:00:04.585139,0.35,0.9,4,0.05,0.02,0.6,0.08,5,0.6,20,0.8,,,,,,PRUNED
5018,-0.4922234139514349,2026-05-12 18:23:26.635204,2026-05-12 18:23:30.065048,0 days 00:00:03.429844,0.25,0.8,3,0.05,0.02,0.3,0.08,6,0.5,20,0.8,,,,,,PRUNED
5019,-0.4684481442326899,2026-05-12 18:23:30.090741,2026-05-12 18:23:34.563526,0 days 00:00:04.472785,0.45,0.8,3,0.05,0.01,0.6,0.08,5,0.7,20,0.65,,,,,,PRUNED
5020,-0.5179924623587872,2026-05-12 18:23:34.588757,2026-05-12 18:23:35.152170,0 days 00:00:00.563413,0.45,0.7,2,0.05,0.02,0.6,0.08,6,0.5,20,0.8,-0.39108387647623727,-0.030830266507629607,0.2538171717650998,0.36025360996860767,,COMPLETE
5021,-0.5019374727741739,2026-05-12 18:23:35.190985,2026-05-12 18:23:40.322727,0 days 00:00:05.131742,0.25,0.8,3,0.05,0.01,0.6,0.08,5,0.7,10,0.5,,,,,,PRUNED
5022,-0.5179924623587872,2026-05-12 18:23:40.352306,2026-05-12 18:23:40.949300,0 days 00:00:00.596994,0.45,0.7,2,0.05,0.02,0.6,0.08,6,0.5,20,0.8,-0.39108387647623727,-0.030830266507629607,0.2538171717650998,0.36025360996860767,,COMPLETE
5023,-0.5598818688743136,2026-05-12 18:23:40.976045,2026-05-12 18:23:46.844927,0 days 00:00:05.868882,0.25,0.9,2,0.03,0.01,0.3,0.08,5,0.7,5,0.5,,,,,,PRUNED
5024,-9999.0,2026-05-12 18:23:46.873749,2026-05-12 18:23:47.236890,0 days 00:00:00.363141,0.35,0.7,3,0.03,0.01,0.3,0.12,5,0.7,20,0.5,,,,,BEAR_RATIO < NEUTRAL_RATIO < BULL_RATIO 约束违反: 0.35 / 0.7 / 0.7,COMPLETE
