number,value,datetime_start,datetime_complete,duration,params_BEAR_RATIO,params_BULL_RATIO,params_GRID_MAX_LAYER,params_GRID_STEP_MAX,params_GRID_STEP_MIN,params_GRID_STEP_VOL_FACTOR,params_LAYER_FRACTION,params_MAX_HOLD,params_NEUTRAL_RATIO,params_REBALANCE_FREQ,params_VOL_WEIGHT,user_attrs_avg_test_score,user_attrs_avg_train_score,user_attrs_test_score_std,user_attrs_train_test_gap,user_attrs_validation_error,state
4784,-0.5954843067112631,2026-05-12 18:12:10.832992,2026-05-12 18:12:14.592564,0 days 00:00:03.759572,0.45,0.9,3,0.03,0.01,0.3,0.16,3,0.7,10,0.5,,,,,,PRUNED
4785,-0.43588278815153436,2026-05-12 18:12:14.617338,2026-05-12 18:12:18.693214,0 days 00:00:04.075876,0.35,0.7,2,0.05,0.01,0.6,0.08,4,0.5,20,0.8,,,,,,PRUNED
4786,-0.4194511448045569,2026-05-12 18:12:18.718407,2026-05-12 18:12:19.102077,0 days 00:00:00.383670,0.45,0.7,2,0.05,0.02,0.6,0.12,6,0.5,20,0.8,,,,,,PRUNED
4787,-0.4540346866712016,2026-05-12 18:12:19.125482,2026-05-12 18:12:25.216536,0 days 00:00:06.091054,0.45,0.7,2,0.05,0.02,0.45,0.16,6,0.6,5,0.8,,,,,,PRUNED
4788,-0.4453372005663059,2026-05-12 18:12:25.242664,2026-05-12 18:12:25.621271,0 days 00:00:00.378607,0.45,0.7,2,0.03,0.02,0.6,0.08,5,0.5,20,0.8,,,,,,PRUNED
4789,-0.5001607975044355,2026-05-12 18:12:25.650457,2026-05-12 18:12:30.935147,0 days 00:00:05.284690,0.45,0.9,2,0.03,0.02,0.45,0.16,6,0.5,20,0.8,,,,,,PRUNED
4790,-0.5715107846558711,2026-05-12 18:12:30.963317,2026-05-12 18:12:31.341368,0 days 00:00:00.378051,0.45,0.7,2,0.05,0.02,0.6,0.08,3,0.5,20,0.8,,,,,,PRUNED
4791,-0.4106117209672115,2026-05-12 18:12:31.372531,2026-05-12 18:12:36.562434,0 days 00:00:05.189903,0.45,0.7,2,0.05,0.02,0.6,0.08,5,0.5,10,0.5,,,,,,PRUNED
4792,-0.5179924623587872,2026-05-12 18:12:36.588261,2026-05-12 18:12:37.141232,0 days 00:00:00.552971,0.45,0.7,2,0.05,0.02,0.6,0.08,6,0.5,20,0.8,-0.39108387647623727,-0.030830266507629607,0.2538171717650998,0.36025360996860767,,COMPLETE
4793,-0.45488786170609313,2026-05-12 18:12:37.165824,2026-05-12 18:12:41.858898,0 days 00:00:04.693074,0.45,0.8,4,0.05,0.02,0.45,0.08,5,0.6,20,0.65,,,,,,PRUNED
4794,-0.48237273587429585,2026-05-12 18:12:41.884759,2026-05-12 18:12:46.874804,0 days 00:00:04.990045,0.45,0.7,4,0.03,0.02,0.3,0.08,4,0.5,5,0.8,,,,,,PRUNED
4795,-0.5070139238010613,2026-05-12 18:12:46.899645,2026-05-12 18:12:52.594828,0 days 00:00:05.695183,0.35,0.8,2,0.05,0.01,0.3,0.12,5,0.7,5,0.8,,,,,,PRUNED
4796,-0.5201308002733857,2026-05-12 18:12:52.622367,2026-05-12 18:12:57.576099,0 days 00:00:04.953732,0.25,0.8,4,0.03,0.02,0.6,0.08,6,0.6,20,0.65,,,,,,PRUNED
4797,-0.43223096142417294,2026-05-12 18:12:57.605971,2026-05-12 18:12:57.977510,0 days 00:00:00.371539,0.45,0.9,2,0.05,0.02,0.6,0.08,6,0.5,20,0.8,,,,,,PRUNED
4798,-0.4242910183560481,2026-05-12 18:12:58.003243,2026-05-12 18:12:58.413886,0 days 00:00:00.410643,0.45,0.7,2,0.05,0.02,0.6,0.08,5,0.5,20,0.8,,,,,,PRUNED
4799,-0.5078618313258879,2026-05-12 18:12:58.440756,2026-05-12 18:13:03.332506,0 days 00:00:04.891750,0.45,0.7,2,0.03,0.01,0.45,0.16,4,0.5,5,0.8,,,,,,PRUNED
4800,-0.5305920167445265,2026-05-12 18:13:03.359409,2026-05-12 18:13:08.980397,0 days 00:00:05.620988,0.25,0.9,2,0.05,0.01,0.3,0.12,6,0.7,20,0.8,,,,,,PRUNED
4801,-0.4853258467076413,2026-05-12 18:13:09.002722,2026-05-12 18:13:13.386281,0 days 00:00:04.383559,0.25,0.8,2,0.05,0.02,0.45,0.08,5,0.5,10,0.65,,,,,,PRUNED
4802,-0.5179924623587872,2026-05-12 18:13:13.409287,2026-05-12 18:13:13.934690,0 days 00:00:00.525403,0.45,0.7,2,0.05,0.02,0.6,0.08,6,0.5,20,0.8,-0.39108387647623727,-0.030830266507629607,0.2538171717650998,0.36025360996860767,,COMPLETE
4803,-9999.0,2026-05-12 18:13:13.959265,2026-05-12 18:13:14.264606,0 days 00:00:00.305341,0.25,0.7,3,0.05,0.01,0.6,0.16,6,0.7,10,0.5,,,,,BEAR_RATIO < NEUTRAL_RATIO < BULL_RATIO 约束违反: 0.25 / 0.7 / 0.7,COMPLETE
4804,-0.48109173099020053,2026-05-12 18:13:14.286156,2026-05-12 18:13:18.129077,0 days 00:00:03.842921,0.35,0.8,4,0.05,0.02,0.45,0.08,6,0.6,5,0.65,,,,,,PRUNED
4805,-0.4851587596374852,2026-05-12 18:13:18.153605,2026-05-12 18:13:22.323304,0 days 00:00:04.169699,0.35,0.8,3,0.05,0.02,0.3,0.08,3,0.6,5,0.8,,,,,,PRUNED
4806,-0.5284474693682983,2026-05-12 18:13:22.350415,2026-05-12 18:13:26.474117,0 days 00:00:04.123702,0.25,0.9,4,0.03,0.01,0.6,0.16,4,0.5,20,0.8,,,,,,PRUNED
4807,-9999.0,2026-05-12 18:13:26.504059,2026-05-12 18:13:26.876305,0 days 00:00:00.372246,0.45,0.7,2,0.05,0.02,0.6,0.08,3,0.7,20,0.8,,,,,BEAR_RATIO < NEUTRAL_RATIO < BULL_RATIO 约束违反: 0.45 / 0.7 / 0.7,COMPLETE
4808,-0.48286964472369415,2026-05-12 18:13:26.903151,2026-05-12 18:13:32.767356,0 days 00:00:05.864205,0.45,0.8,4,0.05,0.02,0.45,0.12,5,0.7,5,0.65,,,,,,PRUNED
4809,-0.6540029504393894,2026-05-12 18:13:32.796068,2026-05-12 18:13:36.419355,0 days 00:00:03.623287,0.35,0.8,3,0.03,0.01,0.45,0.16,3,0.7,20,0.5,,,,,,PRUNED
4810,-0.5179924623587872,2026-05-12 18:13:36.446951,2026-05-12 18:13:37.042157,0 days 00:00:00.595206,0.45,0.7,2,0.05,0.02,0.6,0.08,6,0.5,20,0.5,-0.39108387647623727,-0.030830266507629607,0.2538171717650998,0.36025360996860767,,COMPLETE
4811,-0.5928786804822005,2026-05-12 18:13:37.070342,2026-05-12 18:13:40.716425,0 days 00:00:03.646083,0.35,0.7,2,0.05,0.01,0.3,0.16,3,0.5,20,0.65,,,,,,PRUNED
4812,-0.6542248134301141,2026-05-12 18:13:40.745755,2026-05-12 18:13:44.419982,0 days 00:00:03.674227,0.35,0.9,4,0.03,0.02,0.45,0.12,3,0.7,20,0.5,,,,,,PRUNED
4813,-0.47247203672766935,2026-05-12 18:13:44.450510,2026-05-12 18:13:49.555563,0 days 00:00:05.105053,0.35,0.7,3,0.03,0.01,0.6,0.08,6,0.6,20,0.5,,,,,,PRUNED
4814,-9999.0,2026-05-12 18:13:49.581664,2026-05-12 18:13:49.923505,0 days 00:00:00.341841,0.25,0.7,4,0.05,0.01,0.3,0.08,4,0.7,10,0.65,,,,,BEAR_RATIO < NEUTRAL_RATIO < BULL_RATIO 约束违反: 0.25 / 0.7 / 0.7,COMPLETE
4815,-0.5489526041021464,2026-05-12 18:13:49.949724,2026-05-12 18:13:54.781738,0 days 00:00:04.832014,0.25,0.7,4,0.05,0.02,0.3,0.16,4,0.6,5,0.65,,,,,,PRUNED
4816,-0.5179924623587872,2026-05-12 18:13:54.806813,2026-05-12 18:13:55.355121,0 days 00:00:00.548308,0.45,0.7,2,0.05,0.02,0.6,0.08,6,0.5,20,0.8,-0.39108387647623727,-0.030830266507629607,0.2538171717650998,0.36025360996860767,,COMPLETE
4817,-0.5179924623587872,2026-05-12 18:13:55.382536,2026-05-12 18:13:55.900957,0 days 00:00:00.518421,0.45,0.7,2,0.05,0.02,0.6,0.08,6,0.5,20,0.65,-0.39108387647623727,-0.030830266507629607,0.2538171717650998,0.36025360996860767,,COMPLETE
4818,-0.458066644485657,2026-05-12 18:13:55.925758,2026-05-12 18:14:00.731352,0 days 00:00:04.805594,0.35,0.7,3,0.03,0.02,0.6,0.08,6,0.5,20,0.65,,,,,,PRUNED
4819,-0.410125315542252,2026-05-12 18:14:00.758074,2026-05-12 18:14:01.121250,0 days 00:00:00.363176,0.45,0.7,4,0.05,0.02,0.6,0.08,6,0.5,20,0.8,,,,,,PRUNED
4820,-0.5179924623587872,2026-05-12 18:14:01.148000,2026-05-12 18:14:01.713981,0 days 00:00:00.565981,0.45,0.7,2,0.05,0.02,0.6,0.08,6,0.5,20,0.8,-0.39108387647623727,-0.030830266507629607,0.2538171717650998,0.36025360996860767,,COMPLETE
4821,-0.5031820939351356,2026-05-12 18:14:01.738482,2026-05-12 18:14:06.655807,0 days 00:00:04.917325,0.35,0.7,4,0.03,0.01,0.6,0.16,4,0.6,10,0.8,,,,,,PRUNED
4822,-0.5179924623587872,2026-05-12 18:14:06.678474,2026-05-12 18:14:07.172157,0 days 00:00:00.493683,0.45,0.7,2,0.05,0.01,0.6,0.08,6,0.5,20,0.8,-0.39108387647623727,-0.030830266507629607,0.2538171717650998,0.36025360996860767,,COMPLETE
4823,-0.5179924623587872,2026-05-12 18:14:07.195409,2026-05-12 18:14:07.704929,0 days 00:00:00.509520,0.45,0.7,2,0.05,0.02,0.6,0.08,6,0.5,20,0.8,-0.39108387647623727,-0.030830266507629607,0.2538171717650998,0.36025360996860767,,COMPLETE
4824,-0.5316160141960818,2026-05-12 18:14:07.727319,2026-05-12 18:14:12.567279,0 days 00:00:04.839960,0.25,0.9,4,0.03,0.02,0.45,0.08,6,0.6,20,0.5,,,,,,PRUNED
4825,-0.5179924623587872,2026-05-12 18:14:12.593539,2026-05-12 18:14:13.217817,0 days 00:00:00.624278,0.45,0.7,2,0.05,0.02,0.6,0.08,6,0.5,20,0.8,-0.39108387647623727,-0.030830266507629607,0.2538171717650998,0.36025360996860767,,COMPLETE
4826,-0.5331747650068251,2026-05-12 18:14:13.241837,2026-05-12 18:14:18.075822,0 days 00:00:04.833985,0.25,0.9,2,0.03,0.01,0.6,0.12,5,0.5,10,0.65,,,,,,PRUNED
4827,-0.5556685761167176,2026-05-12 18:14:18.099064,2026-05-12 18:14:21.775747,0 days 00:00:03.676683,0.25,0.8,2,0.05,0.01,0.3,0.08,3,0.6,10,0.5,,,,,,PRUNED
4828,-0.5742449372091573,2026-05-12 18:14:21.802156,2026-05-12 18:14:24.192576,0 days 00:00:02.390420,0.35,0.9,2,0.05,0.02,0.45,0.16,3,0.7,10,0.8,,,,,,PRUNED
4829,-0.5524208914609645,2026-05-12 18:14:24.214607,2026-05-12 18:14:27.818084,0 days 00:00:03.603477,0.45,0.8,4,0.05,0.01,0.45,0.16,3,0.6,10,0.65,,,,,,PRUNED
4830,-0.5179924623587872,2026-05-12 18:14:27.842414,2026-05-12 18:14:28.390302,0 days 00:00:00.547888,0.45,0.7,2,0.05,0.02,0.6,0.08,6,0.5,20,0.8,-0.39108387647623727,-0.030830266507629607,0.2538171717650998,0.36025360996860767,,COMPLETE
4831,-0.508192077465066,2026-05-12 18:14:28.414100,2026-05-12 18:14:32.930424,0 days 00:00:04.516324,0.45,0.8,2,0.03,0.02,0.45,0.12,5,0.7,20,0.65,,,,,,PRUNED
4832,-0.4092788272711371,2026-05-12 18:14:32.954706,2026-05-12 18:14:33.350539,0 days 00:00:00.395833,0.45,0.7,3,0.05,0.02,0.6,0.08,6,0.5,20,0.8,,,,,,PRUNED
4833,-9999.0,2026-05-12 18:14:33.377288,2026-05-12 18:14:33.675162,0 days 00:00:00.297874,0.45,0.7,3,0.05,0.02,0.6,0.12,5,0.7,5,0.5,,,,,BEAR_RATIO < NEUTRAL_RATIO < BULL_RATIO 约束违反: 0.45 / 0.7 / 0.7,COMPLETE
4834,-9999.0,2026-05-12 18:14:33.699616,2026-05-12 18:14:34.016407,0 days 00:00:00.316791,0.25,0.7,2,0.05,0.01,0.6,0.08,3,0.7,20,0.5,,,,,BEAR_RATIO < NEUTRAL_RATIO < BULL_RATIO 约束违反: 0.25 / 0.7 / 0.7,COMPLETE
4835,-9999.0,2026-05-12 18:14:34.040445,2026-05-12 18:14:34.376347,0 days 00:00:00.335902,0.45,0.7,4,0.05,0.02,0.6,0.08,6,0.7,20,0.65,,,,,BEAR_RATIO < NEUTRAL_RATIO < BULL_RATIO 约束违反: 0.45 / 0.7 / 0.7,COMPLETE
4836,-0.4603626542471413,2026-05-12 18:14:34.403732,2026-05-12 18:14:39.205201,0 days 00:00:04.801469,0.45,0.8,2,0.03,0.01,0.3,0.08,6,0.6,20,0.5,,,,,,PRUNED
4837,-0.4461722096882217,2026-05-12 18:14:39.231332,2026-05-12 18:14:43.163589,0 days 00:00:03.932257,0.35,0.7,2,0.05,0.02,0.45,0.08,4,0.6,20,0.65,,,,,,PRUNED
4838,-0.4861819710633758,2026-05-12 18:14:43.189068,2026-05-12 18:14:47.426136,0 days 00:00:04.237068,0.25,0.8,2,0.05,0.02,0.3,0.16,4,0.5,10,0.8,,,,,,PRUNED
4839,-0.4265670115795272,2026-05-12 18:14:47.467760,2026-05-12 18:14:52.011518,0 days 00:00:04.543758,0.45,0.7,3,0.05,0.02,0.3,0.08,5,0.5,20,0.65,,,,,,PRUNED
4840,-0.4375177398777454,2026-05-12 18:14:52.038110,2026-05-12 18:14:58.078803,0 days 00:00:06.040693,0.45,0.7,3,0.03,0.02,0.45,0.08,6,0.5,5,0.65,,,,,,PRUNED
4841,-0.6255712826206096,2026-05-12 18:14:58.107420,2026-05-12 18:15:01.621093,0 days 00:00:03.513673,0.45,0.8,2,0.05,0.02,0.6,0.16,3,0.7,20,0.5,,,,,,PRUNED
4842,-0.4287355409983588,2026-05-12 18:15:01.648294,2026-05-12 18:15:08.560325,0 days 00:00:06.912031,0.45,0.8,2,0.05,0.02,0.6,0.08,6,0.5,5,0.5,,,,,,PRUNED
4843,-0.5031646351129958,2026-05-12 18:15:08.588522,2026-05-12 18:15:13.295579,0 days 00:00:04.707057,0.25,0.7,2,0.05,0.02,0.6,0.16,5,0.5,20,0.65,,,,,,PRUNED
4844,-0.45685160935419933,2026-05-12 18:15:13.322821,2026-05-12 18:15:18.393940,0 days 00:00:05.071119,0.45,0.9,3,0.03,0.01,0.3,0.08,6,0.5,10,0.65,,,,,,PRUNED
4845,-0.5085550482330797,2026-05-12 18:15:18.419989,2026-05-12 18:15:24.119864,0 days 00:00:05.699875,0.35,0.9,4,0.05,0.02,0.45,0.12,6,0.6,5,0.5,,,,,,PRUNED
4846,-0.4231106676515563,2026-05-12 18:15:24.143995,2026-05-12 18:15:29.264640,0 days 00:00:05.120645,0.45,0.8,3,0.05,0.02,0.45,0.08,6,0.5,10,0.8,,,,,,PRUNED
4847,-0.5275280473915298,2026-05-12 18:15:29.290845,2026-05-12 18:15:32.950756,0 days 00:00:03.659911,0.45,0.7,2,0.05,0.02,0.6,0.08,3,0.6,10,0.65,,,,,,PRUNED
4848,-0.4840460601420383,2026-05-12 18:15:32.976727,2026-05-12 18:15:37.545738,0 days 00:00:04.569011,0.25,0.7,3,0.05,0.02,0.6,0.08,5,0.5,20,0.8,,,,,,PRUNED
4849,-0.5179924623587872,2026-05-12 18:15:37.573217,2026-05-12 18:15:38.107731,0 days 00:00:00.534514,0.45,0.7,2,0.05,0.02,0.6,0.08,6,0.5,20,0.8,-0.39108387647623727,-0.030830266507629607,0.2538171717650998,0.36025360996860767,,COMPLETE
4850,-9999.0,2026-05-12 18:15:38.134797,2026-05-12 18:15:38.421402,0 days 00:00:00.286605,0.45,0.7,2,0.05,0.01,0.45,0.08,3,0.7,20,0.8,,,,,BEAR_RATIO < NEUTRAL_RATIO < BULL_RATIO 约束违反: 0.45 / 0.7 / 0.7,COMPLETE
4851,-0.5179924623587872,2026-05-12 18:15:38.447999,2026-05-12 18:15:39.019314,0 days 00:00:00.571315,0.45,0.7,2,0.05,0.02,0.6,0.08,6,0.5,20,0.8,-0.39108387647623727,-0.030830266507629607,0.2538171717650998,0.36025360996860767,,COMPLETE
4852,-0.5331100153963945,2026-05-12 18:15:39.045102,2026-05-12 18:15:43.887349,0 days 00:00:04.842247,0.45,0.9,2,0.03,0.01,0.6,0.16,6,0.7,20,0.5,,,,,,PRUNED
4853,-0.4852934335553817,2026-05-12 18:15:43.912893,2026-05-12 18:15:47.371581,0 days 00:00:03.458688,0.45,0.7,2,0.05,0.01,0.3,0.12,4,0.6,5,0.65,,,,,,PRUNED
4854,-0.5199670044879958,2026-05-12 18:15:47.397128,2026-05-12 18:15:52.975085,0 days 00:00:05.577957,0.45,0.9,4,0.03,0.02,0.45,0.12,5,0.7,5,0.65,,,,,,PRUNED
4855,-0.5179924623587872,2026-05-12 18:15:53.007821,2026-05-12 18:15:53.572249,0 days 00:00:00.564428,0.45,0.7,2,0.05,0.02,0.6,0.08,6,0.5,20,0.8,-0.39108387647623727,-0.030830266507629607,0.2538171717650998,0.36025360996860767,,COMPLETE
4856,-0.43573028946402204,2026-05-12 18:15:53.596279,2026-05-12 18:15:59.299184,0 days 00:00:05.702905,0.45,0.7,2,0.05,0.02,0.6,0.12,6,0.6,20,0.65,,,,,,PRUNED
4857,-0.5277147611059932,2026-05-12 18:15:59.324382,2026-05-12 18:16:03.810819,0 days 00:00:04.486437,0.25,0.9,4,0.03,0.02,0.3,0.12,4,0.7,10,0.65,,,,,,PRUNED
4858,-0.5524208914609645,2026-05-12 18:16:03.839567,2026-05-12 18:16:07.728003,0 days 00:00:03.888436,0.45,0.8,4,0.05,0.02,0.6,0.16,3,0.6,10,0.8,,,,,,PRUNED
4859,-0.4882077637399743,2026-05-12 18:16:07.754436,2026-05-12 18:16:12.371906,0 days 00:00:04.617470,0.35,0.8,2,0.03,0.01,0.6,0.12,3,0.5,5,0.65,,,,,,PRUNED
4860,-0.5451004706623369,2026-05-12 18:16:12.398360,2026-05-12 18:16:16.436185,0 days 00:00:04.037825,0.45,0.9,4,0.03,0.02,0.3,0.08,3,0.5,10,0.8,,,,,,PRUNED
4861,-0.5179924623587872,2026-05-12 18:16:16.465597,2026-05-12 18:16:17.078256,0 days 00:00:00.612659,0.45,0.7,2,0.05,0.02,0.6,0.08,6,0.5,20,0.8,-0.39108387647623727,-0.030830266507629607,0.2538171717650998,0.36025360996860767,,COMPLETE
4862,-0.4849001861376906,2026-05-12 18:16:17.122474,2026-05-12 18:16:21.483990,0 days 00:00:04.361516,0.25,0.8,3,0.03,0.01,0.3,0.08,4,0.5,20,0.5,,,,,,PRUNED
4863,-0.5946519570742681,2026-05-12 18:16:21.533466,2026-05-12 18:16:25.396734,0 days 00:00:03.863268,0.25,0.8,4,0.03,0.02,0.6,0.12,3,0.7,10,0.65,,,,,,PRUNED
4864,-0.5179924623587872,2026-05-12 18:16:25.425774,2026-05-12 18:16:25.983989,0 days 00:00:00.558215,0.45,0.7,2,0.05,0.02,0.6,0.08,6,0.5,20,0.8,-0.39108387647623727,-0.030830266507629607,0.2538171717650998,0.36025360996860767,,COMPLETE
4865,-0.6214714548835866,2026-05-12 18:16:26.024531,2026-05-12 18:16:29.477156,0 days 00:00:03.452625,0.25,0.9,2,0.05,0.02,0.6,0.08,3,0.6,20,0.5,,,,,,PRUNED
4866,-0.5179924623587872,2026-05-12 18:16:29.498837,2026-05-12 18:16:29.997117,0 days 00:00:00.498280,0.45,0.7,2,0.05,0.02,0.6,0.08,6,0.5,20,0.8,-0.39108387647623727,-0.030830266507629607,0.2538171717650998,0.36025360996860767,,COMPLETE
4867,-0.4213231947291116,2026-05-12 18:16:30.021461,2026-05-12 18:16:30.336654,0 days 00:00:00.315193,0.45,0.7,2,0.05,0.02,0.6,0.08,4,0.5,20,0.8,,,,,,PRUNED
4868,-0.4405559493636068,2026-05-12 18:16:30.360820,2026-05-12 18:16:34.641423,0 days 00:00:04.280603,0.45,0.7,2,0.05,0.02,0.45,0.16,5,0.5,20,0.8,,,,,,PRUNED
4869,-0.43445413452509957,2026-05-12 18:16:34.666893,2026-05-12 18:16:38.603935,0 days 00:00:03.937042,0.45,0.7,4,0.05,0.02,0.6,0.12,4,0.5,20,0.8,,,,,,PRUNED
4870,-0.5013308567443171,2026-05-12 18:16:38.631765,2026-05-12 18:16:43.360894,0 days 00:00:04.729129,0.25,0.8,2,0.05,0.02,0.6,0.12,6,0.5,20,0.8,,,,,,PRUNED
4871,-0.42357363260304626,2026-05-12 18:16:43.392832,2026-05-12 18:16:43.763791,0 days 00:00:00.370959,0.45,0.7,2,0.05,0.02,0.6,0.08,6,0.6,20,0.8,,,,,,PRUNED
4872,-0.5556918475143678,2026-05-12 18:16:43.791871,2026-05-12 18:16:48.635046,0 days 00:00:04.843175,0.25,0.7,4,0.03,0.01,0.45,0.16,6,0.6,20,0.5,,,,,,PRUNED
4873,-0.5179924623587872,2026-05-12 18:16:48.661071,2026-05-12 18:16:49.235594,0 days 00:00:00.574523,0.45,0.7,2,0.05,0.02,0.6,0.08,6,0.5,20,0.8,-0.39108387647623727,-0.030830266507629607,0.2538171717650998,0.36025360996860767,,COMPLETE
4874,-0.5598263804661598,2026-05-12 18:16:49.261955,2026-05-12 18:16:52.847489,0 days 00:00:03.585534,0.25,0.7,2,0.03,0.01,0.3,0.08,3,0.6,10,0.5,,,,,,PRUNED
4875,-0.4597556815316315,2026-05-12 18:16:52.870598,2026-05-12 18:16:58.750491,0 days 00:00:05.879893,0.45,0.9,2,0.05,0.01,0.3,0.16,6,0.5,10,0.65,,,,,,PRUNED
4876,-0.4622336656229714,2026-05-12 18:16:58.774949,2026-05-12 18:17:01.704613,0 days 00:00:02.929664,0.45,0.9,4,0.05,0.02,0.6,0.16,4,0.5,10,0.8,,,,,,PRUNED
4877,-0.5280656824694572,2026-05-12 18:17:01.733744,2026-05-12 18:17:05.962082,0 days 00:00:04.228338,0.25,0.8,4,0.03,0.01,0.45,0.16,4,0.6,10,0.65,,,,,,PRUNED
4878,-9999.0,2026-05-12 18:17:05.987259,2026-05-12 18:17:06.292949,0 days 00:00:00.305690,0.35,0.7,3,0.05,0.01,0.6,0.16,4,0.7,10,0.8,,,,,BEAR_RATIO < NEUTRAL_RATIO < BULL_RATIO 约束违反: 0.35 / 0.7 / 0.7,COMPLETE
4879,-0.47441457244516044,2026-05-12 18:17:06.317809,2026-05-12 18:17:06.683376,0 days 00:00:00.365567,0.25,0.7,2,0.05,0.02,0.6,0.08,6,0.5,20,0.8,,,,,,PRUNED
4880,-0.4662826135785915,2026-05-12 18:17:06.709649,2026-05-12 18:17:11.086669,0 days 00:00:04.377020,0.45,0.9,2,0.05,0.02,0.6,0.12,4,0.6,10,0.5,,,,,,PRUNED
4881,-0.5179924623587872,2026-05-12 18:17:11.114800,2026-05-12 18:17:11.705187,0 days 00:00:00.590387,0.45,0.7,2,0.05,0.02,0.6,0.08,6,0.5,20,0.8,-0.39108387647623727,-0.030830266507629607,0.2538171717650998,0.36025360996860767,,COMPLETE
4882,-0.44853109400437235,2026-05-12 18:17:11.761555,2026-05-12 18:17:16.668717,0 days 00:00:04.907162,0.45,0.9,2,0.05,0.02,0.45,0.12,3,0.5,5,0.5,,,,,,PRUNED
4883,-0.43098184717620475,2026-05-12 18:17:16.698026,2026-05-12 18:17:22.106203,0 days 00:00:05.408177,0.45,0.7,4,0.03,0.02,0.45,0.08,5,0.5,10,0.65,,,,,,PRUNED
4884,-0.48773300966214644,2026-05-12 18:17:22.151363,2026-05-12 18:17:26.478413,0 days 00:00:04.327050,0.35,0.9,2,0.05,0.02,0.6,0.16,4,0.7,20,0.5,,,,,,PRUNED
4885,-0.49658545639603013,2026-05-12 18:17:26.507151,2026-05-12 18:17:31.611732,0 days 00:00:05.104581,0.45,0.9,2,0.05,0.01,0.3,0.12,4,0.5,5,0.8,,,,,,PRUNED
4886,-0.5418609152042833,2026-05-12 18:17:31.639808,2026-05-12 18:17:36.295739,0 days 00:00:04.655931,0.25,0.9,3,0.03,0.01,0.6,0.12,5,0.5,20,0.5,,,,,,PRUNED
4887,-0.5752966488660767,2026-05-12 18:17:36.323265,2026-05-12 18:17:39.971527,0 days 00:00:03.648262,0.45,0.9,4,0.03,0.01,0.6,0.08,3,0.7,10,0.5,,,,,,PRUNED
4888,-0.5179924623587872,2026-05-12 18:17:39.997463,2026-05-12 18:17:40.479117,0 days 00:00:00.481654,0.45,0.7,2,0.05,0.02,0.6,0.08,6,0.5,20,0.8,-0.39108387647623727,-0.030830266507629607,0.2538171717650998,0.36025360996860767,,COMPLETE
4889,-0.5179924623587872,2026-05-12 18:17:40.501214,2026-05-12 18:17:40.975586,0 days 00:00:00.474372,0.45,0.7,2,0.05,0.02,0.6,0.08,6,0.5,20,0.8,-0.39108387647623727,-0.030830266507629607,0.2538171717650998,0.36025360996860767,,COMPLETE
4890,-0.4266137721636354,2026-05-12 18:17:40.999728,2026-05-12 18:17:46.057636,0 days 00:00:05.057908,0.45,0.7,4,0.05,0.02,0.6,0.08,6,0.6,10,0.8,,,,,,PRUNED
4891,-0.48325187117919566,2026-05-12 18:17:46.086372,2026-05-12 18:17:48.789439,0 days 00:00:02.703067,0.25,0.9,2,0.05,0.01,0.6,0.08,4,0.5,10,0.8,,,,,,PRUNED
4892,-0.5179924623587872,2026-05-12 18:17:48.814733,2026-05-12 18:17:49.409112,0 days 00:00:00.594379,0.45,0.7,2,0.05,0.02,0.6,0.08,6,0.5,20,0.8,-0.39108387647623727,-0.030830266507629607,0.2538171717650998,0.36025360996860767,,COMPLETE
4893,-0.4092137988646166,2026-05-12 18:17:49.433618,2026-05-12 18:17:49.780157,0 days 00:00:00.346539,0.45,0.7,2,0.05,0.02,0.6,0.08,6,0.5,10,0.8,,,,,,PRUNED
4894,-0.43148900901251575,2026-05-12 18:17:49.804270,2026-05-12 18:17:50.138838,0 days 00:00:00.334568,0.45,0.7,4,0.03,0.02,0.6,0.08,6,0.5,20,0.8,,,,,,PRUNED
4895,-0.4280373050192524,2026-05-12 18:17:50.162448,2026-05-12 18:17:54.779621,0 days 00:00:04.617173,0.45,0.7,2,0.05,0.02,0.45,0.08,5,0.6,10,0.65,,,,,,PRUNED
4896,-0.44719969144063537,2026-05-12 18:17:54.807623,2026-05-12 18:18:00.522502,0 days 00:00:05.714879,0.35,0.7,2,0.05,0.02,0.6,0.12,6,0.5,20,0.5,,,,,,PRUNED
4897,-0.4464090857388337,2026-05-12 18:18:00.550360,2026-05-12 18:18:05.090728,0 days 00:00:04.540368,0.45,0.7,4,0.05,0.02,0.6,0.16,5,0.5,20,0.8,,,,,,PRUNED
4898,-0.5179924623587872,2026-05-12 18:18:05.116600,2026-05-12 18:18:05.665288,0 days 00:00:00.548688,0.45,0.7,2,0.05,0.01,0.6,0.08,6,0.5,20,0.8,-0.39108387647623727,-0.030830266507629607,0.2538171717650998,0.36025360996860767,,COMPLETE
4899,-0.48900936259995065,2026-05-12 18:18:05.691729,2026-05-12 18:18:10.867569,0 days 00:00:05.175840,0.45,0.8,4,0.05,0.01,0.45,0.12,4,0.5,5,0.65,,,,,,PRUNED
4900,-0.5470078779603692,2026-05-12 18:18:10.892853,2026-05-12 18:18:14.760400,0 days 00:00:03.867547,0.35,0.9,3,0.05,0.02,0.6,0.12,3,0.5,10,0.5,,,,,,PRUNED
4901,-0.5394444572538463,2026-05-12 18:18:14.787644,2026-05-12 18:18:19.435733,0 days 00:00:04.648089,0.45,0.8,2,0.03,0.01,0.6,0.12,4,0.7,5,0.5,,,,,,PRUNED
4902,-0.4921430947233019,2026-05-12 18:18:19.463446,2026-05-12 18:18:24.359228,0 days 00:00:04.895782,0.45,0.8,3,0.03,0.02,0.6,0.16,5,0.5,20,0.5,,,,,,PRUNED
4903,-0.4811541338290739,2026-05-12 18:18:24.390518,2026-05-12 18:18:30.264470,0 days 00:00:05.873952,0.45,0.9,3,0.05,0.01,0.45,0.08,5,0.7,5,0.5,,,,,,PRUNED
4904,-0.5179924623587872,2026-05-12 18:18:30.291742,2026-05-12 18:18:30.886065,0 days 00:00:00.594323,0.45,0.7,2,0.05,0.02,0.6,0.08,6,0.5,20,0.8,-0.39108387647623727,-0.030830266507629607,0.2538171717650998,0.36025360996860767,,COMPLETE
4905,-0.5296661441358634,2026-05-12 18:18:30.913715,2026-05-12 18:18:36.638686,0 days 00:00:05.724971,0.25,0.9,2,0.05,0.02,0.3,0.12,5,0.5,5,0.8,,,,,,PRUNED
