number,value,datetime_start,datetime_complete,duration,params_BEAR_RATIO,params_BULL_RATIO,params_GRID_MAX_LAYER,params_GRID_STEP_MAX,params_GRID_STEP_MIN,params_GRID_STEP_VOL_FACTOR,params_LAYER_FRACTION,params_MAX_HOLD,params_NEUTRAL_RATIO,params_REBALANCE_FREQ,params_VOL_WEIGHT,user_attrs_avg_test_score,user_attrs_avg_train_score,user_attrs_test_score_std,user_attrs_train_test_gap,user_attrs_validation_error,state
5644,-0.5327470425447502,2026-05-12 18:54:55.480585,2026-05-12 18:55:00.472148,0 days 00:00:04.991563,0.25,0.8,3,0.05,0.02,0.6,0.16,5,0.7,20,0.8,,,,,,PRUNED
5645,-0.5179924623587872,2026-05-12 18:55:00.504445,2026-05-12 18:55:01.135080,0 days 00:00:00.630635,0.45,0.7,2,0.05,0.02,0.6,0.08,6,0.5,20,0.8,-0.39108387647623727,-0.030830266507629607,0.2538171717650998,0.36025360996860767,,COMPLETE
5646,-0.468907728103737,2026-05-12 18:55:01.162504,2026-05-12 18:55:05.795115,0 days 00:00:04.632611,0.35,0.8,4,0.05,0.02,0.45,0.08,4,0.6,10,0.5,,,,,,PRUNED
5647,-0.5179924623587872,2026-05-12 18:55:05.823154,2026-05-12 18:55:06.444806,0 days 00:00:00.621652,0.45,0.7,2,0.05,0.02,0.6,0.08,6,0.5,20,0.8,-0.39108387647623727,-0.030830266507629607,0.2538171717650998,0.36025360996860767,,COMPLETE
5648,-0.4858199369567158,2026-05-12 18:55:06.470626,2026-05-12 18:55:11.382532,0 days 00:00:04.911906,0.35,0.9,3,0.05,0.01,0.45,0.08,5,0.6,20,0.8,,,,,,PRUNED
5649,-0.5179924623587872,2026-05-12 18:55:11.409061,2026-05-12 18:55:11.977746,0 days 00:00:00.568685,0.45,0.7,2,0.05,0.02,0.6,0.08,6,0.5,20,0.8,-0.39108387647623727,-0.030830266507629607,0.2538171717650998,0.36025360996860767,,COMPLETE
5650,-0.44624282471775034,2026-05-12 18:55:12.003539,2026-05-12 18:55:16.281772,0 days 00:00:04.278233,0.45,0.7,3,0.05,0.02,0.45,0.12,6,0.6,5,0.5,,,,,,PRUNED
5651,-0.46556016620148294,2026-05-12 18:55:16.307191,2026-05-12 18:55:21.320899,0 days 00:00:05.013708,0.35,0.8,3,0.05,0.02,0.3,0.08,5,0.6,10,0.8,,,,,,PRUNED
5652,-0.5238487471175912,2026-05-12 18:55:21.361032,2026-05-12 18:55:26.183816,0 days 00:00:04.822784,0.25,0.8,3,0.03,0.01,0.3,0.08,5,0.6,20,0.8,,,,,,PRUNED
5653,-0.42056632138184724,2026-05-12 18:55:26.209011,2026-05-12 18:55:26.579761,0 days 00:00:00.370750,0.45,0.8,2,0.05,0.01,0.6,0.08,6,0.5,20,0.8,,,,,,PRUNED
5654,-0.46900855533304403,2026-05-12 18:55:26.605526,2026-05-12 18:55:31.841109,0 days 00:00:05.235583,0.45,0.7,4,0.05,0.02,0.45,0.08,4,0.5,5,0.8,,,,,,PRUNED
5655,-0.4295489196888279,2026-05-12 18:55:31.870044,2026-05-12 18:55:36.863657,0 days 00:00:04.993613,0.45,0.7,2,0.05,0.02,0.45,0.16,5,0.5,10,0.8,,,,,,PRUNED
5656,-0.42056632138184724,2026-05-12 18:55:36.892486,2026-05-12 18:55:37.292661,0 days 00:00:00.400175,0.45,0.8,2,0.05,0.02,0.6,0.08,6,0.5,20,0.65,,,,,,PRUNED
5657,-0.5179924623587872,2026-05-12 18:55:37.321248,2026-05-12 18:55:37.904718,0 days 00:00:00.583470,0.45,0.7,2,0.05,0.02,0.6,0.08,6,0.5,20,0.8,-0.39108387647623727,-0.030830266507629607,0.2538171717650998,0.36025360996860767,,COMPLETE
5658,-0.5879950012066233,2026-05-12 18:55:37.931825,2026-05-12 18:55:41.469226,0 days 00:00:03.537401,0.45,0.8,2,0.05,0.02,0.6,0.16,3,0.5,20,0.8,,,,,,PRUNED
5659,-0.4092788272711371,2026-05-12 18:55:41.497344,2026-05-12 18:55:41.888359,0 days 00:00:00.391015,0.45,0.7,3,0.05,0.02,0.6,0.08,6,0.5,20,0.8,,,,,,PRUNED
5660,-0.4487514878342296,2026-05-12 18:55:41.911754,2026-05-12 18:55:48.097847,0 days 00:00:06.186093,0.35,0.7,2,0.05,0.02,0.6,0.08,6,0.6,10,0.8,,,,,,PRUNED
5661,-0.47166437956476726,2026-05-12 18:55:48.125086,2026-05-12 18:55:52.479126,0 days 00:00:04.354040,0.25,0.7,2,0.05,0.01,0.3,0.08,4,0.6,10,0.5,,,,,,PRUNED
5662,-0.5606494277509467,2026-05-12 18:55:52.505225,2026-05-12 18:55:58.230980,0 days 00:00:05.725755,0.25,0.8,4,0.03,0.02,0.6,0.16,5,0.5,5,0.65,,,,,,PRUNED
5663,-0.49396467001990874,2026-05-12 18:55:58.257598,2026-05-12 18:56:04.069664,0 days 00:00:05.812066,0.45,0.8,4,0.05,0.01,0.6,0.16,6,0.7,5,0.5,,,,,,PRUNED
5664,-0.5179924623587872,2026-05-12 18:56:04.095921,2026-05-12 18:56:04.653423,0 days 00:00:00.557502,0.45,0.7,2,0.05,0.02,0.6,0.08,6,0.5,20,0.8,-0.39108387647623727,-0.030830266507629607,0.2538171717650998,0.36025360996860767,,COMPLETE
5665,-0.5174664246277723,2026-05-12 18:56:04.679942,2026-05-12 18:56:09.718414,0 days 00:00:05.038472,0.25,0.8,2,0.03,0.01,0.6,0.08,6,0.6,10,0.8,,,,,,PRUNED
5666,-0.5179924623587872,2026-05-12 18:56:09.742814,2026-05-12 18:56:10.249064,0 days 00:00:00.506250,0.45,0.7,2,0.05,0.02,0.6,0.08,6,0.5,20,0.8,-0.39108387647623727,-0.030830266507629607,0.2538171717650998,0.36025360996860767,,COMPLETE
5667,-9999.0,2026-05-12 18:56:10.271367,2026-05-12 18:56:10.553011,0 days 00:00:00.281644,0.35,0.7,3,0.03,0.01,0.6,0.12,6,0.7,20,0.65,,,,,BEAR_RATIO < NEUTRAL_RATIO < BULL_RATIO 约束违反: 0.35 / 0.7 / 0.7,COMPLETE
5668,-0.4762445127012703,2026-05-12 18:56:10.578021,2026-05-12 18:56:15.750403,0 days 00:00:05.172382,0.35,0.7,2,0.05,0.02,0.3,0.16,6,0.5,5,0.5,,,,,,PRUNED
5669,-0.5626001713863833,2026-05-12 18:56:15.776422,2026-05-12 18:56:19.272779,0 days 00:00:03.496357,0.25,0.9,2,0.05,0.01,0.6,0.08,3,0.6,10,0.5,,,,,,PRUNED
5670,-0.45279051111866386,2026-05-12 18:56:19.317948,2026-05-12 18:56:23.132123,0 days 00:00:03.814175,0.45,0.7,4,0.05,0.02,0.6,0.16,6,0.6,10,0.8,,,,,,PRUNED
5671,-0.4837911463065493,2026-05-12 18:56:23.159296,2026-05-12 18:56:27.408582,0 days 00:00:04.249286,0.45,0.8,4,0.03,0.02,0.45,0.12,3,0.6,5,0.8,,,,,,PRUNED
5672,-0.5365992130883183,2026-05-12 18:56:27.436513,2026-05-12 18:56:31.104397,0 days 00:00:03.667884,0.45,0.9,2,0.05,0.02,0.45,0.16,3,0.5,10,0.8,,,,,,PRUNED
5673,-0.5134434450463472,2026-05-12 18:56:31.130746,2026-05-12 18:56:35.744678,0 days 00:00:04.613932,0.35,0.8,3,0.05,0.01,0.3,0.16,3,0.7,5,0.65,,,,,,PRUNED
5674,-0.49177403119145197,2026-05-12 18:56:35.774244,2026-05-12 18:56:40.003206,0 days 00:00:04.228962,0.25,0.9,3,0.05,0.02,0.45,0.12,4,0.6,20,0.5,,,,,,PRUNED
5675,-0.5918688916259931,2026-05-12 18:56:40.032385,2026-05-12 18:56:47.184362,0 days 00:00:07.151977,0.25,0.9,4,0.03,0.02,0.45,0.16,6,0.5,5,0.65,,,,,,PRUNED
5676,-0.500409203353409,2026-05-12 18:56:47.211279,2026-05-12 18:56:52.013468,0 days 00:00:04.802189,0.25,0.7,2,0.03,0.01,0.45,0.08,5,0.5,20,0.5,,,,,,PRUNED
5677,-0.5001279666264336,2026-05-12 18:56:52.040364,2026-05-12 18:56:55.041183,0 days 00:00:03.000819,0.35,0.9,2,0.03,0.01,0.3,0.08,4,0.7,10,0.8,,,,,,PRUNED
5678,-0.5507170183032334,2026-05-12 18:56:55.067012,2026-05-12 18:56:58.856875,0 days 00:00:03.789863,0.35,0.7,3,0.05,0.01,0.6,0.16,3,0.6,10,0.5,,,,,,PRUNED
5679,-0.6291276725948617,2026-05-12 18:56:58.884812,2026-05-12 18:57:02.471033,0 days 00:00:03.586221,0.35,0.8,3,0.05,0.02,0.6,0.12,3,0.7,20,0.5,,,,,,PRUNED
5680,-9999.0,2026-05-12 18:57:02.498986,2026-05-12 18:57:02.960805,0 days 00:00:00.461819,0.35,0.7,4,0.05,0.02,0.6,0.08,6,0.7,20,0.8,,,,,BEAR_RATIO < NEUTRAL_RATIO < BULL_RATIO 约束违反: 0.35 / 0.7 / 0.7,COMPLETE
5681,-0.5179924623587872,2026-05-12 18:57:02.990695,2026-05-12 18:57:03.560533,0 days 00:00:00.569838,0.45,0.7,2,0.05,0.02,0.6,0.08,6,0.5,20,0.8,-0.39108387647623727,-0.030830266507629607,0.2538171717650998,0.36025360996860767,,COMPLETE
5682,-0.5179924623587872,2026-05-12 18:57:03.588542,2026-05-12 18:57:04.187945,0 days 00:00:00.599403,0.45,0.7,2,0.05,0.02,0.6,0.08,6,0.5,20,0.8,-0.39108387647623727,-0.030830266507629607,0.2538171717650998,0.36025360996860767,,COMPLETE
5683,-0.45517682683962735,2026-05-12 18:57:04.213526,2026-05-12 18:57:09.100349,0 days 00:00:04.886823,0.45,0.8,3,0.05,0.02,0.3,0.08,5,0.6,20,0.5,,,,,,PRUNED
5684,-0.46071534054281416,2026-05-12 18:57:09.125668,2026-05-12 18:57:13.402415,0 days 00:00:04.276747,0.35,0.7,4,0.05,0.02,0.3,0.16,4,0.5,20,0.5,,,,,,PRUNED
5685,-0.5179924623587872,2026-05-12 18:57:13.427956,2026-05-12 18:57:14.023098,0 days 00:00:00.595142,0.45,0.7,2,0.05,0.01,0.6,0.08,6,0.5,20,0.8,-0.39108387647623727,-0.030830266507629607,0.2538171717650998,0.36025360996860767,,COMPLETE
5686,-0.4213231947291116,2026-05-12 18:57:14.050904,2026-05-12 18:57:14.542071,0 days 00:00:00.491167,0.45,0.7,2,0.05,0.02,0.6,0.08,4,0.5,20,0.8,,,,,,PRUNED
5687,-0.4535570290685313,2026-05-12 18:57:14.567129,2026-05-12 18:57:18.821956,0 days 00:00:04.254827,0.45,0.9,2,0.05,0.02,0.6,0.16,4,0.5,20,0.5,,,,,,PRUNED
5688,-0.5179924623587872,2026-05-12 18:57:18.847971,2026-05-12 18:57:19.432467,0 days 00:00:00.584496,0.45,0.7,2,0.05,0.02,0.6,0.08,6,0.5,20,0.8,-0.39108387647623727,-0.030830266507629607,0.2538171717650998,0.36025360996860767,,COMPLETE
5689,-0.5252555570697003,2026-05-12 18:57:19.460340,2026-05-12 18:57:24.450530,0 days 00:00:04.990190,0.45,0.9,2,0.05,0.01,0.3,0.12,4,0.7,5,0.8,,,,,,PRUNED
5690,-0.5256951148812424,2026-05-12 18:57:24.477034,2026-05-12 18:57:27.951241,0 days 00:00:03.474207,0.25,0.9,3,0.05,0.02,0.6,0.16,6,0.5,10,0.8,,,,,,PRUNED
5691,-0.4927396636482352,2026-05-12 18:57:27.979697,2026-05-12 18:57:33.893034,0 days 00:00:05.913337,0.35,0.8,2,0.05,0.02,0.6,0.08,6,0.7,5,0.8,,,,,,PRUNED
5692,-0.437913408014164,2026-05-12 18:57:33.919882,2026-05-12 18:57:38.416884,0 days 00:00:04.497002,0.45,0.7,4,0.05,0.01,0.3,0.12,4,0.5,10,0.65,,,,,,PRUNED
5693,-0.515865619504307,2026-05-12 18:57:38.443478,2026-05-12 18:57:43.624498,0 days 00:00:05.181020,0.35,0.7,3,0.03,0.01,0.3,0.12,4,0.5,5,0.8,,,,,,PRUNED
5694,-0.4899897123087601,2026-05-12 18:57:43.650344,2026-05-12 18:57:49.641075,0 days 00:00:05.990731,0.25,0.7,2,0.03,0.02,0.6,0.08,5,0.5,10,0.65,,,,,,PRUNED
5695,-9999.0,2026-05-12 18:57:49.668245,2026-05-12 18:57:49.996635,0 days 00:00:00.328390,0.25,0.7,2,0.05,0.02,0.6,0.08,6,0.7,20,0.8,,,,,BEAR_RATIO < NEUTRAL_RATIO < BULL_RATIO 约束违反: 0.25 / 0.7 / 0.7,COMPLETE
5696,-0.5179924623587872,2026-05-12 18:57:50.026225,2026-05-12 18:57:50.610728,0 days 00:00:00.584503,0.45,0.7,2,0.05,0.02,0.6,0.08,6,0.5,20,0.8,-0.39108387647623727,-0.030830266507629607,0.2538171717650998,0.36025360996860767,,COMPLETE
5697,-0.43477835000817266,2026-05-12 18:57:50.637833,2026-05-12 18:57:51.042151,0 days 00:00:00.404318,0.45,0.7,4,0.05,0.02,0.6,0.16,6,0.5,20,0.8,,,,,,PRUNED
5698,-0.4846633386098467,2026-05-12 18:57:51.069989,2026-05-12 18:57:54.703390,0 days 00:00:03.633401,0.35,0.8,4,0.05,0.02,0.3,0.12,6,0.6,20,0.65,,,,,,PRUNED
5699,-0.48257029713894073,2026-05-12 18:57:54.732719,2026-05-12 18:57:59.500938,0 days 00:00:04.768219,0.25,0.7,2,0.05,0.02,0.6,0.08,5,0.5,20,0.5,,,,,,PRUNED
5700,-0.5179924623587872,2026-05-12 18:57:59.532380,2026-05-12 18:58:00.128510,0 days 00:00:00.596130,0.45,0.7,2,0.05,0.02,0.6,0.08,6,0.5,20,0.8,-0.39108387647623727,-0.030830266507629607,0.2538171717650998,0.36025360996860767,,COMPLETE
5701,-0.5179924623587872,2026-05-12 18:58:00.158517,2026-05-12 18:58:00.770171,0 days 00:00:00.611654,0.45,0.7,2,0.05,0.02,0.6,0.08,6,0.5,20,0.8,-0.39108387647623727,-0.030830266507629607,0.2538171717650998,0.36025360996860767,,COMPLETE
5702,-0.5083380822347905,2026-05-12 18:58:00.798744,2026-05-12 18:58:05.855847,0 days 00:00:05.057103,0.25,0.8,4,0.05,0.01,0.6,0.12,5,0.6,10,0.5,,,,,,PRUNED
5703,-0.5094992928425816,2026-05-12 18:58:05.885025,2026-05-12 18:58:10.904105,0 days 00:00:05.019080,0.25,0.8,2,0.03,0.01,0.6,0.08,6,0.5,20,0.8,,,,,,PRUNED
5704,-0.4905623399221909,2026-05-12 18:58:10.931788,2026-05-12 18:58:15.541010,0 days 00:00:04.609222,0.45,0.9,2,0.03,0.01,0.45,0.08,4,0.7,10,0.8,,,,,,PRUNED
5705,-0.5179924623587872,2026-05-12 18:58:15.569459,2026-05-12 18:58:16.299990,0 days 00:00:00.730531,0.45,0.7,2,0.05,0.01,0.6,0.08,6,0.5,20,0.5,-0.39108387647623727,-0.030830266507629607,0.2538171717650998,0.36025360996860767,,COMPLETE
5706,-0.5179924623587872,2026-05-12 18:58:16.328380,2026-05-12 18:58:16.944797,0 days 00:00:00.616417,0.45,0.7,2,0.05,0.02,0.6,0.08,6,0.5,20,0.8,-0.39108387647623727,-0.030830266507629607,0.2538171717650998,0.36025360996860767,,COMPLETE
5707,-0.5722378789383502,2026-05-12 18:58:16.972041,2026-05-12 18:58:17.387128,0 days 00:00:00.415087,0.45,0.7,2,0.05,0.02,0.3,0.08,3,0.5,20,0.8,,,,,,PRUNED
5708,-0.49225611598885965,2026-05-12 18:58:17.415404,2026-05-12 18:58:21.850807,0 days 00:00:04.435403,0.35,0.8,2,0.03,0.02,0.3,0.08,4,0.7,10,0.5,,,,,,PRUNED
5709,-0.47441457244516044,2026-05-12 18:58:21.878579,2026-05-12 18:58:22.272327,0 days 00:00:00.393748,0.25,0.7,2,0.05,0.02,0.6,0.08,6,0.5,20,0.8,,,,,,PRUNED
5710,-0.42056632138184724,2026-05-12 18:58:22.301200,2026-05-12 18:58:22.677239,0 days 00:00:00.376039,0.45,0.8,2,0.05,0.02,0.6,0.08,6,0.5,20,0.5,,,,,,PRUNED
5711,-0.5001767135957769,2026-05-12 18:58:22.706413,2026-05-12 18:58:26.359964,0 days 00:00:03.653551,0.45,0.9,4,0.03,0.01,0.3,0.16,6,0.5,20,0.5,,,,,,PRUNED
5712,-9999.0,2026-05-12 18:58:26.390376,2026-05-12 18:58:26.720083,0 days 00:00:00.329707,0.45,0.7,2,0.03,0.01,0.45,0.12,3,0.7,10,0.5,,,,,BEAR_RATIO < NEUTRAL_RATIO < BULL_RATIO 约束违反: 0.45 / 0.7 / 0.7,COMPLETE
5713,-0.4926752161427336,2026-05-12 18:58:26.745789,2026-05-12 18:58:31.880598,0 days 00:00:05.134809,0.45,0.7,3,0.03,0.02,0.3,0.12,4,0.5,5,0.65,,,,,,PRUNED
5714,-0.4964032637814443,2026-05-12 18:58:31.909463,2026-05-12 18:58:36.997123,0 days 00:00:05.087660,0.25,0.8,2,0.05,0.02,0.3,0.12,5,0.5,10,0.65,,,,,,PRUNED
5715,-0.4414523581792496,2026-05-12 18:58:37.026396,2026-05-12 18:58:37.412223,0 days 00:00:00.385827,0.45,0.9,2,0.05,0.02,0.6,0.08,6,0.5,5,0.8,,,,,,PRUNED
5716,-0.5270313094620466,2026-05-12 18:58:37.439514,2026-05-12 18:58:42.615925,0 days 00:00:05.176411,0.25,0.7,4,0.03,0.02,0.6,0.16,5,0.5,10,0.5,,,,,,PRUNED
5717,-0.45856833315227663,2026-05-12 18:58:42.644171,2026-05-12 18:58:48.707757,0 days 00:00:06.063586,0.45,0.8,2,0.05,0.02,0.6,0.16,6,0.6,20,0.65,,,,,,PRUNED
5718,-0.5179924623587872,2026-05-12 18:58:48.736550,2026-05-12 18:58:49.353426,0 days 00:00:00.616876,0.45,0.7,2,0.05,0.02,0.6,0.08,6,0.5,20,0.8,-0.39108387647623727,-0.030830266507629607,0.2538171717650998,0.36025360996860767,,COMPLETE
5719,-0.49834814196349203,2026-05-12 18:58:49.382508,2026-05-12 18:58:54.072577,0 days 00:00:04.690069,0.25,0.8,4,0.05,0.02,0.6,0.08,5,0.5,20,0.8,,,,,,PRUNED
5720,-0.42357363260304626,2026-05-12 18:58:54.099960,2026-05-12 18:58:54.491866,0 days 00:00:00.391906,0.45,0.7,2,0.05,0.02,0.6,0.08,6,0.6,20,0.8,,,,,,PRUNED
5721,-0.4601834664567367,2026-05-12 18:58:54.519621,2026-05-12 18:58:57.881691,0 days 00:00:03.362070,0.35,0.7,2,0.05,0.01,0.45,0.12,5,0.6,10,0.8,,,,,,PRUNED
5722,-0.4463653851098104,2026-05-12 18:58:57.906586,2026-05-12 18:59:03.433903,0 days 00:00:05.527317,0.35,0.7,2,0.05,0.02,0.6,0.08,5,0.5,5,0.8,,,,,,PRUNED
5723,-0.5179924623587872,2026-05-12 18:59:03.460238,2026-05-12 18:59:04.040211,0 days 00:00:00.579973,0.45,0.7,2,0.05,0.02,0.6,0.08,6,0.5,20,0.8,-0.39108387647623727,-0.030830266507629607,0.2538171717650998,0.36025360996860767,,COMPLETE
5724,-0.5359703281308225,2026-05-12 18:59:04.065781,2026-05-12 18:59:08.619561,0 days 00:00:04.553780,0.25,0.9,3,0.03,0.02,0.45,0.12,3,0.5,5,0.65,,,,,,PRUNED
5725,-0.5141332387050112,2026-05-12 18:59:08.647324,2026-05-12 18:59:13.590536,0 days 00:00:04.943212,0.35,0.8,3,0.03,0.01,0.6,0.16,5,0.5,20,0.65,,,,,,PRUNED
5726,-0.49205604262816327,2026-05-12 18:59:13.616451,2026-05-12 18:59:18.214913,0 days 00:00:04.598462,0.25,0.9,3,0.05,0.02,0.3,0.08,4,0.6,10,0.5,,,,,,PRUNED
5727,-0.4208413622985072,2026-05-12 18:59:18.242025,2026-05-12 18:59:23.580950,0 days 00:00:05.338925,0.45,0.7,2,0.05,0.02,0.6,0.12,6,0.5,10,0.65,,,,,,PRUNED
5728,-0.6076962362516609,2026-05-12 18:59:23.609463,2026-05-12 18:59:27.166430,0 days 00:00:03.556967,0.25,0.7,2,0.05,0.02,0.6,0.08,3,0.6,20,0.8,,,,,,PRUNED
5729,-0.4092137988646166,2026-05-12 18:59:27.193844,2026-05-12 18:59:27.590922,0 days 00:00:00.397078,0.45,0.7,2,0.05,0.02,0.6,0.08,6,0.5,10,0.8,,,,,,PRUNED
5730,-0.505504839066055,2026-05-12 18:59:27.617434,2026-05-12 18:59:30.459714,0 days 00:00:02.842280,0.35,0.8,2,0.05,0.01,0.3,0.12,3,0.7,5,0.8,,,,,,PRUNED
5731,-0.4318124553734489,2026-05-12 18:59:30.489151,2026-05-12 18:59:30.906038,0 days 00:00:00.416887,0.45,0.7,2,0.03,0.01,0.45,0.08,6,0.5,20,0.8,,,,,,PRUNED
5732,-0.4745166860808648,2026-05-12 18:59:30.935304,2026-05-12 18:59:36.033360,0 days 00:00:05.098056,0.45,0.7,2,0.05,0.02,0.6,0.16,4,0.5,5,0.8,,,,,,PRUNED
5733,-0.5485272834646757,2026-05-12 18:59:36.062816,2026-05-12 18:59:41.250113,0 days 00:00:05.187297,0.25,0.9,2,0.05,0.02,0.6,0.08,4,0.5,5,0.5,,,,,,PRUNED
5734,-0.4296411080598753,2026-05-12 18:59:41.297372,2026-05-12 18:59:41.717502,0 days 00:00:00.420130,0.45,0.7,2,0.05,0.02,0.6,0.16,6,0.5,20,0.8,,,,,,PRUNED
5735,-0.5672786246224653,2026-05-12 18:59:41.752411,2026-05-12 18:59:48.709326,0 days 00:00:06.956915,0.25,0.8,3,0.03,0.02,0.45,0.12,6,0.6,5,0.5,,,,,,PRUNED
5736,-0.5139073597907324,2026-05-12 18:59:48.737746,2026-05-12 18:59:53.442501,0 days 00:00:04.704755,0.25,0.9,2,0.05,0.02,0.6,0.08,5,0.6,20,0.8,,,,,,PRUNED
5737,-0.506333591041565,2026-05-12 18:59:53.469379,2026-05-12 18:59:58.930362,0 days 00:00:05.460983,0.35,0.9,3,0.03,0.01,0.45,0.08,6,0.7,10,0.65,,,,,,PRUNED
5738,-0.5179924623587872,2026-05-12 18:59:58.957315,2026-05-12 18:59:58.038922,-1 days +23:59:59.081607,0.45,0.7,2,0.05,0.02,0.6,0.08,6,0.5,20,0.8,-0.39108387647623727,-0.030830266507629607,0.2538171717650998,0.36025360996860767,,COMPLETE
5739,-0.4507958114649815,2026-05-12 18:59:58.067122,2026-05-12 19:00:03.113323,0 days 00:00:05.046201,0.45,0.8,2,0.05,0.02,0.6,0.08,6,0.7,20,0.65,,,,,,PRUNED
5740,-0.42290957988043265,2026-05-12 19:00:03.138964,2026-05-12 19:00:03.566441,0 days 00:00:00.427477,0.45,0.7,2,0.05,0.02,0.6,0.08,6,0.6,10,0.8,,,,,,PRUNED
5741,-0.516387064021597,2026-05-12 19:00:03.593431,2026-05-12 19:00:08.031299,0 days 00:00:04.437868,0.25,0.7,3,0.05,0.01,0.6,0.12,3,0.6,5,0.8,,,,,,PRUNED
5742,-0.4460413013310782,2026-05-12 19:00:08.057923,2026-05-12 19:00:08.443084,0 days 00:00:00.385161,0.35,0.8,2,0.05,0.02,0.6,0.08,6,0.5,20,0.8,,,,,,PRUNED
5743,-0.5336213846401976,2026-05-12 19:00:08.488285,2026-05-12 19:00:13.358738,0 days 00:00:04.870453,0.45,0.9,3,0.03,0.02,0.45,0.16,5,0.7,20,0.8,,,,,,PRUNED
5744,-0.41425741193738236,2026-05-12 19:00:13.387211,2026-05-12 19:00:13.784594,0 days 00:00:00.397383,0.45,0.7,2,0.05,0.02,0.6,0.08,6,0.5,5,0.8,,,,,,PRUNED
5745,-0.5179924623587872,2026-05-12 19:00:13.813728,2026-05-12 19:00:14.462993,0 days 00:00:00.649265,0.45,0.7,2,0.05,0.02,0.6,0.08,6,0.5,20,0.8,-0.39108387647623727,-0.030830266507629607,0.2538171717650998,0.36025360996860767,,COMPLETE
5746,-0.4100386278766106,2026-05-12 19:00:14.497287,2026-05-12 19:00:14.896718,0 days 00:00:00.399431,0.45,0.7,2,0.05,0.02,0.3,0.08,6,0.5,20,0.8,,,,,,PRUNED
5747,-0.5545786290989839,2026-05-12 19:00:14.920493,2026-05-12 19:00:20.064451,0 days 00:00:05.143958,0.35,0.9,3,0.03,0.02,0.45,0.08,4,0.7,5,0.65,,,,,,PRUNED
5748,-0.5561483217090581,2026-05-12 19:00:20.087994,2026-05-12 19:00:23.898282,0 days 00:00:03.810288,0.25,0.7,4,0.05,0.01,0.3,0.16,3,0.5,10,0.5,,,,,,PRUNED
5749,-0.5373012455451621,2026-05-12 19:00:23.929031,2026-05-12 19:00:27.789483,0 days 00:00:03.860452,0.45,0.9,2,0.05,0.01,0.3,0.16,3,0.5,10,0.5,,,,,,PRUNED
5750,-0.4955384446726831,2026-05-12 19:00:27.816602,2026-05-12 19:00:31.150146,0 days 00:00:03.333544,0.45,0.8,2,0.03,0.02,0.45,0.16,5,0.5,20,0.65,,,,,,PRUNED
5751,-0.4336117606841386,2026-05-12 19:00:31.179077,2026-05-12 19:00:35.857964,0 days 00:00:04.678887,0.45,0.7,2,0.05,0.02,0.6,0.12,4,0.5,10,0.8,,,,,,PRUNED
5752,-0.5630780473114566,2026-05-12 19:00:35.897837,2026-05-12 19:00:39.697309,0 days 00:00:03.799472,0.35,0.9,2,0.05,0.02,0.45,0.08,3,0.7,10,0.65,,,,,,PRUNED
5753,-0.5136994404219901,2026-05-12 19:00:39.725790,2026-05-12 19:00:45.747686,0 days 00:00:06.021896,0.35,0.8,3,0.03,0.01,0.45,0.16,6,0.5,20,0.8,,,,,,PRUNED
5754,-0.42056632138184724,2026-05-12 19:00:45.787280,2026-05-12 19:00:46.207027,0 days 00:00:00.419747,0.45,0.8,2,0.05,0.02,0.6,0.08,6,0.5,20,0.8,,,,,,PRUNED
5755,-0.5966298317509102,2026-05-12 19:00:46.233486,2026-05-12 19:00:46.644071,0 days 00:00:00.410585,0.25,0.7,2,0.05,0.02,0.6,0.08,3,0.5,20,0.8,,,,,,PRUNED
5756,-0.6442953470076365,2026-05-12 19:00:46.672074,2026-05-12 19:00:50.320617,0 days 00:00:03.648543,0.35,0.8,4,0.03,0.02,0.3,0.16,3,0.6,20,0.65,,,,,,PRUNED
5757,-0.5170308014773819,2026-05-12 19:00:50.349979,2026-05-12 19:00:55.675260,0 days 00:00:05.325281,0.45,0.9,3,0.03,0.01,0.3,0.16,6,0.6,10,0.65,,,,,,PRUNED
5758,-0.45432072558684256,2026-05-12 19:00:55.701304,2026-05-12 19:00:59.216633,0 days 00:00:03.515329,0.35,0.7,3,0.03,0.02,0.45,0.08,5,0.5,10,0.8,,,,,,PRUNED
5759,-0.4660835109924683,2026-05-12 19:00:59.244073,2026-05-12 19:00:59.654165,0 days 00:00:00.410092,0.45,0.7,2,0.05,0.02,0.6,0.08,4,0.5,5,0.8,,,,,,PRUNED
5760,-0.42357363260304626,2026-05-12 19:00:59.680409,2026-05-12 19:01:00.099782,0 days 00:00:00.419373,0.45,0.7,2,0.05,0.02,0.6,0.08,6,0.6,20,0.65,,,,,,PRUNED
5761,-0.5105444152938785,2026-05-12 19:01:00.143913,2026-05-12 19:01:05.909997,0 days 00:00:05.766084,0.35,0.9,2,0.05,0.02,0.6,0.16,5,0.6,5,0.65,,,,,,PRUNED
5762,-0.5179924623587872,2026-05-12 19:01:05.936175,2026-05-12 19:01:06.551562,0 days 00:00:00.615387,0.45,0.7,2,0.05,0.02,0.6,0.08,6,0.5,20,0.8,-0.39108387647623727,-0.030830266507629607,0.2538171717650998,0.36025360996860767,,COMPLETE
5763,-9999.0,2026-05-12 19:01:06.579619,2026-05-12 19:01:06.931967,0 days 00:00:00.352348,0.25,0.7,4,0.05,0.02,0.45,0.08,3,0.7,10,0.65,,,,,BEAR_RATIO < NEUTRAL_RATIO < BULL_RATIO 约束违反: 0.25 / 0.7 / 0.7,COMPLETE
5764,-0.5800800945924067,2026-05-12 19:01:06.958804,2026-05-12 19:01:07.338117,0 days 00:00:00.379313,0.45,0.7,2,0.05,0.02,0.6,0.16,3,0.5,20,0.8,,,,,,PRUNED
5765,-0.5374227242716864,2026-05-12 19:01:07.364331,2026-05-12 19:01:12.388404,0 days 00:00:05.024073,0.45,0.8,2,0.03,0.01,0.6,0.16,4,0.6,5,0.8,,,,,,PRUNED
5766,-0.43333909441165963,2026-05-12 19:01:12.416022,2026-05-12 19:01:12.814105,0 days 00:00:00.398083,0.35,0.7,2,0.05,0.02,0.6,0.08,6,0.5,20,0.8,,,,,,PRUNED
5767,-0.4872209058450473,2026-05-12 19:01:12.840010,2026-05-12 19:01:18.716243,0 days 00:00:05.876233,0.35,0.7,4,0.03,0.02,0.45,0.08,5,0.6,5,0.65,,,,,,PRUNED
5768,-0.4167185686265585,2026-05-12 19:01:18.745534,2026-05-12 19:01:24.821278,0 days 00:00:06.075744,0.45,0.7,2,0.05,0.02,0.3,0.08,6,0.5,5,0.65,,,,,,PRUNED
