number,value,datetime_start,datetime_complete,duration,params_BEAR_RATIO,params_BULL_RATIO,params_GRID_MAX_LAYER,params_GRID_STEP_MAX,params_GRID_STEP_MIN,params_GRID_STEP_VOL_FACTOR,params_LAYER_FRACTION,params_MAX_HOLD,params_NEUTRAL_RATIO,params_REBALANCE_FREQ,params_VOL_WEIGHT,user_attrs_avg_test_score,user_attrs_avg_train_score,user_attrs_test_score_std,user_attrs_train_test_gap,user_attrs_validation_error,state
10158,-0.5855496147753049,2026-05-12 22:40:33.611640,2026-05-12 22:40:34.043579,0 days 00:00:00.431939,0.45,0.9,2,0.05,0.02,0.6,0.08,3,0.5,20,0.8,,,,,,PRUNED
10159,-0.43584534411322323,2026-05-12 22:40:34.074462,2026-05-12 22:40:39.036972,0 days 00:00:04.962510,0.45,0.9,3,0.05,0.01,0.6,0.08,5,0.5,10,0.5,,,,,,PRUNED
10160,-0.4092137988646166,2026-05-12 22:40:39.065473,2026-05-12 22:40:39.516655,0 days 00:00:00.451182,0.45,0.7,2,0.05,0.02,0.6,0.08,6,0.5,10,0.65,,,,,,PRUNED
10161,-9999.0,2026-05-12 22:40:39.546444,2026-05-12 22:40:39.940334,0 days 00:00:00.393890,0.25,0.7,2,0.03,0.01,0.6,0.08,6,0.7,5,0.5,,,,,BEAR_RATIO < NEUTRAL_RATIO < BULL_RATIO 约束违反: 0.25 / 0.7 / 0.7,COMPLETE
10162,-0.5179924623587872,2026-05-12 22:40:39.972188,2026-05-12 22:40:40.642803,0 days 00:00:00.670615,0.45,0.7,2,0.05,0.02,0.6,0.08,6,0.5,20,0.65,-0.39108387647623727,-0.030830266507629607,0.2538171717650998,0.36025360996860767,,COMPLETE
10163,-0.410125315542252,2026-05-12 22:40:40.671416,2026-05-12 22:40:41.124704,0 days 00:00:00.453288,0.45,0.7,4,0.05,0.02,0.6,0.08,6,0.5,20,0.8,,,,,,PRUNED
10164,-0.519695712665094,2026-05-12 22:40:41.151815,2026-05-12 22:40:45.526863,0 days 00:00:04.375048,0.25,0.9,2,0.03,0.02,0.3,0.12,4,0.6,10,0.5,,,,,,PRUNED
10165,-0.5618330408456151,2026-05-12 22:40:45.554290,2026-05-12 22:40:49.901350,0 days 00:00:04.347060,0.25,0.8,4,0.03,0.02,0.6,0.16,3,0.6,5,0.5,,,,,,PRUNED
10166,-0.5179924623587872,2026-05-12 22:40:49.927878,2026-05-12 22:40:50.519667,0 days 00:00:00.591789,0.45,0.7,2,0.05,0.02,0.6,0.08,6,0.5,20,0.8,-0.39108387647623727,-0.030830266507629607,0.2538171717650998,0.36025360996860767,,COMPLETE
10167,-0.5600673981467016,2026-05-12 22:40:50.547771,2026-05-12 22:40:54.277978,0 days 00:00:03.730207,0.35,0.7,3,0.03,0.01,0.3,0.16,3,0.5,10,0.65,,,,,,PRUNED
10168,-0.5001502801730993,2026-05-12 22:40:54.305372,2026-05-12 22:40:59.834997,0 days 00:00:05.529625,0.35,0.8,4,0.03,0.01,0.6,0.08,5,0.6,5,0.5,,,,,,PRUNED
10169,-0.48977167828087137,2026-05-12 22:40:59.867288,2026-05-12 22:41:04.962155,0 days 00:00:05.094867,0.35,0.8,4,0.05,0.02,0.45,0.12,6,0.7,20,0.65,,,,,,PRUNED
10170,-0.506009234140652,2026-05-12 22:41:05.145759,2026-05-12 22:41:10.211536,0 days 00:00:05.065777,0.35,0.7,4,0.05,0.02,0.45,0.08,4,0.6,5,0.8,,,,,,PRUNED
10171,-0.5179924623587872,2026-05-12 22:41:10.241761,2026-05-12 22:41:10.929543,0 days 00:00:00.687782,0.45,0.7,2,0.05,0.02,0.6,0.08,6,0.5,20,0.8,-0.39108387647623727,-0.030830266507629607,0.2538171717650998,0.36025360996860767,,COMPLETE
10172,-0.5179924623587872,2026-05-12 22:41:10.961027,2026-05-12 22:41:11.603743,0 days 00:00:00.642716,0.45,0.7,2,0.05,0.02,0.6,0.08,6,0.5,20,0.5,-0.39108387647623727,-0.030830266507629607,0.2538171717650998,0.36025360996860767,,COMPLETE
10173,-0.5179924623587872,2026-05-12 22:41:11.632201,2026-05-12 22:41:12.273277,0 days 00:00:00.641076,0.45,0.7,2,0.05,0.02,0.6,0.08,6,0.5,20,0.8,-0.39108387647623727,-0.030830266507629607,0.2538171717650998,0.36025360996860767,,COMPLETE
10174,-0.5727219940820617,2026-05-12 22:41:12.303381,2026-05-12 22:41:16.968403,0 days 00:00:04.665022,0.25,0.9,4,0.03,0.01,0.3,0.16,5,0.6,20,0.8,,,,,,PRUNED
10175,-0.47792527670287044,2026-05-12 22:41:16.997255,2026-05-12 22:41:17.444605,0 days 00:00:00.447350,0.25,0.7,4,0.05,0.02,0.6,0.08,6,0.5,20,0.8,,,,,,PRUNED
10176,-0.6123253796273819,2026-05-12 22:41:17.471305,2026-05-12 22:41:24.188907,0 days 00:00:06.717602,0.25,0.9,2,0.03,0.02,0.3,0.16,6,0.7,5,0.65,,,,,,PRUNED
10177,-0.5684781783145554,2026-05-12 22:41:24.216475,2026-05-12 22:41:28.031271,0 days 00:00:03.814796,0.25,0.8,2,0.05,0.02,0.6,0.12,3,0.7,10,0.65,,,,,,PRUNED
10178,-0.4507958114649815,2026-05-12 22:41:28.061785,2026-05-12 22:41:28.499916,0 days 00:00:00.438131,0.45,0.8,2,0.05,0.02,0.6,0.08,6,0.7,20,0.8,,,,,,PRUNED
10179,-0.5575799271927698,2026-05-12 22:41:28.528161,2026-05-12 22:41:33.867329,0 days 00:00:05.339168,0.25,0.9,3,0.03,0.01,0.3,0.12,6,0.7,10,0.5,,,,,,PRUNED
10180,-0.4092788272711371,2026-05-12 22:41:33.896192,2026-05-12 22:41:34.350005,0 days 00:00:00.453813,0.45,0.7,3,0.05,0.02,0.6,0.08,6,0.5,20,0.8,,,,,,PRUNED
10181,-0.5098213881830995,2026-05-12 22:41:34.378214,2026-05-12 22:41:40.229997,0 days 00:00:05.851783,0.35,0.8,4,0.05,0.01,0.45,0.12,6,0.7,5,0.5,,,,,,PRUNED
10182,-0.4969295661111996,2026-05-12 22:41:40.258553,2026-05-12 22:41:44.600569,0 days 00:00:04.342016,0.35,0.8,2,0.03,0.01,0.6,0.08,3,0.6,5,0.5,,,,,,PRUNED
10183,-0.5377435881665927,2026-05-12 22:41:44.628965,2026-05-12 22:41:49.561584,0 days 00:00:04.932619,0.25,0.7,4,0.03,0.01,0.3,0.08,4,0.5,5,0.65,,,,,,PRUNED
10184,-0.5763124426908174,2026-05-12 22:41:49.588803,2026-05-12 22:41:53.360989,0 days 00:00:03.772186,0.25,0.8,3,0.03,0.01,0.45,0.08,3,0.7,10,0.8,,,,,,PRUNED
10185,-0.5179924623587872,2026-05-12 22:41:53.392492,2026-05-12 22:41:54.049155,0 days 00:00:00.656663,0.45,0.7,2,0.05,0.02,0.6,0.08,6,0.5,20,0.8,-0.39108387647623727,-0.030830266507629607,0.2538171717650998,0.36025360996860767,,COMPLETE
10186,-0.4885730630044443,2026-05-12 22:41:54.079129,2026-05-12 22:41:58.748303,0 days 00:00:04.669174,0.45,0.9,2,0.03,0.02,0.3,0.12,5,0.5,20,0.5,,,,,,PRUNED
10187,-0.4411204116612554,2026-05-12 22:41:58.778843,2026-05-12 22:42:03.147222,0 days 00:00:04.368379,0.45,0.7,3,0.05,0.02,0.6,0.16,4,0.5,10,0.8,,,,,,PRUNED
10188,-0.5897995807488715,2026-05-12 22:42:03.175552,2026-05-12 22:42:08.994365,0 days 00:00:05.818813,0.25,0.9,4,0.03,0.01,0.45,0.12,6,0.7,5,0.8,,,,,,PRUNED
10189,-0.5306835459869904,2026-05-12 22:42:09.022040,2026-05-12 22:42:13.915400,0 days 00:00:04.893360,0.25,0.7,3,0.03,0.02,0.6,0.12,6,0.6,20,0.8,,,,,,PRUNED
10190,-0.5444291585242181,2026-05-12 22:42:13.946375,2026-05-12 22:42:20.613617,0 days 00:00:06.667242,0.25,0.9,4,0.05,0.01,0.6,0.08,6,0.7,5,0.8,,,,,,PRUNED
10191,-0.5179924623587872,2026-05-12 22:42:20.640309,2026-05-12 22:42:21.288715,0 days 00:00:00.648406,0.45,0.7,2,0.05,0.02,0.6,0.08,6,0.5,20,0.8,-0.39108387647623727,-0.030830266507629607,0.2538171717650998,0.36025360996860767,,COMPLETE
10192,-0.48208854095143555,2026-05-12 22:42:21.319263,2026-05-12 22:42:27.036187,0 days 00:00:05.716924,0.45,0.8,4,0.05,0.02,0.3,0.16,6,0.6,5,0.65,,,,,,PRUNED
10193,-0.5179924623587872,2026-05-12 22:42:27.064520,2026-05-12 22:42:27.712950,0 days 00:00:00.648430,0.45,0.7,2,0.05,0.02,0.6,0.08,6,0.5,20,0.8,-0.39108387647623727,-0.030830266507629607,0.2538171717650998,0.36025360996860767,,COMPLETE
10194,-0.4577059413734039,2026-05-12 22:42:27.743616,2026-05-12 22:42:28.274991,0 days 00:00:00.531375,0.35,0.9,2,0.05,0.02,0.6,0.08,6,0.5,20,0.8,,,,,,PRUNED
10195,-9999.0,2026-05-12 22:42:28.306850,2026-05-12 22:42:28.703054,0 days 00:00:00.396204,0.25,0.7,2,0.05,0.01,0.6,0.16,3,0.7,5,0.65,,,,,BEAR_RATIO < NEUTRAL_RATIO < BULL_RATIO 约束违反: 0.25 / 0.7 / 0.7,COMPLETE
10196,-0.42743124794033643,2026-05-12 22:42:28.732747,2026-05-12 22:42:29.196592,0 days 00:00:00.463845,0.45,0.7,4,0.05,0.02,0.6,0.08,6,0.6,20,0.8,,,,,,PRUNED
10197,-0.46318700123820344,2026-05-12 22:42:29.229286,2026-05-12 22:42:33.300275,0 days 00:00:04.070989,0.35,0.9,2,0.05,0.02,0.45,0.08,4,0.6,20,0.65,,,,,,PRUNED
10198,-0.47822535211892464,2026-05-12 22:42:33.332410,2026-05-12 22:42:38.865176,0 days 00:00:05.532766,0.35,0.7,3,0.05,0.02,0.6,0.12,5,0.6,5,0.8,,,,,,PRUNED
10199,-0.6174437997697763,2026-05-12 22:42:38.892500,2026-05-12 22:42:42.334750,0 days 00:00:03.442250,0.35,0.8,4,0.05,0.02,0.6,0.12,3,0.6,20,0.5,,,,,,PRUNED
10200,-9999.0,2026-05-12 22:42:42.362797,2026-05-12 22:42:42.752018,0 days 00:00:00.389221,0.45,0.7,4,0.05,0.02,0.6,0.08,3,0.7,10,0.8,,,,,BEAR_RATIO < NEUTRAL_RATIO < BULL_RATIO 约束违反: 0.45 / 0.7 / 0.7,COMPLETE
10201,-0.5179924623587872,2026-05-12 22:42:42.782933,2026-05-12 22:42:43.438150,0 days 00:00:00.655217,0.45,0.7,2,0.05,0.02,0.6,0.08,6,0.5,20,0.8,-0.39108387647623727,-0.030830266507629607,0.2538171717650998,0.36025360996860767,,COMPLETE
10202,-0.4296411080598753,2026-05-12 22:42:43.465697,2026-05-12 22:42:43.935767,0 days 00:00:00.470070,0.45,0.7,2,0.05,0.02,0.6,0.16,6,0.5,20,0.5,,,,,,PRUNED
10203,-9999.0,2026-05-12 22:42:43.970212,2026-05-12 22:42:44.355453,0 days 00:00:00.385241,0.35,0.7,3,0.03,0.02,0.3,0.16,4,0.7,10,0.65,,,,,BEAR_RATIO < NEUTRAL_RATIO < BULL_RATIO 约束违反: 0.35 / 0.7 / 0.7,COMPLETE
10204,-0.6002317878403541,2026-05-12 22:42:44.388922,2026-05-12 22:42:50.231509,0 days 00:00:05.842587,0.25,0.8,2,0.03,0.02,0.3,0.16,6,0.7,5,0.5,,,,,,PRUNED
10205,-9999.0,2026-05-12 22:42:50.261098,2026-05-12 22:42:50.645520,0 days 00:00:00.384422,0.45,0.7,2,0.05,0.02,0.45,0.08,6,0.7,20,0.8,,,,,BEAR_RATIO < NEUTRAL_RATIO < BULL_RATIO 约束违反: 0.45 / 0.7 / 0.7,COMPLETE
10206,-0.5236922007423687,2026-05-12 22:42:50.675381,2026-05-12 22:42:56.250432,0 days 00:00:05.575051,0.45,0.8,3,0.03,0.02,0.45,0.16,5,0.7,5,0.8,,,,,,PRUNED
10207,-0.5136614646699088,2026-05-12 22:42:56.277966,2026-05-12 22:43:00.687192,0 days 00:00:04.409226,0.35,0.8,3,0.03,0.02,0.6,0.08,3,0.7,5,0.8,,,,,,PRUNED
10208,-0.549397304381281,2026-05-12 22:43:00.716605,2026-05-12 22:43:04.464569,0 days 00:00:03.747964,0.35,0.8,4,0.05,0.01,0.6,0.08,3,0.6,10,0.65,,,,,,PRUNED
10209,-0.6649216211150376,2026-05-12 22:43:04.493985,2026-05-12 22:43:07.998099,0 days 00:00:03.504114,0.25,0.9,3,0.03,0.02,0.3,0.16,3,0.7,20,0.5,,,,,,PRUNED
10210,-0.42357363260304626,2026-05-12 22:43:08.027488,2026-05-12 22:43:08.464055,0 days 00:00:00.436567,0.45,0.7,2,0.05,0.02,0.6,0.08,6,0.6,20,0.8,,,,,,PRUNED
10211,-0.5179924623587872,2026-05-12 22:43:08.496355,2026-05-12 22:43:09.133685,0 days 00:00:00.637330,0.45,0.7,2,0.05,0.02,0.6,0.08,6,0.5,20,0.8,-0.39108387647623727,-0.030830266507629607,0.2538171717650998,0.36025360996860767,,COMPLETE
10212,-0.5179924623587872,2026-05-12 22:43:09.162809,2026-05-12 22:43:09.805083,0 days 00:00:00.642274,0.45,0.7,2,0.05,0.02,0.6,0.08,6,0.5,20,0.8,-0.39108387647623727,-0.030830266507629607,0.2538171717650998,0.36025360996860767,,COMPLETE
10213,-0.463320619325403,2026-05-12 22:43:09.834474,2026-05-12 22:43:14.427146,0 days 00:00:04.592672,0.45,0.7,2,0.03,0.02,0.3,0.08,5,0.6,20,0.65,,,,,,PRUNED
10214,-0.4556310257390914,2026-05-12 22:43:14.457747,2026-05-12 22:43:19.668885,0 days 00:00:05.211138,0.45,0.7,2,0.03,0.02,0.6,0.12,6,0.5,10,0.5,,,,,,PRUNED
10215,-0.44280580951243415,2026-05-12 22:43:19.700289,2026-05-12 22:43:23.715593,0 days 00:00:04.015304,0.35,0.7,2,0.05,0.01,0.6,0.12,4,0.5,20,0.8,,,,,,PRUNED
10216,-0.5532416740270839,2026-05-12 22:43:23.746853,2026-05-12 22:43:29.480007,0 days 00:00:05.733154,0.35,0.9,2,0.03,0.01,0.45,0.16,5,0.7,20,0.8,,,,,,PRUNED
10217,-0.5179924623587872,2026-05-12 22:43:29.511127,2026-05-12 22:43:30.194429,0 days 00:00:00.683302,0.45,0.7,2,0.05,0.01,0.6,0.08,6,0.5,20,0.8,-0.39108387647623727,-0.030830266507629607,0.2538171717650998,0.36025360996860767,,COMPLETE
10218,-0.4577059413734039,2026-05-12 22:43:30.224625,2026-05-12 22:43:35.075090,0 days 00:00:04.850465,0.35,0.9,2,0.05,0.01,0.6,0.08,6,0.5,20,0.65,,,,,,PRUNED
10219,-9999.0,2026-05-12 22:43:35.106989,2026-05-12 22:43:35.494792,0 days 00:00:00.387803,0.25,0.7,2,0.03,0.02,0.45,0.08,3,0.7,10,0.65,,,,,BEAR_RATIO < NEUTRAL_RATIO < BULL_RATIO 约束违反: 0.25 / 0.7 / 0.7,COMPLETE
10220,-0.44328603688297663,2026-05-12 22:43:35.525029,2026-05-12 22:43:35.990701,0 days 00:00:00.465672,0.45,0.9,2,0.05,0.02,0.6,0.12,6,0.5,20,0.8,,,,,,PRUNED
10221,-0.5503468021897894,2026-05-12 22:43:36.019998,2026-05-12 22:43:41.650988,0 days 00:00:05.630990,0.35,0.8,3,0.03,0.01,0.6,0.16,5,0.7,5,0.8,,,,,,PRUNED
10222,-0.43962255678937917,2026-05-12 22:43:41.682332,2026-05-12 22:43:46.609185,0 days 00:00:04.926853,0.45,0.7,2,0.05,0.01,0.3,0.12,6,0.6,20,0.8,,,,,,PRUNED
10223,-0.4597556815316315,2026-05-12 22:43:46.637767,2026-05-12 22:43:51.867370,0 days 00:00:05.229603,0.45,0.9,2,0.05,0.02,0.3,0.16,6,0.5,10,0.8,,,,,,PRUNED
10224,-0.5059547031655727,2026-05-12 22:43:51.893853,2026-05-12 22:43:55.997201,0 days 00:00:04.103348,0.45,0.9,4,0.03,0.02,0.3,0.12,4,0.7,20,0.5,,,,,,PRUNED
10225,-0.5403790401915347,2026-05-12 22:43:56.022977,2026-05-12 22:44:01.984219,0 days 00:00:05.961242,0.25,0.7,3,0.03,0.02,0.6,0.12,6,0.5,5,0.8,,,,,,PRUNED
10226,-0.6135197744185117,2026-05-12 22:44:02.013117,2026-05-12 22:44:05.416061,0 days 00:00:03.402944,0.35,0.9,2,0.05,0.01,0.6,0.08,3,0.6,20,0.8,,,,,,PRUNED
10227,-9999.0,2026-05-12 22:44:05.446745,2026-05-12 22:44:05.827157,0 days 00:00:00.380412,0.45,0.7,2,0.05,0.01,0.3,0.08,6,0.7,5,0.8,,,,,BEAR_RATIO < NEUTRAL_RATIO < BULL_RATIO 约束违反: 0.45 / 0.7 / 0.7,COMPLETE
10228,-0.4604993392233487,2026-05-12 22:44:05.858339,2026-05-12 22:44:10.523305,0 days 00:00:04.664966,0.35,0.8,2,0.05,0.01,0.6,0.08,5,0.5,20,0.8,,,,,,PRUNED
10229,-0.4213231947291116,2026-05-12 22:44:10.550178,2026-05-12 22:44:11.014288,0 days 00:00:00.464110,0.45,0.7,2,0.05,0.02,0.6,0.08,4,0.5,20,0.8,,,,,,PRUNED
10230,-0.5756909378100548,2026-05-12 22:44:11.042386,2026-05-12 22:44:15.966957,0 days 00:00:04.924571,0.25,0.9,4,0.05,0.02,0.6,0.12,4,0.7,5,0.8,,,,,,PRUNED
10231,-0.5179924623587872,2026-05-12 22:44:15.995718,2026-05-12 22:44:16.656774,0 days 00:00:00.661056,0.45,0.7,2,0.05,0.02,0.6,0.08,6,0.5,20,0.8,-0.39108387647623727,-0.030830266507629607,0.2538171717650998,0.36025360996860767,,COMPLETE
10232,-0.43534964463312426,2026-05-12 22:44:16.685230,2026-05-12 22:44:21.045659,0 days 00:00:04.360429,0.45,0.8,2,0.05,0.02,0.6,0.08,3,0.5,5,0.5,,,,,,PRUNED
10233,-0.4730138077892441,2026-05-12 22:44:21.073716,2026-05-12 22:44:26.965802,0 days 00:00:05.892086,0.45,0.7,4,0.03,0.02,0.6,0.12,6,0.6,20,0.5,,,,,,PRUNED
10234,-0.47441457244516044,2026-05-12 22:44:26.994451,2026-05-12 22:44:27.476538,0 days 00:00:00.482087,0.25,0.7,2,0.05,0.02,0.6,0.08,6,0.5,20,0.8,,,,,,PRUNED
10235,-0.5179924623587872,2026-05-12 22:44:27.506627,2026-05-12 22:44:28.160233,0 days 00:00:00.653606,0.45,0.7,2,0.05,0.02,0.6,0.08,6,0.5,20,0.8,-0.39108387647623727,-0.030830266507629607,0.2538171717650998,0.36025360996860767,,COMPLETE
10236,-0.5179924623587872,2026-05-12 22:44:28.187987,2026-05-12 22:44:28.868211,0 days 00:00:00.680224,0.45,0.7,2,0.05,0.02,0.6,0.08,6,0.5,20,0.8,-0.39108387647623727,-0.030830266507629607,0.2538171717650998,0.36025360996860767,,COMPLETE
10237,-0.5179924623587872,2026-05-12 22:44:28.900764,2026-05-12 22:44:29.583481,0 days 00:00:00.682717,0.45,0.7,2,0.05,0.02,0.6,0.08,6,0.5,20,0.8,-0.39108387647623727,-0.030830266507629607,0.2538171717650998,0.36025360996860767,,COMPLETE
10238,-0.4838991691456324,2026-05-12 22:44:29.610283,2026-05-12 22:44:34.092325,0 days 00:00:04.482042,0.35,0.9,2,0.05,0.02,0.3,0.08,4,0.7,10,0.8,,,,,,PRUNED
10239,-0.45941704428941865,2026-05-12 22:44:34.120438,2026-05-12 22:44:39.029412,0 days 00:00:04.908974,0.45,0.8,2,0.03,0.02,0.6,0.08,6,0.6,20,0.65,,,,,,PRUNED
10240,-0.44132560848440905,2026-05-12 22:44:39.059246,2026-05-12 22:44:39.522396,0 days 00:00:00.463150,0.45,0.7,2,0.05,0.02,0.6,0.16,5,0.5,20,0.8,,,,,,PRUNED
10241,-0.49277765847375476,2026-05-12 22:44:39.551953,2026-05-12 22:44:44.545152,0 days 00:00:04.993199,0.35,0.8,3,0.03,0.01,0.6,0.08,5,0.7,10,0.8,,,,,,PRUNED
10242,-0.6024570622597438,2026-05-12 22:44:44.573570,2026-05-12 22:44:48.371583,0 days 00:00:03.798013,0.25,0.8,3,0.03,0.01,0.45,0.16,3,0.7,10,0.5,,,,,,PRUNED
10243,-9999.0,2026-05-12 22:44:48.402528,2026-05-12 22:44:48.811609,0 days 00:00:00.409081,0.45,0.7,2,0.05,0.02,0.6,0.08,3,0.7,20,0.5,,,,,BEAR_RATIO < NEUTRAL_RATIO < BULL_RATIO 约束违反: 0.45 / 0.7 / 0.7,COMPLETE
10244,-0.5179924623587872,2026-05-12 22:44:48.842906,2026-05-12 22:44:49.484961,0 days 00:00:00.642055,0.45,0.7,2,0.05,0.02,0.6,0.08,6,0.5,20,0.8,-0.39108387647623727,-0.030830266507629607,0.2538171717650998,0.36025360996860767,,COMPLETE
10245,-0.4327177294022265,2026-05-12 22:44:49.516695,2026-05-12 22:44:49.988954,0 days 00:00:00.472259,0.35,0.7,2,0.05,0.02,0.45,0.08,6,0.5,20,0.8,,,,,,PRUNED
10246,-0.5162510710135796,2026-05-12 22:44:50.019760,2026-05-12 22:44:55.087032,0 days 00:00:05.067272,0.35,0.8,2,0.05,0.01,0.6,0.08,4,0.6,5,0.8,,,,,,PRUNED
10247,-9999.0,2026-05-12 22:44:55.117685,2026-05-12 22:44:55.519921,0 days 00:00:00.402236,0.25,0.7,2,0.05,0.02,0.6,0.12,4,0.7,10,0.8,,,,,BEAR_RATIO < NEUTRAL_RATIO < BULL_RATIO 约束违反: 0.25 / 0.7 / 0.7,COMPLETE
10248,-0.5836343245793995,2026-05-12 22:44:55.551457,2026-05-12 22:45:00.570713,0 days 00:00:05.019256,0.35,0.9,4,0.03,0.01,0.3,0.16,4,0.7,5,0.8,,,,,,PRUNED
10249,-0.48765380901468447,2026-05-12 22:45:00.618358,2026-05-12 22:45:06.424517,0 days 00:00:05.806159,0.35,0.7,2,0.03,0.02,0.6,0.08,6,0.6,5,0.8,,,,,,PRUNED
10250,-0.4757310524677019,2026-05-12 22:45:06.452374,2026-05-12 22:45:06.895523,0 days 00:00:00.443149,0.25,0.7,3,0.05,0.02,0.6,0.08,6,0.5,20,0.8,,,,,,PRUNED
10251,-0.4092137988646166,2026-05-12 22:45:06.922845,2026-05-12 22:45:07.367693,0 days 00:00:00.444848,0.45,0.7,2,0.05,0.02,0.6,0.08,6,0.5,10,0.8,,,,,,PRUNED
10252,-0.6266560522972208,2026-05-12 22:45:07.396470,2026-05-12 22:45:10.839959,0 days 00:00:03.443489,0.45,0.8,2,0.03,0.02,0.6,0.08,3,0.7,20,0.65,,,,,,PRUNED
10253,-0.487116779364579,2026-05-12 22:45:10.869652,2026-05-12 22:45:15.695386,0 days 00:00:04.825734,0.25,0.8,2,0.05,0.01,0.6,0.08,6,0.5,20,0.65,,,,,,PRUNED
10254,-0.41425741193738236,2026-05-12 22:45:15.723832,2026-05-12 22:45:16.183423,0 days 00:00:00.459591,0.45,0.7,2,0.05,0.02,0.6,0.08,6,0.5,5,0.8,,,,,,PRUNED
10255,-9999.0,2026-05-12 22:45:16.213225,2026-05-12 22:45:16.597897,0 days 00:00:00.384672,0.35,0.7,3,0.03,0.01,0.45,0.08,6,0.7,20,0.8,,,,,BEAR_RATIO < NEUTRAL_RATIO < BULL_RATIO 约束违反: 0.35 / 0.7 / 0.7,COMPLETE
10256,-0.4831823978427078,2026-05-12 22:45:16.628976,2026-05-12 22:45:21.522241,0 days 00:00:04.893265,0.25,0.7,2,0.05,0.02,0.6,0.12,5,0.5,10,0.65,,,,,,PRUNED
10257,-0.49602548817275766,2026-05-12 22:45:21.553184,2026-05-12 22:45:26.464053,0 days 00:00:04.910869,0.25,0.8,3,0.05,0.01,0.6,0.08,5,0.6,10,0.8,,,,,,PRUNED
10258,-0.6000370466825659,2026-05-12 22:45:26.492339,2026-05-12 22:45:30.976236,0 days 00:00:04.483897,0.35,0.8,3,0.03,0.01,0.45,0.08,3,0.5,20,0.5,,,,,,PRUNED
10259,-0.4660851905012342,2026-05-12 22:45:31.004902,2026-05-12 22:45:35.071046,0 days 00:00:04.066144,0.45,0.9,4,0.05,0.01,0.45,0.08,4,0.7,20,0.8,,,,,,PRUNED
10260,-0.5078266218470777,2026-05-12 22:45:35.099081,2026-05-12 22:45:40.340487,0 days 00:00:05.241406,0.35,0.9,4,0.03,0.02,0.45,0.08,6,0.7,10,0.8,,,,,,PRUNED
10261,-0.4296411080598753,2026-05-12 22:45:40.373596,2026-05-12 22:45:40.804986,0 days 00:00:00.431390,0.45,0.7,2,0.05,0.02,0.6,0.16,6,0.5,20,0.8,,,,,,PRUNED
10262,-0.5489498508877159,2026-05-12 22:45:40.837957,2026-05-12 22:45:44.654415,0 days 00:00:03.816458,0.45,0.8,2,0.05,0.01,0.6,0.08,3,0.7,10,0.5,,,,,,PRUNED
10263,-0.5179924623587872,2026-05-12 22:45:44.681747,2026-05-12 22:45:45.375899,0 days 00:00:00.694152,0.45,0.7,2,0.05,0.02,0.6,0.08,6,0.5,20,0.8,-0.39108387647623727,-0.030830266507629607,0.2538171717650998,0.36025360996860767,,COMPLETE
10264,-0.5389489526919247,2026-05-12 22:45:45.403609,2026-05-12 22:45:50.920938,0 days 00:00:05.517329,0.25,0.8,2,0.05,0.01,0.6,0.16,5,0.6,5,0.8,,,,,,PRUNED
10265,-0.583160588806616,2026-05-12 22:45:50.948651,2026-05-12 22:45:54.877934,0 days 00:00:03.929283,0.45,0.7,3,0.05,0.02,0.6,0.16,3,0.5,20,0.65,,,,,,PRUNED
10266,-0.5748408106510976,2026-05-12 22:45:54.910189,2026-05-12 22:46:00.478201,0 days 00:00:05.568012,0.25,0.8,2,0.03,0.01,0.45,0.16,5,0.6,5,0.8,,,,,,PRUNED
10267,-0.5179924623587872,2026-05-12 22:46:00.508618,2026-05-12 22:46:01.148296,0 days 00:00:00.639678,0.45,0.7,2,0.05,0.02,0.6,0.08,6,0.5,20,0.8,-0.39108387647623727,-0.030830266507629607,0.2538171717650998,0.36025360996860767,,COMPLETE
10268,-0.4121653833865075,2026-05-12 22:46:01.188395,2026-05-12 22:46:01.662522,0 days 00:00:00.474127,0.45,0.7,4,0.05,0.02,0.3,0.08,6,0.5,20,0.8,,,,,,PRUNED
10269,-0.5179924623587872,2026-05-12 22:46:01.692214,2026-05-12 22:46:02.354234,0 days 00:00:00.662020,0.45,0.7,2,0.05,0.02,0.6,0.08,6,0.5,20,0.8,-0.39108387647623727,-0.030830266507629607,0.2538171717650998,0.36025360996860767,,COMPLETE
10270,-0.5179924623587872,2026-05-12 22:46:02.384025,2026-05-12 22:46:03.024728,0 days 00:00:00.640703,0.45,0.7,2,0.05,0.02,0.6,0.08,6,0.5,20,0.8,-0.39108387647623727,-0.030830266507629607,0.2538171717650998,0.36025360996860767,,COMPLETE
10271,-0.48604871948906037,2026-05-12 22:46:03.051525,2026-05-12 22:46:07.858132,0 days 00:00:04.806607,0.35,0.8,2,0.05,0.02,0.6,0.12,6,0.7,20,0.65,,,,,,PRUNED
10272,-9999.0,2026-05-12 22:46:07.886012,2026-05-12 22:46:08.664967,0 days 00:00:00.778955,0.45,0.7,3,0.03,0.01,0.3,0.12,6,0.7,5,0.65,,,,,BEAR_RATIO < NEUTRAL_RATIO < BULL_RATIO 约束违反: 0.45 / 0.7 / 0.7,COMPLETE
10273,-0.42056632138184724,2026-05-12 22:46:08.693101,2026-05-12 22:46:09.140201,0 days 00:00:00.447100,0.45,0.8,2,0.05,0.02,0.6,0.08,6,0.5,20,0.8,,,,,,PRUNED
10274,-0.43333909441165963,2026-05-12 22:46:09.169382,2026-05-12 22:46:09.617904,0 days 00:00:00.448522,0.35,0.7,2,0.05,0.02,0.6,0.08,6,0.5,20,0.8,,,,,,PRUNED
10275,-0.48400548960279033,2026-05-12 22:46:09.642959,2026-05-12 22:46:14.520586,0 days 00:00:04.877627,0.45,0.8,2,0.03,0.01,0.45,0.12,6,0.6,20,0.8,,,,,,PRUNED
10276,-9999.0,2026-05-12 22:46:14.551304,2026-05-12 22:46:14.938483,0 days 00:00:00.387179,0.45,0.7,4,0.05,0.02,0.3,0.12,3,0.7,10,0.65,,,,,BEAR_RATIO < NEUTRAL_RATIO < BULL_RATIO 约束违反: 0.45 / 0.7 / 0.7,COMPLETE
10277,-0.5179924623587872,2026-05-12 22:46:14.966586,2026-05-12 22:46:15.615425,0 days 00:00:00.648839,0.45,0.7,2,0.05,0.02,0.6,0.08,6,0.5,20,0.8,-0.39108387647623727,-0.030830266507629607,0.2538171717650998,0.36025360996860767,,COMPLETE
10278,-0.46039388872205156,2026-05-12 22:46:15.657310,2026-05-12 22:46:19.692886,0 days 00:00:04.035576,0.45,0.7,2,0.03,0.01,0.3,0.12,4,0.5,20,0.5,,,,,,PRUNED
