number,value,datetime_start,datetime_complete,duration,params_BEAR_RATIO,params_BULL_RATIO,params_GRID_MAX_LAYER,params_GRID_STEP_MAX,params_GRID_STEP_MIN,params_GRID_STEP_VOL_FACTOR,params_LAYER_FRACTION,params_MAX_HOLD,params_NEUTRAL_RATIO,params_REBALANCE_FREQ,params_VOL_WEIGHT,user_attrs_avg_test_score,user_attrs_avg_train_score,user_attrs_test_score_std,user_attrs_train_test_gap,user_attrs_validation_error,state
6139,-9999.0,2026-05-12 19:19:58.228328,2026-05-12 19:19:58.554543,0 days 00:00:00.326215,0.45,0.7,3,0.03,0.01,0.45,0.16,4,0.7,5,0.5,,,,,BEAR_RATIO < NEUTRAL_RATIO < BULL_RATIO 约束违反: 0.45 / 0.7 / 0.7,COMPLETE
6140,-0.42357363260304626,2026-05-12 19:19:58.580593,2026-05-12 19:19:58.981192,0 days 00:00:00.400599,0.45,0.7,2,0.05,0.02,0.6,0.08,6,0.6,20,0.8,,,,,,PRUNED
6141,-0.5532416740270839,2026-05-12 19:19:59.008574,2026-05-12 19:20:03.837281,0 days 00:00:04.828707,0.35,0.9,2,0.03,0.01,0.45,0.16,5,0.7,20,0.65,,,,,,PRUNED
6142,-0.43819524961136413,2026-05-12 19:20:03.863345,2026-05-12 19:20:08.963917,0 days 00:00:05.100572,0.45,0.7,3,0.05,0.02,0.6,0.12,6,0.6,20,0.8,,,,,,PRUNED
6143,-0.5179924623587872,2026-05-12 19:20:08.990336,2026-05-12 19:20:09.576418,0 days 00:00:00.586082,0.45,0.7,2,0.05,0.02,0.6,0.08,6,0.5,20,0.8,-0.39108387647623727,-0.030830266507629607,0.2538171717650998,0.36025360996860767,,COMPLETE
6144,-9999.0,2026-05-12 19:20:09.605333,2026-05-12 19:20:09.954966,0 days 00:00:00.349633,0.35,0.7,4,0.05,0.02,0.6,0.08,6,0.7,5,0.8,,,,,BEAR_RATIO < NEUTRAL_RATIO < BULL_RATIO 约束违反: 0.35 / 0.7 / 0.7,COMPLETE
6145,-0.458066644485657,2026-05-12 19:20:10.000117,2026-05-12 19:20:13.663253,0 days 00:00:03.663136,0.35,0.7,3,0.03,0.01,0.6,0.08,6,0.5,20,0.8,,,,,,PRUNED
6146,-0.6376253428340839,2026-05-12 19:20:13.692335,2026-05-12 19:20:17.180246,0 days 00:00:03.487911,0.35,0.9,2,0.03,0.02,0.3,0.08,3,0.7,20,0.8,,,,,,PRUNED
6147,-0.5994101566627893,2026-05-12 19:20:17.207336,2026-05-12 19:20:20.674503,0 days 00:00:03.467167,0.35,0.8,2,0.05,0.01,0.6,0.16,3,0.5,20,0.65,,,,,,PRUNED
6148,-0.4544919476022754,2026-05-12 19:20:20.701879,2026-05-12 19:20:26.672898,0 days 00:00:05.971019,0.45,0.7,2,0.03,0.02,0.6,0.12,6,0.5,20,0.65,,,,,,PRUNED
6149,-0.5635273168112447,2026-05-12 19:20:26.698881,2026-05-12 19:20:32.103258,0 days 00:00:05.404377,0.25,0.8,2,0.03,0.01,0.45,0.16,6,0.6,10,0.65,,,,,,PRUNED
6150,-0.5179924623587872,2026-05-12 19:20:32.129563,2026-05-12 19:20:32.739937,0 days 00:00:00.610374,0.45,0.7,2,0.05,0.02,0.6,0.08,6,0.5,20,0.8,-0.39108387647623727,-0.030830266507629607,0.2538171717650998,0.36025360996860767,,COMPLETE
6151,-0.44462950245702665,2026-05-12 19:20:32.765775,2026-05-12 19:20:37.196635,0 days 00:00:04.430860,0.35,0.7,3,0.05,0.01,0.6,0.08,4,0.5,10,0.5,,,,,,PRUNED
6152,-0.4667843333087702,2026-05-12 19:20:37.225117,2026-05-12 19:20:41.174207,0 days 00:00:03.949090,0.35,0.9,4,0.05,0.02,0.3,0.08,6,0.5,10,0.8,,,,,,PRUNED
6153,-0.46340659801425116,2026-05-12 19:20:41.202055,2026-05-12 19:20:45.967051,0 days 00:00:04.764996,0.45,0.9,3,0.05,0.02,0.45,0.08,5,0.6,20,0.8,,,,,,PRUNED
6154,-0.5792061418857395,2026-05-12 19:20:45.993718,2026-05-12 19:20:49.608340,0 days 00:00:03.614622,0.45,0.8,2,0.05,0.02,0.6,0.08,3,0.5,20,0.65,,,,,,PRUNED
6155,-0.5008350474059798,2026-05-12 19:20:49.635296,2026-05-12 19:20:53.744931,0 days 00:00:04.109635,0.25,0.8,4,0.05,0.02,0.45,0.16,4,0.7,20,0.8,,,,,,PRUNED
6156,-0.4808043339536413,2026-05-12 19:20:53.770369,2026-05-12 19:20:58.519997,0 days 00:00:04.749628,0.45,0.8,3,0.03,0.02,0.45,0.16,4,0.5,10,0.8,,,,,,PRUNED
6157,-0.5281483905950224,2026-05-12 19:20:58.561761,2026-05-12 19:21:03.102674,0 days 00:00:04.540913,0.35,0.9,2,0.03,0.01,0.45,0.16,4,0.7,10,0.5,,,,,,PRUNED
6158,-9999.0,2026-05-12 19:21:03.128475,2026-05-12 19:21:03.469725,0 days 00:00:00.341250,0.35,0.7,4,0.03,0.02,0.3,0.12,5,0.7,5,0.5,,,,,BEAR_RATIO < NEUTRAL_RATIO < BULL_RATIO 约束违反: 0.35 / 0.7 / 0.7,COMPLETE
6159,-0.50027852967138,2026-05-12 19:21:03.498809,2026-05-12 19:21:08.214726,0 days 00:00:04.715917,0.35,0.8,4,0.05,0.02,0.6,0.12,5,0.7,20,0.5,,,,,,PRUNED
6160,-0.6130142574770456,2026-05-12 19:21:08.242190,2026-05-12 19:21:11.746840,0 days 00:00:03.504650,0.25,0.9,3,0.05,0.01,0.3,0.08,3,0.5,20,0.5,,,,,,PRUNED
6161,-0.5430560192453368,2026-05-12 19:21:11.773361,2026-05-12 19:21:15.551493,0 days 00:00:03.778132,0.25,0.9,4,0.03,0.01,0.6,0.12,5,0.6,10,0.8,,,,,,PRUNED
6162,-0.4966507778269529,2026-05-12 19:21:15.579820,2026-05-12 19:21:21.097325,0 days 00:00:05.517505,0.25,0.8,4,0.05,0.02,0.6,0.16,4,0.6,20,0.8,,,,,,PRUNED
6163,-0.43199415192688095,2026-05-12 19:21:21.125634,2026-05-12 19:21:26.742757,0 days 00:00:05.617123,0.45,0.7,3,0.03,0.01,0.45,0.08,6,0.5,10,0.65,,,,,,PRUNED
6164,-0.517368963867933,2026-05-12 19:21:26.768102,2026-05-12 19:21:32.629657,0 days 00:00:05.861555,0.45,0.9,4,0.03,0.01,0.3,0.16,5,0.6,5,0.65,,,,,,PRUNED
6165,-0.44751196516222946,2026-05-12 19:21:32.655382,2026-05-12 19:21:38.023530,0 days 00:00:05.368148,0.35,0.8,2,0.05,0.01,0.6,0.08,6,0.5,10,0.8,,,,,,PRUNED
6166,-0.43408083217415294,2026-05-12 19:21:38.049981,2026-05-12 19:21:43.417751,0 days 00:00:05.367770,0.45,0.8,2,0.05,0.02,0.6,0.12,6,0.5,10,0.8,,,,,,PRUNED
6167,-0.5536828071699806,2026-05-12 19:21:43.446938,2026-05-12 19:21:47.205763,0 days 00:00:03.758825,0.35,0.8,3,0.05,0.01,0.45,0.12,3,0.6,10,0.65,,,,,,PRUNED
6168,-0.44831734399368606,2026-05-12 19:21:47.233279,2026-05-12 19:21:51.919508,0 days 00:00:04.686229,0.45,0.9,3,0.05,0.02,0.6,0.08,5,0.5,20,0.8,,,,,,PRUNED
6169,-0.4399292606491664,2026-05-12 19:21:51.947371,2026-05-12 19:21:56.239086,0 days 00:00:04.291715,0.45,0.7,3,0.05,0.02,0.6,0.16,4,0.5,20,0.8,,,,,,PRUNED
6170,-0.5365605288655574,2026-05-12 19:21:56.267509,2026-05-12 19:22:01.510590,0 days 00:00:05.243081,0.25,0.8,2,0.05,0.01,0.6,0.08,4,0.5,5,0.65,,,,,,PRUNED
6171,-0.47203272791689554,2026-05-12 19:22:01.540627,2026-05-12 19:22:07.335433,0 days 00:00:05.794806,0.35,0.7,3,0.03,0.01,0.3,0.08,6,0.5,5,0.5,,,,,,PRUNED
6172,-0.46356680856336274,2026-05-12 19:22:07.361324,2026-05-12 19:22:11.788765,0 days 00:00:04.427441,0.35,0.7,2,0.05,0.02,0.3,0.16,6,0.5,20,0.8,,,,,,PRUNED
6173,-0.5179924623587872,2026-05-12 19:22:11.812217,2026-05-12 19:22:12.324970,0 days 00:00:00.512753,0.45,0.7,2,0.05,0.02,0.6,0.08,6,0.5,20,0.8,-0.39108387647623727,-0.030830266507629607,0.2538171717650998,0.36025360996860767,,COMPLETE
6174,-0.524312537298948,2026-05-12 19:22:12.347788,2026-05-12 19:22:17.629625,0 days 00:00:05.281837,0.45,0.7,2,0.03,0.02,0.45,0.16,4,0.6,5,0.8,,,,,,PRUNED
6175,-0.5241324315357976,2026-05-12 19:22:17.653158,2026-05-12 19:22:20.768354,0 days 00:00:03.115196,0.45,0.8,4,0.03,0.01,0.3,0.16,6,0.7,20,0.5,,,,,,PRUNED
6176,-0.5845350195509874,2026-05-12 19:22:20.795518,2026-05-12 19:22:26.585296,0 days 00:00:05.789778,0.25,0.9,3,0.03,0.01,0.45,0.16,5,0.6,5,0.5,,,,,,PRUNED
6177,-0.528100799735945,2026-05-12 19:22:26.614298,2026-05-12 19:22:32.483610,0 days 00:00:05.869312,0.25,0.9,2,0.05,0.01,0.45,0.12,5,0.5,5,0.8,,,,,,PRUNED
6178,-0.6186784138691592,2026-05-12 19:22:32.510909,2026-05-12 19:22:36.237894,0 days 00:00:03.726985,0.45,0.9,4,0.03,0.01,0.6,0.08,3,0.6,20,0.8,,,,,,PRUNED
6179,-0.5301674195192708,2026-05-12 19:22:36.267166,2026-05-12 19:22:41.547892,0 days 00:00:05.280726,0.35,0.9,3,0.05,0.02,0.3,0.08,4,0.6,5,0.5,,,,,,PRUNED
6180,-0.476473636102687,2026-05-12 19:22:41.575379,2026-05-12 19:22:45.866422,0 days 00:00:04.291043,0.25,0.8,2,0.05,0.01,0.45,0.08,4,0.7,20,0.5,,,,,,PRUNED
6181,-9999.0,2026-05-12 19:22:45.896069,2026-05-12 19:22:46.239523,0 days 00:00:00.343454,0.35,0.7,4,0.03,0.02,0.45,0.16,6,0.7,10,0.5,,,,,BEAR_RATIO < NEUTRAL_RATIO < BULL_RATIO 约束违反: 0.35 / 0.7 / 0.7,COMPLETE
6182,-0.5179924623587872,2026-05-12 19:22:46.266716,2026-05-12 19:22:46.890163,0 days 00:00:00.623447,0.45,0.7,2,0.05,0.02,0.6,0.08,6,0.5,20,0.8,-0.39108387647623727,-0.030830266507629607,0.2538171717650998,0.36025360996860767,,COMPLETE
6183,-0.6324947841138914,2026-05-12 19:22:46.919009,2026-05-12 19:22:48.729031,0 days 00:00:01.810022,0.45,0.9,2,0.03,0.02,0.6,0.08,3,0.7,20,0.8,,,,,,PRUNED
6184,-0.47993438825602236,2026-05-12 19:22:48.758451,2026-05-12 19:22:53.068577,0 days 00:00:04.310126,0.45,0.8,3,0.05,0.01,0.3,0.12,3,0.7,5,0.5,,,,,,PRUNED
6185,-9999.0,2026-05-12 19:22:53.093951,2026-05-12 19:22:53.427468,0 days 00:00:00.333517,0.45,0.7,2,0.05,0.02,0.6,0.08,5,0.7,20,0.8,,,,,BEAR_RATIO < NEUTRAL_RATIO < BULL_RATIO 约束违反: 0.45 / 0.7 / 0.7,COMPLETE
6186,-0.5241710691789391,2026-05-12 19:22:53.455040,2026-05-12 19:22:58.150476,0 days 00:00:04.695436,0.35,0.9,4,0.05,0.02,0.3,0.16,5,0.7,20,0.65,,,,,,PRUNED
6187,-9999.0,2026-05-12 19:22:58.176967,2026-05-12 19:22:58.519118,0 days 00:00:00.342151,0.35,0.7,4,0.05,0.02,0.45,0.08,5,0.7,10,0.8,,,,,BEAR_RATIO < NEUTRAL_RATIO < BULL_RATIO 约束违反: 0.35 / 0.7 / 0.7,COMPLETE
6188,-0.4092137988646166,2026-05-12 19:22:58.546478,2026-05-12 19:22:58.942787,0 days 00:00:00.396309,0.45,0.7,2,0.05,0.02,0.6,0.08,6,0.5,10,0.8,,,,,,PRUNED
6189,-0.4772687581437043,2026-05-12 19:22:58.971013,2026-05-12 19:23:03.136007,0 days 00:00:04.164994,0.35,0.8,3,0.05,0.02,0.6,0.12,4,0.7,20,0.8,,,,,,PRUNED
6190,-9999.0,2026-05-12 19:23:03.163044,2026-05-12 19:23:03.487022,0 days 00:00:00.323978,0.25,0.7,2,0.03,0.02,0.6,0.08,3,0.7,10,0.8,,,,,BEAR_RATIO < NEUTRAL_RATIO < BULL_RATIO 约束违反: 0.25 / 0.7 / 0.7,COMPLETE
6191,-9999.0,2026-05-12 19:23:03.513828,2026-05-12 19:23:03.837437,0 days 00:00:00.323609,0.45,0.7,2,0.03,0.02,0.45,0.08,5,0.7,5,0.8,,,,,BEAR_RATIO < NEUTRAL_RATIO < BULL_RATIO 约束违反: 0.45 / 0.7 / 0.7,COMPLETE
6192,-0.49878141940690474,2026-05-12 19:23:03.862064,2026-05-12 19:23:08.628936,0 days 00:00:04.766872,0.25,0.9,2,0.05,0.02,0.6,0.08,6,0.5,20,0.65,,,,,,PRUNED
6193,-0.6016912106826116,2026-05-12 19:23:08.655856,2026-05-12 19:23:15.407783,0 days 00:00:06.751927,0.25,0.8,4,0.03,0.01,0.45,0.16,6,0.7,5,0.5,,,,,,PRUNED
6194,-0.4857467348101203,2026-05-12 19:23:15.433433,2026-05-12 19:23:19.930946,0 days 00:00:04.497513,0.25,0.8,2,0.05,0.01,0.3,0.08,5,0.5,10,0.8,,,,,,PRUNED
6195,-9999.0,2026-05-12 19:23:19.957349,2026-05-12 19:23:20.295753,0 days 00:00:00.338404,0.25,0.7,2,0.03,0.01,0.3,0.08,5,0.7,5,0.65,,,,,BEAR_RATIO < NEUTRAL_RATIO < BULL_RATIO 约束违反: 0.25 / 0.7 / 0.7,COMPLETE
6196,-9999.0,2026-05-12 19:23:20.324871,2026-05-12 19:23:20.668765,0 days 00:00:00.343894,0.35,0.7,3,0.05,0.01,0.6,0.16,3,0.7,10,0.65,,,,,BEAR_RATIO < NEUTRAL_RATIO < BULL_RATIO 约束违反: 0.35 / 0.7 / 0.7,COMPLETE
6197,-0.4213231947291116,2026-05-12 19:23:20.695549,2026-05-12 19:23:21.105385,0 days 00:00:00.409836,0.45,0.7,2,0.05,0.02,0.6,0.08,4,0.5,20,0.8,,,,,,PRUNED
6198,-0.5230503206787326,2026-05-12 19:23:21.133145,2026-05-12 19:23:25.762608,0 days 00:00:04.629463,0.35,0.9,3,0.03,0.02,0.3,0.08,3,0.7,5,0.8,,,,,,PRUNED
6199,-0.44328603688297663,2026-05-12 19:23:25.790907,2026-05-12 19:23:26.195777,0 days 00:00:00.404870,0.45,0.9,2,0.05,0.02,0.6,0.12,6,0.5,20,0.8,,,,,,PRUNED
6200,-0.5662735557516128,2026-05-12 19:23:26.224821,2026-05-12 19:23:30.246479,0 days 00:00:04.021658,0.25,0.9,2,0.03,0.01,0.45,0.08,3,0.5,10,0.5,,,,,,PRUNED
6201,-0.5125579670358181,2026-05-12 19:23:30.275915,2026-05-12 19:23:35.932416,0 days 00:00:05.656501,0.25,0.9,4,0.05,0.02,0.3,0.08,6,0.6,10,0.8,,,,,,PRUNED
6202,-0.4327177294022265,2026-05-12 19:23:35.955768,2026-05-12 19:23:36.333646,0 days 00:00:00.377878,0.35,0.7,2,0.05,0.02,0.45,0.08,6,0.5,20,0.65,,,,,,PRUNED
6203,-9999.0,2026-05-12 19:23:36.360684,2026-05-12 19:23:36.662581,0 days 00:00:00.301897,0.45,0.7,2,0.05,0.02,0.6,0.08,6,0.7,20,0.65,,,,,BEAR_RATIO < NEUTRAL_RATIO < BULL_RATIO 约束违反: 0.45 / 0.7 / 0.7,COMPLETE
6204,-0.49553664321150614,2026-05-12 19:23:36.688106,2026-05-12 19:23:42.660069,0 days 00:00:05.971963,0.25,0.7,3,0.05,0.02,0.6,0.08,6,0.5,5,0.8,,,,,,PRUNED
6205,-0.5962162328205597,2026-05-12 19:23:42.685511,2026-05-12 19:23:46.487591,0 days 00:00:03.802080,0.35,0.8,3,0.03,0.01,0.45,0.16,3,0.7,10,0.5,,,,,,PRUNED
6206,-0.48192636651565335,2026-05-12 19:23:46.540508,2026-05-12 19:23:50.893122,0 days 00:00:04.352614,0.25,0.7,4,0.03,0.02,0.6,0.08,4,0.5,10,0.8,,,,,,PRUNED
6207,-0.5179924623587872,2026-05-12 19:23:50.922015,2026-05-12 19:23:51.580328,0 days 00:00:00.658313,0.45,0.7,2,0.05,0.02,0.6,0.08,6,0.5,20,0.8,-0.39108387647623727,-0.030830266507629607,0.2538171717650998,0.36025360996860767,,COMPLETE
6208,-0.5914709499222288,2026-05-12 19:23:51.605291,2026-05-12 19:23:56.148066,0 days 00:00:04.542775,0.25,0.9,2,0.03,0.01,0.45,0.12,4,0.7,5,0.65,,,,,,PRUNED
6209,-0.5994103848276117,2026-05-12 19:23:56.176011,2026-05-12 19:23:59.528014,0 days 00:00:03.352003,0.45,0.7,3,0.05,0.01,0.3,0.12,3,0.6,20,0.65,,,,,,PRUNED
6210,-0.5179924623587872,2026-05-12 19:23:59.555719,2026-05-12 19:24:00.178035,0 days 00:00:00.622316,0.45,0.7,2,0.05,0.02,0.6,0.08,6,0.5,20,0.8,-0.39108387647623727,-0.030830266507629607,0.2538171717650998,0.36025360996860767,,COMPLETE
6211,-0.4100386278766106,2026-05-12 19:24:00.203232,2026-05-12 19:24:00.581262,0 days 00:00:00.378030,0.45,0.7,2,0.05,0.02,0.3,0.08,6,0.5,20,0.8,,,,,,PRUNED
6212,-0.5819290736130859,2026-05-12 19:24:00.610167,2026-05-12 19:24:05.491642,0 days 00:00:04.881475,0.25,0.9,4,0.05,0.01,0.45,0.16,4,0.7,5,0.5,,,,,,PRUNED
6213,-9999.0,2026-05-12 19:24:05.515472,2026-05-12 19:24:05.840729,0 days 00:00:00.325257,0.45,0.7,3,0.03,0.01,0.3,0.08,5,0.7,5,0.5,,,,,BEAR_RATIO < NEUTRAL_RATIO < BULL_RATIO 约束违反: 0.45 / 0.7 / 0.7,COMPLETE
6214,-0.4287355409983588,2026-05-12 19:24:05.868105,2026-05-12 19:24:06.233839,0 days 00:00:00.365734,0.45,0.8,2,0.05,0.02,0.6,0.08,6,0.5,5,0.8,,,,,,PRUNED
6215,-0.5748593346127908,2026-05-12 19:24:06.259484,2026-05-12 19:24:09.841106,0 days 00:00:03.581622,0.45,0.9,4,0.03,0.02,0.6,0.12,3,0.6,10,0.5,,,,,,PRUNED
6216,-0.46052105522966963,2026-05-12 19:24:09.869594,2026-05-12 19:24:15.293690,0 days 00:00:05.424096,0.35,0.8,2,0.05,0.02,0.6,0.08,5,0.5,5,0.8,,,,,,PRUNED
6217,-0.47441457244516044,2026-05-12 19:24:15.315129,2026-05-12 19:24:15.652440,0 days 00:00:00.337311,0.25,0.7,2,0.05,0.02,0.6,0.08,6,0.5,20,0.8,,,,,,PRUNED
6218,-9999.0,2026-05-12 19:24:15.676613,2026-05-12 19:24:15.958452,0 days 00:00:00.281839,0.35,0.7,4,0.05,0.02,0.6,0.08,4,0.7,5,0.5,,,,,BEAR_RATIO < NEUTRAL_RATIO < BULL_RATIO 约束违反: 0.35 / 0.7 / 0.7,COMPLETE
6219,-0.45828045941973783,2026-05-12 19:24:15.982536,2026-05-12 19:24:16.322016,0 days 00:00:00.339480,0.35,0.7,2,0.05,0.02,0.6,0.16,6,0.5,20,0.8,,,,,,PRUNED
6220,-0.46329047545573665,2026-05-12 19:24:16.348273,2026-05-12 19:24:22.041683,0 days 00:00:05.693410,0.35,0.7,3,0.05,0.02,0.3,0.12,5,0.6,10,0.8,,,,,,PRUNED
6221,-0.41425741193738236,2026-05-12 19:24:22.067194,2026-05-12 19:24:22.451022,0 days 00:00:00.383828,0.45,0.7,2,0.05,0.02,0.6,0.08,6,0.5,5,0.8,,,,,,PRUNED
6222,-0.4574024744894856,2026-05-12 19:24:22.479038,2026-05-12 19:24:26.850858,0 days 00:00:04.371820,0.45,0.8,3,0.05,0.01,0.3,0.16,6,0.5,5,0.8,,,,,,PRUNED
6223,-0.47349191014262293,2026-05-12 19:24:26.879885,2026-05-12 19:24:31.991606,0 days 00:00:05.111721,0.35,0.8,3,0.05,0.02,0.45,0.08,6,0.7,10,0.5,,,,,,PRUNED
6224,-0.4100386278766106,2026-05-12 19:24:32.019810,2026-05-12 19:24:32.420248,0 days 00:00:00.400438,0.45,0.7,2,0.05,0.02,0.3,0.08,6,0.5,20,0.5,,,,,,PRUNED
6225,-0.5057895884704092,2026-05-12 19:24:32.447466,2026-05-12 19:24:37.059283,0 days 00:00:04.611817,0.35,0.8,2,0.03,0.01,0.6,0.08,5,0.7,20,0.8,,,,,,PRUNED
6226,-0.4296411080598753,2026-05-12 19:24:37.083831,2026-05-12 19:24:37.480017,0 days 00:00:00.396186,0.45,0.7,2,0.05,0.02,0.6,0.16,6,0.5,20,0.8,,,,,,PRUNED
6227,-9999.0,2026-05-12 19:24:37.506304,2026-05-12 19:24:37.819372,0 days 00:00:00.313068,0.35,0.7,3,0.05,0.02,0.3,0.12,3,0.7,5,0.5,,,,,BEAR_RATIO < NEUTRAL_RATIO < BULL_RATIO 约束违反: 0.35 / 0.7 / 0.7,COMPLETE
6228,-0.522885217971741,2026-05-12 19:24:37.848504,2026-05-12 19:24:43.517026,0 days 00:00:05.668522,0.35,0.9,4,0.05,0.01,0.3,0.12,5,0.7,5,0.65,,,,,,PRUNED
6229,-0.486606813006784,2026-05-12 19:24:43.544574,2026-05-12 19:24:48.371397,0 days 00:00:04.826823,0.45,0.9,3,0.03,0.02,0.3,0.12,5,0.5,20,0.8,,,,,,PRUNED
6230,-0.524958696733006,2026-05-12 19:24:48.399238,2026-05-12 19:24:53.722897,0 days 00:00:05.323659,0.45,0.8,4,0.03,0.02,0.3,0.12,4,0.6,5,0.65,,,,,,PRUNED
6231,-0.5179924623587872,2026-05-12 19:24:53.752359,2026-05-12 19:24:54.367922,0 days 00:00:00.615563,0.45,0.7,2,0.05,0.02,0.6,0.08,6,0.5,20,0.8,-0.39108387647623727,-0.030830266507629607,0.2538171717650998,0.36025360996860767,,COMPLETE
6232,-0.5180375593653133,2026-05-12 19:24:54.396233,2026-05-12 19:25:00.730024,0 days 00:00:06.333791,0.35,0.8,2,0.03,0.02,0.3,0.12,5,0.6,5,0.65,,,,,,PRUNED
6233,-0.5217284743850431,2026-05-12 19:25:00.756547,2026-05-12 19:25:06.400808,0 days 00:00:05.644261,0.25,0.8,3,0.05,0.02,0.6,0.08,5,0.6,5,0.5,,,,,,PRUNED
6234,-0.5631577686266475,2026-05-12 19:25:06.429751,2026-05-12 19:25:12.841858,0 days 00:00:06.412107,0.35,0.8,3,0.03,0.01,0.3,0.16,6,0.7,5,0.5,,,,,,PRUNED
6235,-0.45077535218384135,2026-05-12 19:25:12.865924,2026-05-12 19:25:18.358619,0 days 00:00:05.492695,0.45,0.9,2,0.05,0.01,0.45,0.16,6,0.5,20,0.8,,,,,,PRUNED
6236,-0.5528297185249351,2026-05-12 19:25:18.384130,2026-05-12 19:25:22.004859,0 days 00:00:03.620729,0.25,0.8,2,0.05,0.01,0.45,0.12,3,0.5,10,0.65,,,,,,PRUNED
6237,-0.48883801249294623,2026-05-12 19:25:22.045571,2026-05-12 19:25:27.300400,0 days 00:00:05.254829,0.25,0.7,2,0.05,0.02,0.6,0.12,6,0.5,20,0.5,,,,,,PRUNED
6238,-0.47805350515034273,2026-05-12 19:25:27.322990,2026-05-12 19:25:32.501104,0 days 00:00:05.178114,0.25,0.7,2,0.05,0.01,0.3,0.08,6,0.5,10,0.8,,,,,,PRUNED
6239,-0.43768228682974797,2026-05-12 19:25:32.526279,2026-05-12 19:25:35.178645,0 days 00:00:02.652366,0.45,0.7,3,0.05,0.02,0.3,0.08,4,0.6,20,0.5,,,,,,PRUNED
6240,-0.5179924623587872,2026-05-12 19:25:35.202736,2026-05-12 19:25:35.724940,0 days 00:00:00.522204,0.45,0.7,2,0.05,0.02,0.6,0.08,6,0.5,20,0.8,-0.39108387647623727,-0.030830266507629607,0.2538171717650998,0.36025360996860767,,COMPLETE
6241,-0.42056632138184724,2026-05-12 19:25:35.749059,2026-05-12 19:25:36.074714,0 days 00:00:00.325655,0.45,0.8,2,0.05,0.02,0.6,0.08,6,0.5,20,0.8,,,,,,PRUNED
6242,-9999.0,2026-05-12 19:25:36.098367,2026-05-12 19:25:36.377076,0 days 00:00:00.278709,0.35,0.7,2,0.05,0.02,0.3,0.16,5,0.7,10,0.8,,,,,BEAR_RATIO < NEUTRAL_RATIO < BULL_RATIO 约束违反: 0.35 / 0.7 / 0.7,COMPLETE
6243,-0.6157598720216648,2026-05-12 19:25:36.400107,2026-05-12 19:25:39.801449,0 days 00:00:03.401342,0.25,0.8,2,0.05,0.02,0.3,0.08,3,0.6,20,0.8,,,,,,PRUNED
6244,-0.4738221018429511,2026-05-12 19:25:39.830585,2026-05-12 19:25:44.599471,0 days 00:00:04.768886,0.25,0.7,2,0.05,0.02,0.45,0.08,6,0.5,20,0.5,,,,,,PRUNED
6245,-0.5179924623587872,2026-05-12 19:25:44.626459,2026-05-12 19:25:45.234856,0 days 00:00:00.608397,0.45,0.7,2,0.05,0.02,0.6,0.08,6,0.5,20,0.8,-0.39108387647623727,-0.030830266507629607,0.2538171717650998,0.36025360996860767,,COMPLETE
6246,-0.474462429912309,2026-05-12 19:25:45.282862,2026-05-12 19:25:50.233050,0 days 00:00:04.950188,0.35,0.9,4,0.05,0.02,0.45,0.12,6,0.5,20,0.65,,,,,,PRUNED
6247,-0.4213231947291116,2026-05-12 19:25:50.260429,2026-05-12 19:25:50.645188,0 days 00:00:00.384759,0.45,0.7,2,0.05,0.02,0.6,0.08,4,0.5,20,0.5,,,,,,PRUNED
6248,-0.4423848359456567,2026-05-12 19:25:50.672497,2026-05-12 19:25:56.737349,0 days 00:00:06.064852,0.45,0.7,4,0.05,0.02,0.6,0.16,6,0.5,5,0.8,,,,,,PRUNED
6249,-0.5207300472322305,2026-05-12 19:25:56.765466,2026-05-12 19:26:01.738885,0 days 00:00:04.973419,0.25,0.7,2,0.03,0.02,0.45,0.12,5,0.5,20,0.65,,,,,,PRUNED
6250,-0.44132560848440905,2026-05-12 19:26:01.770274,2026-05-12 19:26:02.205560,0 days 00:00:00.435286,0.45,0.7,2,0.05,0.02,0.6,0.16,5,0.5,20,0.8,,,,,,PRUNED
6251,-9999.0,2026-05-12 19:26:02.233534,2026-05-12 19:26:02.603532,0 days 00:00:00.369998,0.45,0.7,2,0.03,0.01,0.3,0.08,6,0.7,10,0.5,,,,,BEAR_RATIO < NEUTRAL_RATIO < BULL_RATIO 约束违反: 0.45 / 0.7 / 0.7,COMPLETE
6252,-0.4474832113936603,2026-05-12 19:26:02.630745,2026-05-12 19:26:06.683963,0 days 00:00:04.053218,0.45,0.9,4,0.05,0.02,0.6,0.12,5,0.5,10,0.8,,,,,,PRUNED
6253,-0.49385874671956154,2026-05-12 19:26:06.711831,2026-05-12 19:26:07.164225,0 days 00:00:00.452394,0.25,0.7,2,0.05,0.02,0.6,0.08,6,0.5,5,0.8,,,,,,PRUNED
6254,-0.5265297125246037,2026-05-12 19:26:07.193778,2026-05-12 19:26:13.364661,0 days 00:00:06.170883,0.35,0.9,3,0.03,0.01,0.3,0.16,6,0.5,20,0.65,,,,,,PRUNED
6255,-0.4257392076995694,2026-05-12 19:26:13.390909,2026-05-12 19:26:13.808760,0 days 00:00:00.417851,0.45,0.7,4,0.05,0.02,0.6,0.08,4,0.5,20,0.8,,,,,,PRUNED
6256,-0.5179924623587872,2026-05-12 19:26:13.840361,2026-05-12 19:26:14.453308,0 days 00:00:00.612947,0.45,0.7,2,0.05,0.01,0.6,0.08,6,0.5,20,0.8,-0.39108387647623727,-0.030830266507629607,0.2538171717650998,0.36025360996860767,,COMPLETE
6257,-0.42328876156084305,2026-05-12 19:26:14.494968,2026-05-12 19:26:19.059645,0 days 00:00:04.564677,0.45,0.7,2,0.05,0.02,0.45,0.08,3,0.5,5,0.8,,,,,,PRUNED
6258,-0.4502861347707015,2026-05-12 19:26:19.089133,2026-05-12 19:26:23.392797,0 days 00:00:04.303664,0.35,0.7,4,0.05,0.01,0.3,0.12,4,0.5,20,0.65,,,,,,PRUNED
6259,-0.4724181942053828,2026-05-12 19:26:23.421620,2026-05-12 19:26:29.181870,0 days 00:00:05.760250,0.45,0.8,3,0.05,0.01,0.6,0.16,6,0.6,5,0.65,,,,,,PRUNED
6260,-0.5179924623587872,2026-05-12 19:26:29.208775,2026-05-12 19:26:29.795929,0 days 00:00:00.587154,0.45,0.7,2,0.05,0.02,0.6,0.08,6,0.5,20,0.8,-0.39108387647623727,-0.030830266507629607,0.2538171717650998,0.36025360996860767,,COMPLETE
6261,-0.5601483263941042,2026-05-12 19:26:29.824999,2026-05-12 19:26:34.871508,0 days 00:00:05.046509,0.25,0.8,3,0.05,0.01,0.45,0.16,4,0.6,5,0.65,,,,,,PRUNED
6262,-0.46152728035568846,2026-05-12 19:26:34.897784,2026-05-12 19:26:38.269722,0 days 00:00:03.371938,0.45,0.9,2,0.05,0.02,0.6,0.08,6,0.7,20,0.5,,,,,,PRUNED
6263,-0.5179924623587872,2026-05-12 19:26:38.296691,2026-05-12 19:26:38.867031,0 days 00:00:00.570340,0.45,0.7,2,0.05,0.02,0.6,0.08,6,0.5,20,0.8,-0.39108387647623727,-0.030830266507629607,0.2538171717650998,0.36025360996860767,,COMPLETE
