number,value,datetime_start,datetime_complete,duration,params_BEAR_RATIO,params_BULL_RATIO,params_GRID_MAX_LAYER,params_GRID_STEP_MAX,params_GRID_STEP_MIN,params_GRID_STEP_VOL_FACTOR,params_LAYER_FRACTION,params_MAX_HOLD,params_NEUTRAL_RATIO,params_REBALANCE_FREQ,params_VOL_WEIGHT,user_attrs_avg_test_score,user_attrs_avg_train_score,user_attrs_test_score_std,user_attrs_train_test_gap,user_attrs_validation_error,state
8447,-0.5179924623587872,2026-05-12 21:16:03.378602,2026-05-12 21:16:04.014796,0 days 00:00:00.636194,0.45,0.7,2,0.05,0.02,0.6,0.08,6,0.5,20,0.8,-0.39108387647623727,-0.030830266507629607,0.2538171717650998,0.36025360996860767,,COMPLETE
8448,-0.5256112722437052,2026-05-12 21:16:04.043339,2026-05-12 21:16:08.703548,0 days 00:00:04.660209,0.25,0.8,3,0.05,0.02,0.45,0.16,5,0.6,20,0.65,,,,,,PRUNED
8449,-0.41425741193738236,2026-05-12 21:16:08.735078,2026-05-12 21:16:09.146732,0 days 00:00:00.411654,0.45,0.7,2,0.05,0.02,0.6,0.08,6,0.5,5,0.8,,,,,,PRUNED
8450,-0.5179924623587872,2026-05-12 21:16:09.173450,2026-05-12 21:16:09.763903,0 days 00:00:00.590453,0.45,0.7,2,0.05,0.02,0.6,0.08,6,0.5,20,0.8,-0.39108387647623727,-0.030830266507629607,0.2538171717650998,0.36025360996860767,,COMPLETE
8451,-0.5661097050181505,2026-05-12 21:16:09.790236,2026-05-12 21:16:15.017193,0 days 00:00:05.226957,0.25,0.9,3,0.03,0.01,0.45,0.16,6,0.5,10,0.5,,,,,,PRUNED
8452,-0.43155661162383707,2026-05-12 21:16:15.045977,2026-05-12 21:16:15.482618,0 days 00:00:00.436641,0.45,0.7,3,0.05,0.02,0.6,0.16,6,0.5,20,0.8,,,,,,PRUNED
8453,-0.46741613045993324,2026-05-12 21:16:15.509724,2026-05-12 21:16:20.611254,0 days 00:00:05.101530,0.45,0.8,3,0.05,0.02,0.6,0.12,5,0.7,10,0.65,,,,,,PRUNED
8454,-9999.0,2026-05-12 21:16:20.637724,2026-05-12 21:16:20.964077,0 days 00:00:00.326353,0.35,0.7,4,0.05,0.01,0.3,0.12,5,0.7,5,0.8,,,,,BEAR_RATIO < NEUTRAL_RATIO < BULL_RATIO 约束违反: 0.35 / 0.7 / 0.7,COMPLETE
8455,-0.42507893853227124,2026-05-12 21:16:20.993176,2026-05-12 21:16:25.974815,0 days 00:00:04.981639,0.45,0.8,4,0.05,0.02,0.6,0.08,6,0.5,10,0.8,,,,,,PRUNED
8456,-0.4776999678135283,2026-05-12 21:16:26.005314,2026-05-12 21:16:31.407968,0 days 00:00:05.402654,0.45,0.8,3,0.03,0.02,0.6,0.12,5,0.6,10,0.8,,,,,,PRUNED
8457,-0.4819833660463314,2026-05-12 21:16:31.439690,2026-05-12 21:16:36.983368,0 days 00:00:05.543678,0.35,0.9,3,0.05,0.02,0.45,0.16,6,0.5,20,0.8,,,,,,PRUNED
8458,-0.560610258973113,2026-05-12 21:16:37.012193,2026-05-12 21:16:41.242577,0 days 00:00:04.230384,0.35,0.8,4,0.05,0.01,0.6,0.08,3,0.7,10,0.5,,,,,,PRUNED
8459,-0.5179924623587872,2026-05-12 21:16:41.293060,2026-05-12 21:16:41.918671,0 days 00:00:00.625611,0.45,0.7,2,0.05,0.02,0.6,0.08,6,0.5,20,0.8,-0.39108387647623727,-0.030830266507629607,0.2538171717650998,0.36025360996860767,,COMPLETE
8460,-0.42056632138184724,2026-05-12 21:16:41.945442,2026-05-12 21:16:42.334276,0 days 00:00:00.388834,0.45,0.8,2,0.05,0.02,0.6,0.08,6,0.5,20,0.8,,,,,,PRUNED
8461,-0.5446098279379749,2026-05-12 21:16:42.360624,2026-05-12 21:16:48.028730,0 days 00:00:05.668106,0.25,0.7,4,0.03,0.01,0.6,0.12,5,0.6,5,0.5,,,,,,PRUNED
8462,-0.4453372005663059,2026-05-12 21:16:48.058287,2026-05-12 21:16:48.423574,0 days 00:00:00.365287,0.45,0.7,2,0.03,0.02,0.6,0.08,5,0.5,20,0.8,,,,,,PRUNED
8463,-0.448457226487498,2026-05-12 21:16:48.447577,2026-05-12 21:16:53.518874,0 days 00:00:05.071297,0.45,0.7,3,0.03,0.02,0.3,0.08,6,0.6,20,0.65,,,,,,PRUNED
8464,-0.526455603623689,2026-05-12 21:16:53.549862,2026-05-12 21:17:00.446110,0 days 00:00:06.896248,0.25,0.9,3,0.05,0.02,0.3,0.08,6,0.5,5,0.5,,,,,,PRUNED
8465,-0.43223096142417294,2026-05-12 21:17:00.472828,2026-05-12 21:17:00.875643,0 days 00:00:00.402815,0.45,0.9,2,0.05,0.02,0.6,0.08,6,0.5,20,0.8,,,,,,PRUNED
8466,-9999.0,2026-05-12 21:17:00.901730,2026-05-12 21:17:01.279604,0 days 00:00:00.377874,0.25,0.7,2,0.03,0.01,0.6,0.16,4,0.7,10,0.5,,,,,BEAR_RATIO < NEUTRAL_RATIO < BULL_RATIO 约束违反: 0.25 / 0.7 / 0.7,COMPLETE
8467,-0.43333909441165963,2026-05-12 21:17:01.307005,2026-05-12 21:17:01.718423,0 days 00:00:00.411418,0.35,0.7,2,0.05,0.02,0.6,0.08,6,0.5,20,0.8,,,,,,PRUNED
8468,-9999.0,2026-05-12 21:17:01.745041,2026-05-12 21:17:02.091647,0 days 00:00:00.346606,0.45,0.7,2,0.05,0.02,0.6,0.08,6,0.7,20,0.8,,,,,BEAR_RATIO < NEUTRAL_RATIO < BULL_RATIO 约束违反: 0.45 / 0.7 / 0.7,COMPLETE
8469,-0.47663815172371105,2026-05-12 21:17:02.119831,2026-05-12 21:17:06.117203,0 days 00:00:03.997372,0.25,0.7,4,0.05,0.01,0.45,0.12,4,0.6,20,0.65,,,,,,PRUNED
8470,-0.5179924623587872,2026-05-12 21:17:06.145681,2026-05-12 21:17:06.760991,0 days 00:00:00.615310,0.45,0.7,2,0.05,0.02,0.6,0.08,6,0.5,20,0.8,-0.39108387647623727,-0.030830266507629607,0.2538171717650998,0.36025360996860767,,COMPLETE
8471,-0.5637229497323871,2026-05-12 21:17:06.789040,2026-05-12 21:17:10.785563,0 days 00:00:03.996523,0.25,0.8,4,0.03,0.01,0.6,0.08,3,0.5,10,0.8,,,,,,PRUNED
8472,-0.5562053513835836,2026-05-12 21:17:10.815203,2026-05-12 21:17:15.155147,0 days 00:00:04.339944,0.45,0.9,3,0.05,0.02,0.45,0.16,3,0.6,10,0.8,,,,,,PRUNED
8473,-0.5179924623587872,2026-05-12 21:17:15.183377,2026-05-12 21:17:15.731386,0 days 00:00:00.548009,0.45,0.7,2,0.05,0.02,0.6,0.08,6,0.5,20,0.8,-0.39108387647623727,-0.030830266507629607,0.2538171717650998,0.36025360996860767,,COMPLETE
8474,-0.4121653833865075,2026-05-12 21:17:15.756145,2026-05-12 21:17:20.576820,0 days 00:00:04.820675,0.45,0.7,4,0.05,0.01,0.3,0.08,6,0.5,20,0.5,,,,,,PRUNED
8475,-0.4918726751445881,2026-05-12 21:17:20.604561,2026-05-12 21:17:26.385046,0 days 00:00:05.780485,0.45,0.9,4,0.05,0.01,0.45,0.12,6,0.7,5,0.65,,,,,,PRUNED
8476,-0.5788694368393384,2026-05-12 21:17:26.413232,2026-05-12 21:17:31.504490,0 days 00:00:05.091258,0.25,0.9,3,0.05,0.01,0.3,0.16,4,0.7,5,0.8,,,,,,PRUNED
8477,-0.4810080172219843,2026-05-12 21:17:31.533214,2026-05-12 21:17:36.839390,0 days 00:00:05.306176,0.35,0.7,3,0.03,0.01,0.45,0.12,6,0.5,10,0.65,,,,,,PRUNED
8478,-0.49754838790171607,2026-05-12 21:17:36.866538,2026-05-12 21:17:42.624481,0 days 00:00:05.757943,0.35,0.9,4,0.05,0.02,0.3,0.08,6,0.6,5,0.65,,,,,,PRUNED
8479,-0.4822297152146168,2026-05-12 21:17:42.651323,2026-05-12 21:17:45.728795,0 days 00:00:03.077472,0.25,0.7,2,0.05,0.01,0.45,0.08,5,0.5,20,0.8,,,,,,PRUNED
8480,-0.4458729975978023,2026-05-12 21:17:45.755562,2026-05-12 21:17:51.424637,0 days 00:00:05.669075,0.45,0.7,2,0.05,0.01,0.3,0.12,5,0.6,5,0.5,,,,,,PRUNED
8481,-0.5179924623587872,2026-05-12 21:17:51.454820,2026-05-12 21:17:52.068660,0 days 00:00:00.613840,0.45,0.7,2,0.05,0.02,0.6,0.08,6,0.5,20,0.8,-0.39108387647623727,-0.030830266507629607,0.2538171717650998,0.36025360996860767,,COMPLETE
8482,-0.508691272729574,2026-05-12 21:17:52.100417,2026-05-12 21:17:58.062643,0 days 00:00:05.962226,0.35,0.9,3,0.03,0.02,0.45,0.12,5,0.5,20,0.65,,,,,,PRUNED
8483,-0.5376151458161109,2026-05-12 21:17:58.091688,2026-05-12 21:18:03.446244,0 days 00:00:05.354556,0.45,0.8,3,0.03,0.01,0.45,0.12,4,0.7,5,0.65,,,,,,PRUNED
8484,-0.4833244503702718,2026-05-12 21:18:03.476427,2026-05-12 21:18:09.776656,0 days 00:00:06.300229,0.45,0.7,4,0.03,0.01,0.3,0.12,6,0.6,5,0.5,,,,,,PRUNED
8485,-0.5182406672588966,2026-05-12 21:18:09.807132,2026-05-12 21:18:10.476730,0 days 00:00:00.669598,0.45,0.7,2,0.05,0.02,0.45,0.08,6,0.5,20,0.8,-0.3910743597599139,-0.030648087966744914,0.25433261499796533,0.360426271793169,,COMPLETE
8486,-9999.0,2026-05-12 21:18:10.506661,2026-05-12 21:18:10.897161,0 days 00:00:00.390500,0.25,0.7,3,0.03,0.02,0.6,0.08,5,0.7,5,0.65,,,,,BEAR_RATIO < NEUTRAL_RATIO < BULL_RATIO 约束违反: 0.25 / 0.7 / 0.7,COMPLETE
8487,-0.4240955692015966,2026-05-12 21:18:10.944021,2026-05-12 21:18:15.329358,0 days 00:00:04.385337,0.45,0.7,2,0.05,0.01,0.6,0.12,5,0.5,5,0.5,,,,,,PRUNED
8488,-9999.0,2026-05-12 21:18:15.361140,2026-05-12 21:18:15.745400,0 days 00:00:00.384260,0.45,0.7,4,0.03,0.02,0.3,0.08,6,0.7,10,0.65,,,,,BEAR_RATIO < NEUTRAL_RATIO < BULL_RATIO 约束违反: 0.45 / 0.7 / 0.7,COMPLETE
8489,-0.5347169326811757,2026-05-12 21:18:15.774145,2026-05-12 21:18:21.068256,0 days 00:00:05.294111,0.25,0.8,2,0.03,0.02,0.3,0.12,6,0.5,20,0.65,,,,,,PRUNED
8490,-0.4918577129848957,2026-05-12 21:18:21.097499,2026-05-12 21:18:26.084141,0 days 00:00:04.986642,0.45,0.9,2,0.03,0.01,0.3,0.16,4,0.5,10,0.65,,,,,,PRUNED
8491,-0.5417739693462357,2026-05-12 21:18:26.114436,2026-05-12 21:18:30.246166,0 days 00:00:04.131730,0.35,0.8,2,0.05,0.02,0.45,0.16,3,0.5,10,0.8,,,,,,PRUNED
8492,-0.4194511448045569,2026-05-12 21:18:30.279283,2026-05-12 21:18:30.729495,0 days 00:00:00.450212,0.45,0.7,2,0.05,0.02,0.6,0.12,6,0.5,20,0.8,,,,,,PRUNED
8493,-0.6298078920885967,2026-05-12 21:18:30.757137,2026-05-12 21:18:34.330032,0 days 00:00:03.572895,0.25,0.8,4,0.03,0.01,0.45,0.08,3,0.6,20,0.5,,,,,,PRUNED
8494,-0.4997835619295715,2026-05-12 21:18:34.355837,2026-05-12 21:18:39.849000,0 days 00:00:05.493163,0.35,0.8,3,0.03,0.01,0.45,0.08,5,0.6,5,0.65,,,,,,PRUNED
8495,-0.5731214209042875,2026-05-12 21:18:39.876371,2026-05-12 21:18:43.791651,0 days 00:00:03.915280,0.25,0.9,4,0.05,0.02,0.45,0.08,3,0.7,10,0.8,,,,,,PRUNED
8496,-0.5179924623587872,2026-05-12 21:18:43.819751,2026-05-12 21:18:44.464112,0 days 00:00:00.644361,0.45,0.7,2,0.05,0.02,0.6,0.08,6,0.5,20,0.8,-0.39108387647623727,-0.030830266507629607,0.2538171717650998,0.36025360996860767,,COMPLETE
8497,-0.4268487860272301,2026-05-12 21:18:44.495595,2026-05-12 21:18:49.823451,0 days 00:00:05.327856,0.45,0.7,4,0.05,0.02,0.45,0.08,5,0.5,20,0.8,,,,,,PRUNED
8498,-0.5213351834882967,2026-05-12 21:18:49.852287,2026-05-12 21:18:55.537301,0 days 00:00:05.685014,0.25,0.9,4,0.05,0.02,0.3,0.12,5,0.5,20,0.65,,,,,,PRUNED
8499,-0.5205650699837104,2026-05-12 21:18:55.568083,2026-05-12 21:19:03.328194,0 days 00:00:07.760111,0.45,0.8,3,0.03,0.01,0.3,0.16,6,0.7,10,0.8,,,,,,PRUNED
8500,-0.5260678246310503,2026-05-12 21:19:03.363061,2026-05-12 21:19:09.755406,0 days 00:00:06.392345,0.25,0.9,4,0.05,0.02,0.3,0.12,5,0.7,10,0.65,,,,,,PRUNED
8501,-0.473785271081481,2026-05-12 21:19:09.787643,2026-05-12 21:19:14.563242,0 days 00:00:04.775599,0.35,0.7,4,0.05,0.02,0.6,0.16,4,0.6,10,0.65,,,,,,PRUNED
8502,-0.4626047869468523,2026-05-12 21:19:14.590499,2026-05-12 21:19:19.316922,0 days 00:00:04.726423,0.45,0.8,2,0.05,0.01,0.45,0.08,6,0.7,5,0.65,,,,,,PRUNED
8503,-0.4702865260841753,2026-05-12 21:19:19.341162,2026-05-12 21:19:25.551141,0 days 00:00:06.209979,0.45,0.7,3,0.03,0.02,0.45,0.12,6,0.6,10,0.5,,,,,,PRUNED
8504,-0.5715107846558711,2026-05-12 21:19:25.580179,2026-05-12 21:19:26.021011,0 days 00:00:00.440832,0.45,0.7,2,0.05,0.02,0.6,0.08,3,0.5,20,0.8,,,,,,PRUNED
8505,-0.5179924623587872,2026-05-12 21:19:26.049288,2026-05-12 21:19:26.633817,0 days 00:00:00.584529,0.45,0.7,2,0.05,0.02,0.6,0.08,6,0.5,20,0.8,-0.39108387647623727,-0.030830266507629607,0.2538171717650998,0.36025360996860767,,COMPLETE
8506,-0.4742836939261093,2026-05-12 21:19:26.661146,2026-05-12 21:19:32.503340,0 days 00:00:05.842194,0.25,0.7,2,0.05,0.01,0.6,0.08,6,0.5,10,0.65,,,,,,PRUNED
8507,-0.5792222220542201,2026-05-12 21:19:32.532279,2026-05-12 21:19:37.716721,0 days 00:00:05.184442,0.25,0.8,4,0.03,0.02,0.3,0.16,3,0.7,5,0.65,,,,,,PRUNED
8508,-0.5181201026895599,2026-05-12 21:19:37.749499,2026-05-12 21:19:43.585064,0 days 00:00:05.835565,0.25,0.9,4,0.05,0.02,0.3,0.08,6,0.7,10,0.5,,,,,,PRUNED
8509,-0.5179924623587872,2026-05-12 21:19:43.619086,2026-05-12 21:19:44.295798,0 days 00:00:00.676712,0.45,0.7,2,0.05,0.01,0.6,0.08,6,0.5,20,0.8,-0.39108387647623727,-0.030830266507629607,0.2538171717650998,0.36025360996860767,,COMPLETE
8510,-9999.0,2026-05-12 21:19:44.325288,2026-05-12 21:19:44.774207,0 days 00:00:00.448919,0.25,0.7,3,0.05,0.01,0.3,0.16,4,0.7,5,0.65,,,,,BEAR_RATIO < NEUTRAL_RATIO < BULL_RATIO 约束违反: 0.25 / 0.7 / 0.7,COMPLETE
8511,-0.5086362290354483,2026-05-12 21:19:44.801360,2026-05-12 21:19:49.151719,0 days 00:00:04.350359,0.25,0.7,3,0.03,0.01,0.45,0.12,5,0.5,10,0.8,,,,,,PRUNED
8512,-0.5179924623587872,2026-05-12 21:19:49.182311,2026-05-12 21:19:49.828987,0 days 00:00:00.646676,0.45,0.7,2,0.05,0.02,0.6,0.08,6,0.5,20,0.8,-0.39108387647623727,-0.030830266507629607,0.2538171717650998,0.36025360996860767,,COMPLETE
8513,-0.5179924623587872,2026-05-12 21:19:49.862683,2026-05-12 21:19:50.524907,0 days 00:00:00.662224,0.45,0.7,2,0.05,0.02,0.6,0.08,6,0.5,20,0.8,-0.39108387647623727,-0.030830266507629607,0.2538171717650998,0.36025360996860767,,COMPLETE
8514,-0.4242910183560481,2026-05-12 21:19:50.557458,2026-05-12 21:19:51.006407,0 days 00:00:00.448949,0.45,0.7,2,0.05,0.02,0.6,0.08,5,0.5,20,0.8,,,,,,PRUNED
8515,-0.4318124553734489,2026-05-12 21:19:51.034857,2026-05-12 21:19:51.453755,0 days 00:00:00.418898,0.45,0.7,2,0.03,0.02,0.6,0.08,6,0.5,20,0.8,,,,,,PRUNED
8516,-0.4981876962116392,2026-05-12 21:19:51.480702,2026-05-12 21:19:57.253043,0 days 00:00:05.772341,0.25,0.9,2,0.05,0.02,0.45,0.08,6,0.5,20,0.5,,,,,,PRUNED
8517,-0.47011417642931613,2026-05-12 21:19:57.284330,2026-05-12 21:20:02.769049,0 days 00:00:05.484719,0.45,0.7,2,0.05,0.02,0.3,0.12,4,0.5,5,0.8,,,,,,PRUNED
8518,-0.5179924623587872,2026-05-12 21:20:02.807037,2026-05-12 21:20:03.470897,0 days 00:00:00.663860,0.45,0.7,2,0.05,0.02,0.6,0.08,6,0.5,20,0.65,-0.39108387647623727,-0.030830266507629607,0.2538171717650998,0.36025360996860767,,COMPLETE
8519,-0.5710662118915619,2026-05-12 21:20:03.500544,2026-05-12 21:20:08.720092,0 days 00:00:05.219548,0.25,0.9,4,0.05,0.02,0.6,0.16,3,0.5,10,0.65,,,,,,PRUNED
8520,-0.5179924623587872,2026-05-12 21:20:08.762612,2026-05-12 21:20:09.359476,0 days 00:00:00.596864,0.45,0.7,2,0.05,0.02,0.6,0.08,6,0.5,20,0.5,-0.39108387647623727,-0.030830266507629607,0.2538171717650998,0.36025360996860767,,COMPLETE
8521,-0.5083708967081539,2026-05-12 21:20:09.388823,2026-05-12 21:20:15.772964,0 days 00:00:06.384141,0.25,0.7,3,0.05,0.02,0.6,0.08,6,0.6,5,0.8,,,,,,PRUNED
8522,-0.410125315542252,2026-05-12 21:20:15.804006,2026-05-12 21:20:16.220280,0 days 00:00:00.416274,0.45,0.7,4,0.05,0.02,0.6,0.08,6,0.5,20,0.8,,,,,,PRUNED
8523,-0.572009099669853,2026-05-12 21:20:16.248201,2026-05-12 21:20:21.279480,0 days 00:00:05.031279,0.25,0.8,3,0.03,0.01,0.6,0.12,4,0.6,5,0.8,,,,,,PRUNED
8524,-0.5000728400259534,2026-05-12 21:20:21.307255,2026-05-12 21:20:21.746468,0 days 00:00:00.439213,0.25,0.9,3,0.05,0.02,0.6,0.08,6,0.5,20,0.8,,,,,,PRUNED
8525,-0.5365605288655574,2026-05-12 21:20:21.773354,2026-05-12 21:20:26.730317,0 days 00:00:04.956963,0.25,0.8,2,0.05,0.02,0.45,0.08,4,0.5,5,0.65,,,,,,PRUNED
8526,-0.5179924623587872,2026-05-12 21:20:26.759455,2026-05-12 21:20:27.398456,0 days 00:00:00.639001,0.45,0.7,2,0.05,0.02,0.6,0.08,6,0.5,20,0.8,-0.39108387647623727,-0.030830266507629607,0.2538171717650998,0.36025360996860767,,COMPLETE
8527,-0.5179924623587872,2026-05-12 21:20:27.427766,2026-05-12 21:20:28.057817,0 days 00:00:00.630051,0.45,0.7,2,0.05,0.02,0.6,0.08,6,0.5,20,0.8,-0.39108387647623727,-0.030830266507629607,0.2538171717650998,0.36025360996860767,,COMPLETE
8528,-0.47242138704561837,2026-05-12 21:20:28.094131,2026-05-12 21:20:33.264206,0 days 00:00:05.170075,0.45,0.9,4,0.03,0.01,0.6,0.08,6,0.6,10,0.8,,,,,,PRUNED
8529,-0.48303585727453446,2026-05-12 21:20:33.289244,2026-05-12 21:20:38.084427,0 days 00:00:04.795183,0.35,0.8,2,0.05,0.02,0.45,0.12,6,0.7,10,0.65,,,,,,PRUNED
8530,-9999.0,2026-05-12 21:20:38.108477,2026-05-12 21:20:38.454590,0 days 00:00:00.346113,0.35,0.7,3,0.05,0.01,0.45,0.08,6,0.7,10,0.5,,,,,BEAR_RATIO < NEUTRAL_RATIO < BULL_RATIO 约束违反: 0.35 / 0.7 / 0.7,COMPLETE
8531,-0.6082306181995826,2026-05-12 21:20:38.483570,2026-05-12 21:20:41.902192,0 days 00:00:03.418622,0.25,0.7,2,0.05,0.01,0.3,0.08,3,0.6,20,0.8,,,,,,PRUNED
8532,-0.46170651901758103,2026-05-12 21:20:41.932163,2026-05-12 21:20:47.010687,0 days 00:00:05.078524,0.45,0.9,2,0.05,0.02,0.6,0.08,6,0.7,10,0.8,,,,,,PRUNED
8533,-0.45940812645732426,2026-05-12 21:20:47.040323,2026-05-12 21:20:51.247964,0 days 00:00:04.207641,0.45,0.9,4,0.05,0.01,0.45,0.16,4,0.5,20,0.8,,,,,,PRUNED
8534,-0.5312628381403723,2026-05-12 21:20:51.377102,2026-05-12 21:20:56.498480,0 days 00:00:05.121378,0.25,0.9,3,0.05,0.02,0.3,0.12,6,0.7,10,0.65,,,,,,PRUNED
8535,-0.5179924623587872,2026-05-12 21:20:56.527025,2026-05-12 21:20:57.136377,0 days 00:00:00.609352,0.45,0.7,2,0.05,0.02,0.6,0.08,6,0.5,20,0.8,-0.39108387647623727,-0.030830266507629607,0.2538171717650998,0.36025360996860767,,COMPLETE
8536,-0.43517185891140797,2026-05-12 21:20:57.163266,2026-05-12 21:21:02.406110,0 days 00:00:05.242844,0.45,0.9,2,0.05,0.01,0.6,0.08,6,0.5,10,0.5,,,,,,PRUNED
8537,-0.5114111500398676,2026-05-12 21:21:02.434005,2026-05-12 21:21:07.013720,0 days 00:00:04.579715,0.35,0.9,4,0.05,0.01,0.45,0.16,6,0.7,10,0.65,,,,,,PRUNED
8538,-0.5179924623587872,2026-05-12 21:21:07.042126,2026-05-12 21:21:07.671892,0 days 00:00:00.629766,0.45,0.7,2,0.05,0.02,0.6,0.08,6,0.5,20,0.8,-0.39108387647623727,-0.030830266507629607,0.2538171717650998,0.36025360996860767,,COMPLETE
8539,-0.5179924623587872,2026-05-12 21:21:07.699074,2026-05-12 21:21:08.284336,0 days 00:00:00.585262,0.45,0.7,2,0.05,0.02,0.6,0.08,6,0.5,20,0.8,-0.39108387647623727,-0.030830266507629607,0.2538171717650998,0.36025360996860767,,COMPLETE
8540,-0.5419775052348945,2026-05-12 21:21:08.314309,2026-05-12 21:21:12.029336,0 days 00:00:03.715027,0.35,0.8,4,0.05,0.01,0.45,0.12,3,0.5,10,0.65,,,,,,PRUNED
8541,-0.4092788272711371,2026-05-12 21:21:12.055557,2026-05-12 21:21:12.469969,0 days 00:00:00.414412,0.45,0.7,3,0.05,0.02,0.6,0.08,6,0.5,20,0.8,,,,,,PRUNED
8542,-0.5179924623587872,2026-05-12 21:21:12.497404,2026-05-12 21:21:13.100625,0 days 00:00:00.603221,0.45,0.7,2,0.05,0.02,0.6,0.08,6,0.5,20,0.8,-0.39108387647623727,-0.030830266507629607,0.2538171717650998,0.36025360996860767,,COMPLETE
8543,-0.5239955325490699,2026-05-12 21:21:13.143951,2026-05-12 21:21:19.336907,0 days 00:00:06.192956,0.25,0.7,2,0.05,0.01,0.3,0.16,6,0.5,5,0.65,,,,,,PRUNED
8544,-0.5007538738002514,2026-05-12 21:21:19.365440,2026-05-12 21:21:23.700481,0 days 00:00:04.335041,0.35,0.8,2,0.03,0.01,0.3,0.16,4,0.5,20,0.5,,,,,,PRUNED
8545,-0.5179924623587872,2026-05-12 21:21:23.729983,2026-05-12 21:21:24.363057,0 days 00:00:00.633074,0.45,0.7,2,0.05,0.02,0.6,0.08,6,0.5,20,0.8,-0.39108387647623727,-0.030830266507629607,0.2538171717650998,0.36025360996860767,,COMPLETE
8546,-0.5060727822410013,2026-05-12 21:21:24.389785,2026-05-12 21:21:30.333672,0 days 00:00:05.943887,0.45,0.8,4,0.03,0.02,0.6,0.16,5,0.6,5,0.8,,,,,,PRUNED
8547,-0.5194568031666443,2026-05-12 21:21:30.362799,2026-05-12 21:21:34.737567,0 days 00:00:04.374768,0.25,0.9,2,0.03,0.02,0.6,0.12,4,0.7,20,0.65,,,,,,PRUNED
8548,-0.5922101034416711,2026-05-12 21:21:34.768123,2026-05-12 21:21:40.035234,0 days 00:00:05.267111,0.25,0.8,3,0.03,0.02,0.3,0.16,4,0.7,5,0.8,,,,,,PRUNED
8549,-0.5404358399272702,2026-05-12 21:21:40.063505,2026-05-12 21:21:45.045570,0 days 00:00:04.982065,0.45,0.8,4,0.03,0.02,0.6,0.12,4,0.7,5,0.8,,,,,,PRUNED
8550,-0.5209190067648712,2026-05-12 21:21:45.074109,2026-05-12 21:21:48.776321,0 days 00:00:03.702212,0.45,0.8,2,0.05,0.02,0.6,0.08,3,0.5,10,0.5,,,,,,PRUNED
8551,-0.5570187143459779,2026-05-12 21:21:48.804162,2026-05-12 21:21:54.321038,0 days 00:00:05.516876,0.25,0.8,3,0.05,0.01,0.45,0.16,6,0.7,5,0.65,,,,,,PRUNED
8552,-0.5573515090661835,2026-05-12 21:21:54.351357,2026-05-12 21:21:58.027745,0 days 00:00:03.676388,0.45,0.9,4,0.03,0.01,0.6,0.12,3,0.5,10,0.8,,,,,,PRUNED
8553,-0.5331179086547548,2026-05-12 21:21:58.056275,2026-05-12 21:22:02.972654,0 days 00:00:04.916379,0.25,0.7,4,0.03,0.01,0.45,0.12,6,0.6,20,0.65,,,,,,PRUNED
8554,-9999.0,2026-05-12 21:22:02.999509,2026-05-12 21:22:03.361612,0 days 00:00:00.362103,0.35,0.7,2,0.03,0.02,0.3,0.16,4,0.7,10,0.5,,,,,BEAR_RATIO < NEUTRAL_RATIO < BULL_RATIO 约束违反: 0.35 / 0.7 / 0.7,COMPLETE
8555,-0.5362042524996453,2026-05-12 21:22:03.391953,2026-05-12 21:22:08.313700,0 days 00:00:04.921747,0.45,0.9,2,0.03,0.02,0.6,0.12,4,0.6,5,0.65,,,,,,PRUNED
8556,-9999.0,2026-05-12 21:22:08.344770,2026-05-12 21:22:08.723816,0 days 00:00:00.379046,0.25,0.7,3,0.05,0.02,0.3,0.16,6,0.7,10,0.65,,,,,BEAR_RATIO < NEUTRAL_RATIO < BULL_RATIO 约束违反: 0.25 / 0.7 / 0.7,COMPLETE
8557,-0.5265954937007905,2026-05-12 21:22:08.755386,2026-05-12 21:22:13.380861,0 days 00:00:04.625475,0.35,0.7,4,0.05,0.01,0.45,0.08,3,0.5,10,0.65,,,,,,PRUNED
8558,-0.49607140575405423,2026-05-12 21:22:13.406293,2026-05-12 21:22:18.308267,0 days 00:00:04.901974,0.45,0.8,4,0.03,0.01,0.45,0.16,5,0.6,10,0.8,,,,,,PRUNED
8559,-0.4428712545707733,2026-05-12 21:22:18.336846,2026-05-12 21:22:23.298037,0 days 00:00:04.961191,0.45,0.8,3,0.03,0.01,0.3,0.08,5,0.5,10,0.5,,,,,,PRUNED
8560,-0.6033942193687148,2026-05-12 21:22:23.326716,2026-05-12 21:22:27.082733,0 days 00:00:03.756017,0.35,0.8,4,0.03,0.02,0.3,0.16,3,0.7,10,0.8,,,,,,PRUNED
8561,-0.5262731758223091,2026-05-12 21:22:27.110365,2026-05-12 21:22:31.720814,0 days 00:00:04.610449,0.25,0.8,2,0.05,0.02,0.3,0.16,5,0.6,20,0.5,,,,,,PRUNED
8562,-0.44172615219409717,2026-05-12 21:22:31.748862,2026-05-12 21:22:36.596422,0 days 00:00:04.847560,0.45,0.9,2,0.05,0.02,0.45,0.12,6,0.5,20,0.5,,,,,,PRUNED
8563,-0.5179924623587872,2026-05-12 21:22:36.627086,2026-05-12 21:22:37.220150,0 days 00:00:00.593064,0.45,0.7,2,0.05,0.02,0.6,0.08,6,0.5,20,0.8,-0.39108387647623727,-0.030830266507629607,0.2538171717650998,0.36025360996860767,,COMPLETE
8564,-0.5179924623587872,2026-05-12 21:22:37.247137,2026-05-12 21:22:37.865785,0 days 00:00:00.618648,0.45,0.7,2,0.05,0.02,0.6,0.08,6,0.5,20,0.8,-0.39108387647623727,-0.030830266507629607,0.2538171717650998,0.36025360996860767,,COMPLETE
8565,-0.5179924623587872,2026-05-12 21:22:37.894222,2026-05-12 21:22:38.515034,0 days 00:00:00.620812,0.45,0.7,2,0.05,0.02,0.6,0.08,6,0.5,20,0.8,-0.39108387647623727,-0.030830266507629607,0.2538171717650998,0.36025360996860767,,COMPLETE
8566,-0.44989728318573,2026-05-12 21:22:38.564732,2026-05-12 21:22:42.879376,0 days 00:00:04.314644,0.45,0.9,3,0.05,0.02,0.45,0.12,3,0.5,5,0.8,,,,,,PRUNED
8567,-0.5015271468964096,2026-05-12 21:22:42.907843,2026-05-12 21:22:47.835074,0 days 00:00:04.927231,0.35,0.8,4,0.03,0.02,0.45,0.12,5,0.6,10,0.5,,,,,,PRUNED
