number,value,datetime_start,datetime_complete,duration,params_BEAR_RATIO,params_BULL_RATIO,params_GRID_MAX_LAYER,params_GRID_STEP_MAX,params_GRID_STEP_MIN,params_GRID_STEP_VOL_FACTOR,params_LAYER_FRACTION,params_MAX_HOLD,params_NEUTRAL_RATIO,params_REBALANCE_FREQ,params_VOL_WEIGHT,user_attrs_avg_test_score,user_attrs_avg_train_score,user_attrs_test_score_std,user_attrs_train_test_gap,user_attrs_validation_error,state
957,-0.5179924623587872,2026-05-12 14:54:04.076558,2026-05-12 14:54:04.598439,0 days 00:00:00.521881,0.45,0.7,2,0.05,0.02,0.6,0.08,6,0.5,20,0.8,-0.39108387647623727,-0.030830266507629607,0.2538171717650998,0.36025360996860767,,COMPLETE
958,-0.5282491295486019,2026-05-12 14:54:04.622444,2026-05-12 14:54:09.246641,0 days 00:00:04.624197,0.25,0.8,3,0.03,0.02,0.45,0.08,5,0.7,20,0.65,,,,,,PRUNED
959,-0.5810751649854937,2026-05-12 14:54:09.289134,2026-05-12 14:54:13.120776,0 days 00:00:03.831642,0.45,0.9,2,0.03,0.01,0.3,0.16,3,0.6,10,0.8,,,,,,PRUNED
960,-0.5179924623587872,2026-05-12 14:54:13.159905,2026-05-12 14:54:13.644049,0 days 00:00:00.484144,0.45,0.7,2,0.05,0.02,0.6,0.08,6,0.5,20,0.8,-0.39108387647623727,-0.030830266507629607,0.2538171717650998,0.36025360996860767,,COMPLETE
961,-0.4882058625749357,2026-05-12 14:54:13.668924,2026-05-12 14:54:17.703466,0 days 00:00:04.034542,0.25,0.9,2,0.05,0.02,0.6,0.12,4,0.6,20,0.8,,,,,,PRUNED
962,-0.6234139554998259,2026-05-12 14:54:17.729649,2026-05-12 14:54:22.438792,0 days 00:00:04.709143,0.45,0.8,3,0.05,0.02,0.6,0.12,3,0.7,20,0.8,,,,,,PRUNED
963,-0.5761912867006872,2026-05-12 14:54:22.463372,2026-05-12 14:54:27.457384,0 days 00:00:04.994012,0.25,0.7,3,0.03,0.01,0.6,0.16,6,0.6,5,0.65,,,,,,PRUNED
964,-0.49894520079826565,2026-05-12 14:54:27.480870,2026-05-12 14:54:33.141348,0 days 00:00:05.660478,0.45,0.8,2,0.03,0.01,0.3,0.12,6,0.7,10,0.8,,,,,,PRUNED
965,-0.4092137988646166,2026-05-12 14:54:33.166458,2026-05-12 14:54:33.493645,0 days 00:00:00.327187,0.45,0.7,2,0.05,0.02,0.6,0.08,6,0.5,10,0.8,,,,,,PRUNED
966,-0.4296411080598753,2026-05-12 14:54:33.516986,2026-05-12 14:54:33.832791,0 days 00:00:00.315805,0.45,0.7,2,0.05,0.02,0.6,0.16,6,0.5,20,0.8,,,,,,PRUNED
967,-0.41425741193738236,2026-05-12 14:54:33.857068,2026-05-12 14:54:34.171528,0 days 00:00:00.314460,0.45,0.7,2,0.05,0.02,0.6,0.08,6,0.5,5,0.8,,,,,,PRUNED
968,-0.474389246647545,2026-05-12 14:54:34.194728,2026-05-12 14:54:38.751826,0 days 00:00:04.557098,0.35,0.8,3,0.05,0.02,0.3,0.12,4,0.6,10,0.65,,,,,,PRUNED
969,-0.449802627355429,2026-05-12 14:54:38.778171,2026-05-12 14:54:43.699358,0 days 00:00:04.921187,0.45,0.8,2,0.05,0.02,0.45,0.08,6,0.7,20,0.8,,,,,,PRUNED
970,-0.42056632138184724,2026-05-12 14:54:43.729734,2026-05-12 14:54:44.048509,0 days 00:00:00.318775,0.45,0.8,2,0.05,0.02,0.6,0.08,6,0.5,20,0.8,,,,,,PRUNED
971,-9999.0,2026-05-12 14:54:44.087590,2026-05-12 14:54:44.342335,0 days 00:00:00.254745,0.25,0.7,2,0.05,0.02,0.45,0.08,6,0.7,5,0.8,,,,,BEAR_RATIO < NEUTRAL_RATIO < BULL_RATIO 约束违反: 0.25 / 0.7 / 0.7,COMPLETE
972,-0.49296587474091297,2026-05-12 14:54:44.365867,2026-05-12 14:54:48.488167,0 days 00:00:04.122300,0.25,0.9,2,0.05,0.01,0.6,0.12,4,0.7,20,0.5,,,,,,PRUNED
973,-0.6057425842781478,2026-05-12 14:54:48.511631,2026-05-12 14:54:51.984660,0 days 00:00:03.473029,0.25,0.7,2,0.05,0.02,0.6,0.16,3,0.5,20,0.8,,,,,,PRUNED
974,-0.5025519765211133,2026-05-12 14:54:52.012666,2026-05-12 14:54:57.021560,0 days 00:00:05.008894,0.25,0.8,2,0.03,0.02,0.3,0.08,5,0.5,10,0.5,,,,,,PRUNED
975,-0.45969620443855796,2026-05-12 14:54:57.043920,2026-05-12 14:54:59.882932,0 days 00:00:02.839012,0.45,0.8,2,0.03,0.02,0.45,0.12,3,0.5,5,0.65,,,,,,PRUNED
976,-0.5840285560688547,2026-05-12 14:54:59.906991,2026-05-12 14:55:03.660895,0 days 00:00:03.753904,0.25,0.8,2,0.03,0.01,0.6,0.16,3,0.5,10,0.65,,,,,,PRUNED
977,-0.4520112826734919,2026-05-12 14:55:03.684373,2026-05-12 14:55:08.618068,0 days 00:00:04.933695,0.45,0.7,2,0.05,0.02,0.3,0.16,6,0.6,20,0.8,,,,,,PRUNED
978,-0.453761252770319,2026-05-12 14:55:08.661405,2026-05-12 14:55:13.096268,0 days 00:00:04.434863,0.35,0.7,4,0.05,0.02,0.45,0.12,4,0.5,10,0.8,,,,,,PRUNED
979,-0.42328876156084305,2026-05-12 14:55:13.120336,2026-05-12 14:55:18.350906,0 days 00:00:05.230570,0.45,0.7,2,0.05,0.02,0.6,0.08,3,0.5,5,0.65,,,,,,PRUNED
980,-0.5523766566195278,2026-05-12 14:55:18.376468,2026-05-12 14:55:23.422432,0 days 00:00:05.045964,0.25,0.8,4,0.05,0.01,0.3,0.16,4,0.5,5,0.5,,,,,,PRUNED
981,-0.45828045941973783,2026-05-12 14:55:23.448120,2026-05-12 14:55:28.452566,0 days 00:00:05.004446,0.35,0.7,2,0.05,0.01,0.6,0.16,6,0.5,20,0.5,,,,,,PRUNED
982,-0.5230503206787326,2026-05-12 14:55:28.478330,2026-05-12 14:55:32.878416,0 days 00:00:04.400086,0.35,0.9,3,0.03,0.01,0.3,0.08,3,0.7,5,0.65,,,,,,PRUNED
983,-0.43223096142417294,2026-05-12 14:55:32.905439,2026-05-12 14:55:33.208583,0 days 00:00:00.303144,0.45,0.9,2,0.05,0.02,0.6,0.08,6,0.5,20,0.8,,,,,,PRUNED
984,-0.4238698659937791,2026-05-12 14:55:33.234528,2026-05-12 14:55:37.868708,0 days 00:00:04.634180,0.45,0.7,2,0.05,0.02,0.45,0.08,5,0.5,20,0.5,,,,,,PRUNED
985,-9999.0,2026-05-12 14:55:37.895102,2026-05-12 14:55:38.200025,0 days 00:00:00.304923,0.45,0.7,3,0.05,0.02,0.3,0.08,6,0.7,20,0.8,,,,,BEAR_RATIO < NEUTRAL_RATIO < BULL_RATIO 约束违反: 0.45 / 0.7 / 0.7,COMPLETE
986,-9999.0,2026-05-12 14:55:38.227753,2026-05-12 14:55:38.473793,0 days 00:00:00.246040,0.45,0.7,2,0.05,0.02,0.6,0.08,6,0.7,20,0.8,,,,,BEAR_RATIO < NEUTRAL_RATIO < BULL_RATIO 约束违反: 0.45 / 0.7 / 0.7,COMPLETE
987,-0.46645423822741605,2026-05-12 14:55:38.499665,2026-05-12 14:55:42.133012,0 days 00:00:03.633347,0.35,0.7,3,0.05,0.02,0.3,0.12,6,0.5,5,0.65,,,,,,PRUNED
988,-0.4318124553734489,2026-05-12 14:55:42.156358,2026-05-12 14:55:42.562450,0 days 00:00:00.406092,0.45,0.7,2,0.03,0.02,0.6,0.08,6,0.5,20,0.8,,,,,,PRUNED
989,-0.6180479825732543,2026-05-12 14:55:42.587661,2026-05-12 14:55:45.988959,0 days 00:00:03.401298,0.25,0.8,3,0.05,0.02,0.3,0.16,3,0.5,20,0.5,,,,,,PRUNED
990,-9999.0,2026-05-12 14:55:46.013069,2026-05-12 14:55:46.270835,0 days 00:00:00.257766,0.45,0.7,2,0.05,0.01,0.6,0.08,4,0.7,20,0.8,,,,,BEAR_RATIO < NEUTRAL_RATIO < BULL_RATIO 约束违反: 0.45 / 0.7 / 0.7,COMPLETE
991,-0.4829500241661813,2026-05-12 14:55:46.294202,2026-05-12 14:55:51.326478,0 days 00:00:05.032276,0.45,0.7,2,0.03,0.02,0.6,0.08,4,0.5,5,0.8,,,,,,PRUNED
992,-0.5226764381196123,2026-05-12 14:55:51.352365,2026-05-12 14:55:56.059044,0 days 00:00:04.706679,0.25,0.9,2,0.03,0.01,0.6,0.08,5,0.5,20,0.65,,,,,,PRUNED
993,-0.5496612565200809,2026-05-12 14:55:56.083877,2026-05-12 14:55:59.848993,0 days 00:00:03.765116,0.45,0.7,2,0.03,0.01,0.45,0.16,3,0.5,10,0.5,,,,,,PRUNED
994,-0.43333909441165963,2026-05-12 14:55:59.872152,2026-05-12 14:56:00.164594,0 days 00:00:00.292442,0.35,0.7,2,0.05,0.02,0.6,0.08,6,0.5,20,0.8,,,,,,PRUNED
995,-0.48127841706722274,2026-05-12 14:56:00.185682,2026-05-12 14:56:06.004904,0 days 00:00:05.819222,0.45,0.9,2,0.05,0.01,0.6,0.16,6,0.6,5,0.5,,,,,,PRUNED
996,-0.438802543676426,2026-05-12 14:56:06.027231,2026-05-12 14:56:12.729945,0 days 00:00:06.702714,0.45,0.7,4,0.03,0.01,0.45,0.08,6,0.5,5,0.65,,,,,,PRUNED
997,-0.5607601911275246,2026-05-12 14:56:12.758745,2026-05-12 14:56:18.432397,0 days 00:00:05.673652,0.25,0.9,4,0.03,0.02,0.6,0.08,5,0.7,5,0.5,,,,,,PRUNED
998,-0.4845408565269315,2026-05-12 14:56:18.457916,2026-05-12 14:56:22.567319,0 days 00:00:04.109403,0.25,0.8,2,0.03,0.02,0.3,0.08,4,0.5,20,0.5,,,,,,PRUNED
999,-0.43644494572696835,2026-05-12 14:56:22.594813,2026-05-12 14:56:28.478268,0 days 00:00:05.883455,0.45,0.7,2,0.05,0.01,0.6,0.16,6,0.5,5,0.8,,,,,,PRUNED
1000,-0.47423931049560253,2026-05-12 14:56:28.502796,2026-05-12 14:56:30.411870,0 days 00:00:01.909074,0.35,0.8,3,0.03,0.01,0.45,0.08,4,0.6,20,0.65,,,,,,PRUNED
1001,-9999.0,2026-05-12 14:56:30.434156,2026-05-12 14:56:30.699068,0 days 00:00:00.264912,0.35,0.7,2,0.05,0.02,0.6,0.08,4,0.7,20,0.8,,,,,BEAR_RATIO < NEUTRAL_RATIO < BULL_RATIO 约束违反: 0.35 / 0.7 / 0.7,COMPLETE
1002,-0.5179924623587872,2026-05-12 14:56:30.721914,2026-05-12 14:56:31.255886,0 days 00:00:00.533972,0.45,0.7,2,0.05,0.01,0.6,0.08,6,0.5,20,0.8,-0.39108387647623727,-0.030830266507629607,0.2538171717650998,0.36025360996860767,,COMPLETE
1003,-0.470250388807993,2026-05-12 14:56:31.280133,2026-05-12 14:56:35.354259,0 days 00:00:04.074126,0.45,0.9,2,0.05,0.02,0.6,0.12,4,0.7,20,0.8,,,,,,PRUNED
1004,-0.590480750443459,2026-05-12 14:56:35.377562,2026-05-12 14:56:38.805601,0 days 00:00:03.428039,0.45,0.9,2,0.05,0.02,0.6,0.12,3,0.5,20,0.65,,,,,,PRUNED
1005,-0.5305070887863705,2026-05-12 14:56:38.834137,2026-05-12 14:56:44.151362,0 days 00:00:05.317225,0.35,0.8,3,0.03,0.02,0.3,0.16,6,0.6,10,0.8,,,,,,PRUNED
1006,-9999.0,2026-05-12 14:56:44.174797,2026-05-12 14:56:44.515361,0 days 00:00:00.340564,0.25,0.7,3,0.05,0.01,0.45,0.12,5,0.7,20,0.8,,,,,BEAR_RATIO < NEUTRAL_RATIO < BULL_RATIO 约束违反: 0.25 / 0.7 / 0.7,COMPLETE
1007,-0.6129411124053432,2026-05-12 14:56:44.542576,2026-05-12 14:56:48.009555,0 days 00:00:03.466979,0.45,0.8,4,0.03,0.02,0.6,0.16,3,0.5,20,0.8,,,,,,PRUNED
1008,-0.46871751749225243,2026-05-12 14:56:48.032561,2026-05-12 14:56:53.021077,0 days 00:00:04.988516,0.45,0.9,2,0.05,0.01,0.45,0.16,5,0.6,10,0.5,,,,,,PRUNED
1009,-0.4819736102537746,2026-05-12 14:56:53.045037,2026-05-12 14:56:58.028721,0 days 00:00:04.983684,0.35,0.7,2,0.03,0.02,0.6,0.12,6,0.5,20,0.8,,,,,,PRUNED
1010,-0.47943881938172866,2026-05-12 14:56:58.054868,2026-05-12 14:57:00.673315,0 days 00:00:02.618447,0.35,0.8,2,0.05,0.02,0.45,0.16,4,0.7,20,0.5,,,,,,PRUNED
1011,-0.5054045961924107,2026-05-12 14:57:00.697646,2026-05-12 14:57:07.126692,0 days 00:00:06.429046,0.45,0.9,4,0.05,0.01,0.6,0.16,5,0.7,5,0.5,,,,,,PRUNED
1012,-9999.0,2026-05-12 14:57:07.153156,2026-05-12 14:57:07.418028,0 days 00:00:00.264872,0.25,0.7,3,0.03,0.01,0.45,0.08,3,0.7,10,0.65,,,,,BEAR_RATIO < NEUTRAL_RATIO < BULL_RATIO 约束违反: 0.25 / 0.7 / 0.7,COMPLETE
1013,-0.42314434753360175,2026-05-12 14:57:07.442819,2026-05-12 14:57:12.381799,0 days 00:00:04.938980,0.45,0.7,2,0.05,0.01,0.45,0.08,6,0.6,20,0.5,,,,,,PRUNED
1014,-0.5766915889648762,2026-05-12 14:57:12.406988,2026-05-12 14:57:15.850227,0 days 00:00:03.443239,0.45,0.7,2,0.05,0.02,0.6,0.12,3,0.5,20,0.65,,,,,,PRUNED
1015,-0.4668260017530414,2026-05-12 14:57:15.875010,2026-05-12 14:57:19.933903,0 days 00:00:04.058893,0.25,0.7,2,0.05,0.02,0.3,0.12,4,0.5,20,0.65,,,,,,PRUNED
1016,-0.44075531750802616,2026-05-12 14:57:19.978521,2026-05-12 14:57:25.857766,0 days 00:00:05.879245,0.45,0.9,2,0.05,0.01,0.45,0.08,6,0.5,5,0.8,,,,,,PRUNED
1017,-0.4092788272711371,2026-05-12 14:57:25.883195,2026-05-12 14:57:29.338339,0 days 00:00:03.455144,0.45,0.7,3,0.05,0.01,0.6,0.08,6,0.5,20,0.65,,,,,,PRUNED
1018,-0.6350902917501061,2026-05-12 14:57:29.363857,2026-05-12 14:57:32.802362,0 days 00:00:03.438505,0.25,0.9,2,0.05,0.02,0.6,0.12,3,0.7,20,0.5,,,,,,PRUNED
1019,-0.576699920956995,2026-05-12 14:57:32.828247,2026-05-12 14:57:36.575367,0 days 00:00:03.747120,0.35,0.9,2,0.03,0.02,0.45,0.08,3,0.7,10,0.5,,,,,,PRUNED
1020,-0.5179924623587872,2026-05-12 14:57:36.603607,2026-05-12 14:57:37.098887,0 days 00:00:00.495280,0.45,0.7,2,0.05,0.02,0.6,0.08,6,0.5,20,0.8,-0.39108387647623727,-0.030830266507629607,0.2538171717650998,0.36025360996860767,,COMPLETE
1021,-0.5715107846558711,2026-05-12 14:57:37.123803,2026-05-12 14:57:37.475576,0 days 00:00:00.351773,0.45,0.7,2,0.05,0.02,0.6,0.08,3,0.5,20,0.8,,,,,,PRUNED
1022,-0.5179924623587872,2026-05-12 14:57:37.516071,2026-05-12 14:57:38.015583,0 days 00:00:00.499512,0.45,0.7,2,0.05,0.02,0.6,0.08,6,0.5,20,0.8,-0.39108387647623727,-0.030830266507629607,0.2538171717650998,0.36025360996860767,,COMPLETE
1023,-0.5212622881707103,2026-05-12 14:57:38.039121,2026-05-12 14:57:42.701311,0 days 00:00:04.662190,0.35,0.7,3,0.03,0.01,0.3,0.16,5,0.6,20,0.8,,,,,,PRUNED
1024,-0.4687029680096111,2026-05-12 14:57:42.725274,2026-05-12 14:57:47.433961,0 days 00:00:04.708687,0.45,0.9,2,0.03,0.01,0.3,0.08,5,0.5,20,0.65,,,,,,PRUNED
1025,-0.5332353957112038,2026-05-12 14:57:47.457714,2026-05-12 14:57:51.849612,0 days 00:00:04.391898,0.25,0.9,2,0.03,0.01,0.6,0.16,4,0.6,10,0.5,,,,,,PRUNED
1026,-0.6169167531944008,2026-05-12 14:57:51.874544,2026-05-12 14:57:55.466246,0 days 00:00:03.591702,0.35,0.9,2,0.03,0.02,0.3,0.12,3,0.5,20,0.8,,,,,,PRUNED
1027,-0.6529947578151942,2026-05-12 14:57:55.493060,2026-05-12 14:57:59.851315,0 days 00:00:04.358255,0.45,0.9,3,0.03,0.01,0.6,0.16,3,0.7,20,0.65,,,,,,PRUNED
1028,-0.4271696217311971,2026-05-12 14:57:59.875473,2026-05-12 14:58:02.962893,0 days 00:00:03.087420,0.45,0.7,4,0.05,0.01,0.6,0.08,5,0.5,20,0.8,,,,,,PRUNED
1029,-0.44638098678864524,2026-05-12 14:58:02.990190,2026-05-12 14:58:08.861796,0 days 00:00:05.871606,0.45,0.9,4,0.05,0.02,0.3,0.08,6,0.5,5,0.8,,,,,,PRUNED
1030,-0.4881514943798764,2026-05-12 14:58:08.885176,2026-05-12 14:58:13.358038,0 days 00:00:04.472862,0.25,0.8,2,0.05,0.02,0.6,0.12,4,0.6,10,0.8,,,,,,PRUNED
1031,-0.4194511448045569,2026-05-12 14:58:13.383571,2026-05-12 14:58:13.719228,0 days 00:00:00.335657,0.45,0.7,2,0.05,0.02,0.6,0.12,6,0.5,20,0.8,,,,,,PRUNED
1032,-0.5182406672588966,2026-05-12 14:58:13.742694,2026-05-12 14:58:14.236323,0 days 00:00:00.493629,0.45,0.7,2,0.05,0.02,0.45,0.08,6,0.5,20,0.8,-0.3910743597599139,-0.030648087966744914,0.25433261499796533,0.360426271793169,,COMPLETE
1033,-0.4923993741609548,2026-05-12 14:58:14.261425,2026-05-12 14:58:18.509000,0 days 00:00:04.247575,0.25,0.9,3,0.03,0.01,0.45,0.08,4,0.5,20,0.8,,,,,,PRUNED
1034,-0.4392374219430675,2026-05-12 14:58:18.533486,2026-05-12 14:58:22.761089,0 days 00:00:04.227603,0.45,0.9,2,0.05,0.01,0.6,0.08,4,0.5,20,0.8,,,,,,PRUNED
1035,-0.5179924623587872,2026-05-12 14:58:22.787676,2026-05-12 14:58:23.309432,0 days 00:00:00.521756,0.45,0.7,2,0.05,0.02,0.6,0.08,6,0.5,20,0.5,-0.39108387647623727,-0.030830266507629607,0.2538171717650998,0.36025360996860767,,COMPLETE
1036,-0.5179924623587872,2026-05-12 14:58:23.336924,2026-05-12 14:58:23.842073,0 days 00:00:00.505149,0.45,0.7,2,0.05,0.02,0.6,0.08,6,0.5,20,0.8,-0.39108387647623727,-0.030830266507629607,0.2538171717650998,0.36025360996860767,,COMPLETE
1037,-0.48679499262401715,2026-05-12 14:58:23.871649,2026-05-12 14:58:28.234365,0 days 00:00:04.362716,0.25,0.9,4,0.05,0.01,0.3,0.08,4,0.5,10,0.8,,,,,,PRUNED
1038,-0.6096066659184456,2026-05-12 14:58:28.258140,2026-05-12 14:58:31.720772,0 days 00:00:03.462632,0.45,0.9,2,0.05,0.01,0.6,0.12,3,0.6,20,0.8,,,,,,PRUNED
1039,-0.45828067865594424,2026-05-12 14:58:31.746785,2026-05-12 14:58:36.973674,0 days 00:00:05.226889,0.35,0.7,2,0.03,0.02,0.6,0.08,6,0.5,10,0.8,,,,,,PRUNED
1040,-0.410125315542252,2026-05-12 14:58:36.998048,2026-05-12 14:58:37.360535,0 days 00:00:00.362487,0.45,0.7,4,0.05,0.02,0.6,0.08,6,0.5,20,0.8,,,,,,PRUNED
1041,-0.5219707970477974,2026-05-12 14:58:37.385557,2026-05-12 14:58:42.324550,0 days 00:00:04.938993,0.25,0.9,3,0.05,0.02,0.45,0.12,6,0.6,20,0.65,,,,,,PRUNED
1042,-0.4533080566734561,2026-05-12 14:58:42.350790,2026-05-12 14:58:44.824300,0 days 00:00:02.473510,0.45,0.8,3,0.05,0.02,0.6,0.08,5,0.6,20,0.8,,,,,,PRUNED
1043,-0.5211027018121548,2026-05-12 14:58:44.849921,2026-05-12 14:58:49.415814,0 days 00:00:04.565893,0.25,0.7,4,0.05,0.02,0.3,0.16,5,0.6,20,0.8,,,,,,PRUNED
1044,-9999.0,2026-05-12 14:58:49.440870,2026-05-12 14:58:49.731167,0 days 00:00:00.290297,0.45,0.7,3,0.05,0.01,0.3,0.08,4,0.7,20,0.5,,,,,BEAR_RATIO < NEUTRAL_RATIO < BULL_RATIO 约束违反: 0.45 / 0.7 / 0.7,COMPLETE
1045,-0.5179924623587872,2026-05-12 14:58:49.755353,2026-05-12 14:58:50.230931,0 days 00:00:00.475578,0.45,0.7,2,0.05,0.02,0.6,0.08,6,0.5,20,0.65,-0.39108387647623727,-0.030830266507629607,0.2538171717650998,0.36025360996860767,,COMPLETE
1046,-0.5983699398467377,2026-05-12 14:58:50.254320,2026-05-12 14:58:54.639247,0 days 00:00:04.384927,0.25,0.7,3,0.05,0.02,0.6,0.08,3,0.5,20,0.8,,,,,,PRUNED
1047,-0.4946769715820179,2026-05-12 14:58:54.663099,2026-05-12 14:58:59.631264,0 days 00:00:04.968165,0.45,0.7,2,0.03,0.02,0.6,0.16,6,0.6,20,0.8,,,,,,PRUNED
1048,-0.4396598076186018,2026-05-12 14:58:59.658712,2026-05-12 14:59:05.250699,0 days 00:00:05.591987,0.45,0.8,3,0.05,0.01,0.45,0.12,5,0.5,5,0.8,,,,,,PRUNED
1049,-0.47671073491192023,2026-05-12 14:59:05.273169,2026-05-12 14:59:09.407960,0 days 00:00:04.134791,0.45,0.7,2,0.03,0.02,0.6,0.16,4,0.5,20,0.8,,,,,,PRUNED
1050,-0.5167870024345692,2026-05-12 14:59:09.431645,2026-05-12 14:59:14.433837,0 days 00:00:05.002192,0.35,0.9,3,0.05,0.02,0.6,0.08,4,0.5,5,0.65,,,,,,PRUNED
1051,-0.4242910183560481,2026-05-12 14:59:14.459958,2026-05-12 14:59:14.812726,0 days 00:00:00.352768,0.45,0.7,2,0.05,0.02,0.6,0.08,5,0.5,20,0.8,,,,,,PRUNED
1052,-0.5466946520513196,2026-05-12 14:59:14.848045,2026-05-12 14:59:17.153091,0 days 00:00:02.305046,0.25,0.7,3,0.05,0.02,0.6,0.12,3,0.5,10,0.5,,,,,,PRUNED
1053,-0.45856833315227663,2026-05-12 14:59:17.178705,2026-05-12 14:59:22.155993,0 days 00:00:04.977288,0.45,0.8,2,0.05,0.02,0.6,0.16,6,0.6,20,0.5,,,,,,PRUNED
1054,-0.6002317878403541,2026-05-12 14:59:22.179069,2026-05-12 14:59:28.199258,0 days 00:00:06.020189,0.25,0.8,2,0.03,0.01,0.3,0.16,6,0.7,5,0.8,,,,,,PRUNED
1055,-0.5167086315798947,2026-05-12 14:59:28.223868,2026-05-12 14:59:33.471673,0 days 00:00:05.247805,0.25,0.9,2,0.05,0.01,0.3,0.12,6,0.5,10,0.8,,,,,,PRUNED
1056,-0.4378742937405975,2026-05-12 14:59:33.496511,2026-05-12 14:59:38.398288,0 days 00:00:04.901777,0.35,0.7,2,0.05,0.01,0.3,0.08,6,0.5,20,0.8,,,,,,PRUNED
1057,-9999.0,2026-05-12 14:59:38.421219,2026-05-12 14:59:38.699079,0 days 00:00:00.277860,0.25,0.7,4,0.05,0.02,0.3,0.08,5,0.7,10,0.8,,,,,BEAR_RATIO < NEUTRAL_RATIO < BULL_RATIO 约束违反: 0.25 / 0.7 / 0.7,COMPLETE
1058,-0.5110490925306057,2026-05-12 14:59:38.723490,2026-05-12 14:59:43.635769,0 days 00:00:04.912279,0.25,0.9,4,0.05,0.01,0.3,0.12,5,0.5,10,0.8,,,,,,PRUNED
1059,-0.5798090096332171,2026-05-12 14:59:43.660488,2026-05-12 14:59:46.803262,0 days 00:00:03.142774,0.25,0.8,4,0.03,0.02,0.3,0.08,3,0.7,10,0.65,,,,,,PRUNED
1060,-0.5179924623587872,2026-05-12 14:59:46.827884,2026-05-12 14:59:47.305899,0 days 00:00:00.478015,0.45,0.7,2,0.05,0.02,0.6,0.08,6,0.5,20,0.8,-0.39108387647623727,-0.030830266507629607,0.2538171717650998,0.36025360996860767,,COMPLETE
1061,-0.4370070723213352,2026-05-12 14:59:47.329949,2026-05-12 14:59:52.604563,0 days 00:00:05.274614,0.45,0.9,3,0.05,0.01,0.3,0.08,6,0.5,10,0.65,,,,,,PRUNED
1062,-0.5179924623587872,2026-05-12 14:59:52.628079,2026-05-12 14:59:53.203809,0 days 00:00:00.575730,0.45,0.7,2,0.05,0.02,0.6,0.08,6,0.5,20,0.8,-0.39108387647623727,-0.030830266507629607,0.2538171717650998,0.36025360996860767,,COMPLETE
1063,-0.5179924623587872,2026-05-12 14:59:53.230307,2026-05-12 14:59:53.716904,0 days 00:00:00.486597,0.45,0.7,2,0.05,0.02,0.6,0.08,6,0.5,20,0.8,-0.39108387647623727,-0.030830266507629607,0.2538171717650998,0.36025360996860767,,COMPLETE
1064,-0.417313072973563,2026-05-12 14:59:53.743334,2026-05-12 14:59:59.287189,0 days 00:00:05.543855,0.45,0.7,4,0.05,0.01,0.6,0.08,5,0.5,5,0.5,,,,,,PRUNED
1065,-0.6249704791380863,2026-05-12 14:59:59.310555,2026-05-12 15:00:02.752057,0 days 00:00:03.441502,0.45,0.9,4,0.05,0.01,0.6,0.08,3,0.7,20,0.65,,,,,,PRUNED
1066,-0.5179924623587872,2026-05-12 15:00:02.776841,2026-05-12 15:00:03.286469,0 days 00:00:00.509628,0.45,0.7,2,0.05,0.02,0.6,0.08,6,0.5,20,0.8,-0.39108387647623727,-0.030830266507629607,0.2538171717650998,0.36025360996860767,,COMPLETE
1067,-0.4324558473496507,2026-05-12 15:00:03.313599,2026-05-12 15:00:08.404075,0 days 00:00:05.090476,0.45,0.7,4,0.03,0.02,0.3,0.08,6,0.5,20,0.8,,,,,,PRUNED
1068,-0.47721335313815205,2026-05-12 15:00:08.427283,2026-05-12 15:00:13.398945,0 days 00:00:04.971662,0.45,0.9,4,0.05,0.01,0.45,0.12,6,0.7,20,0.8,,,,,,PRUNED
1069,-0.4692326337635542,2026-05-12 15:00:13.424833,2026-05-12 15:00:18.096445,0 days 00:00:04.671612,0.35,0.7,3,0.05,0.01,0.45,0.16,5,0.5,20,0.65,,,,,,PRUNED
1070,-0.5182309752924431,2026-05-12 15:00:18.118079,2026-05-12 15:00:23.943200,0 days 00:00:05.825121,0.25,0.7,2,0.05,0.02,0.6,0.16,6,0.5,5,0.8,,,,,,PRUNED
1071,-0.49555604053243785,2026-05-12 15:00:23.967750,2026-05-12 15:00:29.189649,0 days 00:00:05.221899,0.25,0.7,2,0.05,0.01,0.45,0.12,6,0.6,10,0.65,,,,,,PRUNED
1072,-0.5273508196407732,2026-05-12 15:00:29.212942,2026-05-12 15:00:33.970299,0 days 00:00:04.757357,0.35,0.9,4,0.03,0.01,0.6,0.16,5,0.5,20,0.65,,,,,,PRUNED
1073,-0.47182060729734193,2026-05-12 15:00:33.992337,2026-05-12 15:00:38.680406,0 days 00:00:04.688069,0.35,0.8,2,0.05,0.02,0.45,0.16,3,0.5,5,0.8,,,,,,PRUNED
1074,-0.5068734623491519,2026-05-12 15:00:38.701681,2026-05-12 15:00:42.975556,0 days 00:00:04.273875,0.25,0.9,2,0.05,0.02,0.6,0.08,6,0.6,20,0.65,,,,,,PRUNED
1075,-0.5179924623587872,2026-05-12 15:00:42.997345,2026-05-12 15:00:43.422750,0 days 00:00:00.425405,0.45,0.7,2,0.05,0.02,0.6,0.08,6,0.5,20,0.8,-0.39108387647623727,-0.030830266507629607,0.2538171717650998,0.36025360996860767,,COMPLETE
1076,-0.4926735144157139,2026-05-12 15:00:43.443435,2026-05-12 15:00:47.039108,0 days 00:00:03.595673,0.25,0.7,2,0.03,0.01,0.3,0.12,4,0.5,20,0.8,,,,,,PRUNED
1077,-0.5473194971240558,2026-05-12 15:00:47.063399,2026-05-12 15:00:52.033042,0 days 00:00:04.969643,0.25,0.8,4,0.03,0.01,0.6,0.12,6,0.7,10,0.8,,,,,,PRUNED
1078,-0.4519846869636177,2026-05-12 15:00:52.057270,2026-05-12 15:00:56.784320,0 days 00:00:04.727050,0.35,0.7,3,0.05,0.02,0.6,0.08,6,0.6,20,0.8,,,,,,PRUNED
1079,-0.48176069245758085,2026-05-12 15:00:56.808566,2026-05-12 15:01:01.552756,0 days 00:00:04.744190,0.25,0.7,4,0.05,0.02,0.3,0.08,6,0.5,20,0.8,,,,,,PRUNED
1080,-9999.0,2026-05-12 15:01:01.575099,2026-05-12 15:01:01.794423,0 days 00:00:00.219324,0.45,0.7,3,0.05,0.01,0.45,0.16,6,0.7,10,0.8,,,,,BEAR_RATIO < NEUTRAL_RATIO < BULL_RATIO 约束违反: 0.45 / 0.7 / 0.7,COMPLETE
1081,-0.4394321238838125,2026-05-12 15:01:01.817650,2026-05-12 15:01:04.622117,0 days 00:00:02.804467,0.45,0.8,2,0.05,0.02,0.6,0.12,4,0.5,20,0.8,,,,,,PRUNED
1082,-0.42630634949312973,2026-05-12 15:01:04.645258,2026-05-12 15:01:10.204390,0 days 00:00:05.559132,0.45,0.7,2,0.05,0.01,0.6,0.12,6,0.5,5,0.8,,,,,,PRUNED
