number,value,datetime_start,datetime_complete,duration,params_BEAR_RATIO,params_BULL_RATIO,params_GRID_MAX_LAYER,params_GRID_STEP_MAX,params_GRID_STEP_MIN,params_GRID_STEP_VOL_FACTOR,params_LAYER_FRACTION,params_MAX_HOLD,params_NEUTRAL_RATIO,params_REBALANCE_FREQ,params_VOL_WEIGHT,user_attrs_avg_test_score,user_attrs_avg_train_score,user_attrs_test_score_std,user_attrs_train_test_gap,user_attrs_validation_error,state
2957,-0.43223096142417294,2026-05-12 16:39:49.495904,2026-05-12 16:39:49.844875,0 days 00:00:00.348971,0.45,0.9,2,0.05,0.02,0.6,0.08,6,0.5,20,0.5,,,,,,PRUNED
2958,-0.5172656144788723,2026-05-12 16:39:49.876408,2026-05-12 16:39:55.686408,0 days 00:00:05.810000,0.35,0.7,3,0.03,0.02,0.45,0.16,6,0.6,20,0.8,,,,,,PRUNED
2959,-9999.0,2026-05-12 16:39:55.708317,2026-05-12 16:39:55.967043,0 days 00:00:00.258726,0.25,0.7,4,0.05,0.01,0.6,0.08,4,0.7,20,0.8,,,,,BEAR_RATIO < NEUTRAL_RATIO < BULL_RATIO 约束违反: 0.25 / 0.7 / 0.7,COMPLETE
2960,-0.5102863019724554,2026-05-12 16:39:55.990375,2026-05-12 16:40:01.087410,0 days 00:00:05.097035,0.35,0.9,3,0.03,0.01,0.3,0.12,5,0.6,10,0.5,,,,,,PRUNED
2961,-0.4757310524677019,2026-05-12 16:40:01.114411,2026-05-12 16:40:01.506349,0 days 00:00:00.391938,0.25,0.7,3,0.05,0.02,0.6,0.08,6,0.5,20,0.8,,,,,,PRUNED
2962,-0.5548671306309124,2026-05-12 16:40:01.528115,2026-05-12 16:40:05.461093,0 days 00:00:03.932978,0.45,0.7,4,0.03,0.02,0.45,0.16,3,0.5,10,0.5,,,,,,PRUNED
2963,-0.5179924623587872,2026-05-12 16:40:05.489817,2026-05-12 16:40:06.040312,0 days 00:00:00.550495,0.45,0.7,2,0.05,0.02,0.6,0.08,6,0.5,20,0.8,-0.39108387647623727,-0.030830266507629607,0.2538171717650998,0.36025360996860767,,COMPLETE
2964,-0.4838461012458908,2026-05-12 16:40:06.063429,2026-05-12 16:40:11.392588,0 days 00:00:05.329159,0.35,0.9,3,0.05,0.02,0.45,0.16,6,0.5,10,0.65,,,,,,PRUNED
2965,-0.4334137214370173,2026-05-12 16:40:11.417804,2026-05-12 16:40:15.507849,0 days 00:00:04.090045,0.45,0.7,2,0.05,0.02,0.45,0.08,4,0.6,20,0.8,,,,,,PRUNED
2966,-0.49394454101298474,2026-05-12 16:40:15.535124,2026-05-12 16:40:20.558370,0 days 00:00:05.023246,0.25,0.7,2,0.05,0.02,0.3,0.16,5,0.5,10,0.8,,,,,,PRUNED
2967,-0.4502498905646754,2026-05-12 16:40:20.585372,2026-05-12 16:40:22.889010,0 days 00:00:02.303638,0.45,0.8,3,0.03,0.01,0.45,0.08,4,0.5,20,0.65,,,,,,PRUNED
2968,-0.45978340628597386,2026-05-12 16:40:22.915252,2026-05-12 16:40:28.215784,0 days 00:00:05.300532,0.45,0.9,2,0.05,0.02,0.6,0.12,6,0.6,10,0.8,,,,,,PRUNED
2969,-0.49929408749030796,2026-05-12 16:40:28.241750,2026-05-12 16:40:32.490525,0 days 00:00:04.248775,0.25,0.7,2,0.03,0.02,0.3,0.12,4,0.6,20,0.5,,,,,,PRUNED
2970,-0.4092137988646166,2026-05-12 16:40:32.516846,2026-05-12 16:40:32.893932,0 days 00:00:00.377086,0.45,0.7,2,0.05,0.02,0.6,0.08,6,0.5,10,0.8,,,,,,PRUNED
2971,-0.47441457244516044,2026-05-12 16:40:32.923348,2026-05-12 16:40:33.342097,0 days 00:00:00.418749,0.25,0.7,2,0.05,0.02,0.6,0.08,6,0.5,20,0.5,,,,,,PRUNED
2972,-0.49370989018570866,2026-05-12 16:40:33.369532,2026-05-12 16:40:39.224562,0 days 00:00:05.855030,0.45,0.7,4,0.03,0.02,0.3,0.16,5,0.6,5,0.5,,,,,,PRUNED
2973,-0.4081111993881487,2026-05-12 16:40:39.252350,2026-05-12 16:40:39.614353,0 days 00:00:00.362003,0.45,0.7,3,0.05,0.02,0.45,0.08,6,0.5,20,0.8,,,,,,PRUNED
2974,-9999.0,2026-05-12 16:40:39.652675,2026-05-12 16:40:39.935382,0 days 00:00:00.282707,0.25,0.7,4,0.03,0.02,0.6,0.16,5,0.7,5,0.8,,,,,BEAR_RATIO < NEUTRAL_RATIO < BULL_RATIO 约束违反: 0.25 / 0.7 / 0.7,COMPLETE
2975,-0.5179924623587872,2026-05-12 16:40:39.959979,2026-05-12 16:40:40.504875,0 days 00:00:00.544896,0.45,0.7,2,0.05,0.02,0.6,0.08,6,0.5,20,0.8,-0.39108387647623727,-0.030830266507629607,0.2538171717650998,0.36025360996860767,,COMPLETE
2976,-0.5193335531020874,2026-05-12 16:40:40.530359,2026-05-12 16:40:46.698737,0 days 00:00:06.168378,0.35,0.7,2,0.03,0.01,0.3,0.16,6,0.6,10,0.5,,,,,,PRUNED
2977,-0.4413208778376437,2026-05-12 16:40:46.724725,2026-05-12 16:40:47.064203,0 days 00:00:00.339478,0.45,0.7,2,0.03,0.02,0.6,0.08,4,0.5,20,0.8,,,,,,PRUNED
2978,-0.5540795238983056,2026-05-12 16:40:47.090659,2026-05-12 16:40:51.252642,0 days 00:00:04.161983,0.25,0.7,3,0.03,0.02,0.6,0.12,6,0.6,5,0.65,,,,,,PRUNED
2979,-0.5179924623587872,2026-05-12 16:40:51.279395,2026-05-12 16:40:51.828599,0 days 00:00:00.549204,0.45,0.7,2,0.05,0.02,0.6,0.08,6,0.5,20,0.8,-0.39108387647623727,-0.030830266507629607,0.2538171717650998,0.36025360996860767,,COMPLETE
2980,-0.5693033863492476,2026-05-12 16:40:51.853586,2026-05-12 16:40:56.917805,0 days 00:00:05.064219,0.35,0.9,2,0.03,0.02,0.45,0.16,4,0.6,5,0.5,,,,,,PRUNED
2981,-0.49370989018570866,2026-05-12 16:40:56.946385,2026-05-12 16:41:02.663378,0 days 00:00:05.716993,0.45,0.7,4,0.03,0.02,0.45,0.16,5,0.6,5,0.8,,,,,,PRUNED
2982,-0.5179924623587872,2026-05-12 16:41:02.690327,2026-05-12 16:41:03.241319,0 days 00:00:00.550992,0.45,0.7,2,0.05,0.01,0.6,0.08,6,0.5,20,0.8,-0.39108387647623727,-0.030830266507629607,0.2538171717650998,0.36025360996860767,,COMPLETE
2983,-0.49478312617785675,2026-05-12 16:41:03.265474,2026-05-12 16:41:08.713317,0 days 00:00:05.447843,0.35,0.7,3,0.03,0.01,0.45,0.12,6,0.6,10,0.5,,,,,,PRUNED
2984,-0.4974559405265724,2026-05-12 16:41:08.738125,2026-05-12 16:41:13.275811,0 days 00:00:04.537686,0.45,0.9,4,0.05,0.02,0.45,0.16,3,0.7,5,0.65,,,,,,PRUNED
2985,-0.41425741193738236,2026-05-12 16:41:13.300570,2026-05-12 16:41:13.646868,0 days 00:00:00.346298,0.45,0.7,2,0.05,0.02,0.6,0.08,6,0.5,5,0.8,,,,,,PRUNED
2986,-0.45393386401858815,2026-05-12 16:41:13.673827,2026-05-12 16:41:18.657957,0 days 00:00:04.984130,0.45,0.8,4,0.05,0.02,0.6,0.08,6,0.7,20,0.8,,,,,,PRUNED
2987,-0.4296411080598753,2026-05-12 16:41:18.679981,2026-05-12 16:41:18.976820,0 days 00:00:00.296839,0.45,0.7,2,0.05,0.02,0.6,0.16,6,0.5,20,0.8,,,,,,PRUNED
2988,-0.49404500761979964,2026-05-12 16:41:18.999400,2026-05-12 16:41:22.931956,0 days 00:00:03.932556,0.35,0.9,3,0.05,0.02,0.6,0.08,5,0.6,5,0.8,,,,,,PRUNED
2989,-0.4940056048882193,2026-05-12 16:41:22.959987,2026-05-12 16:41:28.880773,0 days 00:00:05.920786,0.45,0.9,3,0.05,0.02,0.3,0.12,6,0.7,5,0.8,,,,,,PRUNED
2990,-0.4550391111596561,2026-05-12 16:41:28.908499,2026-05-12 16:41:34.318908,0 days 00:00:05.410409,0.45,0.9,2,0.05,0.02,0.6,0.16,6,0.5,10,0.8,,,,,,PRUNED
2991,-0.4969928786288633,2026-05-12 16:41:34.343941,2026-05-12 16:41:39.463626,0 days 00:00:05.119685,0.45,0.9,4,0.03,0.01,0.3,0.12,6,0.6,20,0.8,,,,,,PRUNED
2992,-0.4100386278766106,2026-05-12 16:41:39.491217,2026-05-12 16:41:39.888394,0 days 00:00:00.397177,0.45,0.7,2,0.05,0.02,0.3,0.08,6,0.5,20,0.8,,,,,,PRUNED
2993,-0.4380278491131796,2026-05-12 16:41:39.917112,2026-05-12 16:41:45.533334,0 days 00:00:05.616222,0.45,0.8,3,0.05,0.02,0.6,0.08,5,0.5,20,0.8,,,,,,PRUNED
2994,-0.5179924623587872,2026-05-12 16:41:45.558818,2026-05-12 16:41:46.205332,0 days 00:00:00.646514,0.45,0.7,2,0.05,0.02,0.6,0.08,6,0.5,20,0.8,-0.39108387647623727,-0.030830266507629607,0.2538171717650998,0.36025360996860767,,COMPLETE
2995,-0.5179924623587872,2026-05-12 16:41:46.228742,2026-05-12 16:41:46.772088,0 days 00:00:00.543346,0.45,0.7,2,0.05,0.02,0.6,0.08,6,0.5,20,0.8,-0.39108387647623727,-0.030830266507629607,0.2538171717650998,0.36025360996860767,,COMPLETE
2996,-9999.0,2026-05-12 16:41:46.798057,2026-05-12 16:41:47.078785,0 days 00:00:00.280728,0.45,0.7,3,0.03,0.02,0.45,0.16,5,0.7,5,0.5,,,,,BEAR_RATIO < NEUTRAL_RATIO < BULL_RATIO 约束违反: 0.45 / 0.7 / 0.7,COMPLETE
2997,-0.5179924623587872,2026-05-12 16:41:47.105086,2026-05-12 16:41:47.687380,0 days 00:00:00.582294,0.45,0.7,2,0.05,0.02,0.6,0.08,6,0.5,20,0.8,-0.39108387647623727,-0.030830266507629607,0.2538171717650998,0.36025360996860767,,COMPLETE
2998,-0.4327177294022265,2026-05-12 16:41:47.715411,2026-05-12 16:41:48.079150,0 days 00:00:00.363739,0.35,0.7,2,0.05,0.02,0.45,0.08,6,0.5,20,0.8,,,,,,PRUNED
2999,-0.5179924623587872,2026-05-12 16:41:48.120777,2026-05-12 16:41:48.652964,0 days 00:00:00.532187,0.45,0.7,2,0.05,0.02,0.6,0.08,6,0.5,20,0.8,-0.39108387647623727,-0.030830266507629607,0.2538171717650998,0.36025360996860767,,COMPLETE
3000,-0.4701288390695742,2026-05-12 16:41:48.677801,2026-05-12 16:41:52.799601,0 days 00:00:04.121800,0.25,0.7,2,0.05,0.01,0.45,0.16,4,0.5,20,0.8,,,,,,PRUNED
3001,-0.4469510205952677,2026-05-12 16:41:52.829675,2026-05-12 16:41:55.811409,0 days 00:00:02.981734,0.45,0.9,2,0.05,0.01,0.6,0.08,5,0.5,20,0.8,,,,,,PRUNED
3002,-0.4827392214609045,2026-05-12 16:41:55.834890,2026-05-12 16:42:00.305783,0 days 00:00:04.470893,0.35,0.9,4,0.05,0.02,0.45,0.12,3,0.5,5,0.65,,,,,,PRUNED
3003,-0.6347905751281249,2026-05-12 16:42:00.330832,2026-05-12 16:42:03.960431,0 days 00:00:03.629599,0.25,0.8,3,0.03,0.02,0.3,0.16,3,0.5,20,0.5,,,,,,PRUNED
3004,-0.4501011440595103,2026-05-12 16:42:03.986615,2026-05-12 16:42:08.199245,0 days 00:00:04.212630,0.35,0.7,2,0.05,0.01,0.6,0.16,4,0.5,20,0.8,,,,,,PRUNED
3005,-0.5217822581962357,2026-05-12 16:42:08.225444,2026-05-12 16:42:13.348802,0 days 00:00:05.123358,0.25,0.8,2,0.05,0.02,0.6,0.16,5,0.7,10,0.8,,,,,,PRUNED
3006,-0.5553580368899039,2026-05-12 16:42:13.373965,2026-05-12 16:42:17.226126,0 days 00:00:03.852161,0.25,0.8,3,0.05,0.02,0.45,0.12,3,0.5,10,0.5,,,,,,PRUNED
3007,-9999.0,2026-05-12 16:42:17.252865,2026-05-12 16:42:17.580216,0 days 00:00:00.327351,0.45,0.7,2,0.05,0.02,0.6,0.12,6,0.7,20,0.5,,,,,BEAR_RATIO < NEUTRAL_RATIO < BULL_RATIO 约束违反: 0.45 / 0.7 / 0.7,COMPLETE
3008,-0.42056632138184724,2026-05-12 16:42:17.605271,2026-05-12 16:42:22.640444,0 days 00:00:05.035173,0.45,0.8,2,0.05,0.01,0.6,0.08,6,0.5,20,0.5,,,,,,PRUNED
3009,-0.587523636114593,2026-05-12 16:42:22.678444,2026-05-12 16:42:27.083326,0 days 00:00:04.404882,0.25,0.9,4,0.03,0.02,0.3,0.16,3,0.7,5,0.5,,,,,,PRUNED
3010,-0.43223096142417294,2026-05-12 16:42:27.108316,2026-05-12 16:42:27.467110,0 days 00:00:00.358794,0.45,0.9,2,0.05,0.02,0.6,0.08,6,0.5,20,0.8,,,,,,PRUNED
3011,-0.41610686693884014,2026-05-12 16:42:27.495269,2026-05-12 16:42:27.869599,0 days 00:00:00.374330,0.45,0.7,3,0.05,0.02,0.6,0.08,6,0.5,5,0.8,,,,,,PRUNED
3012,-0.48262056600259207,2026-05-12 16:42:27.894049,2026-05-12 16:42:32.575271,0 days 00:00:04.681222,0.35,0.7,2,0.03,0.02,0.6,0.08,5,0.6,20,0.8,,,,,,PRUNED
3013,-0.4596925356920062,2026-05-12 16:42:32.601170,2026-05-12 16:42:37.465522,0 days 00:00:04.864352,0.35,0.8,2,0.05,0.02,0.6,0.12,6,0.5,20,0.8,,,,,,PRUNED
3014,-0.49460208802528405,2026-05-12 16:42:37.494285,2026-05-12 16:42:43.011391,0 days 00:00:05.517106,0.45,0.8,2,0.05,0.02,0.45,0.08,4,0.6,5,0.65,,,,,,PRUNED
3015,-0.42056632138184724,2026-05-12 16:42:43.033953,2026-05-12 16:42:43.409649,0 days 00:00:00.375696,0.45,0.8,2,0.05,0.02,0.6,0.08,6,0.5,20,0.8,,,,,,PRUNED
3016,-0.5228458448722131,2026-05-12 16:42:43.432293,2026-05-12 16:42:47.861687,0 days 00:00:04.429394,0.45,0.9,3,0.03,0.01,0.6,0.08,4,0.6,5,0.8,,,,,,PRUNED
3017,-0.4318124553734489,2026-05-12 16:42:47.885166,2026-05-12 16:42:48.176708,0 days 00:00:00.291542,0.45,0.7,2,0.03,0.02,0.6,0.08,6,0.5,20,0.8,,,,,,PRUNED
3018,-0.48943161054083756,2026-05-12 16:42:48.199593,2026-05-12 16:42:53.197976,0 days 00:00:04.998383,0.45,0.8,4,0.03,0.02,0.3,0.08,5,0.7,5,0.8,,,,,,PRUNED
3019,-0.4391084148350259,2026-05-12 16:42:53.221103,2026-05-12 16:42:57.105617,0 days 00:00:03.884514,0.45,0.7,2,0.05,0.02,0.3,0.16,4,0.5,20,0.8,,,,,,PRUNED
3020,-0.43659725650722003,2026-05-12 16:42:57.131044,2026-05-12 16:43:02.005516,0 days 00:00:04.874472,0.45,0.8,4,0.05,0.01,0.45,0.12,5,0.5,10,0.5,,,,,,PRUNED
3021,-0.4287355409983588,2026-05-12 16:43:02.027736,2026-05-12 16:43:02.357203,0 days 00:00:00.329467,0.45,0.8,2,0.05,0.02,0.6,0.08,6,0.5,5,0.8,,,,,,PRUNED
3022,-0.45828045941973783,2026-05-12 16:43:02.384145,2026-05-12 16:43:02.721265,0 days 00:00:00.337120,0.35,0.7,2,0.05,0.02,0.6,0.16,6,0.5,20,0.8,,,,,,PRUNED
3023,-0.42566053181256513,2026-05-12 16:43:02.747605,2026-05-12 16:43:07.191704,0 days 00:00:04.444099,0.45,0.7,3,0.05,0.01,0.6,0.08,5,0.5,20,0.8,,,,,,PRUNED
3024,-0.4858199369567158,2026-05-12 16:43:07.229632,2026-05-12 16:43:10.607227,0 days 00:00:03.377595,0.35,0.9,3,0.05,0.01,0.45,0.08,5,0.6,20,0.65,,,,,,PRUNED
3025,-9999.0,2026-05-12 16:43:10.633911,2026-05-12 16:43:10.915256,0 days 00:00:00.281345,0.45,0.7,2,0.05,0.02,0.6,0.16,6,0.7,5,0.8,,,,,BEAR_RATIO < NEUTRAL_RATIO < BULL_RATIO 约束违反: 0.45 / 0.7 / 0.7,COMPLETE
3026,-0.5124541449286937,2026-05-12 16:43:10.943865,2026-05-12 16:43:15.768556,0 days 00:00:04.824691,0.35,0.9,3,0.03,0.01,0.3,0.16,5,0.5,10,0.65,,,,,,PRUNED
3027,-0.5573515090661835,2026-05-12 16:43:15.793710,2026-05-12 16:43:19.417001,0 days 00:00:03.623291,0.45,0.9,4,0.03,0.01,0.6,0.12,3,0.5,10,0.65,,,,,,PRUNED
3028,-0.5341842008166515,2026-05-12 16:43:19.440428,2026-05-12 16:43:24.335650,0 days 00:00:04.895222,0.45,0.9,3,0.05,0.01,0.6,0.16,4,0.7,5,0.65,,,,,,PRUNED
3029,-0.5260678246310503,2026-05-12 16:43:24.360304,2026-05-12 16:43:29.241248,0 days 00:00:04.880944,0.25,0.9,4,0.05,0.02,0.3,0.12,5,0.7,10,0.5,,,,,,PRUNED
3030,-0.5597857055952619,2026-05-12 16:43:29.265938,2026-05-12 16:43:33.967789,0 days 00:00:04.701851,0.25,0.9,4,0.03,0.01,0.45,0.12,5,0.7,20,0.65,,,,,,PRUNED
3031,-0.4652617316098868,2026-05-12 16:43:33.994572,2026-05-12 16:43:40.871866,0 days 00:00:06.877294,0.35,0.7,4,0.05,0.02,0.6,0.12,6,0.5,5,0.8,,,,,,PRUNED
3032,-0.515304579435099,2026-05-12 16:43:40.897732,2026-05-12 16:43:45.312388,0 days 00:00:04.414656,0.25,0.8,2,0.05,0.02,0.3,0.16,5,0.6,10,0.5,,,,,,PRUNED
3033,-0.5584928335070549,2026-05-12 16:43:45.338558,2026-05-12 16:43:49.243563,0 days 00:00:03.905005,0.45,0.9,3,0.05,0.02,0.6,0.08,3,0.7,10,0.8,,,,,,PRUNED
3034,-0.44353232746255195,2026-05-12 16:43:49.271379,2026-05-12 16:43:53.937568,0 days 00:00:04.666189,0.45,0.8,2,0.05,0.02,0.45,0.12,4,0.5,10,0.8,,,,,,PRUNED
3035,-0.48895462515091337,2026-05-12 16:43:53.963075,2026-05-12 16:43:58.070008,0 days 00:00:04.106933,0.45,0.7,3,0.03,0.01,0.45,0.16,4,0.6,20,0.5,,,,,,PRUNED
3036,-0.42743124794033643,2026-05-12 16:43:58.094424,2026-05-12 16:43:58.428563,0 days 00:00:00.334139,0.45,0.7,4,0.05,0.02,0.6,0.08,6,0.6,20,0.8,,,,,,PRUNED
3037,-0.41425741193738236,2026-05-12 16:43:58.455565,2026-05-12 16:44:04.299376,0 days 00:00:05.843811,0.45,0.7,2,0.05,0.01,0.6,0.08,6,0.5,5,0.5,,,,,,PRUNED
3038,-0.43333909441165963,2026-05-12 16:44:04.325250,2026-05-12 16:44:04.661810,0 days 00:00:00.336560,0.35,0.7,2,0.05,0.02,0.6,0.08,6,0.5,20,0.8,,,,,,PRUNED
3039,-0.45435792872477426,2026-05-12 16:44:04.703550,2026-05-12 16:44:08.964269,0 days 00:00:04.260719,0.35,0.7,2,0.05,0.02,0.3,0.16,4,0.5,10,0.5,,,,,,PRUNED
3040,-0.41789523230149306,2026-05-12 16:44:08.988454,2026-05-12 16:44:09.341322,0 days 00:00:00.352868,0.45,0.7,2,0.05,0.02,0.45,0.12,6,0.5,20,0.8,,,,,,PRUNED
3041,-0.42224768267245916,2026-05-12 16:44:09.366258,2026-05-12 16:44:09.714884,0 days 00:00:00.348626,0.45,0.8,2,0.05,0.02,0.3,0.08,6,0.5,20,0.8,,,,,,PRUNED
3042,-0.5179924623587872,2026-05-12 16:44:09.738532,2026-05-12 16:44:10.235468,0 days 00:00:00.496936,0.45,0.7,2,0.05,0.02,0.6,0.08,6,0.5,20,0.8,-0.39108387647623727,-0.030830266507629607,0.2538171717650998,0.36025360996860767,,COMPLETE
3043,-0.4569106817784575,2026-05-12 16:44:10.278015,2026-05-12 16:44:13.826585,0 days 00:00:03.548570,0.45,0.8,4,0.05,0.01,0.3,0.12,6,0.6,20,0.8,,,,,,PRUNED
3044,-0.4953441335122226,2026-05-12 16:44:13.853581,2026-05-12 16:44:19.622876,0 days 00:00:05.769295,0.35,0.9,4,0.05,0.01,0.3,0.12,6,0.5,5,0.8,,,,,,PRUNED
3045,-9999.0,2026-05-12 16:44:19.647450,2026-05-12 16:44:19.947403,0 days 00:00:00.299953,0.45,0.7,3,0.03,0.01,0.3,0.12,6,0.7,10,0.8,,,,,BEAR_RATIO < NEUTRAL_RATIO < BULL_RATIO 约束违反: 0.45 / 0.7 / 0.7,COMPLETE
3046,-0.4899897123087601,2026-05-12 16:44:19.973319,2026-05-12 16:44:24.916041,0 days 00:00:04.942722,0.25,0.7,2,0.03,0.01,0.45,0.08,5,0.5,10,0.8,,,,,,PRUNED
3047,-0.474094470765868,2026-05-12 16:44:24.962052,2026-05-12 16:44:30.893203,0 days 00:00:05.931151,0.45,0.7,3,0.03,0.01,0.6,0.12,5,0.6,5,0.65,,,,,,PRUNED
3048,-9999.0,2026-05-12 16:44:30.920309,2026-05-12 16:44:31.244637,0 days 00:00:00.324328,0.45,0.7,2,0.05,0.02,0.6,0.08,6,0.7,20,0.8,,,,,BEAR_RATIO < NEUTRAL_RATIO < BULL_RATIO 约束违反: 0.45 / 0.7 / 0.7,COMPLETE
3049,-0.5210536929614288,2026-05-12 16:44:31.271639,2026-05-12 16:44:37.811849,0 days 00:00:06.540210,0.25,0.9,2,0.05,0.01,0.6,0.08,6,0.5,5,0.5,,,,,,PRUNED
3050,-0.5179924623587872,2026-05-12 16:44:37.836964,2026-05-12 16:44:38.422883,0 days 00:00:00.585919,0.45,0.7,2,0.05,0.02,0.6,0.08,6,0.5,20,0.8,-0.39108387647623727,-0.030830266507629607,0.2538171717650998,0.36025360996860767,,COMPLETE
3051,-9999.0,2026-05-12 16:44:38.449506,2026-05-12 16:44:38.776895,0 days 00:00:00.327389,0.45,0.7,4,0.05,0.02,0.6,0.16,6,0.7,20,0.8,,,,,BEAR_RATIO < NEUTRAL_RATIO < BULL_RATIO 约束违反: 0.45 / 0.7 / 0.7,COMPLETE
3052,-0.49044942223024857,2026-05-12 16:44:38.815289,2026-05-12 16:44:42.850623,0 days 00:00:04.035334,0.25,0.8,3,0.03,0.01,0.3,0.08,4,0.6,20,0.5,,,,,,PRUNED
3053,-0.5179924623587872,2026-05-12 16:44:42.875986,2026-05-12 16:44:43.401454,0 days 00:00:00.525468,0.45,0.7,2,0.05,0.02,0.6,0.08,6,0.5,20,0.8,-0.39108387647623727,-0.030830266507629607,0.2538171717650998,0.36025360996860767,,COMPLETE
3054,-0.5800800945924067,2026-05-12 16:44:43.427779,2026-05-12 16:44:45.826920,0 days 00:00:02.399141,0.45,0.7,2,0.05,0.01,0.6,0.16,3,0.5,20,0.8,,,,,,PRUNED
3055,-0.5182406672588966,2026-05-12 16:44:45.853310,2026-05-12 16:44:46.391037,0 days 00:00:00.537727,0.45,0.7,2,0.05,0.02,0.45,0.08,6,0.5,20,0.8,-0.3910743597599139,-0.030648087966744914,0.25433261499796533,0.360426271793169,,COMPLETE
3056,-0.48958592241114807,2026-05-12 16:44:46.414891,2026-05-12 16:44:52.352382,0 days 00:00:05.937491,0.35,0.8,2,0.05,0.02,0.45,0.12,6,0.6,5,0.5,,,,,,PRUNED
3057,-0.45079793612512237,2026-05-12 16:44:52.379350,2026-05-12 16:44:56.907738,0 days 00:00:04.528388,0.45,0.8,4,0.03,0.02,0.3,0.08,3,0.5,5,0.8,,,,,,PRUNED
3058,-0.5180570112709545,2026-05-12 16:44:56.932048,2026-05-12 16:45:03.044876,0 days 00:00:06.112828,0.35,0.9,4,0.05,0.01,0.45,0.16,6,0.6,5,0.8,,,,,,PRUNED
3059,-0.43081053862428115,2026-05-12 16:45:03.081933,2026-05-12 16:45:07.141703,0 days 00:00:04.059770,0.45,0.8,2,0.05,0.02,0.45,0.08,4,0.5,20,0.8,,,,,,PRUNED
3060,-9999.0,2026-05-12 16:45:07.168104,2026-05-12 16:45:07.564500,0 days 00:00:00.396396,0.35,0.7,3,0.05,0.02,0.45,0.12,4,0.7,5,0.65,,,,,BEAR_RATIO < NEUTRAL_RATIO < BULL_RATIO 约束违反: 0.35 / 0.7 / 0.7,COMPLETE
3061,-0.5715107846558711,2026-05-12 16:45:07.592308,2026-05-12 16:45:07.935168,0 days 00:00:00.342860,0.45,0.7,2,0.05,0.02,0.6,0.08,3,0.5,20,0.8,,,,,,PRUNED
3062,-0.4319439890559278,2026-05-12 16:45:07.960493,2026-05-12 16:45:12.860569,0 days 00:00:04.900076,0.45,0.8,2,0.05,0.01,0.6,0.12,6,0.5,20,0.8,,,,,,PRUNED
3063,-0.49949143552587416,2026-05-12 16:45:12.886419,2026-05-12 16:45:16.188609,0 days 00:00:03.302190,0.35,0.8,4,0.05,0.02,0.45,0.12,5,0.7,20,0.8,,,,,,PRUNED
3064,-0.48901996926713137,2026-05-12 16:45:16.230367,2026-05-12 16:45:21.135049,0 days 00:00:04.904682,0.45,0.8,2,0.03,0.01,0.6,0.16,6,0.5,20,0.5,,,,,,PRUNED
3065,-0.49596310394827103,2026-05-12 16:45:21.160924,2026-05-12 16:45:26.716622,0 days 00:00:05.555698,0.45,0.7,2,0.03,0.02,0.3,0.16,6,0.6,10,0.8,,,,,,PRUNED
3066,-0.49751838712374874,2026-05-12 16:45:26.744267,2026-05-12 16:45:31.407852,0 days 00:00:04.663585,0.45,0.9,3,0.03,0.02,0.45,0.16,3,0.6,5,0.5,,,,,,PRUNED
3067,-0.412297606432114,2026-05-12 16:45:31.433350,2026-05-12 16:45:37.631594,0 days 00:00:06.198244,0.45,0.7,3,0.05,0.02,0.3,0.08,6,0.5,10,0.8,,,,,,PRUNED
3068,-0.6302876442409038,2026-05-12 16:45:37.655381,2026-05-12 16:45:41.134228,0 days 00:00:03.478847,0.45,0.8,2,0.03,0.02,0.6,0.16,3,0.6,20,0.8,,,,,,PRUNED
3069,-0.5715107846558711,2026-05-12 16:45:41.162328,2026-05-12 16:45:44.597952,0 days 00:00:03.435624,0.45,0.7,2,0.05,0.01,0.45,0.08,3,0.5,20,0.8,,,,,,PRUNED
3070,-0.4980454706665683,2026-05-12 16:45:44.622303,2026-05-12 16:45:49.577804,0 days 00:00:04.955501,0.25,0.9,3,0.05,0.02,0.6,0.08,5,0.5,10,0.5,,,,,,PRUNED
3071,-0.45631050409358775,2026-05-12 16:45:49.603842,2026-05-12 16:45:53.700070,0 days 00:00:04.096228,0.35,0.7,4,0.03,0.02,0.45,0.08,4,0.5,20,0.8,,,,,,PRUNED
3072,-0.47533685908003526,2026-05-12 16:45:53.724817,2026-05-12 16:45:58.384107,0 days 00:00:04.659290,0.45,0.8,2,0.05,0.02,0.45,0.12,5,0.7,20,0.5,,,,,,PRUNED
3073,-0.43539398241717564,2026-05-12 16:45:58.409707,2026-05-12 16:45:58.789637,0 days 00:00:00.379930,0.45,0.8,2,0.05,0.02,0.6,0.08,6,0.6,20,0.8,,,,,,PRUNED
3074,-0.5428891598474377,2026-05-12 16:45:58.815787,2026-05-12 16:46:01.746936,0 days 00:00:02.931149,0.35,0.8,3,0.05,0.01,0.45,0.16,4,0.7,5,0.5,,,,,,PRUNED
3075,-0.4194511448045569,2026-05-12 16:46:01.773056,2026-05-12 16:46:02.113491,0 days 00:00:00.340435,0.45,0.7,2,0.05,0.02,0.6,0.12,6,0.5,20,0.8,,,,,,PRUNED
3076,-0.4507958114649815,2026-05-12 16:46:02.139524,2026-05-12 16:46:02.499778,0 days 00:00:00.360254,0.45,0.8,2,0.05,0.02,0.6,0.08,6,0.7,20,0.8,,,,,,PRUNED
3077,-0.49385874671956154,2026-05-12 16:46:02.525013,2026-05-12 16:46:02.863128,0 days 00:00:00.338115,0.25,0.7,2,0.05,0.02,0.6,0.08,6,0.5,5,0.8,,,,,,PRUNED
3078,-0.5179924623587872,2026-05-12 16:46:02.887473,2026-05-12 16:46:03.415844,0 days 00:00:00.528371,0.45,0.7,2,0.05,0.02,0.6,0.08,6,0.5,20,0.8,-0.39108387647623727,-0.030830266507629607,0.2538171717650998,0.36025360996860767,,COMPLETE
3079,-0.45206469876378197,2026-05-12 16:46:03.439391,2026-05-12 16:46:09.230157,0 days 00:00:05.790766,0.45,0.8,3,0.05,0.01,0.3,0.08,6,0.6,5,0.5,,,,,,PRUNED
3080,-0.4092788272711371,2026-05-12 16:46:09.256216,2026-05-12 16:46:09.621088,0 days 00:00:00.364872,0.45,0.7,3,0.05,0.01,0.6,0.08,6,0.5,20,0.8,,,,,,PRUNED
3081,-0.4543032441269319,2026-05-12 16:46:09.648230,2026-05-12 16:46:14.240986,0 days 00:00:04.592756,0.45,0.7,2,0.05,0.01,0.3,0.16,4,0.6,10,0.65,,,,,,PRUNED
3082,-0.5119411255673495,2026-05-12 16:46:14.270737,2026-05-12 16:46:18.038876,0 days 00:00:03.768139,0.45,0.7,2,0.05,0.02,0.6,0.08,3,0.5,10,0.65,,,,,,PRUNED
3083,-0.44786475625500555,2026-05-12 16:46:18.064352,2026-05-12 16:46:23.174593,0 days 00:00:05.110241,0.45,0.7,2,0.03,0.01,0.6,0.08,6,0.6,20,0.8,,,,,,PRUNED
