number,value,datetime_start,datetime_complete,duration,params_BEAR_RATIO,params_BULL_RATIO,params_GRID_MAX_LAYER,params_GRID_STEP_MAX,params_GRID_STEP_MIN,params_GRID_STEP_VOL_FACTOR,params_LAYER_FRACTION,params_MAX_HOLD,params_NEUTRAL_RATIO,params_REBALANCE_FREQ,params_VOL_WEIGHT,user_attrs_avg_test_score,user_attrs_avg_train_score,user_attrs_test_score_std,user_attrs_train_test_gap,user_attrs_validation_error,state
215,-0.5179924623587872,2026-05-12 14:12:44.321974,2026-05-12 14:12:44.815852,0 days 00:00:00.493878,0.45,0.7,2,0.05,0.02,0.6,0.08,6,0.5,20,0.8,-0.39108387647623727,-0.030830266507629607,0.2538171717650998,0.36025360996860767,,COMPLETE
216,-0.5179924623587872,2026-05-12 14:12:44.838570,2026-05-12 14:12:45.307754,0 days 00:00:00.469184,0.45,0.7,2,0.05,0.02,0.6,0.08,6,0.5,20,0.8,-0.39108387647623727,-0.030830266507629607,0.2538171717650998,0.36025360996860767,,COMPLETE
217,-0.5715107846558711,2026-05-12 14:12:45.329863,2026-05-12 14:12:48.124315,0 days 00:00:02.794452,0.45,0.7,2,0.05,0.02,0.6,0.08,3,0.5,20,0.5,,,,,,PRUNED
218,-0.4153515435978797,2026-05-12 14:12:48.149410,2026-05-12 14:12:53.385457,0 days 00:00:05.236047,0.45,0.7,2,0.05,0.02,0.6,0.08,5,0.5,5,0.8,,,,,,PRUNED
219,-0.4296411080598753,2026-05-12 14:12:53.407631,2026-05-12 14:12:58.251009,0 days 00:00:04.843378,0.45,0.7,2,0.05,0.02,0.6,0.16,6,0.5,20,0.8,,,,,,PRUNED
220,-0.5179924623587872,2026-05-12 14:12:58.277252,2026-05-12 14:13:07.247870,0 days 00:00:08.970618,0.45,0.7,2,0.05,0.01,0.6,0.08,6,0.5,20,0.8,-0.39108387647623727,-0.030830266507629607,0.2538171717650998,0.36025360996860767,,COMPLETE
221,-0.5179924623587872,2026-05-12 14:13:07.293262,2026-05-12 14:13:07.806720,0 days 00:00:00.513458,0.45,0.7,2,0.05,0.02,0.6,0.08,6,0.5,20,0.8,-0.39108387647623727,-0.030830266507629607,0.2538171717650998,0.36025360996860767,,COMPLETE
222,-0.41425741193738236,2026-05-12 14:13:07.831295,2026-05-12 14:13:13.649459,0 days 00:00:05.818164,0.45,0.7,2,0.05,0.02,0.6,0.08,6,0.5,5,0.8,,,,,,PRUNED
223,-0.43333909441165963,2026-05-12 14:13:13.672161,2026-05-12 14:13:17.098144,0 days 00:00:03.425983,0.35,0.7,2,0.05,0.02,0.6,0.08,6,0.5,20,0.8,,,,,,PRUNED
224,-0.42056632138184724,2026-05-12 14:13:17.120554,2026-05-12 14:13:21.922260,0 days 00:00:04.801706,0.45,0.8,2,0.05,0.02,0.6,0.08,6,0.5,20,0.8,,,,,,PRUNED
225,-0.4100386278766106,2026-05-12 14:13:21.942400,2026-05-12 14:13:26.827257,0 days 00:00:04.884857,0.45,0.7,2,0.05,0.02,0.3,0.08,6,0.5,20,0.8,,,,,,PRUNED
226,-0.4453372005663059,2026-05-12 14:13:26.849447,2026-05-12 14:13:31.510289,0 days 00:00:04.660842,0.45,0.7,2,0.03,0.02,0.6,0.08,5,0.5,20,0.8,,,,,,PRUNED
227,-0.5715107846558711,2026-05-12 14:13:31.536026,2026-05-12 14:13:35.031693,0 days 00:00:03.495667,0.45,0.7,2,0.05,0.02,0.6,0.08,3,0.5,20,0.8,,,,,,PRUNED
228,-0.4318124553734489,2026-05-12 14:13:35.057840,2026-05-12 14:13:40.611417,0 days 00:00:05.553577,0.45,0.7,2,0.03,0.02,0.6,0.08,6,0.5,20,0.8,,,,,,PRUNED
229,-0.4194511448045569,2026-05-12 14:13:40.635714,2026-05-12 14:13:45.419498,0 days 00:00:04.783784,0.45,0.7,2,0.05,0.02,0.6,0.12,6,0.5,20,0.8,,,,,,PRUNED
230,-9999.0,2026-05-12 14:13:45.441992,2026-05-12 14:13:45.686671,0 days 00:00:00.244679,0.45,0.7,2,0.05,0.02,0.6,0.08,6,0.7,20,0.8,,,,,BEAR_RATIO < NEUTRAL_RATIO < BULL_RATIO 约束违反: 0.45 / 0.7 / 0.7,COMPLETE
231,-0.5179924623587872,2026-05-12 14:13:45.708331,2026-05-12 14:13:46.208709,0 days 00:00:00.500378,0.45,0.7,2,0.05,0.02,0.6,0.08,6,0.5,20,0.8,-0.39108387647623727,-0.030830266507629607,0.2538171717650998,0.36025360996860767,,COMPLETE
232,-0.5179924623587872,2026-05-12 14:13:46.232018,2026-05-12 14:13:46.759619,0 days 00:00:00.527601,0.45,0.7,2,0.05,0.01,0.6,0.08,6,0.5,20,0.8,-0.39108387647623727,-0.030830266507629607,0.2538171717650998,0.36025360996860767,,COMPLETE
233,-0.5179924623587872,2026-05-12 14:13:46.783922,2026-05-12 14:13:54.307909,0 days 00:00:07.523987,0.45,0.7,2,0.05,0.02,0.6,0.08,6,0.5,20,0.5,-0.39108387647623727,-0.030830266507629607,0.2538171717650998,0.36025360996860767,,COMPLETE
234,-0.5182406672588966,2026-05-12 14:13:54.329965,2026-05-12 14:14:02.960898,0 days 00:00:08.630933,0.45,0.7,2,0.05,0.02,0.45,0.08,6,0.5,20,0.8,-0.3910743597599139,-0.030648087966744914,0.25433261499796533,0.360426271793169,,COMPLETE
235,-0.5179924623587872,2026-05-12 14:14:02.982473,2026-05-12 14:14:03.892643,0 days 00:00:00.910170,0.45,0.7,2,0.05,0.02,0.6,0.08,6,0.5,20,0.8,-0.39108387647623727,-0.030830266507629607,0.2538171717650998,0.36025360996860767,,COMPLETE
236,-0.4242910183560481,2026-05-12 14:14:03.915539,2026-05-12 14:14:08.806457,0 days 00:00:04.890918,0.45,0.7,2,0.05,0.02,0.6,0.08,5,0.5,20,0.8,,,,,,PRUNED
237,-0.4106117209672115,2026-05-12 14:14:08.832583,2026-05-12 14:14:13.693436,0 days 00:00:04.860853,0.45,0.7,2,0.05,0.01,0.6,0.08,5,0.5,10,0.8,,,,,,PRUNED
238,-0.410125315542252,2026-05-12 14:14:13.715710,2026-05-12 14:14:18.561221,0 days 00:00:04.845511,0.45,0.7,4,0.05,0.02,0.6,0.08,6,0.5,20,0.8,,,,,,PRUNED
239,-0.41425741193738236,2026-05-12 14:14:18.584525,2026-05-12 14:14:22.975702,0 days 00:00:04.391177,0.45,0.7,2,0.05,0.01,0.6,0.08,6,0.5,5,0.8,,,,,,PRUNED
240,-0.4213231947291116,2026-05-12 14:14:23.000273,2026-05-12 14:14:26.885954,0 days 00:00:03.885681,0.45,0.7,2,0.05,0.01,0.6,0.08,4,0.5,20,0.8,,,,,,PRUNED
241,-0.4403466834437159,2026-05-12 14:14:26.911047,2026-05-12 14:14:32.224009,0 days 00:00:05.312962,0.45,0.7,2,0.05,0.02,0.45,0.08,5,0.6,20,0.8,,,,,,PRUNED
242,-0.5179924623587872,2026-05-12 14:14:32.249184,2026-05-12 14:14:41.107840,0 days 00:00:08.858656,0.45,0.7,2,0.05,0.02,0.6,0.08,6,0.5,20,0.65,-0.39108387647623727,-0.030830266507629607,0.2538171717650998,0.36025360996860767,,COMPLETE
243,-0.5179924623587872,2026-05-12 14:14:41.130767,2026-05-12 14:14:41.633963,0 days 00:00:00.503196,0.45,0.7,2,0.05,0.02,0.6,0.08,6,0.5,20,0.8,-0.39108387647623727,-0.030830266507629607,0.2538171717650998,0.36025360996860767,,COMPLETE
244,-0.5179924623587872,2026-05-12 14:14:41.659822,2026-05-12 14:14:42.163750,0 days 00:00:00.503928,0.45,0.7,2,0.05,0.02,0.6,0.08,6,0.5,20,0.8,-0.39108387647623727,-0.030830266507629607,0.2538171717650998,0.36025360996860767,,COMPLETE
245,-0.44222659773842976,2026-05-12 14:14:42.200684,2026-05-12 14:14:46.981029,0 days 00:00:04.780345,0.45,0.8,2,0.05,0.01,0.6,0.16,6,0.5,20,0.8,,,,,,PRUNED
246,-0.5179924623587872,2026-05-12 14:14:47.005163,2026-05-12 14:14:47.462289,0 days 00:00:00.457126,0.45,0.7,2,0.05,0.02,0.6,0.08,6,0.5,20,0.8,-0.39108387647623727,-0.030830266507629607,0.2538171717650998,0.36025360996860767,,COMPLETE
247,-0.48883801249294623,2026-05-12 14:14:47.487891,2026-05-12 14:14:51.188742,0 days 00:00:03.700851,0.25,0.7,2,0.05,0.01,0.6,0.12,6,0.5,20,0.8,,,,,,PRUNED
248,-0.44541496708508066,2026-05-12 14:14:51.210738,2026-05-12 14:14:56.457973,0 days 00:00:05.247235,0.45,0.9,2,0.05,0.02,0.6,0.12,6,0.5,10,0.8,,,,,,PRUNED
249,-9999.0,2026-05-12 14:14:56.502757,2026-05-12 14:14:56.739682,0 days 00:00:00.236925,0.25,0.7,2,0.05,0.02,0.6,0.16,6,0.7,20,0.8,,,,,BEAR_RATIO < NEUTRAL_RATIO < BULL_RATIO 约束违反: 0.25 / 0.7 / 0.7,COMPLETE
250,-0.4313006510632476,2026-05-12 14:14:56.761943,2026-05-12 14:15:01.631778,0 days 00:00:04.869835,0.45,0.9,2,0.05,0.02,0.45,0.08,6,0.5,20,0.5,,,,,,PRUNED
251,-0.5179924623587872,2026-05-12 14:15:01.656885,2026-05-12 14:15:02.153198,0 days 00:00:00.496313,0.45,0.7,2,0.05,0.02,0.6,0.08,6,0.5,20,0.8,-0.39108387647623727,-0.030830266507629607,0.2538171717650998,0.36025360996860767,,COMPLETE
252,-0.4787721702235628,2026-05-12 14:15:02.175972,2026-05-12 14:15:07.163173,0 days 00:00:04.987201,0.45,0.7,2,0.03,0.02,0.3,0.16,6,0.5,20,0.8,,,,,,PRUNED
253,-0.43333909441165963,2026-05-12 14:15:07.190140,2026-05-12 14:15:12.021813,0 days 00:00:04.831673,0.35,0.7,2,0.05,0.01,0.6,0.08,6,0.5,20,0.8,,,,,,PRUNED
254,-0.5179924623587872,2026-05-12 14:15:12.045437,2026-05-12 14:15:12.521737,0 days 00:00:00.476300,0.45,0.7,2,0.05,0.02,0.6,0.08,6,0.5,20,0.8,-0.39108387647623727,-0.030830266507629607,0.2538171717650998,0.36025360996860767,,COMPLETE
255,-0.4338764564691239,2026-05-12 14:15:12.546546,2026-05-12 14:15:17.357925,0 days 00:00:04.811379,0.45,0.9,2,0.05,0.02,0.3,0.08,6,0.5,20,0.8,,,,,,PRUNED
256,-0.5179924623587872,2026-05-12 14:15:17.382871,2026-05-12 14:15:17.842589,0 days 00:00:00.459718,0.45,0.7,2,0.05,0.02,0.6,0.08,6,0.5,20,0.8,-0.39108387647623727,-0.030830266507629607,0.2538171717650998,0.36025360996860767,,COMPLETE
257,-0.5715107846558711,2026-05-12 14:15:17.880819,2026-05-12 14:15:21.989046,0 days 00:00:04.108227,0.45,0.7,2,0.05,0.01,0.6,0.08,3,0.5,20,0.8,,,,,,PRUNED
258,-0.43223096142417294,2026-05-12 14:15:22.014905,2026-05-12 14:15:26.813319,0 days 00:00:04.798414,0.45,0.9,2,0.05,0.01,0.6,0.08,6,0.5,20,0.8,,,,,,PRUNED
259,-0.4278019617453936,2026-05-12 14:15:26.836516,2026-05-12 14:15:31.168085,0 days 00:00:04.331569,0.45,0.7,2,0.05,0.02,0.6,0.08,4,0.5,10,0.8,,,,,,PRUNED
260,-0.5179924623587872,2026-05-12 14:15:31.190786,2026-05-12 14:15:31.608028,0 days 00:00:00.417242,0.45,0.7,2,0.05,0.02,0.6,0.08,6,0.5,20,0.8,-0.39108387647623727,-0.030830266507629607,0.2538171717650998,0.36025360996860767,,COMPLETE
261,-0.43080537961669585,2026-05-12 14:15:31.630763,2026-05-12 14:15:36.621435,0 days 00:00:04.990672,0.45,0.7,2,0.05,0.02,0.6,0.16,6,0.5,10,0.8,,,,,,PRUNED
262,-0.4873613934071964,2026-05-12 14:15:36.644051,2026-05-12 14:15:39.630887,0 days 00:00:02.986836,0.25,0.7,4,0.05,0.02,0.6,0.08,6,0.6,20,0.8,,,,,,PRUNED
263,-0.42290957988043265,2026-05-12 14:15:39.650874,2026-05-12 14:15:44.200435,0 days 00:00:04.549561,0.45,0.7,2,0.05,0.02,0.6,0.08,6,0.6,10,0.8,,,,,,PRUNED
264,-0.42357363260304626,2026-05-12 14:15:44.220391,2026-05-12 14:15:48.995919,0 days 00:00:04.775528,0.45,0.7,2,0.05,0.02,0.6,0.08,6,0.6,20,0.5,,,,,,PRUNED
265,-0.48257029713894073,2026-05-12 14:15:49.021522,2026-05-12 14:15:53.558472,0 days 00:00:04.536950,0.25,0.7,2,0.05,0.02,0.6,0.08,5,0.5,20,0.65,,,,,,PRUNED
266,-0.42795376063587454,2026-05-12 14:15:53.579705,2026-05-12 14:15:58.600234,0 days 00:00:05.020529,0.45,0.7,2,0.05,0.02,0.45,0.16,6,0.5,20,0.5,,,,,,PRUNED
267,-0.5179924623587872,2026-05-12 14:15:58.623195,2026-05-12 14:15:59.143754,0 days 00:00:00.520559,0.45,0.7,2,0.05,0.02,0.6,0.08,6,0.5,20,0.8,-0.39108387647623727,-0.030830266507629607,0.2538171717650998,0.36025360996860767,,COMPLETE
268,-0.432980707092909,2026-05-12 14:15:59.166561,2026-05-12 14:16:03.905234,0 days 00:00:04.738673,0.45,0.7,2,0.05,0.02,0.6,0.12,5,0.5,20,0.8,,,,,,PRUNED
269,-0.5179924623587872,2026-05-12 14:16:03.932638,2026-05-12 14:16:04.464080,0 days 00:00:00.531442,0.45,0.7,2,0.05,0.02,0.6,0.08,6,0.5,20,0.8,-0.39108387647623727,-0.030830266507629607,0.2538171717650998,0.36025360996860767,,COMPLETE
270,-0.5179924623587872,2026-05-12 14:16:04.490566,2026-05-12 14:16:05.069968,0 days 00:00:00.579402,0.45,0.7,2,0.05,0.02,0.6,0.08,6,0.5,20,0.8,-0.39108387647623727,-0.030830266507629607,0.2538171717650998,0.36025360996860767,,COMPLETE
271,-0.45025880891973635,2026-05-12 14:16:05.095862,2026-05-12 14:16:11.041272,0 days 00:00:05.945410,0.45,0.8,2,0.05,0.02,0.6,0.16,6,0.5,5,0.8,,,,,,PRUNED
272,-0.4578296361284331,2026-05-12 14:16:11.063368,2026-05-12 14:16:16.092918,0 days 00:00:05.029550,0.35,0.7,2,0.03,0.02,0.6,0.08,6,0.5,20,0.8,,,,,,PRUNED
273,-0.43517185891140797,2026-05-12 14:16:16.117803,2026-05-12 14:16:21.470844,0 days 00:00:05.353041,0.45,0.9,2,0.05,0.02,0.6,0.08,6,0.5,10,0.8,,,,,,PRUNED
274,-0.43588147116932807,2026-05-12 14:16:21.493850,2026-05-12 14:16:25.602750,0 days 00:00:04.108900,0.45,0.7,2,0.05,0.02,0.6,0.16,4,0.5,20,0.8,,,,,,PRUNED
275,-0.4481101710792979,2026-05-12 14:16:25.630029,2026-05-12 14:16:30.131230,0 days 00:00:04.501201,0.35,0.7,2,0.05,0.02,0.6,0.08,5,0.5,20,0.8,,,,,,PRUNED
276,-0.4392374219430675,2026-05-12 14:16:30.154869,2026-05-12 14:16:34.020700,0 days 00:00:03.865831,0.45,0.9,2,0.05,0.02,0.6,0.08,4,0.5,20,0.8,,,,,,PRUNED
277,-0.4318124553734489,2026-05-12 14:16:34.038927,2026-05-12 14:16:38.607120,0 days 00:00:04.568193,0.45,0.7,2,0.03,0.01,0.6,0.08,6,0.5,20,0.8,,,,,,PRUNED
278,-0.42056632138184724,2026-05-12 14:16:38.630395,2026-05-12 14:16:41.831267,0 days 00:00:03.200872,0.45,0.8,2,0.05,0.01,0.6,0.08,6,0.5,20,0.8,,,,,,PRUNED
279,-0.49385874671956154,2026-05-12 14:16:41.856033,2026-05-12 14:16:47.506092,0 days 00:00:05.650059,0.25,0.7,2,0.05,0.02,0.6,0.08,6,0.5,5,0.8,,,,,,PRUNED
280,-0.4194511448045569,2026-05-12 14:16:47.524932,2026-05-12 14:16:52.405901,0 days 00:00:04.880969,0.45,0.7,2,0.05,0.01,0.6,0.12,6,0.5,20,0.8,,,,,,PRUNED
281,-0.4194511448045569,2026-05-12 14:16:52.428861,2026-05-12 14:16:58.262324,0 days 00:00:05.833463,0.45,0.7,2,0.05,0.02,0.6,0.12,6,0.5,20,0.5,,,,,,PRUNED
282,-0.4544919476022754,2026-05-12 14:16:58.288327,2026-05-12 14:17:03.284656,0 days 00:00:04.996329,0.45,0.7,2,0.03,0.02,0.6,0.12,6,0.5,20,0.8,,,,,,PRUNED
283,-0.410125315542252,2026-05-12 14:17:03.309683,2026-05-12 14:17:08.207628,0 days 00:00:04.897945,0.45,0.7,4,0.05,0.01,0.6,0.08,6,0.5,20,0.8,,,,,,PRUNED
284,-0.43333909441165963,2026-05-12 14:17:08.230662,2026-05-12 14:17:11.815805,0 days 00:00:03.585143,0.35,0.7,2,0.05,0.02,0.6,0.08,6,0.5,20,0.65,,,,,,PRUNED
285,-0.4387147179881395,2026-05-12 14:17:11.840330,2026-05-12 14:17:17.630941,0 days 00:00:05.790611,0.45,0.7,2,0.03,0.02,0.6,0.08,6,0.5,5,0.8,,,,,,PRUNED
286,-0.42630634949312973,2026-05-12 14:17:17.655157,2026-05-12 14:17:23.470637,0 days 00:00:05.815480,0.45,0.7,2,0.05,0.02,0.6,0.12,6,0.5,5,0.8,,,,,,PRUNED
287,-0.48397165528127967,2026-05-12 14:17:23.494981,2026-05-12 14:17:28.476906,0 days 00:00:04.981925,0.25,0.7,2,0.05,0.02,0.6,0.08,6,0.6,20,0.8,,,,,,PRUNED
288,-0.4318124553734489,2026-05-12 14:17:28.503261,2026-05-12 14:17:33.385606,0 days 00:00:04.882345,0.45,0.7,2,0.03,0.02,0.6,0.08,6,0.5,20,0.5,,,,,,PRUNED
289,-0.44986038198872647,2026-05-12 14:17:33.410151,2026-05-12 14:17:37.940352,0 days 00:00:04.530201,0.45,0.9,4,0.05,0.02,0.6,0.08,5,0.5,20,0.8,,,,,,PRUNED
290,-0.4527203217292627,2026-05-12 14:17:37.965503,2026-05-12 14:17:40.815889,0 days 00:00:02.850386,0.35,0.7,2,0.05,0.02,0.6,0.08,3,0.5,5,0.8,,,,,,PRUNED
291,-0.5182406672588966,2026-05-12 14:17:40.841340,2026-05-12 14:17:50.216382,0 days 00:00:09.375042,0.45,0.7,2,0.05,0.01,0.45,0.08,6,0.5,20,0.8,-0.3910743597599139,-0.030648087966744914,0.25433261499796533,0.360426271793169,,COMPLETE
292,-0.5766915889648762,2026-05-12 14:17:50.239313,2026-05-12 14:17:53.776373,0 days 00:00:03.537060,0.45,0.7,2,0.05,0.02,0.6,0.12,3,0.5,20,0.8,,,,,,PRUNED
293,-9999.0,2026-05-12 14:17:53.801375,2026-05-12 14:17:54.063664,0 days 00:00:00.262289,0.45,0.7,4,0.05,0.02,0.6,0.08,6,0.7,5,0.8,,,,,BEAR_RATIO < NEUTRAL_RATIO < BULL_RATIO 约束违反: 0.45 / 0.7 / 0.7,COMPLETE
294,-0.43910035108642065,2026-05-12 14:17:54.087875,2026-05-12 14:17:59.151667,0 days 00:00:05.063792,0.45,0.8,4,0.05,0.02,0.6,0.08,6,0.6,20,0.8,,,,,,PRUNED
295,-0.4464754396709185,2026-05-12 14:17:59.173824,2026-05-12 14:18:03.981875,0 days 00:00:04.808051,0.45,0.9,2,0.05,0.02,0.6,0.08,6,0.6,20,0.8,,,,,,PRUNED
296,-0.41966843205749144,2026-05-12 14:18:04.007157,2026-05-12 14:18:08.849262,0 days 00:00:04.842105,0.45,0.8,2,0.05,0.02,0.45,0.08,6,0.5,20,0.8,,,,,,PRUNED
297,-0.4242910183560481,2026-05-12 14:18:08.873783,2026-05-12 14:18:12.028792,0 days 00:00:03.155009,0.45,0.7,2,0.05,0.01,0.6,0.08,5,0.5,20,0.8,,,,,,PRUNED
298,-0.5179924623587872,2026-05-12 14:18:12.051550,2026-05-12 14:18:12.536168,0 days 00:00:00.484618,0.45,0.7,2,0.05,0.02,0.6,0.08,6,0.5,20,0.8,-0.39108387647623727,-0.030830266507629607,0.2538171717650998,0.36025360996860767,,COMPLETE
299,-0.34500054996374174,2026-05-12 14:18:12.580803,2026-05-12 14:18:18.880634,0 days 00:00:06.299831,0.45,0.7,2,0.05,0.02,0.6,0.08,6,0.5,10,0.5,,,,,,PRUNED
300,-0.41145313209857104,2026-05-12 14:18:18.917534,2026-05-12 14:18:24.294930,0 days 00:00:05.377396,0.45,0.7,2,0.05,0.02,0.3,0.08,6,0.5,10,0.8,,,,,,PRUNED
301,-0.5179924623587872,2026-05-12 14:18:24.318508,2026-05-12 14:18:24.803975,0 days 00:00:00.485467,0.45,0.7,2,0.05,0.02,0.6,0.08,6,0.5,20,0.8,-0.39108387647623727,-0.030830266507629607,0.2538171717650998,0.36025360996860767,,COMPLETE
302,-0.42357363260304626,2026-05-12 14:18:24.826822,2026-05-12 14:18:25.139335,0 days 00:00:00.312513,0.45,0.7,2,0.05,0.02,0.6,0.08,6,0.6,20,0.8,,,,,,PRUNED
303,-0.4296411080598753,2026-05-12 14:18:25.165164,2026-05-12 14:18:30.242179,0 days 00:00:05.077015,0.45,0.7,2,0.05,0.01,0.6,0.16,6,0.5,20,0.8,,,,,,PRUNED
304,-0.434017431204229,2026-05-12 14:18:30.266688,2026-05-12 14:18:35.452109,0 days 00:00:05.185421,0.35,0.7,2,0.05,0.02,0.6,0.08,6,0.5,10,0.8,,,,,,PRUNED
305,-0.47441457244516044,2026-05-12 14:18:35.472202,2026-05-12 14:18:40.981020,0 days 00:00:05.508818,0.25,0.7,2,0.05,0.01,0.6,0.08,6,0.5,20,0.8,,,,,,PRUNED
306,-0.5179924623587872,2026-05-12 14:18:41.027180,2026-05-12 14:18:41.537089,0 days 00:00:00.509909,0.45,0.7,2,0.05,0.01,0.6,0.08,6,0.5,20,0.8,-0.39108387647623727,-0.030830266507629607,0.2538171717650998,0.36025360996860767,,COMPLETE
307,-0.5179924623587872,2026-05-12 14:18:41.561086,2026-05-12 14:18:48.705064,0 days 00:00:07.143978,0.45,0.7,2,0.05,0.01,0.6,0.08,6,0.5,20,0.65,-0.39108387647623727,-0.030830266507629607,0.2538171717650998,0.36025360996860767,,COMPLETE
308,-0.42357363260304626,2026-05-12 14:18:48.727969,2026-05-12 14:18:53.483633,0 days 00:00:04.755664,0.45,0.7,2,0.05,0.01,0.6,0.08,6,0.6,20,0.8,,,,,,PRUNED
309,-0.4460413013310782,2026-05-12 14:18:53.508969,2026-05-12 14:18:58.509280,0 days 00:00:05.000311,0.35,0.8,2,0.05,0.02,0.6,0.08,6,0.5,20,0.8,,,,,,PRUNED
310,-0.4242910183560481,2026-05-12 14:18:58.534491,2026-05-12 14:19:03.084236,0 days 00:00:04.549745,0.45,0.7,2,0.05,0.02,0.6,0.08,5,0.5,20,0.65,,,,,,PRUNED
311,-0.43223096142417294,2026-05-12 14:19:03.108285,2026-05-12 14:19:07.935747,0 days 00:00:04.827462,0.45,0.9,2,0.05,0.02,0.6,0.08,6,0.5,20,0.65,,,,,,PRUNED
312,-0.5739853679128459,2026-05-12 14:19:07.960694,2026-05-12 14:19:11.322052,0 days 00:00:03.361358,0.45,0.7,4,0.05,0.02,0.6,0.08,3,0.5,20,0.8,,,,,,PRUNED
313,-0.4569223683011577,2026-05-12 14:19:11.346097,2026-05-12 14:19:14.125697,0 days 00:00:02.779600,0.25,0.7,2,0.05,0.02,0.6,0.08,4,0.5,20,0.8,,,,,,PRUNED
314,-0.4242910183560481,2026-05-12 14:19:14.151765,2026-05-12 14:19:18.582013,0 days 00:00:04.430248,0.45,0.7,2,0.05,0.02,0.6,0.08,5,0.5,20,0.5,,,,,,PRUNED
315,-0.44786475625500555,2026-05-12 14:19:18.605292,2026-05-12 14:19:23.490521,0 days 00:00:04.885229,0.45,0.7,2,0.03,0.02,0.6,0.08,6,0.6,20,0.8,,,,,,PRUNED
316,-9999.0,2026-05-12 14:19:23.515121,2026-05-12 14:19:23.767179,0 days 00:00:00.252058,0.45,0.7,2,0.05,0.02,0.6,0.12,6,0.7,20,0.8,,,,,BEAR_RATIO < NEUTRAL_RATIO < BULL_RATIO 约束违反: 0.45 / 0.7 / 0.7,COMPLETE
317,-0.4228254687038583,2026-05-12 14:19:23.792257,2026-05-12 14:19:28.607393,0 days 00:00:04.815136,0.45,0.7,2,0.05,0.02,0.3,0.08,4,0.5,20,0.8,,,,,,PRUNED
318,-0.45456110486561263,2026-05-12 14:19:28.631723,2026-05-12 14:19:33.581330,0 days 00:00:04.949607,0.45,0.9,2,0.03,0.02,0.6,0.08,6,0.5,20,0.8,,,,,,PRUNED
319,-0.4660835109924683,2026-05-12 14:19:33.602721,2026-05-12 14:19:38.704630,0 days 00:00:05.101909,0.45,0.7,2,0.05,0.02,0.6,0.08,4,0.5,5,0.8,,,,,,PRUNED
320,-9999.0,2026-05-12 14:19:38.732240,2026-05-12 14:19:38.988970,0 days 00:00:00.256730,0.25,0.7,2,0.05,0.02,0.6,0.08,6,0.7,20,0.8,,,,,BEAR_RATIO < NEUTRAL_RATIO < BULL_RATIO 约束违反: 0.25 / 0.7 / 0.7,COMPLETE
321,-9999.0,2026-05-12 14:19:39.015691,2026-05-12 14:19:39.297881,0 days 00:00:00.282190,0.45,0.7,2,0.05,0.02,0.3,0.08,6,0.7,20,0.8,,,,,BEAR_RATIO < NEUTRAL_RATIO < BULL_RATIO 约束违反: 0.45 / 0.7 / 0.7,COMPLETE
322,-0.5179924623587872,2026-05-12 14:19:39.323992,2026-05-12 14:19:39.781242,0 days 00:00:00.457250,0.45,0.7,2,0.05,0.02,0.6,0.08,6,0.5,20,0.8,-0.39108387647623727,-0.030830266507629607,0.2538171717650998,0.36025360996860767,,COMPLETE
323,-0.4378742937405975,2026-05-12 14:19:39.806178,2026-05-12 14:19:44.588360,0 days 00:00:04.782182,0.35,0.7,2,0.05,0.02,0.3,0.08,6,0.5,20,0.8,,,,,,PRUNED
324,-0.43477835000817266,2026-05-12 14:19:44.612674,2026-05-12 14:19:48.213037,0 days 00:00:03.600363,0.45,0.7,4,0.05,0.02,0.6,0.16,6,0.5,20,0.8,,,,,,PRUNED
325,-0.34500054996374174,2026-05-12 14:19:48.233703,2026-05-12 14:19:54.657992,0 days 00:00:06.424289,0.45,0.7,2,0.05,0.02,0.6,0.08,6,0.5,10,0.65,,,,,,PRUNED
326,-0.5966298317509102,2026-05-12 14:19:54.683013,2026-05-12 14:19:58.040366,0 days 00:00:03.357353,0.25,0.7,2,0.05,0.02,0.6,0.08,3,0.5,20,0.8,,,,,,PRUNED
327,-0.4507958114649815,2026-05-12 14:19:58.067786,2026-05-12 14:20:03.137344,0 days 00:00:05.069558,0.45,0.8,2,0.05,0.02,0.6,0.08,6,0.7,20,0.8,,,,,,PRUNED
328,-0.4319439890559278,2026-05-12 14:20:03.162028,2026-05-12 14:20:07.963467,0 days 00:00:04.801439,0.45,0.8,2,0.05,0.02,0.6,0.12,6,0.5,20,0.8,,,,,,PRUNED
329,-0.44390442002332425,2026-05-12 14:20:07.987329,2026-05-12 14:20:12.843529,0 days 00:00:04.856200,0.45,0.8,2,0.03,0.02,0.6,0.08,6,0.5,20,0.8,,,,,,PRUNED
330,-0.49933218116375394,2026-05-12 14:20:12.869469,2026-05-12 14:20:17.172471,0 days 00:00:04.303002,0.25,0.7,2,0.05,0.02,0.6,0.16,6,0.5,20,0.8,,,,,,PRUNED
331,-0.5715107846558711,2026-05-12 14:20:17.194764,2026-05-12 14:20:20.568693,0 days 00:00:03.373929,0.45,0.7,2,0.05,0.02,0.45,0.08,3,0.5,20,0.8,,,,,,PRUNED
332,-0.4469510205952677,2026-05-12 14:20:20.593827,2026-05-12 14:20:25.164409,0 days 00:00:04.570582,0.45,0.9,2,0.05,0.02,0.6,0.08,5,0.5,20,0.8,,,,,,PRUNED
333,-0.4115748956289856,2026-05-12 14:20:25.189447,2026-05-12 14:20:30.368383,0 days 00:00:05.178936,0.45,0.7,4,0.05,0.02,0.6,0.08,6,0.5,10,0.8,,,,,,PRUNED
334,-0.4238698659937791,2026-05-12 14:20:30.391722,2026-05-12 14:20:35.106751,0 days 00:00:04.715029,0.45,0.7,2,0.05,0.02,0.45,0.08,5,0.5,20,0.8,,,,,,PRUNED
335,-9999.0,2026-05-12 14:20:35.134254,2026-05-12 14:20:35.405634,0 days 00:00:00.271380,0.35,0.7,2,0.03,0.02,0.3,0.08,6,0.7,5,0.5,,,,,BEAR_RATIO < NEUTRAL_RATIO < BULL_RATIO 约束违反: 0.35 / 0.7 / 0.7,COMPLETE
336,-0.42274706040872767,2026-05-12 14:20:35.429343,2026-05-12 14:20:40.287055,0 days 00:00:04.857712,0.45,0.7,2,0.05,0.02,0.3,0.12,6,0.5,20,0.8,,,,,,PRUNED
