number,value,datetime_start,datetime_complete,duration,params_BEAR_RATIO,params_BULL_RATIO,params_GRID_MAX_LAYER,params_GRID_STEP_MAX,params_GRID_STEP_MIN,params_GRID_STEP_VOL_FACTOR,params_LAYER_FRACTION,params_MAX_HOLD,params_NEUTRAL_RATIO,params_REBALANCE_FREQ,params_VOL_WEIGHT,user_attrs_avg_test_score,user_attrs_avg_train_score,user_attrs_test_score_std,user_attrs_train_test_gap,user_attrs_validation_error,state
5769,-0.43344177261782246,2026-05-12 19:01:24.847535,2026-05-12 19:01:30.074132,0 days 00:00:05.226597,0.35,0.7,2,0.05,0.02,0.45,0.08,6,0.5,10,0.65,,,,,,PRUNED
5770,-0.557365324144312,2026-05-12 19:01:30.099466,2026-05-12 19:01:34.773158,0 days 00:00:04.673692,0.35,0.9,3,0.03,0.02,0.6,0.16,6,0.6,5,0.5,,,,,,PRUNED
5771,-0.5491868820476711,2026-05-12 19:01:34.803311,2026-05-12 19:01:40.722061,0 days 00:00:05.918750,0.25,0.8,2,0.03,0.02,0.3,0.12,6,0.7,20,0.5,,,,,,PRUNED
5772,-0.5055959048762277,2026-05-12 19:01:40.752317,2026-05-12 19:01:46.714614,0 days 00:00:05.962297,0.25,0.7,2,0.05,0.02,0.6,0.08,6,0.6,5,0.8,,,,,,PRUNED
5773,-0.4762445127012703,2026-05-12 19:01:46.741342,2026-05-12 19:01:52.871474,0 days 00:00:06.130132,0.35,0.7,2,0.05,0.01,0.3,0.16,6,0.5,5,0.65,,,,,,PRUNED
5774,-0.5179924623587872,2026-05-12 19:01:52.898549,2026-05-12 19:01:53.493441,0 days 00:00:00.594892,0.45,0.7,2,0.05,0.02,0.6,0.08,6,0.5,20,0.8,-0.39108387647623727,-0.030830266507629607,0.2538171717650998,0.36025360996860767,,COMPLETE
5775,-0.43223096142417294,2026-05-12 19:01:53.519518,2026-05-12 19:01:53.915182,0 days 00:00:00.395664,0.45,0.9,2,0.05,0.02,0.6,0.08,6,0.5,20,0.8,,,,,,PRUNED
5776,-0.5124266044566262,2026-05-12 19:01:53.943759,2026-05-12 19:01:58.367676,0 days 00:00:04.423917,0.25,0.8,2,0.05,0.02,0.3,0.16,3,0.5,5,0.65,,,,,,PRUNED
5777,-0.4882362777384806,2026-05-12 19:01:58.394593,2026-05-12 19:02:00.959691,0 days 00:00:02.565098,0.45,0.9,3,0.03,0.01,0.45,0.12,4,0.6,20,0.5,,,,,,PRUNED
5778,-0.412302961858902,2026-05-12 19:02:00.987063,2026-05-12 19:02:05.974506,0 days 00:00:04.987443,0.45,0.7,4,0.05,0.01,0.45,0.08,5,0.5,10,0.65,,,,,,PRUNED
5779,-0.5179924623587872,2026-05-12 19:02:06.001280,2026-05-12 19:02:06.572285,0 days 00:00:00.571005,0.45,0.7,2,0.05,0.02,0.6,0.08,6,0.5,20,0.8,-0.39108387647623727,-0.030830266507629607,0.2538171717650998,0.36025360996860767,,COMPLETE
5780,-0.44390442002332425,2026-05-12 19:02:06.599656,2026-05-12 19:02:06.978420,0 days 00:00:00.378764,0.45,0.8,2,0.03,0.02,0.6,0.08,6,0.5,20,0.8,,,,,,PRUNED
5781,-9999.0,2026-05-12 19:02:07.005281,2026-05-12 19:02:07.343252,0 days 00:00:00.337971,0.45,0.7,2,0.03,0.01,0.6,0.12,4,0.7,10,0.65,,,,,BEAR_RATIO < NEUTRAL_RATIO < BULL_RATIO 约束违反: 0.45 / 0.7 / 0.7,COMPLETE
5782,-0.536815895406289,2026-05-12 19:02:07.368879,2026-05-12 19:02:12.397812,0 days 00:00:05.028933,0.25,0.9,2,0.05,0.01,0.6,0.16,6,0.7,20,0.5,,,,,,PRUNED
5783,-0.5235182998415652,2026-05-12 19:02:12.424852,2026-05-12 19:02:17.698694,0 days 00:00:05.273842,0.45,0.9,2,0.03,0.02,0.45,0.08,4,0.6,5,0.8,,,,,,PRUNED
5784,-0.4379189145420068,2026-05-12 19:02:17.726240,2026-05-12 19:02:22.905530,0 days 00:00:05.179290,0.35,0.7,3,0.05,0.01,0.3,0.08,5,0.5,10,0.5,,,,,,PRUNED
5785,-0.48325187117919566,2026-05-12 19:02:22.933351,2026-05-12 19:02:27.469988,0 days 00:00:04.536637,0.25,0.9,2,0.05,0.02,0.6,0.08,4,0.5,10,0.5,,,,,,PRUNED
5786,-0.4750258184137773,2026-05-12 19:02:27.493516,2026-05-12 19:02:32.581049,0 days 00:00:05.087533,0.35,0.7,4,0.03,0.02,0.45,0.12,5,0.5,10,0.65,,,,,,PRUNED
5787,-9999.0,2026-05-12 19:02:32.607279,2026-05-12 19:02:32.954855,0 days 00:00:00.347576,0.45,0.7,2,0.05,0.02,0.6,0.08,4,0.7,20,0.5,,,,,BEAR_RATIO < NEUTRAL_RATIO < BULL_RATIO 约束违反: 0.45 / 0.7 / 0.7,COMPLETE
5788,-0.48883801249294623,2026-05-12 19:02:31.319259,2026-05-12 19:02:31.717307,0 days 00:00:00.398048,0.25,0.7,2,0.05,0.02,0.6,0.12,6,0.5,20,0.8,,,,,,PRUNED
5789,-0.5061101456505395,2026-05-12 19:02:31.745516,2026-05-12 19:02:36.916235,0 days 00:00:05.170719,0.25,0.9,2,0.05,0.01,0.3,0.08,5,0.6,10,0.8,,,,,,PRUNED
5790,-0.5545625020968414,2026-05-12 19:02:36.941765,2026-05-12 19:02:43.739105,0 days 00:00:06.797340,0.25,0.9,2,0.05,0.02,0.45,0.12,6,0.7,5,0.8,,,,,,PRUNED
5791,-0.5046189241425935,2026-05-12 19:02:43.765771,2026-05-12 19:02:48.998228,0 days 00:00:05.232457,0.25,0.7,4,0.05,0.01,0.6,0.16,6,0.5,20,0.8,,,,,,PRUNED
5792,-0.5792061418857395,2026-05-12 19:02:49.026968,2026-05-12 19:02:49.453749,0 days 00:00:00.426781,0.45,0.8,2,0.05,0.02,0.6,0.08,3,0.5,20,0.8,,,,,,PRUNED
5793,-9999.0,2026-05-12 19:02:49.480852,2026-05-12 19:02:49.844946,0 days 00:00:00.364094,0.25,0.7,4,0.05,0.01,0.45,0.08,5,0.7,20,0.8,,,,,BEAR_RATIO < NEUTRAL_RATIO < BULL_RATIO 约束违反: 0.25 / 0.7 / 0.7,COMPLETE
5794,-0.4757310524677019,2026-05-12 19:02:49.873021,2026-05-12 19:02:54.780321,0 days 00:00:04.907300,0.25,0.7,3,0.05,0.02,0.6,0.08,6,0.5,20,0.65,,,,,,PRUNED
5795,-0.5757285637765641,2026-05-12 19:02:54.810616,2026-05-12 19:03:00.815036,0 days 00:00:06.004420,0.25,0.8,2,0.03,0.01,0.6,0.12,6,0.7,5,0.8,,,,,,PRUNED
5796,-0.5949857240940218,2026-05-12 19:03:00.840902,2026-05-12 19:03:05.113192,0 days 00:00:04.272290,0.25,0.9,3,0.03,0.02,0.45,0.16,5,0.7,5,0.5,,,,,,PRUNED
5797,-9999.0,2026-05-12 19:03:05.140618,2026-05-12 19:03:05.496290,0 days 00:00:00.355672,0.45,0.7,2,0.05,0.02,0.6,0.08,6,0.7,20,0.8,,,,,BEAR_RATIO < NEUTRAL_RATIO < BULL_RATIO 约束违反: 0.45 / 0.7 / 0.7,COMPLETE
5798,-0.5222125218209928,2026-05-12 19:03:05.521514,2026-05-12 19:03:10.540582,0 days 00:00:05.019068,0.45,0.9,4,0.05,0.01,0.45,0.16,4,0.6,5,0.65,,,,,,PRUNED
5799,-0.47805881185671306,2026-05-12 19:03:10.566380,2026-05-12 19:03:10.920061,0 days 00:00:00.353681,0.25,0.7,2,0.05,0.02,0.3,0.08,6,0.5,20,0.8,,,,,,PRUNED
5800,-0.48366113311777215,2026-05-12 19:03:10.943093,2026-05-12 19:03:15.330877,0 days 00:00:04.387784,0.35,0.8,4,0.03,0.02,0.6,0.08,4,0.6,10,0.8,,,,,,PRUNED
5801,-0.5819046536314266,2026-05-12 19:03:15.372091,2026-05-12 19:03:20.498785,0 days 00:00:05.126694,0.25,0.9,2,0.03,0.02,0.6,0.16,6,0.7,20,0.65,,,,,,PRUNED
5802,-0.5764705668655191,2026-05-12 19:03:20.525605,2026-05-12 19:03:26.461246,0 days 00:00:05.935641,0.35,0.9,4,0.03,0.01,0.45,0.16,6,0.7,5,0.5,,,,,,PRUNED
5803,-0.5424390689720753,2026-05-12 19:03:26.493476,2026-05-12 19:03:30.313511,0 days 00:00:03.820035,0.35,0.8,4,0.05,0.01,0.3,0.12,3,0.5,10,0.5,,,,,,PRUNED
5804,-0.5179924623587872,2026-05-12 19:03:30.343788,2026-05-12 19:03:30.940919,0 days 00:00:00.597131,0.45,0.7,2,0.05,0.01,0.6,0.08,6,0.5,20,0.8,-0.39108387647623727,-0.030830266507629607,0.2538171717650998,0.36025360996860767,,COMPLETE
5805,-0.43496968261076036,2026-05-12 19:03:30.981137,2026-05-12 19:03:35.331539,0 days 00:00:04.350402,0.45,0.8,2,0.05,0.02,0.3,0.12,6,0.5,20,0.8,,,,,,PRUNED
5806,-0.42669689897793717,2026-05-12 19:03:35.360168,2026-05-12 19:03:40.505523,0 days 00:00:05.145355,0.45,0.7,4,0.05,0.02,0.3,0.12,6,0.5,20,0.8,,,,,,PRUNED
5807,-0.4934009022621232,2026-05-12 19:03:40.533988,2026-05-12 19:03:45.319404,0 days 00:00:04.785416,0.45,0.8,3,0.03,0.02,0.3,0.12,5,0.6,20,0.8,,,,,,PRUNED
5808,-9999.0,2026-05-12 19:03:45.345528,2026-05-12 19:03:45.681011,0 days 00:00:00.335483,0.25,0.7,3,0.05,0.02,0.3,0.16,6,0.7,5,0.5,,,,,BEAR_RATIO < NEUTRAL_RATIO < BULL_RATIO 约束违反: 0.25 / 0.7 / 0.7,COMPLETE
5809,-0.4318124553734489,2026-05-12 19:03:45.707101,2026-05-12 19:03:46.117235,0 days 00:00:00.410134,0.45,0.7,2,0.03,0.02,0.6,0.08,6,0.5,20,0.8,,,,,,PRUNED
5810,-0.47793738191736346,2026-05-12 19:03:46.145460,2026-05-12 19:03:51.480755,0 days 00:00:05.335295,0.25,0.7,4,0.05,0.02,0.6,0.08,6,0.5,10,0.65,,,,,,PRUNED
5811,-0.5179924623587872,2026-05-12 19:03:51.507279,2026-05-12 19:03:52.113728,0 days 00:00:00.606449,0.45,0.7,2,0.05,0.02,0.6,0.08,6,0.5,20,0.8,-0.39108387647623727,-0.030830266507629607,0.2538171717650998,0.36025360996860767,,COMPLETE
5812,-0.5179924623587872,2026-05-12 19:03:52.140582,2026-05-12 19:03:52.735050,0 days 00:00:00.594468,0.45,0.7,2,0.05,0.02,0.6,0.08,6,0.5,20,0.8,-0.39108387647623727,-0.030830266507629607,0.2538171717650998,0.36025360996860767,,COMPLETE
5813,-0.4974583222707743,2026-05-12 19:03:52.764143,2026-05-12 19:03:58.138573,0 days 00:00:05.374430,0.45,0.8,3,0.03,0.01,0.3,0.12,6,0.7,10,0.65,,,,,,PRUNED
5814,-0.5179924623587872,2026-05-12 19:03:58.166599,2026-05-12 19:03:58.764459,0 days 00:00:00.597860,0.45,0.7,2,0.05,0.02,0.6,0.08,6,0.5,20,0.8,-0.39108387647623727,-0.030830266507629607,0.2538171717650998,0.36025360996860767,,COMPLETE
5815,-0.5179924623587872,2026-05-12 19:03:58.790999,2026-05-12 19:03:59.362588,0 days 00:00:00.571589,0.45,0.7,2,0.05,0.02,0.6,0.08,6,0.5,20,0.8,-0.39108387647623727,-0.030830266507629607,0.2538171717650998,0.36025360996860767,,COMPLETE
5816,-0.434307923993398,2026-05-12 19:03:59.388270,2026-05-12 19:04:04.421144,0 days 00:00:05.032874,0.45,0.7,2,0.05,0.02,0.3,0.16,6,0.5,20,0.65,,,,,,PRUNED
5817,-0.5067340316552488,2026-05-12 19:04:04.449532,2026-05-12 19:04:07.960349,0 days 00:00:03.510817,0.25,0.8,3,0.05,0.02,0.6,0.16,5,0.5,10,0.8,,,,,,PRUNED
5818,-0.5715107846558711,2026-05-12 19:04:07.987729,2026-05-12 19:04:08.386544,0 days 00:00:00.398815,0.45,0.7,2,0.05,0.02,0.6,0.08,3,0.5,20,0.8,,,,,,PRUNED
5819,-0.48127841706722274,2026-05-12 19:04:08.414844,2026-05-12 19:04:14.394305,0 days 00:00:05.979461,0.45,0.9,2,0.05,0.02,0.6,0.16,6,0.6,5,0.8,,,,,,PRUNED
5820,-0.44634375699465645,2026-05-12 19:04:14.422305,2026-05-12 19:04:18.901573,0 days 00:00:04.479268,0.45,0.7,3,0.03,0.01,0.3,0.12,3,0.5,5,0.5,,,,,,PRUNED
5821,-0.5160899383700508,2026-05-12 19:04:18.929114,2026-05-12 19:04:23.477446,0 days 00:00:04.548332,0.35,0.9,3,0.03,0.02,0.6,0.12,3,0.6,5,0.8,,,,,,PRUNED
5822,-0.5496431479071301,2026-05-12 19:04:23.507241,2026-05-12 19:04:29.120799,0 days 00:00:05.613558,0.25,0.9,2,0.03,0.02,0.3,0.08,5,0.6,5,0.65,,,,,,PRUNED
5823,-0.5746854124660646,2026-05-12 19:04:29.147251,2026-05-12 19:04:33.536436,0 days 00:00:04.389185,0.45,0.7,4,0.05,0.02,0.3,0.08,3,0.5,20,0.8,,,,,,PRUNED
5824,-0.4238698659937791,2026-05-12 19:04:33.567405,2026-05-12 19:04:33.969939,0 days 00:00:00.402534,0.45,0.7,2,0.05,0.02,0.45,0.08,5,0.5,20,0.8,,,,,,PRUNED
5825,-0.5232508123153888,2026-05-12 19:04:33.997131,2026-05-12 19:04:37.473112,0 days 00:00:03.475981,0.45,0.9,4,0.03,0.02,0.3,0.16,5,0.7,10,0.65,,,,,,PRUNED
5826,-0.5338839334655405,2026-05-12 19:04:37.499036,2026-05-12 19:04:41.949858,0 days 00:00:04.450822,0.25,0.7,2,0.03,0.02,0.45,0.12,3,0.6,5,0.5,,,,,,PRUNED
5827,-0.42929145792298257,2026-05-12 19:04:41.978036,2026-05-12 19:04:47.156078,0 days 00:00:05.178042,0.45,0.7,3,0.03,0.01,0.45,0.08,5,0.5,10,0.65,,,,,,PRUNED
5828,-0.4914789155608679,2026-05-12 19:04:47.184282,2026-05-12 19:04:52.415537,0 days 00:00:05.231255,0.35,0.7,4,0.05,0.01,0.45,0.08,4,0.5,5,0.5,,,,,,PRUNED
5829,-0.4092137988646166,2026-05-12 19:04:52.461396,2026-05-12 19:04:52.846928,0 days 00:00:00.385532,0.45,0.7,2,0.05,0.01,0.6,0.08,6,0.5,10,0.8,,,,,,PRUNED
5830,-0.4538987098846706,2026-05-12 19:04:52.873320,2026-05-12 19:04:58.412453,0 days 00:00:05.539133,0.45,0.8,3,0.05,0.01,0.3,0.08,6,0.7,10,0.8,,,,,,PRUNED
5831,-0.4653703346775124,2026-05-12 19:04:58.441683,2026-05-12 19:05:03.358839,0 days 00:00:04.917156,0.35,0.7,3,0.05,0.01,0.6,0.12,6,0.6,20,0.8,,,,,,PRUNED
5832,-0.5147857168527561,2026-05-12 19:05:03.386954,2026-05-12 19:05:06.304924,0 days 00:00:02.917970,0.25,0.9,4,0.05,0.02,0.45,0.16,4,0.7,10,0.5,,,,,,PRUNED
5833,-0.5207378374377192,2026-05-12 19:05:06.334313,2026-05-12 19:05:10.759969,0 days 00:00:04.425656,0.35,0.9,4,0.05,0.02,0.3,0.12,3,0.7,5,0.5,,,,,,PRUNED
5834,-0.4628205371303734,2026-05-12 19:05:10.787703,2026-05-12 19:05:15.651858,0 days 00:00:04.864155,0.45,0.9,2,0.05,0.02,0.6,0.16,5,0.5,20,0.8,,,,,,PRUNED
5835,-0.4106117209672115,2026-05-12 19:05:15.679852,2026-05-12 19:05:16.102243,0 days 00:00:00.422391,0.45,0.7,2,0.05,0.01,0.6,0.08,5,0.5,10,0.8,,,,,,PRUNED
5836,-0.4194511448045569,2026-05-12 19:05:16.129941,2026-05-12 19:05:16.539009,0 days 00:00:00.409068,0.45,0.7,2,0.05,0.02,0.6,0.12,6,0.5,20,0.8,,,,,,PRUNED
5837,-0.5182406672588966,2026-05-12 19:05:16.565470,2026-05-12 19:05:17.149171,0 days 00:00:00.583701,0.45,0.7,2,0.05,0.02,0.45,0.08,6,0.5,20,0.8,-0.3910743597599139,-0.030648087966744914,0.25433261499796533,0.360426271793169,,COMPLETE
5838,-9999.0,2026-05-12 19:05:17.175884,2026-05-12 19:05:17.528758,0 days 00:00:00.352874,0.35,0.7,4,0.05,0.01,0.45,0.08,6,0.7,20,0.65,,,,,BEAR_RATIO < NEUTRAL_RATIO < BULL_RATIO 约束违反: 0.35 / 0.7 / 0.7,COMPLETE
5839,-0.5179924623587872,2026-05-12 19:05:17.559211,2026-05-12 19:05:18.191190,0 days 00:00:00.631979,0.45,0.7,2,0.05,0.02,0.6,0.08,6,0.5,20,0.8,-0.39108387647623727,-0.030830266507629607,0.2538171717650998,0.36025360996860767,,COMPLETE
5840,-0.5179924623587872,2026-05-12 19:05:18.219235,2026-05-12 19:05:18.842252,0 days 00:00:00.623017,0.45,0.7,2,0.05,0.02,0.6,0.08,6,0.5,20,0.5,-0.39108387647623727,-0.030830266507629607,0.2538171717650998,0.36025360996860767,,COMPLETE
5841,-0.4293044368137132,2026-05-12 19:05:18.871620,2026-05-12 19:05:23.636732,0 days 00:00:04.765112,0.45,0.7,2,0.05,0.02,0.6,0.12,4,0.5,20,0.65,,,,,,PRUNED
5842,-0.46622870999962945,2026-05-12 19:05:23.659155,2026-05-12 19:05:27.628772,0 days 00:00:03.969617,0.35,0.7,2,0.03,0.02,0.3,0.08,4,0.6,20,0.5,,,,,,PRUNED
5843,-0.524701700221475,2026-05-12 19:05:27.670452,2026-05-12 19:05:34.400653,0 days 00:00:06.730201,0.25,0.8,3,0.05,0.02,0.6,0.12,6,0.5,5,0.8,,,,,,PRUNED
5844,-0.43333909441165963,2026-05-12 19:05:34.425682,2026-05-12 19:05:34.791765,0 days 00:00:00.366083,0.35,0.7,2,0.05,0.02,0.6,0.08,6,0.5,20,0.65,,,,,,PRUNED
5845,-9999.0,2026-05-12 19:05:34.817043,2026-05-12 19:05:35.112655,0 days 00:00:00.295612,0.35,0.7,4,0.05,0.02,0.3,0.08,5,0.7,5,0.65,,,,,BEAR_RATIO < NEUTRAL_RATIO < BULL_RATIO 约束违反: 0.35 / 0.7 / 0.7,COMPLETE
5846,-0.4758829193480472,2026-05-12 19:05:35.138300,2026-05-12 19:05:38.659239,0 days 00:00:03.520939,0.35,0.9,4,0.05,0.01,0.6,0.08,6,0.6,20,0.5,,,,,,PRUNED
5847,-0.41966843205749144,2026-05-12 19:05:38.688978,2026-05-12 19:05:39.089149,0 days 00:00:00.400171,0.45,0.8,2,0.05,0.02,0.45,0.08,6,0.5,20,0.8,,,,,,PRUNED
5848,-0.49677949163058066,2026-05-12 19:05:39.118249,2026-05-12 19:05:44.212143,0 days 00:00:05.093894,0.45,0.8,3,0.05,0.02,0.6,0.08,4,0.6,5,0.8,,,,,,PRUNED
5849,-0.47918923416179204,2026-05-12 19:05:44.241585,2026-05-12 19:05:50.351762,0 days 00:00:06.110177,0.35,0.7,3,0.05,0.02,0.45,0.12,6,0.6,5,0.65,,,,,,PRUNED
5850,-0.5977678226249719,2026-05-12 19:05:50.380572,2026-05-12 19:05:54.453092,0 days 00:00:04.072520,0.45,0.9,4,0.03,0.02,0.3,0.08,3,0.5,20,0.65,,,,,,PRUNED
5851,-0.49619078970702885,2026-05-12 19:05:54.486728,2026-05-12 19:06:00.312998,0 days 00:00:05.826270,0.35,0.9,4,0.05,0.02,0.3,0.16,5,0.5,5,0.8,,,,,,PRUNED
5852,-0.5179924623587872,2026-05-12 19:06:00.342808,2026-05-12 19:06:00.921155,0 days 00:00:00.578347,0.45,0.7,2,0.05,0.02,0.6,0.08,6,0.5,20,0.8,-0.39108387647623727,-0.030830266507629607,0.2538171717650998,0.36025360996860767,,COMPLETE
5853,-0.42274706040872767,2026-05-12 19:06:00.949826,2026-05-12 19:06:01.378455,0 days 00:00:00.428629,0.45,0.7,2,0.05,0.02,0.3,0.12,6,0.5,20,0.8,,,,,,PRUNED
5854,-0.593720838076755,2026-05-12 19:06:01.407324,2026-05-12 19:06:07.349434,0 days 00:00:05.942110,0.25,0.9,4,0.03,0.02,0.3,0.16,6,0.5,5,0.65,,,,,,PRUNED
5855,-0.5147048355779158,2026-05-12 19:06:07.377386,2026-05-12 19:06:10.835806,0 days 00:00:03.458420,0.25,0.9,4,0.03,0.01,0.6,0.08,5,0.5,10,0.5,,,,,,PRUNED
5856,-0.5241931090690711,2026-05-12 19:06:10.862420,2026-05-12 19:06:14.576948,0 days 00:00:03.714528,0.45,0.8,4,0.05,0.02,0.6,0.08,3,0.5,10,0.5,,,,,,PRUNED
5857,-0.5051809221749605,2026-05-12 19:06:14.605627,2026-05-12 19:06:20.450563,0 days 00:00:05.844936,0.35,0.7,4,0.03,0.01,0.3,0.12,5,0.6,5,0.65,,,,,,PRUNED
5858,-0.5179924623587872,2026-05-12 19:06:20.477462,2026-05-12 19:06:21.137387,0 days 00:00:00.659925,0.45,0.7,2,0.05,0.02,0.6,0.08,6,0.5,20,0.8,-0.39108387647623727,-0.030830266507629607,0.2538171717650998,0.36025360996860767,,COMPLETE
5859,-0.4447778620028331,2026-05-12 19:06:21.165828,2026-05-12 19:06:25.703814,0 days 00:00:04.537986,0.45,0.7,3,0.05,0.02,0.6,0.08,3,0.6,5,0.8,,,,,,PRUNED
5860,-0.5179924623587872,2026-05-12 19:06:25.732081,2026-05-12 19:06:26.279644,0 days 00:00:00.547563,0.45,0.7,2,0.05,0.02,0.6,0.08,6,0.5,20,0.65,-0.39108387647623727,-0.030830266507629607,0.2538171717650998,0.36025360996860767,,COMPLETE
5861,-0.5225227988972264,2026-05-12 19:06:26.304858,2026-05-12 19:06:32.884353,0 days 00:00:06.579495,0.35,0.7,4,0.03,0.01,0.45,0.16,5,0.6,5,0.8,,,,,,PRUNED
5862,-0.4271696217311971,2026-05-12 19:06:32.910161,2026-05-12 19:06:33.341019,0 days 00:00:00.430858,0.45,0.7,4,0.05,0.02,0.6,0.08,5,0.5,20,0.8,,,,,,PRUNED
5863,-0.4467619369398962,2026-05-12 19:06:33.368855,2026-05-12 19:06:33.753311,0 days 00:00:00.384456,0.45,0.7,2,0.05,0.02,0.6,0.16,6,0.6,20,0.8,,,,,,PRUNED
5864,-9999.0,2026-05-12 19:06:33.781768,2026-05-12 19:06:34.148782,0 days 00:00:00.367014,0.35,0.7,2,0.05,0.02,0.6,0.08,6,0.7,20,0.5,,,,,BEAR_RATIO < NEUTRAL_RATIO < BULL_RATIO 约束违反: 0.35 / 0.7 / 0.7,COMPLETE
5865,-0.5442974382164362,2026-05-12 19:06:34.201388,2026-05-12 19:06:39.136046,0 days 00:00:04.934658,0.35,0.8,2,0.03,0.01,0.45,0.16,6,0.7,20,0.8,,,,,,PRUNED
5866,-0.5017664072788331,2026-05-12 19:06:39.165078,2026-05-12 19:06:42.682694,0 days 00:00:03.517616,0.25,0.8,2,0.05,0.02,0.6,0.08,6,0.7,20,0.8,,,,,,PRUNED
5867,-9999.0,2026-05-12 19:06:42.707185,2026-05-12 19:06:43.069481,0 days 00:00:00.362296,0.35,0.7,2,0.03,0.02,0.45,0.08,5,0.7,5,0.8,,,,,BEAR_RATIO < NEUTRAL_RATIO < BULL_RATIO 约束违反: 0.35 / 0.7 / 0.7,COMPLETE
5868,-0.5179924623587872,2026-05-12 19:06:43.095706,2026-05-12 19:06:43.660201,0 days 00:00:00.564495,0.45,0.7,2,0.05,0.02,0.6,0.08,6,0.5,20,0.8,-0.39108387647623727,-0.030830266507629607,0.2538171717650998,0.36025360996860767,,COMPLETE
5869,-0.4647076607012641,2026-05-12 19:06:43.684788,2026-05-12 19:06:48.733508,0 days 00:00:05.048720,0.35,0.8,4,0.05,0.01,0.6,0.12,6,0.5,20,0.8,,,,,,PRUNED
5870,-0.4819736102537746,2026-05-12 19:06:48.762345,2026-05-12 19:06:53.877380,0 days 00:00:05.115035,0.35,0.7,2,0.03,0.01,0.45,0.12,6,0.5,20,0.5,,,,,,PRUNED
5871,-0.5179924623587872,2026-05-12 19:06:53.923548,2026-05-12 19:06:54.551316,0 days 00:00:00.627768,0.45,0.7,2,0.05,0.02,0.6,0.08,6,0.5,20,0.8,-0.39108387647623727,-0.030830266507629607,0.2538171717650998,0.36025360996860767,,COMPLETE
5872,-0.4950597362084641,2026-05-12 19:06:54.594410,2026-05-12 19:06:58.996612,0 days 00:00:04.402202,0.45,0.9,4,0.03,0.02,0.45,0.16,4,0.5,20,0.65,,,,,,PRUNED
5873,-0.5101683503153952,2026-05-12 19:06:59.022933,2026-05-12 19:07:04.347638,0 days 00:00:05.324705,0.35,0.8,4,0.03,0.02,0.3,0.12,6,0.6,10,0.8,,,,,,PRUNED
5874,-0.410125315542252,2026-05-12 19:07:04.372751,2026-05-12 19:07:04.742819,0 days 00:00:00.370068,0.45,0.7,4,0.05,0.02,0.6,0.08,6,0.5,20,0.8,,,,,,PRUNED
5875,-0.4242910183560481,2026-05-12 19:07:04.768330,2026-05-12 19:07:05.129715,0 days 00:00:00.361385,0.45,0.7,2,0.05,0.02,0.6,0.08,5,0.5,20,0.8,,,,,,PRUNED
5876,-9999.0,2026-05-12 19:07:05.157390,2026-05-12 19:07:05.452585,0 days 00:00:00.295195,0.35,0.7,2,0.05,0.02,0.6,0.12,3,0.7,20,0.5,,,,,BEAR_RATIO < NEUTRAL_RATIO < BULL_RATIO 约束违反: 0.35 / 0.7 / 0.7,COMPLETE
5877,-0.5034304301837267,2026-05-12 19:07:05.479902,2026-05-12 19:07:09.429998,0 days 00:00:03.950096,0.35,0.7,3,0.03,0.01,0.6,0.12,5,0.6,5,0.8,,,,,,PRUNED
5878,-9999.0,2026-05-12 19:07:09.454637,2026-05-12 19:07:09.776638,0 days 00:00:00.322001,0.45,0.7,4,0.05,0.02,0.3,0.08,3,0.7,20,0.5,,,,,BEAR_RATIO < NEUTRAL_RATIO < BULL_RATIO 约束违反: 0.45 / 0.7 / 0.7,COMPLETE
5879,-0.5179924623587872,2026-05-12 19:07:09.804975,2026-05-12 19:07:10.353698,0 days 00:00:00.548723,0.45,0.7,2,0.05,0.02,0.6,0.08,6,0.5,20,0.8,-0.39108387647623727,-0.030830266507629607,0.2538171717650998,0.36025360996860767,,COMPLETE
5880,-0.48321408615137784,2026-05-12 19:07:10.381910,2026-05-12 19:07:15.162157,0 days 00:00:04.780247,0.35,0.8,2,0.05,0.01,0.45,0.12,5,0.6,20,0.65,,,,,,PRUNED
5881,-0.42756359809491007,2026-05-12 19:07:15.192709,2026-05-12 19:07:15.589896,0 days 00:00:00.397187,0.45,0.7,2,0.05,0.02,0.3,0.08,6,0.6,20,0.8,,,,,,PRUNED
5882,-0.5139333466035894,2026-05-12 19:07:15.616329,2026-05-12 19:07:21.613095,0 days 00:00:05.996766,0.45,0.8,2,0.05,0.02,0.6,0.12,4,0.7,5,0.65,,,,,,PRUNED
5883,-9999.0,2026-05-12 19:07:21.641171,2026-05-12 19:07:22.005856,0 days 00:00:00.364685,0.45,0.7,2,0.05,0.02,0.6,0.16,6,0.7,20,0.5,,,,,BEAR_RATIO < NEUTRAL_RATIO < BULL_RATIO 约束违反: 0.45 / 0.7 / 0.7,COMPLETE
5884,-0.5280848645495555,2026-05-12 19:07:22.036179,2026-05-12 19:07:26.485482,0 days 00:00:04.449303,0.35,0.9,2,0.03,0.02,0.6,0.16,3,0.6,5,0.8,,,,,,PRUNED
5885,-0.4208413622985072,2026-05-12 19:07:26.509913,2026-05-12 19:07:26.907663,0 days 00:00:00.397750,0.45,0.7,2,0.05,0.02,0.6,0.12,6,0.5,10,0.8,,,,,,PRUNED
5886,-0.4358742696929134,2026-05-12 19:07:26.937117,2026-05-12 19:07:33.655354,0 days 00:00:06.718237,0.45,0.7,2,0.03,0.02,0.6,0.08,5,0.5,5,0.8,,,,,,PRUNED
5887,-0.5179924623587872,2026-05-12 19:07:33.685643,2026-05-12 19:07:34.241487,0 days 00:00:00.555844,0.45,0.7,2,0.05,0.02,0.6,0.08,6,0.5,20,0.8,-0.39108387647623727,-0.030830266507629607,0.2538171717650998,0.36025360996860767,,COMPLETE
5888,-0.4995264133614929,2026-05-12 19:07:34.267364,2026-05-12 19:07:38.589793,0 days 00:00:04.322429,0.35,0.9,3,0.03,0.01,0.45,0.12,4,0.6,20,0.8,,,,,,PRUNED
5889,-0.5179924623587872,2026-05-12 19:07:38.616617,2026-05-12 19:07:39.245127,0 days 00:00:00.628510,0.45,0.7,2,0.05,0.02,0.6,0.08,6,0.5,20,0.8,-0.39108387647623727,-0.030830266507629607,0.2538171717650998,0.36025360996860767,,COMPLETE
5890,-0.4871244242778708,2026-05-12 19:07:39.271850,2026-05-12 19:07:42.057285,0 days 00:00:02.785435,0.25,0.8,2,0.05,0.01,0.6,0.08,4,0.7,10,0.5,,,,,,PRUNED
5891,-0.4092788272711371,2026-05-12 19:07:42.083296,2026-05-12 19:07:42.478736,0 days 00:00:00.395440,0.45,0.7,3,0.05,0.02,0.6,0.08,6,0.5,20,0.8,,,,,,PRUNED
