number,value,datetime_start,datetime_complete,duration,params_BEAR_RATIO,params_BULL_RATIO,params_GRID_MAX_LAYER,params_GRID_STEP_MAX,params_GRID_STEP_MIN,params_GRID_STEP_VOL_FACTOR,params_LAYER_FRACTION,params_MAX_HOLD,params_NEUTRAL_RATIO,params_REBALANCE_FREQ,params_VOL_WEIGHT,user_attrs_avg_test_score,user_attrs_avg_train_score,user_attrs_test_score_std,user_attrs_train_test_gap,user_attrs_validation_error,state
8203,-0.5179924623587872,2026-05-12 21:02:27.811397,2026-05-12 21:02:28.458918,0 days 00:00:00.647521,0.45,0.7,2,0.05,0.02,0.6,0.08,6,0.5,20,0.8,-0.39108387647623727,-0.030830266507629607,0.2538171717650998,0.36025360996860767,,COMPLETE
8204,-0.4213231947291116,2026-05-12 21:02:28.489757,2026-05-12 21:02:28.949552,0 days 00:00:00.459795,0.45,0.7,2,0.05,0.02,0.6,0.08,4,0.5,20,0.8,,,,,,PRUNED
8205,-0.4363643530173833,2026-05-12 21:02:28.978689,2026-05-12 21:02:34.936132,0 days 00:00:05.957443,0.45,0.8,4,0.05,0.01,0.6,0.12,6,0.5,20,0.65,,,,,,PRUNED
8206,-0.5179924623587872,2026-05-12 21:02:34.968845,2026-05-12 21:02:35.608804,0 days 00:00:00.639959,0.45,0.7,2,0.05,0.02,0.6,0.08,6,0.5,20,0.8,-0.39108387647623727,-0.030830266507629607,0.2538171717650998,0.36025360996860767,,COMPLETE
8207,-0.5179924623587872,2026-05-12 21:02:35.636452,2026-05-12 21:02:36.200296,0 days 00:00:00.563844,0.45,0.7,2,0.05,0.02,0.6,0.08,6,0.5,20,0.8,-0.39108387647623727,-0.030830266507629607,0.2538171717650998,0.36025360996860767,,COMPLETE
8208,-0.4974073281927062,2026-05-12 21:02:36.228187,2026-05-12 21:02:41.165043,0 days 00:00:04.936856,0.25,0.7,2,0.03,0.02,0.6,0.08,6,0.5,20,0.5,,,,,,PRUNED
8209,-0.4390235407861476,2026-05-12 21:02:41.193885,2026-05-12 21:02:46.360170,0 days 00:00:05.166285,0.45,0.8,4,0.05,0.01,0.3,0.12,6,0.5,20,0.5,,,,,,PRUNED
8210,-0.5037608375142186,2026-05-12 21:02:46.386050,2026-05-12 21:02:51.778803,0 days 00:00:05.392753,0.35,0.8,3,0.05,0.01,0.3,0.16,6,0.7,10,0.65,,,,,,PRUNED
8211,-0.46499053870547585,2026-05-12 21:02:51.807104,2026-05-12 21:02:56.621962,0 days 00:00:04.814858,0.35,0.9,4,0.05,0.02,0.45,0.08,4,0.5,10,0.8,,,,,,PRUNED
8212,-0.5832933104328104,2026-05-12 21:02:56.648267,2026-05-12 21:02:59.664275,0 days 00:00:03.016008,0.25,0.9,2,0.03,0.01,0.3,0.16,6,0.7,20,0.5,,,,,,PRUNED
8213,-0.4981271159641213,2026-05-12 21:02:59.692030,2026-05-12 21:03:04.745097,0 days 00:00:05.053067,0.45,0.7,2,0.03,0.02,0.6,0.08,4,0.6,5,0.8,,,,,,PRUNED
8214,-0.46397182979331203,2026-05-12 21:03:04.773908,2026-05-12 21:03:10.022195,0 days 00:00:05.248287,0.45,0.9,4,0.05,0.01,0.6,0.12,6,0.6,20,0.5,,,,,,PRUNED
8215,-0.5179924623587872,2026-05-12 21:03:10.055276,2026-05-12 21:03:10.655765,0 days 00:00:00.600489,0.45,0.7,2,0.05,0.02,0.6,0.08,6,0.5,20,0.8,-0.39108387647623727,-0.030830266507629607,0.2538171717650998,0.36025360996860767,,COMPLETE
8216,-9999.0,2026-05-12 21:03:10.683373,2026-05-12 21:03:11.020541,0 days 00:00:00.337168,0.25,0.7,2,0.03,0.02,0.45,0.08,6,0.7,5,0.5,,,,,BEAR_RATIO < NEUTRAL_RATIO < BULL_RATIO 约束违反: 0.25 / 0.7 / 0.7,COMPLETE
8217,-0.49063991989691846,2026-05-12 21:03:11.046292,2026-05-12 21:03:16.363628,0 days 00:00:05.317336,0.35,0.9,4,0.05,0.01,0.45,0.12,6,0.6,10,0.65,,,,,,PRUNED
8218,-0.5179924623587872,2026-05-12 21:03:16.395747,2026-05-12 21:03:17.071194,0 days 00:00:00.675447,0.45,0.7,2,0.05,0.02,0.6,0.08,6,0.5,20,0.8,-0.39108387647623727,-0.030830266507629607,0.2538171717650998,0.36025360996860767,,COMPLETE
8219,-0.5361256147555208,2026-05-12 21:03:17.100564,2026-05-12 21:03:22.161276,0 days 00:00:05.060712,0.25,0.8,2,0.03,0.01,0.45,0.12,5,0.7,10,0.8,,,,,,PRUNED
8220,-0.44159673044332987,2026-05-12 21:03:22.194362,2026-05-12 21:03:27.039128,0 days 00:00:04.844766,0.45,0.7,3,0.05,0.02,0.6,0.08,5,0.6,20,0.8,,,,,,PRUNED
8221,-0.4405511419066731,2026-05-12 21:03:27.067397,2026-05-12 21:03:32.340396,0 days 00:00:05.272999,0.45,0.7,2,0.05,0.02,0.3,0.16,6,0.5,5,0.8,,,,,,PRUNED
8222,-0.5624398741127784,2026-05-12 21:03:32.367731,2026-05-12 21:03:38.009211,0 days 00:00:05.641480,0.25,0.7,2,0.03,0.01,0.3,0.16,5,0.6,5,0.5,,,,,,PRUNED
8223,-0.5752686015472178,2026-05-12 21:03:38.038906,2026-05-12 21:03:44.229587,0 days 00:00:06.190681,0.25,0.9,3,0.05,0.01,0.3,0.16,6,0.7,5,0.65,,,,,,PRUNED
8224,-9999.0,2026-05-12 21:03:44.259014,2026-05-12 21:03:44.726120,0 days 00:00:00.467106,0.25,0.7,4,0.05,0.01,0.45,0.12,5,0.7,5,0.5,,,,,BEAR_RATIO < NEUTRAL_RATIO < BULL_RATIO 约束违反: 0.25 / 0.7 / 0.7,COMPLETE
8225,-0.43534964463312426,2026-05-12 21:03:44.756588,2026-05-12 21:03:49.337250,0 days 00:00:04.580662,0.45,0.8,2,0.05,0.02,0.6,0.08,3,0.5,5,0.8,,,,,,PRUNED
8226,-0.4092137988646166,2026-05-12 21:03:49.367550,2026-05-12 21:03:49.843769,0 days 00:00:00.476219,0.45,0.7,2,0.05,0.02,0.6,0.08,6,0.5,10,0.8,,,,,,PRUNED
8227,-0.4537447730003592,2026-05-12 21:03:49.875607,2026-05-12 21:03:54.019382,0 days 00:00:04.143775,0.45,0.7,3,0.05,0.02,0.6,0.16,4,0.6,20,0.5,,,,,,PRUNED
8228,-0.5179924623587872,2026-05-12 21:03:54.047943,2026-05-12 21:03:54.722552,0 days 00:00:00.674609,0.45,0.7,2,0.05,0.02,0.6,0.08,6,0.5,20,0.8,-0.39108387647623727,-0.030830266507629607,0.2538171717650998,0.36025360996860767,,COMPLETE
8229,-0.46306597962312557,2026-05-12 21:03:54.754164,2026-05-12 21:03:59.637178,0 days 00:00:04.883014,0.45,0.7,3,0.03,0.02,0.6,0.12,5,0.5,20,0.65,,,,,,PRUNED
8230,-0.5179924623587872,2026-05-12 21:03:59.666821,2026-05-12 21:04:00.254934,0 days 00:00:00.588113,0.45,0.7,2,0.05,0.02,0.6,0.08,6,0.5,20,0.8,-0.39108387647623727,-0.030830266507629607,0.2538171717650998,0.36025360996860767,,COMPLETE
8231,-0.4739912873347748,2026-05-12 21:04:00.284036,2026-05-12 21:04:03.726668,0 days 00:00:03.442632,0.35,0.7,3,0.05,0.02,0.45,0.16,6,0.6,20,0.5,,,,,,PRUNED
8232,-0.47382892890035644,2026-05-12 21:04:03.758900,2026-05-12 21:04:08.303233,0 days 00:00:04.544333,0.35,0.7,3,0.05,0.01,0.3,0.08,3,0.6,5,0.65,,,,,,PRUNED
8233,-0.5892704630951687,2026-05-12 21:04:08.329703,2026-05-12 21:04:12.263676,0 days 00:00:03.933973,0.45,0.8,3,0.03,0.02,0.45,0.16,3,0.7,10,0.8,,,,,,PRUNED
8234,-0.5448165435303156,2026-05-12 21:04:12.295541,2026-05-12 21:04:16.947573,0 days 00:00:04.652032,0.35,0.8,4,0.03,0.01,0.45,0.16,3,0.7,5,0.65,,,,,,PRUNED
8235,-0.508017309922154,2026-05-12 21:04:16.979529,2026-05-12 21:04:21.264230,0 days 00:00:04.284701,0.35,0.9,2,0.03,0.02,0.3,0.16,4,0.5,20,0.5,,,,,,PRUNED
8236,-9999.0,2026-05-12 21:04:21.317096,2026-05-12 21:04:21.715247,0 days 00:00:00.398151,0.25,0.7,4,0.03,0.01,0.45,0.12,5,0.7,5,0.8,,,,,BEAR_RATIO < NEUTRAL_RATIO < BULL_RATIO 约束违反: 0.25 / 0.7 / 0.7,COMPLETE
8237,-0.5047996004029044,2026-05-12 21:04:21.748903,2026-05-12 21:04:25.931777,0 days 00:00:04.182874,0.45,0.9,3,0.03,0.02,0.45,0.16,4,0.6,20,0.5,,,,,,PRUNED
8238,-9999.0,2026-05-12 21:04:25.972643,2026-05-12 21:04:26.328726,0 days 00:00:00.356083,0.35,0.7,2,0.03,0.02,0.45,0.12,4,0.7,10,0.65,,,,,BEAR_RATIO < NEUTRAL_RATIO < BULL_RATIO 约束违反: 0.35 / 0.7 / 0.7,COMPLETE
8239,-0.48386234220238644,2026-05-12 21:04:26.358320,2026-05-12 21:04:32.719214,0 days 00:00:06.360894,0.45,0.9,2,0.03,0.02,0.45,0.08,6,0.7,10,0.5,,,,,,PRUNED
8240,-0.5359443043005305,2026-05-12 21:04:32.749455,2026-05-12 21:04:36.076539,0 days 00:00:03.327084,0.25,0.8,4,0.03,0.02,0.45,0.12,6,0.5,20,0.5,,,,,,PRUNED
8241,-0.47281878192424204,2026-05-12 21:04:36.104295,2026-05-12 21:04:41.188443,0 days 00:00:05.084148,0.35,0.7,2,0.05,0.02,0.6,0.16,6,0.6,20,0.8,,,,,,PRUNED
8242,-0.5179924623587872,2026-05-12 21:04:41.217559,2026-05-12 21:04:41.857600,0 days 00:00:00.640041,0.45,0.7,2,0.05,0.01,0.6,0.08,6,0.5,20,0.8,-0.39108387647623727,-0.030830266507629607,0.2538171717650998,0.36025360996860767,,COMPLETE
8243,-0.5167030712629075,2026-05-12 21:04:41.887680,2026-05-12 21:04:47.340316,0 days 00:00:05.452636,0.25,0.8,2,0.05,0.01,0.3,0.16,6,0.5,10,0.65,,,,,,PRUNED
8244,-0.4968693542531881,2026-05-12 21:04:47.368779,2026-05-12 21:04:52.473346,0 days 00:00:05.104567,0.45,0.9,2,0.05,0.02,0.45,0.12,4,0.5,5,0.65,,,,,,PRUNED
8245,-0.4296411080598753,2026-05-12 21:04:52.502219,2026-05-12 21:04:52.950874,0 days 00:00:00.448655,0.45,0.7,2,0.05,0.02,0.6,0.16,6,0.5,20,0.8,,,,,,PRUNED
8246,-9999.0,2026-05-12 21:04:52.981090,2026-05-12 21:04:53.347559,0 days 00:00:00.366469,0.35,0.7,3,0.03,0.02,0.6,0.12,4,0.7,10,0.65,,,,,BEAR_RATIO < NEUTRAL_RATIO < BULL_RATIO 约束违反: 0.35 / 0.7 / 0.7,COMPLETE
8247,-0.5836343245793995,2026-05-12 21:04:53.378909,2026-05-12 21:04:58.498785,0 days 00:00:05.119876,0.35,0.9,4,0.03,0.01,0.6,0.16,4,0.7,5,0.65,,,,,,PRUNED
8248,-0.5457640674089119,2026-05-12 21:04:58.525423,2026-05-12 21:05:03.218215,0 days 00:00:04.692792,0.35,0.9,3,0.03,0.02,0.6,0.16,3,0.7,5,0.8,,,,,,PRUNED
8249,-9999.0,2026-05-12 21:05:03.249763,2026-05-12 21:05:03.619447,0 days 00:00:00.369684,0.45,0.7,3,0.05,0.02,0.6,0.08,6,0.7,20,0.5,,,,,BEAR_RATIO < NEUTRAL_RATIO < BULL_RATIO 约束违反: 0.45 / 0.7 / 0.7,COMPLETE
8250,-0.4100386278766106,2026-05-12 21:05:03.648470,2026-05-12 21:05:04.071789,0 days 00:00:00.423319,0.45,0.7,2,0.05,0.02,0.3,0.08,6,0.5,20,0.8,,,,,,PRUNED
8251,-0.4893097734607217,2026-05-12 21:05:04.099122,2026-05-12 21:05:08.198630,0 days 00:00:04.099508,0.25,0.9,4,0.05,0.01,0.6,0.08,4,0.7,20,0.5,,,,,,PRUNED
8252,-0.5060985033236338,2026-05-12 21:05:08.227950,2026-05-12 21:05:13.011275,0 days 00:00:04.783325,0.25,0.9,2,0.05,0.01,0.3,0.08,5,0.5,20,0.8,,,,,,PRUNED
8253,-0.44841383387027245,2026-05-12 21:05:13.040447,2026-05-12 21:05:17.529529,0 days 00:00:04.489082,0.45,0.7,2,0.03,0.02,0.6,0.12,3,0.5,5,0.5,,,,,,PRUNED
8254,-0.47744969635657925,2026-05-12 21:05:17.558748,2026-05-12 21:05:23.371497,0 days 00:00:05.812749,0.45,0.9,3,0.05,0.02,0.45,0.08,6,0.7,5,0.5,,,,,,PRUNED
8255,-0.4569483875356781,2026-05-12 21:05:23.416623,2026-05-12 21:05:29.170716,0 days 00:00:05.754093,0.45,0.7,4,0.03,0.02,0.3,0.08,5,0.6,5,0.8,,,,,,PRUNED
8256,-0.5174216246168788,2026-05-12 21:05:29.197673,2026-05-12 21:05:34.424583,0 days 00:00:05.226910,0.45,0.9,3,0.03,0.02,0.45,0.16,4,0.7,20,0.8,,,,,,PRUNED
8257,-0.42995535679679864,2026-05-12 21:05:34.463447,2026-05-12 21:05:36.475196,0 days 00:00:02.011749,0.45,0.7,3,0.05,0.02,0.45,0.16,6,0.5,20,0.65,,,,,,PRUNED
8258,-0.5095227966756057,2026-05-12 21:05:36.503966,2026-05-12 21:05:41.531768,0 days 00:00:05.027802,0.45,0.9,4,0.03,0.01,0.45,0.12,6,0.7,20,0.5,,,,,,PRUNED
8259,-0.41425741193738236,2026-05-12 21:05:41.560463,2026-05-12 21:05:41.981173,0 days 00:00:00.420710,0.45,0.7,2,0.05,0.02,0.6,0.08,6,0.5,5,0.8,,,,,,PRUNED
8260,-0.5881044386452069,2026-05-12 21:05:42.010794,2026-05-12 21:05:45.568201,0 days 00:00:03.557407,0.45,0.9,4,0.05,0.02,0.6,0.08,3,0.5,20,0.8,,,,,,PRUNED
8261,-0.47441457244516044,2026-05-12 21:05:45.599215,2026-05-12 21:05:45.985527,0 days 00:00:00.386312,0.25,0.7,2,0.05,0.02,0.6,0.08,6,0.5,20,0.8,,,,,,PRUNED
8262,-0.5552660863412313,2026-05-12 21:05:46.011404,2026-05-12 21:05:51.886032,0 days 00:00:05.874628,0.25,0.9,4,0.03,0.01,0.45,0.12,5,0.5,5,0.5,,,,,,PRUNED
8263,-0.49150069099548416,2026-05-12 21:05:51.914541,2026-05-12 21:05:57.877484,0 days 00:00:05.962943,0.45,0.7,3,0.03,0.01,0.3,0.16,5,0.6,5,0.5,,,,,,PRUNED
8264,-0.4597926983538563,2026-05-12 21:05:57.908921,2026-05-12 21:06:03.088496,0 days 00:00:05.179575,0.45,0.8,4,0.03,0.01,0.6,0.08,6,0.6,20,0.8,,,,,,PRUNED
8265,-0.5555363221127214,2026-05-12 21:06:03.141655,2026-05-12 21:06:07.234354,0 days 00:00:04.092699,0.25,0.9,2,0.03,0.01,0.3,0.12,5,0.5,5,0.5,,,,,,PRUNED
8266,-0.5179924623587872,2026-05-12 21:06:07.262878,2026-05-12 21:06:07.867114,0 days 00:00:00.604236,0.45,0.7,2,0.05,0.02,0.6,0.08,6,0.5,20,0.8,-0.39108387647623727,-0.030830266507629607,0.2538171717650998,0.36025360996860767,,COMPLETE
8267,-0.5179924623587872,2026-05-12 21:06:07.893247,2026-05-12 21:06:08.496291,0 days 00:00:00.603044,0.45,0.7,2,0.05,0.02,0.6,0.08,6,0.5,20,0.8,-0.39108387647623727,-0.030830266507629607,0.2538171717650998,0.36025360996860767,,COMPLETE
8268,-0.4561014156593799,2026-05-12 21:06:08.524532,2026-05-12 21:06:12.885666,0 days 00:00:04.361134,0.35,0.7,4,0.05,0.01,0.45,0.08,3,0.5,5,0.5,,,,,,PRUNED
8269,-0.47982354635038327,2026-05-12 21:06:12.915518,2026-05-12 21:06:18.438161,0 days 00:00:05.522643,0.25,0.7,3,0.05,0.02,0.3,0.08,6,0.5,10,0.5,,,,,,PRUNED
8270,-0.4866408326994382,2026-05-12 21:06:18.466730,2026-05-12 21:06:24.898240,0 days 00:00:06.431510,0.35,0.8,4,0.03,0.01,0.6,0.08,6,0.6,10,0.65,,,,,,PRUNED
8271,-0.5218471571420351,2026-05-12 21:06:24.927487,2026-05-12 21:06:30.063037,0 days 00:00:05.135550,0.25,0.7,2,0.05,0.02,0.3,0.08,4,0.5,5,0.8,,,,,,PRUNED
8272,-0.6011599159764284,2026-05-12 21:06:30.095621,2026-05-12 21:06:36.237345,0 days 00:00:06.141724,0.25,0.9,3,0.03,0.01,0.45,0.16,6,0.6,5,0.65,,,,,,PRUNED
8273,-0.42056632138184724,2026-05-12 21:06:36.267168,2026-05-12 21:06:36.702927,0 days 00:00:00.435759,0.45,0.8,2,0.05,0.02,0.6,0.08,6,0.5,20,0.8,,,,,,PRUNED
8274,-0.5565386418693287,2026-05-12 21:06:36.732773,2026-05-12 21:06:41.389180,0 days 00:00:04.656407,0.25,0.8,2,0.03,0.01,0.6,0.16,3,0.6,5,0.5,,,,,,PRUNED
8275,-0.47457673562501157,2026-05-12 21:06:41.417799,2026-05-12 21:06:46.737453,0 days 00:00:05.319654,0.35,0.9,3,0.05,0.02,0.45,0.08,6,0.6,10,0.8,,,,,,PRUNED
8276,-0.43333909441165963,2026-05-12 21:06:46.767687,2026-05-12 21:06:47.255606,0 days 00:00:00.487919,0.35,0.7,2,0.05,0.02,0.6,0.08,6,0.5,20,0.8,,,,,,PRUNED
8277,-0.4784507091628851,2026-05-12 21:06:47.287255,2026-05-12 21:06:51.648387,0 days 00:00:04.361132,0.25,0.7,2,0.05,0.02,0.6,0.12,4,0.6,10,0.8,,,,,,PRUNED
8278,-0.4758010998831565,2026-05-12 21:06:51.678538,2026-05-12 21:06:56.845377,0 days 00:00:05.166839,0.45,0.9,2,0.05,0.02,0.3,0.12,5,0.7,10,0.8,,,,,,PRUNED
8279,-0.5722378789383502,2026-05-12 21:06:56.874056,2026-05-12 21:07:00.400024,0 days 00:00:03.525968,0.45,0.7,2,0.05,0.02,0.3,0.08,3,0.5,20,0.65,,,,,,PRUNED
8280,-9999.0,2026-05-12 21:07:00.429396,2026-05-12 21:07:00.902188,0 days 00:00:00.472792,0.35,0.7,4,0.03,0.01,0.6,0.16,6,0.7,20,0.8,,,,,BEAR_RATIO < NEUTRAL_RATIO < BULL_RATIO 约束违反: 0.35 / 0.7 / 0.7,COMPLETE
8281,-0.5179924623587872,2026-05-12 21:07:00.931142,2026-05-12 21:07:01.574277,0 days 00:00:00.643135,0.45,0.7,2,0.05,0.02,0.6,0.08,6,0.5,20,0.8,-0.39108387647623727,-0.030830266507629607,0.2538171717650998,0.36025360996860767,,COMPLETE
8282,-0.5210044213207257,2026-05-12 21:07:01.602469,2026-05-12 21:07:05.806543,0 days 00:00:04.204074,0.35,0.9,4,0.03,0.01,0.45,0.16,4,0.6,20,0.8,,,,,,PRUNED
8283,-0.5608809121009766,2026-05-12 21:07:05.833551,2026-05-12 21:07:09.398516,0 days 00:00:03.564965,0.35,0.7,2,0.03,0.01,0.6,0.16,3,0.5,10,0.8,,,,,,PRUNED
8284,-0.42566053181256513,2026-05-12 21:07:09.423175,2026-05-12 21:07:09.799372,0 days 00:00:00.376197,0.45,0.7,3,0.05,0.02,0.6,0.08,5,0.5,20,0.8,,,,,,PRUNED
8285,-0.502968187797181,2026-05-12 21:07:09.823191,2026-05-12 21:07:14.131212,0 days 00:00:04.308021,0.35,0.7,2,0.03,0.02,0.45,0.12,5,0.6,20,0.5,,,,,,PRUNED
8286,-0.5878209842373663,2026-05-12 21:07:14.155858,2026-05-12 21:07:19.438329,0 days 00:00:05.282471,0.25,0.9,2,0.03,0.01,0.45,0.12,6,0.7,5,0.8,,,,,,PRUNED
8287,-0.5291361759734048,2026-05-12 21:07:19.463217,2026-05-12 21:07:23.725433,0 days 00:00:04.262216,0.25,0.9,4,0.03,0.02,0.3,0.08,3,0.5,5,0.8,,,,,,PRUNED
8288,-0.458626908720006,2026-05-12 21:07:23.752237,2026-05-12 21:07:27.232368,0 days 00:00:03.480131,0.35,0.8,4,0.05,0.02,0.6,0.12,4,0.5,20,0.8,,,,,,PRUNED
8289,-0.5179924623587872,2026-05-12 21:07:27.262065,2026-05-12 21:07:27.884894,0 days 00:00:00.622829,0.45,0.7,2,0.05,0.02,0.6,0.08,6,0.5,20,0.8,-0.39108387647623727,-0.030830266507629607,0.2538171717650998,0.36025360996860767,,COMPLETE
8290,-0.4946764932445571,2026-05-12 21:07:27.912543,2026-05-12 21:07:32.856945,0 days 00:00:04.944402,0.45,0.9,2,0.03,0.02,0.6,0.12,6,0.6,20,0.5,,,,,,PRUNED
8291,-0.5642766320751078,2026-05-12 21:07:32.903360,2026-05-12 21:07:36.950454,0 days 00:00:04.047094,0.25,0.7,3,0.03,0.02,0.3,0.12,3,0.5,10,0.5,,,,,,PRUNED
8292,-0.6137776907340344,2026-05-12 21:07:36.980126,2026-05-12 21:07:40.671849,0 days 00:00:03.691723,0.25,0.9,4,0.05,0.02,0.6,0.08,3,0.5,20,0.8,,,,,,PRUNED
8293,-0.5839439418227413,2026-05-12 21:07:40.700286,2026-05-12 21:07:44.414414,0 days 00:00:03.714128,0.35,0.7,3,0.05,0.02,0.45,0.08,3,0.5,20,0.8,,,,,,PRUNED
8294,-0.5179924623587872,2026-05-12 21:07:44.442407,2026-05-12 21:07:45.091667,0 days 00:00:00.649260,0.45,0.7,2,0.05,0.02,0.6,0.08,6,0.5,20,0.8,-0.39108387647623727,-0.030830266507629607,0.2538171717650998,0.36025360996860767,,COMPLETE
8295,-0.5221833044972334,2026-05-12 21:07:45.120920,2026-05-12 21:07:50.361408,0 days 00:00:05.240488,0.25,0.9,2,0.05,0.01,0.6,0.16,6,0.5,20,0.8,,,,,,PRUNED
8296,-0.5054600628860205,2026-05-12 21:07:50.390971,2026-05-12 21:07:54.460001,0 days 00:00:04.069030,0.35,0.8,4,0.05,0.01,0.3,0.16,5,0.6,5,0.8,,,,,,PRUNED
8297,-0.5187125925960195,2026-05-12 21:07:54.506082,2026-05-12 21:08:00.330610,0 days 00:00:05.824528,0.25,0.7,2,0.03,0.02,0.45,0.08,6,0.5,5,0.8,,,,,,PRUNED
8298,-9999.0,2026-05-12 21:08:00.358447,2026-05-12 21:08:00.721578,0 days 00:00:00.363131,0.35,0.7,3,0.03,0.01,0.6,0.08,4,0.7,5,0.5,,,,,BEAR_RATIO < NEUTRAL_RATIO < BULL_RATIO 约束违反: 0.35 / 0.7 / 0.7,COMPLETE
8299,-0.4660835109924683,2026-05-12 21:08:00.770399,2026-05-12 21:08:05.795679,0 days 00:00:05.025280,0.45,0.7,2,0.05,0.01,0.6,0.08,4,0.5,5,0.5,,,,,,PRUNED
8300,-0.6372076566263062,2026-05-12 21:08:05.823224,2026-05-12 21:08:09.525348,0 days 00:00:03.702124,0.45,0.8,3,0.03,0.02,0.6,0.12,3,0.7,20,0.8,,,,,,PRUNED
8301,-0.4959053525605407,2026-05-12 21:08:09.554670,2026-05-12 21:08:14.780657,0 days 00:00:05.225987,0.35,0.8,3,0.03,0.02,0.3,0.08,3,0.6,5,0.5,,,,,,PRUNED
8302,-0.49714407921995135,2026-05-12 21:08:14.805756,2026-05-12 21:08:19.552380,0 days 00:00:04.746624,0.25,0.8,3,0.05,0.02,0.45,0.16,4,0.6,10,0.5,,,,,,PRUNED
8303,-0.5257365872217805,2026-05-12 21:08:19.579888,2026-05-12 21:08:24.319664,0 days 00:00:04.739776,0.25,0.9,2,0.03,0.01,0.45,0.12,4,0.7,10,0.5,,,,,,PRUNED
8304,-0.567237524766557,2026-05-12 21:08:24.349137,2026-05-12 21:08:27.874071,0 days 00:00:03.524934,0.45,0.8,4,0.05,0.01,0.6,0.16,3,0.7,10,0.8,,,,,,PRUNED
8305,-0.47927910250466,2026-05-12 21:08:27.905133,2026-05-12 21:08:38.504163,0 days 00:00:10.599030,0.45,0.9,4,0.03,0.01,0.45,0.12,6,0.5,10,0.65,,,,,,PRUNED
8306,-0.517575260894177,2026-05-12 21:08:38.532059,2026-05-12 21:08:43.920276,0 days 00:00:05.388217,0.25,0.8,2,0.03,0.02,0.6,0.12,4,0.7,10,0.5,,,,,,PRUNED
8307,-0.46968955860067857,2026-05-12 21:08:43.955530,2026-05-12 21:08:50.195367,0 days 00:00:06.239837,0.45,0.7,2,0.03,0.01,0.3,0.12,3,0.6,5,0.8,,,,,,PRUNED
8308,-0.5179924623587872,2026-05-12 21:08:50.227489,2026-05-12 21:08:50.884238,0 days 00:00:00.656749,0.45,0.7,2,0.05,0.02,0.6,0.08,6,0.5,20,0.8,-0.39108387647623727,-0.030830266507629607,0.2538171717650998,0.36025360996860767,,COMPLETE
8309,-9999.0,2026-05-12 21:08:50.914138,2026-05-12 21:08:51.265611,0 days 00:00:00.351473,0.35,0.7,3,0.05,0.02,0.3,0.16,3,0.7,10,0.65,,,,,BEAR_RATIO < NEUTRAL_RATIO < BULL_RATIO 约束违反: 0.35 / 0.7 / 0.7,COMPLETE
8310,-0.43906667172029523,2026-05-12 21:08:51.291366,2026-05-12 21:08:56.129370,0 days 00:00:04.838004,0.45,0.9,2,0.05,0.02,0.45,0.08,4,0.5,20,0.65,,,,,,PRUNED
8311,-0.5236405583378012,2026-05-12 21:08:56.155681,2026-05-12 21:09:02.439369,0 days 00:00:06.283688,0.25,0.8,4,0.05,0.01,0.6,0.08,6,0.6,5,0.5,,,,,,PRUNED
8312,-0.42578766452233063,2026-05-12 21:09:02.467521,2026-05-12 21:09:07.975875,0 days 00:00:05.508354,0.45,0.7,3,0.05,0.02,0.3,0.12,6,0.5,10,0.8,,,,,,PRUNED
8313,-9999.0,2026-05-12 21:09:08.002446,2026-05-12 21:09:08.361065,0 days 00:00:00.358619,0.45,0.7,2,0.05,0.02,0.6,0.08,6,0.7,20,0.8,,,,,BEAR_RATIO < NEUTRAL_RATIO < BULL_RATIO 约束违反: 0.45 / 0.7 / 0.7,COMPLETE
8314,-0.4747345221131121,2026-05-12 21:09:08.388209,2026-05-12 21:09:12.326265,0 days 00:00:03.938056,0.25,0.8,3,0.05,0.01,0.6,0.08,4,0.6,20,0.5,,,,,,PRUNED
8315,-0.5179924623587872,2026-05-12 21:09:12.351157,2026-05-12 21:09:12.923955,0 days 00:00:00.572798,0.45,0.7,2,0.05,0.02,0.6,0.08,6,0.5,20,0.8,-0.39108387647623727,-0.030830266507629607,0.2538171717650998,0.36025360996860767,,COMPLETE
8316,-0.5006660079378571,2026-05-12 21:09:12.947958,2026-05-12 21:09:18.767164,0 days 00:00:05.819206,0.35,0.8,4,0.05,0.01,0.3,0.12,6,0.6,5,0.65,,,,,,PRUNED
8317,-0.5460025782291833,2026-05-12 21:09:18.799247,2026-05-12 21:09:22.676186,0 days 00:00:03.876939,0.45,0.9,3,0.05,0.01,0.3,0.08,3,0.6,10,0.5,,,,,,PRUNED
8318,-0.5179924623587872,2026-05-12 21:09:22.706550,2026-05-12 21:09:23.353660,0 days 00:00:00.647110,0.45,0.7,2,0.05,0.02,0.6,0.08,6,0.5,20,0.8,-0.39108387647623727,-0.030830266507629607,0.2538171717650998,0.36025360996860767,,COMPLETE
8319,-0.6339014630253643,2026-05-12 21:09:23.380878,2026-05-12 21:09:27.238078,0 days 00:00:03.857200,0.25,0.7,4,0.03,0.02,0.6,0.16,3,0.5,20,0.65,,,,,,PRUNED
8320,-0.4940782233274756,2026-05-12 21:09:27.268251,2026-05-12 21:09:32.491620,0 days 00:00:05.223369,0.45,0.9,3,0.05,0.01,0.6,0.08,4,0.5,5,0.5,,,,,,PRUNED
8321,-0.6394721117501805,2026-05-12 21:09:32.520439,2026-05-12 21:09:37.518376,0 days 00:00:04.997937,0.35,0.9,4,0.03,0.01,0.3,0.12,3,0.6,20,0.65,,,,,,PRUNED
8322,-0.5486770597927723,2026-05-12 21:09:37.558472,2026-05-12 21:09:41.639656,0 days 00:00:04.081184,0.25,0.8,4,0.05,0.01,0.45,0.08,4,0.6,5,0.8,,,,,,PRUNED
8323,-0.4194511448045569,2026-05-12 21:09:41.664891,2026-05-12 21:09:42.018792,0 days 00:00:00.353901,0.45,0.7,2,0.05,0.02,0.6,0.12,6,0.5,20,0.8,,,,,,PRUNED
8324,-0.43223096142417294,2026-05-12 21:09:42.043263,2026-05-12 21:09:42.410030,0 days 00:00:00.366767,0.45,0.9,2,0.05,0.02,0.6,0.08,6,0.5,20,0.8,,,,,,PRUNED
8325,-0.5179924623587872,2026-05-12 21:09:42.438306,2026-05-12 21:09:42.960725,0 days 00:00:00.522419,0.45,0.7,2,0.05,0.02,0.6,0.08,6,0.5,20,0.8,-0.39108387647623727,-0.030830266507629607,0.2538171717650998,0.36025360996860767,,COMPLETE
8326,-0.5201896052885633,2026-05-12 21:09:42.987143,2026-05-12 21:09:48.328748,0 days 00:00:05.341605,0.25,0.8,4,0.03,0.02,0.3,0.08,6,0.6,10,0.65,,,,,,PRUNED
