number,value,datetime_start,datetime_complete,duration,params_BEAR_RATIO,params_BULL_RATIO,params_GRID_MAX_LAYER,params_GRID_STEP_MAX,params_GRID_STEP_MIN,params_GRID_STEP_VOL_FACTOR,params_LAYER_FRACTION,params_MAX_HOLD,params_NEUTRAL_RATIO,params_REBALANCE_FREQ,params_VOL_WEIGHT,user_attrs_avg_test_score,user_attrs_avg_train_score,user_attrs_test_score_std,user_attrs_train_test_gap,user_attrs_validation_error,state
6016,-0.42795376063587454,2026-05-12 19:13:45.135487,2026-05-12 19:13:45.528889,0 days 00:00:00.393402,0.45,0.7,2,0.05,0.02,0.45,0.16,6,0.5,20,0.8,,,,,,PRUNED
6017,-0.569828845665581,2026-05-12 19:13:45.556843,2026-05-12 19:13:50.889019,0 days 00:00:05.332176,0.25,0.8,2,0.03,0.01,0.3,0.16,6,0.7,10,0.65,,,,,,PRUNED
6018,-0.5179924623587872,2026-05-12 19:13:50.918100,2026-05-12 19:13:51.526505,0 days 00:00:00.608405,0.45,0.7,2,0.05,0.02,0.6,0.08,6,0.5,20,0.8,-0.39108387647623727,-0.030830266507629607,0.2538171717650998,0.36025360996860767,,COMPLETE
6019,-0.5179924623587872,2026-05-12 19:13:51.556229,2026-05-12 19:13:52.119170,0 days 00:00:00.562941,0.45,0.7,2,0.05,0.02,0.6,0.08,6,0.5,20,0.8,-0.39108387647623727,-0.030830266507629607,0.2538171717650998,0.36025360996860767,,COMPLETE
6020,-0.43076574008516644,2026-05-12 19:13:52.146853,2026-05-12 19:13:52.548198,0 days 00:00:00.401345,0.45,0.7,3,0.03,0.02,0.6,0.08,6,0.5,20,0.8,,,,,,PRUNED
6021,-0.5102632060469692,2026-05-12 19:13:52.578241,2026-05-12 19:13:58.624894,0 days 00:00:06.046653,0.35,0.9,3,0.05,0.01,0.3,0.08,6,0.7,5,0.5,,,,,,PRUNED
6022,-0.515273846017271,2026-05-12 19:13:58.651641,2026-05-12 19:14:03.779734,0 days 00:00:05.128093,0.35,0.9,2,0.05,0.01,0.3,0.08,4,0.5,5,0.8,,,,,,PRUNED
6023,-9999.0,2026-05-12 19:14:03.807273,2026-05-12 19:14:04.178605,0 days 00:00:00.371332,0.45,0.7,4,0.03,0.02,0.6,0.12,6,0.7,10,0.8,,,,,BEAR_RATIO < NEUTRAL_RATIO < BULL_RATIO 约束违反: 0.45 / 0.7 / 0.7,COMPLETE
6024,-9999.0,2026-05-12 19:14:04.221162,2026-05-12 19:14:04.592407,0 days 00:00:00.371245,0.35,0.7,3,0.05,0.02,0.6,0.16,4,0.7,20,0.65,,,,,BEAR_RATIO < NEUTRAL_RATIO < BULL_RATIO 约束违反: 0.35 / 0.7 / 0.7,COMPLETE
6025,-0.47441457244516044,2026-05-12 19:14:04.620474,2026-05-12 19:14:05.003615,0 days 00:00:00.383141,0.25,0.7,2,0.05,0.02,0.6,0.08,6,0.5,20,0.65,,,,,,PRUNED
6026,-0.5182406672588966,2026-05-12 19:14:05.029840,2026-05-12 19:14:05.626986,0 days 00:00:00.597146,0.45,0.7,2,0.05,0.02,0.45,0.08,6,0.5,20,0.8,-0.3910743597599139,-0.030648087966744914,0.25433261499796533,0.360426271793169,,COMPLETE
6027,-0.5318730366227058,2026-05-12 19:14:05.653112,2026-05-12 19:14:10.659248,0 days 00:00:05.006136,0.25,0.9,3,0.03,0.02,0.45,0.12,5,0.5,10,0.65,,,,,,PRUNED
6028,-0.4293044368137132,2026-05-12 19:14:10.685702,2026-05-12 19:14:11.082061,0 days 00:00:00.396359,0.45,0.7,2,0.05,0.02,0.6,0.12,4,0.5,20,0.8,,,,,,PRUNED
6029,-0.4318124553734489,2026-05-12 19:14:11.109966,2026-05-12 19:14:11.508995,0 days 00:00:00.399029,0.45,0.7,2,0.03,0.02,0.6,0.08,6,0.5,20,0.8,,,,,,PRUNED
6030,-9999.0,2026-05-12 19:14:11.535876,2026-05-12 19:14:11.866910,0 days 00:00:00.331034,0.45,0.7,4,0.05,0.02,0.6,0.08,5,0.7,20,0.8,,,,,BEAR_RATIO < NEUTRAL_RATIO < BULL_RATIO 约束违反: 0.45 / 0.7 / 0.7,COMPLETE
6031,-0.4221640008750966,2026-05-12 19:14:11.896078,2026-05-12 19:14:15.652105,0 days 00:00:03.756027,0.45,0.8,3,0.05,0.01,0.6,0.08,6,0.5,20,0.65,,,,,,PRUNED
6032,-0.49969433079149217,2026-05-12 19:14:15.700001,2026-05-12 19:14:19.861578,0 days 00:00:04.161577,0.45,0.8,3,0.03,0.02,0.3,0.16,4,0.6,20,0.65,,,,,,PRUNED
6033,-0.5179924623587872,2026-05-12 19:14:19.888942,2026-05-12 19:14:20.475611,0 days 00:00:00.586669,0.45,0.7,2,0.05,0.02,0.6,0.08,6,0.5,20,0.8,-0.39108387647623727,-0.030830266507629607,0.2538171717650998,0.36025360996860767,,COMPLETE
6034,-9999.0,2026-05-12 19:14:20.503402,2026-05-12 19:14:20.831440,0 days 00:00:00.328038,0.45,0.7,2,0.03,0.02,0.6,0.08,6,0.7,20,0.8,,,,,BEAR_RATIO < NEUTRAL_RATIO < BULL_RATIO 约束违反: 0.45 / 0.7 / 0.7,COMPLETE
6035,-0.49815796775691873,2026-05-12 19:14:20.857112,2026-05-12 19:14:25.232063,0 days 00:00:04.374951,0.25,0.9,3,0.03,0.01,0.3,0.08,4,0.5,10,0.5,,,,,,PRUNED
6036,-0.48950519616106836,2026-05-12 19:14:25.258806,2026-05-12 19:14:32.064606,0 days 00:00:06.805800,0.35,0.7,3,0.05,0.01,0.45,0.16,5,0.6,5,0.65,,,,,,PRUNED
6037,-0.5928800807718478,2026-05-12 19:14:32.090922,2026-05-12 19:14:37.200250,0 days 00:00:05.109328,0.25,0.8,2,0.03,0.02,0.6,0.16,4,0.7,5,0.8,,,,,,PRUNED
6038,-0.46152728035568846,2026-05-12 19:14:37.228644,2026-05-12 19:14:37.618866,0 days 00:00:00.390222,0.45,0.9,2,0.05,0.02,0.6,0.08,6,0.7,20,0.8,,,,,,PRUNED
6039,-0.5715107846558711,2026-05-12 19:14:37.646735,2026-05-12 19:14:38.047522,0 days 00:00:00.400787,0.45,0.7,2,0.05,0.02,0.6,0.08,3,0.5,20,0.8,,,,,,PRUNED
6040,-0.5800743162440201,2026-05-12 19:14:38.075465,2026-05-12 19:14:43.070864,0 days 00:00:04.995399,0.25,0.8,2,0.03,0.01,0.3,0.12,4,0.7,5,0.65,,,,,,PRUNED
6041,-0.5179924623587872,2026-05-12 19:14:43.100189,2026-05-12 19:14:43.678345,0 days 00:00:00.578156,0.45,0.7,2,0.05,0.02,0.6,0.08,6,0.5,20,0.8,-0.39108387647623727,-0.030830266507629607,0.2538171717650998,0.36025360996860767,,COMPLETE
6042,-0.4194511448045569,2026-05-12 19:14:43.704496,2026-05-12 19:14:44.096771,0 days 00:00:00.392275,0.45,0.7,2,0.05,0.02,0.6,0.12,6,0.5,20,0.8,,,,,,PRUNED
6043,-0.5178686667180166,2026-05-12 19:14:44.127662,2026-05-12 19:14:47.418226,0 days 00:00:03.290564,0.25,0.9,2,0.05,0.02,0.3,0.12,3,0.5,5,0.65,,,,,,PRUNED
6044,-9999.0,2026-05-12 19:14:47.444699,2026-05-12 19:14:47.820743,0 days 00:00:00.376044,0.25,0.7,2,0.03,0.01,0.45,0.16,6,0.7,10,0.8,,,,,BEAR_RATIO < NEUTRAL_RATIO < BULL_RATIO 约束违反: 0.25 / 0.7 / 0.7,COMPLETE
6045,-9999.0,2026-05-12 19:14:47.848534,2026-05-12 19:14:48.191286,0 days 00:00:00.342752,0.45,0.7,2,0.05,0.02,0.6,0.12,5,0.7,20,0.8,,,,,BEAR_RATIO < NEUTRAL_RATIO < BULL_RATIO 约束违反: 0.45 / 0.7 / 0.7,COMPLETE
6046,-0.5803644548763601,2026-05-12 19:14:48.217279,2026-05-12 19:14:54.314253,0 days 00:00:06.096974,0.25,0.8,4,0.03,0.02,0.6,0.16,6,0.5,5,0.8,,,,,,PRUNED
6047,-0.49715318685039517,2026-05-12 19:14:54.342684,2026-05-12 19:14:59.580407,0 days 00:00:05.237723,0.25,0.7,2,0.03,0.02,0.45,0.08,6,0.5,10,0.5,,,,,,PRUNED
6048,-0.5626001713863833,2026-05-12 19:14:59.608884,2026-05-12 19:15:03.537758,0 days 00:00:03.928874,0.25,0.9,2,0.05,0.02,0.6,0.08,3,0.6,10,0.8,,,,,,PRUNED
6049,-0.5119411255673495,2026-05-12 19:15:03.566949,2026-05-12 19:15:07.511895,0 days 00:00:03.944946,0.45,0.7,2,0.05,0.02,0.45,0.08,3,0.5,10,0.8,,,,,,PRUNED
6050,-0.5179924623587872,2026-05-12 19:15:07.541077,2026-05-12 19:15:08.168993,0 days 00:00:00.627916,0.45,0.7,2,0.05,0.02,0.6,0.08,6,0.5,20,0.8,-0.39108387647623727,-0.030830266507629607,0.2538171717650998,0.36025360996860767,,COMPLETE
6051,-0.43644494572696835,2026-05-12 19:15:08.196486,2026-05-12 19:15:08.588949,0 days 00:00:00.392463,0.45,0.7,2,0.05,0.02,0.6,0.16,6,0.5,5,0.8,,,,,,PRUNED
6052,-0.4733885954212532,2026-05-12 19:15:08.617908,2026-05-12 19:15:14.512150,0 days 00:00:05.894242,0.35,0.9,2,0.05,0.02,0.6,0.08,6,0.5,5,0.5,,,,,,PRUNED
6053,-0.410125315542252,2026-05-12 19:15:14.539778,2026-05-12 19:15:14.933753,0 days 00:00:00.393975,0.45,0.7,4,0.05,0.02,0.6,0.08,6,0.5,20,0.8,,,,,,PRUNED
6054,-0.5825139853896287,2026-05-12 19:15:14.962303,2026-05-12 19:15:15.322297,0 days 00:00:00.359994,0.45,0.7,2,0.03,0.02,0.6,0.08,3,0.5,20,0.8,,,,,,PRUNED
6055,-0.5596974451609322,2026-05-12 19:15:15.345693,2026-05-12 19:15:18.367459,0 days 00:00:03.021766,0.25,0.8,3,0.03,0.02,0.6,0.12,3,0.7,5,0.5,,,,,,PRUNED
6056,-0.4878671754400352,2026-05-12 19:15:18.393236,2026-05-12 19:15:23.454689,0 days 00:00:05.061453,0.35,0.9,4,0.05,0.01,0.45,0.12,5,0.6,10,0.5,,,,,,PRUNED
6057,-0.49193185710020704,2026-05-12 19:15:23.483237,2026-05-12 19:15:28.465750,0 days 00:00:04.982513,0.25,0.7,2,0.05,0.02,0.45,0.12,5,0.6,10,0.65,,,,,,PRUNED
6058,-0.4315514413502047,2026-05-12 19:15:28.493585,2026-05-12 19:15:32.929264,0 days 00:00:04.435679,0.45,0.7,4,0.05,0.02,0.3,0.08,4,0.5,10,0.65,,,,,,PRUNED
6059,-0.648197757760185,2026-05-12 19:15:32.957932,2026-05-12 19:15:37.487892,0 days 00:00:04.529960,0.25,0.9,4,0.03,0.01,0.6,0.12,3,0.6,20,0.5,,,,,,PRUNED
6060,-9999.0,2026-05-12 19:15:37.515942,2026-05-12 19:15:37.854290,0 days 00:00:00.338348,0.25,0.7,3,0.05,0.01,0.3,0.12,3,0.7,10,0.5,,,,,BEAR_RATIO < NEUTRAL_RATIO < BULL_RATIO 约束违反: 0.25 / 0.7 / 0.7,COMPLETE
6061,-0.4903555880987213,2026-05-12 19:15:37.880631,2026-05-12 19:15:43.026369,0 days 00:00:05.145738,0.45,0.7,4,0.05,0.02,0.45,0.12,4,0.6,5,0.5,,,,,,PRUNED
6062,-0.4662207340286527,2026-05-12 19:15:43.057225,2026-05-12 19:15:47.388876,0 days 00:00:04.331651,0.45,0.9,4,0.05,0.02,0.3,0.08,5,0.6,5,0.5,,,,,,PRUNED
6063,-0.4242910183560481,2026-05-12 19:15:47.416644,2026-05-12 19:15:47.838511,0 days 00:00:00.421867,0.45,0.7,2,0.05,0.02,0.6,0.08,5,0.5,20,0.8,,,,,,PRUNED
6064,-0.5022139540544626,2026-05-12 19:15:47.864999,2026-05-12 19:15:52.300632,0 days 00:00:04.435633,0.25,0.9,2,0.05,0.01,0.45,0.16,4,0.6,10,0.8,,,,,,PRUNED
6065,-0.43978575775886214,2026-05-12 19:15:52.326425,2026-05-12 19:15:58.015593,0 days 00:00:05.689168,0.45,0.7,4,0.05,0.01,0.6,0.08,5,0.6,5,0.5,,,,,,PRUNED
6066,-0.43494412778290487,2026-05-12 19:15:58.043567,2026-05-12 19:16:03.032443,0 days 00:00:04.988876,0.45,0.8,2,0.05,0.01,0.45,0.08,6,0.6,20,0.5,,,,,,PRUNED
6067,-0.41789523230149306,2026-05-12 19:16:03.060437,2026-05-12 19:16:08.095397,0 days 00:00:05.034960,0.45,0.7,2,0.05,0.02,0.45,0.12,6,0.5,20,0.65,,,,,,PRUNED
6068,-9999.0,2026-05-12 19:16:08.125199,2026-05-12 19:16:08.475122,0 days 00:00:00.349923,0.35,0.7,2,0.05,0.02,0.6,0.12,3,0.7,5,0.5,,,,,BEAR_RATIO < NEUTRAL_RATIO < BULL_RATIO 约束违反: 0.35 / 0.7 / 0.7,COMPLETE
6069,-0.5179924623587872,2026-05-12 19:16:08.505984,2026-05-12 19:16:09.136892,0 days 00:00:00.630908,0.45,0.7,2,0.05,0.02,0.6,0.08,6,0.5,20,0.8,-0.39108387647623727,-0.030830266507629607,0.2538171717650998,0.36025360996860767,,COMPLETE
6070,-0.4569872190679303,2026-05-12 19:16:09.165935,2026-05-12 19:16:14.363924,0 days 00:00:05.197989,0.45,0.9,4,0.05,0.02,0.45,0.16,5,0.5,10,0.8,,,,,,PRUNED
6071,-0.4766633461637193,2026-05-12 19:16:14.393726,2026-05-12 19:16:18.021688,0 days 00:00:03.627962,0.35,0.8,4,0.05,0.02,0.6,0.12,5,0.6,10,0.65,,,,,,PRUNED
6072,-0.4668260017530414,2026-05-12 19:16:18.051862,2026-05-12 19:16:22.172576,0 days 00:00:04.120714,0.25,0.7,2,0.05,0.02,0.3,0.12,4,0.5,20,0.8,,,,,,PRUNED
6073,-0.47653844753119856,2026-05-12 19:16:22.200241,2026-05-12 19:16:26.268050,0 days 00:00:04.067809,0.35,0.8,3,0.05,0.01,0.45,0.12,4,0.7,20,0.65,,,,,,PRUNED
6074,-0.4943442939254001,2026-05-12 19:16:26.294923,2026-05-12 19:16:32.636173,0 days 00:00:06.341250,0.35,0.9,2,0.05,0.02,0.45,0.16,6,0.6,10,0.8,,,,,,PRUNED
6075,-0.5926684379718347,2026-05-12 19:16:32.664585,2026-05-12 19:16:36.210569,0 days 00:00:03.545984,0.45,0.7,2,0.03,0.01,0.3,0.12,3,0.5,20,0.8,,,,,,PRUNED
6076,-0.507358838592315,2026-05-12 19:16:36.238917,2026-05-12 19:16:41.330460,0 days 00:00:05.091543,0.35,0.9,3,0.03,0.02,0.45,0.08,6,0.7,20,0.65,,,,,,PRUNED
6077,-0.5179924623587872,2026-05-12 19:16:41.359498,2026-05-12 19:16:41.956654,0 days 00:00:00.597156,0.45,0.7,2,0.05,0.02,0.6,0.08,6,0.5,20,0.8,-0.39108387647623727,-0.030830266507629607,0.2538171717650998,0.36025360996860767,,COMPLETE
6078,-0.4454740791268369,2026-05-12 19:16:41.986661,2026-05-12 19:16:47.628332,0 days 00:00:05.641671,0.45,0.9,3,0.05,0.02,0.45,0.12,6,0.5,10,0.5,,,,,,PRUNED
6079,-0.5463546267472864,2026-05-12 19:16:47.656937,2026-05-12 19:16:53.812780,0 days 00:00:06.155843,0.25,0.7,3,0.03,0.02,0.3,0.16,5,0.5,5,0.5,,,,,,PRUNED
6080,-0.542594164932868,2026-05-12 19:16:53.841294,2026-05-12 19:16:58.369511,0 days 00:00:04.528217,0.25,0.9,4,0.03,0.01,0.45,0.16,4,0.7,10,0.65,,,,,,PRUNED
6081,-0.4786334302024694,2026-05-12 19:16:58.395088,2026-05-12 19:17:02.868572,0 days 00:00:04.473484,0.45,0.9,2,0.03,0.02,0.6,0.16,3,0.5,5,0.5,,,,,,PRUNED
6082,-0.5179924623587872,2026-05-12 19:17:02.895647,2026-05-12 19:17:03.494918,0 days 00:00:00.599271,0.45,0.7,2,0.05,0.02,0.6,0.08,6,0.5,20,0.8,-0.39108387647623727,-0.030830266507629607,0.2538171717650998,0.36025360996860767,,COMPLETE
6083,-9999.0,2026-05-12 19:17:03.522238,2026-05-12 19:17:03.853369,0 days 00:00:00.331131,0.35,0.7,4,0.03,0.02,0.3,0.08,3,0.7,20,0.65,,,,,BEAR_RATIO < NEUTRAL_RATIO < BULL_RATIO 约束违反: 0.35 / 0.7 / 0.7,COMPLETE
6084,-9999.0,2026-05-12 19:17:03.879507,2026-05-12 19:17:04.224539,0 days 00:00:00.345032,0.25,0.7,4,0.05,0.01,0.3,0.16,3,0.7,10,0.8,,,,,BEAR_RATIO < NEUTRAL_RATIO < BULL_RATIO 约束违反: 0.25 / 0.7 / 0.7,COMPLETE
6085,-0.5321772932813118,2026-05-12 19:17:04.251148,2026-05-12 19:17:08.177262,0 days 00:00:03.926114,0.25,0.9,2,0.05,0.02,0.45,0.08,6,0.6,5,0.65,,,,,,PRUNED
6086,-0.4585614251066997,2026-05-12 19:17:08.200713,2026-05-12 19:17:13.138258,0 days 00:00:04.937545,0.35,0.7,2,0.03,0.02,0.3,0.08,6,0.5,20,0.8,,,,,,PRUNED
6087,-0.4679928426352813,2026-05-12 19:17:13.170262,2026-05-12 19:17:18.597196,0 days 00:00:05.426934,0.45,0.8,3,0.05,0.02,0.3,0.16,6,0.6,10,0.5,,,,,,PRUNED
6088,-0.5314505723677015,2026-05-12 19:17:18.626135,2026-05-12 19:17:22.817799,0 days 00:00:04.191664,0.25,0.9,3,0.03,0.02,0.45,0.16,4,0.6,20,0.8,,,,,,PRUNED
6089,-0.4577059413734039,2026-05-12 19:17:22.846459,2026-05-12 19:17:23.273321,0 days 00:00:00.426862,0.35,0.9,2,0.05,0.02,0.6,0.08,6,0.5,20,0.8,,,,,,PRUNED
6090,-0.6019543460111356,2026-05-12 19:17:23.301577,2026-05-12 19:17:26.787350,0 days 00:00:03.485773,0.45,0.7,2,0.03,0.01,0.6,0.16,3,0.5,20,0.5,,,,,,PRUNED
6091,-0.5179924623587872,2026-05-12 19:17:26.813388,2026-05-12 19:17:28.362582,0 days 00:00:01.549194,0.45,0.7,2,0.05,0.02,0.6,0.08,6,0.5,20,0.8,-0.39108387647623727,-0.030830266507629607,0.2538171717650998,0.36025360996860767,,COMPLETE
6092,-0.5182406672588966,2026-05-12 19:17:28.389107,2026-05-12 19:17:28.962041,0 days 00:00:00.572934,0.45,0.7,2,0.05,0.02,0.45,0.08,6,0.5,20,0.5,-0.3910743597599139,-0.030648087966744914,0.25433261499796533,0.360426271793169,,COMPLETE
6093,-0.5534605243112636,2026-05-12 19:17:28.987456,2026-05-12 19:17:33.438273,0 days 00:00:04.450817,0.25,0.9,2,0.05,0.01,0.3,0.16,3,0.7,5,0.8,,,,,,PRUNED
6094,-0.4721314809782729,2026-05-12 19:17:33.464474,2026-05-12 19:17:36.670868,0 days 00:00:03.206394,0.45,0.8,2,0.05,0.02,0.6,0.08,3,0.7,5,0.8,,,,,,PRUNED
6095,-0.5918004144242259,2026-05-12 19:17:36.721727,2026-05-12 19:17:42.845639,0 days 00:00:06.123912,0.25,0.8,3,0.03,0.02,0.3,0.16,6,0.6,5,0.65,,,,,,PRUNED
6096,-0.47696561017010336,2026-05-12 19:17:42.874235,2026-05-12 19:17:47.066181,0 days 00:00:04.191946,0.35,0.8,4,0.03,0.01,0.6,0.08,4,0.6,20,0.65,,,,,,PRUNED
6097,-0.5839439418227413,2026-05-12 19:17:47.094306,2026-05-12 19:17:50.629092,0 days 00:00:03.534786,0.35,0.7,3,0.05,0.02,0.6,0.08,3,0.5,20,0.8,,,,,,PRUNED
6098,-0.47773299530791674,2026-05-12 19:17:50.660972,2026-05-12 19:17:54.895022,0 days 00:00:04.234050,0.35,0.8,4,0.03,0.01,0.3,0.08,4,0.6,20,0.5,,,,,,PRUNED
6099,-0.4974073281927062,2026-05-12 19:17:54.922220,2026-05-12 19:17:59.948166,0 days 00:00:05.025946,0.25,0.7,2,0.03,0.02,0.6,0.08,6,0.5,20,0.65,,,,,,PRUNED
6100,-0.4512775079666582,2026-05-12 19:17:59.975488,2026-05-12 19:18:05.619789,0 days 00:00:05.644301,0.45,0.8,4,0.05,0.02,0.45,0.16,5,0.5,5,0.65,,,,,,PRUNED
6101,-0.4318124553734489,2026-05-12 19:18:05.646216,2026-05-12 19:18:04.715311,-1 days +23:59:59.069095,0.45,0.7,2,0.03,0.02,0.45,0.08,6,0.5,20,0.8,,,,,,PRUNED
6102,-0.4547463472299411,2026-05-12 19:18:04.741109,2026-05-12 19:18:10.392003,0 days 00:00:05.650894,0.45,0.7,2,0.05,0.02,0.6,0.16,5,0.6,5,0.8,,,,,,PRUNED
6103,-0.42300571404722564,2026-05-12 19:18:10.420584,2026-05-12 19:18:15.392179,0 days 00:00:04.971595,0.45,0.8,3,0.05,0.02,0.3,0.08,6,0.5,20,0.65,,,,,,PRUNED
6104,-0.5179924623587872,2026-05-12 19:18:15.419058,2026-05-12 19:18:16.026588,0 days 00:00:00.607530,0.45,0.7,2,0.05,0.02,0.6,0.08,6,0.5,20,0.65,-0.39108387647623727,-0.030830266507629607,0.2538171717650998,0.36025360996860767,,COMPLETE
6105,-0.5427216641520631,2026-05-12 19:18:16.054483,2026-05-12 19:18:21.374418,0 days 00:00:05.319935,0.25,0.7,3,0.03,0.02,0.45,0.16,6,0.5,10,0.8,,,,,,PRUNED
6106,-0.5179924623587872,2026-05-12 19:18:21.402147,2026-05-12 19:18:22.006112,0 days 00:00:00.603965,0.45,0.7,2,0.05,0.02,0.6,0.08,6,0.5,20,0.5,-0.39108387647623727,-0.030830266507629607,0.2538171717650998,0.36025360996860767,,COMPLETE
6107,-0.4092788272711371,2026-05-12 19:18:22.035152,2026-05-12 19:18:22.437802,0 days 00:00:00.402650,0.45,0.7,3,0.05,0.02,0.6,0.08,6,0.5,20,0.8,,,,,,PRUNED
6108,-0.4221640008750966,2026-05-12 19:18:22.466552,2026-05-12 19:18:22.863887,0 days 00:00:00.397335,0.45,0.8,3,0.05,0.02,0.6,0.08,6,0.5,20,0.8,,,,,,PRUNED
6109,-0.5179924623587872,2026-05-12 19:18:22.893192,2026-05-12 19:18:23.507206,0 days 00:00:00.614014,0.45,0.7,2,0.05,0.02,0.6,0.08,6,0.5,20,0.8,-0.39108387647623727,-0.030830266507629607,0.2538171717650998,0.36025360996860767,,COMPLETE
6110,-0.5031158641546302,2026-05-12 19:18:23.537002,2026-05-12 19:18:29.491061,0 days 00:00:05.954059,0.25,0.8,3,0.05,0.01,0.45,0.08,6,0.7,20,0.8,,,,,,PRUNED
6111,-0.5197582963745941,2026-05-12 19:18:29.516805,2026-05-12 19:18:35.239965,0 days 00:00:05.723160,0.35,0.9,3,0.05,0.01,0.45,0.12,5,0.7,5,0.5,,,,,,PRUNED
6112,-9999.0,2026-05-12 19:18:35.267241,2026-05-12 19:18:35.637795,0 days 00:00:00.370554,0.25,0.7,4,0.05,0.02,0.6,0.08,6,0.7,20,0.5,,,,,BEAR_RATIO < NEUTRAL_RATIO < BULL_RATIO 约束违反: 0.25 / 0.7 / 0.7,COMPLETE
6113,-0.5180048956421339,2026-05-12 19:18:35.665270,2026-05-12 19:18:39.379845,0 days 00:00:03.714575,0.35,0.7,2,0.03,0.01,0.3,0.12,4,0.5,5,0.8,,,,,,PRUNED
6114,-0.4742836939261093,2026-05-12 19:18:39.407343,2026-05-12 19:18:39.795004,0 days 00:00:00.387661,0.25,0.7,2,0.05,0.02,0.6,0.08,6,0.5,10,0.8,,,,,,PRUNED
6115,-0.44831422193202525,2026-05-12 19:18:39.820834,2026-05-12 19:18:45.701057,0 days 00:00:05.880223,0.35,0.7,3,0.05,0.02,0.6,0.08,6,0.5,5,0.8,,,,,,PRUNED
6116,-0.4794770647685317,2026-05-12 19:18:45.731218,2026-05-12 19:18:51.624545,0 days 00:00:05.893327,0.35,0.8,4,0.05,0.02,0.6,0.12,6,0.5,5,0.8,,,,,,PRUNED
6117,-9999.0,2026-05-12 19:18:51.650763,2026-05-12 19:18:51.985832,0 days 00:00:00.335069,0.25,0.7,4,0.05,0.01,0.6,0.16,4,0.7,5,0.8,,,,,BEAR_RATIO < NEUTRAL_RATIO < BULL_RATIO 约束违反: 0.25 / 0.7 / 0.7,COMPLETE
6118,-0.5641574345652414,2026-05-12 19:18:52.012340,2026-05-12 19:18:55.934561,0 days 00:00:03.922221,0.45,0.8,3,0.05,0.01,0.45,0.16,3,0.7,10,0.5,,,,,,PRUNED
6119,-0.4227083328226171,2026-05-12 19:18:55.964497,2026-05-12 19:18:56.380457,0 days 00:00:00.415960,0.45,0.8,2,0.05,0.02,0.6,0.08,6,0.5,10,0.8,,,,,,PRUNED
6120,-0.5127180831809809,2026-05-12 19:18:56.406357,2026-05-12 19:19:01.171441,0 days 00:00:04.765084,0.25,0.8,3,0.05,0.02,0.3,0.08,5,0.7,20,0.65,,,,,,PRUNED
6121,-0.4988005012697112,2026-05-12 19:19:01.198613,2026-05-12 19:19:06.274869,0 days 00:00:05.076256,0.35,0.8,4,0.03,0.02,0.3,0.08,6,0.7,20,0.8,,,,,,PRUNED
6122,-0.5800800945924067,2026-05-12 19:19:06.301467,2026-05-12 19:19:08.409790,0 days 00:00:02.108323,0.45,0.7,2,0.05,0.02,0.6,0.16,3,0.5,20,0.5,,,,,,PRUNED
6123,-0.4550491770897389,2026-05-12 19:19:08.436483,2026-05-12 19:19:14.253988,0 days 00:00:05.817505,0.45,0.7,2,0.03,0.01,0.3,0.12,5,0.5,5,0.8,,,,,,PRUNED
6124,-0.4112047835601814,2026-05-12 19:19:14.282555,2026-05-12 19:19:19.338817,0 days 00:00:05.056262,0.45,0.7,3,0.05,0.02,0.6,0.08,5,0.5,10,0.8,,,,,,PRUNED
6125,-0.5179924623587872,2026-05-12 19:19:19.370325,2026-05-12 19:19:19.917192,0 days 00:00:00.546867,0.45,0.7,2,0.05,0.01,0.6,0.08,6,0.5,20,0.8,-0.39108387647623727,-0.030830266507629607,0.2538171717650998,0.36025360996860767,,COMPLETE
6126,-0.45456110486561263,2026-05-12 19:19:19.939777,2026-05-12 19:19:25.003185,0 days 00:00:05.063408,0.45,0.9,2,0.03,0.02,0.6,0.08,6,0.5,20,0.65,,,,,,PRUNED
6127,-0.5179924623587872,2026-05-12 19:19:25.030256,2026-05-12 19:19:26.583443,0 days 00:00:01.553187,0.45,0.7,2,0.05,0.02,0.6,0.08,6,0.5,20,0.8,-0.39108387647623727,-0.030830266507629607,0.2538171717650998,0.36025360996860767,,COMPLETE
6128,-0.5179924623587872,2026-05-12 19:19:26.611258,2026-05-12 19:19:27.180849,0 days 00:00:00.569591,0.45,0.7,2,0.05,0.02,0.6,0.08,6,0.5,20,0.8,-0.39108387647623727,-0.030830266507629607,0.2538171717650998,0.36025360996860767,,COMPLETE
6129,-0.4621520203788619,2026-05-12 19:19:27.207376,2026-05-12 19:19:32.333100,0 days 00:00:05.125724,0.45,0.8,4,0.03,0.01,0.45,0.12,5,0.5,10,0.5,,,,,,PRUNED
6130,-0.5522760780812729,2026-05-12 19:19:32.363212,2026-05-12 19:19:36.231799,0 days 00:00:03.868587,0.25,0.7,3,0.05,0.01,0.45,0.16,3,0.5,10,0.65,,,,,,PRUNED
6131,-0.4859231893601877,2026-05-12 19:19:36.257169,2026-05-12 19:19:39.266016,0 days 00:00:03.008847,0.35,0.7,2,0.03,0.02,0.6,0.08,3,0.6,5,0.65,,,,,,PRUNED
6132,-0.5117469024126576,2026-05-12 19:19:39.291472,2026-05-12 19:19:43.739353,0 days 00:00:04.447881,0.25,0.9,3,0.05,0.01,0.45,0.16,4,0.7,10,0.5,,,,,,PRUNED
6133,-0.5179924623587872,2026-05-12 19:19:43.765450,2026-05-12 19:19:44.378785,0 days 00:00:00.613335,0.45,0.7,2,0.05,0.02,0.6,0.08,6,0.5,20,0.8,-0.39108387647623727,-0.030830266507629607,0.2538171717650998,0.36025360996860767,,COMPLETE
6134,-0.5115857870075347,2026-05-12 19:19:44.406680,2026-05-12 19:19:49.358540,0 days 00:00:04.951860,0.25,0.7,3,0.05,0.01,0.6,0.16,6,0.6,20,0.65,,,,,,PRUNED
6135,-0.5179924623587872,2026-05-12 19:19:49.386465,2026-05-12 19:19:49.997614,0 days 00:00:00.611149,0.45,0.7,2,0.05,0.02,0.6,0.08,6,0.5,20,0.8,-0.39108387647623727,-0.030830266507629607,0.2538171717650998,0.36025360996860767,,COMPLETE
6136,-0.4453752849364197,2026-05-12 19:19:50.025619,2026-05-12 19:19:54.166780,0 days 00:00:04.141161,0.45,0.7,3,0.05,0.01,0.45,0.12,4,0.6,20,0.5,,,,,,PRUNED
6137,-0.6434658270860883,2026-05-12 19:19:54.211587,2026-05-12 19:19:57.825498,0 days 00:00:03.613911,0.25,0.9,3,0.03,0.02,0.3,0.12,3,0.6,20,0.65,,,,,,PRUNED
6138,-9999.0,2026-05-12 19:19:57.853891,2026-05-12 19:19:58.200980,0 days 00:00:00.347089,0.25,0.7,2,0.03,0.01,0.6,0.12,4,0.7,20,0.5,,,,,BEAR_RATIO < NEUTRAL_RATIO < BULL_RATIO 约束违反: 0.25 / 0.7 / 0.7,COMPLETE
