number,value,datetime_start,datetime_complete,duration,params_BEAR_RATIO,params_BULL_RATIO,params_GRID_MAX_LAYER,params_GRID_STEP_MAX,params_GRID_STEP_MIN,params_GRID_STEP_VOL_FACTOR,params_LAYER_FRACTION,params_MAX_HOLD,params_NEUTRAL_RATIO,params_REBALANCE_FREQ,params_VOL_WEIGHT,user_attrs_avg_test_score,user_attrs_avg_train_score,user_attrs_test_score_std,user_attrs_train_test_gap,user_attrs_validation_error,state
8568,-9999.0,2026-05-12 21:22:47.862706,2026-05-12 21:22:48.209561,0 days 00:00:00.346855,0.45,0.7,3,0.03,0.01,0.3,0.16,5,0.7,5,0.65,,,,,BEAR_RATIO < NEUTRAL_RATIO < BULL_RATIO 约束违反: 0.45 / 0.7 / 0.7,COMPLETE
8569,-0.6438696562051515,2026-05-12 21:22:48.252829,2026-05-12 21:22:51.793320,0 days 00:00:03.540491,0.35,0.9,3,0.03,0.01,0.45,0.16,3,0.6,20,0.5,,,,,,PRUNED
8570,-0.5286041685358607,2026-05-12 21:22:51.821566,2026-05-12 21:22:56.983110,0 days 00:00:05.161544,0.25,0.7,3,0.03,0.01,0.6,0.12,6,0.6,10,0.5,,,,,,PRUNED
8571,-0.531353382877006,2026-05-12 21:22:57.007954,2026-05-12 21:23:02.749886,0 days 00:00:05.741932,0.25,0.8,4,0.05,0.01,0.3,0.12,6,0.5,5,0.8,,,,,,PRUNED
8572,-0.6541970338617907,2026-05-12 21:23:02.779106,2026-05-12 21:23:06.213080,0 days 00:00:03.433974,0.45,0.8,4,0.03,0.01,0.45,0.16,3,0.7,20,0.65,,,,,,PRUNED
8573,-0.5837988588184064,2026-05-12 21:23:06.242538,2026-05-12 21:23:10.822414,0 days 00:00:04.579876,0.25,0.9,4,0.03,0.01,0.3,0.12,3,0.5,10,0.8,,,,,,PRUNED
8574,-0.4213231947291116,2026-05-12 21:23:10.848631,2026-05-12 21:23:11.241398,0 days 00:00:00.392767,0.45,0.7,2,0.05,0.02,0.6,0.08,4,0.5,20,0.8,,,,,,PRUNED
8575,-0.44960570368121644,2026-05-12 21:23:11.271692,2026-05-12 21:23:15.786905,0 days 00:00:04.515213,0.35,0.7,3,0.05,0.01,0.45,0.08,5,0.5,20,0.65,,,,,,PRUNED
8576,-0.42357363260304626,2026-05-12 21:23:15.813881,2026-05-12 21:23:16.243114,0 days 00:00:00.429233,0.45,0.7,2,0.05,0.02,0.6,0.08,6,0.6,20,0.8,,,,,,PRUNED
8577,-0.5083724833328591,2026-05-12 21:23:16.269693,2026-05-12 21:23:21.405505,0 days 00:00:05.135812,0.25,0.7,3,0.05,0.01,0.45,0.16,6,0.6,10,0.5,,,,,,PRUNED
8578,-0.5158826318164077,2026-05-12 21:23:21.436302,2026-05-12 21:23:27.205317,0 days 00:00:05.769015,0.35,0.8,3,0.03,0.01,0.6,0.08,6,0.7,5,0.8,,,,,,PRUNED
8579,-0.6300910027750461,2026-05-12 21:23:27.232333,2026-05-12 21:23:30.661818,0 days 00:00:03.429485,0.45,0.8,4,0.03,0.01,0.45,0.08,3,0.7,20,0.5,,,,,,PRUNED
8580,-0.5898882183751041,2026-05-12 21:23:30.689863,2026-05-12 21:23:34.387879,0 days 00:00:03.698016,0.25,0.9,3,0.03,0.02,0.45,0.16,3,0.5,10,0.8,,,,,,PRUNED
8581,-9999.0,2026-05-12 21:23:34.414695,2026-05-12 21:23:34.761364,0 days 00:00:00.346669,0.25,0.7,4,0.05,0.02,0.6,0.12,5,0.7,20,0.65,,,,,BEAR_RATIO < NEUTRAL_RATIO < BULL_RATIO 约束违反: 0.25 / 0.7 / 0.7,COMPLETE
8582,-0.5179924623587872,2026-05-12 21:23:34.787042,2026-05-12 21:23:35.407117,0 days 00:00:00.620075,0.45,0.7,2,0.05,0.02,0.6,0.08,6,0.5,20,0.8,-0.39108387647623727,-0.030830266507629607,0.2538171717650998,0.36025360996860767,,COMPLETE
8583,-0.5179924623587872,2026-05-12 21:23:35.436701,2026-05-12 21:23:36.068473,0 days 00:00:00.631772,0.45,0.7,2,0.05,0.02,0.6,0.08,6,0.5,20,0.8,-0.39108387647623727,-0.030830266507629607,0.2538171717650998,0.36025360996860767,,COMPLETE
8584,-0.4890054354318939,2026-05-12 21:23:36.121274,2026-05-12 21:23:41.835642,0 days 00:00:05.714368,0.35,0.9,3,0.05,0.01,0.45,0.12,6,0.5,5,0.5,,,,,,PRUNED
8585,-0.6358917775829415,2026-05-12 21:23:41.864319,2026-05-12 21:23:45.274917,0 days 00:00:03.410598,0.25,0.9,2,0.05,0.02,0.3,0.12,3,0.7,20,0.65,,,,,,PRUNED
8586,-0.5455311215798426,2026-05-12 21:23:45.303672,2026-05-12 21:23:49.637807,0 days 00:00:04.334135,0.25,0.9,4,0.03,0.01,0.6,0.08,3,0.6,5,0.5,,,,,,PRUNED
8587,-0.5806131587973193,2026-05-12 21:23:49.663963,2026-05-12 21:23:55.428881,0 days 00:00:05.764918,0.25,0.9,2,0.03,0.02,0.3,0.12,6,0.6,5,0.5,,,,,,PRUNED
8588,-0.5179924623587872,2026-05-12 21:23:55.455963,2026-05-12 21:23:56.062335,0 days 00:00:00.606372,0.45,0.7,2,0.05,0.01,0.6,0.08,6,0.5,20,0.8,-0.39108387647623727,-0.030830266507629607,0.2538171717650998,0.36025360996860767,,COMPLETE
8589,-0.5179924623587872,2026-05-12 21:23:56.090135,2026-05-12 21:23:56.688796,0 days 00:00:00.598661,0.45,0.7,2,0.05,0.02,0.6,0.08,6,0.5,20,0.8,-0.39108387647623727,-0.030830266507629607,0.2538171717650998,0.36025360996860767,,COMPLETE
8590,-0.47441457244516044,2026-05-12 21:23:56.714975,2026-05-12 21:23:57.111630,0 days 00:00:00.396655,0.25,0.7,2,0.05,0.02,0.6,0.08,6,0.5,20,0.8,,,,,,PRUNED
8591,-0.5179924623587872,2026-05-12 21:23:57.138390,2026-05-12 21:23:57.756165,0 days 00:00:00.617775,0.45,0.7,2,0.05,0.02,0.6,0.08,6,0.5,20,0.8,-0.39108387647623727,-0.030830266507629607,0.2538171717650998,0.36025360996860767,,COMPLETE
8592,-0.4100386278766106,2026-05-12 21:23:57.786041,2026-05-12 21:23:58.201736,0 days 00:00:00.415695,0.45,0.7,2,0.05,0.02,0.3,0.08,6,0.5,20,0.8,,,,,,PRUNED
8593,-0.4296411080598753,2026-05-12 21:23:58.228718,2026-05-12 21:23:58.669438,0 days 00:00:00.440720,0.45,0.7,2,0.05,0.02,0.6,0.16,6,0.5,20,0.8,,,,,,PRUNED
8594,-0.5731214209042875,2026-05-12 21:23:58.697396,2026-05-12 21:24:02.391288,0 days 00:00:03.693892,0.25,0.9,4,0.05,0.01,0.45,0.08,3,0.7,10,0.65,,,,,,PRUNED
8595,-9999.0,2026-05-12 21:24:02.419890,2026-05-12 21:24:02.762099,0 days 00:00:00.342209,0.45,0.7,4,0.03,0.01,0.45,0.12,4,0.7,20,0.65,,,,,BEAR_RATIO < NEUTRAL_RATIO < BULL_RATIO 约束违反: 0.45 / 0.7 / 0.7,COMPLETE
8596,-0.5179924623587872,2026-05-12 21:24:02.791649,2026-05-12 21:24:03.413392,0 days 00:00:00.621743,0.45,0.7,2,0.05,0.02,0.6,0.08,6,0.5,20,0.8,-0.39108387647623727,-0.030830266507629607,0.2538171717650998,0.36025360996860767,,COMPLETE
8597,-0.4993493223338911,2026-05-12 21:24:03.440535,2026-05-12 21:24:08.224318,0 days 00:00:04.783783,0.25,0.9,3,0.05,0.01,0.45,0.08,6,0.5,20,0.5,,,,,,PRUNED
8598,-0.5179924623587872,2026-05-12 21:24:08.250510,2026-05-12 21:24:08.839700,0 days 00:00:00.589190,0.45,0.7,2,0.05,0.02,0.6,0.08,6,0.5,20,0.8,-0.39108387647623727,-0.030830266507629607,0.2538171717650998,0.36025360996860767,,COMPLETE
8599,-0.4092137988646166,2026-05-12 21:24:08.866633,2026-05-12 21:24:09.267700,0 days 00:00:00.401067,0.45,0.7,2,0.05,0.02,0.6,0.08,6,0.5,10,0.8,,,,,,PRUNED
8600,-0.6593662020293152,2026-05-12 21:24:09.297431,2026-05-12 21:24:13.621064,0 days 00:00:04.323633,0.25,0.8,3,0.03,0.02,0.3,0.16,3,0.7,20,0.65,,,,,,PRUNED
8601,-0.5179924623587872,2026-05-12 21:24:13.649072,2026-05-12 21:24:14.227858,0 days 00:00:00.578786,0.45,0.7,2,0.05,0.02,0.6,0.08,6,0.5,20,0.8,-0.39108387647623727,-0.030830266507629607,0.2538171717650998,0.36025360996860767,,COMPLETE
8602,-0.4897326134403525,2026-05-12 21:24:14.255892,2026-05-12 21:24:21.284559,0 days 00:00:07.028667,0.45,0.8,4,0.03,0.02,0.45,0.12,5,0.6,5,0.5,,,,,,PRUNED
8603,-0.43333909441165963,2026-05-12 21:24:21.310075,2026-05-12 21:24:21.706761,0 days 00:00:00.396686,0.35,0.7,2,0.05,0.02,0.6,0.08,6,0.5,20,0.8,,,,,,PRUNED
8604,-0.41425741193738236,2026-05-12 21:24:21.730764,2026-05-12 21:24:22.122318,0 days 00:00:00.391554,0.45,0.7,2,0.05,0.02,0.6,0.08,6,0.5,5,0.8,,,,,,PRUNED
8605,-0.47111197326805565,2026-05-12 21:24:22.146431,2026-05-12 21:24:27.262437,0 days 00:00:05.116006,0.45,0.8,4,0.03,0.01,0.6,0.12,4,0.5,10,0.8,,,,,,PRUNED
8606,-0.4846874443898769,2026-05-12 21:24:27.287473,2026-05-12 21:24:33.240484,0 days 00:00:05.953011,0.35,0.9,2,0.05,0.02,0.6,0.08,6,0.7,20,0.8,,,,,,PRUNED
8607,-0.43496968261076036,2026-05-12 21:24:33.268779,2026-05-12 21:24:37.651644,0 days 00:00:04.382865,0.45,0.8,2,0.05,0.01,0.3,0.12,6,0.5,20,0.8,,,,,,PRUNED
8608,-0.45948064769815766,2026-05-12 21:24:37.679452,2026-05-12 21:24:43.566492,0 days 00:00:05.887040,0.35,0.7,4,0.03,0.01,0.6,0.08,6,0.5,20,0.8,,,,,,PRUNED
8609,-0.628286228110548,2026-05-12 21:24:43.591711,2026-05-12 21:24:47.610737,0 days 00:00:04.019026,0.35,0.8,3,0.03,0.02,0.6,0.12,3,0.6,20,0.8,,,,,,PRUNED
8610,-0.4938489909877761,2026-05-12 21:24:47.638946,2026-05-12 21:24:54.123508,0 days 00:00:06.484562,0.25,0.7,3,0.05,0.01,0.6,0.08,5,0.5,5,0.5,,,,,,PRUNED
8611,-9999.0,2026-05-12 21:24:54.149148,2026-05-12 21:24:54.482619,0 days 00:00:00.333471,0.45,0.7,4,0.03,0.01,0.45,0.12,3,0.7,10,0.8,,,,,BEAR_RATIO < NEUTRAL_RATIO < BULL_RATIO 约束违反: 0.45 / 0.7 / 0.7,COMPLETE
8612,-0.42056632138184724,2026-05-12 21:24:54.509955,2026-05-12 21:24:54.912251,0 days 00:00:00.402296,0.45,0.8,2,0.05,0.02,0.6,0.08,6,0.5,20,0.8,,,,,,PRUNED
8613,-0.49131270057304377,2026-05-12 21:24:54.935425,2026-05-12 21:25:00.668396,0 days 00:00:05.732971,0.25,0.7,3,0.05,0.02,0.6,0.12,6,0.5,20,0.8,,,,,,PRUNED
8614,-0.520530635258418,2026-05-12 21:25:00.695703,2026-05-12 21:25:05.798353,0 days 00:00:05.102650,0.25,0.7,4,0.03,0.01,0.45,0.12,3,0.5,5,0.65,,,,,,PRUNED
8615,-0.4537970153654902,2026-05-12 21:25:05.827156,2026-05-12 21:25:10.557281,0 days 00:00:04.730125,0.35,0.9,2,0.05,0.02,0.6,0.08,4,0.5,20,0.8,,,,,,PRUNED
8616,-0.5179924623587872,2026-05-12 21:25:10.585627,2026-05-12 21:25:11.141335,0 days 00:00:00.555708,0.45,0.7,2,0.05,0.02,0.6,0.08,6,0.5,20,0.8,-0.39108387647623727,-0.030830266507629607,0.2538171717650998,0.36025360996860767,,COMPLETE
8617,-0.5237006319611677,2026-05-12 21:25:11.169404,2026-05-12 21:25:17.033619,0 days 00:00:05.864215,0.45,0.9,4,0.03,0.02,0.6,0.08,4,0.6,5,0.8,,,,,,PRUNED
8618,-0.5179924623587872,2026-05-12 21:25:17.062390,2026-05-12 21:25:17.607134,0 days 00:00:00.544744,0.45,0.7,2,0.05,0.02,0.6,0.08,6,0.5,20,0.8,-0.39108387647623727,-0.030830266507629607,0.2538171717650998,0.36025360996860767,,COMPLETE
8619,-0.5179924623587872,2026-05-12 21:25:17.634183,2026-05-12 21:25:18.189727,0 days 00:00:00.555544,0.45,0.7,2,0.05,0.02,0.6,0.08,6,0.5,20,0.8,-0.39108387647623727,-0.030830266507629607,0.2538171717650998,0.36025360996860767,,COMPLETE
8620,-0.46762049411653606,2026-05-12 21:25:18.216755,2026-05-12 21:25:26.112952,0 days 00:00:07.896197,0.45,0.8,2,0.05,0.01,0.45,0.16,6,0.6,5,0.8,,,,,,PRUNED
8621,-0.5331816536909081,2026-05-12 21:25:26.137946,2026-05-12 21:25:31.301427,0 days 00:00:05.163481,0.25,0.8,3,0.05,0.02,0.6,0.16,3,0.6,5,0.65,,,,,,PRUNED
8622,-0.43223096142417294,2026-05-12 21:25:31.324823,2026-05-12 21:25:31.728567,0 days 00:00:00.403744,0.45,0.9,2,0.05,0.02,0.6,0.08,6,0.5,20,0.8,,,,,,PRUNED
8623,-0.5488302642474362,2026-05-12 21:25:31.758644,2026-05-12 21:25:36.151091,0 days 00:00:04.392447,0.45,0.9,2,0.05,0.02,0.3,0.12,3,0.6,10,0.65,,,,,,PRUNED
8624,-0.44727036634333456,2026-05-12 21:25:36.179759,2026-05-12 21:25:42.093037,0 days 00:00:05.913278,0.45,0.7,3,0.03,0.02,0.6,0.08,6,0.6,20,0.5,,,,,,PRUNED
8625,-9999.0,2026-05-12 21:25:42.121950,2026-05-12 21:25:42.470922,0 days 00:00:00.348972,0.45,0.7,2,0.05,0.02,0.6,0.08,6,0.7,20,0.8,,,,,BEAR_RATIO < NEUTRAL_RATIO < BULL_RATIO 约束违反: 0.45 / 0.7 / 0.7,COMPLETE
8626,-0.5179924623587872,2026-05-12 21:25:42.496596,2026-05-12 21:25:43.051528,0 days 00:00:00.554932,0.45,0.7,2,0.05,0.02,0.6,0.08,6,0.5,20,0.8,-0.39108387647623727,-0.030830266507629607,0.2538171717650998,0.36025360996860767,,COMPLETE
8627,-0.4318124553734489,2026-05-12 21:25:43.081751,2026-05-12 21:25:43.478970,0 days 00:00:00.397219,0.45,0.7,2,0.03,0.02,0.6,0.08,6,0.5,20,0.8,,,,,,PRUNED
8628,-0.5179924623587872,2026-05-12 21:25:43.503321,2026-05-12 21:25:44.076025,0 days 00:00:00.572704,0.45,0.7,2,0.05,0.02,0.6,0.08,6,0.5,20,0.8,-0.39108387647623727,-0.030830266507629607,0.2538171717650998,0.36025360996860767,,COMPLETE
8629,-0.5179924623587872,2026-05-12 21:25:44.102059,2026-05-12 21:25:44.662773,0 days 00:00:00.560714,0.45,0.7,2,0.05,0.02,0.6,0.08,6,0.5,20,0.8,-0.39108387647623727,-0.030830266507629607,0.2538171717650998,0.36025360996860767,,COMPLETE
8630,-0.5520677183323033,2026-05-12 21:25:44.688622,2026-05-12 21:25:50.568305,0 days 00:00:05.879683,0.35,0.9,3,0.03,0.02,0.6,0.16,4,0.5,5,0.8,,,,,,PRUNED
8631,-0.5007869308212305,2026-05-12 21:25:50.596231,2026-05-12 21:25:55.274202,0 days 00:00:04.677971,0.25,0.9,4,0.05,0.02,0.3,0.16,4,0.5,10,0.5,,,,,,PRUNED
8632,-0.4414721554467807,2026-05-12 21:25:55.305068,2026-05-12 21:26:00.582942,0 days 00:00:05.277874,0.45,0.8,2,0.05,0.02,0.6,0.16,5,0.5,10,0.5,,,,,,PRUNED
8633,-0.5179924623587872,2026-05-12 21:26:00.610038,2026-05-12 21:26:01.221212,0 days 00:00:00.611174,0.45,0.7,2,0.05,0.01,0.6,0.08,6,0.5,20,0.8,-0.39108387647623727,-0.030830266507629607,0.2538171717650998,0.36025360996860767,,COMPLETE
8634,-0.5182406672588966,2026-05-12 21:26:01.253367,2026-05-12 21:26:01.876206,0 days 00:00:00.622839,0.45,0.7,2,0.05,0.02,0.45,0.08,6,0.5,20,0.8,-0.3910743597599139,-0.030648087966744914,0.25433261499796533,0.360426271793169,,COMPLETE
8635,-0.4803434883068124,2026-05-12 21:26:01.909527,2026-05-12 21:26:06.236155,0 days 00:00:04.326628,0.25,0.8,3,0.05,0.01,0.3,0.12,4,0.5,20,0.5,,,,,,PRUNED
8636,-9999.0,2026-05-12 21:26:06.262729,2026-05-12 21:26:06.623954,0 days 00:00:00.361225,0.35,0.7,3,0.05,0.02,0.45,0.16,3,0.7,10,0.65,,,,,BEAR_RATIO < NEUTRAL_RATIO < BULL_RATIO 约束违反: 0.35 / 0.7 / 0.7,COMPLETE
8637,-0.4194511448045569,2026-05-12 21:26:06.651573,2026-05-12 21:26:07.079199,0 days 00:00:00.427626,0.45,0.7,2,0.05,0.02,0.6,0.12,6,0.5,20,0.8,,,,,,PRUNED
8638,-0.5534804380751883,2026-05-12 21:26:07.110149,2026-05-12 21:26:11.737920,0 days 00:00:04.627771,0.25,0.9,2,0.05,0.02,0.45,0.16,3,0.7,5,0.8,,,,,,PRUNED
8639,-0.5179924623587872,2026-05-12 21:26:11.764897,2026-05-12 21:26:12.379822,0 days 00:00:00.614925,0.45,0.7,2,0.05,0.02,0.6,0.08,6,0.5,20,0.8,-0.39108387647623727,-0.030830266507629607,0.2538171717650998,0.36025360996860767,,COMPLETE
8640,-0.5179924623587872,2026-05-12 21:26:12.406739,2026-05-12 21:26:12.955683,0 days 00:00:00.548944,0.45,0.7,2,0.05,0.02,0.6,0.08,6,0.5,20,0.8,-0.39108387647623727,-0.030830266507629607,0.2538171717650998,0.36025360996860767,,COMPLETE
8641,-0.5179924623587872,2026-05-12 21:26:12.978949,2026-05-12 21:26:13.521806,0 days 00:00:00.542857,0.45,0.7,2,0.05,0.02,0.6,0.08,6,0.5,20,0.8,-0.39108387647623727,-0.030830266507629607,0.2538171717650998,0.36025360996860767,,COMPLETE
8642,-0.5179924623587872,2026-05-12 21:26:13.545323,2026-05-12 21:26:14.103986,0 days 00:00:00.558663,0.45,0.7,2,0.05,0.02,0.6,0.08,6,0.5,20,0.8,-0.39108387647623727,-0.030830266507629607,0.2538171717650998,0.36025360996860767,,COMPLETE
8643,-0.4242910183560481,2026-05-12 21:26:14.130339,2026-05-12 21:26:14.528557,0 days 00:00:00.398218,0.45,0.7,2,0.05,0.02,0.6,0.08,5,0.5,20,0.8,,,,,,PRUNED
8644,-0.5348992948367995,2026-05-12 21:26:14.555271,2026-05-12 21:26:19.716698,0 days 00:00:05.161427,0.45,0.8,3,0.03,0.01,0.45,0.16,4,0.6,5,0.8,,,,,,PRUNED
8645,-0.459645088184451,2026-05-12 21:26:19.743133,2026-05-12 21:26:24.564072,0 days 00:00:04.820939,0.45,0.8,3,0.03,0.01,0.3,0.12,5,0.5,10,0.65,,,,,,PRUNED
8646,-0.5820623408841515,2026-05-12 21:26:24.589141,2026-05-12 21:26:28.400719,0 days 00:00:03.811578,0.25,0.9,4,0.05,0.02,0.3,0.12,3,0.7,10,0.65,,,,,,PRUNED
8647,-0.5212646028759447,2026-05-12 21:26:28.451841,2026-05-12 21:26:34.163074,0 days 00:00:05.711233,0.35,0.9,2,0.05,0.02,0.3,0.12,6,0.7,5,0.5,,,,,,PRUNED
8648,-0.6346284209087927,2026-05-12 21:26:34.190998,2026-05-12 21:26:38.502420,0 days 00:00:04.311422,0.25,0.9,3,0.05,0.02,0.6,0.16,3,0.6,20,0.8,,,,,,PRUNED
8649,-0.48507709692758344,2026-05-12 21:26:38.526921,2026-05-12 21:26:42.501816,0 days 00:00:03.974895,0.25,0.9,2,0.05,0.02,0.3,0.12,4,0.5,20,0.8,,,,,,PRUNED
8650,-0.45008334853644605,2026-05-12 21:26:42.532464,2026-05-12 21:26:47.978253,0 days 00:00:05.445789,0.35,0.8,2,0.05,0.01,0.3,0.08,6,0.5,20,0.8,,,,,,PRUNED
8651,-0.5083507377929639,2026-05-12 21:26:48.011223,2026-05-12 21:26:53.083650,0 days 00:00:05.072427,0.35,0.9,3,0.03,0.01,0.3,0.08,6,0.7,20,0.8,,,,,,PRUNED
8652,-0.4753862590390236,2026-05-12 21:26:53.110663,2026-05-12 21:26:58.870480,0 days 00:00:05.759817,0.35,0.8,4,0.05,0.02,0.45,0.12,5,0.5,5,0.65,,,,,,PRUNED
8653,-0.4724630150963399,2026-05-12 21:26:58.901783,2026-05-12 21:27:04.304447,0 days 00:00:05.402664,0.45,0.7,2,0.03,0.02,0.45,0.12,6,0.6,20,0.5,,,,,,PRUNED
8654,-0.42669689897793717,2026-05-12 21:27:04.333795,2026-05-12 21:27:09.251729,0 days 00:00:04.917934,0.45,0.7,4,0.05,0.02,0.3,0.12,6,0.5,20,0.65,,,,,,PRUNED
8655,-0.46714734951518316,2026-05-12 21:27:09.282909,2026-05-12 21:27:13.316040,0 days 00:00:04.033131,0.35,0.9,2,0.05,0.02,0.45,0.16,4,0.5,20,0.5,,,,,,PRUNED
8656,-0.410125315542252,2026-05-12 21:27:13.345786,2026-05-12 21:27:13.789264,0 days 00:00:00.443478,0.45,0.7,4,0.05,0.02,0.6,0.08,6,0.5,20,0.8,,,,,,PRUNED
8657,-0.5715107846558711,2026-05-12 21:27:13.819857,2026-05-12 21:27:14.232710,0 days 00:00:00.412853,0.45,0.7,2,0.05,0.02,0.6,0.08,3,0.5,20,0.8,,,,,,PRUNED
8658,-0.5207341426223179,2026-05-12 21:27:14.259606,2026-05-12 21:27:18.937535,0 days 00:00:04.677929,0.25,0.9,3,0.05,0.01,0.6,0.08,5,0.7,20,0.8,,,,,,PRUNED
8659,-0.5321895253567727,2026-05-12 21:27:18.965314,2026-05-12 21:27:23.839932,0 days 00:00:04.874618,0.25,0.8,4,0.03,0.02,0.6,0.12,5,0.6,10,0.65,,,,,,PRUNED
8660,-0.4855464399382498,2026-05-12 21:27:23.867083,2026-05-12 21:27:29.022050,0 days 00:00:05.154967,0.45,0.7,2,0.03,0.02,0.45,0.16,5,0.6,10,0.65,,,,,,PRUNED
8661,-0.4296411080598753,2026-05-12 21:27:29.049895,2026-05-12 21:27:29.525383,0 days 00:00:00.475488,0.45,0.7,2,0.05,0.02,0.6,0.16,6,0.5,20,0.65,,,,,,PRUNED
8662,-0.5179924623587872,2026-05-12 21:27:29.552088,2026-05-12 21:27:30.208665,0 days 00:00:00.656577,0.45,0.7,2,0.05,0.02,0.6,0.08,6,0.5,20,0.8,-0.39108387647623727,-0.030830266507629607,0.2538171717650998,0.36025360996860767,,COMPLETE
8663,-0.5202318684591872,2026-05-12 21:27:30.237305,2026-05-12 21:27:36.508312,0 days 00:00:06.271007,0.35,0.9,2,0.03,0.02,0.3,0.12,6,0.6,20,0.65,,,,,,PRUNED
8664,-0.4521611491482174,2026-05-12 21:27:36.536687,2026-05-12 21:27:42.444072,0 days 00:00:05.907385,0.45,0.8,2,0.03,0.02,0.6,0.08,6,0.5,5,0.8,,,,,,PRUNED
8665,-0.45713602155141575,2026-05-12 21:27:42.470571,2026-05-12 21:27:47.949472,0 days 00:00:05.478901,0.45,0.9,2,0.03,0.02,0.6,0.08,6,0.5,10,0.8,,,,,,PRUNED
8666,-0.5179924623587872,2026-05-12 21:27:47.977233,2026-05-12 21:27:48.604001,0 days 00:00:00.626768,0.45,0.7,2,0.05,0.02,0.6,0.08,6,0.5,20,0.8,-0.39108387647623727,-0.030830266507629607,0.2538171717650998,0.36025360996860767,,COMPLETE
8667,-0.5179924623587872,2026-05-12 21:27:48.633534,2026-05-12 21:27:49.262261,0 days 00:00:00.628727,0.45,0.7,2,0.05,0.02,0.6,0.08,6,0.5,20,0.5,-0.39108387647623727,-0.030830266507629607,0.2538171717650998,0.36025360996860767,,COMPLETE
8668,-0.5140258615901951,2026-05-12 21:27:49.292929,2026-05-12 21:27:54.503794,0 days 00:00:05.210865,0.45,0.9,3,0.05,0.02,0.45,0.12,4,0.6,5,0.65,,,,,,PRUNED
8669,-0.5179924623587872,2026-05-12 21:27:54.532238,2026-05-12 21:27:55.150486,0 days 00:00:00.618248,0.45,0.7,2,0.05,0.02,0.6,0.08,6,0.5,20,0.8,-0.39108387647623727,-0.030830266507629607,0.2538171717650998,0.36025360996860767,,COMPLETE
8670,-0.5133647033507629,2026-05-12 21:27:55.179064,2026-05-12 21:28:01.049598,0 days 00:00:05.870534,0.35,0.9,2,0.05,0.02,0.6,0.16,6,0.6,5,0.65,,,,,,PRUNED
8671,-0.5173365989726969,2026-05-12 21:28:01.082270,2026-05-12 21:28:06.200407,0 days 00:00:05.118137,0.25,0.8,2,0.03,0.02,0.6,0.08,5,0.7,10,0.8,,,,,,PRUNED
8672,-0.4868738695985017,2026-05-12 21:28:06.231388,2026-05-12 21:28:10.689972,0 days 00:00:04.458584,0.35,0.8,3,0.03,0.01,0.6,0.12,3,0.5,5,0.65,,,,,,PRUNED
8673,-9999.0,2026-05-12 21:28:10.719390,2026-05-12 21:28:11.077806,0 days 00:00:00.358416,0.45,0.7,3,0.03,0.01,0.3,0.08,3,0.7,20,0.65,,,,,BEAR_RATIO < NEUTRAL_RATIO < BULL_RATIO 约束违反: 0.45 / 0.7 / 0.7,COMPLETE
8674,-0.4466594733856591,2026-05-12 21:28:11.108228,2026-05-12 21:28:16.800650,0 days 00:00:05.692422,0.45,0.8,2,0.05,0.01,0.6,0.08,6,0.6,5,0.8,,,,,,PRUNED
8675,-9999.0,2026-05-12 21:28:16.828293,2026-05-12 21:28:17.181671,0 days 00:00:00.353378,0.35,0.7,3,0.05,0.02,0.3,0.12,4,0.7,5,0.65,,,,,BEAR_RATIO < NEUTRAL_RATIO < BULL_RATIO 约束违反: 0.35 / 0.7 / 0.7,COMPLETE
8676,-9999.0,2026-05-12 21:28:17.206374,2026-05-12 21:28:17.523277,0 days 00:00:00.316903,0.35,0.7,3,0.03,0.02,0.45,0.16,3,0.7,20,0.5,,,,,BEAR_RATIO < NEUTRAL_RATIO < BULL_RATIO 约束违反: 0.35 / 0.7 / 0.7,COMPLETE
8677,-0.5002574708852704,2026-05-12 21:28:17.549145,2026-05-12 21:28:21.548394,0 days 00:00:03.999249,0.35,0.7,2,0.03,0.01,0.45,0.16,4,0.6,20,0.5,,,,,,PRUNED
8678,-0.5179924623587872,2026-05-12 21:28:21.577824,2026-05-12 21:28:22.190617,0 days 00:00:00.612793,0.45,0.7,2,0.05,0.02,0.6,0.08,6,0.5,20,0.65,-0.39108387647623727,-0.030830266507629607,0.2538171717650998,0.36025360996860767,,COMPLETE
8679,-0.5179924623587872,2026-05-12 21:28:22.222647,2026-05-12 21:28:22.837412,0 days 00:00:00.614765,0.45,0.7,2,0.05,0.02,0.6,0.08,6,0.5,20,0.8,-0.39108387647623727,-0.030830266507629607,0.2538171717650998,0.36025360996860767,,COMPLETE
8680,-0.4488579367582394,2026-05-12 21:28:22.867138,2026-05-12 21:28:28.532407,0 days 00:00:05.665269,0.45,0.8,3,0.05,0.01,0.6,0.08,6,0.6,5,0.8,,,,,,PRUNED
8681,-0.5131210876689236,2026-05-12 21:28:28.559898,2026-05-12 21:28:34.277230,0 days 00:00:05.717332,0.25,0.9,3,0.05,0.01,0.3,0.08,5,0.7,10,0.5,,,,,,PRUNED
8682,-0.432980707092909,2026-05-12 21:28:34.307229,2026-05-12 21:28:34.752180,0 days 00:00:00.444951,0.45,0.7,2,0.05,0.02,0.6,0.12,5,0.5,20,0.8,,,,,,PRUNED
8683,-0.5179924623587872,2026-05-12 21:28:34.780180,2026-05-12 21:28:35.403556,0 days 00:00:00.623376,0.45,0.7,2,0.05,0.02,0.6,0.08,6,0.5,20,0.8,-0.39108387647623727,-0.030830266507629607,0.2538171717650998,0.36025360996860767,,COMPLETE
8684,-0.4092788272711371,2026-05-12 21:28:35.430030,2026-05-12 21:28:35.858448,0 days 00:00:00.428418,0.45,0.7,3,0.05,0.02,0.6,0.08,6,0.5,20,0.8,,,,,,PRUNED
8685,-9999.0,2026-05-12 21:28:35.889193,2026-05-12 21:28:36.279974,0 days 00:00:00.390781,0.45,0.7,2,0.05,0.02,0.3,0.08,6,0.7,10,0.8,,,,,BEAR_RATIO < NEUTRAL_RATIO < BULL_RATIO 约束违反: 0.45 / 0.7 / 0.7,COMPLETE
8686,-0.4721251024246689,2026-05-12 21:28:36.309474,2026-05-12 21:28:40.350604,0 days 00:00:04.041130,0.35,0.8,2,0.05,0.02,0.45,0.12,4,0.7,20,0.5,,,,,,PRUNED
8687,-0.4689915125604101,2026-05-12 21:28:40.377896,2026-05-12 21:28:44.683377,0 days 00:00:04.305481,0.35,0.8,4,0.05,0.01,0.45,0.16,4,0.5,10,0.5,,,,,,PRUNED
