number,value,datetime_start,datetime_complete,duration,params_BEAR_RATIO,params_BULL_RATIO,params_GRID_MAX_LAYER,params_GRID_STEP_MAX,params_GRID_STEP_MIN,params_GRID_STEP_VOL_FACTOR,params_LAYER_FRACTION,params_MAX_HOLD,params_NEUTRAL_RATIO,params_REBALANCE_FREQ,params_VOL_WEIGHT,user_attrs_avg_test_score,user_attrs_avg_train_score,user_attrs_test_score_std,user_attrs_train_test_gap,user_attrs_validation_error,state
835,-0.5012435209959506,2026-05-12 14:47:33.058475,2026-05-12 14:47:38.008852,0 days 00:00:04.950377,0.25,0.8,2,0.05,0.01,0.3,0.08,5,0.7,10,0.65,,,,,,PRUNED
836,-0.5046263814134214,2026-05-12 14:47:38.032392,2026-05-12 14:47:43.941563,0 days 00:00:05.909171,0.45,0.9,3,0.03,0.01,0.45,0.12,6,0.6,5,0.5,,,,,,PRUNED
837,-9999.0,2026-05-12 14:47:43.965026,2026-05-12 14:47:44.361172,0 days 00:00:00.396146,0.35,0.7,3,0.05,0.02,0.6,0.08,3,0.7,20,0.65,,,,,BEAR_RATIO < NEUTRAL_RATIO < BULL_RATIO 约束违反: 0.35 / 0.7 / 0.7,COMPLETE
838,-0.5179924623587872,2026-05-12 14:47:44.386621,2026-05-12 14:47:44.908767,0 days 00:00:00.522146,0.45,0.7,2,0.05,0.02,0.6,0.08,6,0.5,20,0.65,-0.39108387647623727,-0.030830266507629607,0.2538171717650998,0.36025360996860767,,COMPLETE
839,-0.5799332361682186,2026-05-12 14:47:44.933154,2026-05-12 14:47:48.380865,0 days 00:00:03.447711,0.45,0.8,2,0.05,0.02,0.3,0.08,3,0.5,20,0.5,,,,,,PRUNED
840,-0.4242910183560481,2026-05-12 14:47:48.404699,2026-05-12 14:47:48.731827,0 days 00:00:00.327128,0.45,0.7,2,0.05,0.02,0.6,0.08,5,0.5,20,0.8,,,,,,PRUNED
841,-0.5130786188268105,2026-05-12 14:47:48.755350,2026-05-12 14:47:53.124343,0 days 00:00:04.368993,0.25,0.7,2,0.05,0.01,0.45,0.12,3,0.6,5,0.65,,,,,,PRUNED
842,-0.548219967171087,2026-05-12 14:47:53.150098,2026-05-12 14:47:59.993058,0 days 00:00:06.842960,0.25,0.9,3,0.05,0.01,0.45,0.12,6,0.6,5,0.8,,,,,,PRUNED
843,-0.5179924623587872,2026-05-12 14:48:00.017967,2026-05-12 14:48:00.528724,0 days 00:00:00.510757,0.45,0.7,2,0.05,0.02,0.6,0.08,6,0.5,20,0.8,-0.39108387647623727,-0.030830266507629607,0.2538171717650998,0.36025360996860767,,COMPLETE
844,-0.5753471055236833,2026-05-12 14:48:00.555314,2026-05-12 14:48:02.726649,0 days 00:00:02.171335,0.25,0.7,3,0.03,0.01,0.45,0.16,3,0.5,10,0.5,,,,,,PRUNED
845,-0.4959053525605407,2026-05-12 14:48:02.752468,2026-05-12 14:48:07.106359,0 days 00:00:04.353891,0.35,0.8,3,0.03,0.02,0.6,0.08,3,0.6,5,0.5,,,,,,PRUNED
846,-0.5179924623587872,2026-05-12 14:48:07.130394,2026-05-12 14:48:07.678260,0 days 00:00:00.547866,0.45,0.7,2,0.05,0.02,0.6,0.08,6,0.5,20,0.8,-0.39108387647623727,-0.030830266507629607,0.2538171717650998,0.36025360996860767,,COMPLETE
847,-0.5806407232973809,2026-05-12 14:48:07.702803,2026-05-12 14:48:11.174677,0 days 00:00:03.471874,0.45,0.8,3,0.05,0.02,0.6,0.08,3,0.5,20,0.65,,,,,,PRUNED
848,-0.5176471376874658,2026-05-12 14:48:11.199435,2026-05-12 14:48:15.591478,0 days 00:00:04.392043,0.35,0.8,3,0.03,0.01,0.6,0.16,3,0.6,5,0.65,,,,,,PRUNED
849,-0.48398787201980714,2026-05-12 14:48:15.618176,2026-05-12 14:48:20.287350,0 days 00:00:04.669174,0.45,0.8,2,0.05,0.01,0.45,0.16,5,0.7,20,0.8,,,,,,PRUNED
850,-0.42650957679760443,2026-05-12 14:48:20.314075,2026-05-12 14:48:25.262272,0 days 00:00:04.948197,0.45,0.7,4,0.05,0.02,0.45,0.08,6,0.6,20,0.8,,,,,,PRUNED
851,-0.45866113837959177,2026-05-12 14:48:25.287136,2026-05-12 14:48:29.405920,0 days 00:00:04.118784,0.45,0.8,2,0.05,0.02,0.6,0.16,4,0.6,20,0.8,,,,,,PRUNED
852,-0.5179924623587872,2026-05-12 14:48:29.430465,2026-05-12 14:48:29.928604,0 days 00:00:00.498139,0.45,0.7,2,0.05,0.02,0.6,0.08,6,0.5,20,0.8,-0.39108387647623727,-0.030830266507629607,0.2538171717650998,0.36025360996860767,,COMPLETE
853,-0.5179924623587872,2026-05-12 14:48:29.955134,2026-05-12 14:48:30.469837,0 days 00:00:00.514703,0.45,0.7,2,0.05,0.02,0.6,0.08,6,0.5,20,0.8,-0.39108387647623727,-0.030830266507629607,0.2538171717650998,0.36025360996860767,,COMPLETE
854,-9999.0,2026-05-12 14:48:30.493057,2026-05-12 14:48:30.757991,0 days 00:00:00.264934,0.45,0.7,2,0.05,0.01,0.6,0.08,6,0.7,5,0.8,,,,,BEAR_RATIO < NEUTRAL_RATIO < BULL_RATIO 约束违反: 0.45 / 0.7 / 0.7,COMPLETE
855,-0.456619061774679,2026-05-12 14:48:30.781307,2026-05-12 14:48:35.193267,0 days 00:00:04.411960,0.45,0.7,2,0.03,0.02,0.6,0.08,6,0.6,5,0.5,,,,,,PRUNED
856,-0.4433314042457899,2026-05-12 14:48:35.216265,2026-05-12 14:48:39.374839,0 days 00:00:04.158574,0.45,0.7,4,0.03,0.02,0.6,0.08,4,0.5,20,0.65,,,,,,PRUNED
857,-0.49373344226029675,2026-05-12 14:48:39.400334,2026-05-12 14:48:43.895577,0 days 00:00:04.495243,0.25,0.8,4,0.05,0.01,0.3,0.12,4,0.6,10,0.5,,,,,,PRUNED
858,-0.5320448384852111,2026-05-12 14:48:43.921494,2026-05-12 14:48:49.947477,0 days 00:00:06.025983,0.25,0.8,2,0.05,0.01,0.6,0.16,6,0.5,5,0.5,,,,,,PRUNED
859,-0.5063962106266384,2026-05-12 14:48:49.971178,2026-05-12 14:48:56.112409,0 days 00:00:06.141231,0.35,0.9,2,0.03,0.01,0.3,0.08,6,0.7,10,0.65,,,,,,PRUNED
860,-0.5179924623587872,2026-05-12 14:48:56.138050,2026-05-12 14:48:56.650788,0 days 00:00:00.512738,0.45,0.7,2,0.05,0.02,0.6,0.08,6,0.5,20,0.8,-0.39108387647623727,-0.030830266507629607,0.2538171717650998,0.36025360996860767,,COMPLETE
861,-0.4194511448045569,2026-05-12 14:48:56.674200,2026-05-12 14:49:01.608287,0 days 00:00:04.934087,0.45,0.7,2,0.05,0.01,0.6,0.12,6,0.5,20,0.65,,,,,,PRUNED
862,-0.5126729045713659,2026-05-12 14:49:01.634697,2026-05-12 14:49:06.561637,0 days 00:00:04.926940,0.25,0.9,2,0.05,0.02,0.6,0.12,6,0.5,20,0.65,,,,,,PRUNED
863,-0.5179924623587872,2026-05-12 14:49:06.585850,2026-05-12 14:49:07.099621,0 days 00:00:00.513771,0.45,0.7,2,0.05,0.02,0.6,0.08,6,0.5,20,0.8,-0.39108387647623727,-0.030830266507629607,0.2538171717650998,0.36025360996860767,,COMPLETE
864,-0.4667601662174139,2026-05-12 14:49:07.122827,2026-05-12 14:49:12.977211,0 days 00:00:05.854384,0.35,0.7,4,0.05,0.02,0.45,0.08,6,0.6,5,0.65,,,,,,PRUNED
865,-0.5179924623587872,2026-05-12 14:49:13.003529,2026-05-12 14:49:13.548926,0 days 00:00:00.545397,0.45,0.7,2,0.05,0.02,0.6,0.08,6,0.5,20,0.8,-0.39108387647623727,-0.030830266507629607,0.2538171717650998,0.36025360996860767,,COMPLETE
866,-0.5047056348706132,2026-05-12 14:49:13.595148,2026-05-12 14:49:18.423949,0 days 00:00:04.828801,0.35,0.9,3,0.03,0.02,0.3,0.12,6,0.5,20,0.5,,,,,,PRUNED
867,-0.5179924623587872,2026-05-12 14:49:18.447285,2026-05-12 14:49:18.952734,0 days 00:00:00.505449,0.45,0.7,2,0.05,0.02,0.6,0.08,6,0.5,20,0.8,-0.39108387647623727,-0.030830266507629607,0.2538171717650998,0.36025360996860767,,COMPLETE
868,-0.42357363260304626,2026-05-12 14:49:18.975220,2026-05-12 14:49:19.302354,0 days 00:00:00.327134,0.45,0.7,2,0.05,0.02,0.6,0.08,6,0.6,20,0.8,,,,,,PRUNED
869,-0.5563073095017794,2026-05-12 14:49:17.247635,2026-05-12 14:49:23.127062,0 days 00:00:05.879427,0.25,0.9,4,0.05,0.01,0.3,0.16,6,0.5,5,0.8,,,,,,PRUNED
870,-0.45077461428220533,2026-05-12 14:49:23.149791,2026-05-12 14:49:27.292302,0 days 00:00:04.142511,0.45,0.9,2,0.05,0.02,0.6,0.08,4,0.6,20,0.8,,,,,,PRUNED
871,-0.4627520052453922,2026-05-12 14:49:27.315886,2026-05-12 14:49:31.791475,0 days 00:00:04.475589,0.45,0.8,4,0.03,0.01,0.6,0.12,3,0.5,5,0.8,,,,,,PRUNED
872,-0.5179924623587872,2026-05-12 14:49:31.815200,2026-05-12 14:49:32.350715,0 days 00:00:00.535515,0.45,0.7,2,0.05,0.02,0.6,0.08,6,0.5,20,0.8,-0.39108387647623727,-0.030830266507629607,0.2538171717650998,0.36025360996860767,,COMPLETE
873,-0.4092788272711371,2026-05-12 14:49:32.376048,2026-05-12 14:49:32.710234,0 days 00:00:00.334186,0.45,0.7,3,0.05,0.02,0.6,0.08,6,0.5,20,0.8,,,,,,PRUNED
874,-0.5179924623587872,2026-05-12 14:49:32.736761,2026-05-12 14:49:33.295245,0 days 00:00:00.558484,0.45,0.7,2,0.05,0.02,0.6,0.08,6,0.5,20,0.8,-0.39108387647623727,-0.030830266507629607,0.2538171717650998,0.36025360996860767,,COMPLETE
875,-0.45456110486561263,2026-05-12 14:49:33.317641,2026-05-12 14:49:38.313901,0 days 00:00:04.996260,0.45,0.9,2,0.03,0.02,0.45,0.08,6,0.5,20,0.8,,,,,,PRUNED
876,-0.5179924623587872,2026-05-12 14:49:38.340217,2026-05-12 14:49:38.842083,0 days 00:00:00.501866,0.45,0.7,2,0.05,0.01,0.6,0.08,6,0.5,20,0.8,-0.39108387647623727,-0.030830266507629607,0.2538171717650998,0.36025360996860767,,COMPLETE
877,-0.5179924623587872,2026-05-12 14:49:38.866328,2026-05-12 14:49:39.345591,0 days 00:00:00.479263,0.45,0.7,2,0.05,0.02,0.6,0.08,6,0.5,20,0.8,-0.39108387647623727,-0.030830266507629607,0.2538171717650998,0.36025360996860767,,COMPLETE
878,-9999.0,2026-05-12 14:49:39.368434,2026-05-12 14:49:39.644146,0 days 00:00:00.275712,0.45,0.7,2,0.05,0.01,0.6,0.16,6,0.7,5,0.65,,,,,BEAR_RATIO < NEUTRAL_RATIO < BULL_RATIO 约束违反: 0.45 / 0.7 / 0.7,COMPLETE
879,-9999.0,2026-05-12 14:49:39.669309,2026-05-12 14:49:39.940997,0 days 00:00:00.271688,0.25,0.7,2,0.05,0.01,0.6,0.12,5,0.7,10,0.65,,,,,BEAR_RATIO < NEUTRAL_RATIO < BULL_RATIO 约束违反: 0.25 / 0.7 / 0.7,COMPLETE
880,-0.6254597069662202,2026-05-12 14:49:39.966860,2026-05-12 14:49:43.373592,0 days 00:00:03.406732,0.45,0.9,3,0.03,0.02,0.6,0.12,3,0.6,20,0.5,,,,,,PRUNED
881,-9999.0,2026-05-12 14:49:43.400045,2026-05-12 14:49:43.677967,0 days 00:00:00.277922,0.25,0.7,2,0.05,0.02,0.3,0.16,5,0.7,5,0.5,,,,,BEAR_RATIO < NEUTRAL_RATIO < BULL_RATIO 约束违反: 0.25 / 0.7 / 0.7,COMPLETE
882,-0.5318730366227058,2026-05-12 14:49:43.700418,2026-05-12 14:49:48.590338,0 days 00:00:04.889920,0.25,0.9,3,0.03,0.02,0.6,0.12,5,0.5,10,0.65,,,,,,PRUNED
883,-9999.0,2026-05-12 14:49:48.615890,2026-05-12 14:49:48.868336,0 days 00:00:00.252446,0.35,0.7,2,0.05,0.02,0.45,0.08,6,0.7,10,0.5,,,,,BEAR_RATIO < NEUTRAL_RATIO < BULL_RATIO 约束违反: 0.35 / 0.7 / 0.7,COMPLETE
884,-0.4333600775936791,2026-05-12 14:49:48.911447,2026-05-12 14:49:52.080168,0 days 00:00:03.168721,0.45,0.8,3,0.05,0.01,0.6,0.08,4,0.5,20,0.65,,,,,,PRUNED
885,-0.47111197326805565,2026-05-12 14:49:52.124230,2026-05-12 14:49:56.509911,0 days 00:00:04.385681,0.45,0.8,4,0.03,0.02,0.6,0.12,4,0.5,10,0.65,,,,,,PRUNED
886,-0.6188983750887626,2026-05-12 14:49:56.532602,2026-05-12 14:50:00.116042,0 days 00:00:03.583440,0.45,0.8,4,0.05,0.02,0.6,0.08,3,0.7,20,0.8,,,,,,PRUNED
887,-0.6417286523262732,2026-05-12 14:50:00.140101,2026-05-12 14:50:03.646913,0 days 00:00:03.506812,0.25,0.9,2,0.03,0.02,0.6,0.16,3,0.5,20,0.8,,,,,,PRUNED
888,-0.5618512010426557,2026-05-12 14:50:03.670302,2026-05-12 14:50:09.557666,0 days 00:00:05.887364,0.25,0.9,4,0.05,0.01,0.6,0.12,6,0.7,5,0.65,,,,,,PRUNED
889,-0.47654915675410625,2026-05-12 14:50:09.595606,2026-05-12 14:50:15.378491,0 days 00:00:05.782885,0.35,0.9,2,0.05,0.01,0.3,0.08,6,0.5,5,0.5,,,,,,PRUNED
890,-0.4281118730858412,2026-05-12 14:50:15.401914,2026-05-12 14:50:19.193500,0 days 00:00:03.791586,0.45,0.7,4,0.05,0.02,0.3,0.12,6,0.5,10,0.8,,,,,,PRUNED
891,-0.40932570196215795,2026-05-12 14:50:19.220248,2026-05-12 14:50:24.086263,0 days 00:00:04.866015,0.45,0.7,4,0.05,0.01,0.45,0.08,6,0.5,20,0.8,,,,,,PRUNED
892,-0.5971497313520536,2026-05-12 14:50:24.109491,2026-05-12 14:50:29.614508,0 days 00:00:05.505017,0.25,0.9,4,0.03,0.01,0.6,0.16,5,0.7,5,0.65,,,,,,PRUNED
893,-0.43571952340474307,2026-05-12 14:50:29.634212,2026-05-12 14:50:33.631812,0 days 00:00:03.997600,0.45,0.7,3,0.05,0.02,0.6,0.08,4,0.6,20,0.8,,,,,,PRUNED
894,-0.43801273212774006,2026-05-12 14:50:33.657450,2026-05-12 14:50:38.260494,0 days 00:00:04.603044,0.45,0.8,2,0.05,0.02,0.3,0.08,5,0.5,20,0.8,,,,,,PRUNED
895,-0.5051188079618831,2026-05-12 14:50:38.285237,2026-05-12 14:50:44.325213,0 days 00:00:06.039976,0.25,0.7,2,0.03,0.02,0.6,0.08,6,0.6,10,0.65,,,,,,PRUNED
896,-0.5179924623587872,2026-05-12 14:50:44.347395,2026-05-12 14:50:44.838766,0 days 00:00:00.491371,0.45,0.7,2,0.05,0.02,0.6,0.08,6,0.5,20,0.8,-0.39108387647623727,-0.030830266507629607,0.2538171717650998,0.36025360996860767,,COMPLETE
897,-0.4351694194242078,2026-05-12 14:50:44.863506,2026-05-12 14:50:49.767261,0 days 00:00:04.903755,0.35,0.7,3,0.05,0.01,0.6,0.08,6,0.5,20,0.8,,,,,,PRUNED
898,-0.5260688155204436,2026-05-12 14:50:49.796310,2026-05-12 14:50:52.416135,0 days 00:00:02.619825,0.35,0.9,2,0.03,0.01,0.6,0.16,4,0.7,20,0.8,,,,,,PRUNED
899,-0.5179924623587872,2026-05-12 14:50:52.439538,2026-05-12 14:50:52.936021,0 days 00:00:00.496483,0.45,0.7,2,0.05,0.02,0.6,0.08,6,0.5,20,0.8,-0.39108387647623727,-0.030830266507629607,0.2538171717650998,0.36025360996860767,,COMPLETE
900,-0.47759875463523704,2026-05-12 14:50:52.959838,2026-05-12 14:50:56.997386,0 days 00:00:04.037548,0.25,0.8,3,0.05,0.02,0.45,0.12,4,0.5,20,0.65,,,,,,PRUNED
901,-9999.0,2026-05-12 14:50:57.024242,2026-05-12 14:50:57.309097,0 days 00:00:00.284855,0.45,0.7,4,0.05,0.01,0.6,0.08,6,0.7,20,0.8,,,,,BEAR_RATIO < NEUTRAL_RATIO < BULL_RATIO 约束违反: 0.45 / 0.7 / 0.7,COMPLETE
902,-0.5048897174538365,2026-05-12 14:50:57.334766,2026-05-12 14:51:01.915434,0 days 00:00:04.580668,0.25,0.9,2,0.05,0.01,0.45,0.08,5,0.5,20,0.8,,,,,,PRUNED
903,-0.526733188260297,2026-05-12 14:51:01.940473,2026-05-12 14:51:06.368618,0 days 00:00:04.428145,0.25,0.8,3,0.03,0.02,0.45,0.12,3,0.5,5,0.8,,,,,,PRUNED
904,-0.6006895950234669,2026-05-12 14:51:06.391832,2026-05-12 14:51:09.813559,0 days 00:00:03.421727,0.35,0.8,2,0.03,0.01,0.45,0.08,3,0.5,20,0.5,,,,,,PRUNED
905,-0.4213231947291116,2026-05-12 14:51:09.838300,2026-05-12 14:51:10.185343,0 days 00:00:00.347043,0.45,0.7,2,0.05,0.02,0.6,0.08,4,0.5,20,0.8,,,,,,PRUNED
906,-0.5313132283495513,2026-05-12 14:51:10.210172,2026-05-12 14:51:14.647176,0 days 00:00:04.437004,0.25,0.9,3,0.05,0.02,0.6,0.08,3,0.6,5,0.5,,,,,,PRUNED
907,-0.5179924623587872,2026-05-12 14:51:14.691396,2026-05-12 14:51:15.201041,0 days 00:00:00.509645,0.45,0.7,2,0.05,0.02,0.6,0.08,6,0.5,20,0.8,-0.39108387647623727,-0.030830266507629607,0.2538171717650998,0.36025360996860767,,COMPLETE
908,-0.508660331250351,2026-05-12 14:51:15.226101,2026-05-12 14:51:20.017748,0 days 00:00:04.791647,0.45,0.8,3,0.03,0.01,0.6,0.16,5,0.6,20,0.65,,,,,,PRUNED
909,-0.42290957988043265,2026-05-12 14:51:20.037513,2026-05-12 14:51:23.668257,0 days 00:00:03.630744,0.45,0.7,2,0.05,0.01,0.6,0.08,6,0.6,10,0.8,,,,,,PRUNED
910,-0.5179924623587872,2026-05-12 14:51:23.690446,2026-05-12 14:51:24.138152,0 days 00:00:00.447706,0.45,0.7,2,0.05,0.02,0.6,0.08,6,0.5,20,0.8,-0.39108387647623727,-0.030830266507629607,0.2538171717650998,0.36025360996860767,,COMPLETE
911,-0.5541149675955255,2026-05-12 14:51:24.159055,2026-05-12 14:51:29.988147,0 days 00:00:05.829092,0.25,0.7,2,0.03,0.02,0.6,0.12,6,0.6,5,0.8,,,,,,PRUNED
912,-0.410125315542252,2026-05-12 14:51:30.040000,2026-05-12 14:51:34.962994,0 days 00:00:04.922994,0.45,0.7,4,0.05,0.01,0.6,0.08,6,0.5,20,0.5,,,,,,PRUNED
913,-0.49471599561054624,2026-05-12 14:51:34.987068,2026-05-12 14:51:40.769681,0 days 00:00:05.782613,0.45,0.8,2,0.03,0.01,0.45,0.12,5,0.7,10,0.65,,,,,,PRUNED
914,-0.4170964359595015,2026-05-12 14:51:40.795919,2026-05-12 14:51:46.641178,0 days 00:00:05.845259,0.45,0.7,4,0.05,0.01,0.6,0.08,6,0.5,5,0.8,,,,,,PRUNED
915,-0.6057425842781478,2026-05-12 14:51:46.665551,2026-05-12 14:51:50.171753,0 days 00:00:03.506202,0.25,0.7,2,0.05,0.02,0.6,0.16,3,0.5,20,0.65,,,,,,PRUNED
916,-0.5310832555256166,2026-05-12 14:51:50.195878,2026-05-12 14:51:52.437027,0 days 00:00:02.241149,0.45,0.7,4,0.05,0.01,0.45,0.08,3,0.6,10,0.8,,,,,,PRUNED
917,-0.6003610551640693,2026-05-12 14:51:52.460744,2026-05-12 14:51:56.269979,0 days 00:00:03.809235,0.25,0.8,4,0.03,0.02,0.45,0.16,3,0.6,10,0.8,,,,,,PRUNED
918,-0.43148900901251575,2026-05-12 14:51:56.293064,2026-05-12 14:52:01.313251,0 days 00:00:05.020187,0.45,0.7,4,0.03,0.01,0.6,0.08,6,0.5,20,0.8,,,,,,PRUNED
919,-0.47792527670287044,2026-05-12 14:52:01.338157,2026-05-12 14:52:06.254020,0 days 00:00:04.915863,0.25,0.7,4,0.05,0.01,0.6,0.08,6,0.5,20,0.8,,,,,,PRUNED
920,-9999.0,2026-05-12 14:52:06.277451,2026-05-12 14:52:06.561656,0 days 00:00:00.284205,0.35,0.7,3,0.03,0.02,0.6,0.12,6,0.7,20,0.65,,,,,BEAR_RATIO < NEUTRAL_RATIO < BULL_RATIO 约束违反: 0.35 / 0.7 / 0.7,COMPLETE
921,-0.5879950012066233,2026-05-12 14:52:06.585677,2026-05-12 14:52:10.032319,0 days 00:00:03.446642,0.45,0.8,2,0.05,0.02,0.6,0.16,3,0.5,20,0.5,,,,,,PRUNED
922,-0.5022263035667619,2026-05-12 14:52:10.058669,2026-05-12 14:52:14.829331,0 days 00:00:04.770662,0.25,0.7,2,0.05,0.02,0.45,0.16,5,0.5,20,0.8,,,,,,PRUNED
923,-0.43362061482938863,2026-05-12 14:52:14.855037,2026-05-12 14:52:19.712364,0 days 00:00:04.857327,0.45,0.9,3,0.05,0.01,0.6,0.08,6,0.5,20,0.8,,,,,,PRUNED
924,-0.538863901161388,2026-05-12 14:52:19.735249,2026-05-12 14:52:23.339296,0 days 00:00:03.604047,0.35,0.9,4,0.05,0.01,0.6,0.12,4,0.6,5,0.8,,,,,,PRUNED
925,-9999.0,2026-05-12 14:52:23.363138,2026-05-12 14:52:23.641270,0 days 00:00:00.278132,0.45,0.7,4,0.05,0.02,0.6,0.08,4,0.7,20,0.8,,,,,BEAR_RATIO < NEUTRAL_RATIO < BULL_RATIO 约束违反: 0.45 / 0.7 / 0.7,COMPLETE
926,-0.47441457244516044,2026-05-12 14:52:23.662164,2026-05-12 14:52:24.001769,0 days 00:00:00.339605,0.25,0.7,2,0.05,0.02,0.6,0.08,6,0.5,20,0.8,,,,,,PRUNED
927,-0.4606182938914455,2026-05-12 14:52:24.024707,2026-05-12 14:52:28.074591,0 days 00:00:04.049884,0.45,0.9,3,0.05,0.02,0.3,0.16,4,0.5,20,0.8,,,,,,PRUNED
928,-0.5179924623587872,2026-05-12 14:52:28.097206,2026-05-12 14:52:28.611223,0 days 00:00:00.514017,0.45,0.7,2,0.05,0.02,0.6,0.08,6,0.5,20,0.8,-0.39108387647623727,-0.030830266507629607,0.2538171717650998,0.36025360996860767,,COMPLETE
929,-0.6069133716086845,2026-05-12 14:52:28.635254,2026-05-12 14:52:32.956884,0 days 00:00:04.321630,0.25,0.7,2,0.03,0.02,0.6,0.08,3,0.5,20,0.8,,,,,,PRUNED
930,-0.4121653833865075,2026-05-12 14:52:32.981756,2026-05-12 14:52:37.889848,0 days 00:00:04.908092,0.45,0.7,4,0.05,0.02,0.3,0.08,6,0.5,20,0.65,,,,,,PRUNED
931,-0.5113662531760396,2026-05-12 14:52:37.917857,2026-05-12 14:52:43.218314,0 days 00:00:05.300457,0.45,0.7,2,0.03,0.01,0.6,0.12,4,0.6,5,0.65,,,,,,PRUNED
932,-0.5014296747841384,2026-05-12 14:52:43.238616,2026-05-12 14:52:48.225910,0 days 00:00:04.987294,0.35,0.8,3,0.03,0.02,0.6,0.16,5,0.5,10,0.8,,,,,,PRUNED
933,-0.5179924623587872,2026-05-12 14:52:48.252739,2026-05-12 14:52:48.784918,0 days 00:00:00.532179,0.45,0.7,2,0.05,0.02,0.6,0.08,6,0.5,20,0.8,-0.39108387647623727,-0.030830266507629607,0.2538171717650998,0.36025360996860767,,COMPLETE
934,-0.5213807850034797,2026-05-12 14:52:48.811801,2026-05-12 14:52:53.866583,0 days 00:00:05.054782,0.35,0.8,4,0.03,0.02,0.45,0.12,6,0.7,20,0.5,,,,,,PRUNED
935,-0.45252090167866194,2026-05-12 14:52:53.889680,2026-05-12 14:52:57.637743,0 days 00:00:03.748063,0.45,0.9,3,0.05,0.02,0.3,0.08,6,0.6,10,0.8,,,,,,PRUNED
936,-9999.0,2026-05-12 14:52:57.661220,2026-05-12 14:52:57.927442,0 days 00:00:00.266222,0.35,0.7,4,0.05,0.01,0.6,0.16,5,0.7,20,0.8,,,,,BEAR_RATIO < NEUTRAL_RATIO < BULL_RATIO 约束违反: 0.35 / 0.7 / 0.7,COMPLETE
937,-0.5179924623587872,2026-05-12 14:52:57.951954,2026-05-12 14:52:58.383259,0 days 00:00:00.431305,0.45,0.7,2,0.05,0.02,0.6,0.08,6,0.5,20,0.8,-0.39108387647623727,-0.030830266507629607,0.2538171717650998,0.36025360996860767,,COMPLETE
938,-0.5076750629536689,2026-05-12 14:52:58.405201,2026-05-12 14:53:03.682427,0 days 00:00:05.277226,0.25,0.7,4,0.03,0.02,0.3,0.08,6,0.6,10,0.65,,,,,,PRUNED
939,-0.6449649726557573,2026-05-12 14:53:03.706307,2026-05-12 14:53:07.237508,0 days 00:00:03.531201,0.25,0.9,4,0.03,0.02,0.3,0.08,3,0.7,20,0.5,,,,,,PRUNED
940,-9999.0,2026-05-12 14:53:07.261843,2026-05-12 14:53:07.514800,0 days 00:00:00.252957,0.45,0.7,2,0.05,0.02,0.3,0.16,4,0.7,20,0.65,,,,,BEAR_RATIO < NEUTRAL_RATIO < BULL_RATIO 约束违反: 0.45 / 0.7 / 0.7,COMPLETE
941,-0.4989158792697924,2026-05-12 14:53:07.559405,2026-05-12 14:53:12.908322,0 days 00:00:05.348917,0.25,0.7,2,0.05,0.02,0.6,0.16,6,0.5,10,0.8,,,,,,PRUNED
942,-0.5273935676819856,2026-05-12 14:53:12.936261,2026-05-12 14:53:18.303779,0 days 00:00:05.367518,0.35,0.9,4,0.03,0.02,0.6,0.16,6,0.5,10,0.5,,,,,,PRUNED
943,-0.495792005095409,2026-05-12 14:53:18.328095,2026-05-12 14:53:23.334205,0 days 00:00:05.006110,0.25,0.8,2,0.05,0.01,0.6,0.08,6,0.6,20,0.8,,,,,,PRUNED
944,-0.5179924623587872,2026-05-12 14:53:23.357592,2026-05-12 14:53:23.889744,0 days 00:00:00.532152,0.45,0.7,2,0.05,0.02,0.6,0.08,6,0.5,20,0.8,-0.39108387647623727,-0.030830266507629607,0.2538171717650998,0.36025360996860767,,COMPLETE
945,-0.4826724320820868,2026-05-12 14:53:23.912730,2026-05-12 14:53:27.040378,0 days 00:00:03.127648,0.35,0.7,3,0.03,0.01,0.45,0.12,4,0.6,20,0.5,,,,,,PRUNED
946,-0.6429730590838205,2026-05-12 14:53:27.064568,2026-05-12 14:53:30.458594,0 days 00:00:03.394026,0.35,0.8,2,0.03,0.02,0.6,0.12,3,0.7,20,0.8,,,,,,PRUNED
947,-0.49090792513065884,2026-05-12 14:53:30.482047,2026-05-12 14:53:34.488515,0 days 00:00:04.006468,0.35,0.9,3,0.03,0.01,0.6,0.08,4,0.7,20,0.65,,,,,,PRUNED
948,-0.5441462472934463,2026-05-12 14:53:34.512884,2026-05-12 14:53:39.621948,0 days 00:00:05.109064,0.25,0.7,2,0.03,0.01,0.6,0.16,6,0.5,20,0.65,,,,,,PRUNED
949,-0.5179924623587872,2026-05-12 14:53:39.649643,2026-05-12 14:53:40.179140,0 days 00:00:00.529497,0.45,0.7,2,0.05,0.02,0.6,0.08,6,0.5,20,0.8,-0.39108387647623727,-0.030830266507629607,0.2538171717650998,0.36025360996860767,,COMPLETE
950,-0.5342875994928646,2026-05-12 14:53:40.218963,2026-05-12 14:53:45.250107,0 days 00:00:05.031144,0.35,0.9,2,0.05,0.01,0.6,0.12,4,0.6,5,0.65,,,,,,PRUNED
951,-9999.0,2026-05-12 14:53:45.274563,2026-05-12 14:53:45.582298,0 days 00:00:00.307735,0.35,0.7,2,0.05,0.02,0.3,0.08,5,0.7,20,0.8,,,,,BEAR_RATIO < NEUTRAL_RATIO < BULL_RATIO 约束违反: 0.35 / 0.7 / 0.7,COMPLETE
952,-0.5723877928872814,2026-05-12 14:53:45.608171,2026-05-12 14:53:49.387389,0 days 00:00:03.779218,0.35,0.9,3,0.05,0.02,0.45,0.12,3,0.7,10,0.65,,,,,,PRUNED
953,-0.450280016182787,2026-05-12 14:53:49.413931,2026-05-12 14:53:54.367990,0 days 00:00:04.954059,0.35,0.7,2,0.05,0.01,0.6,0.08,6,0.6,20,0.8,,,,,,PRUNED
954,-0.4287355409983588,2026-05-12 14:53:54.394152,2026-05-12 14:53:58.673771,0 days 00:00:04.279619,0.45,0.8,2,0.05,0.01,0.6,0.08,6,0.5,5,0.8,,,,,,PRUNED
955,-0.5493921496171205,2026-05-12 14:53:58.697440,2026-05-12 14:54:03.708728,0 days 00:00:05.011288,0.25,0.7,3,0.03,0.01,0.6,0.12,4,0.5,5,0.5,,,,,,PRUNED
956,-0.4100386278766106,2026-05-12 14:54:03.732738,2026-05-12 14:54:04.050974,0 days 00:00:00.318236,0.45,0.7,2,0.05,0.02,0.3,0.08,6,0.5,20,0.8,,,,,,PRUNED
