number,value,datetime_start,datetime_complete,duration,params_BEAR_RATIO,params_BULL_RATIO,params_GRID_MAX_LAYER,params_GRID_STEP_MAX,params_GRID_STEP_MIN,params_GRID_STEP_VOL_FACTOR,params_LAYER_FRACTION,params_MAX_HOLD,params_NEUTRAL_RATIO,params_REBALANCE_FREQ,params_VOL_WEIGHT,user_attrs_avg_test_score,user_attrs_avg_train_score,user_attrs_test_score_std,user_attrs_train_test_gap,user_attrs_validation_error,state
3325,-0.5179924623587872,2026-05-12 16:57:49.873525,2026-05-12 16:57:50.419451,0 days 00:00:00.545926,0.45,0.7,2,0.05,0.02,0.6,0.08,6,0.5,20,0.8,-0.39108387647623727,-0.030830266507629607,0.2538171717650998,0.36025360996860767,,COMPLETE
3326,-0.5179924623587872,2026-05-12 16:57:50.443939,2026-05-12 16:57:50.939632,0 days 00:00:00.495693,0.45,0.7,2,0.05,0.02,0.6,0.08,6,0.5,20,0.8,-0.39108387647623727,-0.030830266507629607,0.2538171717650998,0.36025360996860767,,COMPLETE
3327,-0.5534169506694466,2026-05-12 16:57:50.964151,2026-05-12 16:57:54.718272,0 days 00:00:03.754121,0.45,0.9,4,0.05,0.01,0.6,0.12,3,0.6,10,0.8,,,,,,PRUNED
3328,-0.4304653626857561,2026-05-12 16:57:54.746699,2026-05-12 16:57:59.755431,0 days 00:00:05.008732,0.45,0.8,2,0.05,0.02,0.45,0.12,6,0.5,20,0.8,,,,,,PRUNED
3329,-0.5910622890072166,2026-05-12 16:57:59.782213,2026-05-12 16:58:03.241324,0 days 00:00:03.459111,0.45,0.7,2,0.05,0.01,0.6,0.08,3,0.6,20,0.5,,,,,,PRUNED
3330,-0.4713752216725131,2026-05-12 16:58:03.267030,2026-05-12 16:58:06.032871,0 days 00:00:02.765841,0.35,0.9,2,0.05,0.02,0.6,0.08,4,0.7,20,0.8,,,,,,PRUNED
3331,-0.5182406672588966,2026-05-12 16:58:06.059115,2026-05-12 16:58:06.607026,0 days 00:00:00.547911,0.45,0.7,2,0.05,0.01,0.45,0.08,6,0.5,20,0.8,-0.3910743597599139,-0.030648087966744914,0.25433261499796533,0.360426271793169,,COMPLETE
3332,-0.4580647751207874,2026-05-12 16:58:06.633634,2026-05-12 16:58:11.260163,0 days 00:00:04.626529,0.45,0.8,4,0.03,0.02,0.45,0.08,5,0.5,20,0.8,,,,,,PRUNED
3333,-0.42357363260304626,2026-05-12 16:58:11.285758,2026-05-12 16:58:11.662949,0 days 00:00:00.377191,0.45,0.7,2,0.05,0.02,0.6,0.08,6,0.6,20,0.8,,,,,,PRUNED
3334,-0.5256845380525784,2026-05-12 16:58:11.691618,2026-05-12 16:58:16.737964,0 days 00:00:05.046346,0.25,0.9,2,0.03,0.01,0.6,0.16,4,0.5,20,0.5,,,,,,PRUNED
3335,-0.5179924623587872,2026-05-12 16:58:16.760972,2026-05-12 16:58:17.299543,0 days 00:00:00.538571,0.45,0.7,2,0.05,0.02,0.6,0.08,6,0.5,20,0.8,-0.39108387647623727,-0.030830266507629607,0.2538171717650998,0.36025360996860767,,COMPLETE
3336,-0.5179924623587872,2026-05-12 16:58:17.322700,2026-05-12 16:58:17.869135,0 days 00:00:00.546435,0.45,0.7,2,0.05,0.02,0.6,0.08,6,0.5,20,0.8,-0.39108387647623727,-0.030830266507629607,0.2538171717650998,0.36025360996860767,,COMPLETE
3337,-0.49673162329781456,2026-05-12 16:58:17.920253,2026-05-12 16:58:22.459543,0 days 00:00:04.539290,0.35,0.9,4,0.05,0.02,0.45,0.08,3,0.6,5,0.8,,,,,,PRUNED
3338,-0.4213231947291116,2026-05-12 16:58:22.485421,2026-05-12 16:58:22.853826,0 days 00:00:00.368405,0.45,0.7,2,0.05,0.02,0.6,0.08,4,0.5,20,0.8,,,,,,PRUNED
3339,-0.47441457244516044,2026-05-12 16:58:22.877709,2026-05-12 16:58:23.216062,0 days 00:00:00.338353,0.25,0.7,2,0.05,0.02,0.6,0.08,6,0.5,20,0.8,,,,,,PRUNED
3340,-0.6335225625889129,2026-05-12 16:58:23.243508,2026-05-12 16:58:26.775165,0 days 00:00:03.531657,0.35,0.8,4,0.03,0.01,0.45,0.12,3,0.6,20,0.5,,,,,,PRUNED
3341,-0.5578736528247632,2026-05-12 16:58:26.822745,2026-05-12 16:58:30.631013,0 days 00:00:03.808268,0.45,0.9,2,0.03,0.02,0.6,0.08,3,0.6,10,0.5,,,,,,PRUNED
3342,-0.5179924623587872,2026-05-12 16:58:30.658021,2026-05-12 16:58:31.175362,0 days 00:00:00.517341,0.45,0.7,2,0.05,0.02,0.6,0.08,6,0.5,20,0.8,-0.39108387647623727,-0.030830266507629607,0.2538171717650998,0.36025360996860767,,COMPLETE
3343,-0.49749850613598084,2026-05-12 16:58:31.198546,2026-05-12 16:58:36.152005,0 days 00:00:04.953459,0.35,0.9,3,0.03,0.02,0.3,0.08,6,0.6,20,0.8,,,,,,PRUNED
3344,-0.43421872833545394,2026-05-12 16:58:36.180055,2026-05-12 16:58:40.117584,0 days 00:00:03.937529,0.45,0.9,2,0.05,0.01,0.45,0.08,6,0.5,10,0.8,,,,,,PRUNED
3345,-0.5179924623587872,2026-05-12 16:58:40.142088,2026-05-12 16:58:40.657153,0 days 00:00:00.515065,0.45,0.7,2,0.05,0.02,0.6,0.08,6,0.5,20,0.8,-0.39108387647623727,-0.030830266507629607,0.2538171717650998,0.36025360996860767,,COMPLETE
3346,-0.47401606626100135,2026-05-12 16:58:40.681297,2026-05-12 16:58:45.795879,0 days 00:00:05.114582,0.35,0.7,3,0.05,0.01,0.6,0.16,5,0.6,10,0.65,,,,,,PRUNED
3347,-0.5555847522257301,2026-05-12 16:58:45.824155,2026-05-12 16:58:50.922866,0 days 00:00:05.098711,0.25,0.9,4,0.03,0.02,0.45,0.12,6,0.6,20,0.8,,,,,,PRUNED
3348,-0.5082224841599134,2026-05-12 16:58:50.950636,2026-05-12 16:58:56.567286,0 days 00:00:05.616650,0.25,0.8,3,0.05,0.01,0.3,0.08,5,0.5,5,0.5,,,,,,PRUNED
3349,-0.5316011427219265,2026-05-12 16:58:56.593294,2026-05-12 16:59:00.773326,0 days 00:00:04.180032,0.25,0.8,4,0.03,0.01,0.3,0.16,4,0.6,20,0.5,,,,,,PRUNED
3350,-0.5020944325231729,2026-05-12 16:59:00.801765,2026-05-12 16:59:05.135185,0 days 00:00:04.333420,0.35,0.9,4,0.05,0.01,0.45,0.16,4,0.7,10,0.8,,,,,,PRUNED
3351,-0.47973871533183987,2026-05-12 16:59:05.160621,2026-05-12 16:59:08.141545,0 days 00:00:02.980924,0.25,0.7,3,0.05,0.01,0.3,0.16,4,0.5,10,0.5,,,,,,PRUNED
3352,-0.4435434315851303,2026-05-12 16:59:08.170296,2026-05-12 16:59:14.862118,0 days 00:00:06.691822,0.45,0.7,3,0.05,0.02,0.3,0.16,6,0.5,5,0.5,,,,,,PRUNED
3353,-0.5280656824694572,2026-05-12 16:59:14.888462,2026-05-12 16:59:19.487435,0 days 00:00:04.598973,0.25,0.8,4,0.03,0.01,0.3,0.16,4,0.6,10,0.8,,,,,,PRUNED
3354,-0.5179924623587872,2026-05-12 16:59:19.516996,2026-05-12 16:59:20.081347,0 days 00:00:00.564351,0.45,0.7,2,0.05,0.01,0.6,0.08,6,0.5,20,0.8,-0.39108387647623727,-0.030830266507629607,0.2538171717650998,0.36025360996860767,,COMPLETE
3355,-0.4092137988646166,2026-05-12 16:59:20.106476,2026-05-12 16:59:20.443987,0 days 00:00:00.337511,0.45,0.7,2,0.05,0.02,0.6,0.08,6,0.5,10,0.8,,,,,,PRUNED
3356,-0.41789523230149306,2026-05-12 16:59:20.483262,2026-05-12 16:59:25.567129,0 days 00:00:05.083867,0.45,0.7,2,0.05,0.01,0.45,0.12,6,0.5,20,0.8,,,,,,PRUNED
3357,-0.44217626990570175,2026-05-12 16:59:25.595703,2026-05-12 16:59:29.603130,0 days 00:00:04.007427,0.45,0.7,2,0.03,0.02,0.3,0.08,4,0.5,20,0.8,,,,,,PRUNED
3358,-0.4969295661111996,2026-05-12 16:59:29.627911,2026-05-12 16:59:34.239774,0 days 00:00:04.611863,0.35,0.8,2,0.03,0.02,0.6,0.08,3,0.6,5,0.8,,,,,,PRUNED
3359,-9999.0,2026-05-12 16:59:34.266768,2026-05-12 16:59:34.672191,0 days 00:00:00.405423,0.45,0.7,4,0.03,0.02,0.45,0.08,6,0.7,10,0.5,,,,,BEAR_RATIO < NEUTRAL_RATIO < BULL_RATIO 约束违反: 0.45 / 0.7 / 0.7,COMPLETE
3360,-0.5179924623587872,2026-05-12 16:59:34.695923,2026-05-12 16:59:35.209841,0 days 00:00:00.513918,0.45,0.7,2,0.05,0.02,0.6,0.08,6,0.5,20,0.8,-0.39108387647623727,-0.030830266507629607,0.2538171717650998,0.36025360996860767,,COMPLETE
3361,-0.5179924623587872,2026-05-12 16:59:35.234581,2026-05-12 16:59:35.783598,0 days 00:00:00.549017,0.45,0.7,2,0.05,0.02,0.6,0.08,6,0.5,20,0.8,-0.39108387647623727,-0.030830266507629607,0.2538171717650998,0.36025360996860767,,COMPLETE
3362,-9999.0,2026-05-12 16:59:35.808887,2026-05-12 16:59:36.120985,0 days 00:00:00.312098,0.35,0.7,3,0.05,0.02,0.45,0.16,6,0.7,10,0.8,,,,,BEAR_RATIO < NEUTRAL_RATIO < BULL_RATIO 约束违反: 0.35 / 0.7 / 0.7,COMPLETE
3363,-0.449376367388287,2026-05-12 16:59:36.146071,2026-05-12 16:59:39.372062,0 days 00:00:03.225991,0.35,0.7,2,0.05,0.02,0.3,0.08,5,0.5,20,0.8,,,,,,PRUNED
3364,-0.509358824813855,2026-05-12 16:59:39.401228,2026-05-12 16:59:43.814870,0 days 00:00:04.413642,0.35,0.8,4,0.03,0.01,0.6,0.12,4,0.7,10,0.65,,,,,,PRUNED
3365,-0.41425741193738236,2026-05-12 16:59:43.840627,2026-05-12 16:59:44.182584,0 days 00:00:00.341957,0.45,0.7,2,0.05,0.01,0.6,0.08,6,0.5,5,0.8,,,,,,PRUNED
3366,-9999.0,2026-05-12 16:59:44.206733,2026-05-12 16:59:44.517355,0 days 00:00:00.310622,0.25,0.7,3,0.03,0.01,0.45,0.08,4,0.7,10,0.65,,,,,BEAR_RATIO < NEUTRAL_RATIO < BULL_RATIO 约束违反: 0.25 / 0.7 / 0.7,COMPLETE
3367,-0.44224965264423993,2026-05-12 16:59:44.541706,2026-05-12 16:59:48.648811,0 days 00:00:04.107105,0.45,0.7,2,0.05,0.02,0.6,0.12,4,0.6,20,0.8,,,,,,PRUNED
3368,-0.5376153209699349,2026-05-12 16:59:48.674563,2026-05-12 16:59:54.175545,0 days 00:00:05.500982,0.25,0.9,4,0.05,0.01,0.45,0.16,5,0.7,10,0.65,,,,,,PRUNED
3369,-0.4577059413734039,2026-05-12 16:59:54.397234,2026-05-12 16:59:59.619153,0 days 00:00:05.221919,0.35,0.9,2,0.05,0.02,0.6,0.08,6,0.5,20,0.65,,,,,,PRUNED
3370,-0.5164703635699641,2026-05-12 16:59:59.646636,2026-05-12 17:00:04.296523,0 days 00:00:04.649887,0.45,0.9,3,0.03,0.02,0.45,0.12,5,0.7,20,0.5,,,,,,PRUNED
3371,-0.5402464935899383,2026-05-12 17:00:04.321272,2026-05-12 17:00:09.347793,0 days 00:00:05.026521,0.25,0.8,2,0.03,0.01,0.6,0.16,5,0.5,10,0.8,,,,,,PRUNED
3372,-0.5573515090661835,2026-05-12 17:00:09.371872,2026-05-12 17:00:12.577159,0 days 00:00:03.205287,0.45,0.9,4,0.03,0.02,0.3,0.12,3,0.5,10,0.5,,,,,,PRUNED
3373,-0.5179924623587872,2026-05-12 17:00:12.605877,2026-05-12 17:00:13.216850,0 days 00:00:00.610973,0.45,0.7,2,0.05,0.02,0.6,0.08,6,0.5,20,0.8,-0.39108387647623727,-0.030830266507629607,0.2538171717650998,0.36025360996860767,,COMPLETE
3374,-0.4545590892054271,2026-05-12 17:00:13.243707,2026-05-12 17:00:17.602628,0 days 00:00:04.358921,0.45,0.8,3,0.05,0.01,0.3,0.08,4,0.6,10,0.8,,,,,,PRUNED
3375,-0.42056632138184724,2026-05-12 17:00:17.624286,2026-05-12 17:00:17.925073,0 days 00:00:00.300787,0.45,0.8,2,0.05,0.02,0.6,0.08,6,0.5,20,0.8,,,,,,PRUNED
3376,-0.4100386278766106,2026-05-12 17:00:17.945072,2026-05-12 17:00:18.231086,0 days 00:00:00.286014,0.45,0.7,2,0.05,0.02,0.3,0.08,6,0.5,20,0.8,,,,,,PRUNED
3377,-9999.0,2026-05-12 17:00:18.253770,2026-05-12 17:00:18.483180,0 days 00:00:00.229410,0.25,0.7,4,0.03,0.01,0.6,0.08,6,0.7,10,0.5,,,,,BEAR_RATIO < NEUTRAL_RATIO < BULL_RATIO 约束违反: 0.25 / 0.7 / 0.7,COMPLETE
3378,-0.4929615106384575,2026-05-12 17:00:18.507645,2026-05-12 17:00:23.005217,0 days 00:00:04.497572,0.35,0.8,4,0.05,0.02,0.45,0.12,3,0.6,5,0.65,,,,,,PRUNED
3379,-0.52015597768487,2026-05-12 17:00:23.032690,2026-05-12 17:00:27.913462,0 days 00:00:04.880772,0.25,0.9,2,0.03,0.01,0.45,0.08,6,0.5,20,0.5,,,,,,PRUNED
3380,-0.5047459078734122,2026-05-12 17:00:27.939957,2026-05-12 17:00:33.642945,0 days 00:00:05.702988,0.35,0.7,2,0.03,0.01,0.45,0.12,5,0.6,5,0.5,,,,,,PRUNED
3381,-0.46197302098183085,2026-05-12 17:00:33.670025,2026-05-12 17:00:38.410076,0 days 00:00:04.740051,0.35,0.8,3,0.05,0.01,0.45,0.08,5,0.5,20,0.8,,,,,,PRUNED
3382,-0.5003605864826779,2026-05-12 17:00:38.434715,2026-05-12 17:00:43.455972,0 days 00:00:05.021257,0.35,0.7,3,0.03,0.02,0.45,0.16,5,0.5,5,0.65,,,,,,PRUNED
3383,-0.5041233478337461,2026-05-12 17:00:43.481847,2026-05-12 17:00:48.708949,0 days 00:00:05.227102,0.45,0.9,3,0.03,0.02,0.3,0.16,5,0.5,20,0.8,,,,,,PRUNED
3384,-0.4714065912863373,2026-05-12 17:00:48.735530,2026-05-12 17:00:53.228487,0 days 00:00:04.492957,0.45,0.9,4,0.05,0.01,0.45,0.12,4,0.6,10,0.65,,,,,,PRUNED
3385,-0.41425741193738236,2026-05-12 17:00:53.256699,2026-05-12 17:00:53.634883,0 days 00:00:00.378184,0.45,0.7,2,0.05,0.02,0.6,0.08,6,0.5,5,0.8,,,,,,PRUNED
3386,-0.5043448820278047,2026-05-12 17:00:53.667262,2026-05-12 17:00:58.734391,0 days 00:00:05.067129,0.45,0.8,4,0.05,0.02,0.3,0.12,4,0.6,5,0.5,,,,,,PRUNED
3387,-0.5059190036442734,2026-05-12 17:00:58.763119,2026-05-12 17:01:03.932600,0 days 00:00:05.169481,0.25,0.8,2,0.05,0.01,0.3,0.16,5,0.5,10,0.65,,,,,,PRUNED
3388,-0.5233155456437872,2026-05-12 17:01:03.959602,2026-05-12 17:01:08.255712,0 days 00:00:04.296110,0.35,0.9,2,0.03,0.01,0.6,0.08,3,0.7,5,0.65,,,,,,PRUNED
3389,-0.4296411080598753,2026-05-12 17:01:08.284854,2026-05-12 17:01:08.660949,0 days 00:00:00.376095,0.45,0.7,2,0.05,0.02,0.6,0.16,6,0.5,20,0.8,,,,,,PRUNED
3390,-0.4859684781136556,2026-05-12 17:01:08.689505,2026-05-12 17:01:14.841631,0 days 00:00:06.152126,0.35,0.9,2,0.05,0.02,0.6,0.12,6,0.6,10,0.5,,,,,,PRUNED
3391,-0.5149933371403519,2026-05-12 17:01:14.865084,2026-05-12 17:01:18.778880,0 days 00:00:03.913796,0.45,0.7,4,0.05,0.02,0.6,0.08,3,0.5,10,0.8,,,,,,PRUNED
3392,-0.47191709354207334,2026-05-12 17:01:18.806194,2026-05-12 17:01:22.868856,0 days 00:00:04.062662,0.35,0.7,2,0.03,0.01,0.6,0.12,4,0.5,20,0.65,,,,,,PRUNED
3393,-0.5179924623587872,2026-05-12 17:01:22.894751,2026-05-12 17:01:23.395742,0 days 00:00:00.500991,0.45,0.7,2,0.05,0.02,0.6,0.08,6,0.5,20,0.8,-0.39108387647623727,-0.030830266507629607,0.2538171717650998,0.36025360996860767,,COMPLETE
3394,-0.5179924623587872,2026-05-12 17:01:23.424527,2026-05-12 17:01:23.896523,0 days 00:00:00.471996,0.45,0.7,2,0.05,0.02,0.6,0.08,6,0.5,20,0.8,-0.39108387647623727,-0.030830266507629607,0.2538171717650998,0.36025360996860767,,COMPLETE
3395,-0.5546667205654746,2026-05-12 17:01:23.919555,2026-05-12 17:01:27.219584,0 days 00:00:03.300029,0.35,0.9,4,0.03,0.02,0.45,0.16,6,0.7,20,0.65,,,,,,PRUNED
3396,-0.5631745275787395,2026-05-12 17:01:27.246968,2026-05-12 17:01:32.218510,0 days 00:00:04.971542,0.45,0.9,2,0.03,0.02,0.6,0.16,4,0.7,5,0.65,,,,,,PRUNED
3397,-0.45712738418211846,2026-05-12 17:01:32.246876,2026-05-12 17:01:37.104580,0 days 00:00:04.857704,0.45,0.8,4,0.05,0.01,0.45,0.16,5,0.5,20,0.8,,,,,,PRUNED
3398,-0.43333909441165963,2026-05-12 17:01:37.132892,2026-05-12 17:01:37.557328,0 days 00:00:00.424436,0.35,0.7,2,0.05,0.02,0.6,0.08,6,0.5,20,0.8,,,,,,PRUNED
3399,-0.459645088184451,2026-05-12 17:01:37.582914,2026-05-12 17:01:42.772243,0 days 00:00:05.189329,0.45,0.8,3,0.03,0.02,0.6,0.12,5,0.5,10,0.5,,,,,,PRUNED
3400,-0.4844565796410619,2026-05-12 17:01:42.798170,2026-05-12 17:01:47.185658,0 days 00:00:04.387488,0.45,0.9,4,0.05,0.01,0.6,0.12,4,0.7,10,0.65,,,,,,PRUNED
3401,-0.43223096142417294,2026-05-12 17:01:47.211364,2026-05-12 17:01:47.568516,0 days 00:00:00.357152,0.45,0.9,2,0.05,0.02,0.6,0.08,6,0.5,20,0.8,,,,,,PRUNED
3402,-0.43588278815153436,2026-05-12 17:01:47.597697,2026-05-12 17:01:47.976413,0 days 00:00:00.378716,0.35,0.7,2,0.05,0.02,0.6,0.08,4,0.5,20,0.8,,,,,,PRUNED
3403,-0.5086658961578774,2026-05-12 17:01:48.003060,2026-05-12 17:01:53.924362,0 days 00:00:05.921302,0.25,0.7,4,0.05,0.01,0.45,0.08,6,0.6,5,0.65,,,,,,PRUNED
3404,-0.5179924623587872,2026-05-12 17:01:53.965859,2026-05-12 17:01:54.491404,0 days 00:00:00.525545,0.45,0.7,2,0.05,0.02,0.6,0.08,6,0.5,20,0.8,-0.39108387647623727,-0.030830266507629607,0.2538171717650998,0.36025360996860767,,COMPLETE
3405,-0.4368960099274459,2026-05-12 17:01:54.518307,2026-05-12 17:01:57.687602,0 days 00:00:03.169295,0.45,0.8,3,0.05,0.01,0.3,0.08,3,0.5,5,0.8,,,,,,PRUNED
3406,-0.47681118348662305,2026-05-12 17:01:57.714138,2026-05-12 17:02:01.817525,0 days 00:00:04.103387,0.25,0.9,3,0.05,0.01,0.45,0.08,4,0.5,20,0.65,,,,,,PRUNED
3407,-0.4318124553734489,2026-05-12 17:02:01.843786,2026-05-12 17:02:02.208726,0 days 00:00:00.364940,0.45,0.7,2,0.03,0.01,0.6,0.08,6,0.5,20,0.8,,,,,,PRUNED
3408,-0.6150198142646491,2026-05-12 17:02:02.235022,2026-05-12 17:02:05.757863,0 days 00:00:03.522841,0.45,0.9,4,0.05,0.02,0.3,0.12,3,0.6,20,0.65,,,,,,PRUNED
3409,-0.48329519643611885,2026-05-12 17:02:05.787861,2026-05-12 17:02:11.692323,0 days 00:00:05.904462,0.35,0.8,4,0.03,0.01,0.45,0.08,5,0.6,10,0.5,,,,,,PRUNED
3410,-0.5179924623587872,2026-05-12 17:02:11.717831,2026-05-12 17:02:12.288686,0 days 00:00:00.570855,0.45,0.7,2,0.05,0.02,0.6,0.08,6,0.5,20,0.8,-0.39108387647623727,-0.030830266507629607,0.2538171717650998,0.36025360996860767,,COMPLETE
3411,-0.5096104137020858,2026-05-12 17:02:12.345329,2026-05-12 17:02:18.053678,0 days 00:00:05.708349,0.35,0.9,3,0.05,0.01,0.3,0.08,5,0.7,5,0.65,,,,,,PRUNED
3412,-9999.0,2026-05-12 17:02:18.080093,2026-05-12 17:02:18.340895,0 days 00:00:00.260802,0.25,0.7,2,0.03,0.01,0.3,0.12,5,0.7,20,0.5,,,,,BEAR_RATIO < NEUTRAL_RATIO < BULL_RATIO 约束违反: 0.25 / 0.7 / 0.7,COMPLETE
3413,-0.487116779364579,2026-05-12 17:02:18.361455,2026-05-12 17:02:23.367756,0 days 00:00:05.006301,0.25,0.8,2,0.05,0.02,0.6,0.08,6,0.5,20,0.65,,,,,,PRUNED
3414,-0.5480519782503661,2026-05-12 17:02:23.394167,2026-05-12 17:02:27.240135,0 days 00:00:03.845968,0.25,0.9,4,0.03,0.01,0.6,0.12,6,0.5,10,0.65,,,,,,PRUNED
3415,-0.5052363519393227,2026-05-12 17:02:27.268281,2026-05-12 17:02:32.556982,0 days 00:00:05.288701,0.45,0.9,2,0.03,0.01,0.3,0.12,5,0.7,10,0.5,,,,,,PRUNED
3416,-0.5554397834668447,2026-05-12 17:02:32.586482,2026-05-12 17:02:37.604280,0 days 00:00:05.017798,0.35,0.9,2,0.03,0.02,0.3,0.08,4,0.7,5,0.5,,,,,,PRUNED
3417,-0.4318124553734489,2026-05-12 17:02:37.631209,2026-05-12 17:02:42.712515,0 days 00:00:05.081306,0.45,0.7,2,0.03,0.01,0.45,0.08,6,0.5,20,0.5,,,,,,PRUNED
3418,-0.5179924623587872,2026-05-12 17:02:42.737907,2026-05-12 17:02:43.261564,0 days 00:00:00.523657,0.45,0.7,2,0.05,0.02,0.6,0.08,6,0.5,20,0.8,-0.39108387647623727,-0.030830266507629607,0.2538171717650998,0.36025360996860767,,COMPLETE
3419,-0.4238698659937791,2026-05-12 17:02:43.285655,2026-05-12 17:02:48.174913,0 days 00:00:04.889258,0.45,0.7,2,0.05,0.01,0.45,0.08,5,0.5,20,0.8,,,,,,PRUNED
3420,-0.56494506660874,2026-05-12 17:02:48.204321,2026-05-12 17:02:53.186267,0 days 00:00:04.981946,0.25,0.8,3,0.03,0.01,0.45,0.16,6,0.6,20,0.5,,,,,,PRUNED
3421,-0.45895306031130917,2026-05-12 17:02:53.219173,2026-05-12 17:02:58.302917,0 days 00:00:05.083744,0.35,0.8,2,0.05,0.01,0.45,0.12,5,0.5,10,0.8,,,,,,PRUNED
3422,-0.5219954917944546,2026-05-12 17:02:58.326811,2026-05-12 17:03:01.801929,0 days 00:00:03.475118,0.45,0.7,3,0.03,0.02,0.3,0.16,4,0.6,5,0.65,,,,,,PRUNED
3423,-9999.0,2026-05-12 17:03:01.828821,2026-05-12 17:03:02.136247,0 days 00:00:00.307426,0.45,0.7,2,0.05,0.02,0.6,0.08,6,0.7,20,0.8,,,,,BEAR_RATIO < NEUTRAL_RATIO < BULL_RATIO 约束违反: 0.45 / 0.7 / 0.7,COMPLETE
3424,-0.5739853679128459,2026-05-12 17:03:02.161333,2026-05-12 17:03:06.582974,0 days 00:00:04.421641,0.45,0.7,4,0.05,0.02,0.45,0.08,3,0.5,20,0.8,,,,,,PRUNED
3425,-0.4416341993942892,2026-05-12 17:03:06.607904,2026-05-12 17:03:11.120090,0 days 00:00:04.512186,0.45,0.8,4,0.05,0.02,0.3,0.08,4,0.5,10,0.8,,,,,,PRUNED
3426,-0.48308007436960393,2026-05-12 17:03:11.149449,2026-05-12 17:03:15.236117,0 days 00:00:04.086668,0.35,0.9,2,0.03,0.02,0.3,0.08,4,0.6,20,0.65,,,,,,PRUNED
3427,-0.5337579109002576,2026-05-12 17:03:15.262493,2026-05-12 17:03:20.159853,0 days 00:00:04.897360,0.25,0.8,2,0.03,0.01,0.3,0.12,5,0.5,20,0.65,,,,,,PRUNED
3428,-0.5142141002132652,2026-05-12 17:03:20.186884,2026-05-12 17:03:24.861545,0 days 00:00:04.674661,0.25,0.8,3,0.03,0.02,0.3,0.08,5,0.5,20,0.65,,,,,,PRUNED
3429,-0.5179924623587872,2026-05-12 17:03:24.887985,2026-05-12 17:03:25.448848,0 days 00:00:00.560863,0.45,0.7,2,0.05,0.02,0.6,0.08,6,0.5,20,0.8,-0.39108387647623727,-0.030830266507629607,0.2538171717650998,0.36025360996860767,,COMPLETE
3430,-0.5179924623587872,2026-05-12 17:03:25.477419,2026-05-12 17:03:26.037996,0 days 00:00:00.560577,0.45,0.7,2,0.05,0.02,0.6,0.08,6,0.5,20,0.8,-0.39108387647623727,-0.030830266507629607,0.2538171717650998,0.36025360996860767,,COMPLETE
3431,-0.5371653393230207,2026-05-12 17:03:26.066446,2026-05-12 17:03:28.518919,0 days 00:00:02.452473,0.35,0.7,2,0.03,0.01,0.45,0.08,3,0.5,10,0.5,,,,,,PRUNED
3432,-0.4918135227405698,2026-05-12 17:03:28.543073,2026-05-12 17:03:32.831879,0 days 00:00:04.288806,0.25,0.8,4,0.05,0.02,0.6,0.16,4,0.5,10,0.5,,,,,,PRUNED
3433,-0.42357363260304626,2026-05-12 17:03:32.875164,2026-05-12 17:03:33.270180,0 days 00:00:00.395016,0.45,0.7,2,0.05,0.01,0.6,0.08,6,0.6,20,0.8,,,,,,PRUNED
3434,-0.5449602225848713,2026-05-12 17:03:33.296742,2026-05-12 17:03:38.327299,0 days 00:00:05.030557,0.35,0.7,2,0.03,0.02,0.3,0.16,4,0.6,5,0.8,,,,,,PRUNED
3435,-0.44921191645210445,2026-05-12 17:03:38.367237,2026-05-12 17:03:42.898205,0 days 00:00:04.530968,0.35,0.7,2,0.05,0.02,0.45,0.12,4,0.5,10,0.5,,,,,,PRUNED
3436,-0.46112658297985726,2026-05-12 17:03:42.923941,2026-05-12 17:03:47.930401,0 days 00:00:05.006460,0.35,0.7,4,0.05,0.02,0.6,0.16,5,0.5,10,0.8,,,,,,PRUNED
3437,-0.4194511448045569,2026-05-12 17:03:47.957066,2026-05-12 17:03:48.296504,0 days 00:00:00.339438,0.45,0.7,2,0.05,0.02,0.6,0.12,6,0.5,20,0.8,,,,,,PRUNED
3438,-0.44548137956249384,2026-05-12 17:03:48.322129,2026-05-12 17:03:53.201331,0 days 00:00:04.879202,0.45,0.7,4,0.03,0.01,0.45,0.08,5,0.5,20,0.8,,,,,,PRUNED
3439,-0.5675314329997208,2026-05-12 17:03:53.248965,2026-05-12 17:03:57.012247,0 days 00:00:03.763282,0.25,0.9,3,0.03,0.01,0.6,0.08,3,0.5,10,0.8,,,,,,PRUNED
3440,-0.4296411080598753,2026-05-12 17:03:57.038449,2026-05-12 17:03:57.412475,0 days 00:00:00.374026,0.45,0.7,2,0.05,0.01,0.6,0.16,6,0.5,20,0.8,,,,,,PRUNED
3441,-0.4318124553734489,2026-05-12 17:03:57.439082,2026-05-12 17:03:57.791971,0 days 00:00:00.352889,0.45,0.7,2,0.03,0.02,0.6,0.08,6,0.5,20,0.8,,,,,,PRUNED
3442,-0.510415018021164,2026-05-12 17:03:57.820804,2026-05-12 17:04:03.940780,0 days 00:00:06.119976,0.25,0.8,4,0.05,0.01,0.3,0.12,6,0.5,10,0.8,,,,,,PRUNED
3443,-0.4856958145185384,2026-05-12 17:04:03.968034,2026-05-12 17:04:09.071564,0 days 00:00:05.103530,0.35,0.8,3,0.05,0.02,0.45,0.16,5,0.6,10,0.8,,,,,,PRUNED
3444,-0.5644081609148608,2026-05-12 17:04:09.096626,2026-05-12 17:04:12.842371,0 days 00:00:03.745745,0.25,0.8,4,0.05,0.02,0.6,0.16,3,0.5,10,0.65,,,,,,PRUNED
3445,-0.5280848645495555,2026-05-12 17:04:12.870515,2026-05-12 17:04:17.461180,0 days 00:00:04.590665,0.35,0.9,2,0.03,0.01,0.3,0.16,3,0.6,5,0.5,,,,,,PRUNED
3446,-9999.0,2026-05-12 17:04:17.487880,2026-05-12 17:04:17.786442,0 days 00:00:00.298562,0.35,0.7,3,0.05,0.01,0.45,0.12,4,0.7,5,0.5,,,,,BEAR_RATIO < NEUTRAL_RATIO < BULL_RATIO 约束违反: 0.35 / 0.7 / 0.7,COMPLETE
3447,-0.42743124794033643,2026-05-12 17:04:17.811926,2026-05-12 17:04:22.800440,0 days 00:00:04.988514,0.45,0.7,4,0.05,0.02,0.6,0.08,6,0.6,20,0.5,,,,,,PRUNED
3448,-0.4213231947291116,2026-05-12 17:04:22.847008,2026-05-12 17:04:23.198769,0 days 00:00:00.351761,0.45,0.7,2,0.05,0.01,0.6,0.08,4,0.5,20,0.8,,,,,,PRUNED
3449,-0.4946915469354317,2026-05-12 17:04:23.224960,2026-05-12 17:04:27.378735,0 days 00:00:04.153775,0.35,0.9,4,0.03,0.01,0.3,0.08,4,0.7,20,0.8,,,,,,PRUNED
