number,value,datetime_start,datetime_complete,duration,params_BEAR_RATIO,params_BULL_RATIO,params_GRID_MAX_LAYER,params_GRID_STEP_MAX,params_GRID_STEP_MIN,params_GRID_STEP_VOL_FACTOR,params_LAYER_FRACTION,params_MAX_HOLD,params_NEUTRAL_RATIO,params_REBALANCE_FREQ,params_VOL_WEIGHT,user_attrs_avg_test_score,user_attrs_avg_train_score,user_attrs_test_score_std,user_attrs_train_test_gap,user_attrs_validation_error,state
5396,-0.4242910183560481,2026-05-12 18:42:18.044529,2026-05-12 18:42:18.398588,0 days 00:00:00.354059,0.45,0.7,2,0.05,0.02,0.6,0.08,5,0.5,20,0.8,,,,,,PRUNED
5397,-0.5182406672588966,2026-05-12 18:42:18.424570,2026-05-12 18:42:18.932330,0 days 00:00:00.507760,0.45,0.7,2,0.05,0.02,0.45,0.08,6,0.5,20,0.8,-0.3910743597599139,-0.030648087966744914,0.25433261499796533,0.360426271793169,,COMPLETE
5398,-0.5179924623587872,2026-05-12 18:42:18.955396,2026-05-12 18:42:19.460433,0 days 00:00:00.505037,0.45,0.7,2,0.05,0.02,0.6,0.08,6,0.5,20,0.8,-0.39108387647623727,-0.030830266507629607,0.2538171717650998,0.36025360996860767,,COMPLETE
5399,-0.526134607201254,2026-05-12 18:42:19.483215,2026-05-12 18:42:22.708073,0 days 00:00:03.224858,0.25,0.8,3,0.03,0.02,0.3,0.08,6,0.7,20,0.8,,,,,,PRUNED
5400,-0.48397165528127967,2026-05-12 18:42:22.733533,2026-05-12 18:42:23.113059,0 days 00:00:00.379526,0.25,0.7,2,0.05,0.02,0.6,0.08,6,0.6,20,0.8,,,,,,PRUNED
5401,-0.46547026300196753,2026-05-12 18:42:23.140594,2026-05-12 18:42:28.991384,0 days 00:00:05.850790,0.45,0.8,3,0.05,0.02,0.6,0.08,6,0.7,5,0.8,,,,,,PRUNED
5402,-0.43076574008516644,2026-05-12 18:42:29.035799,2026-05-12 18:42:33.935180,0 days 00:00:04.899381,0.45,0.7,3,0.03,0.02,0.6,0.08,6,0.5,20,0.65,,,,,,PRUNED
5403,-0.49933218116375394,2026-05-12 18:42:33.964809,2026-05-12 18:42:34.356755,0 days 00:00:00.391946,0.25,0.7,2,0.05,0.02,0.6,0.16,6,0.5,20,0.8,,,,,,PRUNED
5404,-0.5179924623587872,2026-05-12 18:42:34.383929,2026-05-12 18:42:34.971294,0 days 00:00:00.587365,0.45,0.7,2,0.05,0.02,0.6,0.08,6,0.5,20,0.8,-0.39108387647623727,-0.030830266507629607,0.2538171717650998,0.36025360996860767,,COMPLETE
5405,-0.5179924623587872,2026-05-12 18:42:35.001801,2026-05-12 18:42:35.619667,0 days 00:00:00.617866,0.45,0.7,2,0.05,0.02,0.6,0.08,6,0.5,20,0.5,-0.39108387647623727,-0.030830266507629607,0.2538171717650998,0.36025360996860767,,COMPLETE
5406,-0.528672544560123,2026-05-12 18:42:35.647879,2026-05-12 18:42:41.282259,0 days 00:00:05.634380,0.25,0.9,4,0.05,0.02,0.45,0.12,6,0.7,10,0.65,,,,,,PRUNED
5407,-0.4392374219430675,2026-05-12 18:42:41.310894,2026-05-12 18:42:41.702616,0 days 00:00:00.391722,0.45,0.9,2,0.05,0.02,0.6,0.08,4,0.5,20,0.8,,,,,,PRUNED
5408,-0.5047996004029044,2026-05-12 18:42:41.731759,2026-05-12 18:42:46.131021,0 days 00:00:04.399262,0.45,0.9,3,0.03,0.01,0.6,0.16,4,0.6,20,0.5,,,,,,PRUNED
5409,-0.5715107846558711,2026-05-12 18:42:46.159225,2026-05-12 18:42:46.562228,0 days 00:00:00.403003,0.45,0.7,2,0.05,0.02,0.6,0.08,3,0.5,20,0.8,,,,,,PRUNED
5410,-0.5179924623587872,2026-05-12 18:42:46.588803,2026-05-12 18:42:47.162441,0 days 00:00:00.573638,0.45,0.7,2,0.05,0.02,0.6,0.08,6,0.5,20,0.65,-0.39108387647623727,-0.030830266507629607,0.2538171717650998,0.36025360996860767,,COMPLETE
5411,-9999.0,2026-05-12 18:42:47.191755,2026-05-12 18:42:47.550189,0 days 00:00:00.358434,0.45,0.7,3,0.03,0.01,0.6,0.08,5,0.7,10,0.65,,,,,BEAR_RATIO < NEUTRAL_RATIO < BULL_RATIO 约束违反: 0.45 / 0.7 / 0.7,COMPLETE
5412,-0.5179924623587872,2026-05-12 18:42:47.592998,2026-05-12 18:42:48.235365,0 days 00:00:00.642367,0.45,0.7,2,0.05,0.02,0.6,0.08,6,0.5,20,0.8,-0.39108387647623727,-0.030830266507629607,0.2538171717650998,0.36025360996860767,,COMPLETE
5413,-0.42522402065792,2026-05-12 18:42:48.264754,2026-05-12 18:42:53.073544,0 days 00:00:04.808790,0.45,0.7,3,0.05,0.02,0.45,0.08,5,0.5,20,0.5,,,,,,PRUNED
5414,-0.5179924623587872,2026-05-12 18:42:53.099598,2026-05-12 18:42:53.679663,0 days 00:00:00.580065,0.45,0.7,2,0.05,0.02,0.6,0.08,6,0.5,20,0.8,-0.39108387647623727,-0.030830266507629607,0.2538171717650998,0.36025360996860767,,COMPLETE
5415,-0.47898222307842864,2026-05-12 18:42:53.705898,2026-05-12 18:42:59.594809,0 days 00:00:05.888911,0.35,0.8,2,0.05,0.02,0.6,0.08,6,0.6,5,0.8,,,,,,PRUNED
5416,-9999.0,2026-05-12 18:42:59.621043,2026-05-12 18:42:59.948939,0 days 00:00:00.327896,0.35,0.7,2,0.05,0.02,0.3,0.08,3,0.7,20,0.8,,,,,BEAR_RATIO < NEUTRAL_RATIO < BULL_RATIO 约束违反: 0.35 / 0.7 / 0.7,COMPLETE
5417,-0.43517185891140797,2026-05-12 18:42:59.974906,2026-05-12 18:43:00.403211,0 days 00:00:00.428305,0.45,0.9,2,0.05,0.02,0.6,0.08,6,0.5,10,0.8,,,,,,PRUNED
5418,-0.512335912368104,2026-05-12 18:43:00.432857,2026-05-12 18:43:05.504057,0 days 00:00:05.071200,0.35,0.8,4,0.05,0.01,0.45,0.12,4,0.5,5,0.5,,,,,,PRUNED
5419,-0.5212480188069476,2026-05-12 18:43:05.530300,2026-05-12 18:43:09.828744,0 days 00:00:04.298444,0.25,0.8,2,0.03,0.02,0.45,0.08,5,0.6,20,0.8,,,,,,PRUNED
5420,-0.42630634949312973,2026-05-12 18:43:09.855094,2026-05-12 18:43:10.207845,0 days 00:00:00.352751,0.45,0.7,2,0.05,0.02,0.6,0.12,6,0.5,5,0.8,,,,,,PRUNED
5421,-0.44085691109290015,2026-05-12 18:43:10.232279,2026-05-12 18:43:13.876418,0 days 00:00:03.644139,0.45,0.9,2,0.05,0.01,0.3,0.08,4,0.5,20,0.8,,,,,,PRUNED
5422,-9999.0,2026-05-12 18:43:13.921322,2026-05-12 18:43:14.242015,0 days 00:00:00.320693,0.45,0.7,2,0.05,0.02,0.6,0.08,6,0.7,5,0.8,,,,,BEAR_RATIO < NEUTRAL_RATIO < BULL_RATIO 约束违反: 0.45 / 0.7 / 0.7,COMPLETE
5423,-0.48418156338462004,2026-05-12 18:43:14.283667,2026-05-12 18:43:20.561154,0 days 00:00:06.277487,0.45,0.9,4,0.05,0.02,0.6,0.16,5,0.6,5,0.5,,,,,,PRUNED
5424,-0.410125315542252,2026-05-12 18:43:20.587301,2026-05-12 18:43:20.949150,0 days 00:00:00.361849,0.45,0.7,4,0.05,0.02,0.6,0.08,6,0.5,20,0.8,,,,,,PRUNED
5425,-0.4939200888714779,2026-05-12 18:43:20.973052,2026-05-12 18:43:25.513460,0 days 00:00:04.540408,0.35,0.8,4,0.03,0.01,0.45,0.08,4,0.7,10,0.8,,,,,,PRUNED
5426,-0.5179924623587872,2026-05-12 18:43:25.541215,2026-05-12 18:43:26.116432,0 days 00:00:00.575217,0.45,0.7,2,0.05,0.02,0.6,0.08,6,0.5,20,0.8,-0.39108387647623727,-0.030830266507629607,0.2538171717650998,0.36025360996860767,,COMPLETE
5427,-0.48244502009904455,2026-05-12 18:43:26.146685,2026-05-12 18:43:29.406349,0 days 00:00:03.259664,0.35,0.7,3,0.03,0.01,0.6,0.08,5,0.6,20,0.8,,,,,,PRUNED
5428,-0.51065977999643,2026-05-12 18:43:29.430622,2026-05-12 18:43:33.766041,0 days 00:00:04.335419,0.35,0.8,2,0.03,0.01,0.45,0.16,4,0.6,10,0.5,,,,,,PRUNED
5429,-0.5469910022437416,2026-05-12 18:43:33.792103,2026-05-12 18:43:38.033866,0 days 00:00:04.241763,0.25,0.8,3,0.03,0.01,0.45,0.08,3,0.7,5,0.5,,,,,,PRUNED
5430,-0.5179924623587872,2026-05-12 18:43:38.072148,2026-05-12 18:43:38.660198,0 days 00:00:00.588050,0.45,0.7,2,0.05,0.02,0.6,0.08,6,0.5,20,0.8,-0.39108387647623727,-0.030830266507629607,0.2538171717650998,0.36025360996860767,,COMPLETE
5431,-0.4092788272711371,2026-05-12 18:43:38.688254,2026-05-12 18:43:39.128489,0 days 00:00:00.440235,0.45,0.7,3,0.05,0.02,0.6,0.08,6,0.5,20,0.8,,,,,,PRUNED
5432,-0.47425825015556383,2026-05-12 18:43:39.156867,2026-05-12 18:43:44.468121,0 days 00:00:05.311254,0.45,0.8,2,0.05,0.01,0.45,0.16,5,0.7,10,0.65,,,,,,PRUNED
5433,-0.4652973886492806,2026-05-12 18:43:44.495955,2026-05-12 18:43:49.483373,0 days 00:00:04.987418,0.45,0.9,3,0.05,0.02,0.3,0.08,5,0.6,20,0.8,,,,,,PRUNED
5434,-0.5045075943287664,2026-05-12 18:43:49.510548,2026-05-12 18:43:54.161136,0 days 00:00:04.650588,0.45,0.9,3,0.03,0.02,0.3,0.16,4,0.6,10,0.8,,,,,,PRUNED
5435,-0.4743680705479184,2026-05-12 18:43:54.190513,2026-05-12 18:43:58.689042,0 days 00:00:04.498529,0.45,0.8,3,0.05,0.02,0.3,0.12,4,0.7,10,0.5,,,,,,PRUNED
5436,-0.5578558818180696,2026-05-12 18:43:58.715629,2026-05-12 18:44:01.124016,0 days 00:00:02.408387,0.45,0.9,3,0.03,0.02,0.6,0.08,3,0.6,10,0.8,,,,,,PRUNED
5437,-0.4578296361284331,2026-05-12 18:44:01.153206,2026-05-12 18:44:01.555721,0 days 00:00:00.402515,0.35,0.7,2,0.03,0.02,0.6,0.08,6,0.5,20,0.8,,,,,,PRUNED
5438,-0.47639969100839935,2026-05-12 18:44:01.585003,2026-05-12 18:44:07.269277,0 days 00:00:05.684274,0.45,0.9,2,0.05,0.02,0.6,0.08,6,0.7,5,0.8,,,,,,PRUNED
5439,-0.5424348999670539,2026-05-12 18:44:07.294315,2026-05-12 18:44:13.836363,0 days 00:00:06.542048,0.25,0.8,3,0.03,0.02,0.6,0.12,5,0.5,5,0.8,,,,,,PRUNED
5440,-0.5074213509707375,2026-05-12 18:44:13.865834,2026-05-12 18:44:18.143799,0 days 00:00:04.277965,0.35,0.8,4,0.03,0.01,0.3,0.12,4,0.7,20,0.5,,,,,,PRUNED
5441,-0.5179924623587872,2026-05-12 18:44:18.171201,2026-05-12 18:44:18.793055,0 days 00:00:00.621854,0.45,0.7,2,0.05,0.02,0.6,0.08,6,0.5,20,0.8,-0.39108387647623727,-0.030830266507629607,0.2538171717650998,0.36025360996860767,,COMPLETE
5442,-0.496077172506674,2026-05-12 18:44:18.820984,2026-05-12 18:44:23.428174,0 days 00:00:04.607190,0.35,0.8,2,0.03,0.01,0.3,0.12,4,0.6,10,0.65,,,,,,PRUNED
5443,-0.5179924623587872,2026-05-12 18:44:23.456105,2026-05-12 18:44:24.073898,0 days 00:00:00.617793,0.45,0.7,2,0.05,0.02,0.6,0.08,6,0.5,20,0.8,-0.39108387647623727,-0.030830266507629607,0.2538171717650998,0.36025360996860767,,COMPLETE
5444,-0.47441457244516044,2026-05-12 18:44:24.101522,2026-05-12 18:44:24.517232,0 days 00:00:00.415710,0.25,0.7,2,0.05,0.01,0.6,0.08,6,0.5,20,0.8,,,,,,PRUNED
5445,-0.5184211019306759,2026-05-12 18:44:24.544308,2026-05-12 18:44:28.801963,0 days 00:00:04.257655,0.25,0.8,2,0.03,0.02,0.45,0.16,4,0.5,20,0.5,,,,,,PRUNED
5446,-0.4868738695985017,2026-05-12 18:44:28.828867,2026-05-12 18:44:33.300803,0 days 00:00:04.471936,0.35,0.8,3,0.03,0.02,0.3,0.12,3,0.5,5,0.5,,,,,,PRUNED
5447,-0.528157953855741,2026-05-12 18:44:33.329390,2026-05-12 18:44:39.073686,0 days 00:00:05.744296,0.25,0.7,3,0.05,0.02,0.3,0.12,6,0.6,5,0.8,,,,,,PRUNED
5448,-0.42875403008512236,2026-05-12 18:44:39.099859,2026-05-12 18:44:43.125885,0 days 00:00:04.026026,0.45,0.7,2,0.05,0.02,0.45,0.12,4,0.5,20,0.8,,,,,,PRUNED
5449,-9999.0,2026-05-12 18:44:43.153226,2026-05-12 18:44:43.455066,0 days 00:00:00.301840,0.25,0.7,3,0.03,0.01,0.6,0.16,5,0.7,5,0.65,,,,,BEAR_RATIO < NEUTRAL_RATIO < BULL_RATIO 约束违反: 0.25 / 0.7 / 0.7,COMPLETE
5450,-0.617794991640196,2026-05-12 18:44:43.479620,2026-05-12 18:44:46.805060,0 days 00:00:03.325440,0.35,0.8,3,0.03,0.01,0.45,0.08,3,0.6,20,0.5,,,,,,PRUNED
5451,-0.4100386278766106,2026-05-12 18:44:46.828686,2026-05-12 18:44:45.623524,-1 days +23:59:58.794838,0.45,0.7,2,0.05,0.01,0.3,0.08,6,0.5,20,0.8,,,,,,PRUNED
5452,-0.45276714002173307,2026-05-12 18:44:45.649588,2026-05-12 18:44:49.858644,0 days 00:00:04.209056,0.35,0.7,2,0.05,0.02,0.3,0.08,3,0.5,5,0.5,,,,,,PRUNED
5453,-0.4617924611762474,2026-05-12 18:44:49.884183,2026-05-12 18:44:54.216649,0 days 00:00:04.332466,0.35,0.7,2,0.05,0.02,0.6,0.08,5,0.6,20,0.8,,,,,,PRUNED
5454,-0.5179924623587872,2026-05-12 18:44:54.244164,2026-05-12 18:44:54.884906,0 days 00:00:00.640742,0.45,0.7,2,0.05,0.02,0.6,0.08,6,0.5,20,0.8,-0.39108387647623727,-0.030830266507629607,0.2538171717650998,0.36025360996860767,,COMPLETE
5455,-0.5875831155976684,2026-05-12 18:44:54.914320,2026-05-12 18:44:59.794584,0 days 00:00:04.880264,0.25,0.8,4,0.03,0.02,0.45,0.16,4,0.6,5,0.8,,,,,,PRUNED
5456,-9999.0,2026-05-12 18:44:59.820127,2026-05-12 18:45:00.144829,0 days 00:00:00.324702,0.35,0.7,3,0.03,0.02,0.3,0.08,6,0.7,20,0.5,,,,,BEAR_RATIO < NEUTRAL_RATIO < BULL_RATIO 约束违反: 0.35 / 0.7 / 0.7,COMPLETE
5457,-0.42357363260304626,2026-05-12 18:45:00.169854,2026-05-12 18:45:00.544269,0 days 00:00:00.374415,0.45,0.7,2,0.05,0.02,0.6,0.08,6,0.6,20,0.8,,,,,,PRUNED
5458,-0.456619061774679,2026-05-12 18:45:00.570108,2026-05-12 18:45:06.595731,0 days 00:00:06.025623,0.45,0.7,2,0.03,0.02,0.6,0.08,6,0.6,5,0.8,,,,,,PRUNED
5459,-0.5179924623587872,2026-05-12 18:45:06.622469,2026-05-12 18:45:07.216623,0 days 00:00:00.594154,0.45,0.7,2,0.05,0.02,0.6,0.08,6,0.5,20,0.8,-0.39108387647623727,-0.030830266507629607,0.2538171717650998,0.36025360996860767,,COMPLETE
5460,-0.4961836633065726,2026-05-12 18:45:07.244638,2026-05-12 18:45:13.125409,0 days 00:00:05.880771,0.45,0.8,3,0.05,0.02,0.3,0.16,6,0.7,5,0.65,,,,,,PRUNED
5461,-0.5892950132878714,2026-05-12 18:45:13.151797,2026-05-12 18:45:17.957493,0 days 00:00:04.805696,0.25,0.8,3,0.03,0.01,0.45,0.12,3,0.7,10,0.65,,,,,,PRUNED
5462,-0.5200476108897577,2026-05-12 18:45:17.986857,2026-05-12 18:45:23.223168,0 days 00:00:05.236311,0.35,0.7,4,0.03,0.01,0.6,0.16,6,0.6,20,0.5,,,,,,PRUNED
5463,-0.5179924623587872,2026-05-12 18:45:23.250667,2026-05-12 18:45:23.915917,0 days 00:00:00.665250,0.45,0.7,2,0.05,0.02,0.6,0.08,6,0.5,20,0.8,-0.39108387647623727,-0.030830266507629607,0.2538171717650998,0.36025360996860767,,COMPLETE
5464,-0.493655844708726,2026-05-12 18:45:23.942927,2026-05-12 18:45:28.325009,0 days 00:00:04.382082,0.25,0.8,2,0.05,0.01,0.6,0.16,4,0.7,20,0.8,,,,,,PRUNED
5465,-0.5442674210669072,2026-05-12 18:45:28.357009,2026-05-12 18:45:34.230846,0 days 00:00:05.873837,0.25,0.8,3,0.05,0.02,0.3,0.12,5,0.7,5,0.5,,,,,,PRUNED
5466,-0.4092137988646166,2026-05-12 18:45:34.258655,2026-05-12 18:45:34.695426,0 days 00:00:00.436771,0.45,0.7,2,0.05,0.02,0.6,0.08,6,0.5,10,0.5,,,,,,PRUNED
5467,-0.4213231947291116,2026-05-12 18:45:34.725872,2026-05-12 18:45:35.163560,0 days 00:00:00.437688,0.45,0.7,2,0.05,0.02,0.6,0.08,4,0.5,20,0.8,,,,,,PRUNED
5468,-0.549095445030521,2026-05-12 18:45:35.192904,2026-05-12 18:45:39.771082,0 days 00:00:04.578178,0.25,0.8,3,0.03,0.01,0.3,0.12,5,0.7,20,0.5,,,,,,PRUNED
5469,-0.4973431550539523,2026-05-12 18:45:39.795130,2026-05-12 18:45:44.797560,0 days 00:00:05.002430,0.35,0.7,3,0.03,0.01,0.3,0.12,6,0.6,20,0.8,,,,,,PRUNED
5470,-0.5199670044879958,2026-05-12 18:45:44.826163,2026-05-12 18:45:50.337725,0 days 00:00:05.511562,0.45,0.9,4,0.03,0.02,0.6,0.12,5,0.7,5,0.5,,,,,,PRUNED
5471,-0.5179924623587872,2026-05-12 18:45:50.364981,2026-05-12 18:45:50.926867,0 days 00:00:00.561886,0.45,0.7,2,0.05,0.02,0.6,0.08,6,0.5,20,0.8,-0.39108387647623727,-0.030830266507629607,0.2538171717650998,0.36025360996860767,,COMPLETE
5472,-0.5381327751571188,2026-05-12 18:45:50.953428,2026-05-12 18:45:56.644868,0 days 00:00:05.691440,0.25,0.8,4,0.05,0.02,0.6,0.16,6,0.5,5,0.8,,,,,,PRUNED
5473,-0.5722378789383502,2026-05-12 18:45:56.672941,2026-05-12 18:46:00.064612,0 days 00:00:03.391671,0.45,0.7,2,0.05,0.01,0.3,0.08,3,0.5,20,0.65,,,,,,PRUNED
5474,-0.45856833315227663,2026-05-12 18:46:00.091354,2026-05-12 18:46:04.906447,0 days 00:00:04.815093,0.45,0.8,2,0.05,0.02,0.6,0.16,6,0.6,20,0.8,,,,,,PRUNED
5475,-0.4240955692015966,2026-05-12 18:46:04.933273,2026-05-12 18:46:10.307320,0 days 00:00:05.374047,0.45,0.7,2,0.05,0.02,0.45,0.12,5,0.5,5,0.5,,,,,,PRUNED
5476,-0.4839604511363276,2026-05-12 18:46:10.333472,2026-05-12 18:46:16.974960,0 days 00:00:06.641488,0.45,0.7,4,0.03,0.01,0.6,0.16,6,0.5,5,0.8,,,,,,PRUNED
5477,-0.4602128244079706,2026-05-12 18:46:17.000133,2026-05-12 18:46:21.259304,0 days 00:00:04.259171,0.45,0.7,4,0.05,0.02,0.45,0.16,4,0.6,10,0.5,,,,,,PRUNED
5478,-0.5179924623587872,2026-05-12 18:46:21.285749,2026-05-12 18:46:21.912950,0 days 00:00:00.627201,0.45,0.7,2,0.05,0.01,0.6,0.08,6,0.5,20,0.8,-0.39108387647623727,-0.030830266507629607,0.2538171717650998,0.36025360996860767,,COMPLETE
5479,-0.4387147179881395,2026-05-12 18:46:21.939748,2026-05-12 18:46:22.296764,0 days 00:00:00.357016,0.45,0.7,2,0.03,0.02,0.6,0.08,6,0.5,5,0.8,,,,,,PRUNED
5480,-0.5120725996889398,2026-05-12 18:46:22.326186,2026-05-12 18:46:26.363375,0 days 00:00:04.037189,0.45,0.9,4,0.03,0.02,0.3,0.16,4,0.6,20,0.65,,,,,,PRUNED
5481,-0.44320591104355034,2026-05-12 18:46:26.391361,2026-05-12 18:46:31.322836,0 days 00:00:04.931475,0.45,0.8,4,0.03,0.02,0.6,0.08,6,0.5,20,0.8,,,,,,PRUNED
5482,-0.4895978572098775,2026-05-12 18:46:31.348502,2026-05-12 18:46:35.923257,0 days 00:00:04.574755,0.45,0.9,4,0.05,0.01,0.45,0.12,5,0.7,20,0.65,,,,,,PRUNED
5483,-0.5179924623587872,2026-05-12 18:46:35.949307,2026-05-12 18:46:36.510958,0 days 00:00:00.561651,0.45,0.7,2,0.05,0.02,0.6,0.08,6,0.5,20,0.8,-0.39108387647623727,-0.030830266507629607,0.2538171717650998,0.36025360996860767,,COMPLETE
5484,-0.5179924623587872,2026-05-12 18:46:36.535451,2026-05-12 18:46:37.116023,0 days 00:00:00.580572,0.45,0.7,2,0.05,0.02,0.6,0.08,6,0.5,20,0.8,-0.39108387647623727,-0.030830266507629607,0.2538171717650998,0.36025360996860767,,COMPLETE
5485,-0.42669689897793717,2026-05-12 18:46:37.142004,2026-05-12 18:46:40.678242,0 days 00:00:03.536238,0.45,0.7,4,0.05,0.01,0.3,0.12,6,0.5,20,0.65,,,,,,PRUNED
5486,-0.43913557212316334,2026-05-12 18:46:40.703999,2026-05-12 18:46:46.222510,0 days 00:00:05.518511,0.45,0.7,4,0.05,0.01,0.3,0.16,5,0.5,5,0.65,,,,,,PRUNED
5487,-0.5179924623587872,2026-05-12 18:46:46.250886,2026-05-12 18:46:46.836450,0 days 00:00:00.585564,0.45,0.7,2,0.05,0.02,0.6,0.08,6,0.5,20,0.8,-0.39108387647623727,-0.030830266507629607,0.2538171717650998,0.36025360996860767,,COMPLETE
5488,-0.5234793654580224,2026-05-12 18:46:46.861967,2026-05-12 18:46:51.727613,0 days 00:00:04.865646,0.25,0.9,3,0.05,0.01,0.3,0.12,5,0.7,10,0.65,,,,,,PRUNED
5489,-0.44892991775212177,2026-05-12 18:46:51.754603,2026-05-12 18:46:56.204340,0 days 00:00:04.449737,0.45,0.8,2,0.03,0.02,0.6,0.08,3,0.5,5,0.8,,,,,,PRUNED
5490,-0.4910135714364824,2026-05-12 18:46:56.232687,2026-05-12 18:47:01.954897,0 days 00:00:05.722210,0.45,0.8,3,0.05,0.02,0.3,0.16,5,0.7,5,0.8,,,,,,PRUNED
5491,-0.4611763613899689,2026-05-12 18:47:01.986370,2026-05-12 18:47:07.807614,0 days 00:00:05.821244,0.45,0.9,2,0.03,0.02,0.6,0.08,5,0.5,5,0.8,,,,,,PRUNED
5492,-9999.0,2026-05-12 18:47:07.835066,2026-05-12 18:47:08.175667,0 days 00:00:00.340601,0.45,0.7,2,0.05,0.02,0.6,0.08,3,0.7,5,0.8,,,,,BEAR_RATIO < NEUTRAL_RATIO < BULL_RATIO 约束违反: 0.45 / 0.7 / 0.7,COMPLETE
5493,-0.49272092979564774,2026-05-12 18:47:08.205340,2026-05-12 18:47:14.341370,0 days 00:00:06.136030,0.45,0.9,3,0.03,0.02,0.45,0.12,6,0.6,20,0.8,,,,,,PRUNED
5494,-0.43539398241717564,2026-05-12 18:47:14.367668,2026-05-12 18:47:19.341157,0 days 00:00:04.973489,0.45,0.8,2,0.05,0.02,0.6,0.08,6,0.6,20,0.65,,,,,,PRUNED
5495,-9999.0,2026-05-12 18:47:19.367850,2026-05-12 18:47:19.728348,0 days 00:00:00.360498,0.35,0.7,3,0.05,0.01,0.6,0.08,5,0.7,10,0.8,,,,,BEAR_RATIO < NEUTRAL_RATIO < BULL_RATIO 约束违反: 0.35 / 0.7 / 0.7,COMPLETE
5496,-0.44345896099844123,2026-05-12 18:47:19.755504,2026-05-12 18:47:24.273373,0 days 00:00:04.517869,0.45,0.7,3,0.05,0.02,0.6,0.16,5,0.5,20,0.8,,,,,,PRUNED
5497,-0.4081111993881487,2026-05-12 18:47:24.299127,2026-05-12 18:47:24.638716,0 days 00:00:00.339589,0.45,0.7,3,0.05,0.01,0.45,0.08,6,0.5,20,0.8,,,,,,PRUNED
5498,-0.5382733161156276,2026-05-12 18:47:24.679258,2026-05-12 18:47:29.407056,0 days 00:00:04.727798,0.35,0.9,3,0.03,0.01,0.45,0.16,5,0.7,10,0.5,,,,,,PRUNED
5499,-0.4345733515902196,2026-05-12 18:47:29.433291,2026-05-12 18:47:34.244159,0 days 00:00:04.810868,0.45,0.9,3,0.05,0.01,0.3,0.08,6,0.5,20,0.8,,,,,,PRUNED
5500,-0.4498426551784802,2026-05-12 18:47:34.267499,2026-05-12 18:47:39.997724,0 days 00:00:05.730225,0.35,0.7,2,0.05,0.02,0.3,0.08,6,0.5,5,0.8,,,,,,PRUNED
5501,-0.4092137988646166,2026-05-12 18:47:40.021561,2026-05-12 18:47:40.453171,0 days 00:00:00.431610,0.45,0.7,2,0.05,0.02,0.6,0.08,6,0.5,10,0.8,,,,,,PRUNED
5502,-0.47441457244516044,2026-05-12 18:47:40.477905,2026-05-12 18:47:40.803851,0 days 00:00:00.325946,0.25,0.7,2,0.05,0.02,0.6,0.08,6,0.5,20,0.8,,,,,,PRUNED
5503,-0.6017722470534903,2026-05-12 18:47:40.825346,2026-05-12 18:47:42.877261,0 days 00:00:02.051915,0.45,0.7,2,0.03,0.02,0.6,0.08,3,0.6,20,0.8,,,,,,PRUNED
5504,-0.4319439890559278,2026-05-12 18:47:42.900864,2026-05-12 18:47:43.289986,0 days 00:00:00.389122,0.45,0.8,2,0.05,0.02,0.6,0.12,6,0.5,20,0.8,,,,,,PRUNED
5505,-0.5835768737019633,2026-05-12 18:47:43.319437,2026-05-12 18:47:46.980077,0 days 00:00:03.660640,0.35,0.8,2,0.03,0.01,0.3,0.16,3,0.6,10,0.5,,,,,,PRUNED
5506,-0.6015144873736732,2026-05-12 18:47:47.005536,2026-05-12 18:47:52.696549,0 days 00:00:05.691013,0.25,0.9,2,0.03,0.01,0.6,0.16,6,0.6,5,0.5,,,,,,PRUNED
5507,-0.48285633254757704,2026-05-12 18:47:52.721902,2026-05-12 18:47:57.744401,0 days 00:00:05.022499,0.35,0.8,2,0.03,0.02,0.6,0.08,5,0.6,10,0.8,,,,,,PRUNED
5508,-0.5179924623587872,2026-05-12 18:47:57.769568,2026-05-12 18:47:58.373111,0 days 00:00:00.603543,0.45,0.7,2,0.05,0.02,0.6,0.08,6,0.5,20,0.8,-0.39108387647623727,-0.030830266507629607,0.2538171717650998,0.36025360996860767,,COMPLETE
5509,-0.5107107549652533,2026-05-12 18:47:58.401505,2026-05-12 18:48:02.778801,0 days 00:00:04.377296,0.25,0.7,4,0.03,0.02,0.45,0.16,4,0.5,10,0.5,,,,,,PRUNED
5510,-9999.0,2026-05-12 18:48:02.805541,2026-05-12 18:48:03.117938,0 days 00:00:00.312397,0.45,0.7,2,0.05,0.01,0.6,0.08,4,0.7,20,0.65,,,,,BEAR_RATIO < NEUTRAL_RATIO < BULL_RATIO 约束违反: 0.45 / 0.7 / 0.7,COMPLETE
5511,-0.52538556763629,2026-05-12 18:48:03.145391,2026-05-12 18:48:08.687131,0 days 00:00:05.541740,0.25,0.9,2,0.03,0.01,0.6,0.08,3,0.5,5,0.8,,,,,,PRUNED
5512,-9999.0,2026-05-12 18:48:08.714222,2026-05-12 18:48:09.051482,0 days 00:00:00.337260,0.35,0.7,3,0.05,0.01,0.6,0.16,3,0.7,20,0.8,,,,,BEAR_RATIO < NEUTRAL_RATIO < BULL_RATIO 约束违反: 0.35 / 0.7 / 0.7,COMPLETE
5513,-0.6285891614506279,2026-05-12 18:48:09.079045,2026-05-12 18:48:12.784092,0 days 00:00:03.705047,0.35,0.9,4,0.05,0.02,0.6,0.16,3,0.6,20,0.8,,,,,,PRUNED
5514,-0.467437149681899,2026-05-12 18:48:12.810046,2026-05-12 18:48:17.392001,0 days 00:00:04.581955,0.45,0.8,4,0.03,0.01,0.45,0.12,6,0.5,10,0.8,,,,,,PRUNED
5515,-0.44903022371951845,2026-05-12 18:48:17.419411,2026-05-12 18:48:22.986373,0 days 00:00:05.566962,0.45,0.7,4,0.03,0.02,0.3,0.08,6,0.6,10,0.5,,,,,,PRUNED
5516,-0.4481101710792979,2026-05-12 18:48:23.013402,2026-05-12 18:48:23.479204,0 days 00:00:00.465802,0.35,0.7,2,0.05,0.02,0.6,0.08,5,0.5,20,0.8,,,,,,PRUNED
5517,-0.4755633075015188,2026-05-12 18:48:23.508028,2026-05-12 18:48:28.935161,0 days 00:00:05.427133,0.25,0.7,3,0.05,0.01,0.6,0.08,6,0.5,10,0.8,,,,,,PRUNED
5518,-0.4153515435978797,2026-05-12 18:48:28.964797,2026-05-12 18:48:29.380538,0 days 00:00:00.415741,0.45,0.7,2,0.05,0.02,0.6,0.08,5,0.5,5,0.8,,,,,,PRUNED
5519,-0.4338764564691239,2026-05-12 18:48:29.408382,2026-05-12 18:48:29.815622,0 days 00:00:00.407240,0.45,0.9,2,0.05,0.02,0.3,0.08,6,0.5,20,0.8,,,,,,PRUNED
