number,value,datetime_start,datetime_complete,duration,params_BEAR_RATIO,params_BULL_RATIO,params_GRID_MAX_LAYER,params_GRID_STEP_MAX,params_GRID_STEP_MIN,params_GRID_STEP_VOL_FACTOR,params_LAYER_FRACTION,params_MAX_HOLD,params_NEUTRAL_RATIO,params_REBALANCE_FREQ,params_VOL_WEIGHT,user_attrs_avg_test_score,user_attrs_avg_train_score,user_attrs_test_score_std,user_attrs_train_test_gap,user_attrs_validation_error,state
10519,-0.5415216906917121,2026-05-12 22:58:17.055218,2026-05-12 22:58:21.839930,0 days 00:00:04.784712,0.35,0.9,2,0.03,0.01,0.6,0.16,5,0.6,20,0.8,,,,,,PRUNED
10520,-0.5457190993828417,2026-05-12 22:58:21.868170,2026-05-12 22:58:26.811940,0 days 00:00:04.943770,0.25,0.9,2,0.03,0.01,0.3,0.12,6,0.5,20,0.65,,,,,,PRUNED
10521,-0.5179924623587872,2026-05-12 22:58:26.844238,2026-05-12 22:58:27.493504,0 days 00:00:00.649266,0.45,0.7,2,0.05,0.02,0.6,0.08,6,0.5,20,0.8,-0.39108387647623727,-0.030830266507629607,0.2538171717650998,0.36025360996860767,,COMPLETE
10522,-0.46608888789259295,2026-05-12 22:58:27.521947,2026-05-12 22:58:32.507266,0 days 00:00:04.985319,0.45,0.8,2,0.03,0.02,0.6,0.12,6,0.5,20,0.8,,,,,,PRUNED
10523,-0.5172938425924545,2026-05-12 22:58:32.536078,2026-05-12 22:58:37.527804,0 days 00:00:04.991726,0.35,0.8,4,0.03,0.01,0.3,0.16,6,0.5,20,0.5,,,,,,PRUNED
10524,-0.5177723603513387,2026-05-12 22:58:37.555676,2026-05-12 22:58:42.552732,0 days 00:00:04.997056,0.35,0.9,3,0.03,0.02,0.6,0.12,6,0.6,20,0.65,,,,,,PRUNED
10525,-9999.0,2026-05-12 22:58:42.580987,2026-05-12 22:58:42.926752,0 days 00:00:00.345765,0.25,0.7,3,0.05,0.02,0.6,0.08,6,0.7,20,0.8,,,,,BEAR_RATIO < NEUTRAL_RATIO < BULL_RATIO 约束违反: 0.25 / 0.7 / 0.7,COMPLETE
10526,-0.42357363260304626,2026-05-12 22:58:42.953002,2026-05-12 22:58:43.365766,0 days 00:00:00.412764,0.45,0.7,2,0.05,0.02,0.6,0.08,6,0.6,20,0.8,,,,,,PRUNED
10527,-0.48845334910963867,2026-05-12 22:58:43.393408,2026-05-12 22:58:48.323011,0 days 00:00:04.929603,0.45,0.8,2,0.05,0.01,0.3,0.16,4,0.5,5,0.8,,,,,,PRUNED
10528,-0.510443205793617,2026-05-12 22:58:48.368828,2026-05-12 22:58:53.344476,0 days 00:00:04.975648,0.45,0.8,3,0.03,0.01,0.6,0.16,5,0.7,10,0.8,,,,,,PRUNED
10529,-0.4761761819851182,2026-05-12 22:58:53.376344,2026-05-12 22:58:59.179410,0 days 00:00:05.803066,0.45,0.9,4,0.05,0.01,0.6,0.12,6,0.6,5,0.8,,,,,,PRUNED
10530,-0.545797803197235,2026-05-12 22:58:59.207287,2026-05-12 22:59:03.934197,0 days 00:00:04.726910,0.45,0.7,4,0.03,0.01,0.3,0.08,3,0.6,10,0.8,,,,,,PRUNED
10531,-0.4387147179881395,2026-05-12 22:59:03.965100,2026-05-12 22:59:09.752064,0 days 00:00:05.786964,0.45,0.7,2,0.03,0.01,0.45,0.08,6,0.5,5,0.8,,,,,,PRUNED
10532,-0.4684559921976336,2026-05-12 22:59:09.782558,2026-05-12 22:59:14.757994,0 days 00:00:04.975436,0.35,0.7,4,0.05,0.02,0.3,0.16,6,0.5,20,0.8,,,,,,PRUNED
10533,-0.5179924623587872,2026-05-12 22:59:14.786059,2026-05-12 22:59:15.481371,0 days 00:00:00.695312,0.45,0.7,2,0.05,0.01,0.6,0.08,6,0.5,20,0.8,-0.39108387647623727,-0.030830266507629607,0.2538171717650998,0.36025360996860767,,COMPLETE
10534,-0.5179924623587872,2026-05-12 22:59:15.526097,2026-05-12 22:59:16.172215,0 days 00:00:00.646118,0.45,0.7,2,0.05,0.02,0.6,0.08,6,0.5,20,0.8,-0.39108387647623727,-0.030830266507629607,0.2538171717650998,0.36025360996860767,,COMPLETE
10535,-9999.0,2026-05-12 22:59:16.201894,2026-05-12 22:59:16.595171,0 days 00:00:00.393277,0.45,0.7,2,0.05,0.02,0.3,0.08,6,0.7,5,0.65,,,,,BEAR_RATIO < NEUTRAL_RATIO < BULL_RATIO 约束违反: 0.45 / 0.7 / 0.7,COMPLETE
10536,-0.5179924623587872,2026-05-12 22:59:16.624456,2026-05-12 22:59:17.286589,0 days 00:00:00.662133,0.45,0.7,2,0.05,0.02,0.6,0.08,6,0.5,20,0.8,-0.39108387647623727,-0.030830266507629607,0.2538171717650998,0.36025360996860767,,COMPLETE
10537,-0.4931124083102079,2026-05-12 22:59:17.314783,2026-05-12 22:59:21.729928,0 days 00:00:04.415145,0.45,0.9,2,0.03,0.01,0.6,0.12,4,0.6,10,0.8,,,,,,PRUNED
10538,-0.4081111993881487,2026-05-12 22:59:21.757392,2026-05-12 22:59:22.245521,0 days 00:00:00.488129,0.45,0.7,3,0.05,0.02,0.45,0.08,6,0.5,20,0.5,,,,,,PRUNED
10539,-0.4512923192499253,2026-05-12 22:59:22.274705,2026-05-12 22:59:27.287367,0 days 00:00:05.012662,0.45,0.8,4,0.05,0.02,0.45,0.12,6,0.6,20,0.65,,,,,,PRUNED
10540,-0.5179924623587872,2026-05-12 22:59:27.315348,2026-05-12 22:59:27.977568,0 days 00:00:00.662220,0.45,0.7,2,0.05,0.02,0.6,0.08,6,0.5,20,0.8,-0.39108387647623727,-0.030830266507629607,0.2538171717650998,0.36025360996860767,,COMPLETE
10541,-9999.0,2026-05-12 22:59:28.005177,2026-05-12 22:59:28.399880,0 days 00:00:00.394703,0.25,0.7,4,0.05,0.02,0.45,0.16,6,0.7,20,0.65,,,,,BEAR_RATIO < NEUTRAL_RATIO < BULL_RATIO 约束违反: 0.25 / 0.7 / 0.7,COMPLETE
10542,-0.41072198076880906,2026-05-12 22:59:28.428922,2026-05-12 22:59:33.673040,0 days 00:00:05.244118,0.45,0.7,3,0.05,0.01,0.6,0.08,6,0.5,10,0.65,,,,,,PRUNED
10543,-0.4629309271732239,2026-05-12 22:59:33.700930,2026-05-12 22:59:37.737021,0 days 00:00:04.036091,0.45,0.8,3,0.05,0.01,0.6,0.16,4,0.6,20,0.8,,,,,,PRUNED
10544,-0.421366069161807,2026-05-12 22:59:37.766097,2026-05-12 22:59:38.262890,0 days 00:00:00.496793,0.45,0.7,3,0.05,0.02,0.6,0.12,6,0.5,20,0.8,,,,,,PRUNED
10545,-0.42224768267245916,2026-05-12 22:59:38.292814,2026-05-12 22:59:38.741192,0 days 00:00:00.448378,0.45,0.8,2,0.05,0.02,0.3,0.08,6,0.5,20,0.8,,,,,,PRUNED
10546,-9999.0,2026-05-12 22:59:38.770271,2026-05-12 22:59:39.179692,0 days 00:00:00.409421,0.45,0.7,4,0.05,0.01,0.6,0.16,6,0.7,20,0.5,,,,,BEAR_RATIO < NEUTRAL_RATIO < BULL_RATIO 约束违反: 0.45 / 0.7 / 0.7,COMPLETE
10547,-0.4092788272711371,2026-05-12 22:59:39.207472,2026-05-12 22:59:39.650949,0 days 00:00:00.443477,0.45,0.7,3,0.05,0.02,0.6,0.08,6,0.5,20,0.8,,,,,,PRUNED
10548,-0.5179924623587872,2026-05-12 22:59:39.678931,2026-05-12 22:59:40.380695,0 days 00:00:00.701764,0.45,0.7,2,0.05,0.02,0.6,0.08,6,0.5,20,0.8,-0.39108387647623727,-0.030830266507629607,0.2538171717650998,0.36025360996860767,,COMPLETE
10549,-0.5179924623587872,2026-05-12 22:59:40.410614,2026-05-12 22:59:41.073074,0 days 00:00:00.662460,0.45,0.7,2,0.05,0.02,0.6,0.08,6,0.5,20,0.8,-0.39108387647623727,-0.030830266507629607,0.2538171717650998,0.36025360996860767,,COMPLETE
10550,-0.45639875259170154,2026-05-12 22:59:41.105126,2026-05-12 22:59:46.063463,0 days 00:00:04.958337,0.35,0.7,2,0.05,0.02,0.45,0.16,6,0.5,20,0.5,,,,,,PRUNED
10551,-0.5455568061291304,2026-05-12 22:59:46.091749,2026-05-12 22:59:51.751850,0 days 00:00:05.660101,0.25,0.9,4,0.05,0.01,0.3,0.08,5,0.7,5,0.65,,,,,,PRUNED
10552,-0.4213231947291116,2026-05-12 22:59:51.779977,2026-05-12 22:59:52.256761,0 days 00:00:00.476784,0.45,0.7,2,0.05,0.02,0.6,0.08,4,0.5,20,0.8,,,,,,PRUNED
10553,-0.49931601187729124,2026-05-12 22:59:52.284920,2026-05-12 22:59:57.595011,0 days 00:00:05.310091,0.45,0.8,4,0.03,0.02,0.3,0.12,6,0.7,10,0.5,,,,,,PRUNED
10554,-9999.0,2026-05-12 22:59:57.622619,2026-05-12 22:59:58.016941,0 days 00:00:00.394322,0.45,0.7,4,0.03,0.01,0.3,0.12,5,0.7,5,0.5,,,,,BEAR_RATIO < NEUTRAL_RATIO < BULL_RATIO 约束违反: 0.45 / 0.7 / 0.7,COMPLETE
10555,-0.5179924623587872,2026-05-12 22:59:58.047343,2026-05-12 22:59:58.713905,0 days 00:00:00.666562,0.45,0.7,2,0.05,0.02,0.6,0.08,6,0.5,20,0.8,-0.39108387647623727,-0.030830266507629607,0.2538171717650998,0.36025360996860767,,COMPLETE
10556,-0.47441457244516044,2026-05-12 22:59:58.745000,2026-05-12 22:59:59.191467,0 days 00:00:00.446467,0.25,0.7,2,0.05,0.02,0.6,0.08,6,0.5,20,0.8,,,,,,PRUNED
10557,-0.46789779090066014,2026-05-12 22:59:59.223944,2026-05-12 23:00:05.684011,0 days 00:00:06.460067,0.35,0.7,2,0.03,0.02,0.3,0.08,5,0.5,5,0.5,,,,,,PRUNED
10558,-0.5179924623587872,2026-05-12 23:00:05.711227,2026-05-12 23:00:06.366153,0 days 00:00:00.654926,0.45,0.7,2,0.05,0.02,0.6,0.08,6,0.5,20,0.8,-0.39108387647623727,-0.030830266507629607,0.2538171717650998,0.36025360996860767,,COMPLETE
10559,-0.5179924623587872,2026-05-12 23:00:06.395845,2026-05-12 23:00:07.074817,0 days 00:00:00.678972,0.45,0.7,2,0.05,0.02,0.6,0.08,6,0.5,20,0.8,-0.39108387647623727,-0.030830266507629607,0.2538171717650998,0.36025360996860767,,COMPLETE
10560,-0.41425741193738236,2026-05-12 23:00:07.116795,2026-05-12 23:00:07.546860,0 days 00:00:00.430065,0.45,0.7,2,0.05,0.02,0.6,0.08,6,0.5,5,0.8,,,,,,PRUNED
10561,-0.4100386278766106,2026-05-12 23:00:07.575041,2026-05-12 23:00:08.052655,0 days 00:00:00.477614,0.45,0.7,2,0.05,0.02,0.3,0.08,6,0.5,20,0.8,,,,,,PRUNED
10562,-0.5027295767079023,2026-05-12 23:00:08.079839,2026-05-12 23:00:13.020922,0 days 00:00:04.941083,0.25,0.8,3,0.03,0.01,0.3,0.08,5,0.5,10,0.8,,,,,,PRUNED
10563,-0.4296411080598753,2026-05-12 23:00:13.049569,2026-05-12 23:00:13.497176,0 days 00:00:00.447607,0.45,0.7,2,0.05,0.02,0.6,0.16,6,0.5,20,0.8,,,,,,PRUNED
10564,-0.5179924623587872,2026-05-12 23:00:13.524161,2026-05-12 23:00:14.192974,0 days 00:00:00.668813,0.45,0.7,2,0.05,0.02,0.6,0.08,6,0.5,20,0.8,-0.39108387647623727,-0.030830266507629607,0.2538171717650998,0.36025360996860767,,COMPLETE
10565,-0.4938959210025493,2026-05-12 23:00:14.227590,2026-05-12 23:00:19.270618,0 days 00:00:05.043028,0.35,0.9,4,0.03,0.02,0.6,0.08,5,0.6,10,0.65,,,,,,PRUNED
10566,-0.4092137988646166,2026-05-12 23:00:19.302557,2026-05-12 23:00:19.752779,0 days 00:00:00.450222,0.45,0.7,2,0.05,0.02,0.6,0.08,6,0.5,10,0.8,,,,,,PRUNED
10567,-0.4913079000816881,2026-05-12 23:00:19.780346,2026-05-12 23:00:24.734502,0 days 00:00:04.954156,0.45,0.9,2,0.03,0.01,0.3,0.16,5,0.5,10,0.5,,,,,,PRUNED
10568,-0.6044218204031359,2026-05-12 23:00:24.764008,2026-05-12 23:00:28.276503,0 days 00:00:03.512495,0.45,0.9,3,0.03,0.01,0.45,0.12,3,0.5,20,0.5,,,,,,PRUNED
10569,-0.5179175464945835,2026-05-12 23:00:28.304438,2026-05-12 23:00:33.305951,0 days 00:00:05.001513,0.35,0.8,4,0.05,0.02,0.45,0.16,4,0.5,5,0.8,,,,,,PRUNED
10570,-0.5756909378100548,2026-05-12 23:00:33.337595,2026-05-12 23:00:38.358642,0 days 00:00:05.021047,0.25,0.9,4,0.05,0.01,0.6,0.12,4,0.7,5,0.5,,,,,,PRUNED
10571,-0.47770734213841115,2026-05-12 23:00:38.387354,2026-05-12 23:00:43.375713,0 days 00:00:04.988359,0.45,0.9,3,0.05,0.02,0.45,0.12,5,0.7,10,0.5,,,,,,PRUNED
10572,-9999.0,2026-05-12 23:00:43.404061,2026-05-12 23:00:43.790776,0 days 00:00:00.386715,0.25,0.7,4,0.05,0.01,0.3,0.16,5,0.7,10,0.5,,,,,BEAR_RATIO < NEUTRAL_RATIO < BULL_RATIO 约束违反: 0.25 / 0.7 / 0.7,COMPLETE
10573,-0.5179924623587872,2026-05-12 23:00:43.833613,2026-05-12 23:00:44.491128,0 days 00:00:00.657515,0.45,0.7,2,0.05,0.02,0.6,0.08,6,0.5,20,0.8,-0.39108387647623727,-0.030830266507629607,0.2538171717650998,0.36025360996860767,,COMPLETE
10574,-0.5179924623587872,2026-05-12 23:00:44.520434,2026-05-12 23:00:45.105941,0 days 00:00:00.585507,0.45,0.7,2,0.05,0.02,0.6,0.08,6,0.5,20,0.8,-0.39108387647623727,-0.030830266507629607,0.2538171717650998,0.36025360996860767,,COMPLETE
10575,-0.6394721117501805,2026-05-12 23:00:45.130916,2026-05-12 23:00:48.542145,0 days 00:00:03.411229,0.35,0.9,4,0.03,0.01,0.3,0.12,3,0.6,20,0.5,,,,,,PRUNED
10576,-0.42056632138184724,2026-05-12 23:00:48.571861,2026-05-12 23:00:49.028556,0 days 00:00:00.456695,0.45,0.8,2,0.05,0.02,0.6,0.08,6,0.5,20,0.8,,,,,,PRUNED
10577,-0.5109447174420134,2026-05-12 23:00:49.057186,2026-05-12 23:00:54.598591,0 days 00:00:05.541405,0.35,0.8,4,0.05,0.01,0.6,0.12,5,0.7,5,0.8,,,,,,PRUNED
10578,-0.5266653921906987,2026-05-12 23:00:54.626511,2026-05-12 23:00:59.008004,0 days 00:00:04.381493,0.35,0.9,3,0.03,0.02,0.3,0.16,4,0.7,10,0.8,,,,,,PRUNED
10579,-0.4964032637814443,2026-05-12 23:00:59.039349,2026-05-12 23:01:03.958018,0 days 00:00:04.918669,0.25,0.8,2,0.05,0.02,0.3,0.12,5,0.5,10,0.8,,,,,,PRUNED
10580,-0.45601516752108395,2026-05-12 23:01:03.986821,2026-05-12 23:01:10.172479,0 days 00:00:06.185658,0.45,0.9,3,0.03,0.01,0.6,0.08,6,0.5,10,0.65,,,,,,PRUNED
10581,-0.4944868419482662,2026-05-12 23:01:10.201870,2026-05-12 23:01:15.196210,0 days 00:00:04.994340,0.35,0.8,4,0.03,0.02,0.45,0.08,5,0.7,10,0.8,,,,,,PRUNED
10582,-0.43223096142417294,2026-05-12 23:01:15.228541,2026-05-12 23:01:15.681321,0 days 00:00:00.452780,0.45,0.9,2,0.05,0.02,0.6,0.08,6,0.5,20,0.8,,,,,,PRUNED
10583,-0.5179924623587872,2026-05-12 23:01:15.710496,2026-05-12 23:01:16.376597,0 days 00:00:00.666101,0.45,0.7,2,0.05,0.02,0.6,0.08,6,0.5,20,0.8,-0.39108387647623727,-0.030830266507629607,0.2538171717650998,0.36025360996860767,,COMPLETE
10584,-0.4082686481911698,2026-05-12 23:01:16.405586,2026-05-12 23:01:16.896056,0 days 00:00:00.490470,0.45,0.7,2,0.05,0.02,0.45,0.08,6,0.5,10,0.8,,,,,,PRUNED
10585,-9999.0,2026-05-12 23:01:16.924836,2026-05-12 23:01:17.322470,0 days 00:00:00.397634,0.35,0.7,4,0.05,0.01,0.6,0.16,6,0.7,10,0.8,,,,,BEAR_RATIO < NEUTRAL_RATIO < BULL_RATIO 约束违反: 0.35 / 0.7 / 0.7,COMPLETE
10586,-0.5194986752997807,2026-05-12 23:01:17.351613,2026-05-12 23:01:22.390974,0 days 00:00:05.039361,0.35,0.7,3,0.03,0.02,0.3,0.16,6,0.6,20,0.5,,,,,,PRUNED
10587,-0.509358824813855,2026-05-12 23:01:22.419830,2026-05-12 23:01:26.875904,0 days 00:00:04.456074,0.35,0.8,4,0.03,0.01,0.45,0.12,4,0.7,10,0.5,,,,,,PRUNED
10588,-0.5179924623587872,2026-05-12 23:01:26.905382,2026-05-12 23:01:27.580003,0 days 00:00:00.674621,0.45,0.7,2,0.05,0.02,0.6,0.08,6,0.5,20,0.8,-0.39108387647623727,-0.030830266507629607,0.2538171717650998,0.36025360996860767,,COMPLETE
10589,-9999.0,2026-05-12 23:01:27.607648,2026-05-12 23:01:27.997590,0 days 00:00:00.389942,0.25,0.7,2,0.03,0.02,0.6,0.16,5,0.7,5,0.65,,,,,BEAR_RATIO < NEUTRAL_RATIO < BULL_RATIO 约束违反: 0.25 / 0.7 / 0.7,COMPLETE
10590,-9999.0,2026-05-12 23:01:28.043893,2026-05-12 23:01:28.454301,0 days 00:00:00.410408,0.35,0.7,4,0.05,0.02,0.45,0.12,5,0.7,20,0.5,,,,,BEAR_RATIO < NEUTRAL_RATIO < BULL_RATIO 约束违反: 0.35 / 0.7 / 0.7,COMPLETE
10591,-0.5179924623587872,2026-05-12 23:01:28.483025,2026-05-12 23:01:29.157164,0 days 00:00:00.674139,0.45,0.7,2,0.05,0.01,0.6,0.08,6,0.5,20,0.8,-0.39108387647623727,-0.030830266507629607,0.2538171717650998,0.36025360996860767,,COMPLETE
10592,-0.4596925356920062,2026-05-12 23:01:29.186583,2026-05-12 23:01:34.143752,0 days 00:00:04.957169,0.35,0.8,2,0.05,0.01,0.6,0.12,6,0.5,20,0.65,,,,,,PRUNED
10593,-0.46075172822643773,2026-05-12 23:01:34.170822,2026-05-12 23:01:39.137194,0 days 00:00:04.966372,0.45,0.8,4,0.03,0.01,0.6,0.08,5,0.6,10,0.8,,,,,,PRUNED
10594,-0.43333909441165963,2026-05-12 23:01:39.165959,2026-05-12 23:01:39.646211,0 days 00:00:00.480252,0.35,0.7,2,0.05,0.02,0.6,0.08,6,0.5,20,0.8,,,,,,PRUNED
10595,-0.5828149093289692,2026-05-12 23:01:39.674376,2026-05-12 23:01:43.519070,0 days 00:00:03.844694,0.45,0.8,4,0.03,0.02,0.6,0.12,3,0.7,10,0.65,,,,,,PRUNED
10596,-9999.0,2026-05-12 23:01:43.548398,2026-05-12 23:01:43.932798,0 days 00:00:00.384400,0.45,0.7,2,0.05,0.02,0.6,0.08,6,0.7,20,0.8,,,,,BEAR_RATIO < NEUTRAL_RATIO < BULL_RATIO 约束违反: 0.45 / 0.7 / 0.7,COMPLETE
10597,-0.5179924623587872,2026-05-12 23:01:43.980030,2026-05-12 23:01:44.630833,0 days 00:00:00.650803,0.45,0.7,2,0.05,0.02,0.6,0.08,6,0.5,20,0.8,-0.39108387647623727,-0.030830266507629607,0.2538171717650998,0.36025360996860767,,COMPLETE
10598,-0.5179924623587872,2026-05-12 23:01:44.660473,2026-05-12 23:01:45.297086,0 days 00:00:00.636613,0.45,0.7,2,0.05,0.02,0.6,0.08,6,0.5,20,0.8,-0.39108387647623727,-0.030830266507629607,0.2538171717650998,0.36025360996860767,,COMPLETE
10599,-0.43155661162383707,2026-05-12 23:01:45.349013,2026-05-12 23:01:45.791408,0 days 00:00:00.442395,0.45,0.7,3,0.05,0.01,0.6,0.16,6,0.5,20,0.8,,,,,,PRUNED
10600,-0.5179924623587872,2026-05-12 23:01:45.822059,2026-05-12 23:01:46.485902,0 days 00:00:00.663843,0.45,0.7,2,0.05,0.02,0.6,0.08,6,0.5,20,0.8,-0.39108387647623727,-0.030830266507629607,0.2538171717650998,0.36025360996860767,,COMPLETE
10601,-0.42293370088728216,2026-05-12 23:01:46.515365,2026-05-12 23:01:46.985713,0 days 00:00:00.470348,0.45,0.8,4,0.05,0.02,0.6,0.08,6,0.5,20,0.8,,,,,,PRUNED
10602,-0.4465928708972827,2026-05-12 23:01:47.036885,2026-05-12 23:01:51.407075,0 days 00:00:04.370190,0.45,0.7,2,0.05,0.01,0.3,0.12,3,0.6,5,0.8,,,,,,PRUNED
10603,-0.4318124553734489,2026-05-12 23:01:51.435188,2026-05-12 23:01:51.895505,0 days 00:00:00.460317,0.45,0.7,2,0.03,0.02,0.6,0.08,6,0.5,20,0.8,,,,,,PRUNED
10604,-0.50213363937389,2026-05-12 23:01:51.922849,2026-05-12 23:01:56.267551,0 days 00:00:04.344702,0.25,0.7,2,0.03,0.01,0.6,0.12,4,0.6,10,0.5,,,,,,PRUNED
10605,-0.5186791120576709,2026-05-12 23:01:56.295882,2026-05-12 23:02:01.575472,0 days 00:00:05.279590,0.45,0.8,3,0.03,0.02,0.45,0.16,6,0.7,10,0.5,,,,,,PRUNED
10606,-0.612791060544943,2026-05-12 23:02:01.603508,2026-05-12 23:02:05.197515,0 days 00:00:03.594007,0.35,0.7,3,0.05,0.02,0.6,0.16,3,0.6,20,0.65,,,,,,PRUNED
10607,-0.43588278815153436,2026-05-12 23:02:05.229243,2026-05-12 23:02:05.674220,0 days 00:00:00.444977,0.35,0.7,2,0.05,0.02,0.6,0.08,4,0.5,20,0.8,,,,,,PRUNED
10608,-0.567263194516678,2026-05-12 23:02:05.703752,2026-05-12 23:02:10.609721,0 days 00:00:04.905969,0.25,0.8,4,0.03,0.01,0.45,0.16,6,0.6,20,0.8,,,,,,PRUNED
10609,-0.5651661417054993,2026-05-12 23:02:10.638078,2026-05-12 23:02:14.452343,0 days 00:00:03.814265,0.45,0.9,3,0.05,0.01,0.45,0.12,3,0.7,10,0.5,,,,,,PRUNED
10610,-0.5179924623587872,2026-05-12 23:02:14.480925,2026-05-12 23:02:16.112301,0 days 00:00:01.631376,0.45,0.7,2,0.05,0.02,0.6,0.08,6,0.5,20,0.8,-0.39108387647623727,-0.030830266507629607,0.2538171717650998,0.36025360996860767,,COMPLETE
10611,-0.6218636293027138,2026-05-12 23:02:16.139858,2026-05-12 23:02:19.612200,0 days 00:00:03.472342,0.35,0.9,3,0.05,0.01,0.3,0.12,3,0.6,20,0.65,,,,,,PRUNED
10612,-9999.0,2026-05-12 23:02:19.652794,2026-05-12 23:02:20.045818,0 days 00:00:00.393024,0.45,0.7,2,0.03,0.01,0.6,0.12,6,0.7,20,0.8,,,,,BEAR_RATIO < NEUTRAL_RATIO < BULL_RATIO 约束违反: 0.45 / 0.7 / 0.7,COMPLETE
10613,-0.5647023510249438,2026-05-12 23:02:20.077551,2026-05-12 23:02:23.843814,0 days 00:00:03.766263,0.25,0.9,3,0.05,0.01,0.6,0.08,3,0.6,10,0.65,,,,,,PRUNED
10614,-0.5730010624940768,2026-05-12 23:02:23.872764,2026-05-12 23:02:24.291251,0 days 00:00:00.418487,0.45,0.7,3,0.05,0.02,0.6,0.08,3,0.5,20,0.8,,,,,,PRUNED
10615,-0.47533220531678605,2026-05-12 23:02:24.316486,2026-05-12 23:02:29.471284,0 days 00:00:05.154798,0.35,0.9,3,0.05,0.02,0.6,0.08,6,0.6,10,0.5,,,,,,PRUNED
10616,-0.46140218705436153,2026-05-12 23:02:29.496720,2026-05-12 23:02:33.464528,0 days 00:00:03.967808,0.45,0.9,2,0.05,0.01,0.6,0.08,4,0.7,20,0.8,,,,,,PRUNED
10617,-0.4680807278890954,2026-05-12 23:02:33.497586,2026-05-12 23:02:37.869391,0 days 00:00:04.371805,0.45,0.8,4,0.05,0.02,0.45,0.16,3,0.6,5,0.8,,,,,,PRUNED
10618,-0.5317545765309063,2026-05-12 23:02:37.897882,2026-05-12 23:02:42.600689,0 days 00:00:04.702807,0.25,0.8,3,0.03,0.02,0.45,0.12,5,0.5,20,0.5,,,,,,PRUNED
10619,-0.5976676797796394,2026-05-12 23:02:42.629903,2026-05-12 23:02:46.150123,0 days 00:00:03.520220,0.35,0.8,3,0.05,0.02,0.6,0.12,3,0.5,20,0.8,,,,,,PRUNED
10620,-0.4194511448045569,2026-05-12 23:02:46.177418,2026-05-12 23:02:46.633459,0 days 00:00:00.456041,0.45,0.7,2,0.05,0.02,0.6,0.12,6,0.5,20,0.8,,,,,,PRUNED
10621,-0.5182406672588966,2026-05-12 23:02:46.662588,2026-05-12 23:02:47.313913,0 days 00:00:00.651325,0.45,0.7,2,0.05,0.02,0.45,0.08,6,0.5,20,0.65,-0.3910743597599139,-0.030648087966744914,0.25433261499796533,0.360426271793169,,COMPLETE
10622,-0.5182406672588966,2026-05-12 23:02:47.345560,2026-05-12 23:02:48.036141,0 days 00:00:00.690581,0.45,0.7,2,0.05,0.02,0.45,0.08,6,0.5,20,0.8,-0.3910743597599139,-0.030648087966744914,0.25433261499796533,0.360426271793169,,COMPLETE
10623,-0.6207957275394005,2026-05-12 23:02:48.076911,2026-05-12 23:02:51.558478,0 days 00:00:03.481567,0.35,0.9,3,0.05,0.01,0.6,0.12,3,0.6,20,0.65,,,,,,PRUNED
10624,-0.5928800807718478,2026-05-12 23:02:51.586945,2026-05-12 23:02:56.573158,0 days 00:00:04.986213,0.25,0.8,2,0.03,0.02,0.3,0.16,4,0.7,5,0.65,,,,,,PRUNED
10625,-0.5715107846558711,2026-05-12 23:02:56.606901,2026-05-12 23:02:57.100236,0 days 00:00:00.493335,0.45,0.7,2,0.05,0.02,0.6,0.08,3,0.5,20,0.8,,,,,,PRUNED
10626,-9999.0,2026-05-12 23:02:57.130845,2026-05-12 23:02:57.530317,0 days 00:00:00.399472,0.45,0.7,2,0.05,0.02,0.6,0.08,4,0.7,10,0.65,,,,,BEAR_RATIO < NEUTRAL_RATIO < BULL_RATIO 约束违反: 0.45 / 0.7 / 0.7,COMPLETE
10627,-0.5455811425985523,2026-05-12 23:02:57.559876,2026-05-12 23:03:01.442849,0 days 00:00:03.882973,0.35,0.7,3,0.05,0.01,0.3,0.12,3,0.6,10,0.65,,,,,,PRUNED
10628,-0.5179924623587872,2026-05-12 23:03:01.476040,2026-05-12 23:03:02.120616,0 days 00:00:00.644576,0.45,0.7,2,0.05,0.02,0.6,0.08,6,0.5,20,0.8,-0.39108387647623727,-0.030830266507629607,0.2538171717650998,0.36025360996860767,,COMPLETE
10629,-0.5694173037483696,2026-05-12 23:03:02.150102,2026-05-12 23:03:05.919337,0 days 00:00:03.769235,0.45,0.9,3,0.03,0.02,0.6,0.12,3,0.6,10,0.5,,,,,,PRUNED
10630,-0.4388876980491039,2026-05-12 23:03:05.948823,2026-05-12 23:03:10.840480,0 days 00:00:04.891657,0.45,0.8,2,0.05,0.01,0.3,0.08,6,0.6,20,0.65,,,,,,PRUNED
10631,-0.5883196310218424,2026-05-12 23:03:10.871332,2026-05-12 23:03:14.672043,0 days 00:00:03.800711,0.25,0.9,3,0.03,0.01,0.3,0.12,3,0.6,10,0.8,,,,,,PRUNED
10632,-0.4444576620692652,2026-05-12 23:03:14.709035,2026-05-12 23:03:18.768001,0 days 00:00:04.058966,0.45,0.8,4,0.05,0.01,0.6,0.12,4,0.5,20,0.8,,,,,,PRUNED
10633,-0.43333909441165963,2026-05-12 23:03:18.797708,2026-05-12 23:03:19.272905,0 days 00:00:00.475197,0.35,0.7,2,0.05,0.02,0.6,0.08,6,0.5,20,0.5,,,,,,PRUNED
10634,-0.5903087269537144,2026-05-12 23:03:19.301793,2026-05-12 23:03:24.001123,0 days 00:00:04.699330,0.35,0.9,3,0.03,0.02,0.6,0.12,3,0.7,10,0.65,,,,,,PRUNED
10635,-0.4876650698326608,2026-05-12 23:03:24.031949,2026-05-12 23:03:28.947596,0 days 00:00:04.915647,0.35,0.9,2,0.05,0.01,0.3,0.08,6,0.7,20,0.5,,,,,,PRUNED
10636,-0.4324364259573655,2026-05-12 23:03:28.976300,2026-05-12 23:03:29.431221,0 days 00:00:00.454921,0.45,0.7,2,0.03,0.02,0.3,0.08,6,0.5,20,0.8,,,,,,PRUNED
10637,-0.4242910183560481,2026-05-12 23:03:29.477529,2026-05-12 23:03:29.930907,0 days 00:00:00.453378,0.45,0.7,2,0.05,0.02,0.6,0.08,5,0.5,20,0.8,,,,,,PRUNED
10638,-9999.0,2026-05-12 23:03:29.976840,2026-05-12 23:03:30.388272,0 days 00:00:00.411432,0.35,0.7,2,0.03,0.01,0.45,0.12,5,0.7,10,0.8,,,,,BEAR_RATIO < NEUTRAL_RATIO < BULL_RATIO 约束违反: 0.35 / 0.7 / 0.7,COMPLETE
