number,value,datetime_start,datetime_complete,duration,params_BEAR_RATIO,params_BULL_RATIO,params_GRID_MAX_LAYER,params_GRID_STEP_MAX,params_GRID_STEP_MIN,params_GRID_STEP_VOL_FACTOR,params_LAYER_FRACTION,params_MAX_HOLD,params_NEUTRAL_RATIO,params_REBALANCE_FREQ,params_VOL_WEIGHT,user_attrs_avg_test_score,user_attrs_avg_train_score,user_attrs_test_score_std,user_attrs_train_test_gap,user_attrs_validation_error,state
5892,-9999.0,2026-05-12 19:07:42.505317,2026-05-12 19:07:42.820202,0 days 00:00:00.314885,0.35,0.7,2,0.05,0.02,0.45,0.16,6,0.7,10,0.8,,,,,BEAR_RATIO < NEUTRAL_RATIO < BULL_RATIO 约束违反: 0.35 / 0.7 / 0.7,COMPLETE
5893,-0.4428712545707733,2026-05-12 19:07:42.852333,2026-05-12 19:07:48.192188,0 days 00:00:05.339855,0.45,0.8,3,0.03,0.01,0.45,0.08,5,0.5,10,0.5,,,,,,PRUNED
5894,-0.4882058625749357,2026-05-12 19:07:48.223094,2026-05-12 19:07:52.383308,0 days 00:00:04.160214,0.25,0.9,2,0.05,0.02,0.6,0.12,4,0.6,20,0.5,,,,,,PRUNED
5895,-0.5179924623587872,2026-05-12 19:07:52.415189,2026-05-12 19:07:53.041972,0 days 00:00:00.626783,0.45,0.7,2,0.05,0.02,0.6,0.08,6,0.5,20,0.8,-0.39108387647623727,-0.030830266507629607,0.2538171717650998,0.36025360996860767,,COMPLETE
5896,-0.49131270057304377,2026-05-12 19:07:53.073267,2026-05-12 19:07:58.163434,0 days 00:00:05.090167,0.25,0.7,3,0.05,0.02,0.6,0.12,6,0.5,20,0.5,,,,,,PRUNED
5897,-0.5946960316618184,2026-05-12 19:07:58.190406,2026-05-12 19:08:02.235188,0 days 00:00:04.044782,0.25,0.9,2,0.03,0.02,0.45,0.12,3,0.7,10,0.65,,,,,,PRUNED
5898,-0.4392374219430675,2026-05-12 19:08:02.266173,2026-05-12 19:08:06.365116,0 days 00:00:04.098943,0.45,0.9,2,0.05,0.02,0.6,0.08,4,0.5,20,0.5,,,,,,PRUNED
5899,-0.4408085471343632,2026-05-12 19:08:06.391496,2026-05-12 19:08:06.764379,0 days 00:00:00.372883,0.45,0.7,2,0.05,0.02,0.6,0.08,5,0.6,20,0.8,,,,,,PRUNED
5900,-0.5179924623587872,2026-05-12 19:08:06.789206,2026-05-12 19:08:07.386018,0 days 00:00:00.596812,0.45,0.7,2,0.05,0.01,0.6,0.08,6,0.5,20,0.8,-0.39108387647623727,-0.030830266507629607,0.2538171717650998,0.36025360996860767,,COMPLETE
5901,-0.5826972796844303,2026-05-12 19:08:07.413349,2026-05-12 19:08:11.030440,0 days 00:00:03.617091,0.35,0.7,2,0.05,0.02,0.3,0.08,3,0.5,20,0.8,,,,,,PRUNED
5902,-0.4309812888470534,2026-05-12 19:08:11.058659,2026-05-12 19:08:11.503412,0 days 00:00:00.444753,0.45,0.8,2,0.05,0.02,0.6,0.08,4,0.5,20,0.8,,,,,,PRUNED
5903,-0.42357363260304626,2026-05-12 19:08:11.533064,2026-05-12 19:08:11.922209,0 days 00:00:00.389145,0.45,0.7,2,0.05,0.02,0.6,0.08,6,0.6,20,0.8,,,,,,PRUNED
5904,-0.4990107172223949,2026-05-12 19:08:11.952604,2026-05-12 19:08:17.874577,0 days 00:00:05.921973,0.45,0.8,4,0.03,0.02,0.3,0.16,6,0.5,5,0.65,,,,,,PRUNED
5905,-0.460308773030246,2026-05-12 19:08:17.903426,2026-05-12 19:08:22.077990,0 days 00:00:04.174564,0.35,0.9,2,0.05,0.02,0.45,0.12,4,0.5,20,0.8,,,,,,PRUNED
5906,-0.4748205448809325,2026-05-12 19:08:22.104186,2026-05-12 19:08:25.903969,0 days 00:00:03.799783,0.45,0.8,4,0.03,0.02,0.45,0.12,6,0.5,5,0.65,,,,,,PRUNED
5907,-0.5278775643308956,2026-05-12 19:08:25.932481,2026-05-12 19:08:30.597249,0 days 00:00:04.664768,0.45,0.7,4,0.05,0.02,0.3,0.16,3,0.5,10,0.8,,,,,,PRUNED
5908,-0.5179924623587872,2026-05-12 19:08:30.622679,2026-05-12 19:08:31.172313,0 days 00:00:00.549634,0.45,0.7,2,0.05,0.02,0.6,0.08,6,0.5,20,0.8,-0.39108387647623727,-0.030830266507629607,0.2538171717650998,0.36025360996860767,,COMPLETE
5909,-0.506752901082133,2026-05-12 19:08:31.201253,2026-05-12 19:08:36.498778,0 days 00:00:05.297525,0.45,0.9,4,0.03,0.02,0.45,0.16,5,0.6,10,0.8,,,,,,PRUNED
5910,-0.5032985182819751,2026-05-12 19:08:36.529924,2026-05-12 19:08:40.989580,0 days 00:00:04.459656,0.35,0.9,3,0.03,0.01,0.6,0.16,4,0.5,10,0.5,,,,,,PRUNED
5911,-0.5179924623587872,2026-05-12 19:08:41.017586,2026-05-12 19:08:41.682864,0 days 00:00:00.665278,0.45,0.7,2,0.05,0.02,0.6,0.08,6,0.5,20,0.8,-0.39108387647623727,-0.030830266507629607,0.2538171717650998,0.36025360996860767,,COMPLETE
5912,-0.4751102756455371,2026-05-12 19:08:41.709663,2026-05-12 19:08:46.009269,0 days 00:00:04.299606,0.45,0.7,4,0.03,0.02,0.45,0.12,4,0.6,20,0.65,,,,,,PRUNED
5913,-0.5179924623587872,2026-05-12 19:08:46.033982,2026-05-12 19:08:46.599687,0 days 00:00:00.565705,0.45,0.7,2,0.05,0.02,0.6,0.08,6,0.5,20,0.8,-0.39108387647623727,-0.030830266507629607,0.2538171717650998,0.36025360996860767,,COMPLETE
5914,-0.6389432063241224,2026-05-12 19:08:46.627168,2026-05-12 19:08:50.214142,0 days 00:00:03.586974,0.25,0.9,3,0.05,0.02,0.3,0.12,3,0.7,20,0.8,,,,,,PRUNED
5915,-0.5522395435696071,2026-05-12 19:08:50.243204,2026-05-12 19:08:56.176395,0 days 00:00:05.933191,0.25,0.9,4,0.05,0.01,0.45,0.12,6,0.6,5,0.65,,,,,,PRUNED
5916,-0.5800800945924067,2026-05-12 19:08:56.205188,2026-05-12 19:08:58.252414,0 days 00:00:02.047226,0.45,0.7,2,0.05,0.02,0.45,0.16,3,0.5,20,0.8,,,,,,PRUNED
5917,-0.5179924623587872,2026-05-12 19:08:58.279884,2026-05-12 19:08:58.903391,0 days 00:00:00.623507,0.45,0.7,2,0.05,0.02,0.6,0.08,6,0.5,20,0.8,-0.39108387647623727,-0.030830266507629607,0.2538171717650998,0.36025360996860767,,COMPLETE
5918,-0.43450855750432177,2026-05-12 19:08:58.935028,2026-05-12 19:08:59.327990,0 days 00:00:00.392962,0.45,0.9,4,0.05,0.02,0.6,0.08,6,0.5,20,0.8,,,,,,PRUNED
5919,-0.44264544635951153,2026-05-12 19:08:59.355214,2026-05-12 19:09:03.744124,0 days 00:00:04.388910,0.45,0.8,4,0.05,0.01,0.6,0.12,3,0.5,5,0.8,,,,,,PRUNED
5920,-9999.0,2026-05-12 19:09:03.774830,2026-05-12 19:09:04.109056,0 days 00:00:00.334226,0.35,0.7,3,0.05,0.01,0.45,0.08,6,0.7,10,0.65,,,,,BEAR_RATIO < NEUTRAL_RATIO < BULL_RATIO 约束违反: 0.35 / 0.7 / 0.7,COMPLETE
5921,-0.4458896613260057,2026-05-12 19:09:04.140672,2026-05-12 19:09:08.471834,0 days 00:00:04.331162,0.45,0.8,2,0.05,0.02,0.6,0.16,4,0.5,20,0.8,,,,,,PRUNED
5922,-0.4213231947291116,2026-05-12 19:09:08.496300,2026-05-12 19:09:08.875016,0 days 00:00:00.378716,0.45,0.7,2,0.05,0.02,0.6,0.08,4,0.5,20,0.8,,,,,,PRUNED
5923,-0.4773020042564597,2026-05-12 19:09:08.900158,2026-05-12 19:09:13.889915,0 days 00:00:04.989757,0.35,0.8,3,0.05,0.02,0.6,0.12,6,0.6,20,0.5,,,,,,PRUNED
5924,-0.5179924623587872,2026-05-12 19:09:13.917293,2026-05-12 19:09:14.535625,0 days 00:00:00.618332,0.45,0.7,2,0.05,0.02,0.6,0.08,6,0.5,20,0.8,-0.39108387647623727,-0.030830266507629607,0.2538171717650998,0.36025360996860767,,COMPLETE
5925,-0.47441457244516044,2026-05-12 19:09:14.562379,2026-05-12 19:09:14.955504,0 days 00:00:00.393125,0.25,0.7,2,0.05,0.02,0.6,0.08,6,0.5,20,0.8,,,,,,PRUNED
5926,-0.5509968978904716,2026-05-12 19:09:14.985459,2026-05-12 19:09:18.789808,0 days 00:00:03.804349,0.35,0.8,2,0.05,0.02,0.3,0.12,3,0.6,10,0.65,,,,,,PRUNED
5927,-0.5427070291644237,2026-05-12 19:09:18.816718,2026-05-12 19:09:25.095930,0 days 00:00:06.279212,0.35,0.9,2,0.03,0.02,0.3,0.16,6,0.6,10,0.65,,,,,,PRUNED
5928,-0.4330938821890215,2026-05-12 19:09:25.121511,2026-05-12 19:09:29.396574,0 days 00:00:04.275063,0.45,0.7,3,0.05,0.02,0.3,0.16,5,0.5,10,0.8,,,,,,PRUNED
5929,-0.5173702142192024,2026-05-12 19:09:29.425585,2026-05-12 19:09:34.684907,0 days 00:00:05.259322,0.25,0.8,4,0.05,0.01,0.45,0.12,6,0.7,10,0.65,,,,,,PRUNED
5930,-0.567236208740445,2026-05-12 19:09:34.706742,2026-05-12 19:09:38.549463,0 days 00:00:03.842721,0.45,0.9,4,0.05,0.01,0.6,0.12,3,0.7,10,0.5,,,,,,PRUNED
5931,-0.5740265381268226,2026-05-12 19:09:38.578135,2026-05-12 19:09:43.784196,0 days 00:00:05.206061,0.25,0.8,3,0.03,0.02,0.3,0.16,4,0.5,5,0.8,,,,,,PRUNED
5932,-0.6286834086717387,2026-05-12 19:09:43.811523,2026-05-12 19:09:47.452995,0 days 00:00:03.641472,0.25,0.8,3,0.05,0.02,0.45,0.16,3,0.6,20,0.5,,,,,,PRUNED
5933,-0.49615654401014103,2026-05-12 19:09:47.481665,2026-05-12 19:09:51.875505,0 days 00:00:04.393840,0.35,0.7,3,0.03,0.02,0.3,0.12,3,0.6,5,0.65,,,,,,PRUNED
5934,-0.48257029713894073,2026-05-12 19:09:51.902164,2026-05-12 19:09:52.320251,0 days 00:00:00.418087,0.25,0.7,2,0.05,0.02,0.6,0.08,5,0.5,20,0.8,,,,,,PRUNED
5935,-0.530416759987676,2026-05-12 19:09:52.348283,2026-05-12 19:09:57.774519,0 days 00:00:05.426236,0.25,0.8,4,0.05,0.02,0.6,0.16,6,0.7,10,0.5,,,,,,PRUNED
5936,-0.5618330408456151,2026-05-12 19:09:57.797059,2026-05-12 19:10:02.243207,0 days 00:00:04.446148,0.25,0.8,4,0.03,0.02,0.3,0.16,3,0.6,5,0.65,,,,,,PRUNED
5937,-0.5739853679128459,2026-05-12 19:10:02.288824,2026-05-12 19:10:05.871680,0 days 00:00:03.582856,0.45,0.7,4,0.05,0.01,0.45,0.08,3,0.5,20,0.8,,,,,,PRUNED
5938,-0.528605708112948,2026-05-12 19:10:05.898971,2026-05-12 19:10:10.849380,0 days 00:00:04.950409,0.25,0.8,3,0.05,0.01,0.45,0.16,6,0.7,20,0.5,,,,,,PRUNED
5939,-9999.0,2026-05-12 19:10:10.881988,2026-05-12 19:10:11.212183,0 days 00:00:00.330195,0.35,0.7,3,0.03,0.02,0.3,0.16,5,0.7,20,0.8,,,,,BEAR_RATIO < NEUTRAL_RATIO < BULL_RATIO 约束违反: 0.35 / 0.7 / 0.7,COMPLETE
5940,-0.5179924623587872,2026-05-12 19:10:11.239395,2026-05-12 19:10:11.819984,0 days 00:00:00.580589,0.45,0.7,2,0.05,0.02,0.6,0.08,6,0.5,20,0.8,-0.39108387647623727,-0.030830266507629607,0.2538171717650998,0.36025360996860767,,COMPLETE
5941,-0.5179924623587872,2026-05-12 19:10:11.848433,2026-05-12 19:10:12.479481,0 days 00:00:00.631048,0.45,0.7,2,0.05,0.02,0.6,0.08,6,0.5,20,0.8,-0.39108387647623727,-0.030830266507629607,0.2538171717650998,0.36025360996860767,,COMPLETE
5942,-0.45027822878360785,2026-05-12 19:10:12.505241,2026-05-12 19:10:16.508700,0 days 00:00:04.003459,0.45,0.7,4,0.05,0.01,0.3,0.12,4,0.6,20,0.5,,,,,,PRUNED
5943,-0.4170964359595015,2026-05-12 19:10:16.536330,2026-05-12 19:10:16.926732,0 days 00:00:00.390402,0.45,0.7,4,0.05,0.02,0.6,0.08,6,0.5,5,0.8,,,,,,PRUNED
5944,-0.5862841710717539,2026-05-12 19:10:16.954748,2026-05-12 19:10:22.821326,0 days 00:00:05.866578,0.25,0.8,4,0.03,0.01,0.45,0.16,5,0.7,5,0.65,,,,,,PRUNED
5945,-0.5181909472293111,2026-05-12 19:10:23.008314,2026-05-12 19:10:28.450832,0 days 00:00:05.442518,0.35,0.7,2,0.03,0.02,0.6,0.16,6,0.6,10,0.5,,,,,,PRUNED
5946,-0.4296411080598753,2026-05-12 19:10:28.475100,2026-05-12 19:10:28.846377,0 days 00:00:00.371277,0.45,0.7,2,0.05,0.02,0.6,0.16,6,0.5,20,0.8,,,,,,PRUNED
5947,-0.5117469024126576,2026-05-12 19:10:28.869129,2026-05-12 19:10:33.671686,0 days 00:00:04.802557,0.25,0.9,3,0.05,0.01,0.6,0.16,4,0.7,10,0.65,,,,,,PRUNED
5948,-0.5526259628705216,2026-05-12 19:10:33.698762,2026-05-12 19:10:36.125582,0 days 00:00:02.426820,0.25,0.8,4,0.05,0.01,0.3,0.16,3,0.7,5,0.5,,,,,,PRUNED
5949,-0.4092137988646166,2026-05-12 19:10:36.152502,2026-05-12 19:10:36.532407,0 days 00:00:00.379905,0.45,0.7,2,0.05,0.02,0.6,0.08,6,0.5,10,0.8,,,,,,PRUNED
5950,-0.5179924623587872,2026-05-12 19:10:36.557393,2026-05-12 19:10:37.128918,0 days 00:00:00.571525,0.45,0.7,2,0.05,0.02,0.6,0.08,6,0.5,20,0.8,-0.39108387647623727,-0.030830266507629607,0.2538171717650998,0.36025360996860767,,COMPLETE
5951,-0.5443634532003653,2026-05-12 19:10:37.158447,2026-05-12 19:10:42.748248,0 days 00:00:05.589801,0.25,0.8,2,0.03,0.01,0.6,0.12,5,0.5,5,0.65,,,,,,PRUNED
5952,-0.6106661660861135,2026-05-12 19:10:42.772659,2026-05-12 19:10:46.423525,0 days 00:00:03.650866,0.25,0.7,4,0.03,0.02,0.45,0.08,3,0.5,20,0.65,,,,,,PRUNED
5953,-0.58343989757325,2026-05-12 19:10:46.459709,2026-05-12 19:10:50.423538,0 days 00:00:03.963829,0.35,0.9,4,0.03,0.01,0.6,0.12,3,0.6,10,0.65,,,,,,PRUNED
5954,-0.5179924623587872,2026-05-12 19:10:50.454087,2026-05-12 19:10:51.081080,0 days 00:00:00.626993,0.45,0.7,2,0.05,0.02,0.6,0.08,6,0.5,20,0.8,-0.39108387647623727,-0.030830266507629607,0.2538171717650998,0.36025360996860767,,COMPLETE
5955,-0.44786475625500555,2026-05-12 19:10:51.107806,2026-05-12 19:10:56.305951,0 days 00:00:05.198145,0.45,0.7,2,0.03,0.02,0.45,0.08,6,0.6,20,0.8,,,,,,PRUNED
5956,-0.41425741193738236,2026-05-12 19:10:56.336351,2026-05-12 19:10:56.774396,0 days 00:00:00.438045,0.45,0.7,2,0.05,0.02,0.6,0.08,6,0.5,5,0.8,,,,,,PRUNED
5957,-0.5179924623587872,2026-05-12 19:10:56.804796,2026-05-12 19:10:57.395741,0 days 00:00:00.590945,0.45,0.7,2,0.05,0.02,0.6,0.08,6,0.5,20,0.8,-0.39108387647623727,-0.030830266507629607,0.2538171717650998,0.36025360996860767,,COMPLETE
5958,-0.4651332074901643,2026-05-12 19:10:57.424845,2026-05-12 19:11:02.037770,0 days 00:00:04.612925,0.25,0.7,2,0.05,0.01,0.3,0.08,4,0.5,10,0.65,,,,,,PRUNED
5959,-0.5043043844511413,2026-05-12 19:11:02.065534,2026-05-12 19:11:05.296210,0 days 00:00:03.230676,0.45,0.9,4,0.03,0.01,0.45,0.12,5,0.6,20,0.65,,,,,,PRUNED
5960,-0.434307923993398,2026-05-12 19:11:05.322345,2026-05-12 19:11:05.694563,0 days 00:00:00.372218,0.45,0.7,2,0.05,0.02,0.3,0.16,6,0.5,20,0.8,,,,,,PRUNED
5961,-0.4197284544270007,2026-05-12 19:11:05.719939,2026-05-12 19:11:10.484309,0 days 00:00:04.764370,0.45,0.7,3,0.05,0.02,0.45,0.12,6,0.5,20,0.8,,,,,,PRUNED
5962,-0.550886514197347,2026-05-12 19:11:10.508664,2026-05-12 19:11:14.282425,0 days 00:00:03.773761,0.45,0.8,2,0.03,0.02,0.45,0.08,3,0.6,10,0.8,,,,,,PRUNED
5963,-0.5591425271912801,2026-05-12 19:11:14.307537,2026-05-12 19:11:19.241453,0 days 00:00:04.933916,0.25,0.8,3,0.03,0.02,0.6,0.16,5,0.6,20,0.8,,,,,,PRUNED
5964,-0.5441183152153791,2026-05-12 19:11:19.271070,2026-05-12 19:11:24.238172,0 days 00:00:04.967102,0.35,0.9,4,0.03,0.02,0.3,0.16,5,0.6,20,0.5,,,,,,PRUNED
5965,-0.5700997585113124,2026-05-12 19:11:24.264075,2026-05-12 19:11:29.262518,0 days 00:00:04.998443,0.35,0.9,4,0.03,0.02,0.3,0.08,3,0.6,10,0.5,,,,,,PRUNED
5966,-0.4597926983538563,2026-05-12 19:11:29.289922,2026-05-12 19:11:34.467949,0 days 00:00:05.178027,0.45,0.8,4,0.03,0.02,0.6,0.08,6,0.6,20,0.65,,,,,,PRUNED
5967,-0.5282826139226048,2026-05-12 19:11:34.498046,2026-05-12 19:11:36.831159,0 days 00:00:02.333113,0.35,0.9,2,0.03,0.02,0.3,0.16,4,0.7,20,0.65,,,,,,PRUNED
5968,-0.41425741193738236,2026-05-12 19:11:36.857213,2026-05-12 19:11:37.242518,0 days 00:00:00.385305,0.45,0.7,2,0.05,0.02,0.6,0.08,6,0.5,5,0.65,,,,,,PRUNED
5969,-0.4100386278766106,2026-05-12 19:11:37.271064,2026-05-12 19:11:37.703935,0 days 00:00:00.432871,0.45,0.7,2,0.05,0.02,0.3,0.08,6,0.5,20,0.8,,,,,,PRUNED
5970,-0.5179924623587872,2026-05-12 19:11:37.734172,2026-05-12 19:11:38.359488,0 days 00:00:00.625316,0.45,0.7,2,0.05,0.02,0.6,0.08,6,0.5,20,0.8,-0.39108387647623727,-0.030830266507629607,0.2538171717650998,0.36025360996860767,,COMPLETE
5971,-0.52162967899551,2026-05-12 19:11:38.386774,2026-05-12 19:11:43.973655,0 days 00:00:05.586881,0.25,0.9,2,0.03,0.02,0.3,0.08,6,0.5,10,0.65,,,,,,PRUNED
5972,-0.5179924623587872,2026-05-12 19:11:44.005277,2026-05-12 19:11:44.622749,0 days 00:00:00.617472,0.45,0.7,2,0.05,0.02,0.6,0.08,6,0.5,20,0.8,-0.39108387647623727,-0.030830266507629607,0.2538171717650998,0.36025360996860767,,COMPLETE
5973,-0.5119411255673495,2026-05-12 19:11:44.650948,2026-05-12 19:11:48.651640,0 days 00:00:04.000692,0.45,0.7,2,0.05,0.01,0.45,0.08,3,0.5,10,0.8,,,,,,PRUNED
5974,-0.44865812817531275,2026-05-12 19:11:48.678543,2026-05-12 19:11:54.282393,0 days 00:00:05.603850,0.35,0.8,3,0.05,0.01,0.45,0.08,6,0.5,10,0.5,,,,,,PRUNED
5975,-0.5023516737342888,2026-05-12 19:11:54.313130,2026-05-12 19:11:58.922712,0 days 00:00:04.609582,0.35,0.8,3,0.05,0.02,0.6,0.08,3,0.7,5,0.65,,,,,,PRUNED
5976,-0.43333909441165963,2026-05-12 19:11:58.967816,2026-05-12 19:11:59.340936,0 days 00:00:00.373120,0.35,0.7,2,0.05,0.02,0.6,0.08,6,0.5,20,0.8,,,,,,PRUNED
5977,-0.5107038004003456,2026-05-12 19:11:59.366890,2026-05-12 19:12:04.628658,0 days 00:00:05.261768,0.45,0.9,4,0.03,0.01,0.3,0.12,6,0.7,10,0.8,,,,,,PRUNED
5978,-0.42056632138184724,2026-05-12 19:12:04.657177,2026-05-12 19:12:05.060608,0 days 00:00:00.403431,0.45,0.8,2,0.05,0.02,0.6,0.08,6,0.5,20,0.8,,,,,,PRUNED
5979,-0.4115748956289856,2026-05-12 19:12:05.087170,2026-05-12 19:12:05.491991,0 days 00:00:00.404821,0.45,0.7,4,0.05,0.02,0.6,0.08,6,0.5,10,0.8,,,,,,PRUNED
5980,-0.5068415587747078,2026-05-12 19:12:05.522017,2026-05-12 19:12:10.445395,0 days 00:00:04.923378,0.45,0.9,2,0.05,0.02,0.45,0.08,4,0.6,5,0.5,,,,,,PRUNED
5981,-0.43223096142417294,2026-05-12 19:12:10.470154,2026-05-12 19:12:10.860193,0 days 00:00:00.390039,0.45,0.9,2,0.05,0.02,0.6,0.08,6,0.5,20,0.8,,,,,,PRUNED
5982,-0.5725534911599856,2026-05-12 19:12:10.887887,2026-05-12 19:12:14.624627,0 days 00:00:03.736740,0.35,0.8,3,0.05,0.02,0.3,0.16,3,0.7,10,0.5,,,,,,PRUNED
5983,-0.4591324832305178,2026-05-12 19:12:14.650827,2026-05-12 19:12:18.838934,0 days 00:00:04.188107,0.35,0.8,2,0.05,0.02,0.6,0.12,4,0.5,10,0.8,,,,,,PRUNED
5984,-9999.0,2026-05-12 19:12:18.864807,2026-05-12 19:12:19.158792,0 days 00:00:00.293985,0.35,0.7,2,0.05,0.01,0.6,0.08,6,0.7,5,0.8,,,,,BEAR_RATIO < NEUTRAL_RATIO < BULL_RATIO 约束违反: 0.35 / 0.7 / 0.7,COMPLETE
5985,-0.5179924623587872,2026-05-12 19:12:19.184338,2026-05-12 19:12:19.699615,0 days 00:00:00.515277,0.45,0.7,2,0.05,0.02,0.6,0.08,6,0.5,20,0.8,-0.39108387647623727,-0.030830266507629607,0.2538171717650998,0.36025360996860767,,COMPLETE
5986,-0.48482913662280275,2026-05-12 19:12:19.723345,2026-05-12 19:12:23.887098,0 days 00:00:04.163753,0.45,0.8,2,0.05,0.01,0.6,0.16,5,0.7,20,0.65,,,,,,PRUNED
5987,-0.5179924623587872,2026-05-12 19:12:23.911831,2026-05-12 19:12:24.458942,0 days 00:00:00.547111,0.45,0.7,2,0.05,0.02,0.6,0.08,6,0.5,20,0.8,-0.39108387647623727,-0.030830266507629607,0.2538171717650998,0.36025360996860767,,COMPLETE
5988,-0.5179924623587872,2026-05-12 19:12:24.487100,2026-05-12 19:12:25.050036,0 days 00:00:00.562936,0.45,0.7,2,0.05,0.01,0.6,0.08,6,0.5,20,0.8,-0.39108387647623727,-0.030830266507629607,0.2538171717650998,0.36025360996860767,,COMPLETE
5989,-0.5164814894492105,2026-05-12 19:12:25.074416,2026-05-12 19:12:31.691724,0 days 00:00:06.617308,0.35,0.9,3,0.05,0.01,0.6,0.16,6,0.6,5,0.8,,,,,,PRUNED
5990,-9999.0,2026-05-12 19:12:31.717965,2026-05-12 19:12:32.009037,0 days 00:00:00.291072,0.35,0.7,3,0.03,0.02,0.6,0.08,6,0.7,10,0.65,,,,,BEAR_RATIO < NEUTRAL_RATIO < BULL_RATIO 约束违反: 0.35 / 0.7 / 0.7,COMPLETE
5991,-0.4469510205952677,2026-05-12 19:12:32.032171,2026-05-12 19:12:32.365200,0 days 00:00:00.333029,0.45,0.9,2,0.05,0.02,0.6,0.08,5,0.5,20,0.8,,,,,,PRUNED
5992,-0.4278019617453936,2026-05-12 19:12:32.388691,2026-05-12 19:12:32.718401,0 days 00:00:00.329710,0.45,0.7,2,0.05,0.02,0.6,0.08,4,0.5,10,0.8,,,,,,PRUNED
5993,-0.5109604509456288,2026-05-12 19:12:32.743130,2026-05-12 19:12:36.665579,0 days 00:00:03.922449,0.25,0.9,3,0.03,0.01,0.3,0.12,4,0.5,20,0.5,,,,,,PRUNED
5994,-0.45140798772121665,2026-05-12 19:12:36.691681,2026-05-12 19:12:41.013018,0 days 00:00:04.321337,0.45,0.7,4,0.03,0.02,0.3,0.12,3,0.5,5,0.65,,,,,,PRUNED
5995,-0.5210536929614288,2026-05-12 19:12:41.041198,2026-05-12 19:12:45.414660,0 days 00:00:04.373462,0.25,0.9,2,0.05,0.01,0.6,0.08,6,0.5,5,0.8,,,,,,PRUNED
5996,-9999.0,2026-05-12 19:12:45.439823,2026-05-12 19:12:45.775454,0 days 00:00:00.335631,0.25,0.7,4,0.03,0.02,0.45,0.16,4,0.7,10,0.8,,,,,BEAR_RATIO < NEUTRAL_RATIO < BULL_RATIO 约束违反: 0.25 / 0.7 / 0.7,COMPLETE
5997,-0.5105026691239778,2026-05-12 19:12:45.799901,2026-05-12 19:12:50.821662,0 days 00:00:05.021761,0.45,0.8,3,0.05,0.02,0.6,0.08,4,0.7,5,0.65,,,,,,PRUNED
5998,-0.5482605973317646,2026-05-12 19:12:50.850679,2026-05-12 19:12:56.074497,0 days 00:00:05.223818,0.25,0.8,2,0.03,0.02,0.6,0.16,5,0.6,10,0.5,,,,,,PRUNED
5999,-0.4650255518395411,2026-05-12 19:12:56.104431,2026-05-12 19:13:00.494140,0 days 00:00:04.389709,0.35,0.7,3,0.03,0.02,0.45,0.08,4,0.6,20,0.8,,,,,,PRUNED
6000,-0.42328876156084305,2026-05-12 19:13:00.523859,2026-05-12 19:13:01.051255,0 days 00:00:00.527396,0.45,0.7,2,0.05,0.02,0.6,0.08,3,0.5,5,0.8,,,,,,PRUNED
6001,-0.5697351233917725,2026-05-12 19:13:01.079479,2026-05-12 19:13:07.223746,0 days 00:00:06.144267,0.25,0.9,3,0.05,0.02,0.6,0.16,6,0.7,5,0.65,,,,,,PRUNED
6002,-0.6306754598778579,2026-05-12 19:13:07.253713,2026-05-12 19:13:10.729375,0 days 00:00:03.475662,0.25,0.9,3,0.03,0.02,0.45,0.12,3,0.5,20,0.65,,,,,,PRUNED
6003,-0.5179924623587872,2026-05-12 19:13:10.757810,2026-05-12 19:13:11.313213,0 days 00:00:00.555403,0.45,0.7,2,0.05,0.02,0.6,0.08,6,0.5,20,0.8,-0.39108387647623727,-0.030830266507629607,0.2538171717650998,0.36025360996860767,,COMPLETE
6004,-9999.0,2026-05-12 19:13:11.343149,2026-05-12 19:13:11.689063,0 days 00:00:00.345914,0.35,0.7,4,0.03,0.02,0.3,0.16,4,0.7,20,0.65,,,,,BEAR_RATIO < NEUTRAL_RATIO < BULL_RATIO 约束违反: 0.35 / 0.7 / 0.7,COMPLETE
6005,-9999.0,2026-05-12 19:13:11.727344,2026-05-12 19:13:12.080813,0 days 00:00:00.353469,0.45,0.7,2,0.05,0.02,0.6,0.08,6,0.7,20,0.5,,,,,BEAR_RATIO < NEUTRAL_RATIO < BULL_RATIO 约束违反: 0.45 / 0.7 / 0.7,COMPLETE
6006,-0.4485861079182065,2026-05-12 19:13:12.107275,2026-05-12 19:13:15.588468,0 days 00:00:03.481193,0.35,0.7,3,0.05,0.02,0.45,0.12,6,0.5,20,0.5,,,,,,PRUNED
6007,-0.5280848645495555,2026-05-12 19:13:15.615131,2026-05-12 19:13:19.948495,0 days 00:00:04.333364,0.35,0.9,2,0.03,0.02,0.6,0.16,3,0.6,5,0.65,,,,,,PRUNED
6008,-9999.0,2026-05-12 19:13:19.976646,2026-05-12 19:13:20.319836,0 days 00:00:00.343190,0.45,0.7,2,0.05,0.02,0.6,0.08,6,0.7,20,0.8,,,,,BEAR_RATIO < NEUTRAL_RATIO < BULL_RATIO 约束违反: 0.45 / 0.7 / 0.7,COMPLETE
6009,-0.48401524555172926,2026-05-12 19:13:20.345772,2026-05-12 19:13:24.798302,0 days 00:00:04.452530,0.25,0.8,3,0.05,0.02,0.3,0.08,4,0.6,10,0.8,,,,,,PRUNED
6010,-0.4752787347265176,2026-05-12 19:13:24.826208,2026-05-12 19:13:32.095475,0 days 00:00:07.269267,0.45,0.8,2,0.03,0.01,0.45,0.12,6,0.5,5,0.8,,,,,,PRUNED
6011,-0.4211524445063394,2026-05-12 19:13:32.126152,2026-05-12 19:13:32.551039,0 days 00:00:00.424887,0.45,0.7,2,0.05,0.02,0.45,0.08,4,0.5,20,0.8,,,,,,PRUNED
6012,-0.5985915428292987,2026-05-12 19:13:32.578164,2026-05-12 19:13:36.263201,0 days 00:00:03.685037,0.45,0.8,2,0.05,0.01,0.6,0.08,3,0.6,20,0.65,,,,,,PRUNED
6013,-9999.0,2026-05-12 19:13:36.291204,2026-05-12 19:13:36.679564,0 days 00:00:00.388360,0.45,0.7,2,0.05,0.02,0.6,0.08,6,0.7,10,0.65,,,,,BEAR_RATIO < NEUTRAL_RATIO < BULL_RATIO 约束违反: 0.45 / 0.7 / 0.7,COMPLETE
6014,-0.5707546324434303,2026-05-12 19:13:36.708479,2026-05-12 19:13:40.627446,0 days 00:00:03.918967,0.25,0.8,3,0.05,0.02,0.3,0.16,3,0.6,10,0.65,,,,,,PRUNED
6015,-0.500023668376713,2026-05-12 19:13:40.656114,2026-05-12 19:13:45.106834,0 days 00:00:04.450720,0.45,0.9,3,0.03,0.02,0.6,0.08,6,0.7,5,0.65,,,,,,PRUNED
