number,value,datetime_start,datetime_complete,duration,params_BEAR_RATIO,params_BULL_RATIO,params_GRID_MAX_LAYER,params_GRID_STEP_MAX,params_GRID_STEP_MIN,params_GRID_STEP_VOL_FACTOR,params_LAYER_FRACTION,params_MAX_HOLD,params_NEUTRAL_RATIO,params_REBALANCE_FREQ,params_VOL_WEIGHT,user_attrs_avg_test_score,user_attrs_avg_train_score,user_attrs_test_score_std,user_attrs_train_test_gap,user_attrs_validation_error,state
11239,-0.5179924623587872,2026-05-12 23:34:08.794177,2026-05-12 23:34:09.456025,0 days 00:00:00.661848,0.45,0.7,2,0.05,0.02,0.6,0.08,6,0.5,20,0.8,-0.39108387647623727,-0.030830266507629607,0.2538171717650998,0.36025360996860767,,COMPLETE
11240,-9999.0,2026-05-12 23:34:09.485705,2026-05-12 23:34:09.880510,0 days 00:00:00.394805,0.45,0.7,2,0.05,0.02,0.6,0.08,6,0.7,20,0.8,,,,,BEAR_RATIO < NEUTRAL_RATIO < BULL_RATIO 约束违反: 0.45 / 0.7 / 0.7,COMPLETE
11241,-0.41425741193738236,2026-05-12 23:34:09.911198,2026-05-12 23:34:10.370315,0 days 00:00:00.459117,0.45,0.7,2,0.05,0.01,0.6,0.08,6,0.5,5,0.8,,,,,,PRUNED
11242,-0.6469555489288356,2026-05-12 23:34:10.398541,2026-05-12 23:34:13.933790,0 days 00:00:03.535249,0.25,0.8,2,0.03,0.01,0.6,0.12,3,0.7,20,0.8,,,,,,PRUNED
11243,-0.46448069408240394,2026-05-12 23:34:13.968644,2026-05-12 23:34:19.842703,0 days 00:00:05.874059,0.45,0.8,4,0.05,0.02,0.6,0.16,6,0.6,20,0.8,,,,,,PRUNED
11244,-0.5148521842126224,2026-05-12 23:34:19.873224,2026-05-12 23:34:24.842920,0 days 00:00:04.969696,0.35,0.9,4,0.03,0.02,0.45,0.16,5,0.5,10,0.8,,,,,,PRUNED
11245,-0.5091557773963827,2026-05-12 23:34:24.871883,2026-05-12 23:34:28.970913,0 days 00:00:04.099030,0.35,0.9,3,0.03,0.01,0.45,0.12,4,0.7,20,0.65,,,,,,PRUNED
11246,-0.5179924623587872,2026-05-12 23:34:28.998712,2026-05-12 23:34:29.697162,0 days 00:00:00.698450,0.45,0.7,2,0.05,0.02,0.6,0.08,6,0.5,20,0.8,-0.39108387647623727,-0.030830266507629607,0.2538171717650998,0.36025360996860767,,COMPLETE
11247,-0.45175959547003086,2026-05-12 23:34:29.730803,2026-05-12 23:34:34.644165,0 days 00:00:04.913362,0.35,0.8,3,0.05,0.01,0.3,0.08,5,0.5,10,0.5,,,,,,PRUNED
11248,-0.4313006510632476,2026-05-12 23:34:34.674063,2026-05-12 23:34:35.154443,0 days 00:00:00.480380,0.45,0.9,2,0.05,0.02,0.45,0.08,6,0.5,20,0.5,,,,,,PRUNED
11249,-0.4953890575881339,2026-05-12 23:34:35.183992,2026-05-12 23:34:39.279704,0 days 00:00:04.095712,0.25,0.9,2,0.05,0.01,0.45,0.16,4,0.6,20,0.8,,,,,,PRUNED
11250,-0.5050962728358473,2026-05-12 23:34:39.307835,2026-05-12 23:34:44.267537,0 days 00:00:04.959702,0.25,0.7,3,0.05,0.01,0.45,0.16,5,0.6,10,0.65,,,,,,PRUNED
11251,-0.5715107846558711,2026-05-12 23:34:44.295590,2026-05-12 23:34:44.780561,0 days 00:00:00.484971,0.45,0.7,2,0.05,0.02,0.6,0.08,3,0.5,20,0.8,,,,,,PRUNED
11252,-0.5126243902086541,2026-05-12 23:34:44.811683,2026-05-12 23:34:50.775113,0 days 00:00:05.963430,0.45,0.8,2,0.03,0.02,0.45,0.12,6,0.7,5,0.8,,,,,,PRUNED
11253,-0.5966003660262976,2026-05-12 23:34:50.804043,2026-05-12 23:34:55.753594,0 days 00:00:04.949551,0.25,0.9,2,0.03,0.01,0.3,0.16,4,0.6,5,0.65,,,,,,PRUNED
11254,-0.4170964359595015,2026-05-12 23:34:55.782441,2026-05-12 23:35:01.622673,0 days 00:00:05.840232,0.45,0.7,4,0.05,0.01,0.6,0.08,6,0.5,5,0.65,,,,,,PRUNED
11255,-0.5179924623587872,2026-05-12 23:35:01.650919,2026-05-12 23:35:02.319174,0 days 00:00:00.668255,0.45,0.7,2,0.05,0.02,0.6,0.08,6,0.5,20,0.8,-0.39108387647623727,-0.030830266507629607,0.2538171717650998,0.36025360996860767,,COMPLETE
11256,-9999.0,2026-05-12 23:35:02.353932,2026-05-12 23:35:02.770913,0 days 00:00:00.416981,0.35,0.7,2,0.03,0.01,0.45,0.08,6,0.7,20,0.8,,,,,BEAR_RATIO < NEUTRAL_RATIO < BULL_RATIO 约束违反: 0.35 / 0.7 / 0.7,COMPLETE
11257,-0.473787698176537,2026-05-12 23:35:02.800949,2026-05-12 23:35:07.986934,0 days 00:00:05.185985,0.45,0.8,3,0.03,0.01,0.3,0.08,6,0.7,10,0.65,,,,,,PRUNED
11258,-0.5179924623587872,2026-05-12 23:35:08.020797,2026-05-12 23:35:08.722531,0 days 00:00:00.701734,0.45,0.7,2,0.05,0.02,0.6,0.08,6,0.5,20,0.8,-0.39108387647623727,-0.030830266507629607,0.2538171717650998,0.36025360996860767,,COMPLETE
11259,-0.5182406672588966,2026-05-12 23:35:08.766603,2026-05-12 23:35:09.440374,0 days 00:00:00.673771,0.45,0.7,2,0.05,0.02,0.45,0.08,6,0.5,20,0.8,-0.3910743597599139,-0.030648087966744914,0.25433261499796533,0.360426271793169,,COMPLETE
11260,-0.48141978280323733,2026-05-12 23:35:09.468318,2026-05-12 23:35:14.614806,0 days 00:00:05.146488,0.25,0.7,4,0.05,0.02,0.3,0.08,6,0.5,10,0.8,,,,,,PRUNED
11261,-0.5570629335651001,2026-05-12 23:35:14.643279,2026-05-12 23:35:20.490611,0 days 00:00:05.847332,0.25,0.8,2,0.03,0.02,0.3,0.16,6,0.5,20,0.65,,,,,,PRUNED
11262,-0.5104227958953821,2026-05-12 23:35:20.519345,2026-05-12 23:35:26.011106,0 days 00:00:05.491761,0.25,0.8,4,0.05,0.02,0.3,0.08,5,0.5,5,0.65,,,,,,PRUNED
11263,-0.4318124553734489,2026-05-12 23:35:26.042320,2026-05-12 23:35:26.503576,0 days 00:00:00.461256,0.45,0.7,2,0.03,0.02,0.6,0.08,6,0.5,20,0.8,,,,,,PRUNED
11264,-0.5179924623587872,2026-05-12 23:35:26.532460,2026-05-12 23:35:27.211153,0 days 00:00:00.678693,0.45,0.7,2,0.05,0.02,0.6,0.08,6,0.5,20,0.8,-0.39108387647623727,-0.030830266507629607,0.2538171717650998,0.36025360996860767,,COMPLETE
11265,-0.5182406672588966,2026-05-12 23:35:27.240367,2026-05-12 23:35:27.937700,0 days 00:00:00.697333,0.45,0.7,2,0.05,0.01,0.45,0.08,6,0.5,20,0.8,-0.3910743597599139,-0.030648087966744914,0.25433261499796533,0.360426271793169,,COMPLETE
11266,-0.48307233112603853,2026-05-12 23:35:27.966813,2026-05-12 23:35:33.770340,0 days 00:00:05.803527,0.45,0.9,3,0.03,0.01,0.3,0.08,6,0.6,5,0.65,,,,,,PRUNED
11267,-0.5179924623587872,2026-05-12 23:35:33.799905,2026-05-12 23:35:34.466867,0 days 00:00:00.666962,0.45,0.7,2,0.05,0.02,0.6,0.08,6,0.5,20,0.5,-0.39108387647623727,-0.030830266507629607,0.2538171717650998,0.36025360996860767,,COMPLETE
11268,-0.5626698421065082,2026-05-12 23:35:34.510742,2026-05-12 23:35:38.271963,0 days 00:00:03.761221,0.45,0.8,3,0.03,0.02,0.6,0.12,3,0.6,10,0.8,,,,,,PRUNED
11269,-0.6071843109633887,2026-05-12 23:35:38.302208,2026-05-12 23:35:41.812490,0 days 00:00:03.510282,0.35,0.7,3,0.05,0.01,0.45,0.12,3,0.6,20,0.5,,,,,,PRUNED
11270,-0.5179924623587872,2026-05-12 23:35:41.841253,2026-05-12 23:35:42.539700,0 days 00:00:00.698447,0.45,0.7,2,0.05,0.01,0.6,0.08,6,0.5,20,0.8,-0.39108387647623727,-0.030830266507629607,0.2538171717650998,0.36025360996860767,,COMPLETE
11271,-0.5179924623587872,2026-05-12 23:35:42.583487,2026-05-12 23:35:43.313040,0 days 00:00:00.729553,0.45,0.7,2,0.05,0.02,0.6,0.08,6,0.5,20,0.8,-0.39108387647623727,-0.030830266507629607,0.2538171717650998,0.36025360996860767,,COMPLETE
11272,-0.5431015159820093,2026-05-12 23:35:43.342758,2026-05-12 23:35:47.137285,0 days 00:00:03.794527,0.35,0.9,4,0.05,0.01,0.6,0.08,3,0.5,10,0.8,,,,,,PRUNED
11273,-0.5179924623587872,2026-05-12 23:35:47.164996,2026-05-12 23:35:47.865138,0 days 00:00:00.700142,0.45,0.7,2,0.05,0.02,0.6,0.08,6,0.5,20,0.8,-0.39108387647623727,-0.030830266507629607,0.2538171717650998,0.36025360996860767,,COMPLETE
11274,-0.47792527670287044,2026-05-12 23:35:47.897391,2026-05-12 23:35:48.380561,0 days 00:00:00.483170,0.25,0.7,4,0.05,0.01,0.6,0.08,6,0.5,20,0.8,,,,,,PRUNED
11275,-0.4242910183560481,2026-05-12 23:35:48.408046,2026-05-12 23:35:48.867335,0 days 00:00:00.459289,0.45,0.7,2,0.05,0.02,0.6,0.08,5,0.5,20,0.8,,,,,,PRUNED
11276,-0.49498752822288317,2026-05-12 23:35:48.895490,2026-05-12 23:35:54.692350,0 days 00:00:05.796860,0.45,0.8,4,0.03,0.02,0.6,0.12,6,0.6,5,0.65,,,,,,PRUNED
11277,-0.5331179086547548,2026-05-12 23:35:54.724690,2026-05-12 23:35:59.704530,0 days 00:00:04.979840,0.25,0.7,4,0.03,0.02,0.6,0.12,6,0.6,20,0.8,,,,,,PRUNED
11278,-9999.0,2026-05-12 23:35:59.738219,2026-05-12 23:36:00.142659,0 days 00:00:00.404440,0.25,0.7,3,0.05,0.02,0.6,0.08,6,0.7,5,0.65,,,,,BEAR_RATIO < NEUTRAL_RATIO < BULL_RATIO 约束违反: 0.25 / 0.7 / 0.7,COMPLETE
11279,-0.4757793233335841,2026-05-12 23:36:00.171208,2026-05-12 23:36:05.361774,0 days 00:00:05.190566,0.35,0.9,4,0.05,0.02,0.45,0.12,6,0.5,10,0.8,,,,,,PRUNED
11280,-0.5179924623587872,2026-05-12 23:36:05.389984,2026-05-12 23:36:06.088849,0 days 00:00:00.698865,0.45,0.7,2,0.05,0.02,0.6,0.08,6,0.5,20,0.8,-0.39108387647623727,-0.030830266507629607,0.2538171717650998,0.36025360996860767,,COMPLETE
11281,-0.4433457636113256,2026-05-12 23:36:06.120265,2026-05-12 23:36:11.721612,0 days 00:00:05.601347,0.45,0.9,4,0.05,0.01,0.45,0.08,5,0.5,5,0.8,,,,,,PRUNED
11282,-0.5179924623587872,2026-05-12 23:36:11.751363,2026-05-12 23:36:12.438268,0 days 00:00:00.686905,0.45,0.7,2,0.05,0.02,0.6,0.08,6,0.5,20,0.8,-0.39108387647623727,-0.030830266507629607,0.2538171717650998,0.36025360996860767,,COMPLETE
11283,-0.5068844409402048,2026-05-12 23:36:12.467377,2026-05-12 23:36:16.842028,0 days 00:00:04.374651,0.45,0.9,2,0.03,0.02,0.6,0.16,4,0.6,10,0.8,,,,,,PRUNED
11284,-0.4194511448045569,2026-05-12 23:36:16.871858,2026-05-12 23:36:17.353411,0 days 00:00:00.481553,0.45,0.7,2,0.05,0.02,0.6,0.12,6,0.5,20,0.8,,,,,,PRUNED
11285,-0.5810493145084609,2026-05-12 23:36:17.382058,2026-05-12 23:36:21.127417,0 days 00:00:03.745359,0.25,0.8,2,0.03,0.01,0.45,0.12,3,0.6,10,0.5,,,,,,PRUNED
11286,-0.46606600026479444,2026-05-12 23:36:21.155502,2026-05-12 23:36:27.058576,0 days 00:00:05.903074,0.45,0.7,2,0.05,0.02,0.3,0.08,4,0.5,5,0.8,,,,,,PRUNED
11287,-0.4841156836932291,2026-05-12 23:36:27.086930,2026-05-12 23:36:32.033690,0 days 00:00:04.946760,0.45,0.9,3,0.03,0.02,0.6,0.08,6,0.7,20,0.8,,,,,,PRUNED
11288,-9999.0,2026-05-12 23:36:32.062211,2026-05-12 23:36:32.478708,0 days 00:00:00.416497,0.25,0.7,2,0.05,0.01,0.6,0.08,6,0.7,20,0.8,,,,,BEAR_RATIO < NEUTRAL_RATIO < BULL_RATIO 约束违反: 0.25 / 0.7 / 0.7,COMPLETE
11289,-0.4092788272711371,2026-05-12 23:36:32.510721,2026-05-12 23:36:32.996708,0 days 00:00:00.485987,0.45,0.7,3,0.05,0.02,0.6,0.08,6,0.5,20,0.8,,,,,,PRUNED
11290,-0.48548272034542295,2026-05-12 23:36:33.027446,2026-05-12 23:36:38.076788,0 days 00:00:05.049342,0.35,0.9,3,0.05,0.01,0.6,0.12,5,0.6,10,0.5,,,,,,PRUNED
11291,-0.49668297919413545,2026-05-12 23:36:38.105663,2026-05-12 23:36:43.309281,0 days 00:00:05.203618,0.25,0.7,3,0.05,0.02,0.45,0.12,6,0.6,10,0.8,,,,,,PRUNED
11292,-0.410125315542252,2026-05-12 23:36:43.339356,2026-05-12 23:36:43.765896,0 days 00:00:00.426540,0.45,0.7,4,0.05,0.02,0.6,0.08,6,0.5,20,0.8,,,,,,PRUNED
11293,-0.49218468676197313,2026-05-12 23:36:43.794636,2026-05-12 23:36:49.038589,0 days 00:00:05.243953,0.45,0.7,3,0.03,0.02,0.6,0.16,6,0.6,10,0.5,,,,,,PRUNED
11294,-0.5179924623587872,2026-05-12 23:36:49.068966,2026-05-12 23:36:49.745149,0 days 00:00:00.676183,0.45,0.7,2,0.05,0.02,0.6,0.08,6,0.5,20,0.8,-0.39108387647623727,-0.030830266507629607,0.2538171717650998,0.36025360996860767,,COMPLETE
11295,-0.4784719726323449,2026-05-12 23:36:49.792541,2026-05-12 23:36:53.886072,0 days 00:00:04.093531,0.25,0.8,2,0.05,0.01,0.3,0.08,4,0.7,20,0.65,,,,,,PRUNED
11296,-0.4390082555532483,2026-05-12 23:36:53.914428,2026-05-12 23:36:58.655653,0 days 00:00:04.741225,0.45,0.8,3,0.05,0.02,0.3,0.08,5,0.5,20,0.8,,,,,,PRUNED
11297,-0.5179924623587872,2026-05-12 23:36:58.684968,2026-05-12 23:36:59.357239,0 days 00:00:00.672271,0.45,0.7,2,0.05,0.02,0.6,0.08,6,0.5,20,0.65,-0.39108387647623727,-0.030830266507629607,0.2538171717650998,0.36025360996860767,,COMPLETE
11298,-0.48015587849699637,2026-05-12 23:36:59.386199,2026-05-12 23:37:03.750643,0 days 00:00:04.364444,0.25,0.8,2,0.05,0.02,0.6,0.12,4,0.5,10,0.5,,,,,,PRUNED
11299,-9999.0,2026-05-12 23:37:03.792522,2026-05-12 23:37:04.258219,0 days 00:00:00.465697,0.45,0.7,3,0.03,0.02,0.3,0.08,6,0.7,5,0.8,,,,,BEAR_RATIO < NEUTRAL_RATIO < BULL_RATIO 约束违反: 0.45 / 0.7 / 0.7,COMPLETE
11300,-0.4625103111452681,2026-05-12 23:37:04.286368,2026-05-12 23:37:09.552654,0 days 00:00:05.266286,0.35,0.7,4,0.05,0.01,0.45,0.16,6,0.5,10,0.8,,,,,,PRUNED
11301,-0.410125315542252,2026-05-12 23:37:09.582139,2026-05-12 23:37:10.064337,0 days 00:00:00.482198,0.45,0.7,4,0.05,0.01,0.6,0.08,6,0.5,20,0.8,,,,,,PRUNED
11302,-0.5516939683245307,2026-05-12 23:37:10.096453,2026-05-12 23:37:14.710035,0 days 00:00:04.613582,0.25,0.7,4,0.03,0.01,0.3,0.16,5,0.6,20,0.8,,,,,,PRUNED
11303,-0.463948962357338,2026-05-12 23:37:14.738705,2026-05-12 23:37:20.245054,0 days 00:00:05.506349,0.45,0.8,4,0.05,0.02,0.3,0.12,5,0.6,5,0.8,,,,,,PRUNED
11304,-0.4285828865985476,2026-05-12 23:37:20.277241,2026-05-12 23:37:26.728490,0 days 00:00:06.451249,0.45,0.7,4,0.05,0.02,0.45,0.12,5,0.5,5,0.5,,,,,,PRUNED
11305,-0.43539398241717564,2026-05-12 23:37:26.757441,2026-05-12 23:37:27.210739,0 days 00:00:00.453298,0.45,0.8,2,0.05,0.02,0.6,0.08,6,0.6,20,0.8,,,,,,PRUNED
11306,-0.5018529739240095,2026-05-12 23:37:27.239931,2026-05-12 23:37:31.885675,0 days 00:00:04.645744,0.45,0.7,4,0.03,0.01,0.3,0.16,5,0.6,20,0.5,,,,,,PRUNED
11307,-0.4213231947291116,2026-05-12 23:37:31.915051,2026-05-12 23:37:32.412353,0 days 00:00:00.497302,0.45,0.7,2,0.05,0.01,0.6,0.08,4,0.5,20,0.65,,,,,,PRUNED
11308,-0.5179924623587872,2026-05-12 23:37:32.439977,2026-05-12 23:37:33.118935,0 days 00:00:00.678958,0.45,0.7,2,0.05,0.02,0.6,0.08,6,0.5,20,0.8,-0.39108387647623727,-0.030830266507629607,0.2538171717650998,0.36025360996860767,,COMPLETE
11309,-9999.0,2026-05-12 23:37:33.149297,2026-05-12 23:37:33.564618,0 days 00:00:00.415321,0.45,0.7,4,0.05,0.02,0.45,0.08,6,0.7,10,0.8,,,,,BEAR_RATIO < NEUTRAL_RATIO < BULL_RATIO 约束违反: 0.45 / 0.7 / 0.7,COMPLETE
11310,-0.4449561525373363,2026-05-12 23:37:33.595224,2026-05-12 23:37:37.977268,0 days 00:00:04.382044,0.45,0.9,2,0.05,0.01,0.45,0.08,3,0.5,5,0.8,,,,,,PRUNED
11311,-0.6185825254405084,2026-05-12 23:37:38.007190,2026-05-12 23:37:41.490724,0 days 00:00:03.483534,0.45,0.9,4,0.03,0.02,0.3,0.16,3,0.5,20,0.5,,,,,,PRUNED
11312,-0.5179924623587872,2026-05-12 23:37:41.519897,2026-05-12 23:37:42.304480,0 days 00:00:00.784583,0.45,0.7,2,0.05,0.02,0.6,0.08,6,0.5,20,0.8,-0.39108387647623727,-0.030830266507629607,0.2538171717650998,0.36025360996860767,,COMPLETE
11313,-0.4194511448045569,2026-05-12 23:37:42.334471,2026-05-12 23:37:42.809583,0 days 00:00:00.475112,0.45,0.7,2,0.05,0.01,0.6,0.12,6,0.5,20,0.8,,,,,,PRUNED
11314,-0.5179924623587872,2026-05-12 23:37:42.840071,2026-05-12 23:37:43.503816,0 days 00:00:00.663745,0.45,0.7,2,0.05,0.02,0.6,0.08,6,0.5,20,0.8,-0.39108387647623727,-0.030830266507629607,0.2538171717650998,0.36025360996860767,,COMPLETE
11315,-0.4448046644420077,2026-05-12 23:37:43.534316,2026-05-12 23:37:49.359231,0 days 00:00:05.824915,0.45,0.8,4,0.05,0.02,0.6,0.12,6,0.5,5,0.5,,,,,,PRUNED
11316,-0.5179924623587872,2026-05-12 23:37:49.387570,2026-05-12 23:37:50.099119,0 days 00:00:00.711549,0.45,0.7,2,0.05,0.02,0.6,0.08,6,0.5,20,0.8,-0.39108387647623727,-0.030830266507629607,0.2538171717650998,0.36025360996860767,,COMPLETE
11317,-0.5179924623587872,2026-05-12 23:37:50.128583,2026-05-12 23:37:50.803342,0 days 00:00:00.674759,0.45,0.7,2,0.05,0.02,0.6,0.08,6,0.5,20,0.8,-0.39108387647623727,-0.030830266507629607,0.2538171717650998,0.36025360996860767,,COMPLETE
11318,-9999.0,2026-05-12 23:37:50.836329,2026-05-12 23:37:51.262714,0 days 00:00:00.426385,0.25,0.7,2,0.05,0.02,0.45,0.08,3,0.7,10,0.65,,,,,BEAR_RATIO < NEUTRAL_RATIO < BULL_RATIO 约束违反: 0.25 / 0.7 / 0.7,COMPLETE
11319,-0.4213231947291116,2026-05-12 23:37:51.301168,2026-05-12 23:37:51.784462,0 days 00:00:00.483294,0.45,0.7,2,0.05,0.02,0.6,0.08,4,0.5,20,0.8,,,,,,PRUNED
11320,-0.5218988719228652,2026-05-12 23:37:51.814763,2026-05-12 23:37:56.232809,0 days 00:00:04.418046,0.45,0.9,4,0.03,0.02,0.3,0.16,4,0.7,10,0.5,,,,,,PRUNED
11321,-0.5070313286943765,2026-05-12 23:37:56.262334,2026-05-12 23:38:01.317841,0 days 00:00:05.055507,0.45,0.9,3,0.03,0.02,0.45,0.08,4,0.5,5,0.8,,,,,,PRUNED
11322,-0.45997549125102033,2026-05-12 23:38:01.347888,2026-05-12 23:38:06.552069,0 days 00:00:05.204181,0.35,0.9,2,0.05,0.02,0.6,0.08,6,0.5,10,0.5,,,,,,PRUNED
11323,-0.5179924623587872,2026-05-12 23:38:06.580180,2026-05-12 23:38:07.245719,0 days 00:00:00.665539,0.45,0.7,2,0.05,0.02,0.6,0.08,6,0.5,20,0.8,-0.39108387647623727,-0.030830266507629607,0.2538171717650998,0.36025360996860767,,COMPLETE
11324,-0.49575226233705005,2026-05-12 23:38:07.278718,2026-05-12 23:38:11.968038,0 days 00:00:04.689320,0.35,0.8,3,0.03,0.01,0.3,0.08,5,0.6,20,0.8,,,,,,PRUNED
11325,-0.5475589587182427,2026-05-12 23:38:11.999868,2026-05-12 23:38:16.342868,0 days 00:00:04.343000,0.25,0.9,2,0.03,0.02,0.3,0.16,3,0.5,5,0.8,,,,,,PRUNED
11326,-0.5512843269387853,2026-05-12 23:38:16.371783,2026-05-12 23:38:21.352066,0 days 00:00:04.980283,0.25,0.8,2,0.05,0.01,0.45,0.08,4,0.7,5,0.65,,,,,,PRUNED
11327,-0.6250819194360944,2026-05-12 23:38:21.381991,2026-05-12 23:38:24.876862,0 days 00:00:03.494871,0.25,0.8,2,0.03,0.01,0.6,0.12,3,0.5,20,0.5,,,,,,PRUNED
11328,-0.4921430947233019,2026-05-12 23:38:24.906178,2026-05-12 23:38:29.582434,0 days 00:00:04.676256,0.45,0.8,3,0.03,0.02,0.45,0.16,5,0.5,20,0.8,,,,,,PRUNED
11329,-0.4495886414713337,2026-05-12 23:38:29.611300,2026-05-12 23:38:35.783064,0 days 00:00:06.171764,0.45,0.8,2,0.05,0.01,0.6,0.08,6,0.7,10,0.8,,,,,,PRUNED
11330,-0.540290475558083,2026-05-12 23:38:35.813534,2026-05-12 23:38:41.026555,0 days 00:00:05.213021,0.25,0.9,4,0.05,0.02,0.45,0.16,6,0.7,10,0.65,,,,,,PRUNED
11331,-0.43303418604199423,2026-05-12 23:38:41.054187,2026-05-12 23:38:41.514119,0 days 00:00:00.459932,0.45,0.7,2,0.03,0.02,0.6,0.08,6,0.5,10,0.8,,,,,,PRUNED
11332,-0.46141781619164823,2026-05-12 23:38:41.542067,2026-05-12 23:38:45.705654,0 days 00:00:04.163587,0.35,0.7,3,0.05,0.01,0.3,0.12,4,0.6,20,0.8,,,,,,PRUNED
11333,-0.5714533208634172,2026-05-12 23:38:45.735941,2026-05-12 23:38:49.547258,0 days 00:00:03.811317,0.45,0.9,3,0.03,0.02,0.6,0.08,3,0.7,10,0.65,,,,,,PRUNED
11334,-0.5179924623587872,2026-05-12 23:38:49.575893,2026-05-12 23:38:50.241336,0 days 00:00:00.665443,0.45,0.7,2,0.05,0.02,0.6,0.08,6,0.5,20,0.8,-0.39108387647623727,-0.030830266507629607,0.2538171717650998,0.36025360996860767,,COMPLETE
11335,-0.5179924623587872,2026-05-12 23:38:50.269430,2026-05-12 23:38:50.948919,0 days 00:00:00.679489,0.45,0.7,2,0.05,0.02,0.6,0.08,6,0.5,20,0.8,-0.39108387647623727,-0.030830266507629607,0.2538171717650998,0.36025360996860767,,COMPLETE
11336,-0.5179924623587872,2026-05-12 23:38:50.978816,2026-05-12 23:38:51.640636,0 days 00:00:00.661820,0.45,0.7,2,0.05,0.01,0.6,0.08,6,0.5,20,0.8,-0.39108387647623727,-0.030830266507629607,0.2538171717650998,0.36025360996860767,,COMPLETE
11337,-0.5751604050910367,2026-05-12 23:38:51.670385,2026-05-12 23:38:56.740137,0 days 00:00:05.069752,0.25,0.9,3,0.03,0.02,0.45,0.12,4,0.5,5,0.65,,,,,,PRUNED
11338,-9999.0,2026-05-12 23:38:56.769488,2026-05-12 23:38:57.186730,0 days 00:00:00.417242,0.25,0.7,3,0.05,0.02,0.3,0.12,3,0.7,20,0.5,,,,,BEAR_RATIO < NEUTRAL_RATIO < BULL_RATIO 约束违反: 0.25 / 0.7 / 0.7,COMPLETE
11339,-0.5076799318209695,2026-05-12 23:38:57.234548,2026-05-12 23:39:01.399336,0 days 00:00:04.164788,0.25,0.8,3,0.03,0.02,0.45,0.12,4,0.6,20,0.8,,,,,,PRUNED
11340,-0.42357363260304626,2026-05-12 23:39:01.431260,2026-05-12 23:39:01.924850,0 days 00:00:00.493590,0.45,0.7,2,0.05,0.02,0.6,0.08,6,0.6,20,0.8,,,,,,PRUNED
11341,-0.49641337744265274,2026-05-12 23:39:01.954664,2026-05-12 23:39:06.663590,0 days 00:00:04.708926,0.25,0.8,3,0.05,0.02,0.6,0.08,5,0.5,20,0.5,,,,,,PRUNED
11342,-0.5073820179509734,2026-05-12 23:39:06.693649,2026-05-12 23:39:11.961709,0 days 00:00:05.268060,0.45,0.9,3,0.03,0.01,0.6,0.12,6,0.7,10,0.65,,,,,,PRUNED
11343,-0.44841383387027245,2026-05-12 23:39:11.992933,2026-05-12 23:39:16.386869,0 days 00:00:04.393936,0.45,0.7,2,0.03,0.01,0.3,0.12,3,0.5,5,0.8,,,,,,PRUNED
11344,-0.4092137988646166,2026-05-12 23:39:16.416674,2026-05-12 23:39:16.871723,0 days 00:00:00.455049,0.45,0.7,2,0.05,0.02,0.6,0.08,6,0.5,10,0.8,,,,,,PRUNED
11345,-0.5179924623587872,2026-05-12 23:39:16.904466,2026-05-12 23:39:17.601674,0 days 00:00:00.697208,0.45,0.7,2,0.05,0.02,0.6,0.08,6,0.5,20,0.8,-0.39108387647623727,-0.030830266507629607,0.2538171717650998,0.36025360996860767,,COMPLETE
11346,-0.5253369361165534,2026-05-12 23:39:17.630790,2026-05-12 23:39:21.418338,0 days 00:00:03.787548,0.35,0.7,3,0.05,0.02,0.3,0.08,3,0.5,10,0.8,,,,,,PRUNED
11347,-0.4213231947291116,2026-05-12 23:39:21.448416,2026-05-12 23:39:21.910928,0 days 00:00:00.462512,0.45,0.7,2,0.05,0.01,0.6,0.08,4,0.5,20,0.8,,,,,,PRUNED
11348,-0.5936339887977813,2026-05-12 23:39:21.940677,2026-05-12 23:39:25.708865,0 days 00:00:03.768188,0.25,0.8,3,0.03,0.02,0.3,0.16,3,0.6,10,0.5,,,,,,PRUNED
11349,-0.5420034312780275,2026-05-12 23:39:25.740291,2026-05-12 23:39:30.139830,0 days 00:00:04.399539,0.25,0.8,3,0.05,0.02,0.6,0.12,3,0.7,5,0.8,,,,,,PRUNED
11350,-0.4734237690479436,2026-05-12 23:39:30.169576,2026-05-12 23:39:34.209528,0 days 00:00:04.039952,0.45,0.9,4,0.05,0.01,0.45,0.16,4,0.6,20,0.5,,,,,,PRUNED
11351,-0.5179924623587872,2026-05-12 23:39:34.241457,2026-05-12 23:39:34.910224,0 days 00:00:00.668767,0.45,0.7,2,0.05,0.02,0.6,0.08,6,0.5,20,0.8,-0.39108387647623727,-0.030830266507629607,0.2538171717650998,0.36025360996860767,,COMPLETE
11352,-0.47441457244516044,2026-05-12 23:39:34.940764,2026-05-12 23:39:35.446351,0 days 00:00:00.505587,0.25,0.7,2,0.05,0.02,0.6,0.08,6,0.5,20,0.8,,,,,,PRUNED
11353,-0.43333909441165963,2026-05-12 23:39:35.478906,2026-05-12 23:39:35.946743,0 days 00:00:00.467837,0.35,0.7,2,0.05,0.01,0.6,0.08,6,0.5,20,0.8,,,,,,PRUNED
11354,-0.47078041076867455,2026-05-12 23:39:35.980009,2026-05-12 23:39:40.979596,0 days 00:00:04.999587,0.45,0.9,2,0.03,0.01,0.6,0.08,4,0.6,20,0.5,,,,,,PRUNED
11355,-0.5938176404010683,2026-05-12 23:39:41.011868,2026-05-12 23:39:44.552641,0 days 00:00:03.540773,0.45,0.7,3,0.05,0.02,0.3,0.08,3,0.6,20,0.65,,,,,,PRUNED
11356,-0.5266724081632126,2026-05-12 23:39:44.583363,2026-05-12 23:39:50.171910,0 days 00:00:05.588547,0.35,0.9,4,0.03,0.01,0.45,0.16,5,0.5,5,0.65,,,,,,PRUNED
11357,-0.5831791489102345,2026-05-12 23:39:50.201285,2026-05-12 23:39:54.001636,0 days 00:00:03.800351,0.25,0.9,3,0.03,0.01,0.3,0.08,3,0.7,10,0.65,,,,,,PRUNED
11358,-0.5792061418857395,2026-05-12 23:39:54.031450,2026-05-12 23:39:57.508555,0 days 00:00:03.477105,0.45,0.8,2,0.05,0.01,0.45,0.08,3,0.5,20,0.8,,,,,,PRUNED
