number,value,datetime_start,datetime_complete,duration,params_BEAR_RATIO,params_BULL_RATIO,params_GRID_MAX_LAYER,params_GRID_STEP_MAX,params_GRID_STEP_MIN,params_GRID_STEP_VOL_FACTOR,params_LAYER_FRACTION,params_MAX_HOLD,params_NEUTRAL_RATIO,params_REBALANCE_FREQ,params_VOL_WEIGHT,user_attrs_avg_test_score,user_attrs_avg_train_score,user_attrs_test_score_std,user_attrs_train_test_gap,user_attrs_validation_error,state
9422,-0.526134607201254,2026-05-12 22:04:13.343532,2026-05-12 22:04:18.262202,0 days 00:00:04.918670,0.25,0.8,3,0.03,0.01,0.3,0.08,6,0.7,20,0.8,,,,,,PRUNED
9423,-0.5576979486267133,2026-05-12 22:04:18.290045,2026-05-12 22:04:23.204678,0 days 00:00:04.914633,0.35,0.8,2,0.03,0.01,0.3,0.12,4,0.7,5,0.65,,,,,,PRUNED
9424,-9999.0,2026-05-12 22:04:23.234781,2026-05-12 22:04:23.610086,0 days 00:00:00.375305,0.25,0.7,3,0.05,0.01,0.6,0.08,4,0.7,5,0.65,,,,,BEAR_RATIO < NEUTRAL_RATIO < BULL_RATIO 约束违反: 0.25 / 0.7 / 0.7,COMPLETE
9425,-0.5322580059512422,2026-05-12 22:04:23.639299,2026-05-12 22:04:27.407964,0 days 00:00:03.768665,0.35,0.8,2,0.05,0.01,0.3,0.08,3,0.5,10,0.65,,,,,,PRUNED
9426,-9999.0,2026-05-12 22:04:27.436162,2026-05-12 22:04:27.826570,0 days 00:00:00.390408,0.35,0.7,3,0.03,0.01,0.45,0.12,3,0.7,10,0.8,,,,,BEAR_RATIO < NEUTRAL_RATIO < BULL_RATIO 约束违反: 0.35 / 0.7 / 0.7,COMPLETE
9427,-9999.0,2026-05-12 22:04:27.854679,2026-05-12 22:04:28.275550,0 days 00:00:00.420871,0.45,0.7,4,0.03,0.02,0.3,0.08,3,0.7,10,0.65,,,,,BEAR_RATIO < NEUTRAL_RATIO < BULL_RATIO 约束违反: 0.45 / 0.7 / 0.7,COMPLETE
9428,-0.6104937019835731,2026-05-12 22:04:28.303675,2026-05-12 22:04:31.754899,0 days 00:00:03.451224,0.35,0.7,3,0.03,0.02,0.6,0.08,3,0.6,20,0.65,,,,,,PRUNED
9429,-0.5179924623587872,2026-05-12 22:04:31.783109,2026-05-12 22:04:32.441090,0 days 00:00:00.657981,0.45,0.7,2,0.05,0.02,0.6,0.08,6,0.5,20,0.8,-0.39108387647623727,-0.030830266507629607,0.2538171717650998,0.36025360996860767,,COMPLETE
9430,-9999.0,2026-05-12 22:04:32.470403,2026-05-12 22:04:32.835004,0 days 00:00:00.364601,0.45,0.7,3,0.05,0.02,0.6,0.12,6,0.7,20,0.5,,,,,BEAR_RATIO < NEUTRAL_RATIO < BULL_RATIO 约束违反: 0.45 / 0.7 / 0.7,COMPLETE
9431,-0.5179924623587872,2026-05-12 22:04:32.864862,2026-05-12 22:04:33.502217,0 days 00:00:00.637355,0.45,0.7,2,0.05,0.02,0.6,0.08,6,0.5,20,0.8,-0.39108387647623727,-0.030830266507629607,0.2538171717650998,0.36025360996860767,,COMPLETE
9432,-0.42357363260304626,2026-05-12 22:04:33.535112,2026-05-12 22:04:33.976732,0 days 00:00:00.441620,0.45,0.7,2,0.05,0.02,0.6,0.08,6,0.6,20,0.8,,,,,,PRUNED
9433,-0.4213231947291116,2026-05-12 22:04:34.006751,2026-05-12 22:04:34.450155,0 days 00:00:00.443404,0.45,0.7,2,0.05,0.02,0.6,0.08,4,0.5,20,0.8,,,,,,PRUNED
9434,-0.5130530769987244,2026-05-12 22:04:34.477976,2026-05-12 22:04:40.279095,0 days 00:00:05.801119,0.35,0.9,4,0.05,0.02,0.3,0.12,6,0.6,5,0.5,,,,,,PRUNED
9435,-0.4248849607391425,2026-05-12 22:04:40.305956,2026-05-12 22:04:44.882702,0 days 00:00:04.576746,0.45,0.7,2,0.05,0.01,0.3,0.08,5,0.5,20,0.5,,,,,,PRUNED
9436,-0.5744941605234146,2026-05-12 22:04:44.910060,2026-05-12 22:04:49.885178,0 days 00:00:04.975118,0.25,0.8,4,0.03,0.01,0.45,0.12,4,0.6,5,0.65,,,,,,PRUNED
9437,-0.49669711102620295,2026-05-12 22:04:49.913951,2026-05-12 22:04:55.320569,0 days 00:00:05.406618,0.35,0.8,2,0.05,0.01,0.45,0.08,5,0.7,5,0.8,,,,,,PRUNED
9438,-0.4569223683011577,2026-05-12 22:04:55.349816,2026-05-12 22:04:59.405327,0 days 00:00:04.055511,0.25,0.7,2,0.05,0.01,0.6,0.08,4,0.5,20,0.65,,,,,,PRUNED
9439,-0.49840117334585277,2026-05-12 22:04:59.434121,2026-05-12 22:05:04.351551,0 days 00:00:04.917430,0.45,0.9,3,0.05,0.02,0.45,0.12,4,0.5,5,0.8,,,,,,PRUNED
9440,-0.4319040374717247,2026-05-12 22:05:04.379527,2026-05-12 22:05:11.025811,0 days 00:00:06.646284,0.45,0.8,4,0.05,0.01,0.6,0.08,6,0.5,5,0.8,,,,,,PRUNED
9441,-0.5179924623587872,2026-05-12 22:05:11.053912,2026-05-12 22:05:11.685826,0 days 00:00:00.631914,0.45,0.7,2,0.05,0.02,0.6,0.08,6,0.5,20,0.8,-0.39108387647623727,-0.030830266507629607,0.2538171717650998,0.36025360996860767,,COMPLETE
9442,-0.5179924623587872,2026-05-12 22:05:11.715792,2026-05-12 22:05:12.347387,0 days 00:00:00.631595,0.45,0.7,2,0.05,0.02,0.6,0.08,6,0.5,20,0.8,-0.39108387647623727,-0.030830266507629607,0.2538171717650998,0.36025360996860767,,COMPLETE
9443,-9999.0,2026-05-12 22:05:12.377614,2026-05-12 22:05:12.766741,0 days 00:00:00.389127,0.45,0.7,4,0.05,0.01,0.3,0.12,5,0.7,10,0.5,,,,,BEAR_RATIO < NEUTRAL_RATIO < BULL_RATIO 约束违反: 0.45 / 0.7 / 0.7,COMPLETE
9444,-0.4951746813240065,2026-05-12 22:05:12.797222,2026-05-12 22:05:17.296929,0 days 00:00:04.499707,0.35,0.9,2,0.05,0.02,0.6,0.08,5,0.7,20,0.5,,,,,,PRUNED
9445,-0.5152178553872383,2026-05-12 22:05:17.324733,2026-05-12 22:05:22.165504,0 days 00:00:04.840771,0.35,0.9,3,0.05,0.02,0.3,0.16,6,0.7,20,0.8,,,,,,PRUNED
9446,-0.5989777535114748,2026-05-12 22:05:22.193560,2026-05-12 22:05:25.623644,0 days 00:00:03.430084,0.25,0.7,3,0.05,0.02,0.3,0.08,3,0.5,20,0.8,,,,,,PRUNED
9447,-0.5052302993781603,2026-05-12 22:05:25.652252,2026-05-12 22:05:30.205933,0 days 00:00:04.553681,0.25,0.9,2,0.05,0.01,0.6,0.08,5,0.5,20,0.8,,,,,,PRUNED
9448,-0.48007108107245383,2026-05-12 22:05:30.235954,2026-05-12 22:05:34.777252,0 days 00:00:04.541298,0.45,0.9,4,0.05,0.02,0.6,0.08,5,0.7,20,0.8,,,,,,PRUNED
9449,-0.5179924623587872,2026-05-12 22:05:34.804422,2026-05-12 22:05:35.424343,0 days 00:00:00.619921,0.45,0.7,2,0.05,0.02,0.6,0.08,6,0.5,20,0.8,-0.39108387647623727,-0.030830266507629607,0.2538171717650998,0.36025360996860767,,COMPLETE
9450,-0.47441457244516044,2026-05-12 22:05:35.455004,2026-05-12 22:05:35.904893,0 days 00:00:00.449889,0.25,0.7,2,0.05,0.02,0.6,0.08,6,0.5,20,0.8,,,,,,PRUNED
9451,-0.4600065663116887,2026-05-12 22:05:35.933907,2026-05-12 22:05:40.792916,0 days 00:00:04.859009,0.45,0.9,2,0.05,0.02,0.6,0.12,5,0.6,10,0.8,,,,,,PRUNED
9452,-0.44853109400437235,2026-05-12 22:05:40.837868,2026-05-12 22:05:45.101029,0 days 00:00:04.263161,0.45,0.9,2,0.05,0.01,0.45,0.12,3,0.5,5,0.8,,,,,,PRUNED
9453,-0.43231167476902027,2026-05-12 22:05:45.131997,2026-05-12 22:05:49.193115,0 days 00:00:04.061118,0.45,0.7,3,0.05,0.01,0.6,0.12,4,0.5,20,0.8,,,,,,PRUNED
9454,-0.6088755438080657,2026-05-12 22:05:49.222450,2026-05-12 22:05:52.634032,0 days 00:00:03.411582,0.45,0.9,4,0.03,0.02,0.45,0.12,3,0.5,20,0.5,,,,,,PRUNED
9455,-0.4521611491482174,2026-05-12 22:05:52.661573,2026-05-12 22:05:58.590802,0 days 00:00:05.929229,0.45,0.8,2,0.03,0.01,0.6,0.08,6,0.5,5,0.8,,,,,,PRUNED
9456,-0.4905941126685363,2026-05-12 22:05:58.870688,2026-05-12 22:06:05.397012,0 days 00:00:06.526324,0.45,0.8,3,0.05,0.01,0.6,0.16,5,0.7,5,0.8,,,,,,PRUNED
9457,-0.5179924623587872,2026-05-12 22:06:05.425434,2026-05-12 22:06:06.053078,0 days 00:00:00.627644,0.45,0.7,2,0.05,0.02,0.6,0.08,6,0.5,20,0.8,-0.39108387647623727,-0.030830266507629607,0.2538171717650998,0.36025360996860767,,COMPLETE
9458,-0.505628061521782,2026-05-12 22:06:06.081802,2026-05-12 22:06:11.516182,0 days 00:00:05.434380,0.35,0.9,4,0.05,0.02,0.6,0.12,5,0.6,5,0.8,,,,,,PRUNED
9459,-0.5291651630615976,2026-05-12 22:06:11.540717,2026-05-12 22:06:16.485479,0 days 00:00:04.944762,0.35,0.9,4,0.03,0.02,0.6,0.16,5,0.6,10,0.5,,,,,,PRUNED
9460,-0.5686842733841965,2026-05-12 22:06:16.513386,2026-05-12 22:06:21.737409,0 days 00:00:05.224023,0.25,0.9,4,0.03,0.02,0.45,0.16,6,0.5,10,0.8,,,,,,PRUNED
9461,-0.4759660680823026,2026-05-12 22:06:21.785777,2026-05-12 22:06:25.787385,0 days 00:00:04.001608,0.45,0.8,3,0.05,0.02,0.6,0.16,4,0.7,20,0.8,,,,,,PRUNED
9462,-0.4092137988646166,2026-05-12 22:06:25.814475,2026-05-12 22:06:26.245673,0 days 00:00:00.431198,0.45,0.7,2,0.05,0.02,0.6,0.08,6,0.5,10,0.8,,,,,,PRUNED
9463,-0.5179924623587872,2026-05-12 22:06:26.276352,2026-05-12 22:06:26.919212,0 days 00:00:00.642860,0.45,0.7,2,0.05,0.02,0.6,0.08,6,0.5,20,0.8,-0.39108387647623727,-0.030830266507629607,0.2538171717650998,0.36025360996860767,,COMPLETE
9464,-0.4444576620692652,2026-05-12 22:06:26.947499,2026-05-12 22:06:30.925349,0 days 00:00:03.977850,0.45,0.8,4,0.05,0.02,0.6,0.12,4,0.5,20,0.8,,,,,,PRUNED
9465,-0.48813598804458785,2026-05-12 22:06:30.953001,2026-05-12 22:06:35.518655,0 days 00:00:04.565654,0.45,0.8,2,0.05,0.02,0.3,0.16,5,0.7,20,0.8,,,,,,PRUNED
9466,-0.5179924623587872,2026-05-12 22:06:35.545942,2026-05-12 22:06:36.182892,0 days 00:00:00.636950,0.45,0.7,2,0.05,0.02,0.6,0.08,6,0.5,20,0.8,-0.39108387647623727,-0.030830266507629607,0.2538171717650998,0.36025360996860767,,COMPLETE
9467,-0.42290957988043265,2026-05-12 22:06:36.211840,2026-05-12 22:06:36.660055,0 days 00:00:00.448215,0.45,0.7,2,0.05,0.02,0.6,0.08,6,0.6,10,0.8,,,,,,PRUNED
9468,-9999.0,2026-05-12 22:06:36.688448,2026-05-12 22:06:37.088225,0 days 00:00:00.399777,0.25,0.7,3,0.03,0.01,0.3,0.16,4,0.7,5,0.5,,,,,BEAR_RATIO < NEUTRAL_RATIO < BULL_RATIO 约束违反: 0.25 / 0.7 / 0.7,COMPLETE
9469,-0.5696979294543039,2026-05-12 22:06:37.115587,2026-05-12 22:06:40.854613,0 days 00:00:03.739026,0.45,0.9,2,0.03,0.02,0.6,0.12,3,0.6,10,0.65,,,,,,PRUNED
9470,-0.5097558143107738,2026-05-12 22:06:40.883492,2026-05-12 22:06:45.774045,0 days 00:00:04.890553,0.25,0.7,2,0.03,0.01,0.45,0.12,5,0.5,10,0.5,,,,,,PRUNED
9471,-0.53342409888669,2026-05-12 22:06:45.802789,2026-05-12 22:06:50.206801,0 days 00:00:04.404012,0.25,0.7,3,0.03,0.01,0.6,0.12,3,0.6,5,0.5,,,,,,PRUNED
9472,-0.4296411080598753,2026-05-12 22:06:50.236513,2026-05-12 22:06:50.690264,0 days 00:00:00.453751,0.45,0.7,2,0.05,0.02,0.6,0.16,6,0.5,20,0.8,,,,,,PRUNED
9473,-0.4100386278766106,2026-05-12 22:06:50.720060,2026-05-12 22:06:51.150041,0 days 00:00:00.429981,0.45,0.7,2,0.05,0.02,0.3,0.08,6,0.5,20,0.8,,,,,,PRUNED
9474,-0.51957900295858,2026-05-12 22:06:51.178424,2026-05-12 22:06:55.459486,0 days 00:00:04.281062,0.25,0.8,4,0.03,0.01,0.3,0.08,3,0.5,5,0.5,,,,,,PRUNED
9475,-0.4460413013310782,2026-05-12 22:06:55.486484,2026-05-12 22:06:55.899912,0 days 00:00:00.413428,0.35,0.8,2,0.05,0.02,0.6,0.08,6,0.5,20,0.8,,,,,,PRUNED
9476,-0.5120725996889398,2026-05-12 22:06:55.928519,2026-05-12 22:06:59.905363,0 days 00:00:03.976844,0.45,0.9,4,0.03,0.01,0.3,0.16,4,0.6,20,0.5,,,,,,PRUNED
9477,-0.4490515048873401,2026-05-12 22:06:59.934937,2026-05-12 22:07:04.420020,0 days 00:00:04.485083,0.45,0.7,2,0.05,0.02,0.6,0.12,5,0.6,20,0.5,,,,,,PRUNED
9478,-0.448224862181558,2026-05-12 22:07:04.446382,2026-05-12 22:07:10.309968,0 days 00:00:05.863586,0.45,0.7,4,0.03,0.01,0.6,0.08,6,0.6,20,0.8,,,,,,PRUNED
9479,-0.6119751340735141,2026-05-12 22:07:10.336881,2026-05-12 22:07:13.786868,0 days 00:00:03.449987,0.45,0.9,3,0.05,0.01,0.45,0.12,3,0.6,20,0.65,,,,,,PRUNED
9480,-0.6410173136230689,2026-05-12 22:07:13.814853,2026-05-12 22:07:17.170438,0 days 00:00:03.355585,0.25,0.7,2,0.03,0.01,0.45,0.16,3,0.6,20,0.5,,,,,,PRUNED
9481,-0.5473194971240558,2026-05-12 22:07:17.197766,2026-05-12 22:07:22.353888,0 days 00:00:05.156122,0.25,0.8,4,0.03,0.02,0.6,0.12,6,0.7,10,0.5,,,,,,PRUNED
9482,-0.47441457244516044,2026-05-12 22:07:22.383064,2026-05-12 22:07:22.837610,0 days 00:00:00.454546,0.25,0.7,2,0.05,0.01,0.6,0.08,6,0.5,20,0.8,,,,,,PRUNED
9483,-0.4414558091504518,2026-05-12 22:07:22.867428,2026-05-12 22:07:26.884564,0 days 00:00:04.017136,0.45,0.9,3,0.05,0.01,0.6,0.08,4,0.5,20,0.8,,,,,,PRUNED
9484,-0.5246795069076994,2026-05-12 22:07:26.913068,2026-05-12 22:07:32.135974,0 days 00:00:05.222906,0.25,0.8,2,0.03,0.02,0.3,0.08,6,0.7,20,0.65,,,,,,PRUNED
9485,-0.49210028203991346,2026-05-12 22:07:32.163453,2026-05-12 22:07:37.565474,0 days 00:00:05.402021,0.25,0.7,2,0.05,0.02,0.6,0.08,5,0.5,5,0.65,,,,,,PRUNED
9486,-0.5179924623587872,2026-05-12 22:07:37.595074,2026-05-12 22:07:38.237349,0 days 00:00:00.642275,0.45,0.7,2,0.05,0.02,0.6,0.08,6,0.5,20,0.8,-0.39108387647623727,-0.030830266507629607,0.2538171717650998,0.36025360996860767,,COMPLETE
9487,-0.47860791491534593,2026-05-12 22:07:38.279779,2026-05-12 22:07:43.177305,0 days 00:00:04.897526,0.35,0.7,2,0.05,0.02,0.3,0.16,6,0.6,20,0.8,,,,,,PRUNED
9488,-0.48472030023985535,2026-05-12 22:07:43.204616,2026-05-12 22:07:47.521634,0 days 00:00:04.317018,0.45,0.8,4,0.03,0.02,0.45,0.08,4,0.7,10,0.65,,,,,,PRUNED
9489,-0.44909423378637,2026-05-12 22:07:47.548813,2026-05-12 22:07:53.269632,0 days 00:00:05.720819,0.35,0.7,4,0.05,0.02,0.45,0.08,6,0.5,5,0.5,,,,,,PRUNED
9490,-0.44896069473705824,2026-05-12 22:07:53.299501,2026-05-12 22:07:58.781638,0 days 00:00:05.482137,0.35,0.7,3,0.05,0.02,0.3,0.08,5,0.5,5,0.8,,,,,,PRUNED
9491,-0.47517018805077527,2026-05-12 22:07:58.810470,2026-05-12 22:08:05.164193,0 days 00:00:06.353723,0.35,0.7,2,0.05,0.02,0.45,0.12,5,0.6,5,0.5,,,,,,PRUNED
9492,-9999.0,2026-05-12 22:08:05.192695,2026-05-12 22:08:05.553052,0 days 00:00:00.360357,0.25,0.7,3,0.03,0.01,0.6,0.16,6,0.7,20,0.5,,,,,BEAR_RATIO < NEUTRAL_RATIO < BULL_RATIO 约束违反: 0.25 / 0.7 / 0.7,COMPLETE
9493,-0.5048478532387415,2026-05-12 22:08:05.588240,2026-05-12 22:08:11.338594,0 days 00:00:05.750354,0.45,0.7,4,0.03,0.01,0.45,0.16,6,0.6,5,0.8,,,,,,PRUNED
9494,-0.5335505069429848,2026-05-12 22:08:11.366456,2026-05-12 22:08:15.092796,0 days 00:00:03.726340,0.35,0.7,2,0.05,0.01,0.3,0.16,3,0.5,10,0.8,,,,,,PRUNED
9495,-9999.0,2026-05-12 22:08:15.119610,2026-05-12 22:08:15.520362,0 days 00:00:00.400752,0.35,0.7,4,0.05,0.01,0.6,0.12,6,0.7,5,0.65,,,,,BEAR_RATIO < NEUTRAL_RATIO < BULL_RATIO 约束违反: 0.35 / 0.7 / 0.7,COMPLETE
9496,-0.42056632138184724,2026-05-12 22:08:15.549506,2026-05-12 22:08:15.989089,0 days 00:00:00.439583,0.45,0.8,2,0.05,0.02,0.6,0.08,6,0.5,20,0.8,,,,,,PRUNED
9497,-0.46021460957085103,2026-05-12 22:08:16.019016,2026-05-12 22:08:21.508364,0 days 00:00:05.489348,0.45,0.7,4,0.05,0.01,0.6,0.16,5,0.6,5,0.8,,,,,,PRUNED
9498,-0.5179924623587872,2026-05-12 22:08:21.535198,2026-05-12 22:08:22.155593,0 days 00:00:00.620395,0.45,0.7,2,0.05,0.02,0.6,0.08,6,0.5,20,0.8,-0.39108387647623727,-0.030830266507629607,0.2538171717650998,0.36025360996860767,,COMPLETE
9499,-0.5372070956176621,2026-05-12 22:08:22.185305,2026-05-12 22:08:27.103779,0 days 00:00:04.918474,0.45,0.9,2,0.03,0.01,0.45,0.08,4,0.7,5,0.65,,,,,,PRUNED
9500,-0.49967626314729924,2026-05-12 22:08:27.134898,2026-05-12 22:08:32.310387,0 days 00:00:05.175489,0.35,0.9,4,0.05,0.01,0.45,0.12,6,0.7,10,0.5,,,,,,PRUNED
9501,-0.439877325977134,2026-05-12 22:08:32.337841,2026-05-12 22:08:38.035173,0 days 00:00:05.697332,0.45,0.7,4,0.05,0.02,0.3,0.08,6,0.6,5,0.8,,,,,,PRUNED
9502,-0.41425741193738236,2026-05-12 22:08:38.065456,2026-05-12 22:08:38.528576,0 days 00:00:00.463120,0.45,0.7,2,0.05,0.02,0.6,0.08,6,0.5,5,0.8,,,,,,PRUNED
9503,-0.49816786149265363,2026-05-12 22:08:38.555401,2026-05-12 22:08:43.429562,0 days 00:00:04.874161,0.35,0.9,4,0.03,0.01,0.3,0.12,5,0.5,10,0.5,,,,,,PRUNED
9504,-0.5241367195898923,2026-05-12 22:08:43.458170,2026-05-12 22:08:48.621064,0 days 00:00:05.162894,0.25,0.7,4,0.03,0.02,0.45,0.12,6,0.5,10,0.8,,,,,,PRUNED
9505,-0.43585032303159976,2026-05-12 22:08:48.649140,2026-05-12 22:08:52.897642,0 days 00:00:04.248502,0.45,0.7,4,0.05,0.02,0.3,0.16,3,0.5,5,0.65,,,,,,PRUNED
9506,-0.49411896004612055,2026-05-12 22:08:52.925963,2026-05-12 22:08:57.730988,0 days 00:00:04.805025,0.25,0.8,2,0.05,0.01,0.6,0.08,5,0.6,10,0.5,,,,,,PRUNED
9507,-0.48335247541820453,2026-05-12 22:08:57.759845,2026-05-12 22:09:02.906761,0 days 00:00:05.146916,0.35,0.8,2,0.05,0.01,0.6,0.08,3,0.6,5,0.65,,,,,,PRUNED
9508,-0.4457780273401262,2026-05-12 22:09:02.947015,2026-05-12 22:09:06.934077,0 days 00:00:03.987062,0.35,0.7,3,0.05,0.02,0.45,0.12,4,0.5,20,0.5,,,,,,PRUNED
9509,-0.4941779862521701,2026-05-12 22:09:06.963845,2026-05-12 22:09:11.324564,0 days 00:00:04.360719,0.35,0.9,4,0.03,0.02,0.6,0.12,4,0.5,10,0.5,,,,,,PRUNED
9510,-0.5174383203582766,2026-05-12 22:09:11.352070,2026-05-12 22:09:15.421474,0 days 00:00:04.069404,0.25,0.8,4,0.03,0.01,0.6,0.12,4,0.7,20,0.5,,,,,,PRUNED
9511,-0.4955384446726831,2026-05-12 22:09:15.449559,2026-05-12 22:09:20.069137,0 days 00:00:04.619578,0.45,0.8,2,0.03,0.01,0.45,0.16,5,0.5,20,0.5,,,,,,PRUNED
9512,-0.5483682853626081,2026-05-12 22:09:20.097741,2026-05-12 22:09:24.699748,0 days 00:00:04.602007,0.25,0.7,3,0.03,0.02,0.6,0.16,5,0.6,20,0.5,,,,,,PRUNED
9513,-0.5179924623587872,2026-05-12 22:09:24.729196,2026-05-12 22:09:25.359730,0 days 00:00:00.630534,0.45,0.7,2,0.05,0.02,0.6,0.08,6,0.5,20,0.8,-0.39108387647623727,-0.030830266507629607,0.2538171717650998,0.36025360996860767,,COMPLETE
9514,-0.5179924623587872,2026-05-12 22:09:25.391044,2026-05-12 22:09:26.040230,0 days 00:00:00.649186,0.45,0.7,2,0.05,0.01,0.6,0.08,6,0.5,20,0.8,-0.39108387647623727,-0.030830266507629607,0.2538171717650998,0.36025360996860767,,COMPLETE
9515,-0.5604326431567417,2026-05-12 22:09:26.068864,2026-05-12 22:09:31.600627,0 days 00:00:05.531763,0.25,0.7,3,0.03,0.01,0.6,0.16,5,0.6,5,0.5,,,,,,PRUNED
9516,-0.4208413622985072,2026-05-12 22:09:31.628094,2026-05-12 22:09:32.043333,0 days 00:00:00.415239,0.45,0.7,2,0.05,0.02,0.6,0.12,6,0.5,10,0.8,,,,,,PRUNED
9517,-0.45010400881395296,2026-05-12 22:09:32.071522,2026-05-12 22:09:36.935547,0 days 00:00:04.864025,0.35,0.7,4,0.05,0.02,0.6,0.12,5,0.5,10,0.5,,,,,,PRUNED
9518,-0.4115748956289856,2026-05-12 22:09:36.964652,2026-05-12 22:09:37.416941,0 days 00:00:00.452289,0.45,0.7,4,0.05,0.02,0.6,0.08,6,0.5,10,0.8,,,,,,PRUNED
9519,-0.5429897035662514,2026-05-12 22:09:37.445821,2026-05-12 22:09:42.091690,0 days 00:00:04.645869,0.35,0.8,3,0.03,0.01,0.3,0.16,5,0.7,20,0.8,,,,,,PRUNED
9520,-0.4785505951979225,2026-05-12 22:09:42.120544,2026-05-12 22:09:46.458258,0 days 00:00:04.337714,0.45,0.9,2,0.03,0.02,0.3,0.12,4,0.5,10,0.65,,,,,,PRUNED
9521,-9999.0,2026-05-12 22:09:46.487322,2026-05-12 22:09:46.847707,0 days 00:00:00.360385,0.45,0.7,3,0.05,0.02,0.3,0.16,6,0.7,20,0.65,,,,,BEAR_RATIO < NEUTRAL_RATIO < BULL_RATIO 约束违反: 0.45 / 0.7 / 0.7,COMPLETE
9522,-0.43333909441165963,2026-05-12 22:09:46.877624,2026-05-12 22:09:47.311951,0 days 00:00:00.434327,0.35,0.7,2,0.05,0.02,0.6,0.08,6,0.5,20,0.8,,,,,,PRUNED
9523,-0.5472760796885374,2026-05-12 22:09:47.341079,2026-05-12 22:09:53.106105,0 days 00:00:05.765026,0.25,0.9,2,0.05,0.02,0.6,0.12,6,0.6,5,0.8,,,,,,PRUNED
9524,-0.5104334296076863,2026-05-12 22:09:53.138930,2026-05-12 22:09:57.955837,0 days 00:00:04.816907,0.25,0.9,2,0.05,0.02,0.3,0.08,6,0.6,20,0.5,,,,,,PRUNED
9525,-0.4837911463065493,2026-05-12 22:09:57.984045,2026-05-12 22:10:03.261955,0 days 00:00:05.277910,0.45,0.8,4,0.03,0.02,0.6,0.12,3,0.6,5,0.65,,,,,,PRUNED
9526,-0.48330693872635494,2026-05-12 22:10:03.292391,2026-05-12 22:10:08.189018,0 days 00:00:04.896627,0.45,0.8,3,0.03,0.01,0.3,0.12,6,0.6,20,0.65,,,,,,PRUNED
9527,-0.5807325331738512,2026-05-12 22:10:08.217864,2026-05-12 22:10:11.680900,0 days 00:00:03.463036,0.45,0.7,4,0.05,0.01,0.45,0.12,3,0.5,20,0.8,,,,,,PRUNED
9528,-9999.0,2026-05-12 22:10:11.709937,2026-05-12 22:10:12.111209,0 days 00:00:00.401272,0.45,0.7,2,0.03,0.02,0.3,0.08,6,0.7,20,0.5,,,,,BEAR_RATIO < NEUTRAL_RATIO < BULL_RATIO 约束违反: 0.45 / 0.7 / 0.7,COMPLETE
9529,-0.5522760780812729,2026-05-12 22:10:12.138545,2026-05-12 22:10:15.845491,0 days 00:00:03.706946,0.25,0.7,3,0.05,0.01,0.45,0.16,3,0.5,10,0.8,,,,,,PRUNED
9530,-0.5179924623587872,2026-05-12 22:10:15.872805,2026-05-12 22:10:16.445779,0 days 00:00:00.572974,0.45,0.7,2,0.05,0.02,0.6,0.08,6,0.5,20,0.8,-0.39108387647623727,-0.030830266507629607,0.2538171717650998,0.36025360996860767,,COMPLETE
9531,-0.5179924623587872,2026-05-12 22:10:16.471087,2026-05-12 22:10:17.059378,0 days 00:00:00.588291,0.45,0.7,2,0.05,0.02,0.6,0.08,6,0.5,20,0.8,-0.39108387647623727,-0.030830266507629607,0.2538171717650998,0.36025360996860767,,COMPLETE
9532,-0.5224187888084857,2026-05-12 22:10:17.086241,2026-05-12 22:10:22.205744,0 days 00:00:05.119503,0.25,0.8,3,0.03,0.02,0.45,0.08,6,0.7,10,0.65,,,,,,PRUNED
9533,-0.5377600790266348,2026-05-12 22:10:22.251750,2026-05-12 22:10:26.568615,0 days 00:00:04.316865,0.25,0.8,4,0.05,0.02,0.6,0.08,3,0.7,5,0.8,,,,,,PRUNED
9534,-0.6220293772730983,2026-05-12 22:10:26.595462,2026-05-12 22:10:30.004472,0 days 00:00:03.409010,0.45,0.7,3,0.03,0.02,0.6,0.16,3,0.6,20,0.65,,,,,,PRUNED
9535,-0.43223096142417294,2026-05-12 22:10:30.035694,2026-05-12 22:10:30.464920,0 days 00:00:00.429226,0.45,0.9,2,0.05,0.02,0.6,0.08,6,0.5,20,0.8,,,,,,PRUNED
9536,-0.5183182534070206,2026-05-12 22:10:30.492586,2026-05-12 22:10:35.940074,0 days 00:00:05.447488,0.35,0.8,4,0.03,0.02,0.6,0.12,5,0.6,5,0.8,,,,,,PRUNED
9537,-0.6358917775829415,2026-05-12 22:10:35.968067,2026-05-12 22:10:39.365314,0 days 00:00:03.397247,0.25,0.9,2,0.05,0.01,0.3,0.12,3,0.7,20,0.8,,,,,,PRUNED
9538,-0.4754594827589679,2026-05-12 22:10:39.395124,2026-05-12 22:10:43.700826,0 days 00:00:04.305702,0.25,0.7,4,0.05,0.01,0.3,0.12,4,0.5,10,0.5,,,,,,PRUNED
9539,-0.4686574727063283,2026-05-12 22:10:43.728975,2026-05-12 22:10:48.068003,0 days 00:00:04.339028,0.45,0.8,3,0.03,0.01,0.6,0.12,4,0.5,10,0.5,,,,,,PRUNED
9540,-0.5787210648656037,2026-05-12 22:10:48.099038,2026-05-12 22:10:52.973479,0 days 00:00:04.874441,0.25,0.8,3,0.03,0.01,0.45,0.12,4,0.7,5,0.65,,,,,,PRUNED
9541,-0.5322900374143587,2026-05-12 22:10:53.002135,2026-05-12 22:10:58.839419,0 days 00:00:05.837284,0.25,0.8,3,0.03,0.01,0.6,0.08,6,0.5,5,0.65,,,,,,PRUNED
9542,-0.4414523581792496,2026-05-12 22:10:59.040584,2026-05-12 22:10:59.863816,0 days 00:00:00.823232,0.45,0.9,2,0.05,0.02,0.6,0.08,6,0.5,5,0.8,,,,,,PRUNED
9543,-0.5722378789383502,2026-05-12 22:10:59.893118,2026-05-12 22:11:00.323778,0 days 00:00:00.430660,0.45,0.7,2,0.05,0.02,0.3,0.08,3,0.5,20,0.8,,,,,,PRUNED
9544,-0.4271696217311971,2026-05-12 22:11:00.352808,2026-05-12 22:11:00.773541,0 days 00:00:00.420733,0.45,0.7,4,0.05,0.02,0.6,0.08,5,0.5,20,0.8,,,,,,PRUNED
9545,-9999.0,2026-05-12 22:11:00.801374,2026-05-12 22:11:01.172370,0 days 00:00:00.370996,0.35,0.7,2,0.03,0.02,0.3,0.16,4,0.7,10,0.8,,,,,BEAR_RATIO < NEUTRAL_RATIO < BULL_RATIO 约束违反: 0.35 / 0.7 / 0.7,COMPLETE
9546,-9999.0,2026-05-12 22:11:01.201970,2026-05-12 22:11:01.605602,0 days 00:00:00.403632,0.45,0.7,2,0.05,0.02,0.6,0.08,6,0.7,20,0.8,,,,,BEAR_RATIO < NEUTRAL_RATIO < BULL_RATIO 约束违反: 0.45 / 0.7 / 0.7,COMPLETE
9547,-0.6135343417180834,2026-05-12 22:11:01.634201,2026-05-12 22:11:08.503480,0 days 00:00:06.869279,0.25,0.9,4,0.03,0.02,0.6,0.16,6,0.7,5,0.8,,,,,,PRUNED
