number,value,datetime_start,datetime_complete,duration,params_BEAR_RATIO,params_BULL_RATIO,params_GRID_MAX_LAYER,params_GRID_STEP_MAX,params_GRID_STEP_MIN,params_GRID_STEP_VOL_FACTOR,params_LAYER_FRACTION,params_MAX_HOLD,params_NEUTRAL_RATIO,params_REBALANCE_FREQ,params_VOL_WEIGHT,user_attrs_avg_test_score,user_attrs_avg_train_score,user_attrs_test_score_std,user_attrs_train_test_gap,user_attrs_validation_error,state
2459,-0.488811030608893,2026-05-12 16:15:41.960372,2026-05-12 16:15:47.457710,0 days 00:00:05.497338,0.35,0.7,4,0.03,0.01,0.45,0.12,4,0.6,10,0.8,,,,,,PRUNED
2460,-0.5855496147753049,2026-05-12 16:15:47.486066,2026-05-12 16:15:50.903456,0 days 00:00:03.417390,0.45,0.9,2,0.05,0.02,0.6,0.08,3,0.5,20,0.65,,,,,,PRUNED
2461,-0.5229490949582947,2026-05-12 16:15:50.943200,2026-05-12 16:15:55.450508,0 days 00:00:04.507308,0.35,0.9,4,0.03,0.02,0.3,0.16,4,0.6,20,0.8,,,,,,PRUNED
2462,-0.43727836990135094,2026-05-12 16:15:55.473997,2026-05-12 16:15:59.479648,0 days 00:00:04.005651,0.45,0.7,4,0.05,0.02,0.6,0.08,4,0.6,20,0.8,,,,,,PRUNED
2463,-0.5567519554588424,2026-05-12 16:15:59.504295,2026-05-12 16:16:03.171991,0 days 00:00:03.667696,0.45,0.8,3,0.03,0.02,0.6,0.16,3,0.5,10,0.5,,,,,,PRUNED
2464,-0.4762549360961347,2026-05-12 16:16:03.198266,2026-05-12 16:16:08.858860,0 days 00:00:05.660594,0.45,0.8,4,0.05,0.02,0.6,0.16,6,0.6,5,0.8,,,,,,PRUNED
2465,-9999.0,2026-05-12 16:16:08.882220,2026-05-12 16:16:09.194813,0 days 00:00:00.312593,0.45,0.7,2,0.05,0.02,0.6,0.16,3,0.7,20,0.8,,,,,BEAR_RATIO < NEUTRAL_RATIO < BULL_RATIO 约束违反: 0.45 / 0.7 / 0.7,COMPLETE
2466,-0.49853122988548093,2026-05-12 16:16:09.218986,2026-05-12 16:16:13.622960,0 days 00:00:04.403974,0.35,0.8,2,0.03,0.02,0.45,0.12,5,0.5,20,0.5,,,,,,PRUNED
2467,-0.4092137988646166,2026-05-12 16:16:13.645381,2026-05-12 16:16:13.935653,0 days 00:00:00.290272,0.45,0.7,2,0.05,0.02,0.6,0.08,6,0.5,10,0.8,,,,,,PRUNED
2468,-0.46075172822643773,2026-05-12 16:16:13.959772,2026-05-12 16:16:18.557037,0 days 00:00:04.597265,0.45,0.8,4,0.03,0.01,0.3,0.08,5,0.6,10,0.65,,,,,,PRUNED
2469,-0.5458695542745919,2026-05-12 16:16:18.580844,2026-05-12 16:16:23.892622,0 days 00:00:05.311778,0.25,0.9,4,0.05,0.01,0.6,0.12,5,0.6,5,0.5,,,,,,PRUNED
2470,-0.4719507107357766,2026-05-12 16:16:23.915544,2026-05-12 16:16:28.098995,0 days 00:00:04.183451,0.35,0.7,2,0.05,0.02,0.45,0.08,3,0.6,5,0.5,,,,,,PRUNED
2471,-0.5096245299633667,2026-05-12 16:16:28.122498,2026-05-12 16:16:32.464856,0 days 00:00:04.342358,0.45,0.8,3,0.03,0.02,0.6,0.16,3,0.7,5,0.5,,,,,,PRUNED
2472,-0.5179924623587872,2026-05-12 16:16:32.488386,2026-05-12 16:16:32.993428,0 days 00:00:00.505042,0.45,0.7,2,0.05,0.02,0.6,0.08,6,0.5,20,0.8,-0.39108387647623727,-0.030830266507629607,0.2538171717650998,0.36025360996860767,,COMPLETE
2473,-9999.0,2026-05-12 16:16:33.017387,2026-05-12 16:16:33.294651,0 days 00:00:00.277264,0.25,0.7,2,0.05,0.02,0.6,0.12,6,0.7,20,0.8,,,,,BEAR_RATIO < NEUTRAL_RATIO < BULL_RATIO 约束违反: 0.25 / 0.7 / 0.7,COMPLETE
2474,-0.4827253805965166,2026-05-12 16:16:33.319367,2026-05-12 16:16:37.710126,0 days 00:00:04.390759,0.25,0.7,2,0.05,0.01,0.3,0.08,5,0.5,20,0.65,,,,,,PRUNED
2475,-0.5016994334721383,2026-05-12 16:16:37.735477,2026-05-12 16:16:43.412502,0 days 00:00:05.677025,0.35,0.8,4,0.05,0.01,0.6,0.16,5,0.7,10,0.65,,,,,,PRUNED
2476,-0.5179924623587872,2026-05-12 16:16:43.438956,2026-05-12 16:16:43.991809,0 days 00:00:00.552853,0.45,0.7,2,0.05,0.02,0.6,0.08,6,0.5,20,0.8,-0.39108387647623727,-0.030830266507629607,0.2538171717650998,0.36025360996860767,,COMPLETE
2477,-0.4271696217311971,2026-05-12 16:16:44.015492,2026-05-12 16:16:44.350442,0 days 00:00:00.334950,0.45,0.7,4,0.05,0.02,0.6,0.08,5,0.5,20,0.8,,,,,,PRUNED
2478,-0.4521025687967135,2026-05-12 16:16:44.372324,2026-05-12 16:16:48.804607,0 days 00:00:04.432283,0.45,0.7,2,0.05,0.02,0.3,0.12,5,0.6,20,0.5,,,,,,PRUNED
2479,-0.42056632138184724,2026-05-12 16:16:48.826533,2026-05-12 16:16:49.173206,0 days 00:00:00.346673,0.45,0.8,2,0.05,0.02,0.6,0.08,6,0.5,20,0.8,,,,,,PRUNED
2480,-9999.0,2026-05-12 16:16:49.197020,2026-05-12 16:16:49.471855,0 days 00:00:00.274835,0.35,0.7,2,0.03,0.02,0.3,0.12,5,0.7,10,0.65,,,,,BEAR_RATIO < NEUTRAL_RATIO < BULL_RATIO 约束违反: 0.35 / 0.7 / 0.7,COMPLETE
2481,-0.4886162260716614,2026-05-12 16:16:49.494806,2026-05-12 16:16:54.237052,0 days 00:00:04.742246,0.25,0.8,3,0.05,0.02,0.6,0.08,6,0.5,20,0.8,,,,,,PRUNED
2482,-9999.0,2026-05-12 16:16:54.261819,2026-05-12 16:16:54.515947,0 days 00:00:00.254128,0.25,0.7,2,0.05,0.02,0.3,0.08,6,0.7,20,0.8,,,,,BEAR_RATIO < NEUTRAL_RATIO < BULL_RATIO 约束违反: 0.25 / 0.7 / 0.7,COMPLETE
2483,-0.6152422896125319,2026-05-12 16:16:54.537535,2026-05-12 16:16:57.780710,0 days 00:00:03.243175,0.25,0.8,3,0.03,0.01,0.6,0.08,3,0.5,20,0.5,,,,,,PRUNED
2484,-0.42756359809491007,2026-05-12 16:16:57.803283,2026-05-12 16:16:58.138452,0 days 00:00:00.335169,0.45,0.7,2,0.05,0.02,0.3,0.08,6,0.6,20,0.8,,,,,,PRUNED
2485,-0.5649925198432537,2026-05-12 16:16:58.164958,2026-05-12 16:17:01.772683,0 days 00:00:03.607725,0.25,0.7,4,0.05,0.01,0.6,0.16,3,0.6,10,0.8,,,,,,PRUNED
2486,-0.4327177294022265,2026-05-12 16:17:01.797794,2026-05-12 16:17:06.561381,0 days 00:00:04.763587,0.35,0.7,2,0.05,0.01,0.45,0.08,6,0.5,20,0.8,,,,,,PRUNED
2487,-0.48765143027663493,2026-05-12 16:17:06.599093,2026-05-12 16:17:11.695783,0 days 00:00:05.096690,0.35,0.8,3,0.05,0.02,0.6,0.12,6,0.7,10,0.65,,,,,,PRUNED
2488,-0.41425741193738236,2026-05-12 16:17:11.720572,2026-05-12 16:17:12.081163,0 days 00:00:00.360591,0.45,0.7,2,0.05,0.02,0.6,0.08,6,0.5,5,0.65,,,,,,PRUNED
2489,-0.4459871401070022,2026-05-12 16:17:12.104912,2026-05-12 16:17:17.137828,0 days 00:00:05.032916,0.45,0.8,2,0.03,0.01,0.3,0.08,6,0.5,10,0.65,,,,,,PRUNED
2490,-0.491842962847528,2026-05-12 16:17:17.164298,2026-05-12 16:17:21.597020,0 days 00:00:04.432722,0.45,0.8,3,0.05,0.01,0.3,0.16,5,0.7,20,0.65,,,,,,PRUNED
2491,-9999.0,2026-05-12 16:17:21.621374,2026-05-12 16:17:21.912001,0 days 00:00:00.290627,0.45,0.7,2,0.05,0.02,0.6,0.08,5,0.7,20,0.8,,,,,BEAR_RATIO < NEUTRAL_RATIO < BULL_RATIO 约束违反: 0.45 / 0.7 / 0.7,COMPLETE
2492,-0.5471577984077376,2026-05-12 16:17:21.936523,2026-05-12 16:17:25.240070,0 days 00:00:03.303547,0.25,0.8,2,0.03,0.01,0.6,0.12,5,0.7,20,0.65,,,,,,PRUNED
2493,-0.5944238690151299,2026-05-12 16:17:25.268152,2026-05-12 16:17:28.570128,0 days 00:00:03.301976,0.45,0.7,4,0.05,0.02,0.6,0.08,3,0.6,20,0.5,,,,,,PRUNED
2494,-0.41610686693884014,2026-05-12 16:17:28.594732,2026-05-12 16:17:35.142766,0 days 00:00:06.548034,0.45,0.7,3,0.05,0.02,0.6,0.08,6,0.5,5,0.65,,,,,,PRUNED
2495,-0.5179924623587872,2026-05-12 16:17:35.163893,2026-05-12 16:17:35.691505,0 days 00:00:00.527612,0.45,0.7,2,0.05,0.01,0.6,0.08,6,0.5,20,0.8,-0.39108387647623727,-0.030830266507629607,0.2538171717650998,0.36025360996860767,,COMPLETE
2496,-9999.0,2026-05-12 16:17:35.716582,2026-05-12 16:17:35.966119,0 days 00:00:00.249537,0.45,0.7,2,0.05,0.02,0.6,0.08,6,0.7,20,0.5,,,,,BEAR_RATIO < NEUTRAL_RATIO < BULL_RATIO 约束违反: 0.45 / 0.7 / 0.7,COMPLETE
2497,-0.5350272995140781,2026-05-12 16:17:35.988024,2026-05-12 16:17:42.031483,0 days 00:00:06.043459,0.25,0.8,4,0.05,0.02,0.3,0.08,6,0.7,5,0.65,,,,,,PRUNED
2498,-9999.0,2026-05-12 16:17:42.057634,2026-05-12 16:17:42.356554,0 days 00:00:00.298920,0.45,0.7,3,0.05,0.02,0.6,0.08,4,0.7,20,0.8,,,,,BEAR_RATIO < NEUTRAL_RATIO < BULL_RATIO 约束违反: 0.45 / 0.7 / 0.7,COMPLETE
2499,-0.4660835109924683,2026-05-12 16:17:42.383440,2026-05-12 16:17:42.746136,0 days 00:00:00.362696,0.45,0.7,2,0.05,0.02,0.6,0.08,4,0.5,5,0.8,,,,,,PRUNED
2500,-0.43874864865684904,2026-05-12 16:17:42.775294,2026-05-12 16:17:47.965774,0 days 00:00:05.190480,0.45,0.7,3,0.05,0.02,0.45,0.12,5,0.6,10,0.65,,,,,,PRUNED
2501,-9999.0,2026-05-12 16:17:47.993915,2026-05-12 16:17:48.299458,0 days 00:00:00.305543,0.25,0.7,2,0.05,0.02,0.6,0.12,5,0.7,10,0.8,,,,,BEAR_RATIO < NEUTRAL_RATIO < BULL_RATIO 约束违反: 0.25 / 0.7 / 0.7,COMPLETE
2502,-0.46416445575214105,2026-05-12 16:17:48.326571,2026-05-12 16:17:53.538206,0 days 00:00:05.211635,0.45,0.9,4,0.05,0.02,0.3,0.16,6,0.5,10,0.5,,,,,,PRUNED
2503,-0.4100386278766106,2026-05-12 16:17:53.571270,2026-05-12 16:17:53.863125,0 days 00:00:00.291855,0.45,0.7,2,0.05,0.02,0.3,0.08,6,0.5,20,0.8,,,,,,PRUNED
2504,-0.45518761018451104,2026-05-12 16:17:53.883820,2026-05-12 16:17:57.345162,0 days 00:00:03.461342,0.45,0.8,2,0.05,0.02,0.6,0.08,5,0.7,10,0.65,,,,,,PRUNED
2505,-0.4992732577413293,2026-05-12 16:17:57.369631,2026-05-12 16:18:02.041942,0 days 00:00:04.672311,0.35,0.9,4,0.05,0.02,0.6,0.08,5,0.7,20,0.8,,,,,,PRUNED
2506,-0.5160947711025622,2026-05-12 16:18:02.068586,2026-05-12 16:18:06.443123,0 days 00:00:04.374537,0.25,0.7,2,0.03,0.02,0.6,0.16,4,0.6,10,0.5,,,,,,PRUNED
2507,-0.4414523581792496,2026-05-12 16:18:06.469004,2026-05-12 16:18:06.806729,0 days 00:00:00.337725,0.45,0.9,2,0.05,0.02,0.6,0.08,6,0.5,5,0.8,,,,,,PRUNED
2508,-0.4309812888470534,2026-05-12 16:18:06.833483,2026-05-12 16:18:07.202668,0 days 00:00:00.369185,0.45,0.8,2,0.05,0.02,0.6,0.08,4,0.5,20,0.8,,,,,,PRUNED
2509,-0.4474661710368762,2026-05-12 16:18:07.225705,2026-05-12 16:18:11.297439,0 days 00:00:04.071734,0.45,0.9,2,0.05,0.02,0.6,0.12,4,0.5,20,0.8,,,,,,PRUNED
2510,-0.42328876156084305,2026-05-12 16:18:11.324582,2026-05-12 16:18:11.674610,0 days 00:00:00.350028,0.45,0.7,2,0.05,0.02,0.6,0.08,3,0.5,5,0.8,,,,,,PRUNED
2511,-0.434307923993398,2026-05-12 16:18:11.701543,2026-05-12 16:18:16.264269,0 days 00:00:04.562726,0.45,0.7,2,0.05,0.02,0.3,0.16,6,0.5,20,0.5,,,,,,PRUNED
2512,-0.5802094041388408,2026-05-12 16:18:16.286835,2026-05-12 16:18:20.403952,0 days 00:00:04.117117,0.25,0.9,4,0.03,0.02,0.3,0.16,5,0.7,20,0.8,,,,,,PRUNED
2513,-9999.0,2026-05-12 16:18:20.425589,2026-05-12 16:18:20.679713,0 days 00:00:00.254124,0.35,0.7,3,0.05,0.02,0.3,0.12,3,0.7,20,0.8,,,,,BEAR_RATIO < NEUTRAL_RATIO < BULL_RATIO 约束违反: 0.35 / 0.7 / 0.7,COMPLETE
2514,-0.5650972734799247,2026-05-12 16:18:20.703000,2026-05-12 16:18:25.021679,0 days 00:00:04.318679,0.25,0.8,3,0.03,0.01,0.45,0.16,5,0.7,20,0.5,,,,,,PRUNED
2515,-0.4917730273156298,2026-05-12 16:18:25.046887,2026-05-12 16:18:30.146770,0 days 00:00:05.099883,0.35,0.9,4,0.03,0.01,0.45,0.08,4,0.6,10,0.65,,,,,,PRUNED
2516,-0.4252415693819519,2026-05-12 16:18:30.173447,2026-05-12 16:18:35.255572,0 days 00:00:05.082125,0.45,0.7,3,0.05,0.02,0.45,0.08,6,0.6,20,0.8,,,,,,PRUNED
2517,-9999.0,2026-05-12 16:18:35.284241,2026-05-12 16:18:35.593553,0 days 00:00:00.309312,0.25,0.7,2,0.05,0.02,0.6,0.08,6,0.7,20,0.8,,,,,BEAR_RATIO < NEUTRAL_RATIO < BULL_RATIO 约束违反: 0.25 / 0.7 / 0.7,COMPLETE
2518,-9999.0,2026-05-12 16:18:35.620702,2026-05-12 16:18:35.915901,0 days 00:00:00.295199,0.25,0.7,4,0.03,0.02,0.3,0.08,5,0.7,20,0.5,,,,,BEAR_RATIO < NEUTRAL_RATIO < BULL_RATIO 约束违反: 0.25 / 0.7 / 0.7,COMPLETE
2519,-0.48215697488686815,2026-05-12 16:18:35.944556,2026-05-12 16:18:40.763913,0 days 00:00:04.819357,0.35,0.8,2,0.05,0.02,0.3,0.16,5,0.5,20,0.8,,,,,,PRUNED
2520,-9999.0,2026-05-12 16:18:40.791564,2026-05-12 16:18:41.113560,0 days 00:00:00.321996,0.45,0.7,3,0.05,0.02,0.6,0.08,6,0.7,20,0.8,,,,,BEAR_RATIO < NEUTRAL_RATIO < BULL_RATIO 约束违反: 0.45 / 0.7 / 0.7,COMPLETE
2521,-0.5332101030065761,2026-05-12 16:18:41.136943,2026-05-12 16:18:45.720178,0 days 00:00:04.583235,0.25,0.8,2,0.05,0.01,0.3,0.08,3,0.7,5,0.65,,,,,,PRUNED
2522,-0.44390442002332425,2026-05-12 16:18:45.767497,2026-05-12 16:18:46.134198,0 days 00:00:00.366701,0.45,0.8,2,0.03,0.02,0.6,0.08,6,0.5,20,0.8,,,,,,PRUNED
2523,-0.5631013185373924,2026-05-12 16:18:46.164901,2026-05-12 16:18:51.390495,0 days 00:00:05.225594,0.25,0.7,2,0.03,0.02,0.6,0.16,4,0.5,5,0.8,,,,,,PRUNED
2524,-0.434307923993398,2026-05-12 16:18:51.417563,2026-05-12 16:18:51.767904,0 days 00:00:00.350341,0.45,0.7,2,0.05,0.02,0.3,0.16,6,0.5,20,0.8,,,,,,PRUNED
2525,-0.5179924623587872,2026-05-12 16:18:51.796880,2026-05-12 16:18:52.381320,0 days 00:00:00.584440,0.45,0.7,2,0.05,0.02,0.6,0.08,6,0.5,20,0.8,-0.39108387647623727,-0.030830266507629607,0.2538171717650998,0.36025360996860767,,COMPLETE
2526,-0.438629624751217,2026-05-12 16:18:52.407806,2026-05-12 16:18:57.838969,0 days 00:00:05.431163,0.45,0.8,2,0.05,0.01,0.3,0.12,5,0.5,5,0.65,,,,,,PRUNED
2527,-0.5800800945924067,2026-05-12 16:18:57.861043,2026-05-12 16:18:58.211797,0 days 00:00:00.350754,0.45,0.7,2,0.05,0.02,0.6,0.16,3,0.5,20,0.8,,,,,,PRUNED
2528,-0.4577059413734039,2026-05-12 16:18:58.238410,2026-05-12 16:18:58.587037,0 days 00:00:00.348627,0.35,0.9,2,0.05,0.02,0.6,0.08,6,0.5,20,0.8,,,,,,PRUNED
2529,-0.4280373050192524,2026-05-12 16:18:57.085100,2026-05-12 16:19:01.858677,0 days 00:00:04.773577,0.45,0.7,2,0.05,0.02,0.6,0.08,5,0.6,10,0.8,,,,,,PRUNED
2530,-0.5179924623587872,2026-05-12 16:19:01.884978,2026-05-12 16:19:02.385490,0 days 00:00:00.500512,0.45,0.7,2,0.05,0.02,0.6,0.08,6,0.5,20,0.8,-0.39108387647623727,-0.030830266507629607,0.2538171717650998,0.36025360996860767,,COMPLETE
2531,-0.545797803197235,2026-05-12 16:19:02.409285,2026-05-12 16:19:06.132780,0 days 00:00:03.723495,0.45,0.7,4,0.03,0.01,0.6,0.08,3,0.6,10,0.5,,,,,,PRUNED
2532,-9999.0,2026-05-12 16:19:06.157762,2026-05-12 16:19:06.420502,0 days 00:00:00.262740,0.45,0.7,2,0.05,0.01,0.3,0.08,6,0.7,20,0.8,,,,,BEAR_RATIO < NEUTRAL_RATIO < BULL_RATIO 约束违反: 0.45 / 0.7 / 0.7,COMPLETE
2533,-0.617794991640196,2026-05-12 16:19:06.446912,2026-05-12 16:19:09.824510,0 days 00:00:03.377598,0.35,0.8,3,0.03,0.02,0.6,0.08,3,0.6,20,0.8,,,,,,PRUNED
2534,-9999.0,2026-05-12 16:19:09.849083,2026-05-12 16:19:10.136489,0 days 00:00:00.287406,0.35,0.7,4,0.05,0.01,0.3,0.08,6,0.7,10,0.65,,,,,BEAR_RATIO < NEUTRAL_RATIO < BULL_RATIO 约束违反: 0.35 / 0.7 / 0.7,COMPLETE
2535,-0.4649470519804141,2026-05-12 16:19:10.159977,2026-05-12 16:19:14.629748,0 days 00:00:04.469771,0.35,0.7,3,0.03,0.01,0.45,0.08,3,0.5,5,0.8,,,,,,PRUNED
2536,-0.47890779001038913,2026-05-12 16:19:14.656002,2026-05-12 16:19:19.305198,0 days 00:00:04.649196,0.35,0.7,4,0.05,0.02,0.3,0.12,5,0.6,20,0.5,,,,,,PRUNED
2537,-0.42756359809491007,2026-05-12 16:19:19.328616,2026-05-12 16:19:24.322336,0 days 00:00:04.993720,0.45,0.7,2,0.05,0.01,0.3,0.08,6,0.6,20,0.8,,,,,,PRUNED
2538,-0.5369076013823132,2026-05-12 16:19:24.346500,2026-05-12 16:19:31.234874,0 days 00:00:06.888374,0.35,0.9,3,0.03,0.02,0.6,0.12,6,0.6,5,0.5,,,,,,PRUNED
2539,-0.51839359028761,2026-05-12 16:19:31.260457,2026-05-12 16:19:36.257339,0 days 00:00:04.996882,0.25,0.8,2,0.03,0.01,0.6,0.08,6,0.6,20,0.65,,,,,,PRUNED
2540,-0.43539398241717564,2026-05-12 16:19:36.279699,2026-05-12 16:19:41.034579,0 days 00:00:04.754880,0.45,0.8,2,0.05,0.01,0.6,0.08,6,0.6,20,0.8,,,,,,PRUNED
2541,-0.42290957988043265,2026-05-12 16:19:41.057774,2026-05-12 16:19:45.813149,0 days 00:00:04.755375,0.45,0.7,2,0.05,0.02,0.6,0.08,6,0.6,10,0.5,,,,,,PRUNED
2542,-0.5462396527249439,2026-05-12 16:19:45.837833,2026-05-12 16:19:51.503124,0 days 00:00:05.665291,0.25,0.9,3,0.03,0.02,0.3,0.08,6,0.5,5,0.8,,,,,,PRUNED
2543,-0.42300571404722564,2026-05-12 16:19:51.527380,2026-05-12 16:19:56.255048,0 days 00:00:04.727668,0.45,0.8,3,0.05,0.01,0.3,0.08,6,0.5,20,0.5,,,,,,PRUNED
2544,-0.43303418604199423,2026-05-12 16:19:56.278648,2026-05-12 16:20:01.303311,0 days 00:00:05.024663,0.45,0.7,2,0.03,0.01,0.6,0.08,6,0.5,10,0.8,,,,,,PRUNED
2545,-0.5643198189446966,2026-05-12 16:20:01.328549,2026-05-12 16:20:06.187481,0 days 00:00:04.858932,0.25,0.9,4,0.05,0.02,0.6,0.16,4,0.5,5,0.5,,,,,,PRUNED
2546,-0.41425741193738236,2026-05-12 16:20:06.211225,2026-05-12 16:20:06.575092,0 days 00:00:00.363867,0.45,0.7,2,0.05,0.02,0.6,0.08,6,0.5,5,0.8,,,,,,PRUNED
2547,-0.43333909441165963,2026-05-12 16:20:06.600901,2026-05-12 16:20:06.921606,0 days 00:00:00.320705,0.35,0.7,2,0.05,0.02,0.6,0.08,6,0.5,20,0.8,,,,,,PRUNED
2548,-0.5202157387704514,2026-05-12 16:20:06.943555,2026-05-12 16:20:11.702126,0 days 00:00:04.758571,0.25,0.9,2,0.05,0.02,0.6,0.12,5,0.7,10,0.65,,,,,,PRUNED
2549,-0.4408085471343632,2026-05-12 16:20:11.727706,2026-05-12 16:20:12.092737,0 days 00:00:00.365031,0.45,0.7,2,0.05,0.02,0.6,0.08,5,0.6,20,0.8,,,,,,PRUNED
2550,-0.5043325404449447,2026-05-12 16:20:12.118088,2026-05-12 16:20:15.212104,0 days 00:00:03.094016,0.25,0.8,3,0.05,0.01,0.3,0.16,4,0.7,10,0.65,,,,,,PRUNED
2551,-0.5179924623587872,2026-05-12 16:20:15.237173,2026-05-12 16:20:15.749507,0 days 00:00:00.512334,0.45,0.7,2,0.05,0.02,0.6,0.08,6,0.5,20,0.8,-0.39108387647623727,-0.030830266507629607,0.2538171717650998,0.36025360996860767,,COMPLETE
2552,-0.44132560848440905,2026-05-12 16:20:15.788672,2026-05-12 16:20:16.101394,0 days 00:00:00.312722,0.45,0.7,2,0.05,0.02,0.6,0.16,5,0.5,20,0.8,,,,,,PRUNED
2553,-0.4208413622985072,2026-05-12 16:20:16.127919,2026-05-12 16:20:16.459921,0 days 00:00:00.332002,0.45,0.7,2,0.05,0.02,0.6,0.12,6,0.5,10,0.8,,,,,,PRUNED
2554,-0.49602548817275766,2026-05-12 16:20:16.484158,2026-05-12 16:20:21.243462,0 days 00:00:04.759304,0.25,0.8,3,0.05,0.01,0.45,0.08,5,0.6,10,0.65,,,,,,PRUNED
2555,-0.5792061418857395,2026-05-12 16:20:21.266781,2026-05-12 16:20:25.625433,0 days 00:00:04.358652,0.45,0.8,2,0.05,0.01,0.6,0.08,3,0.5,20,0.8,,,,,,PRUNED
2556,-0.43223096142417294,2026-05-12 16:20:25.651307,2026-05-12 16:20:26.033687,0 days 00:00:00.382380,0.45,0.9,2,0.05,0.02,0.6,0.08,6,0.5,20,0.8,,,,,,PRUNED
2557,-0.5262317524393181,2026-05-12 16:20:26.058312,2026-05-12 16:20:31.201216,0 days 00:00:05.142904,0.25,0.8,2,0.05,0.02,0.3,0.16,6,0.6,20,0.8,,,,,,PRUNED
2558,-0.49594106473969785,2026-05-12 16:20:31.228422,2026-05-12 16:20:35.795572,0 days 00:00:04.567150,0.45,0.9,2,0.03,0.02,0.6,0.08,3,0.7,5,0.8,,,,,,PRUNED
2559,-0.5089520158971854,2026-05-12 16:20:35.821718,2026-05-12 16:20:40.253001,0 days 00:00:04.431283,0.35,0.7,2,0.03,0.01,0.3,0.16,3,0.6,5,0.65,,,,,,PRUNED
2560,-0.5528133732807274,2026-05-12 16:20:40.280789,2026-05-12 16:20:45.718665,0 days 00:00:05.437876,0.35,0.8,2,0.03,0.02,0.45,0.16,5,0.7,5,0.8,,,,,,PRUNED
2561,-0.4318124553734489,2026-05-12 16:20:45.741603,2026-05-12 16:20:46.080704,0 days 00:00:00.339101,0.45,0.7,2,0.03,0.02,0.6,0.08,6,0.5,20,0.8,,,,,,PRUNED
2562,-0.5293770532126867,2026-05-12 16:20:46.107558,2026-05-12 16:20:49.588881,0 days 00:00:03.481323,0.25,0.9,4,0.03,0.01,0.3,0.08,5,0.7,10,0.65,,,,,,PRUNED
2563,-0.5070648050544125,2026-05-12 16:20:49.612272,2026-05-12 16:20:54.412831,0 days 00:00:04.800559,0.35,0.7,4,0.03,0.02,0.45,0.16,5,0.6,10,0.5,,,,,,PRUNED
2564,-0.524191440901046,2026-05-12 16:20:54.436435,2026-05-12 16:20:58.322544,0 days 00:00:03.886109,0.45,0.7,3,0.05,0.01,0.45,0.16,3,0.5,10,0.8,,,,,,PRUNED
2565,-0.45032328062528826,2026-05-12 16:20:58.348570,2026-05-12 16:21:03.510973,0 days 00:00:05.162403,0.45,0.9,4,0.05,0.01,0.6,0.08,6,0.6,20,0.5,,,,,,PRUNED
2566,-0.5179924623587872,2026-05-12 16:21:03.538684,2026-05-12 16:21:04.084897,0 days 00:00:00.546213,0.45,0.7,2,0.05,0.02,0.6,0.08,6,0.5,20,0.8,-0.39108387647623727,-0.030830266507629607,0.2538171717650998,0.36025360996860767,,COMPLETE
2567,-0.5883196310218424,2026-05-12 16:21:04.109961,2026-05-12 16:21:07.998441,0 days 00:00:03.888480,0.25,0.9,3,0.03,0.02,0.6,0.12,3,0.6,10,0.8,,,,,,PRUNED
2568,-0.5179924623587872,2026-05-12 16:21:08.023469,2026-05-12 16:21:08.575843,0 days 00:00:00.552374,0.45,0.7,2,0.05,0.02,0.6,0.08,6,0.5,20,0.8,-0.39108387647623727,-0.030830266507629607,0.2538171717650998,0.36025360996860767,,COMPLETE
2569,-0.5010927971512973,2026-05-12 16:21:08.601593,2026-05-12 16:21:13.672724,0 days 00:00:05.071131,0.35,0.8,2,0.03,0.01,0.45,0.12,5,0.6,10,0.8,,,,,,PRUNED
2570,-9999.0,2026-05-12 16:21:13.697982,2026-05-12 16:21:14.003286,0 days 00:00:00.305304,0.45,0.7,2,0.03,0.02,0.6,0.08,6,0.7,10,0.8,,,,,BEAR_RATIO < NEUTRAL_RATIO < BULL_RATIO 约束违反: 0.45 / 0.7 / 0.7,COMPLETE
2571,-0.4922310691311594,2026-05-12 16:21:14.042099,2026-05-12 16:21:16.782949,0 days 00:00:02.740850,0.25,0.8,3,0.05,0.01,0.45,0.16,4,0.6,20,0.65,,,,,,PRUNED
2572,-0.43267214316187735,2026-05-12 16:21:16.806659,2026-05-12 16:21:21.251792,0 days 00:00:04.445133,0.45,0.7,3,0.05,0.01,0.45,0.16,3,0.5,5,0.5,,,,,,PRUNED
2573,-0.4467619369398962,2026-05-12 16:21:21.273216,2026-05-12 16:21:21.567664,0 days 00:00:00.294448,0.45,0.7,2,0.05,0.02,0.6,0.16,6,0.6,20,0.8,,,,,,PRUNED
2574,-0.5179924623587872,2026-05-12 16:21:21.589937,2026-05-12 16:21:22.039541,0 days 00:00:00.449604,0.45,0.7,2,0.05,0.02,0.6,0.08,6,0.5,20,0.8,-0.39108387647623727,-0.030830266507629607,0.2538171717650998,0.36025360996860767,,COMPLETE
2575,-9999.0,2026-05-12 16:21:22.061531,2026-05-12 16:21:22.299846,0 days 00:00:00.238315,0.45,0.7,2,0.05,0.02,0.6,0.08,6,0.7,20,0.8,,,,,BEAR_RATIO < NEUTRAL_RATIO < BULL_RATIO 约束违反: 0.45 / 0.7 / 0.7,COMPLETE
2576,-0.46166647868289035,2026-05-12 16:21:22.321759,2026-05-12 16:21:28.814447,0 days 00:00:06.492688,0.45,0.9,3,0.05,0.02,0.3,0.16,5,0.5,5,0.65,,,,,,PRUNED
2577,-0.5394214958909338,2026-05-12 16:21:28.839358,2026-05-12 16:21:32.712497,0 days 00:00:03.873139,0.35,0.9,2,0.05,0.02,0.6,0.08,3,0.5,10,0.5,,,,,,PRUNED
2578,-0.48883801249294623,2026-05-12 16:21:32.738784,2026-05-12 16:21:33.085428,0 days 00:00:00.346644,0.25,0.7,2,0.05,0.02,0.6,0.12,6,0.5,20,0.8,,,,,,PRUNED
2579,-0.474357944195267,2026-05-12 16:21:33.111511,2026-05-12 16:21:37.527255,0 days 00:00:04.415744,0.25,0.7,3,0.05,0.01,0.3,0.08,4,0.6,10,0.65,,,,,,PRUNED
2580,-0.5201715698920135,2026-05-12 16:21:37.550530,2026-05-12 16:21:42.717543,0 days 00:00:05.167013,0.45,0.9,2,0.05,0.01,0.45,0.08,4,0.7,5,0.8,,,,,,PRUNED
2581,-0.4992972328535399,2026-05-12 16:21:42.743346,2026-05-12 16:21:47.758823,0 days 00:00:05.015477,0.45,0.8,2,0.05,0.02,0.3,0.12,4,0.6,5,0.65,,,,,,PRUNED
2582,-0.5825139853896287,2026-05-12 16:21:47.786071,2026-05-12 16:21:46.925739,-1 days +23:59:59.139668,0.45,0.7,2,0.03,0.02,0.6,0.08,3,0.5,20,0.8,,,,,,PRUNED
2583,-9999.0,2026-05-12 16:21:46.951004,2026-05-12 16:21:47.226394,0 days 00:00:00.275390,0.25,0.7,4,0.03,0.01,0.6,0.08,4,0.7,20,0.5,,,,,BEAR_RATIO < NEUTRAL_RATIO < BULL_RATIO 约束违反: 0.25 / 0.7 / 0.7,COMPLETE
2584,-0.5715107846558711,2026-05-12 16:21:47.253211,2026-05-12 16:21:47.603273,0 days 00:00:00.350062,0.45,0.7,2,0.05,0.02,0.6,0.08,3,0.5,20,0.8,,,,,,PRUNED
