number,value,datetime_start,datetime_complete,duration,params_BEAR_RATIO,params_BULL_RATIO,params_GRID_MAX_LAYER,params_GRID_STEP_MAX,params_GRID_STEP_MIN,params_GRID_STEP_VOL_FACTOR,params_LAYER_FRACTION,params_MAX_HOLD,params_NEUTRAL_RATIO,params_REBALANCE_FREQ,params_VOL_WEIGHT,user_attrs_avg_test_score,user_attrs_avg_train_score,user_attrs_test_score_std,user_attrs_train_test_gap,user_attrs_validation_error,state
6874,-0.5179924623587872,2026-05-12 19:56:12.530491,2026-05-12 19:56:13.086935,0 days 00:00:00.556444,0.45,0.7,2,0.05,0.02,0.6,0.08,6,0.5,20,0.8,-0.39108387647623727,-0.030830266507629607,0.2538171717650998,0.36025360996860767,,COMPLETE
6875,-0.465206356804332,2026-05-12 19:56:13.110447,2026-05-12 19:56:17.426950,0 days 00:00:04.316503,0.35,0.7,3,0.05,0.02,0.3,0.08,5,0.6,20,0.65,,,,,,PRUNED
6876,-0.5179924623587872,2026-05-12 19:56:17.452331,2026-05-12 19:56:17.965576,0 days 00:00:00.513245,0.45,0.7,2,0.05,0.02,0.6,0.08,6,0.5,20,0.8,-0.39108387647623727,-0.030830266507629607,0.2538171717650998,0.36025360996860767,,COMPLETE
6877,-0.5179924623587872,2026-05-12 19:56:17.988712,2026-05-12 19:56:18.501144,0 days 00:00:00.512432,0.45,0.7,2,0.05,0.02,0.6,0.08,6,0.5,20,0.8,-0.39108387647623727,-0.030830266507629607,0.2538171717650998,0.36025360996860767,,COMPLETE
6878,-0.5085515778472974,2026-05-12 19:56:18.527749,2026-05-12 19:56:23.678196,0 days 00:00:05.150447,0.35,0.9,4,0.03,0.02,0.3,0.08,6,0.7,10,0.5,,,,,,PRUNED
6879,-0.5179924623587872,2026-05-12 19:56:23.703990,2026-05-12 19:56:24.323561,0 days 00:00:00.619571,0.45,0.7,2,0.05,0.02,0.6,0.08,6,0.5,20,0.8,-0.39108387647623727,-0.030830266507629607,0.2538171717650998,0.36025360996860767,,COMPLETE
6880,-0.5884154772443172,2026-05-12 19:56:24.349240,2026-05-12 19:56:28.041418,0 days 00:00:03.692178,0.25,0.9,4,0.05,0.01,0.45,0.16,3,0.7,10,0.5,,,,,,PRUNED
6881,-0.5179924623587872,2026-05-12 19:56:28.071221,2026-05-12 19:56:28.692974,0 days 00:00:00.621753,0.45,0.7,2,0.05,0.02,0.6,0.08,6,0.5,20,0.8,-0.39108387647623727,-0.030830266507629607,0.2538171717650998,0.36025360996860767,,COMPLETE
6882,-0.507232618609996,2026-05-12 19:56:28.719510,2026-05-12 19:56:33.924262,0 days 00:00:05.204752,0.35,0.9,2,0.03,0.01,0.3,0.12,6,0.5,10,0.8,,,,,,PRUNED
6883,-0.5179924623587872,2026-05-12 19:56:33.954304,2026-05-12 19:56:34.545646,0 days 00:00:00.591342,0.45,0.7,2,0.05,0.02,0.6,0.08,6,0.5,20,0.8,-0.39108387647623727,-0.030830266507629607,0.2538171717650998,0.36025360996860767,,COMPLETE
6884,-0.4577059413734039,2026-05-12 19:56:34.571459,2026-05-12 19:56:39.342624,0 days 00:00:04.771165,0.35,0.9,2,0.05,0.01,0.6,0.08,6,0.5,20,0.5,,,,,,PRUNED
6885,-9999.0,2026-05-12 19:56:39.372124,2026-05-12 19:56:39.737610,0 days 00:00:00.365486,0.45,0.7,4,0.03,0.01,0.3,0.08,4,0.7,10,0.8,,,,,BEAR_RATIO < NEUTRAL_RATIO < BULL_RATIO 约束违反: 0.45 / 0.7 / 0.7,COMPLETE
6886,-0.4363626948110784,2026-05-12 19:56:39.764855,2026-05-12 19:56:44.062150,0 days 00:00:04.297295,0.45,0.7,3,0.05,0.01,0.3,0.12,4,0.5,10,0.8,,,,,,PRUNED
6887,-0.4457695275926993,2026-05-12 19:56:44.089483,2026-05-12 19:56:49.031984,0 days 00:00:04.942501,0.45,0.9,2,0.05,0.01,0.3,0.12,6,0.5,20,0.8,,,,,,PRUNED
6888,-9999.0,2026-05-12 19:56:49.057750,2026-05-12 19:56:49.397247,0 days 00:00:00.339497,0.45,0.7,3,0.03,0.01,0.6,0.08,3,0.7,10,0.8,,,,,BEAR_RATIO < NEUTRAL_RATIO < BULL_RATIO 约束违反: 0.45 / 0.7 / 0.7,COMPLETE
6889,-0.5179924623587872,2026-05-12 19:56:49.423134,2026-05-12 19:56:50.010644,0 days 00:00:00.587510,0.45,0.7,2,0.05,0.02,0.6,0.08,6,0.5,20,0.8,-0.39108387647623727,-0.030830266507629607,0.2538171717650998,0.36025360996860767,,COMPLETE
6890,-0.48939365194732265,2026-05-12 19:56:50.036345,2026-05-12 19:56:55.171070,0 days 00:00:05.134725,0.45,0.9,4,0.05,0.01,0.45,0.16,6,0.7,10,0.8,,,,,,PRUNED
6891,-0.5516023181220154,2026-05-12 19:56:55.212924,2026-05-12 19:56:58.869648,0 days 00:00:03.656724,0.25,0.7,3,0.03,0.01,0.45,0.08,3,0.5,10,0.65,,,,,,PRUNED
6892,-0.47769217819901655,2026-05-12 19:56:58.896395,2026-05-12 19:57:03.170541,0 days 00:00:04.274146,0.35,0.9,4,0.05,0.02,0.6,0.08,3,0.5,5,0.8,,,,,,PRUNED
6893,-9999.0,2026-05-12 19:57:03.218995,2026-05-12 19:57:03.568339,0 days 00:00:00.349344,0.45,0.7,3,0.03,0.01,0.45,0.12,6,0.7,10,0.5,,,,,BEAR_RATIO < NEUTRAL_RATIO < BULL_RATIO 约束违反: 0.45 / 0.7 / 0.7,COMPLETE
6894,-0.4283610173415879,2026-05-12 19:57:03.594263,2026-05-12 19:57:08.982431,0 days 00:00:05.388168,0.45,0.7,4,0.05,0.01,0.3,0.08,5,0.5,20,0.5,,,,,,PRUNED
6895,-0.4506094519561066,2026-05-12 19:57:09.010733,2026-05-12 19:57:12.417327,0 days 00:00:03.406594,0.35,0.7,4,0.05,0.02,0.45,0.12,6,0.5,20,0.5,,,,,,PRUNED
6896,-0.5918688916259931,2026-05-12 19:57:12.445508,2026-05-12 19:57:18.229586,0 days 00:00:05.784078,0.25,0.9,4,0.03,0.01,0.6,0.16,6,0.5,5,0.5,,,,,,PRUNED
6897,-0.5555309388683115,2026-05-12 19:57:18.257282,2026-05-12 19:57:23.213611,0 days 00:00:04.956329,0.35,0.9,2,0.03,0.01,0.6,0.16,4,0.5,5,0.5,,,,,,PRUNED
6898,-0.44440694464655794,2026-05-12 19:57:23.241081,2026-05-12 19:57:28.429491,0 days 00:00:05.188410,0.45,0.8,3,0.05,0.02,0.45,0.16,6,0.5,10,0.65,,,,,,PRUNED
6899,-0.5179924623587872,2026-05-12 19:57:28.457760,2026-05-12 19:57:29.063450,0 days 00:00:00.605690,0.45,0.7,2,0.05,0.02,0.6,0.08,6,0.5,20,0.8,-0.39108387647623727,-0.030830266507629607,0.2538171717650998,0.36025360996860767,,COMPLETE
6900,-9999.0,2026-05-12 19:57:29.088694,2026-05-12 19:57:29.436674,0 days 00:00:00.347980,0.45,0.7,2,0.05,0.02,0.6,0.12,4,0.7,10,0.65,,,,,BEAR_RATIO < NEUTRAL_RATIO < BULL_RATIO 约束违反: 0.45 / 0.7 / 0.7,COMPLETE
6901,-9999.0,2026-05-12 19:57:29.463248,2026-05-12 19:57:29.809436,0 days 00:00:00.346188,0.35,0.7,2,0.03,0.01,0.6,0.16,6,0.7,5,0.5,,,,,BEAR_RATIO < NEUTRAL_RATIO < BULL_RATIO 约束违反: 0.35 / 0.7 / 0.7,COMPLETE
6902,-0.421366069161807,2026-05-12 19:57:29.838000,2026-05-12 19:57:30.222616,0 days 00:00:00.384616,0.45,0.7,3,0.05,0.02,0.6,0.12,6,0.5,20,0.8,,,,,,PRUNED
6903,-0.42357363260304626,2026-05-12 19:57:30.247554,2026-05-12 19:57:30.628666,0 days 00:00:00.381112,0.45,0.7,2,0.05,0.02,0.6,0.08,6,0.6,20,0.8,,,,,,PRUNED
6904,-0.5317996045741968,2026-05-12 19:57:30.655954,2026-05-12 19:57:35.579908,0 days 00:00:04.923954,0.35,0.8,4,0.05,0.02,0.6,0.08,4,0.7,5,0.65,,,,,,PRUNED
6905,-0.4213231947291116,2026-05-12 19:57:35.607008,2026-05-12 19:57:36.021038,0 days 00:00:00.414030,0.45,0.7,2,0.05,0.02,0.6,0.08,4,0.5,20,0.8,,,,,,PRUNED
6906,-0.4092788272711371,2026-05-12 19:57:36.048184,2026-05-12 19:57:36.470602,0 days 00:00:00.422418,0.45,0.7,3,0.05,0.02,0.6,0.08,6,0.5,20,0.8,,,,,,PRUNED
6907,-0.5179924623587872,2026-05-12 19:57:36.517305,2026-05-12 19:57:37.131960,0 days 00:00:00.614655,0.45,0.7,2,0.05,0.02,0.6,0.08,6,0.5,20,0.8,-0.39108387647623727,-0.030830266507629607,0.2538171717650998,0.36025360996860767,,COMPLETE
6908,-0.532840142462269,2026-05-12 19:57:37.158322,2026-05-12 19:57:42.363564,0 days 00:00:05.205242,0.25,0.9,2,0.03,0.01,0.45,0.08,6,0.7,10,0.5,,,,,,PRUNED
6909,-0.4426886655341169,2026-05-12 19:57:42.391177,2026-05-12 19:57:47.360542,0 days 00:00:04.969365,0.45,0.8,3,0.03,0.02,0.6,0.08,6,0.5,20,0.5,,,,,,PRUNED
6910,-0.5658317774637928,2026-05-12 19:57:47.390304,2026-05-12 19:57:52.944117,0 days 00:00:05.553813,0.25,0.8,4,0.03,0.02,0.45,0.16,6,0.6,10,0.5,,,,,,PRUNED
6911,-0.5555363221127214,2026-05-12 19:57:52.973023,2026-05-12 19:57:58.836553,0 days 00:00:05.863530,0.25,0.9,2,0.03,0.01,0.6,0.12,5,0.5,5,0.8,,,,,,PRUNED
6912,-0.5065653062097728,2026-05-12 19:57:58.864789,2026-05-12 19:58:05.937995,0 days 00:00:07.073206,0.45,0.9,3,0.03,0.01,0.45,0.16,6,0.5,5,0.8,,,,,,PRUNED
6913,-0.4395514628060745,2026-05-12 19:58:05.962798,2026-05-12 19:58:10.511971,0 days 00:00:04.549173,0.45,0.8,4,0.05,0.02,0.6,0.08,5,0.5,20,0.65,,,,,,PRUNED
6914,-0.5179924623587872,2026-05-12 19:58:10.539956,2026-05-12 19:58:11.128577,0 days 00:00:00.588621,0.45,0.7,2,0.05,0.02,0.6,0.08,6,0.5,20,0.8,-0.39108387647623727,-0.030830266507629607,0.2538171717650998,0.36025360996860767,,COMPLETE
6915,-0.6274897137183123,2026-05-12 19:58:11.154444,2026-05-12 19:58:14.601703,0 days 00:00:03.447259,0.35,0.9,4,0.03,0.01,0.3,0.08,3,0.6,20,0.5,,,,,,PRUNED
6916,-0.5179924623587872,2026-05-12 19:58:14.627169,2026-05-12 19:58:15.234311,0 days 00:00:00.607142,0.45,0.7,2,0.05,0.02,0.6,0.08,6,0.5,20,0.8,-0.39108387647623727,-0.030830266507629607,0.2538171717650998,0.36025360996860767,,COMPLETE
6917,-0.44875113983741544,2026-05-12 19:58:15.263358,2026-05-12 19:58:19.327506,0 days 00:00:04.064148,0.45,0.8,2,0.05,0.01,0.3,0.16,4,0.5,20,0.65,,,,,,PRUNED
6918,-0.478911383600049,2026-05-12 19:58:19.356322,2026-05-12 19:58:23.416585,0 days 00:00:04.060263,0.45,0.9,4,0.03,0.01,0.6,0.12,4,0.5,20,0.65,,,,,,PRUNED
6919,-9999.0,2026-05-12 19:58:23.444453,2026-05-12 19:58:23.771880,0 days 00:00:00.327427,0.35,0.7,3,0.05,0.02,0.45,0.16,3,0.7,5,0.8,,,,,BEAR_RATIO < NEUTRAL_RATIO < BULL_RATIO 约束违反: 0.35 / 0.7 / 0.7,COMPLETE
6920,-0.47441457244516044,2026-05-12 19:58:23.809835,2026-05-12 19:58:24.188926,0 days 00:00:00.379091,0.25,0.7,2,0.05,0.02,0.6,0.08,6,0.5,20,0.8,,,,,,PRUNED
6921,-0.4267507101854957,2026-05-12 19:58:24.215709,2026-05-12 19:58:29.318935,0 days 00:00:05.103226,0.45,0.8,4,0.05,0.01,0.3,0.08,6,0.5,10,0.65,,,,,,PRUNED
6922,-0.5179924623587872,2026-05-12 19:58:29.344434,2026-05-12 19:58:29.932569,0 days 00:00:00.588135,0.45,0.7,2,0.05,0.01,0.6,0.08,6,0.5,20,0.8,-0.39108387647623727,-0.030830266507629607,0.2538171717650998,0.36025360996860767,,COMPLETE
6923,-0.5153154965838113,2026-05-12 19:58:29.956794,2026-05-12 19:58:35.179060,0 days 00:00:05.222266,0.45,0.9,3,0.03,0.02,0.45,0.16,6,0.6,10,0.65,,,,,,PRUNED
6924,-9999.0,2026-05-12 19:58:35.208677,2026-05-12 19:58:35.567268,0 days 00:00:00.358591,0.25,0.7,4,0.05,0.02,0.3,0.16,4,0.7,20,0.65,,,,,BEAR_RATIO < NEUTRAL_RATIO < BULL_RATIO 约束违反: 0.25 / 0.7 / 0.7,COMPLETE
6925,-0.5179924623587872,2026-05-12 19:58:35.599563,2026-05-12 19:58:36.222680,0 days 00:00:00.623117,0.45,0.7,2,0.05,0.02,0.6,0.08,6,0.5,20,0.8,-0.39108387647623727,-0.030830266507629607,0.2538171717650998,0.36025360996860767,,COMPLETE
6926,-0.5179924623587872,2026-05-12 19:58:36.250890,2026-05-12 19:58:36.837634,0 days 00:00:00.586744,0.45,0.7,2,0.05,0.02,0.6,0.08,6,0.5,20,0.8,-0.39108387647623727,-0.030830266507629607,0.2538171717650998,0.36025360996860767,,COMPLETE
6927,-0.5179924623587872,2026-05-12 19:58:36.886296,2026-05-12 19:58:37.450471,0 days 00:00:00.564175,0.45,0.7,2,0.05,0.02,0.6,0.08,6,0.5,20,0.8,-0.39108387647623727,-0.030830266507629607,0.2538171717650998,0.36025360996860767,,COMPLETE
6928,-0.4100386278766106,2026-05-12 19:58:37.477259,2026-05-12 19:58:37.856001,0 days 00:00:00.378742,0.45,0.7,2,0.05,0.02,0.3,0.08,6,0.5,20,0.8,,,,,,PRUNED
6929,-0.47376814751615687,2026-05-12 19:58:37.883595,2026-05-12 19:58:42.824190,0 days 00:00:04.940595,0.45,0.8,3,0.03,0.02,0.45,0.08,5,0.7,10,0.8,,,,,,PRUNED
6930,-0.5179924623587872,2026-05-12 19:58:42.847667,2026-05-12 19:58:43.436952,0 days 00:00:00.589285,0.45,0.7,2,0.05,0.02,0.6,0.08,6,0.5,20,0.8,-0.39108387647623727,-0.030830266507629607,0.2538171717650998,0.36025360996860767,,COMPLETE
6931,-0.43367110803787035,2026-05-12 19:58:43.462284,2026-05-12 19:58:46.915703,0 days 00:00:03.453419,0.45,0.9,4,0.05,0.02,0.45,0.08,6,0.5,20,0.65,,,,,,PRUNED
6932,-0.5179924623587872,2026-05-12 19:58:46.943022,2026-05-12 19:58:47.519556,0 days 00:00:00.576534,0.45,0.7,2,0.05,0.02,0.6,0.08,6,0.5,20,0.8,-0.39108387647623727,-0.030830266507629607,0.2538171717650998,0.36025360996860767,,COMPLETE
6933,-0.44892991775212177,2026-05-12 19:58:47.546046,2026-05-12 19:58:51.847867,0 days 00:00:04.301821,0.45,0.8,2,0.03,0.01,0.3,0.08,3,0.5,5,0.5,,,,,,PRUNED
6934,-0.49689817312992174,2026-05-12 19:58:51.873531,2026-05-12 19:58:56.732625,0 days 00:00:04.859094,0.35,0.7,2,0.03,0.02,0.6,0.12,6,0.6,20,0.8,,,,,,PRUNED
6935,-0.6187813159512536,2026-05-12 19:58:56.761161,2026-05-12 19:59:00.146568,0 days 00:00:03.385407,0.25,0.8,4,0.05,0.02,0.3,0.08,3,0.6,20,0.5,,,,,,PRUNED
6936,-9999.0,2026-05-12 19:59:00.174712,2026-05-12 19:59:00.500089,0 days 00:00:00.325377,0.45,0.7,2,0.05,0.01,0.45,0.12,5,0.7,5,0.8,,,,,BEAR_RATIO < NEUTRAL_RATIO < BULL_RATIO 约束违反: 0.45 / 0.7 / 0.7,COMPLETE
6937,-0.46758910878459636,2026-05-12 19:59:00.547284,2026-05-12 19:59:06.002285,0 days 00:00:05.455001,0.45,0.9,4,0.05,0.01,0.6,0.08,3,0.6,5,0.8,,,,,,PRUNED
6938,-0.41425741193738236,2026-05-12 19:59:06.030492,2026-05-12 19:59:06.467505,0 days 00:00:00.437013,0.45,0.7,2,0.05,0.02,0.6,0.08,6,0.5,5,0.8,,,,,,PRUNED
6939,-0.4092788272711371,2026-05-12 19:59:06.493858,2026-05-12 19:59:06.911458,0 days 00:00:00.417600,0.45,0.7,3,0.05,0.02,0.6,0.08,6,0.5,20,0.65,,,,,,PRUNED
6940,-0.48498279554641627,2026-05-12 19:59:06.939229,2026-05-12 19:59:11.518470,0 days 00:00:04.579241,0.25,0.8,4,0.05,0.01,0.45,0.12,4,0.5,10,0.8,,,,,,PRUNED
6941,-0.460109334216188,2026-05-12 19:59:11.547180,2026-05-12 19:59:15.856908,0 days 00:00:04.309728,0.35,0.8,2,0.05,0.02,0.6,0.16,4,0.5,20,0.5,,,,,,PRUNED
6942,-0.42056632138184724,2026-05-12 19:59:15.881755,2026-05-12 19:59:16.311153,0 days 00:00:00.429398,0.45,0.8,2,0.05,0.02,0.6,0.08,6,0.5,20,0.8,,,,,,PRUNED
6943,-0.4296411080598753,2026-05-12 19:59:16.340982,2026-05-12 19:59:16.778761,0 days 00:00:00.437779,0.45,0.7,2,0.05,0.02,0.6,0.16,6,0.5,20,0.8,,,,,,PRUNED
6944,-0.569890669822438,2026-05-12 19:59:16.807590,2026-05-12 19:59:20.867025,0 days 00:00:04.059435,0.35,0.8,2,0.03,0.02,0.3,0.08,3,0.7,10,0.5,,,,,,PRUNED
6945,-0.5078618313258879,2026-05-12 19:59:20.895005,2026-05-12 19:59:26.221854,0 days 00:00:05.326849,0.45,0.7,2,0.03,0.02,0.6,0.16,4,0.5,5,0.8,,,,,,PRUNED
6946,-0.488614988196728,2026-05-12 19:59:26.249068,2026-05-12 19:59:30.588477,0 days 00:00:04.339409,0.35,0.7,4,0.03,0.01,0.6,0.08,3,0.6,5,0.5,,,,,,PRUNED
6947,-0.47666420249260444,2026-05-12 19:59:30.614182,2026-05-12 19:59:34.842536,0 days 00:00:04.228354,0.45,0.9,3,0.03,0.01,0.3,0.12,4,0.5,10,0.5,,,,,,PRUNED
6948,-0.527372467924861,2026-05-12 19:59:34.866276,2026-05-12 19:59:39.545849,0 days 00:00:04.679573,0.35,0.9,2,0.03,0.01,0.45,0.16,6,0.5,20,0.8,,,,,,PRUNED
6949,-9999.0,2026-05-12 19:59:39.574086,2026-05-12 19:59:39.918624,0 days 00:00:00.344538,0.25,0.7,3,0.03,0.02,0.45,0.08,5,0.7,5,0.5,,,,,BEAR_RATIO < NEUTRAL_RATIO < BULL_RATIO 约束违反: 0.25 / 0.7 / 0.7,COMPLETE
6950,-0.4326231368386235,2026-05-12 19:59:39.943095,2026-05-12 19:59:45.106422,0 days 00:00:05.163327,0.45,0.8,2,0.05,0.01,0.45,0.12,6,0.5,10,0.65,,,,,,PRUNED
6951,-0.49702442564314875,2026-05-12 19:59:45.133417,2026-05-12 19:59:50.872775,0 days 00:00:05.739358,0.35,0.9,2,0.05,0.02,0.6,0.16,6,0.5,5,0.8,,,,,,PRUNED
6952,-0.5234747057625123,2026-05-12 19:59:50.902239,2026-05-12 19:59:53.820035,0 days 00:00:02.917796,0.25,0.8,4,0.05,0.01,0.45,0.08,3,0.6,5,0.5,,,,,,PRUNED
6953,-0.5668243172251127,2026-05-12 19:59:53.849332,2026-05-12 19:59:57.494755,0 days 00:00:03.645423,0.45,0.7,2,0.03,0.02,0.6,0.16,3,0.6,10,0.5,,,,,,PRUNED
6954,-9999.0,2026-05-12 19:59:57.520947,2026-05-12 19:59:57.859955,0 days 00:00:00.339008,0.45,0.7,2,0.05,0.02,0.45,0.12,6,0.7,20,0.8,,,,,BEAR_RATIO < NEUTRAL_RATIO < BULL_RATIO 约束违反: 0.45 / 0.7 / 0.7,COMPLETE
6955,-0.4587536131557126,2026-05-12 19:59:57.887781,2026-05-12 20:00:01.852641,0 days 00:00:03.964860,0.45,0.8,4,0.05,0.01,0.6,0.08,4,0.7,20,0.65,,,,,,PRUNED
6956,-0.5179924623587872,2026-05-12 20:00:01.880649,2026-05-12 20:00:02.477004,0 days 00:00:00.596355,0.45,0.7,2,0.05,0.02,0.6,0.08,6,0.5,20,0.8,-0.39108387647623727,-0.030830266507629607,0.2538171717650998,0.36025360996860767,,COMPLETE
6957,-0.4092137988646166,2026-05-12 20:00:02.502670,2026-05-12 20:00:03.877186,0 days 00:00:01.374516,0.45,0.7,2,0.05,0.02,0.6,0.08,6,0.5,10,0.8,,,,,,PRUNED
6958,-0.4442599637295372,2026-05-12 20:00:03.909566,2026-05-12 20:00:08.955902,0 days 00:00:05.046336,0.45,0.8,4,0.03,0.01,0.45,0.08,5,0.5,10,0.65,,,,,,PRUNED
6959,-0.5179924623587872,2026-05-12 20:00:08.985605,2026-05-12 20:00:09.648954,0 days 00:00:00.663349,0.45,0.7,2,0.05,0.02,0.6,0.08,6,0.5,20,0.8,-0.39108387647623727,-0.030830266507629607,0.2538171717650998,0.36025360996860767,,COMPLETE
6960,-0.4542540227270405,2026-05-12 20:00:09.679016,2026-05-12 20:00:14.826507,0 days 00:00:05.147491,0.45,0.7,4,0.03,0.02,0.6,0.12,6,0.5,20,0.8,,,,,,PRUNED
6961,-0.43333909441165963,2026-05-12 20:00:14.854168,2026-05-12 20:00:15.262169,0 days 00:00:00.408001,0.35,0.7,2,0.05,0.02,0.6,0.08,6,0.5,20,0.8,,,,,,PRUNED
6962,-0.4667017346004001,2026-05-12 20:00:15.288268,2026-05-12 20:00:19.559005,0 days 00:00:04.270737,0.35,0.8,2,0.05,0.01,0.3,0.12,4,0.6,20,0.5,,,,,,PRUNED
6963,-0.43223096142417294,2026-05-12 20:00:19.592505,2026-05-12 20:00:20.051900,0 days 00:00:00.459395,0.45,0.9,2,0.05,0.02,0.6,0.08,6,0.5,20,0.8,,,,,,PRUNED
6964,-0.5444313212746811,2026-05-12 20:00:20.082837,2026-05-12 20:00:23.525883,0 days 00:00:03.443046,0.25,0.8,2,0.05,0.02,0.6,0.16,3,0.7,5,0.8,,,,,,PRUNED
6965,-0.42314434753360175,2026-05-12 20:00:23.555453,2026-05-12 20:00:28.734324,0 days 00:00:05.178871,0.45,0.7,2,0.05,0.02,0.45,0.08,6,0.6,20,0.5,,,,,,PRUNED
6966,-0.6429730590838205,2026-05-12 20:00:28.762645,2026-05-12 20:00:32.605112,0 days 00:00:03.842467,0.35,0.8,2,0.03,0.01,0.6,0.12,3,0.7,20,0.5,,,,,,PRUNED
6967,-0.5303402509683752,2026-05-12 20:00:32.783701,2026-05-12 20:00:38.898424,0 days 00:00:06.114723,0.25,0.8,2,0.05,0.01,0.45,0.08,5,0.7,5,0.8,,,,,,PRUNED
6968,-0.5179924623587872,2026-05-12 20:00:38.925991,2026-05-12 20:00:39.567276,0 days 00:00:00.641285,0.45,0.7,2,0.05,0.02,0.6,0.08,6,0.5,20,0.8,-0.39108387647623727,-0.030830266507629607,0.2538171717650998,0.36025360996860767,,COMPLETE
6969,-0.5331792197670768,2026-05-12 20:00:39.597933,2026-05-12 20:00:44.830658,0 days 00:00:05.232725,0.35,0.8,2,0.05,0.01,0.3,0.12,4,0.7,5,0.8,,,,,,PRUNED
6970,-0.5042288263673276,2026-05-12 20:00:44.871365,2026-05-12 20:00:49.818902,0 days 00:00:04.947537,0.25,0.7,2,0.05,0.02,0.3,0.16,6,0.5,20,0.8,,,,,,PRUNED
6971,-0.4670282460020806,2026-05-12 20:00:49.849474,2026-05-12 20:00:55.560547,0 days 00:00:05.711073,0.45,0.8,2,0.05,0.01,0.6,0.16,5,0.6,5,0.8,,,,,,PRUNED
6972,-0.44696456074202173,2026-05-12 20:00:55.588544,2026-05-12 20:01:00.557802,0 days 00:00:04.969258,0.45,0.8,2,0.05,0.02,0.3,0.16,6,0.5,20,0.65,,,,,,PRUNED
6973,-0.45077535218384135,2026-05-12 20:01:00.585400,2026-05-12 20:01:06.153099,0 days 00:00:05.567699,0.45,0.9,2,0.05,0.02,0.45,0.16,6,0.5,20,0.8,,,,,,PRUNED
6974,-0.5446134895535895,2026-05-12 20:01:06.177446,2026-05-12 20:01:10.175733,0 days 00:00:03.998287,0.45,0.9,3,0.03,0.01,0.6,0.16,6,0.7,5,0.5,,,,,,PRUNED
6975,-0.4646231853299435,2026-05-12 20:01:10.210280,2026-05-12 20:01:14.182187,0 days 00:00:03.971907,0.25,0.7,2,0.05,0.01,0.6,0.12,4,0.5,20,0.8,,,,,,PRUNED
6976,-0.4393518572275016,2026-05-12 20:01:14.212318,2026-05-12 20:01:14.603928,0 days 00:00:00.391610,0.35,0.7,3,0.05,0.02,0.3,0.08,6,0.5,20,0.8,,,,,,PRUNED
6977,-0.5179924623587872,2026-05-12 20:01:14.631268,2026-05-12 20:01:15.210054,0 days 00:00:00.578786,0.45,0.7,2,0.05,0.02,0.6,0.08,6,0.5,20,0.8,-0.39108387647623727,-0.030830266507629607,0.2538171717650998,0.36025360996860767,,COMPLETE
6978,-0.44942194141884556,2026-05-12 20:01:15.236221,2026-05-12 20:01:19.407303,0 days 00:00:04.171082,0.35,0.8,3,0.05,0.01,0.3,0.08,4,0.5,20,0.65,,,,,,PRUNED
6979,-0.49135096491045493,2026-05-12 20:01:19.457964,2026-05-12 20:01:24.128522,0 days 00:00:04.670558,0.35,0.8,4,0.03,0.02,0.3,0.12,3,0.5,5,0.65,,,,,,PRUNED
6980,-0.49377035223442656,2026-05-12 20:01:24.156118,2026-05-12 20:01:29.752420,0 days 00:00:05.596302,0.35,0.8,2,0.03,0.01,0.6,0.08,6,0.7,10,0.65,,,,,,PRUNED
6981,-0.506002180435486,2026-05-12 20:01:29.779367,2026-05-12 20:01:35.088178,0 days 00:00:05.308811,0.25,0.8,3,0.05,0.02,0.6,0.12,5,0.6,10,0.65,,,,,,PRUNED
6982,-0.5179924623587872,2026-05-12 20:01:35.117527,2026-05-12 20:01:35.769801,0 days 00:00:00.652274,0.45,0.7,2,0.05,0.02,0.6,0.08,6,0.5,20,0.8,-0.39108387647623727,-0.030830266507629607,0.2538171717650998,0.36025360996860767,,COMPLETE
6983,-0.5338841629673097,2026-05-12 20:01:35.796987,2026-05-12 20:01:40.610665,0 days 00:00:04.813678,0.35,0.9,3,0.03,0.02,0.45,0.12,5,0.7,20,0.8,,,,,,PRUNED
6984,-0.5179924623587872,2026-05-12 20:01:40.640116,2026-05-12 20:01:39.626336,-1 days +23:59:58.986220,0.45,0.7,2,0.05,0.02,0.6,0.08,6,0.5,20,0.8,-0.39108387647623727,-0.030830266507629607,0.2538171717650998,0.36025360996860767,,COMPLETE
6985,-0.4318124553734489,2026-05-12 20:01:39.654124,2026-05-12 20:01:40.067214,0 days 00:00:00.413090,0.45,0.7,2,0.03,0.02,0.6,0.08,6,0.5,20,0.8,,,,,,PRUNED
6986,-9999.0,2026-05-12 20:01:40.097888,2026-05-12 20:01:40.440732,0 days 00:00:00.342844,0.25,0.7,4,0.03,0.02,0.3,0.08,4,0.7,5,0.8,,,,,BEAR_RATIO < NEUTRAL_RATIO < BULL_RATIO 约束违反: 0.25 / 0.7 / 0.7,COMPLETE
6987,-0.4194511448045569,2026-05-12 20:01:40.469990,2026-05-12 20:01:40.890873,0 days 00:00:00.420883,0.45,0.7,2,0.05,0.02,0.6,0.12,6,0.5,20,0.8,,,,,,PRUNED
6988,-9999.0,2026-05-12 20:01:40.922661,2026-05-12 20:01:41.285649,0 days 00:00:00.362988,0.35,0.7,2,0.05,0.02,0.45,0.12,4,0.7,20,0.5,,,,,BEAR_RATIO < NEUTRAL_RATIO < BULL_RATIO 约束违反: 0.35 / 0.7 / 0.7,COMPLETE
6989,-0.4249389317650294,2026-05-12 20:01:41.313767,2026-05-12 20:01:47.184946,0 days 00:00:05.871179,0.45,0.7,2,0.05,0.02,0.45,0.12,6,0.5,5,0.8,,,,,,PRUNED
6990,-9999.0,2026-05-12 20:01:47.210969,2026-05-12 20:01:47.563247,0 days 00:00:00.352278,0.45,0.7,2,0.05,0.02,0.6,0.08,6,0.7,20,0.8,,,,,BEAR_RATIO < NEUTRAL_RATIO < BULL_RATIO 约束违反: 0.45 / 0.7 / 0.7,COMPLETE
6991,-0.5278686376660402,2026-05-12 20:01:47.591835,2026-05-12 20:01:53.369295,0 days 00:00:05.777460,0.35,0.9,3,0.03,0.01,0.6,0.12,5,0.6,5,0.8,,,,,,PRUNED
6992,-0.4515569785811612,2026-05-12 20:01:53.397365,2026-05-12 20:01:58.309871,0 days 00:00:04.912506,0.35,0.7,4,0.05,0.01,0.6,0.08,5,0.5,20,0.8,,,,,,PRUNED
6993,-0.5179924623587872,2026-05-12 20:01:58.341239,2026-05-12 20:01:59.000908,0 days 00:00:00.659669,0.45,0.7,2,0.05,0.02,0.6,0.08,6,0.5,20,0.8,-0.39108387647623727,-0.030830266507629607,0.2538171717650998,0.36025360996860767,,COMPLETE
