number,value,datetime_start,datetime_complete,duration,params_BEAR_RATIO,params_BULL_RATIO,params_GRID_MAX_LAYER,params_GRID_STEP_MAX,params_GRID_STEP_MIN,params_GRID_STEP_VOL_FACTOR,params_LAYER_FRACTION,params_MAX_HOLD,params_NEUTRAL_RATIO,params_REBALANCE_FREQ,params_VOL_WEIGHT,user_attrs_avg_test_score,user_attrs_avg_train_score,user_attrs_test_score_std,user_attrs_train_test_gap,user_attrs_validation_error,state
6632,-0.5179924623587872,2026-05-12 19:44:17.833664,2026-05-12 19:44:18.525945,0 days 00:00:00.692281,0.45,0.7,2,0.05,0.02,0.6,0.08,6,0.5,20,0.8,-0.39108387647623727,-0.030830266507629607,0.2538171717650998,0.36025360996860767,,COMPLETE
6633,-0.5179924623587872,2026-05-12 19:44:18.555983,2026-05-12 19:44:19.220022,0 days 00:00:00.664039,0.45,0.7,2,0.05,0.02,0.6,0.08,6,0.5,20,0.8,-0.39108387647623727,-0.030830266507629607,0.2538171717650998,0.36025360996860767,,COMPLETE
6634,-0.46356680856336274,2026-05-12 19:44:19.250367,2026-05-12 19:44:24.309804,0 days 00:00:05.059437,0.35,0.7,2,0.05,0.01,0.3,0.16,6,0.5,20,0.8,,,,,,PRUNED
6635,-0.5489670095987699,2026-05-12 19:44:24.339753,2026-05-12 19:44:29.395314,0 days 00:00:05.055561,0.45,0.9,3,0.03,0.02,0.45,0.12,4,0.7,5,0.65,,,,,,PRUNED
6636,-0.4562220041702517,2026-05-12 19:44:29.422170,2026-05-12 19:44:33.705340,0 days 00:00:04.283170,0.45,0.8,4,0.05,0.01,0.3,0.08,4,0.6,10,0.65,,,,,,PRUNED
6637,-0.48734020619227375,2026-05-12 19:44:33.733909,2026-05-12 19:44:38.603428,0 days 00:00:04.869519,0.35,0.7,3,0.03,0.01,0.45,0.12,5,0.6,10,0.65,,,,,,PRUNED
6638,-0.5179924623587872,2026-05-12 19:44:38.628359,2026-05-12 19:44:39.236889,0 days 00:00:00.608530,0.45,0.7,2,0.05,0.02,0.6,0.08,6,0.5,20,0.8,-0.39108387647623727,-0.030830266507629607,0.2538171717650998,0.36025360996860767,,COMPLETE
6639,-0.5179924623587872,2026-05-12 19:44:39.263281,2026-05-12 19:44:39.841143,0 days 00:00:00.577862,0.45,0.7,2,0.05,0.02,0.6,0.08,6,0.5,20,0.8,-0.39108387647623727,-0.030830266507629607,0.2538171717650998,0.36025360996860767,,COMPLETE
6640,-0.5298381211850296,2026-05-12 19:44:39.872434,2026-05-12 19:44:44.738352,0 days 00:00:04.865918,0.35,0.8,3,0.03,0.02,0.45,0.12,4,0.5,5,0.8,,,,,,PRUNED
6641,-0.4750226331851866,2026-05-12 19:44:44.762384,2026-05-12 19:44:48.817831,0 days 00:00:04.055447,0.45,0.9,3,0.05,0.01,0.45,0.16,4,0.6,10,0.5,,,,,,PRUNED
6642,-0.4194511448045569,2026-05-12 19:44:48.844998,2026-05-12 19:44:49.252375,0 days 00:00:00.407377,0.45,0.7,2,0.05,0.02,0.6,0.12,6,0.5,20,0.8,,,,,,PRUNED
6643,-0.5643496605030226,2026-05-12 19:44:49.277834,2026-05-12 19:44:53.021174,0 days 00:00:03.743340,0.35,0.9,2,0.03,0.01,0.45,0.12,3,0.5,10,0.8,,,,,,PRUNED
6644,-9999.0,2026-05-12 19:44:53.049130,2026-05-12 19:44:53.382597,0 days 00:00:00.333467,0.35,0.7,2,0.05,0.01,0.6,0.08,3,0.7,10,0.5,,,,,BEAR_RATIO < NEUTRAL_RATIO < BULL_RATIO 约束违反: 0.35 / 0.7 / 0.7,COMPLETE
6645,-0.49185873194913166,2026-05-12 19:44:53.411356,2026-05-12 19:44:57.786789,0 days 00:00:04.375433,0.45,0.9,4,0.05,0.01,0.45,0.12,3,0.7,5,0.65,,,,,,PRUNED
6646,-0.42743124794033643,2026-05-12 19:44:57.814002,2026-05-12 19:44:58.328997,0 days 00:00:00.514995,0.45,0.7,4,0.05,0.02,0.6,0.08,6,0.6,20,0.8,,,,,,PRUNED
6647,-0.5182406672588966,2026-05-12 19:44:58.357621,2026-05-12 19:44:58.941292,0 days 00:00:00.583671,0.45,0.7,2,0.05,0.02,0.45,0.08,6,0.5,20,0.8,-0.3910743597599139,-0.030648087966744914,0.25433261499796533,0.360426271793169,,COMPLETE
6648,-0.5715107846558711,2026-05-12 19:44:58.969500,2026-05-12 19:44:59.379136,0 days 00:00:00.409636,0.45,0.7,2,0.05,0.02,0.6,0.08,3,0.5,20,0.8,,,,,,PRUNED
6649,-0.5179924623587872,2026-05-12 19:44:59.407539,2026-05-12 19:44:59.959975,0 days 00:00:00.552436,0.45,0.7,2,0.05,0.02,0.6,0.08,6,0.5,20,0.8,-0.39108387647623727,-0.030830266507629607,0.2538171717650998,0.36025360996860767,,COMPLETE
6650,-0.4719507107357766,2026-05-12 19:44:59.991769,2026-05-12 19:45:04.240421,0 days 00:00:04.248652,0.35,0.7,2,0.05,0.02,0.6,0.08,3,0.6,5,0.8,,,,,,PRUNED
6651,-0.42890523465356684,2026-05-12 19:45:04.268908,2026-05-12 19:45:09.409069,0 days 00:00:05.140161,0.45,0.7,3,0.05,0.02,0.3,0.08,6,0.6,10,0.8,,,,,,PRUNED
6652,-0.43962255678937917,2026-05-12 19:45:09.434649,2026-05-12 19:45:13.542191,0 days 00:00:04.107542,0.45,0.7,2,0.05,0.02,0.3,0.12,6,0.6,20,0.8,,,,,,PRUNED
6653,-0.4555295252691309,2026-05-12 19:45:13.570620,2026-05-12 19:45:19.460120,0 days 00:00:05.889500,0.45,0.9,2,0.05,0.01,0.6,0.12,5,0.5,20,0.8,,,,,,PRUNED
6654,-0.5179924623587872,2026-05-12 19:45:19.485953,2026-05-12 19:45:20.096729,0 days 00:00:00.610776,0.45,0.7,2,0.05,0.02,0.6,0.08,6,0.5,20,0.8,-0.39108387647623727,-0.030830266507629607,0.2538171717650998,0.36025360996860767,,COMPLETE
6655,-0.4318124553734489,2026-05-12 19:45:20.122214,2026-05-12 19:45:20.515295,0 days 00:00:00.393081,0.45,0.7,2,0.03,0.02,0.6,0.08,6,0.5,20,0.8,,,,,,PRUNED
6656,-0.5179924623587872,2026-05-12 19:45:20.543452,2026-05-12 19:45:21.131525,0 days 00:00:00.588073,0.45,0.7,2,0.05,0.02,0.6,0.08,6,0.5,20,0.8,-0.39108387647623727,-0.030830266507629607,0.2538171717650998,0.36025360996860767,,COMPLETE
6657,-0.5724129033746669,2026-05-12 19:45:21.157735,2026-05-12 19:45:26.856380,0 days 00:00:05.698645,0.25,0.9,4,0.05,0.01,0.6,0.16,6,0.7,5,0.5,,,,,,PRUNED
6658,-0.421366069161807,2026-05-12 19:45:26.886297,2026-05-12 19:45:31.794396,0 days 00:00:04.908099,0.45,0.7,3,0.05,0.02,0.6,0.12,6,0.5,20,0.65,,,,,,PRUNED
6659,-0.5768057260562577,2026-05-12 19:45:31.821078,2026-05-12 19:45:37.979396,0 days 00:00:06.158318,0.25,0.8,2,0.03,0.01,0.3,0.12,6,0.7,5,0.5,,,,,,PRUNED
6660,-0.5179924623587872,2026-05-12 19:45:38.035669,2026-05-12 19:45:38.665209,0 days 00:00:00.629540,0.45,0.7,2,0.05,0.02,0.6,0.08,6,0.5,20,0.5,-0.39108387647623727,-0.030830266507629607,0.2538171717650998,0.36025360996860767,,COMPLETE
6661,-0.425474202394543,2026-05-12 19:45:38.693802,2026-05-12 19:45:43.005110,0 days 00:00:04.311308,0.45,0.7,3,0.05,0.02,0.3,0.08,4,0.5,20,0.8,,,,,,PRUNED
6662,-9999.0,2026-05-12 19:45:43.035805,2026-05-12 19:45:42.480102,-1 days +23:59:59.444297,0.35,0.7,2,0.05,0.01,0.45,0.08,4,0.7,5,0.5,,,,,BEAR_RATIO < NEUTRAL_RATIO < BULL_RATIO 约束违反: 0.35 / 0.7 / 0.7,COMPLETE
6663,-0.625145555847933,2026-05-12 19:45:42.507891,2026-05-12 19:45:46.200355,0 days 00:00:03.692464,0.25,0.9,4,0.05,0.01,0.45,0.16,3,0.5,20,0.8,,,,,,PRUNED
6664,-0.5179924623587872,2026-05-12 19:45:46.226419,2026-05-12 19:45:46.847296,0 days 00:00:00.620877,0.45,0.7,2,0.05,0.02,0.6,0.08,6,0.5,20,0.65,-0.39108387647623727,-0.030830266507629607,0.2538171717650998,0.36025360996860767,,COMPLETE
6665,-0.5179924623587872,2026-05-12 19:45:46.874850,2026-05-12 19:45:47.532039,0 days 00:00:00.657189,0.45,0.7,2,0.05,0.02,0.6,0.08,6,0.5,20,0.8,-0.39108387647623727,-0.030830266507629607,0.2538171717650998,0.36025360996860767,,COMPLETE
6666,-0.44390442002332425,2026-05-12 19:45:47.563253,2026-05-12 19:45:52.657834,0 days 00:00:05.094581,0.45,0.8,2,0.03,0.01,0.6,0.08,6,0.5,20,0.8,,,,,,PRUNED
6667,-0.5001643039969732,2026-05-12 19:45:52.685087,2026-05-12 19:45:57.363135,0 days 00:00:04.678048,0.45,0.9,2,0.03,0.02,0.3,0.16,3,0.6,5,0.8,,,,,,PRUNED
6668,-0.5179924623587872,2026-05-12 19:45:57.392897,2026-05-12 19:45:58.029867,0 days 00:00:00.636970,0.45,0.7,2,0.05,0.01,0.6,0.08,6,0.5,20,0.8,-0.39108387647623727,-0.030830266507629607,0.2538171717650998,0.36025360996860767,,COMPLETE
6669,-0.5201241645105662,2026-05-12 19:45:58.060429,2026-05-12 19:46:04.285262,0 days 00:00:06.224833,0.25,0.7,2,0.05,0.01,0.45,0.12,6,0.6,5,0.65,,,,,,PRUNED
6670,-0.5043883957480864,2026-05-12 19:46:04.318620,2026-05-12 19:46:09.364288,0 days 00:00:05.045668,0.45,0.8,4,0.05,0.02,0.6,0.12,4,0.6,5,0.65,,,,,,PRUNED
6671,-0.499305698164995,2026-05-12 19:46:09.390914,2026-05-12 19:46:13.755873,0 days 00:00:04.364959,0.25,0.8,4,0.03,0.01,0.45,0.08,4,0.6,10,0.8,,,,,,PRUNED
6672,-0.5179924623587872,2026-05-12 19:46:13.781453,2026-05-12 19:46:14.341028,0 days 00:00:00.559575,0.45,0.7,2,0.05,0.02,0.6,0.08,6,0.5,20,0.8,-0.39108387647623727,-0.030830266507629607,0.2538171717650998,0.36025360996860767,,COMPLETE
6673,-0.5670120474268804,2026-05-12 19:46:14.369371,2026-05-12 19:46:18.259370,0 days 00:00:03.889999,0.25,0.8,3,0.03,0.02,0.3,0.16,6,0.6,20,0.8,,,,,,PRUNED
6674,-0.4775039028511857,2026-05-12 19:46:18.285527,2026-05-12 19:46:18.689487,0 days 00:00:00.403960,0.45,0.7,2,0.03,0.02,0.6,0.16,6,0.5,20,0.8,,,,,,PRUNED
6675,-0.455684542406375,2026-05-12 19:46:18.714520,2026-05-12 19:46:23.692748,0 days 00:00:04.978228,0.35,0.7,4,0.03,0.02,0.3,0.08,5,0.5,10,0.65,,,,,,PRUNED
6676,-0.5112618472468354,2026-05-12 19:46:23.720215,2026-05-12 19:46:28.330862,0 days 00:00:04.610647,0.35,0.8,4,0.05,0.01,0.6,0.12,3,0.7,5,0.5,,,,,,PRUNED
6677,-0.5530416685444296,2026-05-12 19:46:28.355221,2026-05-12 19:46:32.414241,0 days 00:00:04.059020,0.45,0.9,3,0.03,0.02,0.45,0.12,3,0.5,10,0.5,,,,,,PRUNED
6678,-0.5150385765423984,2026-05-12 19:46:32.443423,2026-05-12 19:46:37.773169,0 days 00:00:05.329746,0.45,0.9,3,0.03,0.02,0.6,0.16,6,0.6,20,0.8,,,,,,PRUNED
6679,-0.5358135134551889,2026-05-12 19:46:37.802646,2026-05-12 19:46:42.899677,0 days 00:00:05.097031,0.25,0.9,3,0.05,0.01,0.45,0.16,5,0.6,20,0.5,,,,,,PRUNED
6680,-0.464857115919566,2026-05-12 19:46:42.930070,2026-05-12 19:46:47.748042,0 days 00:00:04.817972,0.45,0.8,4,0.05,0.01,0.45,0.12,5,0.6,20,0.65,,,,,,PRUNED
6681,-0.410125315542252,2026-05-12 19:46:47.774119,2026-05-12 19:46:48.181377,0 days 00:00:00.407258,0.45,0.7,4,0.05,0.02,0.6,0.08,6,0.5,20,0.8,,,,,,PRUNED
6682,-0.5427216641520631,2026-05-12 19:46:48.208029,2026-05-12 19:46:53.441493,0 days 00:00:05.233464,0.25,0.7,3,0.03,0.01,0.45,0.16,6,0.5,10,0.5,,,,,,PRUNED
6683,-0.43768228682974797,2026-05-12 19:46:53.470537,2026-05-12 19:46:57.473569,0 days 00:00:04.003032,0.45,0.7,3,0.05,0.01,0.3,0.08,4,0.6,20,0.8,,,,,,PRUNED
6684,-0.4242910183560481,2026-05-12 19:46:57.501638,2026-05-12 19:46:57.900268,0 days 00:00:00.398630,0.45,0.7,2,0.05,0.02,0.6,0.08,5,0.5,20,0.8,,,,,,PRUNED
6685,-0.5141235992626895,2026-05-12 19:46:57.925519,2026-05-12 19:46:59.912631,0 days 00:00:01.987112,0.45,0.7,3,0.05,0.02,0.3,0.08,3,0.5,10,0.8,,,,,,PRUNED
6686,-0.4799986200151193,2026-05-12 19:46:59.938316,2026-05-12 19:47:04.479144,0 days 00:00:04.540828,0.25,0.7,3,0.05,0.01,0.3,0.08,6,0.5,20,0.8,,,,,,PRUNED
6687,-0.45025880891973635,2026-05-12 19:47:04.502723,2026-05-12 19:47:10.110284,0 days 00:00:05.607561,0.45,0.8,2,0.05,0.01,0.6,0.16,6,0.5,5,0.65,,,,,,PRUNED
6688,-9999.0,2026-05-12 19:47:10.141662,2026-05-12 19:47:10.499923,0 days 00:00:00.358261,0.25,0.7,4,0.05,0.02,0.45,0.08,3,0.7,5,0.5,,,,,BEAR_RATIO < NEUTRAL_RATIO < BULL_RATIO 约束违反: 0.25 / 0.7 / 0.7,COMPLETE
6689,-0.5179924623587872,2026-05-12 19:47:10.532223,2026-05-12 19:47:11.152284,0 days 00:00:00.620061,0.45,0.7,2,0.05,0.02,0.6,0.08,6,0.5,20,0.8,-0.39108387647623727,-0.030830266507629607,0.2538171717650998,0.36025360996860767,,COMPLETE
6690,-0.4610906839589072,2026-05-12 19:47:11.184690,2026-05-12 19:47:17.386833,0 days 00:00:06.202143,0.35,0.7,2,0.05,0.01,0.3,0.12,5,0.6,10,0.8,,,,,,PRUNED
6691,-0.556356603464372,2026-05-12 19:47:17.416105,2026-05-12 19:47:23.369049,0 days 00:00:05.952944,0.25,0.9,4,0.05,0.01,0.3,0.16,5,0.6,5,0.65,,,,,,PRUNED
6692,-0.5092695352289461,2026-05-12 19:47:23.397754,2026-05-12 19:47:29.309502,0 days 00:00:05.911748,0.35,0.9,3,0.05,0.02,0.45,0.08,5,0.7,5,0.65,,,,,,PRUNED
6693,-9999.0,2026-05-12 19:47:29.340174,2026-05-12 19:47:29.712106,0 days 00:00:00.371932,0.45,0.7,4,0.05,0.02,0.45,0.08,5,0.7,20,0.65,,,,,BEAR_RATIO < NEUTRAL_RATIO < BULL_RATIO 约束违反: 0.45 / 0.7 / 0.7,COMPLETE
6694,-0.4847937313268615,2026-05-12 19:47:29.743278,2026-05-12 19:47:32.765809,0 days 00:00:03.022531,0.25,0.8,3,0.05,0.02,0.6,0.12,4,0.6,20,0.5,,,,,,PRUNED
6695,-0.5179924623587872,2026-05-12 19:47:32.793807,2026-05-12 19:47:33.441120,0 days 00:00:00.647313,0.45,0.7,2,0.05,0.02,0.6,0.08,6,0.5,20,0.8,-0.39108387647623727,-0.030830266507629607,0.2538171717650998,0.36025360996860767,,COMPLETE
6696,-0.4092788272711371,2026-05-12 19:47:33.469059,2026-05-12 19:47:33.900315,0 days 00:00:00.431256,0.45,0.7,3,0.05,0.02,0.6,0.08,6,0.5,20,0.8,,,,,,PRUNED
6697,-0.47098626225151796,2026-05-12 19:47:33.930170,2026-05-12 19:47:39.235222,0 days 00:00:05.305052,0.45,0.9,2,0.03,0.02,0.6,0.08,6,0.6,20,0.8,,,,,,PRUNED
6698,-0.5128546616879478,2026-05-12 19:47:39.260840,2026-05-12 19:47:44.399189,0 days 00:00:05.138349,0.25,0.8,3,0.03,0.02,0.6,0.08,5,0.6,10,0.5,,,,,,PRUNED
6699,-9999.0,2026-05-12 19:47:44.427145,2026-05-12 19:47:44.783449,0 days 00:00:00.356304,0.45,0.7,4,0.05,0.02,0.6,0.08,6,0.7,20,0.8,,,,,BEAR_RATIO < NEUTRAL_RATIO < BULL_RATIO 约束违反: 0.45 / 0.7 / 0.7,COMPLETE
6700,-0.47789242760884154,2026-05-12 19:47:44.810083,2026-05-12 19:47:49.264880,0 days 00:00:04.454797,0.25,0.8,4,0.05,0.01,0.45,0.08,4,0.5,10,0.5,,,,,,PRUNED
6701,-0.47683977149541507,2026-05-12 19:47:49.291684,2026-05-12 19:47:54.699879,0 days 00:00:05.408195,0.35,0.8,3,0.05,0.01,0.45,0.08,5,0.7,10,0.5,,,,,,PRUNED
6702,-0.5608927864123167,2026-05-12 19:47:54.725447,2026-05-12 19:47:58.586438,0 days 00:00:03.860991,0.25,0.8,2,0.05,0.02,0.6,0.12,3,0.6,10,0.8,,,,,,PRUNED
6703,-0.4754344320670818,2026-05-12 19:47:58.614538,2026-05-12 19:48:03.655918,0 days 00:00:05.041380,0.35,0.8,2,0.05,0.01,0.45,0.08,5,0.7,10,0.5,,,,,,PRUNED
6704,-0.47993787357711537,2026-05-12 19:48:03.683744,2026-05-12 19:48:09.517810,0 days 00:00:05.834066,0.35,0.8,3,0.05,0.01,0.3,0.12,6,0.5,5,0.8,,,,,,PRUNED
6705,-0.48527261976988706,2026-05-12 19:48:09.548210,2026-05-12 19:48:15.795284,0 days 00:00:06.247074,0.45,0.9,4,0.03,0.02,0.6,0.08,6,0.7,10,0.65,,,,,,PRUNED
6706,-0.5485865072012895,2026-05-12 19:48:15.823538,2026-05-12 19:48:17.483014,0 days 00:00:01.659476,0.25,0.7,3,0.05,0.01,0.6,0.08,3,0.6,10,0.8,,,,,,PRUNED
6707,-0.5379468871996147,2026-05-12 19:48:17.511682,2026-05-12 19:48:21.272850,0 days 00:00:03.761168,0.45,0.8,4,0.03,0.02,0.3,0.08,3,0.5,10,0.65,,,,,,PRUNED
6708,-0.5179924623587872,2026-05-12 19:48:21.299970,2026-05-12 19:48:21.871655,0 days 00:00:00.571685,0.45,0.7,2,0.05,0.02,0.6,0.08,6,0.5,20,0.8,-0.39108387647623727,-0.030830266507629607,0.2538171717650998,0.36025360996860767,,COMPLETE
6709,-0.5179924623587872,2026-05-12 19:48:21.901603,2026-05-12 19:48:22.467286,0 days 00:00:00.565683,0.45,0.7,2,0.05,0.02,0.6,0.08,6,0.5,20,0.8,-0.39108387647623727,-0.030830266507629607,0.2538171717650998,0.36025360996860767,,COMPLETE
6710,-0.4279316684839661,2026-05-12 19:48:22.493863,2026-05-12 19:48:28.535937,0 days 00:00:06.042074,0.45,0.8,2,0.05,0.02,0.45,0.08,6,0.5,5,0.8,,,,,,PRUNED
6711,-0.4827986204844878,2026-05-12 19:48:28.562632,2026-05-12 19:48:34.286257,0 days 00:00:05.723625,0.35,0.9,2,0.05,0.01,0.6,0.12,5,0.5,5,0.5,,,,,,PRUNED
6712,-0.47119754972919226,2026-05-12 19:48:34.313868,2026-05-12 19:48:39.428435,0 days 00:00:05.114567,0.35,0.8,4,0.03,0.02,0.45,0.08,6,0.5,20,0.65,,,,,,PRUNED
6713,-0.4243264077279599,2026-05-12 19:48:39.454083,2026-05-12 19:48:44.424197,0 days 00:00:04.970114,0.45,0.8,2,0.05,0.02,0.45,0.08,5,0.5,10,0.8,,,,,,PRUNED
6714,-0.6212467935642223,2026-05-12 19:48:44.450520,2026-05-12 19:48:47.911521,0 days 00:00:03.461001,0.25,0.7,3,0.05,0.02,0.45,0.16,3,0.6,20,0.8,,,,,,PRUNED
6715,-0.4458112622641619,2026-05-12 19:48:47.940575,2026-05-12 19:48:53.899077,0 days 00:00:05.958502,0.35,0.7,2,0.05,0.01,0.45,0.08,6,0.5,5,0.8,,,,,,PRUNED
6716,-0.5179924623587872,2026-05-12 19:48:53.924993,2026-05-12 19:48:54.539311,0 days 00:00:00.614318,0.45,0.7,2,0.05,0.02,0.6,0.08,6,0.5,20,0.8,-0.39108387647623727,-0.030830266507629607,0.2538171717650998,0.36025360996860767,,COMPLETE
6717,-0.47205442404404696,2026-05-12 19:48:54.567082,2026-05-12 19:48:59.590192,0 days 00:00:05.023110,0.45,0.7,3,0.05,0.01,0.6,0.12,4,0.5,5,0.8,,,,,,PRUNED
6718,-9999.0,2026-05-12 19:48:59.617522,2026-05-12 19:48:59.968935,0 days 00:00:00.351413,0.45,0.7,2,0.05,0.02,0.45,0.12,6,0.7,20,0.5,,,,,BEAR_RATIO < NEUTRAL_RATIO < BULL_RATIO 约束违反: 0.45 / 0.7 / 0.7,COMPLETE
6719,-0.4237402173189843,2026-05-12 19:48:59.996861,2026-05-12 19:49:00.411207,0 days 00:00:00.414346,0.45,0.7,3,0.05,0.02,0.6,0.08,4,0.5,20,0.8,,,,,,PRUNED
6720,-0.5179924623587872,2026-05-12 19:49:00.440214,2026-05-12 19:49:01.048339,0 days 00:00:00.608125,0.45,0.7,2,0.05,0.02,0.6,0.08,6,0.5,20,0.8,-0.39108387647623727,-0.030830266507629607,0.2538171717650998,0.36025360996860767,,COMPLETE
6721,-0.4946167612931193,2026-05-12 19:49:01.075410,2026-05-12 19:49:06.042665,0 days 00:00:04.967255,0.45,0.7,4,0.03,0.01,0.45,0.16,6,0.6,20,0.65,,,,,,PRUNED
6722,-0.6309009534138199,2026-05-12 19:49:06.069862,2026-05-12 19:49:09.488098,0 days 00:00:03.418236,0.35,0.8,2,0.05,0.02,0.45,0.16,3,0.7,20,0.8,,,,,,PRUNED
6723,-0.5730010624940768,2026-05-12 19:49:09.519789,2026-05-12 19:49:09.912921,0 days 00:00:00.393132,0.45,0.7,3,0.05,0.02,0.6,0.08,3,0.5,20,0.8,,,,,,PRUNED
6724,-0.4462361466175162,2026-05-12 19:49:09.939472,2026-05-12 19:49:14.919838,0 days 00:00:04.980366,0.35,0.7,3,0.05,0.01,0.6,0.12,4,0.5,20,0.65,,,,,,PRUNED
6725,-0.5097093630806859,2026-05-12 19:49:14.946622,2026-05-12 19:49:19.790800,0 days 00:00:04.844178,0.25,0.9,4,0.05,0.01,0.3,0.08,5,0.6,10,0.8,,,,,,PRUNED
6726,-0.4221640008750966,2026-05-12 19:49:19.814000,2026-05-12 19:49:20.199691,0 days 00:00:00.385691,0.45,0.8,3,0.05,0.02,0.6,0.08,6,0.5,20,0.5,,,,,,PRUNED
6727,-0.47605831865861825,2026-05-12 19:49:20.223676,2026-05-12 19:49:22.560998,0 days 00:00:02.337322,0.35,0.9,3,0.05,0.02,0.6,0.08,3,0.5,5,0.8,,,,,,PRUNED
6728,-0.5179924623587872,2026-05-12 19:49:22.587480,2026-05-12 19:49:23.110274,0 days 00:00:00.522794,0.45,0.7,2,0.05,0.02,0.6,0.08,6,0.5,20,0.8,-0.39108387647623727,-0.030830266507629607,0.2538171717650998,0.36025360996860767,,COMPLETE
6729,-0.4590777193041276,2026-05-12 19:49:23.133911,2026-05-12 19:49:27.407726,0 days 00:00:04.273815,0.45,0.8,4,0.03,0.01,0.3,0.08,5,0.5,20,0.8,,,,,,PRUNED
6730,-0.4761282223579654,2026-05-12 19:49:27.434897,2026-05-12 19:49:32.294685,0 days 00:00:04.859788,0.35,0.8,3,0.05,0.02,0.45,0.12,6,0.6,20,0.8,,,,,,PRUNED
6731,-0.47027077617388674,2026-05-12 19:49:32.321315,2026-05-12 19:49:36.391293,0 days 00:00:04.069978,0.25,0.7,3,0.05,0.01,0.3,0.12,4,0.5,20,0.65,,,,,,PRUNED
6732,-0.5179924623587872,2026-05-12 19:49:36.419686,2026-05-12 19:49:37.081131,0 days 00:00:00.661445,0.45,0.7,2,0.05,0.02,0.6,0.08,6,0.5,20,0.8,-0.39108387647623727,-0.030830266507629607,0.2538171717650998,0.36025360996860767,,COMPLETE
6733,-0.4753538261320024,2026-05-12 19:49:37.108533,2026-05-12 19:49:42.469773,0 days 00:00:05.361240,0.35,0.7,4,0.03,0.01,0.6,0.08,6,0.6,20,0.5,,,,,,PRUNED
6734,-0.4082686481911698,2026-05-12 19:49:42.499322,2026-05-12 19:49:42.920571,0 days 00:00:00.421249,0.45,0.7,2,0.05,0.02,0.45,0.08,6,0.5,10,0.8,,,,,,PRUNED
6735,-9999.0,2026-05-12 19:49:42.952166,2026-05-12 19:49:43.272273,0 days 00:00:00.320107,0.45,0.7,2,0.05,0.02,0.45,0.08,3,0.7,20,0.5,,,,,BEAR_RATIO < NEUTRAL_RATIO < BULL_RATIO 约束违反: 0.45 / 0.7 / 0.7,COMPLETE
6736,-0.5796244337664276,2026-05-12 19:49:43.302925,2026-05-12 19:49:48.658482,0 days 00:00:05.355557,0.25,0.9,4,0.03,0.01,0.3,0.08,4,0.7,5,0.8,,,,,,PRUNED
6737,-0.5155058152892837,2026-05-12 19:49:48.689177,2026-05-12 19:49:53.330884,0 days 00:00:04.641707,0.25,0.7,3,0.03,0.01,0.3,0.16,4,0.6,10,0.65,,,,,,PRUNED
6738,-0.4855070437808763,2026-05-12 19:49:53.357580,2026-05-12 19:49:58.539619,0 days 00:00:05.182039,0.35,0.8,2,0.03,0.02,0.3,0.08,6,0.6,20,0.8,,,,,,PRUNED
6739,-0.5179924623587872,2026-05-12 19:49:58.566603,2026-05-12 19:49:59.135188,0 days 00:00:00.568585,0.45,0.7,2,0.05,0.02,0.6,0.08,6,0.5,20,0.8,-0.39108387647623727,-0.030830266507629607,0.2538171717650998,0.36025360996860767,,COMPLETE
6740,-0.5493428584430152,2026-05-12 19:49:59.162118,2026-05-12 19:50:04.495188,0 days 00:00:05.333070,0.25,0.9,4,0.03,0.02,0.3,0.12,6,0.5,10,0.65,,,,,,PRUNED
6741,-0.5001607975044355,2026-05-12 19:50:04.524076,2026-05-12 19:50:10.087270,0 days 00:00:05.563194,0.45,0.9,2,0.03,0.02,0.6,0.16,6,0.5,20,0.8,,,,,,PRUNED
6742,-0.47043809690593774,2026-05-12 19:50:10.111432,2026-05-12 19:50:15.143013,0 days 00:00:05.031581,0.45,0.7,2,0.05,0.02,0.6,0.12,4,0.5,5,0.5,,,,,,PRUNED
6743,-0.6060096006500417,2026-05-12 19:50:15.169423,2026-05-12 19:50:18.476922,0 days 00:00:03.307499,0.25,0.8,3,0.05,0.02,0.6,0.08,3,0.5,20,0.8,,,,,,PRUNED
6744,-0.47441457244516044,2026-05-12 19:50:18.501808,2026-05-12 19:50:18.895899,0 days 00:00:00.394091,0.25,0.7,2,0.05,0.02,0.6,0.08,6,0.5,20,0.8,,,,,,PRUNED
6745,-0.5172732449077078,2026-05-12 19:50:18.922682,2026-05-12 19:50:23.479746,0 days 00:00:04.557064,0.35,0.9,3,0.05,0.01,0.45,0.16,5,0.7,20,0.8,,,,,,PRUNED
6746,-0.4213231947291116,2026-05-12 19:50:23.506172,2026-05-12 19:50:23.885662,0 days 00:00:00.379490,0.45,0.7,2,0.05,0.02,0.6,0.08,4,0.5,20,0.8,,,,,,PRUNED
6747,-9999.0,2026-05-12 19:50:23.913841,2026-05-12 19:50:24.226531,0 days 00:00:00.312690,0.45,0.7,4,0.03,0.01,0.3,0.08,4,0.7,20,0.8,,,,,BEAR_RATIO < NEUTRAL_RATIO < BULL_RATIO 约束违反: 0.45 / 0.7 / 0.7,COMPLETE
6748,-0.47805881185671306,2026-05-12 19:50:24.255687,2026-05-12 19:50:29.036512,0 days 00:00:04.780825,0.25,0.7,2,0.05,0.02,0.3,0.08,6,0.5,20,0.65,,,,,,PRUNED
6749,-0.45708332377091465,2026-05-12 19:50:29.062935,2026-05-12 19:50:32.589524,0 days 00:00:03.526589,0.35,0.9,2,0.05,0.02,0.45,0.08,6,0.5,20,0.65,,,,,,PRUNED
6750,-0.4872999096479888,2026-05-12 19:50:32.617707,2026-05-12 19:50:36.877450,0 days 00:00:04.259743,0.35,0.8,2,0.05,0.02,0.3,0.16,4,0.7,10,0.65,,,,,,PRUNED
6751,-0.5441462472934463,2026-05-12 19:50:36.901926,2026-05-12 19:50:42.083003,0 days 00:00:05.181077,0.25,0.7,2,0.03,0.02,0.45,0.16,6,0.5,20,0.8,,,,,,PRUNED
6752,-0.5043739216452203,2026-05-12 19:50:42.112240,2026-05-12 19:50:48.005802,0 days 00:00:05.893562,0.35,0.8,4,0.05,0.01,0.45,0.16,5,0.6,5,0.8,,,,,,PRUNED
6753,-0.42357363260304626,2026-05-12 19:50:48.035308,2026-05-12 19:50:48.462841,0 days 00:00:00.427533,0.45,0.7,2,0.05,0.02,0.6,0.08,6,0.6,20,0.8,,,,,,PRUNED
