number,value,datetime_start,datetime_complete,duration,params_BEAR_RATIO,params_BULL_RATIO,params_GRID_MAX_LAYER,params_GRID_STEP_MAX,params_GRID_STEP_MIN,params_GRID_STEP_VOL_FACTOR,params_LAYER_FRACTION,params_MAX_HOLD,params_NEUTRAL_RATIO,params_REBALANCE_FREQ,params_VOL_WEIGHT,user_attrs_avg_test_score,user_attrs_avg_train_score,user_attrs_test_score_std,user_attrs_train_test_gap,user_attrs_validation_error,state
2210,-0.5179924623587872,2026-05-12 16:03:14.772778,2026-05-12 16:03:15.308244,0 days 00:00:00.535466,0.45,0.7,2,0.05,0.02,0.6,0.08,6,0.5,20,0.8,-0.39108387647623727,-0.030830266507629607,0.2538171717650998,0.36025360996860767,,COMPLETE
2211,-0.4578296361284331,2026-05-12 16:03:15.332625,2026-05-12 16:03:15.670531,0 days 00:00:00.337906,0.35,0.7,2,0.03,0.02,0.6,0.08,6,0.5,20,0.8,,,,,,PRUNED
2212,-0.5793040357225746,2026-05-12 16:03:15.695419,2026-05-12 16:03:21.171183,0 days 00:00:05.475764,0.25,0.9,4,0.03,0.02,0.45,0.12,5,0.7,5,0.8,,,,,,PRUNED
2213,-0.5109981970859839,2026-05-12 16:03:21.196423,2026-05-12 16:03:27.025910,0 days 00:00:05.829487,0.45,0.8,3,0.03,0.01,0.45,0.08,4,0.6,5,0.8,,,,,,PRUNED
2214,-0.5663915797466786,2026-05-12 16:03:27.051447,2026-05-12 16:03:30.886154,0 days 00:00:03.834707,0.35,0.9,3,0.03,0.02,0.3,0.08,3,0.6,10,0.8,,,,,,PRUNED
2215,-0.41425741193738236,2026-05-12 16:03:30.912687,2026-05-12 16:03:31.259042,0 days 00:00:00.346355,0.45,0.7,2,0.05,0.02,0.6,0.08,6,0.5,5,0.8,,,,,,PRUNED
2216,-9999.0,2026-05-12 16:03:31.283063,2026-05-12 16:03:31.557327,0 days 00:00:00.274264,0.25,0.7,2,0.03,0.01,0.6,0.12,5,0.7,5,0.8,,,,,BEAR_RATIO < NEUTRAL_RATIO < BULL_RATIO 约束违反: 0.25 / 0.7 / 0.7,COMPLETE
2217,-9999.0,2026-05-12 16:03:31.584879,2026-05-12 16:03:31.857264,0 days 00:00:00.272385,0.25,0.7,3,0.03,0.01,0.3,0.08,6,0.7,20,0.5,,,,,BEAR_RATIO < NEUTRAL_RATIO < BULL_RATIO 约束违反: 0.25 / 0.7 / 0.7,COMPLETE
2218,-0.5120058702446975,2026-05-12 16:03:31.882399,2026-05-12 16:03:37.723547,0 days 00:00:05.841148,0.25,0.7,4,0.05,0.02,0.45,0.12,6,0.5,5,0.8,,,,,,PRUNED
2219,-0.5254128926255297,2026-05-12 16:03:37.747805,2026-05-12 16:03:42.395091,0 days 00:00:04.647286,0.35,0.8,2,0.03,0.01,0.45,0.12,6,0.6,5,0.8,,,,,,PRUNED
2220,-0.46107917057596864,2026-05-12 16:03:42.418477,2026-05-12 16:03:47.382897,0 days 00:00:04.964420,0.35,0.9,2,0.05,0.02,0.45,0.08,5,0.5,10,0.65,,,,,,PRUNED
2221,-0.4228254687038583,2026-05-12 16:03:47.409255,2026-05-12 16:03:47.734489,0 days 00:00:00.325234,0.45,0.7,2,0.05,0.02,0.3,0.08,4,0.5,20,0.8,,,,,,PRUNED
2222,-0.5443634532003653,2026-05-12 16:03:47.758396,2026-05-12 16:03:53.340255,0 days 00:00:05.581859,0.25,0.8,2,0.03,0.01,0.45,0.12,5,0.5,5,0.65,,,,,,PRUNED
2223,-0.5179924623587872,2026-05-12 16:03:53.379152,2026-05-12 16:03:53.950540,0 days 00:00:00.571388,0.45,0.7,2,0.05,0.02,0.6,0.08,6,0.5,20,0.8,-0.39108387647623727,-0.030830266507629607,0.2538171717650998,0.36025360996860767,,COMPLETE
2224,-9999.0,2026-05-12 16:03:53.974112,2026-05-12 16:03:54.253056,0 days 00:00:00.278944,0.45,0.7,2,0.03,0.02,0.45,0.08,4,0.7,5,0.65,,,,,BEAR_RATIO < NEUTRAL_RATIO < BULL_RATIO 约束违反: 0.45 / 0.7 / 0.7,COMPLETE
2225,-0.48943161054083756,2026-05-12 16:03:54.277168,2026-05-12 16:03:59.992917,0 days 00:00:05.715749,0.45,0.8,4,0.03,0.01,0.6,0.08,5,0.7,5,0.65,,,,,,PRUNED
2226,-0.5485992393057948,2026-05-12 16:04:00.017063,2026-05-12 16:04:04.728502,0 days 00:00:04.711439,0.25,0.7,2,0.03,0.02,0.6,0.16,5,0.6,20,0.65,,,,,,PRUNED
2227,-0.4569223683011577,2026-05-12 16:04:04.754986,2026-05-12 16:04:05.114257,0 days 00:00:00.359271,0.25,0.7,2,0.05,0.02,0.6,0.08,4,0.5,20,0.8,,,,,,PRUNED
2228,-0.42056632138184724,2026-05-12 16:04:05.142872,2026-05-12 16:04:05.481541,0 days 00:00:00.338669,0.45,0.8,2,0.05,0.02,0.6,0.08,6,0.5,20,0.8,,,,,,PRUNED
2229,-0.6346180341422584,2026-05-12 16:04:05.508582,2026-05-12 16:04:08.964812,0 days 00:00:03.456230,0.25,0.8,2,0.05,0.01,0.45,0.16,3,0.7,20,0.5,,,,,,PRUNED
2230,-9999.0,2026-05-12 16:04:08.988686,2026-05-12 16:04:09.277143,0 days 00:00:00.288457,0.35,0.7,3,0.03,0.01,0.45,0.16,4,0.7,10,0.5,,,,,BEAR_RATIO < NEUTRAL_RATIO < BULL_RATIO 约束违反: 0.35 / 0.7 / 0.7,COMPLETE
2231,-0.5560616784237515,2026-05-12 16:04:09.300971,2026-05-12 16:04:12.963273,0 days 00:00:03.662302,0.25,0.8,4,0.03,0.01,0.6,0.16,5,0.7,10,0.8,,,,,,PRUNED
2232,-0.42509425747705676,2026-05-12 16:04:12.987261,2026-05-12 16:04:16.985082,0 days 00:00:03.997821,0.45,0.7,4,0.05,0.02,0.45,0.08,4,0.5,20,0.8,,,,,,PRUNED
2233,-0.5094992928425816,2026-05-12 16:04:17.010547,2026-05-12 16:04:22.675791,0 days 00:00:05.665244,0.25,0.8,2,0.03,0.02,0.6,0.08,6,0.5,20,0.5,,,,,,PRUNED
2234,-0.5577471591700349,2026-05-12 16:04:22.703087,2026-05-12 16:04:28.544696,0 days 00:00:05.841609,0.25,0.8,4,0.03,0.02,0.3,0.12,5,0.6,5,0.8,,,,,,PRUNED
2235,-0.5986353029572207,2026-05-12 16:04:28.574152,2026-05-12 16:04:32.067993,0 days 00:00:03.493841,0.35,0.9,3,0.05,0.01,0.3,0.08,3,0.5,20,0.5,,,,,,PRUNED
2236,-0.485087649912707,2026-05-12 16:04:32.093301,2026-05-12 16:04:36.405002,0 days 00:00:04.311701,0.45,0.8,3,0.05,0.01,0.3,0.16,3,0.7,5,0.8,,,,,,PRUNED
2237,-0.4338764564691239,2026-05-12 16:04:36.430918,2026-05-12 16:04:36.811550,0 days 00:00:00.380632,0.45,0.9,2,0.05,0.02,0.3,0.08,6,0.5,20,0.8,,,,,,PRUNED
2238,-0.6304780258388529,2026-05-12 16:04:36.836478,2026-05-12 16:04:40.266000,0 days 00:00:03.429522,0.35,0.9,4,0.03,0.01,0.45,0.16,3,0.5,20,0.8,,,,,,PRUNED
2239,-0.519193153001091,2026-05-12 16:04:40.291265,2026-05-12 16:04:44.834536,0 days 00:00:04.543271,0.35,0.8,3,0.03,0.01,0.3,0.16,4,0.7,10,0.65,,,,,,PRUNED
2240,-0.5179924623587872,2026-05-12 16:04:44.860708,2026-05-12 16:04:44.033108,-1 days +23:59:59.172400,0.45,0.7,2,0.05,0.01,0.6,0.08,6,0.5,20,0.8,-0.39108387647623727,-0.030830266507629607,0.2538171717650998,0.36025360996860767,,COMPLETE
2241,-0.444676732535944,2026-05-12 16:04:44.059075,2026-05-12 16:04:49.823219,0 days 00:00:05.764144,0.45,0.9,4,0.05,0.02,0.6,0.08,6,0.5,5,0.8,,,,,,PRUNED
2242,-9999.0,2026-05-12 16:04:49.862070,2026-05-12 16:04:50.143054,0 days 00:00:00.280984,0.45,0.7,3,0.05,0.02,0.3,0.12,3,0.7,5,0.65,,,,,BEAR_RATIO < NEUTRAL_RATIO < BULL_RATIO 约束违反: 0.45 / 0.7 / 0.7,COMPLETE
2243,-0.45811962308675797,2026-05-12 16:04:50.189827,2026-05-12 16:04:54.706903,0 days 00:00:04.517076,0.35,0.7,2,0.05,0.02,0.6,0.12,5,0.5,20,0.8,,,,,,PRUNED
2244,-0.4946767882025851,2026-05-12 16:04:54.735160,2026-05-12 16:05:00.284931,0 days 00:00:05.549771,0.35,0.8,2,0.03,0.02,0.45,0.12,6,0.5,10,0.65,,,,,,PRUNED
2245,-0.4092137988646166,2026-05-12 16:05:00.305734,2026-05-12 16:05:00.612102,0 days 00:00:00.306368,0.45,0.7,2,0.05,0.02,0.6,0.08,6,0.5,10,0.5,,,,,,PRUNED
2246,-0.49746766847223267,2026-05-12 16:05:00.634205,2026-05-12 16:05:05.573650,0 days 00:00:04.939445,0.25,0.7,4,0.05,0.01,0.6,0.16,5,0.5,10,0.65,,,,,,PRUNED
2247,-0.554092986935138,2026-05-12 16:05:05.599995,2026-05-12 16:05:10.582627,0 days 00:00:04.982632,0.35,0.9,3,0.05,0.02,0.45,0.16,4,0.7,5,0.5,,,,,,PRUNED
2248,-0.5720468795793733,2026-05-12 16:05:10.606539,2026-05-12 16:05:14.403694,0 days 00:00:03.797155,0.35,0.8,3,0.05,0.01,0.6,0.16,3,0.7,10,0.8,,,,,,PRUNED
2249,-9999.0,2026-05-12 16:05:14.429932,2026-05-12 16:05:14.714343,0 days 00:00:00.284411,0.45,0.7,2,0.05,0.02,0.3,0.08,6,0.7,20,0.8,,,,,BEAR_RATIO < NEUTRAL_RATIO < BULL_RATIO 约束违反: 0.45 / 0.7 / 0.7,COMPLETE
2250,-0.5426144757481245,2026-05-12 16:05:14.760658,2026-05-12 16:05:18.359761,0 days 00:00:03.599103,0.25,0.7,4,0.05,0.01,0.45,0.12,4,0.6,5,0.5,,,,,,PRUNED
2251,-0.5039666979800861,2026-05-12 16:05:18.382807,2026-05-12 16:05:23.589669,0 days 00:00:05.206862,0.25,0.8,3,0.03,0.02,0.3,0.12,4,0.5,10,0.65,,,,,,PRUNED
2252,-0.44132560848440905,2026-05-12 16:05:23.614916,2026-05-12 16:05:28.267903,0 days 00:00:04.652987,0.45,0.7,2,0.05,0.02,0.6,0.16,5,0.5,20,0.65,,,,,,PRUNED
2253,-0.46978243739557796,2026-05-12 16:05:28.292971,2026-05-12 16:05:33.243719,0 days 00:00:04.950748,0.35,0.9,2,0.05,0.02,0.45,0.12,6,0.5,20,0.5,,,,,,PRUNED
2254,-0.4716293825531983,2026-05-12 16:05:33.268315,2026-05-12 16:05:37.643064,0 days 00:00:04.374749,0.35,0.8,2,0.05,0.02,0.45,0.12,4,0.6,10,0.8,,,,,,PRUNED
2255,-0.41425741193738236,2026-05-12 16:05:37.669493,2026-05-12 16:05:43.491597,0 days 00:00:05.822104,0.45,0.7,2,0.05,0.01,0.6,0.08,6,0.5,5,0.65,,,,,,PRUNED
2256,-0.4248849607391425,2026-05-12 16:05:43.514220,2026-05-12 16:05:46.882750,0 days 00:00:03.368530,0.45,0.7,2,0.05,0.02,0.3,0.08,5,0.5,20,0.5,,,,,,PRUNED
2257,-9999.0,2026-05-12 16:05:46.908977,2026-05-12 16:05:47.204658,0 days 00:00:00.295681,0.25,0.7,2,0.05,0.02,0.6,0.12,6,0.7,5,0.65,,,,,BEAR_RATIO < NEUTRAL_RATIO < BULL_RATIO 约束违反: 0.25 / 0.7 / 0.7,COMPLETE
2258,-0.44348107200300113,2026-05-12 16:05:47.231749,2026-05-12 16:05:51.353696,0 days 00:00:04.121947,0.45,0.9,4,0.05,0.02,0.6,0.08,4,0.5,20,0.8,,,,,,PRUNED
2259,-0.5043584570744052,2026-05-12 16:05:51.380259,2026-05-12 16:05:55.798471,0 days 00:00:04.418212,0.35,0.9,3,0.05,0.02,0.45,0.16,3,0.6,5,0.65,,,,,,PRUNED
2260,-0.5179924623587872,2026-05-12 16:05:55.826082,2026-05-12 16:05:56.358123,0 days 00:00:00.532041,0.45,0.7,2,0.05,0.02,0.6,0.08,6,0.5,20,0.8,-0.39108387647623727,-0.030830266507629607,0.2538171717650998,0.36025360996860767,,COMPLETE
2261,-0.4974073281927062,2026-05-12 16:05:56.382240,2026-05-12 16:05:56.702169,0 days 00:00:00.319929,0.25,0.7,2,0.03,0.02,0.6,0.08,6,0.5,20,0.8,,,,,,PRUNED
2262,-0.4100386278766106,2026-05-12 16:05:56.726010,2026-05-12 16:05:57.058102,0 days 00:00:00.332092,0.45,0.7,2,0.05,0.02,0.3,0.08,6,0.5,20,0.8,,,,,,PRUNED
2263,-0.5226806021278706,2026-05-12 16:05:57.099163,2026-05-12 16:06:02.377853,0 days 00:00:05.278690,0.25,0.7,2,0.03,0.02,0.3,0.12,6,0.5,10,0.5,,,,,,PRUNED
2264,-0.4588495828886445,2026-05-12 16:06:02.403179,2026-05-12 16:06:07.125216,0 days 00:00:04.722037,0.45,0.7,2,0.05,0.02,0.6,0.16,5,0.6,20,0.8,,,,,,PRUNED
2265,-0.5179924623587872,2026-05-12 16:06:07.152964,2026-05-12 16:06:07.671214,0 days 00:00:00.518250,0.45,0.7,2,0.05,0.02,0.6,0.08,6,0.5,20,0.8,-0.39108387647623727,-0.030830266507629607,0.2538171717650998,0.36025360996860767,,COMPLETE
2266,-9999.0,2026-05-12 16:06:07.696490,2026-05-12 16:06:07.968995,0 days 00:00:00.272505,0.45,0.7,3,0.05,0.02,0.6,0.08,6,0.7,5,0.8,,,,,BEAR_RATIO < NEUTRAL_RATIO < BULL_RATIO 约束违反: 0.45 / 0.7 / 0.7,COMPLETE
2267,-0.5179924623587872,2026-05-12 16:06:07.994811,2026-05-12 16:06:08.495930,0 days 00:00:00.501119,0.45,0.7,2,0.05,0.02,0.6,0.08,6,0.5,20,0.8,-0.39108387647623727,-0.030830266507629607,0.2538171717650998,0.36025360996860767,,COMPLETE
2268,-0.43223096142417294,2026-05-12 16:06:08.519754,2026-05-12 16:06:08.843767,0 days 00:00:00.324013,0.45,0.9,2,0.05,0.02,0.6,0.08,6,0.5,20,0.8,,,,,,PRUNED
2269,-0.5862639887922048,2026-05-12 16:06:08.871542,2026-05-12 16:06:12.252399,0 days 00:00:03.380857,0.45,0.8,3,0.05,0.02,0.6,0.12,3,0.5,20,0.5,,,,,,PRUNED
2270,-0.473411347128357,2026-05-12 16:06:12.275356,2026-05-12 16:06:17.177503,0 days 00:00:04.902147,0.45,0.8,3,0.03,0.01,0.6,0.08,6,0.7,20,0.65,,,,,,PRUNED
2271,-0.4733885954212532,2026-05-12 16:06:17.201313,2026-05-12 16:06:22.648055,0 days 00:00:05.446742,0.35,0.9,2,0.05,0.02,0.6,0.08,6,0.5,5,0.8,,,,,,PRUNED
2272,-9999.0,2026-05-12 16:06:22.675079,2026-05-12 16:06:23.049720,0 days 00:00:00.374641,0.45,0.7,2,0.05,0.02,0.6,0.08,6,0.7,20,0.8,,,,,BEAR_RATIO < NEUTRAL_RATIO < BULL_RATIO 约束违反: 0.45 / 0.7 / 0.7,COMPLETE
2273,-0.46443721314418873,2026-05-12 16:06:23.073902,2026-05-12 16:06:27.411645,0 days 00:00:04.337743,0.35,0.7,3,0.05,0.02,0.6,0.12,4,0.6,10,0.5,,,,,,PRUNED
2274,-0.5179924623587872,2026-05-12 16:06:27.436141,2026-05-12 16:06:27.959519,0 days 00:00:00.523378,0.45,0.7,2,0.05,0.02,0.6,0.08,6,0.5,20,0.8,-0.39108387647623727,-0.030830266507629607,0.2538171717650998,0.36025360996860767,,COMPLETE
2275,-0.5453876549514295,2026-05-12 16:06:27.986694,2026-05-12 16:06:33.926501,0 days 00:00:05.939807,0.25,0.7,4,0.03,0.01,0.3,0.12,6,0.5,5,0.65,,,,,,PRUNED
2276,-0.5207931020898416,2026-05-12 16:06:33.950966,2026-05-12 16:06:39.887670,0 days 00:00:05.936704,0.35,0.8,2,0.05,0.01,0.3,0.16,6,0.7,5,0.65,,,,,,PRUNED
2277,-0.6477759245455385,2026-05-12 16:06:39.914103,2026-05-12 16:06:43.327811,0 days 00:00:03.413708,0.25,0.8,2,0.03,0.02,0.45,0.16,3,0.6,20,0.5,,,,,,PRUNED
2278,-0.540871713203345,2026-05-12 16:06:43.352397,2026-05-12 16:06:49.168174,0 days 00:00:05.815777,0.25,0.9,2,0.05,0.02,0.6,0.08,6,0.7,5,0.5,,,,,,PRUNED
2279,-0.43333909441165963,2026-05-12 16:06:49.192821,2026-05-12 16:06:48.289186,-1 days +23:59:59.096365,0.35,0.7,2,0.05,0.02,0.6,0.08,6,0.5,20,0.8,,,,,,PRUNED
2280,-0.46882421144802244,2026-05-12 16:06:48.339234,2026-05-12 16:06:53.925152,0 days 00:00:05.585918,0.45,0.8,2,0.03,0.02,0.3,0.12,5,0.5,5,0.5,,,,,,PRUNED
2281,-0.4434915090804596,2026-05-12 16:06:53.949670,2026-05-12 16:06:58.556876,0 days 00:00:04.607206,0.45,0.7,4,0.05,0.02,0.6,0.08,5,0.6,20,0.8,,,,,,PRUNED
2282,-0.5730010624940768,2026-05-12 16:06:58.583957,2026-05-12 16:07:02.011594,0 days 00:00:03.427637,0.45,0.7,3,0.05,0.02,0.6,0.08,3,0.5,20,0.65,,,,,,PRUNED
2283,-0.596736109803864,2026-05-12 16:07:02.036790,2026-05-12 16:07:05.471384,0 days 00:00:03.434594,0.35,0.9,2,0.05,0.01,0.3,0.08,3,0.5,20,0.8,,,,,,PRUNED
2284,-0.5291361759734048,2026-05-12 16:07:05.497506,2026-05-12 16:07:09.899084,0 days 00:00:04.401578,0.25,0.9,4,0.03,0.02,0.6,0.08,3,0.5,5,0.65,,,,,,PRUNED
2285,-0.49332120234200744,2026-05-12 16:07:09.924578,2026-05-12 16:07:14.804942,0 days 00:00:04.880364,0.25,0.7,4,0.05,0.02,0.6,0.12,6,0.5,20,0.8,,,,,,PRUNED
2286,-0.5179924623587872,2026-05-12 16:07:14.828379,2026-05-12 16:07:15.393105,0 days 00:00:00.564726,0.45,0.7,2,0.05,0.02,0.6,0.08,6,0.5,20,0.8,-0.39108387647623727,-0.030830266507629607,0.2538171717650998,0.36025360996860767,,COMPLETE
2287,-0.6350165030309535,2026-05-12 16:07:15.419161,2026-05-12 16:07:19.657084,0 days 00:00:04.237923,0.35,0.8,3,0.05,0.02,0.45,0.16,3,0.7,20,0.8,,,,,,PRUNED
2288,-9999.0,2026-05-12 16:07:19.680872,2026-05-12 16:07:19.982817,0 days 00:00:00.301945,0.45,0.7,2,0.05,0.02,0.6,0.08,6,0.7,5,0.8,,,,,BEAR_RATIO < NEUTRAL_RATIO < BULL_RATIO 约束违反: 0.45 / 0.7 / 0.7,COMPLETE
2289,-0.48901996926713137,2026-05-12 16:07:20.007414,2026-05-12 16:07:25.020318,0 days 00:00:05.012904,0.45,0.8,2,0.03,0.02,0.6,0.16,6,0.5,20,0.8,,,,,,PRUNED
2290,-0.43491417272041394,2026-05-12 16:07:25.042644,2026-05-12 16:07:29.045583,0 days 00:00:04.002939,0.45,0.7,2,0.05,0.02,0.3,0.08,4,0.6,20,0.8,,,,,,PRUNED
2291,-0.5432241250116331,2026-05-12 16:07:29.071010,2026-05-12 16:07:34.610423,0 days 00:00:05.539413,0.25,0.9,3,0.05,0.02,0.45,0.12,5,0.6,5,0.5,,,,,,PRUNED
2292,-0.5715107846558711,2026-05-12 16:07:34.652963,2026-05-12 16:07:34.991122,0 days 00:00:00.338159,0.45,0.7,2,0.05,0.02,0.45,0.08,3,0.5,20,0.8,,,,,,PRUNED
2293,-0.47805881185671306,2026-05-12 16:07:35.016146,2026-05-12 16:07:35.384842,0 days 00:00:00.368696,0.25,0.7,2,0.05,0.02,0.3,0.08,6,0.5,20,0.8,,,,,,PRUNED
2294,-0.5179924623587872,2026-05-12 16:07:35.409941,2026-05-12 16:07:34.106340,-1 days +23:59:58.696399,0.45,0.7,2,0.05,0.02,0.6,0.08,6,0.5,20,0.8,-0.39108387647623727,-0.030830266507629607,0.2538171717650998,0.36025360996860767,,COMPLETE
2295,-0.4318124553734489,2026-05-12 16:07:34.131633,2026-05-12 16:07:34.448281,0 days 00:00:00.316648,0.45,0.7,2,0.03,0.02,0.6,0.08,6,0.5,20,0.8,,,,,,PRUNED
2296,-0.44289751871939703,2026-05-12 16:07:34.475802,2026-05-12 16:07:38.774450,0 days 00:00:04.298648,0.35,0.7,2,0.05,0.01,0.6,0.08,4,0.5,10,0.65,,,,,,PRUNED
2297,-0.4327177294022265,2026-05-12 16:07:38.799561,2026-05-12 16:07:43.623769,0 days 00:00:04.824208,0.35,0.7,2,0.05,0.02,0.45,0.08,6,0.5,20,0.5,,,,,,PRUNED
2298,-0.42293370088728216,2026-05-12 16:07:43.649305,2026-05-12 16:07:48.693324,0 days 00:00:05.044019,0.45,0.8,4,0.05,0.02,0.6,0.08,6,0.5,20,0.5,,,,,,PRUNED
2299,-0.5175996720282894,2026-05-12 16:07:48.720085,2026-05-12 16:07:53.317404,0 days 00:00:04.597319,0.25,0.8,3,0.05,0.01,0.3,0.12,5,0.6,20,0.8,,,,,,PRUNED
2300,-0.507616450494066,2026-05-12 16:07:53.343162,2026-05-12 16:07:58.956029,0 days 00:00:05.612867,0.45,0.8,2,0.03,0.02,0.45,0.16,5,0.6,5,0.65,,,,,,PRUNED
2301,-9999.0,2026-05-12 16:07:58.985351,2026-05-12 16:07:59.237732,0 days 00:00:00.252381,0.35,0.7,2,0.03,0.01,0.45,0.16,4,0.7,5,0.65,,,,,BEAR_RATIO < NEUTRAL_RATIO < BULL_RATIO 约束违反: 0.35 / 0.7 / 0.7,COMPLETE
2302,-0.5234916081340929,2026-05-12 16:07:59.262557,2026-05-12 16:08:04.217336,0 days 00:00:04.954779,0.25,0.9,3,0.03,0.02,0.45,0.08,5,0.6,10,0.8,,,,,,PRUNED
2303,-0.5201602683980486,2026-05-12 16:08:04.302014,2026-05-12 16:08:09.170491,0 days 00:00:04.868477,0.25,0.8,2,0.05,0.01,0.3,0.12,6,0.7,20,0.65,,,,,,PRUNED
2304,-0.48386234220238644,2026-05-12 16:08:09.196168,2026-05-12 16:08:15.175291,0 days 00:00:05.979123,0.45,0.9,2,0.03,0.02,0.6,0.08,6,0.7,10,0.5,,,,,,PRUNED
2305,-0.5172241830128023,2026-05-12 16:08:15.201085,2026-05-12 16:08:18.901190,0 days 00:00:03.700105,0.45,0.7,2,0.05,0.02,0.6,0.12,3,0.5,10,0.8,,,,,,PRUNED
2306,-0.4585181427314511,2026-05-12 16:08:18.944532,2026-05-12 16:08:21.582337,0 days 00:00:02.637805,0.45,0.7,3,0.03,0.02,0.3,0.12,4,0.5,10,0.8,,,,,,PRUNED
2307,-0.41966843205749144,2026-05-12 16:08:21.610129,2026-05-12 16:08:26.499913,0 days 00:00:04.889784,0.45,0.8,2,0.05,0.02,0.45,0.08,6,0.5,20,0.65,,,,,,PRUNED
2308,-0.4426886655341169,2026-05-12 16:08:26.523442,2026-05-12 16:08:31.591312,0 days 00:00:05.067870,0.45,0.8,3,0.03,0.02,0.6,0.08,6,0.5,20,0.8,,,,,,PRUNED
2309,-0.5182406672588966,2026-05-12 16:08:31.616860,2026-05-12 16:08:32.122976,0 days 00:00:00.506116,0.45,0.7,2,0.05,0.02,0.45,0.08,6,0.5,20,0.8,-0.3910743597599139,-0.030648087966744914,0.25433261499796533,0.360426271793169,,COMPLETE
2310,-0.5322304511908245,2026-05-12 16:08:32.147315,2026-05-12 16:08:37.746549,0 days 00:00:05.599234,0.25,0.8,3,0.05,0.01,0.3,0.12,5,0.6,5,0.5,,,,,,PRUNED
2311,-0.4742836939261093,2026-05-12 16:08:37.772760,2026-05-12 16:08:42.997871,0 days 00:00:05.225111,0.25,0.7,2,0.05,0.01,0.6,0.08,6,0.5,10,0.8,,,,,,PRUNED
2312,-0.4378742937405975,2026-05-12 16:08:43.021191,2026-05-12 16:08:43.381112,0 days 00:00:00.359921,0.35,0.7,2,0.05,0.02,0.3,0.08,6,0.5,20,0.8,,,,,,PRUNED
2313,-9999.0,2026-05-12 16:08:43.406920,2026-05-12 16:08:43.683967,0 days 00:00:00.277047,0.45,0.7,2,0.03,0.02,0.6,0.08,6,0.7,20,0.65,,,,,BEAR_RATIO < NEUTRAL_RATIO < BULL_RATIO 约束违反: 0.45 / 0.7 / 0.7,COMPLETE
2314,-0.4324364259573655,2026-05-12 16:08:43.707097,2026-05-12 16:08:48.622959,0 days 00:00:04.915862,0.45,0.7,2,0.03,0.02,0.3,0.08,6,0.5,20,0.5,,,,,,PRUNED
2315,-0.5179924623587872,2026-05-12 16:08:48.648838,2026-05-12 16:08:49.188265,0 days 00:00:00.539427,0.45,0.7,2,0.05,0.02,0.6,0.08,6,0.5,20,0.8,-0.39108387647623727,-0.030830266507629607,0.2538171717650998,0.36025360996860767,,COMPLETE
2316,-0.49205473954555745,2026-05-12 16:08:49.213436,2026-05-12 16:08:52.045186,0 days 00:00:02.831750,0.25,0.7,3,0.03,0.01,0.6,0.12,4,0.5,20,0.65,,,,,,PRUNED
2317,-0.4945989864616008,2026-05-12 16:08:52.071613,2026-05-12 16:08:56.060720,0 days 00:00:03.989107,0.25,0.8,4,0.05,0.01,0.3,0.12,4,0.7,20,0.8,,,,,,PRUNED
2318,-0.43517185891140797,2026-05-12 16:08:56.087773,2026-05-12 16:08:56.420813,0 days 00:00:00.333040,0.45,0.9,2,0.05,0.02,0.6,0.08,6,0.5,10,0.8,,,,,,PRUNED
2319,-0.4387147179881395,2026-05-12 16:08:56.447226,2026-05-12 16:08:56.788503,0 days 00:00:00.341277,0.45,0.7,2,0.03,0.02,0.6,0.08,6,0.5,5,0.8,,,,,,PRUNED
2320,-0.4242910183560481,2026-05-12 16:08:56.813072,2026-05-12 16:08:57.144781,0 days 00:00:00.331709,0.45,0.7,2,0.05,0.02,0.6,0.08,5,0.5,20,0.8,,,,,,PRUNED
2321,-9999.0,2026-05-12 16:08:57.170466,2026-05-12 16:08:57.443780,0 days 00:00:00.273314,0.25,0.7,4,0.05,0.01,0.45,0.08,3,0.7,5,0.5,,,,,BEAR_RATIO < NEUTRAL_RATIO < BULL_RATIO 约束违反: 0.25 / 0.7 / 0.7,COMPLETE
2322,-0.5246371827627005,2026-05-12 16:08:57.490400,2026-05-12 16:09:02.475259,0 days 00:00:04.984859,0.45,0.8,3,0.03,0.02,0.3,0.08,4,0.7,5,0.65,,,,,,PRUNED
2323,-0.5207331232617833,2026-05-12 16:09:02.500839,2026-05-12 16:09:07.526600,0 days 00:00:05.025761,0.25,0.7,4,0.03,0.01,0.6,0.16,4,0.6,20,0.8,,,,,,PRUNED
2324,-0.5106241669811739,2026-05-12 16:09:07.554129,2026-05-12 16:09:12.524073,0 days 00:00:04.969944,0.25,0.7,4,0.03,0.01,0.45,0.12,5,0.5,10,0.65,,,,,,PRUNED
2325,-0.4344367123284945,2026-05-12 16:09:12.563303,2026-05-12 16:09:17.519537,0 days 00:00:04.956234,0.35,0.7,3,0.05,0.02,0.45,0.08,6,0.5,20,0.8,,,,,,PRUNED
2326,-0.593082116115428,2026-05-12 16:09:17.543087,2026-05-12 16:09:21.027217,0 days 00:00:03.484130,0.45,0.7,3,0.05,0.02,0.6,0.08,3,0.6,20,0.8,,,,,,PRUNED
2327,-0.5715107846558711,2026-05-12 16:09:21.051806,2026-05-12 16:09:21.387808,0 days 00:00:00.336002,0.45,0.7,2,0.05,0.02,0.6,0.08,3,0.5,20,0.8,,,,,,PRUNED
2328,-0.46374943875609037,2026-05-12 16:09:21.413698,2026-05-12 16:09:24.716284,0 days 00:00:03.302586,0.35,0.7,4,0.05,0.02,0.3,0.12,5,0.5,20,0.8,,,,,,PRUNED
2329,-0.47646590014010703,2026-05-12 16:09:24.740929,2026-05-12 16:09:29.433072,0 days 00:00:04.692143,0.45,0.9,2,0.05,0.02,0.6,0.08,5,0.7,20,0.8,,,,,,PRUNED
2330,-0.5179924623587872,2026-05-12 16:09:29.456085,2026-05-12 16:09:29.989546,0 days 00:00:00.533461,0.45,0.7,2,0.05,0.02,0.6,0.08,6,0.5,20,0.8,-0.39108387647623727,-0.030830266507629607,0.2538171717650998,0.36025360996860767,,COMPLETE
2331,-0.434017431204229,2026-05-12 16:09:30.014330,2026-05-12 16:09:35.157635,0 days 00:00:05.143305,0.35,0.7,2,0.05,0.01,0.6,0.08,6,0.5,10,0.8,,,,,,PRUNED
2332,-0.4544919476022754,2026-05-12 16:09:35.182237,2026-05-12 16:09:40.237312,0 days 00:00:05.055075,0.45,0.7,2,0.03,0.01,0.6,0.12,6,0.5,20,0.8,,,,,,PRUNED
2333,-0.5298118186335291,2026-05-12 16:09:40.263391,2026-05-12 16:09:45.288957,0 days 00:00:05.025566,0.25,0.7,3,0.05,0.02,0.3,0.12,4,0.5,5,0.5,,,,,,PRUNED
2334,-0.47788110522104305,2026-05-12 16:09:45.313724,2026-05-12 16:09:50.368885,0 days 00:00:05.055161,0.45,0.7,4,0.03,0.01,0.3,0.16,6,0.5,20,0.8,,,,,,PRUNED
2335,-0.4337598227322236,2026-05-12 16:09:50.388917,2026-05-12 16:09:50.673312,0 days 00:00:00.284395,0.45,0.7,2,0.05,0.02,0.6,0.08,4,0.6,20,0.8,,,,,,PRUNED
