number,value,datetime_start,datetime_complete,duration,params_BEAR_RATIO,params_BULL_RATIO,params_GRID_MAX_LAYER,params_GRID_STEP_MAX,params_GRID_STEP_MIN,params_GRID_STEP_VOL_FACTOR,params_LAYER_FRACTION,params_MAX_HOLD,params_NEUTRAL_RATIO,params_REBALANCE_FREQ,params_VOL_WEIGHT,user_attrs_avg_test_score,user_attrs_avg_train_score,user_attrs_test_score_std,user_attrs_train_test_gap,user_attrs_validation_error,state
6512,-0.5421295982621445,2026-05-12 19:38:44.404519,2026-05-12 19:38:49.178518,0 days 00:00:04.773999,0.25,0.7,4,0.03,0.01,0.3,0.16,5,0.5,20,0.65,,,,,,PRUNED
6513,-0.5126268227095605,2026-05-12 19:38:49.203895,2026-05-12 19:38:54.281285,0 days 00:00:05.077390,0.25,0.8,3,0.05,0.02,0.45,0.12,5,0.7,10,0.8,,,,,,PRUNED
6514,-0.5179924623587872,2026-05-12 19:38:54.310291,2026-05-12 19:38:54.929324,0 days 00:00:00.619033,0.45,0.7,2,0.05,0.02,0.6,0.08,6,0.5,20,0.8,-0.39108387647623727,-0.030830266507629607,0.2538171717650998,0.36025360996860767,,COMPLETE
6515,-0.45821764702274564,2026-05-12 19:38:54.955009,2026-05-12 19:38:59.461332,0 days 00:00:04.506323,0.45,0.8,2,0.05,0.02,0.3,0.12,3,0.6,5,0.8,,,,,,PRUNED
6516,-0.5179924623587872,2026-05-12 19:38:59.492782,2026-05-12 19:39:00.098357,0 days 00:00:00.605575,0.45,0.7,2,0.05,0.02,0.6,0.08,6,0.5,20,0.5,-0.39108387647623727,-0.030830266507629607,0.2538171717650998,0.36025360996860767,,COMPLETE
6517,-0.5179924623587872,2026-05-12 19:39:00.127860,2026-05-12 19:39:00.749079,0 days 00:00:00.621219,0.45,0.7,2,0.05,0.02,0.6,0.08,6,0.5,20,0.8,-0.39108387647623727,-0.030830266507629607,0.2538171717650998,0.36025360996860767,,COMPLETE
6518,-0.5179924623587872,2026-05-12 19:39:00.780034,2026-05-12 19:39:01.380258,0 days 00:00:00.600224,0.45,0.7,2,0.05,0.02,0.6,0.08,6,0.5,20,0.65,-0.39108387647623727,-0.030830266507629607,0.2538171717650998,0.36025360996860767,,COMPLETE
6519,-0.5312917595536754,2026-05-12 19:39:01.411370,2026-05-12 19:39:07.629006,0 days 00:00:06.217636,0.35,0.9,4,0.03,0.01,0.45,0.08,4,0.5,5,0.8,,,,,,PRUNED
6520,-0.5036535076135032,2026-05-12 19:39:07.656318,2026-05-12 19:39:12.765415,0 days 00:00:05.109097,0.35,0.9,3,0.05,0.01,0.3,0.12,6,0.7,20,0.5,,,,,,PRUNED
6521,-0.5747008903436408,2026-05-12 19:39:12.791717,2026-05-12 19:39:16.615633,0 days 00:00:03.823916,0.35,0.8,4,0.03,0.01,0.45,0.08,3,0.7,10,0.65,,,,,,PRUNED
6522,-0.4324364259573655,2026-05-12 19:39:16.641854,2026-05-12 19:39:21.596531,0 days 00:00:04.954677,0.45,0.7,2,0.03,0.02,0.3,0.08,6,0.5,20,0.65,,,,,,PRUNED
6523,-0.4826724320820868,2026-05-12 19:39:21.624763,2026-05-12 19:39:25.639707,0 days 00:00:04.014944,0.35,0.7,3,0.03,0.01,0.45,0.12,4,0.6,20,0.65,,,,,,PRUNED
6524,-0.6422482085989174,2026-05-12 19:39:25.665390,2026-05-12 19:39:29.060230,0 days 00:00:03.394840,0.25,0.8,4,0.03,0.02,0.3,0.12,3,0.6,20,0.8,,,,,,PRUNED
6525,-0.4092137988646166,2026-05-12 19:39:29.085226,2026-05-12 19:39:29.479970,0 days 00:00:00.394744,0.45,0.7,2,0.05,0.02,0.6,0.08,6,0.5,10,0.65,,,,,,PRUNED
6526,-9999.0,2026-05-12 19:39:29.506433,2026-05-12 19:39:29.902111,0 days 00:00:00.395678,0.35,0.7,3,0.05,0.02,0.45,0.12,3,0.7,20,0.65,,,,,BEAR_RATIO < NEUTRAL_RATIO < BULL_RATIO 约束违反: 0.35 / 0.7 / 0.7,COMPLETE
6527,-9999.0,2026-05-12 19:39:29.949509,2026-05-12 19:39:30.282508,0 days 00:00:00.332999,0.25,0.7,4,0.03,0.01,0.45,0.12,6,0.7,20,0.5,,,,,BEAR_RATIO < NEUTRAL_RATIO < BULL_RATIO 约束违反: 0.25 / 0.7 / 0.7,COMPLETE
6528,-0.410125315542252,2026-05-12 19:39:30.305847,2026-05-12 19:39:30.667286,0 days 00:00:00.361439,0.45,0.7,4,0.05,0.02,0.6,0.08,6,0.5,20,0.8,,,,,,PRUNED
6529,-0.5179924623587872,2026-05-12 19:39:29.042387,2026-05-12 19:39:29.592992,0 days 00:00:00.550605,0.45,0.7,2,0.05,0.02,0.6,0.08,6,0.5,20,0.8,-0.39108387647623727,-0.030830266507629607,0.2538171717650998,0.36025360996860767,,COMPLETE
6530,-0.538900716740301,2026-05-12 19:39:29.616729,2026-05-12 19:39:34.643754,0 days 00:00:05.027025,0.25,0.9,3,0.05,0.01,0.45,0.16,5,0.5,5,0.65,,,,,,PRUNED
6531,-0.6331730914397029,2026-05-12 19:39:34.669214,2026-05-12 19:39:38.048567,0 days 00:00:03.379353,0.25,0.8,3,0.05,0.02,0.3,0.12,3,0.7,20,0.8,,,,,,PRUNED
6532,-0.4747272503374965,2026-05-12 19:39:38.093115,2026-05-12 19:39:43.287000,0 days 00:00:05.193885,0.45,0.7,4,0.05,0.02,0.6,0.12,4,0.5,5,0.8,,,,,,PRUNED
6533,-0.43618075177990356,2026-05-12 19:39:43.318316,2026-05-12 19:39:48.507070,0 days 00:00:05.188754,0.35,0.7,4,0.05,0.02,0.45,0.08,6,0.5,20,0.8,,,,,,PRUNED
6534,-0.47003672876145175,2026-05-12 19:39:48.538954,2026-05-12 19:39:52.918317,0 days 00:00:04.379363,0.45,0.9,3,0.05,0.01,0.45,0.16,4,0.6,20,0.65,,,,,,PRUNED
6535,-0.4242910183560481,2026-05-12 19:39:52.947100,2026-05-12 19:39:53.373438,0 days 00:00:00.426338,0.45,0.7,2,0.05,0.02,0.6,0.08,5,0.5,20,0.8,,,,,,PRUNED
6536,-0.438802543676426,2026-05-12 19:39:53.403767,2026-05-12 19:39:59.669607,0 days 00:00:06.265840,0.45,0.7,4,0.03,0.01,0.6,0.08,6,0.5,5,0.8,,,,,,PRUNED
6537,-0.5179924623587872,2026-05-12 19:39:59.697141,2026-05-12 19:40:00.338663,0 days 00:00:00.641522,0.45,0.7,2,0.05,0.02,0.6,0.08,6,0.5,20,0.8,-0.39108387647623727,-0.030830266507629607,0.2538171717650998,0.36025360996860767,,COMPLETE
6538,-0.49011660686728076,2026-05-12 19:40:00.365229,2026-05-12 19:40:05.851575,0 days 00:00:05.486346,0.35,0.8,3,0.05,0.01,0.6,0.12,3,0.6,5,0.8,,,,,,PRUNED
6539,-0.5179924623587872,2026-05-12 19:40:05.876993,2026-05-12 19:40:06.854883,0 days 00:00:00.977890,0.45,0.7,2,0.05,0.01,0.6,0.08,6,0.5,20,0.8,-0.39108387647623727,-0.030830266507629607,0.2538171717650998,0.36025360996860767,,COMPLETE
6540,-0.487116779364579,2026-05-12 19:40:06.881526,2026-05-12 19:40:07.454830,0 days 00:00:00.573304,0.25,0.8,2,0.05,0.02,0.6,0.08,6,0.5,20,0.8,,,,,,PRUNED
6541,-0.567377701030126,2026-05-12 19:40:07.481433,2026-05-12 19:40:13.194169,0 days 00:00:05.712736,0.25,0.9,3,0.03,0.02,0.3,0.12,5,0.6,5,0.65,,,,,,PRUNED
6542,-0.4237402173189843,2026-05-12 19:40:13.221677,2026-05-12 19:40:15.441119,0 days 00:00:02.219442,0.45,0.7,3,0.05,0.02,0.6,0.08,4,0.5,20,0.5,,,,,,PRUNED
6543,-0.6476527421929325,2026-05-12 19:40:15.469998,2026-05-12 19:40:18.870971,0 days 00:00:03.400973,0.25,0.8,3,0.03,0.01,0.3,0.12,3,0.7,20,0.8,,,,,,PRUNED
6544,-0.47105571347950514,2026-05-12 19:40:18.896364,2026-05-12 19:40:22.656390,0 days 00:00:03.760026,0.25,0.7,2,0.05,0.02,0.6,0.16,4,0.5,20,0.8,,,,,,PRUNED
6545,-0.5179924623587872,2026-05-12 19:40:22.679225,2026-05-12 19:40:23.246927,0 days 00:00:00.567702,0.45,0.7,2,0.05,0.02,0.6,0.08,6,0.5,20,0.8,-0.39108387647623727,-0.030830266507629607,0.2538171717650998,0.36025360996860767,,COMPLETE
6546,-0.4279316684839661,2026-05-12 19:40:23.270049,2026-05-12 19:40:28.987742,0 days 00:00:05.717693,0.45,0.8,2,0.05,0.01,0.45,0.08,6,0.5,5,0.8,,,,,,PRUNED
6547,-9999.0,2026-05-12 19:40:29.013103,2026-05-12 19:40:29.337179,0 days 00:00:00.324076,0.35,0.7,4,0.05,0.02,0.3,0.08,6,0.7,20,0.5,,,,,BEAR_RATIO < NEUTRAL_RATIO < BULL_RATIO 约束违反: 0.35 / 0.7 / 0.7,COMPLETE
6548,-0.43978575775886214,2026-05-12 19:40:29.366618,2026-05-12 19:40:34.746371,0 days 00:00:05.379753,0.45,0.7,4,0.05,0.01,0.45,0.08,5,0.6,5,0.65,,,,,,PRUNED
6549,-0.4979293682861283,2026-05-12 19:40:34.772988,2026-05-12 19:40:39.653774,0 days 00:00:04.880786,0.35,0.7,4,0.05,0.02,0.3,0.12,4,0.5,5,0.5,,,,,,PRUNED
6550,-0.5179924623587872,2026-05-12 19:40:39.677463,2026-05-12 19:40:40.189965,0 days 00:00:00.512502,0.45,0.7,2,0.05,0.02,0.6,0.08,6,0.5,20,0.8,-0.39108387647623727,-0.030830266507629607,0.2538171717650998,0.36025360996860767,,COMPLETE
6551,-0.5796244337664276,2026-05-12 19:40:40.212909,2026-05-12 19:40:45.294507,0 days 00:00:05.081598,0.25,0.9,4,0.03,0.01,0.45,0.08,4,0.7,5,0.65,,,,,,PRUNED
6552,-0.4092788272711371,2026-05-12 19:40:45.325289,2026-05-12 19:40:45.793781,0 days 00:00:00.468492,0.45,0.7,3,0.05,0.02,0.6,0.08,6,0.5,20,0.8,,,,,,PRUNED
6553,-0.5179924623587872,2026-05-12 19:40:45.819110,2026-05-12 19:40:46.355308,0 days 00:00:00.536198,0.45,0.7,2,0.05,0.02,0.6,0.08,6,0.5,20,0.8,-0.39108387647623727,-0.030830266507629607,0.2538171717650998,0.36025360996860767,,COMPLETE
6554,-0.48022067312599137,2026-05-12 19:40:46.380314,2026-05-12 19:40:50.613719,0 days 00:00:04.233405,0.35,0.8,2,0.05,0.01,0.6,0.16,4,0.7,20,0.65,,,,,,PRUNED
6555,-0.5005149141356594,2026-05-12 19:40:50.640541,2026-05-12 19:40:55.272976,0 days 00:00:04.632435,0.25,0.7,2,0.05,0.02,0.6,0.16,3,0.5,5,0.5,,,,,,PRUNED
6556,-0.5179924623587872,2026-05-12 19:40:55.302406,2026-05-12 19:40:55.954967,0 days 00:00:00.652561,0.45,0.7,2,0.05,0.02,0.6,0.08,6,0.5,20,0.8,-0.39108387647623727,-0.030830266507629607,0.2538171717650998,0.36025360996860767,,COMPLETE
6557,-0.4385092638698055,2026-05-12 19:40:55.985044,2026-05-12 19:41:02.193010,0 days 00:00:06.207966,0.45,0.7,3,0.05,0.02,0.3,0.08,6,0.6,5,0.65,,,,,,PRUNED
6558,-0.48209484832062277,2026-05-12 19:41:02.221762,2026-05-12 19:41:08.392924,0 days 00:00:06.171162,0.35,0.9,4,0.03,0.02,0.45,0.08,6,0.5,20,0.5,,,,,,PRUNED
6559,-0.4552476356405952,2026-05-12 19:41:08.423555,2026-05-12 19:41:12.853004,0 days 00:00:04.429449,0.45,0.8,2,0.03,0.01,0.3,0.08,4,0.5,10,0.5,,,,,,PRUNED
6560,-0.5179924623587872,2026-05-12 19:41:12.883104,2026-05-12 19:41:13.470885,0 days 00:00:00.587781,0.45,0.7,2,0.05,0.02,0.6,0.08,6,0.5,20,0.8,-0.39108387647623727,-0.030830266507629607,0.2538171717650998,0.36025360996860767,,COMPLETE
6561,-0.5807325331738512,2026-05-12 19:41:13.498943,2026-05-12 19:41:16.884123,0 days 00:00:03.385180,0.45,0.7,4,0.05,0.02,0.45,0.12,3,0.5,20,0.65,,,,,,PRUNED
6562,-0.4617082128111798,2026-05-12 19:41:16.907615,2026-05-12 19:41:21.144185,0 days 00:00:04.236570,0.45,0.7,3,0.03,0.01,0.45,0.08,5,0.6,20,0.5,,,,,,PRUNED
6563,-0.5698468243654411,2026-05-12 19:41:21.171985,2026-05-12 19:41:26.176388,0 days 00:00:05.004403,0.25,0.9,2,0.05,0.01,0.45,0.12,4,0.7,5,0.5,,,,,,PRUNED
6564,-9999.0,2026-05-12 19:41:26.204589,2026-05-12 19:41:26.529976,0 days 00:00:00.325387,0.35,0.7,3,0.03,0.02,0.6,0.16,5,0.7,10,0.5,,,,,BEAR_RATIO < NEUTRAL_RATIO < BULL_RATIO 约束违反: 0.35 / 0.7 / 0.7,COMPLETE
6565,-0.4296411080598753,2026-05-12 19:41:26.556673,2026-05-12 19:41:26.942567,0 days 00:00:00.385894,0.45,0.7,2,0.05,0.02,0.6,0.16,6,0.5,20,0.5,,,,,,PRUNED
6566,-0.5193831116350891,2026-05-12 19:41:26.967585,2026-05-12 19:41:31.248416,0 days 00:00:04.280831,0.35,0.8,2,0.03,0.01,0.45,0.16,3,0.6,5,0.5,,,,,,PRUNED
6567,-0.42357363260304626,2026-05-12 19:41:31.286637,2026-05-12 19:41:31.709636,0 days 00:00:00.422999,0.45,0.7,2,0.05,0.02,0.6,0.08,6,0.6,20,0.8,,,,,,PRUNED
6568,-0.5179924623587872,2026-05-12 19:41:31.736811,2026-05-12 19:41:32.344886,0 days 00:00:00.608075,0.45,0.7,2,0.05,0.02,0.6,0.08,6,0.5,20,0.8,-0.39108387647623727,-0.030830266507629607,0.2538171717650998,0.36025360996860767,,COMPLETE
6569,-0.44727036634333456,2026-05-12 19:41:32.379715,2026-05-12 19:41:37.203847,0 days 00:00:04.824132,0.45,0.7,3,0.03,0.02,0.6,0.08,6,0.6,20,0.8,,,,,,PRUNED
6570,-0.6091543315970926,2026-05-12 19:41:37.232131,2026-05-12 19:41:40.642213,0 days 00:00:03.410082,0.45,0.8,2,0.03,0.02,0.45,0.16,3,0.5,20,0.8,,,,,,PRUNED
6571,-0.5117832289769738,2026-05-12 19:41:40.668752,2026-05-12 19:41:45.632470,0 days 00:00:04.963718,0.25,0.8,2,0.03,0.02,0.3,0.08,5,0.6,10,0.5,,,,,,PRUNED
6572,-9999.0,2026-05-12 19:41:45.658230,2026-05-12 19:41:45.986414,0 days 00:00:00.328184,0.45,0.7,3,0.05,0.02,0.6,0.08,6,0.7,20,0.8,,,,,BEAR_RATIO < NEUTRAL_RATIO < BULL_RATIO 约束违反: 0.45 / 0.7 / 0.7,COMPLETE
6573,-0.4609181184414978,2026-05-12 19:41:46.010630,2026-05-12 19:41:51.745287,0 days 00:00:05.734657,0.45,0.8,3,0.05,0.02,0.6,0.12,6,0.6,5,0.65,,,,,,PRUNED
6574,-0.5383502157671967,2026-05-12 19:41:51.772425,2026-05-12 19:41:57.286602,0 days 00:00:05.514177,0.25,0.8,3,0.03,0.02,0.45,0.08,5,0.6,5,0.65,,,,,,PRUNED
6575,-0.4213231947291116,2026-05-12 19:41:57.311803,2026-05-12 19:41:57.662064,0 days 00:00:00.350261,0.45,0.7,2,0.05,0.02,0.6,0.08,4,0.5,20,0.8,,,,,,PRUNED
6576,-0.5276713793559658,2026-05-12 19:41:57.686016,2026-05-12 19:42:01.959193,0 days 00:00:04.273177,0.25,0.8,2,0.03,0.01,0.3,0.12,3,0.5,5,0.5,,,,,,PRUNED
6577,-0.5179924623587872,2026-05-12 19:42:01.984798,2026-05-12 19:42:02.592674,0 days 00:00:00.607876,0.45,0.7,2,0.05,0.02,0.6,0.08,6,0.5,20,0.8,-0.39108387647623727,-0.030830266507629607,0.2538171717650998,0.36025360996860767,,COMPLETE
6578,-0.5006930075781019,2026-05-12 19:42:02.619462,2026-05-12 19:42:05.500287,0 days 00:00:02.880825,0.35,0.9,2,0.05,0.02,0.3,0.16,3,0.6,5,0.65,,,,,,PRUNED
6579,-0.4538121783163756,2026-05-12 19:42:05.525076,2026-05-12 19:42:10.655468,0 days 00:00:05.130392,0.45,0.7,4,0.05,0.02,0.3,0.12,4,0.6,10,0.65,,,,,,PRUNED
6580,-0.6361515268193503,2026-05-12 19:42:10.679803,2026-05-12 19:42:14.200845,0 days 00:00:03.521042,0.25,0.9,4,0.03,0.02,0.6,0.08,3,0.6,20,0.8,,,,,,PRUNED
6581,-0.5179924623587872,2026-05-12 19:42:14.228848,2026-05-12 19:42:14.804752,0 days 00:00:00.575904,0.45,0.7,2,0.05,0.02,0.6,0.08,6,0.5,20,0.8,-0.39108387647623727,-0.030830266507629607,0.2538171717650998,0.36025360996860767,,COMPLETE
6582,-0.5179924623587872,2026-05-12 19:42:14.832941,2026-05-12 19:42:15.413764,0 days 00:00:00.580823,0.45,0.7,2,0.05,0.02,0.6,0.08,6,0.5,20,0.8,-0.39108387647623727,-0.030830266507629607,0.2538171717650998,0.36025360996860767,,COMPLETE
6583,-0.47441457244516044,2026-05-12 19:42:15.439398,2026-05-12 19:42:15.828611,0 days 00:00:00.389213,0.25,0.7,2,0.05,0.02,0.6,0.08,6,0.5,20,0.8,,,,,,PRUNED
6584,-0.4453372005663059,2026-05-12 19:42:15.856150,2026-05-12 19:42:20.557215,0 days 00:00:04.701065,0.45,0.7,2,0.03,0.02,0.6,0.08,5,0.5,20,0.65,,,,,,PRUNED
6585,-0.5179924623587872,2026-05-12 19:42:20.584978,2026-05-12 19:42:21.192942,0 days 00:00:00.607964,0.45,0.7,2,0.05,0.02,0.6,0.08,6,0.5,20,0.8,-0.39108387647623727,-0.030830266507629607,0.2538171717650998,0.36025360996860767,,COMPLETE
6586,-0.43362061482938863,2026-05-12 19:42:21.224039,2026-05-12 19:42:21.591213,0 days 00:00:00.367174,0.45,0.9,3,0.05,0.02,0.6,0.08,6,0.5,20,0.8,,,,,,PRUNED
6587,-0.6094177233364708,2026-05-12 19:42:21.616657,2026-05-12 19:42:25.308858,0 days 00:00:03.692201,0.25,0.8,4,0.03,0.02,0.6,0.16,3,0.7,10,0.8,,,,,,PRUNED
6588,-0.5179924623587872,2026-05-12 19:42:25.337398,2026-05-12 19:42:25.945692,0 days 00:00:00.608294,0.45,0.7,2,0.05,0.02,0.6,0.08,6,0.5,20,0.8,-0.39108387647623727,-0.030830266507629607,0.2538171717650998,0.36025360996860767,,COMPLETE
6589,-0.4893398236328562,2026-05-12 19:42:25.971159,2026-05-12 19:42:31.920302,0 days 00:00:05.949143,0.45,0.8,3,0.05,0.02,0.45,0.16,6,0.7,5,0.5,,,,,,PRUNED
6590,-0.5892704630951687,2026-05-12 19:42:31.947669,2026-05-12 19:42:35.816894,0 days 00:00:03.869225,0.45,0.8,3,0.03,0.01,0.3,0.16,3,0.7,10,0.65,,,,,,PRUNED
6591,-0.5109381723264822,2026-05-12 19:42:35.845970,2026-05-12 19:42:41.484544,0 days 00:00:05.638574,0.45,0.9,4,0.05,0.02,0.3,0.16,6,0.7,5,0.8,,,,,,PRUNED
6592,-0.5181353507239722,2026-05-12 19:42:41.514968,2026-05-12 19:42:46.164536,0 days 00:00:04.649568,0.25,0.7,2,0.05,0.02,0.3,0.16,3,0.6,5,0.65,,,,,,PRUNED
6593,-0.45631050409358775,2026-05-12 19:42:46.194977,2026-05-12 19:42:50.561345,0 days 00:00:04.366368,0.35,0.7,4,0.03,0.02,0.6,0.08,4,0.5,20,0.5,,,,,,PRUNED
6594,-0.5179924623587872,2026-05-12 19:42:50.602307,2026-05-12 19:42:51.251804,0 days 00:00:00.649497,0.45,0.7,2,0.05,0.02,0.6,0.08,6,0.5,20,0.8,-0.39108387647623727,-0.030830266507629607,0.2538171717650998,0.36025360996860767,,COMPLETE
6595,-0.5179924623587872,2026-05-12 19:42:51.280756,2026-05-12 19:42:51.902698,0 days 00:00:00.621942,0.45,0.7,2,0.05,0.01,0.6,0.08,6,0.5,20,0.8,-0.39108387647623727,-0.030830266507629607,0.2538171717650998,0.36025360996860767,,COMPLETE
6596,-9999.0,2026-05-12 19:42:51.930080,2026-05-12 19:42:52.282605,0 days 00:00:00.352525,0.45,0.7,2,0.05,0.02,0.45,0.08,5,0.7,10,0.65,,,,,BEAR_RATIO < NEUTRAL_RATIO < BULL_RATIO 约束违反: 0.45 / 0.7 / 0.7,COMPLETE
6597,-0.4296411080598753,2026-05-12 19:42:52.313055,2026-05-12 19:42:52.732993,0 days 00:00:00.419938,0.45,0.7,2,0.05,0.02,0.6,0.16,6,0.5,20,0.8,,,,,,PRUNED
6598,-0.6427513471937542,2026-05-12 19:42:52.760793,2026-05-12 19:42:56.448884,0 days 00:00:03.688091,0.45,0.8,4,0.03,0.02,0.3,0.12,3,0.7,20,0.8,,,,,,PRUNED
6599,-0.5179924623587872,2026-05-12 19:42:56.507471,2026-05-12 19:42:57.137570,0 days 00:00:00.630099,0.45,0.7,2,0.05,0.02,0.6,0.08,6,0.5,20,0.8,-0.39108387647623727,-0.030830266507629607,0.2538171717650998,0.36025360996860767,,COMPLETE
6600,-0.4100386278766106,2026-05-12 19:42:57.165036,2026-05-12 19:42:57.578660,0 days 00:00:00.413624,0.45,0.7,2,0.05,0.02,0.3,0.08,6,0.5,20,0.8,,,,,,PRUNED
6601,-0.5179924623587872,2026-05-12 19:42:57.607017,2026-05-12 19:42:58.230651,0 days 00:00:00.623634,0.45,0.7,2,0.05,0.02,0.6,0.08,6,0.5,20,0.8,-0.39108387647623727,-0.030830266507629607,0.2538171717650998,0.36025360996860767,,COMPLETE
6602,-0.4107809201109101,2026-05-12 19:42:58.257445,2026-05-12 19:43:03.052811,0 days 00:00:04.795366,0.45,0.7,3,0.05,0.02,0.3,0.08,6,0.5,20,0.65,,,,,,PRUNED
6603,-0.4092137988646166,2026-05-12 19:43:03.079256,2026-05-12 19:43:03.427757,0 days 00:00:00.348501,0.45,0.7,2,0.05,0.02,0.6,0.08,6,0.5,10,0.8,,,,,,PRUNED
6604,-0.5179924623587872,2026-05-12 19:43:03.450407,2026-05-12 19:43:03.942103,0 days 00:00:00.491696,0.45,0.7,2,0.05,0.02,0.6,0.08,6,0.5,20,0.8,-0.39108387647623727,-0.030830266507629607,0.2538171717650998,0.36025360996860767,,COMPLETE
6605,-0.41425741193738236,2026-05-12 19:43:03.963291,2026-05-12 19:43:04.293414,0 days 00:00:00.330123,0.45,0.7,2,0.05,0.02,0.6,0.08,6,0.5,5,0.8,,,,,,PRUNED
6606,-0.5060260496629667,2026-05-12 19:43:04.319056,2026-05-12 19:43:08.539147,0 days 00:00:04.220091,0.35,0.8,3,0.03,0.01,0.6,0.12,4,0.7,10,0.5,,,,,,PRUNED
6607,-0.47119754972919226,2026-05-12 19:43:08.569838,2026-05-12 19:43:12.849725,0 days 00:00:04.279887,0.35,0.8,4,0.03,0.01,0.6,0.08,6,0.5,20,0.65,,,,,,PRUNED
6608,-0.47646590014010703,2026-05-12 19:43:12.878218,2026-05-12 19:43:17.438454,0 days 00:00:04.560236,0.45,0.9,2,0.05,0.02,0.6,0.08,5,0.7,20,0.5,,,,,,PRUNED
6609,-0.4481101710792979,2026-05-12 19:43:17.468485,2026-05-12 19:43:22.146374,0 days 00:00:04.677889,0.35,0.7,2,0.05,0.02,0.6,0.08,5,0.5,20,0.5,,,,,,PRUNED
6610,-0.5389496625485659,2026-05-12 19:43:22.174962,2026-05-12 19:43:26.082405,0 days 00:00:03.907443,0.35,0.7,3,0.05,0.01,0.45,0.08,3,0.6,10,0.8,,,,,,PRUNED
6611,-0.43333909441165963,2026-05-12 19:43:26.114832,2026-05-12 19:43:26.542168,0 days 00:00:00.427336,0.35,0.7,2,0.05,0.02,0.6,0.08,6,0.5,20,0.8,,,,,,PRUNED
6612,-0.42056632138184724,2026-05-12 19:43:26.571807,2026-05-12 19:43:27.000884,0 days 00:00:00.429077,0.45,0.8,2,0.05,0.02,0.6,0.08,6,0.5,20,0.8,,,,,,PRUNED
6613,-0.4772837585403844,2026-05-12 19:43:27.031227,2026-05-12 19:43:32.553885,0 days 00:00:05.522658,0.35,0.8,3,0.05,0.01,0.3,0.08,6,0.7,10,0.65,,,,,,PRUNED
6614,-0.5152589260356245,2026-05-12 19:43:32.582275,2026-05-12 19:43:37.914486,0 days 00:00:05.332211,0.35,0.8,4,0.03,0.02,0.45,0.16,6,0.5,20,0.5,,,,,,PRUNED
6615,-0.5405547794161967,2026-05-12 19:43:37.943369,2026-05-12 19:43:42.608376,0 days 00:00:04.665007,0.25,0.7,4,0.03,0.02,0.6,0.16,5,0.5,20,0.8,,,,,,PRUNED
6616,-0.4464357332434078,2026-05-12 19:43:42.637273,2026-05-12 19:43:47.316433,0 days 00:00:04.679160,0.45,0.7,2,0.03,0.02,0.3,0.08,5,0.5,20,0.5,,,,,,PRUNED
6617,-0.5179924623587872,2026-05-12 19:43:47.344524,2026-05-12 19:43:47.942924,0 days 00:00:00.598400,0.45,0.7,2,0.05,0.02,0.6,0.08,6,0.5,20,0.8,-0.39108387647623727,-0.030830266507629607,0.2538171717650998,0.36025360996860767,,COMPLETE
6618,-0.4106117209672115,2026-05-12 19:43:47.970268,2026-05-12 19:43:48.367090,0 days 00:00:00.396822,0.45,0.7,2,0.05,0.02,0.6,0.08,5,0.5,10,0.8,,,,,,PRUNED
6619,-9999.0,2026-05-12 19:43:48.395861,2026-05-12 19:43:48.748044,0 days 00:00:00.352183,0.45,0.7,2,0.05,0.02,0.45,0.08,6,0.7,20,0.8,,,,,BEAR_RATIO < NEUTRAL_RATIO < BULL_RATIO 约束违反: 0.45 / 0.7 / 0.7,COMPLETE
6620,-0.4848724125599503,2026-05-12 19:43:48.776483,2026-05-12 19:43:53.078547,0 days 00:00:04.302064,0.45,0.9,2,0.05,0.02,0.3,0.16,4,0.7,10,0.8,,,,,,PRUNED
6621,-0.5179924623587872,2026-05-12 19:43:53.105804,2026-05-12 19:43:53.675926,0 days 00:00:00.570122,0.45,0.7,2,0.05,0.02,0.6,0.08,6,0.5,20,0.8,-0.39108387647623727,-0.030830266507629607,0.2538171717650998,0.36025360996860767,,COMPLETE
6622,-0.43333909441165963,2026-05-12 19:43:53.704713,2026-05-12 19:43:54.103885,0 days 00:00:00.399172,0.35,0.7,2,0.05,0.02,0.6,0.08,6,0.5,20,0.5,,,,,,PRUNED
6623,-0.4526564165718329,2026-05-12 19:43:54.147099,2026-05-12 19:43:57.041454,0 days 00:00:02.894355,0.45,0.8,2,0.05,0.01,0.6,0.08,5,0.6,20,0.8,,,,,,PRUNED
6624,-0.5016036148664917,2026-05-12 19:43:57.070224,2026-05-12 19:44:01.378112,0 days 00:00:04.307888,0.25,0.7,4,0.05,0.02,0.6,0.12,3,0.5,5,0.8,,,,,,PRUNED
6625,-0.5027295767079023,2026-05-12 19:44:01.405324,2026-05-12 19:44:06.415761,0 days 00:00:05.010437,0.25,0.8,3,0.03,0.02,0.6,0.08,5,0.5,10,0.8,,,,,,PRUNED
6626,-9999.0,2026-05-12 19:44:06.446397,2026-05-12 19:44:06.821741,0 days 00:00:00.375344,0.35,0.7,2,0.05,0.02,0.45,0.08,4,0.7,20,0.8,,,,,BEAR_RATIO < NEUTRAL_RATIO < BULL_RATIO 约束违反: 0.35 / 0.7 / 0.7,COMPLETE
6627,-0.43573028946402204,2026-05-12 19:44:06.848881,2026-05-12 19:44:07.283110,0 days 00:00:00.434229,0.45,0.7,2,0.05,0.02,0.6,0.12,6,0.6,20,0.8,,,,,,PRUNED
6628,-9999.0,2026-05-12 19:44:07.311836,2026-05-12 19:44:07.661359,0 days 00:00:00.349523,0.45,0.7,2,0.05,0.02,0.6,0.08,6,0.7,20,0.8,,,,,BEAR_RATIO < NEUTRAL_RATIO < BULL_RATIO 约束违反: 0.45 / 0.7 / 0.7,COMPLETE
6629,-0.5216090764475377,2026-05-12 19:44:07.688394,2026-05-12 19:44:13.591502,0 days 00:00:05.903108,0.35,0.7,4,0.03,0.02,0.6,0.16,5,0.6,20,0.5,,,,,,PRUNED
6630,-0.43223096142417294,2026-05-12 19:44:13.620197,2026-05-12 19:44:14.098077,0 days 00:00:00.477880,0.45,0.9,2,0.05,0.02,0.6,0.08,6,0.5,20,0.8,,,,,,PRUNED
6631,-0.6339014630253643,2026-05-12 19:44:14.126161,2026-05-12 19:44:17.788826,0 days 00:00:03.662665,0.25,0.7,4,0.03,0.02,0.3,0.16,3,0.5,20,0.5,,,,,,PRUNED
