number,value,datetime_start,datetime_complete,duration,params_BEAR_RATIO,params_BULL_RATIO,params_GRID_MAX_LAYER,params_GRID_STEP_MAX,params_GRID_STEP_MIN,params_GRID_STEP_VOL_FACTOR,params_LAYER_FRACTION,params_MAX_HOLD,params_NEUTRAL_RATIO,params_REBALANCE_FREQ,params_VOL_WEIGHT,user_attrs_avg_test_score,user_attrs_avg_train_score,user_attrs_test_score_std,user_attrs_train_test_gap,user_attrs_validation_error,state
8688,-0.5179924623587872,2026-05-12 21:28:44.731711,2026-05-12 21:28:45.340554,0 days 00:00:00.608843,0.45,0.7,2,0.05,0.02,0.6,0.08,6,0.5,20,0.8,-0.39108387647623727,-0.030830266507629607,0.2538171717650998,0.36025360996860767,,COMPLETE
8689,-0.4498115374617914,2026-05-12 21:28:45.368773,2026-05-12 21:28:50.871847,0 days 00:00:05.503074,0.45,0.8,2,0.05,0.02,0.45,0.08,5,0.6,5,0.5,,,,,,PRUNED
8690,-0.5634815264986401,2026-05-12 21:28:50.900326,2026-05-12 21:28:54.552788,0 days 00:00:03.652462,0.25,0.7,2,0.03,0.01,0.6,0.12,3,0.5,10,0.5,,,,,,PRUNED
8691,-9999.0,2026-05-12 21:28:54.582229,2026-05-12 21:28:54.934162,0 days 00:00:00.351933,0.45,0.7,4,0.05,0.02,0.6,0.08,3,0.7,10,0.65,,,,,BEAR_RATIO < NEUTRAL_RATIO < BULL_RATIO 约束违反: 0.45 / 0.7 / 0.7,COMPLETE
8692,-0.5066477178234562,2026-05-12 21:28:54.961861,2026-05-12 21:28:59.859253,0 days 00:00:04.897392,0.45,0.8,3,0.03,0.02,0.45,0.12,4,0.5,5,0.65,,,,,,PRUNED
8693,-9999.0,2026-05-12 21:28:59.889762,2026-05-12 21:29:00.264778,0 days 00:00:00.375016,0.35,0.7,3,0.05,0.02,0.6,0.08,4,0.7,5,0.8,,,,,BEAR_RATIO < NEUTRAL_RATIO < BULL_RATIO 约束违反: 0.35 / 0.7 / 0.7,COMPLETE
8694,-0.5179924623587872,2026-05-12 21:29:00.290623,2026-05-12 21:29:00.909231,0 days 00:00:00.618608,0.45,0.7,2,0.05,0.02,0.6,0.08,6,0.5,20,0.8,-0.39108387647623727,-0.030830266507629607,0.2538171717650998,0.36025360996860767,,COMPLETE
8695,-0.6121251634214607,2026-05-12 21:29:00.937808,2026-05-12 21:29:04.299125,0 days 00:00:03.361317,0.35,0.8,2,0.05,0.02,0.45,0.12,3,0.6,20,0.65,,,,,,PRUNED
8696,-0.46990436247384865,2026-05-12 21:29:04.327167,2026-05-12 21:29:08.962215,0 days 00:00:04.635048,0.45,0.8,4,0.05,0.02,0.6,0.08,5,0.7,20,0.65,,,,,,PRUNED
8697,-0.5522015022182782,2026-05-12 21:29:08.992599,2026-05-12 21:29:14.766505,0 days 00:00:05.773906,0.35,0.9,2,0.03,0.01,0.6,0.12,6,0.7,5,0.8,,,,,,PRUNED
8698,-0.5179924623587872,2026-05-12 21:29:14.795039,2026-05-12 21:29:15.397457,0 days 00:00:00.602418,0.45,0.7,2,0.05,0.02,0.6,0.08,6,0.5,20,0.8,-0.39108387647623727,-0.030830266507629607,0.2538171717650998,0.36025360996860767,,COMPLETE
8699,-0.5179924623587872,2026-05-12 21:29:15.425113,2026-05-12 21:29:16.034454,0 days 00:00:00.609341,0.45,0.7,2,0.05,0.02,0.6,0.08,6,0.5,20,0.8,-0.39108387647623727,-0.030830266507629607,0.2538171717650998,0.36025360996860767,,COMPLETE
8700,-0.4739943803801116,2026-05-12 21:29:16.064109,2026-05-12 21:29:20.662364,0 days 00:00:04.598255,0.45,0.8,3,0.03,0.02,0.45,0.08,5,0.6,20,0.65,,,,,,PRUNED
8701,-0.5179924623587872,2026-05-12 21:29:20.689771,2026-05-12 21:29:21.292150,0 days 00:00:00.602379,0.45,0.7,2,0.05,0.02,0.6,0.08,6,0.5,20,0.8,-0.39108387647623727,-0.030830266507629607,0.2538171717650998,0.36025360996860767,,COMPLETE
8702,-0.42357363260304626,2026-05-12 21:29:21.318166,2026-05-12 21:29:21.729291,0 days 00:00:00.411125,0.45,0.7,2,0.05,0.02,0.6,0.08,6,0.6,20,0.8,,,,,,PRUNED
8703,-0.5179924623587872,2026-05-12 21:29:21.757259,2026-05-12 21:29:22.427501,0 days 00:00:00.670242,0.45,0.7,2,0.05,0.02,0.6,0.08,6,0.5,20,0.8,-0.39108387647623727,-0.030830266507629607,0.2538171717650998,0.36025360996860767,,COMPLETE
8704,-0.5172387950256542,2026-05-12 21:29:22.456371,2026-05-12 21:29:28.199421,0 days 00:00:05.743050,0.35,0.8,4,0.03,0.01,0.45,0.08,6,0.7,5,0.5,,,,,,PRUNED
8705,-0.6182149196187782,2026-05-12 21:29:28.225703,2026-05-12 21:29:31.668435,0 days 00:00:03.442732,0.35,0.9,2,0.05,0.01,0.45,0.12,3,0.6,20,0.5,,,,,,PRUNED
8706,-0.47441457244516044,2026-05-12 21:29:31.694807,2026-05-12 21:29:32.135120,0 days 00:00:00.440313,0.25,0.7,2,0.05,0.02,0.6,0.08,6,0.5,20,0.8,,,,,,PRUNED
8707,-0.5468053895397127,2026-05-12 21:29:32.162573,2026-05-12 21:29:37.931473,0 days 00:00:05.768900,0.35,0.7,4,0.03,0.02,0.6,0.16,4,0.6,5,0.5,,,,,,PRUNED
8708,-0.4375177398777454,2026-05-12 21:29:37.960681,2026-05-12 21:29:43.722284,0 days 00:00:05.761603,0.45,0.7,3,0.03,0.02,0.45,0.08,6,0.5,5,0.8,,,,,,PRUNED
8709,-0.5208709859289384,2026-05-12 21:29:43.752713,2026-05-12 21:29:49.267539,0 days 00:00:05.514826,0.35,0.7,3,0.03,0.02,0.6,0.16,5,0.6,5,0.8,,,,,,PRUNED
8710,-0.596244889515074,2026-05-12 21:29:49.298812,2026-05-12 21:29:53.018080,0 days 00:00:03.719268,0.25,0.9,4,0.03,0.02,0.6,0.16,3,0.5,10,0.5,,,,,,PRUNED
8711,-0.5084723542430166,2026-05-12 21:29:53.048458,2026-05-12 21:29:57.572706,0 days 00:00:04.524248,0.25,0.9,2,0.05,0.02,0.3,0.16,4,0.7,10,0.5,,,,,,PRUNED
8712,-0.44584323085327954,2026-05-12 21:29:57.602593,2026-05-12 21:30:02.160659,0 days 00:00:04.558066,0.45,0.8,3,0.05,0.01,0.45,0.12,4,0.5,10,0.8,,,,,,PRUNED
8713,-0.6120904884451326,2026-05-12 21:30:02.191942,2026-05-12 21:30:06.141570,0 days 00:00:03.949628,0.35,0.7,3,0.03,0.01,0.3,0.16,3,0.5,20,0.8,,,,,,PRUNED
8714,-0.4318124553734489,2026-05-12 21:30:06.170044,2026-05-12 21:30:06.622059,0 days 00:00:00.452015,0.45,0.7,2,0.03,0.02,0.6,0.08,6,0.5,20,0.5,,,,,,PRUNED
8715,-0.5279796052366195,2026-05-12 21:30:06.651569,2026-05-12 21:30:11.442351,0 days 00:00:04.790782,0.25,0.8,3,0.05,0.01,0.3,0.12,3,0.6,5,0.8,,,,,,PRUNED
8716,-0.5179924623587872,2026-05-12 21:30:11.467330,2026-05-12 21:30:12.042148,0 days 00:00:00.574818,0.45,0.7,2,0.05,0.02,0.6,0.08,6,0.5,20,0.8,-0.39108387647623727,-0.030830266507629607,0.2538171717650998,0.36025360996860767,,COMPLETE
8717,-0.5152129730562091,2026-05-12 21:30:12.070289,2026-05-12 21:30:16.192287,0 days 00:00:04.121998,0.45,0.8,4,0.03,0.02,0.45,0.16,4,0.7,20,0.8,,,,,,PRUNED
8718,-0.5640614544815266,2026-05-12 21:30:16.220543,2026-05-12 21:30:19.898108,0 days 00:00:03.677565,0.25,0.8,3,0.05,0.01,0.3,0.08,3,0.7,10,0.65,,,,,,PRUNED
8719,-9999.0,2026-05-12 21:30:19.929135,2026-05-12 21:30:20.308326,0 days 00:00:00.379191,0.45,0.7,3,0.03,0.02,0.3,0.16,6,0.7,20,0.65,,,,,BEAR_RATIO < NEUTRAL_RATIO < BULL_RATIO 约束违反: 0.45 / 0.7 / 0.7,COMPLETE
8720,-0.49030964981512976,2026-05-12 21:30:20.335365,2026-05-12 21:30:25.234381,0 days 00:00:04.899016,0.45,0.8,2,0.03,0.01,0.3,0.16,6,0.5,20,0.5,,,,,,PRUNED
8721,-0.5179924623587872,2026-05-12 21:30:25.261000,2026-05-12 21:30:25.882733,0 days 00:00:00.621733,0.45,0.7,2,0.05,0.01,0.6,0.08,6,0.5,20,0.8,-0.39108387647623727,-0.030830266507629607,0.2538171717650998,0.36025360996860767,,COMPLETE
8722,-0.4645854314281648,2026-05-12 21:30:25.911913,2026-05-12 21:30:32.578992,0 days 00:00:06.667079,0.35,0.7,2,0.05,0.02,0.6,0.08,6,0.6,5,0.5,,,,,,PRUNED
8723,-0.5438164968111365,2026-05-12 21:30:32.613275,2026-05-12 21:30:37.867269,0 days 00:00:05.253994,0.35,0.9,2,0.03,0.01,0.3,0.08,4,0.6,5,0.5,,,,,,PRUNED
8724,-0.4213231947291116,2026-05-12 21:30:37.895444,2026-05-12 21:30:38.329385,0 days 00:00:00.433941,0.45,0.7,2,0.05,0.02,0.6,0.08,4,0.5,20,0.8,,,,,,PRUNED
8725,-0.42293370088728216,2026-05-12 21:30:38.364739,2026-05-12 21:30:44.090358,0 days 00:00:05.725619,0.45,0.8,4,0.05,0.01,0.6,0.08,6,0.5,20,0.65,,,,,,PRUNED
8726,-0.5179924623587872,2026-05-12 21:30:44.115307,2026-05-12 21:30:44.667677,0 days 00:00:00.552370,0.45,0.7,2,0.05,0.02,0.6,0.08,6,0.5,20,0.8,-0.39108387647623727,-0.030830266507629607,0.2538171717650998,0.36025360996860767,,COMPLETE
8727,-0.5397087935158389,2026-05-12 21:30:44.693532,2026-05-12 21:30:48.419729,0 days 00:00:03.726197,0.35,0.9,2,0.05,0.02,0.3,0.08,3,0.5,10,0.5,,,,,,PRUNED
8728,-0.46182178700448384,2026-05-12 21:30:48.448101,2026-05-12 21:30:52.448145,0 days 00:00:04.000044,0.45,0.8,2,0.05,0.02,0.45,0.12,4,0.7,20,0.65,,,,,,PRUNED
8729,-0.46560300425387685,2026-05-12 21:30:52.488275,2026-05-12 21:30:57.999960,0 days 00:00:05.511685,0.45,0.9,4,0.05,0.02,0.6,0.08,5,0.6,5,0.65,,,,,,PRUNED
8730,-0.5179924623587872,2026-05-12 21:30:58.027698,2026-05-12 21:30:58.667267,0 days 00:00:00.639569,0.45,0.7,2,0.05,0.02,0.6,0.08,6,0.5,20,0.8,-0.39108387647623727,-0.030830266507629607,0.2538171717650998,0.36025360996860767,,COMPLETE
8731,-0.5737378507101638,2026-05-12 21:30:58.699647,2026-05-12 21:31:02.124707,0 days 00:00:03.425060,0.45,0.7,3,0.05,0.01,0.3,0.08,3,0.5,20,0.5,,,,,,PRUNED
8732,-0.4092137988646166,2026-05-12 21:31:02.154570,2026-05-12 21:31:02.570111,0 days 00:00:00.415541,0.45,0.7,2,0.05,0.02,0.6,0.08,6,0.5,10,0.8,,,,,,PRUNED
8733,-0.532419804942469,2026-05-12 21:31:02.598069,2026-05-12 21:31:06.897860,0 days 00:00:04.299791,0.25,0.7,4,0.03,0.02,0.45,0.16,3,0.5,5,0.5,,,,,,PRUNED
8734,-0.44280580951243415,2026-05-12 21:31:06.924711,2026-05-12 21:31:10.883278,0 days 00:00:03.958567,0.35,0.7,2,0.05,0.02,0.6,0.12,4,0.5,20,0.5,,,,,,PRUNED
8735,-0.6407796761968721,2026-05-12 21:31:10.913886,2026-05-12 21:31:14.327349,0 days 00:00:03.413463,0.45,0.9,4,0.03,0.02,0.45,0.16,3,0.6,20,0.65,,,,,,PRUNED
8736,-0.4100386278766106,2026-05-12 21:31:14.358766,2026-05-12 21:31:14.777414,0 days 00:00:00.418648,0.45,0.7,2,0.05,0.02,0.3,0.08,6,0.5,20,0.8,,,,,,PRUNED
8737,-0.5224395079205288,2026-05-12 21:31:14.804714,2026-05-12 21:31:19.685311,0 days 00:00:04.880597,0.45,0.8,2,0.03,0.02,0.6,0.16,6,0.7,20,0.65,,,,,,PRUNED
8738,-0.44124358619379966,2026-05-12 21:31:19.713501,2026-05-12 21:31:24.245778,0 days 00:00:04.532277,0.45,0.7,2,0.05,0.02,0.3,0.08,5,0.6,20,0.8,,,,,,PRUNED
8739,-0.4955147225528318,2026-05-12 21:31:24.274207,2026-05-12 21:31:29.151745,0 days 00:00:04.877538,0.35,0.9,3,0.03,0.01,0.45,0.08,6,0.6,20,0.65,,,,,,PRUNED
8740,-0.5011175879480377,2026-05-12 21:31:29.178799,2026-05-12 21:31:34.276251,0 days 00:00:05.097452,0.35,0.9,2,0.05,0.01,0.3,0.16,6,0.6,10,0.65,,,,,,PRUNED
8741,-0.43588147116932807,2026-05-12 21:31:34.305014,2026-05-12 21:31:34.715213,0 days 00:00:00.410199,0.45,0.7,2,0.05,0.02,0.6,0.16,4,0.5,20,0.8,,,,,,PRUNED
8742,-0.5179924623587872,2026-05-12 21:31:34.753953,2026-05-12 21:31:35.390848,0 days 00:00:00.636895,0.45,0.7,2,0.05,0.02,0.6,0.08,6,0.5,20,0.8,-0.39108387647623727,-0.030830266507629607,0.2538171717650998,0.36025360996860767,,COMPLETE
8743,-0.5179924623587872,2026-05-12 21:31:35.417138,2026-05-12 21:31:36.054990,0 days 00:00:00.637852,0.45,0.7,2,0.05,0.02,0.6,0.08,6,0.5,20,0.8,-0.39108387647623727,-0.030830266507629607,0.2538171717650998,0.36025360996860767,,COMPLETE
8744,-0.5179924623587872,2026-05-12 21:31:36.084263,2026-05-12 21:31:36.715861,0 days 00:00:00.631598,0.45,0.7,2,0.05,0.02,0.6,0.08,6,0.5,20,0.8,-0.39108387647623727,-0.030830266507629607,0.2538171717650998,0.36025360996860767,,COMPLETE
8745,-0.47909756914914253,2026-05-12 21:31:36.746285,2026-05-12 21:31:42.733247,0 days 00:00:05.986962,0.45,0.7,4,0.05,0.01,0.3,0.16,4,0.5,5,0.8,,,,,,PRUNED
8746,-0.5071204020714708,2026-05-12 21:31:42.761146,2026-05-12 21:31:46.848193,0 days 00:00:04.087047,0.35,0.7,4,0.03,0.01,0.3,0.16,4,0.6,20,0.65,,,,,,PRUNED
8747,-0.5807325331738512,2026-05-12 21:31:46.878967,2026-05-12 21:31:50.404895,0 days 00:00:03.525928,0.45,0.7,4,0.05,0.02,0.6,0.12,3,0.5,20,0.8,,,,,,PRUNED
8748,-0.5678360220891367,2026-05-12 21:31:50.432844,2026-05-12 21:31:54.148364,0 days 00:00:03.715520,0.45,0.9,4,0.05,0.02,0.3,0.12,3,0.7,10,0.8,,,,,,PRUNED
8749,-0.487116779364579,2026-05-12 21:31:54.177694,2026-05-12 21:31:58.954394,0 days 00:00:04.776700,0.25,0.8,2,0.05,0.02,0.6,0.08,6,0.5,20,0.5,,,,,,PRUNED
8750,-0.41425741193738236,2026-05-12 21:31:58.981867,2026-05-12 21:31:59.435061,0 days 00:00:00.453194,0.45,0.7,2,0.05,0.02,0.6,0.08,6,0.5,5,0.8,,,,,,PRUNED
8751,-0.5571915107242227,2026-05-12 21:31:59.463675,2026-05-12 21:32:04.544031,0 days 00:00:05.080356,0.35,0.9,2,0.03,0.01,0.6,0.12,4,0.6,5,0.65,,,,,,PRUNED
8752,-9999.0,2026-05-12 21:32:04.575039,2026-05-12 21:32:04.894697,0 days 00:00:00.319658,0.25,0.7,2,0.03,0.01,0.45,0.12,5,0.7,5,0.5,,,,,BEAR_RATIO < NEUTRAL_RATIO < BULL_RATIO 约束违反: 0.25 / 0.7 / 0.7,COMPLETE
8753,-0.4296411080598753,2026-05-12 21:32:04.923204,2026-05-12 21:32:05.335876,0 days 00:00:00.412672,0.45,0.7,2,0.05,0.02,0.6,0.16,6,0.5,20,0.8,,,,,,PRUNED
8754,-0.4920462094385524,2026-05-12 21:32:05.366643,2026-05-12 21:32:09.829226,0 days 00:00:04.462583,0.25,0.9,3,0.05,0.02,0.45,0.12,4,0.5,10,0.8,,,,,,PRUNED
8755,-0.5350317872202798,2026-05-12 21:32:09.857065,2026-05-12 21:32:15.942507,0 days 00:00:06.085442,0.25,0.8,4,0.03,0.02,0.3,0.08,6,0.5,5,0.8,,,,,,PRUNED
8756,-0.47337348351444897,2026-05-12 21:32:15.973342,2026-05-12 21:32:22.196466,0 days 00:00:06.223124,0.35,0.9,2,0.05,0.02,0.45,0.08,6,0.6,10,0.5,,,,,,PRUNED
8757,-0.42056632138184724,2026-05-12 21:32:22.225808,2026-05-12 21:32:22.666352,0 days 00:00:00.440544,0.45,0.8,2,0.05,0.02,0.6,0.08,6,0.5,20,0.8,,,,,,PRUNED
8758,-0.49177883867109123,2026-05-12 21:32:22.696400,2026-05-12 21:32:27.690375,0 days 00:00:04.993975,0.35,0.7,4,0.03,0.01,0.3,0.16,5,0.5,10,0.65,,,,,,PRUNED
8759,-0.5715107846558711,2026-05-12 21:32:27.721192,2026-05-12 21:32:28.159856,0 days 00:00:00.438664,0.45,0.7,2,0.05,0.02,0.6,0.08,3,0.5,20,0.5,,,,,,PRUNED
8760,-0.5179924623587872,2026-05-12 21:32:28.190273,2026-05-12 21:32:28.757267,0 days 00:00:00.566994,0.45,0.7,2,0.05,0.02,0.6,0.08,6,0.5,20,0.8,-0.39108387647623727,-0.030830266507629607,0.2538171717650998,0.36025360996860767,,COMPLETE
8761,-0.5118603281515867,2026-05-12 21:32:28.781722,2026-05-12 21:32:34.563221,0 days 00:00:05.781499,0.35,0.9,4,0.03,0.02,0.45,0.08,5,0.6,5,0.65,,,,,,PRUNED
8762,-0.5179924623587872,2026-05-12 21:32:34.603052,2026-05-12 21:32:35.154107,0 days 00:00:00.551055,0.45,0.7,2,0.05,0.02,0.6,0.08,6,0.5,20,0.8,-0.39108387647623727,-0.030830266507629607,0.2538171717650998,0.36025360996860767,,COMPLETE
8763,-0.5684917468768771,2026-05-12 21:32:35.179616,2026-05-12 21:32:41.083093,0 days 00:00:05.903477,0.25,0.9,3,0.03,0.01,0.6,0.12,3,0.7,5,0.5,,,,,,PRUNED
8764,-0.46760443533250906,2026-05-12 21:32:41.111910,2026-05-12 21:32:46.940645,0 days 00:00:05.828735,0.45,0.9,2,0.03,0.02,0.6,0.08,5,0.5,20,0.65,,,,,,PRUNED
8765,-0.42274706040872767,2026-05-12 21:32:46.967812,2026-05-12 21:32:52.015440,0 days 00:00:05.047628,0.45,0.7,2,0.05,0.01,0.3,0.12,6,0.5,20,0.65,,,,,,PRUNED
8766,-0.46039924304839985,2026-05-12 21:32:52.045829,2026-05-12 21:32:56.165734,0 days 00:00:04.119905,0.45,0.9,4,0.05,0.02,0.6,0.16,4,0.5,20,0.8,,,,,,PRUNED
8767,-0.5179924623587872,2026-05-12 21:32:56.195193,2026-05-12 21:32:56.816727,0 days 00:00:00.621534,0.45,0.7,2,0.05,0.02,0.6,0.08,6,0.5,20,0.8,-0.39108387647623727,-0.030830266507629607,0.2538171717650998,0.36025360996860767,,COMPLETE
8768,-0.5179924623587872,2026-05-12 21:32:56.847337,2026-05-12 21:32:57.415227,0 days 00:00:00.567890,0.45,0.7,2,0.05,0.02,0.6,0.08,6,0.5,20,0.8,-0.39108387647623727,-0.030830266507629607,0.2538171717650998,0.36025360996860767,,COMPLETE
8769,-0.5781208870975656,2026-05-12 21:32:57.444094,2026-05-12 21:33:02.129370,0 days 00:00:04.685276,0.25,0.9,4,0.03,0.02,0.45,0.16,5,0.7,20,0.65,,,,,,PRUNED
8770,-0.48295275816950994,2026-05-12 21:33:02.159005,2026-05-12 21:33:07.199523,0 days 00:00:05.040518,0.45,0.7,3,0.03,0.01,0.3,0.16,5,0.6,10,0.5,,,,,,PRUNED
8771,-0.47098626225151796,2026-05-12 21:33:07.226042,2026-05-12 21:33:12.227088,0 days 00:00:05.001046,0.45,0.9,2,0.03,0.02,0.6,0.08,6,0.6,20,0.65,,,,,,PRUNED
8772,-0.43223096142417294,2026-05-12 21:33:12.254121,2026-05-12 21:33:12.676272,0 days 00:00:00.422151,0.45,0.9,2,0.05,0.02,0.6,0.08,6,0.5,20,0.8,,,,,,PRUNED
8773,-0.48572247799627755,2026-05-12 21:33:12.705269,2026-05-12 21:33:19.523518,0 days 00:00:06.818249,0.45,0.8,2,0.03,0.01,0.45,0.16,5,0.5,5,0.8,,,,,,PRUNED
8774,-9999.0,2026-05-12 21:33:19.552244,2026-05-12 21:33:19.914201,0 days 00:00:00.361957,0.45,0.7,2,0.05,0.02,0.45,0.08,6,0.7,5,0.65,,,,,BEAR_RATIO < NEUTRAL_RATIO < BULL_RATIO 约束违反: 0.45 / 0.7 / 0.7,COMPLETE
8775,-0.4644007888065872,2026-05-12 21:33:19.943656,2026-05-12 21:33:25.524226,0 days 00:00:05.580570,0.35,0.7,3,0.05,0.01,0.6,0.12,6,0.6,10,0.5,,,,,,PRUNED
8776,-0.5964327759396373,2026-05-12 21:33:25.551821,2026-05-12 21:33:29.341780,0 days 00:00:03.789959,0.35,0.9,4,0.03,0.01,0.6,0.16,3,0.6,10,0.8,,,,,,PRUNED
8777,-0.49179763488239,2026-05-12 21:33:29.368355,2026-05-12 21:33:34.225269,0 days 00:00:04.856914,0.35,0.8,2,0.05,0.01,0.45,0.16,5,0.6,20,0.5,,,,,,PRUNED
8778,-0.5315048710851207,2026-05-12 21:33:34.256005,2026-05-12 21:33:39.210701,0 days 00:00:04.954696,0.25,0.9,3,0.03,0.01,0.3,0.08,6,0.6,20,0.5,,,,,,PRUNED
8779,-0.5306835459869904,2026-05-12 21:33:39.238747,2026-05-12 21:33:45.555300,0 days 00:00:06.316553,0.25,0.7,3,0.03,0.01,0.45,0.12,6,0.6,20,0.5,,,,,,PRUNED
8780,-0.5458351861949414,2026-05-12 21:33:45.587179,2026-05-12 21:33:49.529256,0 days 00:00:03.942077,0.35,0.8,3,0.03,0.02,0.45,0.08,3,0.5,10,0.65,,,,,,PRUNED
8781,-0.4318124553734489,2026-05-12 21:33:49.555847,2026-05-12 21:33:49.978909,0 days 00:00:00.423062,0.45,0.7,2,0.03,0.02,0.6,0.08,6,0.5,20,0.8,,,,,,PRUNED
8782,-0.4544919476022754,2026-05-12 21:33:50.007142,2026-05-12 21:33:50.421767,0 days 00:00:00.414625,0.45,0.7,2,0.03,0.02,0.6,0.12,6,0.5,20,0.8,,,,,,PRUNED
8783,-0.47590098218737964,2026-05-12 21:33:50.448188,2026-05-12 21:33:55.490983,0 days 00:00:05.042795,0.35,0.8,3,0.05,0.02,0.6,0.08,5,0.6,20,0.5,,,,,,PRUNED
8784,-0.5286041685358607,2026-05-12 21:33:55.542528,2026-05-12 21:34:01.800527,0 days 00:00:06.257999,0.25,0.7,3,0.03,0.01,0.45,0.12,6,0.6,10,0.5,,,,,,PRUNED
8785,-0.43080537961669585,2026-05-12 21:34:01.832291,2026-05-12 21:34:02.289516,0 days 00:00:00.457225,0.45,0.7,2,0.05,0.02,0.6,0.16,6,0.5,10,0.8,,,,,,PRUNED
8786,-0.4645608116175587,2026-05-12 21:34:02.319194,2026-05-12 21:34:07.008220,0 days 00:00:04.689026,0.25,0.7,2,0.05,0.02,0.45,0.08,4,0.5,10,0.65,,,,,,PRUNED
8787,-0.410125315542252,2026-05-12 21:34:07.040777,2026-05-12 21:34:07.543494,0 days 00:00:00.502717,0.45,0.7,4,0.05,0.02,0.6,0.08,6,0.5,20,0.65,,,,,,PRUNED
8788,-0.5179924623587872,2026-05-12 21:34:07.572804,2026-05-12 21:34:08.215671,0 days 00:00:00.642867,0.45,0.7,2,0.05,0.02,0.6,0.08,6,0.5,20,0.8,-0.39108387647623727,-0.030830266507629607,0.2538171717650998,0.36025360996860767,,COMPLETE
8789,-0.4369174049309009,2026-05-12 21:34:08.245259,2026-05-12 21:34:12.857565,0 days 00:00:04.612306,0.45,0.8,3,0.05,0.01,0.45,0.08,3,0.5,5,0.5,,,,,,PRUNED
8790,-0.5891168894577563,2026-05-12 21:34:12.887830,2026-05-12 21:34:16.964651,0 days 00:00:04.076821,0.35,0.8,4,0.03,0.01,0.3,0.12,3,0.7,10,0.65,,,,,,PRUNED
8791,-0.43333909441165963,2026-05-12 21:34:16.990716,2026-05-12 21:34:17.374542,0 days 00:00:00.383826,0.35,0.7,2,0.05,0.02,0.6,0.08,6,0.5,20,0.8,,,,,,PRUNED
8792,-0.5373135475622217,2026-05-12 21:34:17.402672,2026-05-12 21:34:21.989412,0 days 00:00:04.586740,0.35,0.8,3,0.03,0.02,0.3,0.16,3,0.7,5,0.65,,,,,,PRUNED
8793,-0.5916475468855817,2026-05-12 21:34:22.019266,2026-05-12 21:34:25.644744,0 days 00:00:03.625478,0.45,0.8,4,0.03,0.01,0.3,0.08,3,0.5,20,0.5,,,,,,PRUNED
8794,-0.42795376063587454,2026-05-12 21:34:25.676066,2026-05-12 21:34:26.109773,0 days 00:00:00.433707,0.45,0.7,2,0.05,0.02,0.45,0.16,6,0.5,20,0.5,,,,,,PRUNED
8795,-0.5063928220473826,2026-05-12 21:34:26.139563,2026-05-12 21:34:32.036525,0 days 00:00:05.896962,0.35,0.8,2,0.05,0.01,0.6,0.12,5,0.7,5,0.65,,,,,,PRUNED
8796,-0.5047020936389135,2026-05-12 21:34:32.064743,2026-05-12 21:34:37.414524,0 days 00:00:05.349781,0.35,0.9,2,0.03,0.01,0.6,0.12,6,0.5,20,0.8,,,,,,PRUNED
8797,-0.4958613921104909,2026-05-12 21:34:37.445160,2026-05-12 21:34:42.652674,0 days 00:00:05.207514,0.35,0.7,3,0.05,0.01,0.6,0.12,4,0.5,5,0.8,,,,,,PRUNED
8798,-0.6394721117501805,2026-05-12 21:34:42.679182,2026-05-12 21:34:46.186060,0 days 00:00:03.506878,0.35,0.9,4,0.03,0.02,0.45,0.12,3,0.6,20,0.65,,,,,,PRUNED
8799,-0.5666035879077819,2026-05-12 21:34:46.240198,2026-05-12 21:34:50.107086,0 days 00:00:03.866888,0.25,0.9,4,0.05,0.01,0.6,0.08,3,0.6,10,0.8,,,,,,PRUNED
8800,-9999.0,2026-05-12 21:34:50.135400,2026-05-12 21:34:50.511896,0 days 00:00:00.376496,0.45,0.7,2,0.05,0.02,0.6,0.08,6,0.7,20,0.8,,,,,BEAR_RATIO < NEUTRAL_RATIO < BULL_RATIO 约束违反: 0.45 / 0.7 / 0.7,COMPLETE
8801,-0.5260877120831899,2026-05-12 21:34:50.543427,2026-05-12 21:34:57.598990,0 days 00:00:07.055563,0.25,0.7,4,0.05,0.02,0.45,0.12,6,0.6,5,0.65,,,,,,PRUNED
8802,-9999.0,2026-05-12 21:34:57.633894,2026-05-12 21:34:58.026057,0 days 00:00:00.392163,0.25,0.7,3,0.03,0.01,0.3,0.16,4,0.7,10,0.8,,,,,BEAR_RATIO < NEUTRAL_RATIO < BULL_RATIO 约束违反: 0.25 / 0.7 / 0.7,COMPLETE
8803,-0.5221317903304603,2026-05-12 21:34:58.055133,2026-05-12 21:35:03.414859,0 days 00:00:05.359726,0.35,0.8,2,0.05,0.02,0.45,0.12,4,0.6,5,0.5,,,,,,PRUNED
8804,-0.43139613137620847,2026-05-12 21:35:03.445725,2026-05-12 21:35:08.955293,0 days 00:00:05.509568,0.45,0.8,4,0.05,0.02,0.6,0.08,5,0.5,5,0.8,,,,,,PRUNED
8805,-0.5017664072788331,2026-05-12 21:35:08.988703,2026-05-12 21:35:13.800284,0 days 00:00:04.811581,0.25,0.8,2,0.05,0.01,0.6,0.08,6,0.7,20,0.8,,,,,,PRUNED
8806,-0.47654915675410625,2026-05-12 21:35:13.827043,2026-05-12 21:35:19.564250,0 days 00:00:05.737207,0.35,0.9,2,0.05,0.02,0.3,0.08,6,0.5,5,0.65,,,,,,PRUNED
8807,-0.6147277332032801,2026-05-12 21:35:19.592504,2026-05-12 21:35:23.001048,0 days 00:00:03.408544,0.25,0.8,4,0.05,0.01,0.3,0.12,3,0.5,20,0.5,,,,,,PRUNED
8808,-0.4940806159672087,2026-05-12 21:35:23.027624,2026-05-12 21:35:28.224177,0 days 00:00:05.196553,0.45,0.7,4,0.03,0.02,0.45,0.16,6,0.6,10,0.65,,,,,,PRUNED
8809,-9999.0,2026-05-12 21:35:28.251233,2026-05-12 21:35:28.626985,0 days 00:00:00.375752,0.25,0.7,2,0.03,0.02,0.3,0.16,5,0.7,10,0.5,,,,,BEAR_RATIO < NEUTRAL_RATIO < BULL_RATIO 约束违反: 0.25 / 0.7 / 0.7,COMPLETE
8810,-0.5179924623587872,2026-05-12 21:35:28.656173,2026-05-12 21:35:29.313769,0 days 00:00:00.657596,0.45,0.7,2,0.05,0.01,0.6,0.08,6,0.5,20,0.8,-0.39108387647623727,-0.030830266507629607,0.2538171717650998,0.36025360996860767,,COMPLETE
8811,-0.5236482746346667,2026-05-12 21:35:29.341814,2026-05-12 21:35:34.205142,0 days 00:00:04.863328,0.25,0.8,2,0.03,0.02,0.45,0.08,6,0.7,20,0.5,,,,,,PRUNED
