number,value,datetime_start,datetime_complete,duration,params_BEAR_RATIO,params_BULL_RATIO,params_GRID_MAX_LAYER,params_GRID_STEP_MAX,params_GRID_STEP_MIN,params_GRID_STEP_VOL_FACTOR,params_LAYER_FRACTION,params_MAX_HOLD,params_NEUTRAL_RATIO,params_REBALANCE_FREQ,params_VOL_WEIGHT,user_attrs_avg_test_score,user_attrs_avg_train_score,user_attrs_test_score_std,user_attrs_train_test_gap,user_attrs_validation_error,state
5271,-0.4228254687038583,2026-05-12 18:35:41.451846,2026-05-12 18:35:41.861148,0 days 00:00:00.409302,0.45,0.7,2,0.05,0.02,0.3,0.08,4,0.5,20,0.8,,,,,,PRUNED
5272,-0.546990566879433,2026-05-12 18:35:41.886702,2026-05-12 18:35:47.079306,0 days 00:00:05.192604,0.25,0.8,3,0.03,0.01,0.45,0.16,5,0.6,10,0.5,,,,,,PRUNED
5273,-0.4626441070417578,2026-05-12 18:35:47.108421,2026-05-12 18:35:51.914456,0 days 00:00:04.806035,0.45,0.7,3,0.03,0.01,0.3,0.08,5,0.6,20,0.65,,,,,,PRUNED
5274,-0.6060096006500417,2026-05-12 18:35:51.945689,2026-05-12 18:35:55.579483,0 days 00:00:03.633794,0.25,0.8,3,0.05,0.01,0.45,0.08,3,0.5,20,0.8,,,,,,PRUNED
5275,-0.47963113652875233,2026-05-12 18:35:55.607317,2026-05-12 18:35:59.655417,0 days 00:00:04.048100,0.45,0.9,2,0.05,0.02,0.45,0.08,5,0.7,5,0.5,,,,,,PRUNED
5276,-0.4242910183560481,2026-05-12 18:35:59.682264,2026-05-12 18:36:00.068126,0 days 00:00:00.385862,0.45,0.7,2,0.05,0.02,0.6,0.08,5,0.5,20,0.65,,,,,,PRUNED
5277,-0.5800406714120232,2026-05-12 18:36:00.093823,2026-05-12 18:36:04.644538,0 days 00:00:04.550715,0.25,0.9,2,0.03,0.02,0.45,0.16,3,0.7,5,0.8,,,,,,PRUNED
5278,-0.47698443468397,2026-05-12 18:36:04.670922,2026-05-12 18:36:09.636337,0 days 00:00:04.965415,0.35,0.8,2,0.05,0.01,0.3,0.08,6,0.7,20,0.65,,,,,,PRUNED
5279,-0.5326439178818123,2026-05-12 18:36:09.664070,2026-05-12 18:36:15.045296,0 days 00:00:05.381226,0.35,0.9,4,0.03,0.01,0.3,0.12,6,0.7,10,0.65,,,,,,PRUNED
5280,-0.5179924623587872,2026-05-12 18:36:15.075854,2026-05-12 18:36:15.688224,0 days 00:00:00.612370,0.45,0.7,2,0.05,0.02,0.6,0.08,6,0.5,20,0.8,-0.39108387647623727,-0.030830266507629607,0.2538171717650998,0.36025360996860767,,COMPLETE
5281,-9999.0,2026-05-12 18:36:15.715985,2026-05-12 18:36:16.077528,0 days 00:00:00.361543,0.35,0.7,2,0.03,0.01,0.45,0.08,6,0.7,10,0.8,,,,,BEAR_RATIO < NEUTRAL_RATIO < BULL_RATIO 约束违反: 0.35 / 0.7 / 0.7,COMPLETE
5282,-0.46658046241909945,2026-05-12 18:36:16.105850,2026-05-12 18:36:20.412812,0 days 00:00:04.306962,0.25,0.8,2,0.05,0.02,0.6,0.08,4,0.5,20,0.8,,,,,,PRUNED
5283,-0.571234146155561,2026-05-12 18:36:20.440812,2026-05-12 18:36:25.566683,0 days 00:00:05.125871,0.25,0.8,2,0.03,0.02,0.6,0.16,6,0.7,20,0.8,,,,,,PRUNED
5284,-9999.0,2026-05-12 18:36:25.592106,2026-05-12 18:36:26.002550,0 days 00:00:00.410444,0.35,0.7,3,0.03,0.01,0.45,0.16,6,0.7,20,0.65,,,,,BEAR_RATIO < NEUTRAL_RATIO < BULL_RATIO 约束违反: 0.35 / 0.7 / 0.7,COMPLETE
5285,-0.4378742937405975,2026-05-12 18:36:26.030894,2026-05-12 18:36:30.983135,0 days 00:00:04.952241,0.35,0.7,2,0.05,0.02,0.3,0.08,6,0.5,20,0.5,,,,,,PRUNED
5286,-0.5332296899985449,2026-05-12 18:36:31.009698,2026-05-12 18:36:35.675818,0 days 00:00:04.666120,0.35,0.7,4,0.05,0.01,0.45,0.12,3,0.5,10,0.65,,,,,,PRUNED
5287,-0.5911032288512234,2026-05-12 18:36:35.703916,2026-05-12 18:36:39.190493,0 days 00:00:03.486577,0.45,0.7,3,0.03,0.01,0.6,0.12,3,0.5,20,0.65,,,,,,PRUNED
5288,-0.5626698421065082,2026-05-12 18:36:39.237689,2026-05-12 18:36:42.954539,0 days 00:00:03.716850,0.45,0.8,3,0.03,0.02,0.45,0.12,3,0.6,10,0.65,,,,,,PRUNED
5289,-0.5747003927921406,2026-05-12 18:36:42.980012,2026-05-12 18:36:47.606069,0 days 00:00:04.626057,0.25,0.9,3,0.03,0.02,0.6,0.16,5,0.7,20,0.65,,,,,,PRUNED
5290,-0.410125315542252,2026-05-12 18:36:47.631180,2026-05-12 18:36:47.997404,0 days 00:00:00.366224,0.45,0.7,4,0.05,0.01,0.6,0.08,6,0.5,20,0.8,,,,,,PRUNED
5291,-0.4213231947291116,2026-05-12 18:36:48.022612,2026-05-12 18:36:48.408517,0 days 00:00:00.385905,0.45,0.7,2,0.05,0.01,0.6,0.08,4,0.5,20,0.8,,,,,,PRUNED
5292,-0.4464754396709185,2026-05-12 18:36:48.434981,2026-05-12 18:36:48.813499,0 days 00:00:00.378518,0.45,0.9,2,0.05,0.02,0.6,0.08,6,0.6,20,0.8,,,,,,PRUNED
5293,-9999.0,2026-05-12 18:36:48.841043,2026-05-12 18:36:49.138536,0 days 00:00:00.297493,0.45,0.7,3,0.05,0.01,0.45,0.16,4,0.7,10,0.5,,,,,BEAR_RATIO < NEUTRAL_RATIO < BULL_RATIO 约束违反: 0.45 / 0.7 / 0.7,COMPLETE
5294,-0.5653519405379932,2026-05-12 18:36:49.166716,2026-05-12 18:36:54.846186,0 days 00:00:05.679470,0.25,0.9,2,0.05,0.01,0.6,0.16,6,0.7,5,0.65,,,,,,PRUNED
5295,-0.4887059225592191,2026-05-12 18:36:54.873786,2026-05-12 18:36:58.969190,0 days 00:00:04.095404,0.45,0.9,3,0.03,0.01,0.6,0.16,4,0.5,10,0.65,,,,,,PRUNED
5296,-0.5179924623587872,2026-05-12 18:36:59.007056,2026-05-12 18:36:59.493942,0 days 00:00:00.486886,0.45,0.7,2,0.05,0.02,0.6,0.08,6,0.5,20,0.8,-0.39108387647623727,-0.030830266507629607,0.2538171717650998,0.36025360996860767,,COMPLETE
5297,-0.5179924623587872,2026-05-12 18:36:59.533378,2026-05-12 18:37:00.041026,0 days 00:00:00.507648,0.45,0.7,2,0.05,0.01,0.6,0.08,6,0.5,20,0.65,-0.39108387647623727,-0.030830266507629607,0.2538171717650998,0.36025360996860767,,COMPLETE
5298,-0.4878754510512502,2026-05-12 18:37:00.064944,2026-05-12 18:37:04.578897,0 days 00:00:04.513953,0.35,0.8,3,0.05,0.02,0.45,0.12,6,0.7,20,0.65,,,,,,PRUNED
5299,-0.4242910183560481,2026-05-12 18:37:04.605678,2026-05-12 18:37:04.996365,0 days 00:00:00.390687,0.45,0.7,2,0.05,0.01,0.6,0.08,5,0.5,20,0.8,,,,,,PRUNED
5300,-0.4465298682329988,2026-05-12 18:37:05.025410,2026-05-12 18:37:08.239784,0 days 00:00:03.214374,0.45,0.9,2,0.05,0.02,0.45,0.08,5,0.5,20,0.8,,,,,,PRUNED
5301,-0.5206901949610976,2026-05-12 18:37:08.264787,2026-05-12 18:37:12.538814,0 days 00:00:04.274027,0.35,0.9,4,0.05,0.02,0.6,0.12,3,0.7,5,0.8,,,,,,PRUNED
5302,-9999.0,2026-05-12 18:37:12.568275,2026-05-12 18:37:12.880783,0 days 00:00:00.312508,0.25,0.7,2,0.03,0.01,0.45,0.12,6,0.7,10,0.8,,,,,BEAR_RATIO < NEUTRAL_RATIO < BULL_RATIO 约束违反: 0.25 / 0.7 / 0.7,COMPLETE
5303,-0.45120920495763517,2026-05-12 18:37:12.906726,2026-05-12 18:37:17.748900,0 days 00:00:04.842174,0.35,0.7,2,0.05,0.02,0.3,0.12,6,0.5,20,0.65,,,,,,PRUNED
5304,-0.5179924623587872,2026-05-12 18:37:17.774297,2026-05-12 18:37:18.341042,0 days 00:00:00.566745,0.45,0.7,2,0.05,0.02,0.6,0.08,6,0.5,20,0.8,-0.39108387647623727,-0.030830266507629607,0.2538171717650998,0.36025360996860767,,COMPLETE
5305,-0.5683226899856799,2026-05-12 18:37:18.368864,2026-05-12 18:37:22.295206,0 days 00:00:03.926342,0.35,0.8,4,0.05,0.02,0.45,0.12,3,0.7,10,0.65,,,,,,PRUNED
5306,-0.5068734623491519,2026-05-12 18:37:22.323664,2026-05-12 18:37:27.434628,0 days 00:00:05.110964,0.25,0.9,2,0.05,0.02,0.6,0.08,6,0.6,20,0.8,,,,,,PRUNED
5307,-0.4923215235173157,2026-05-12 18:37:27.461654,2026-05-12 18:37:32.651782,0 days 00:00:05.190128,0.25,0.9,2,0.05,0.01,0.3,0.16,4,0.5,20,0.8,,,,,,PRUNED
5308,-0.5512692650198014,2026-05-12 18:37:32.681240,2026-05-12 18:37:37.266522,0 days 00:00:04.585282,0.25,0.8,2,0.03,0.02,0.45,0.08,6,0.7,5,0.65,,,,,,PRUNED
5309,-0.4296411080598753,2026-05-12 18:37:37.292778,2026-05-12 18:37:37.767589,0 days 00:00:00.474811,0.45,0.7,2,0.05,0.02,0.6,0.16,6,0.5,20,0.8,,,,,,PRUNED
5310,-0.5179924623587872,2026-05-12 18:37:37.792857,2026-05-12 18:37:38.394992,0 days 00:00:00.602135,0.45,0.7,2,0.05,0.02,0.6,0.08,6,0.5,20,0.8,-0.39108387647623727,-0.030830266507629607,0.2538171717650998,0.36025360996860767,,COMPLETE
5311,-0.45387297867907417,2026-05-12 18:37:38.419793,2026-05-12 18:37:42.832303,0 days 00:00:04.412510,0.45,0.7,2,0.05,0.02,0.45,0.16,4,0.6,10,0.65,,,,,,PRUNED
5312,-0.5565642217069033,2026-05-12 18:37:42.879711,2026-05-12 18:37:48.370527,0 days 00:00:05.490816,0.25,0.9,2,0.05,0.01,0.45,0.08,4,0.6,5,0.8,,,,,,PRUNED
5313,-0.5296899617161079,2026-05-12 18:37:48.396552,2026-05-12 18:37:53.645912,0 days 00:00:05.249360,0.35,0.9,4,0.05,0.01,0.45,0.16,4,0.5,5,0.5,,,,,,PRUNED
5314,-0.42056632138184724,2026-05-12 18:37:53.672517,2026-05-12 18:37:54.070243,0 days 00:00:00.397726,0.45,0.8,2,0.05,0.02,0.6,0.08,6,0.5,20,0.8,,,,,,PRUNED
5315,-0.47305248744803785,2026-05-12 18:37:54.098227,2026-05-12 18:37:59.336710,0 days 00:00:05.238483,0.45,0.8,2,0.03,0.02,0.6,0.08,6,0.7,20,0.8,,,,,,PRUNED
5316,-0.5273414624771807,2026-05-12 18:37:59.366564,2026-05-12 18:38:04.305119,0 days 00:00:04.938555,0.25,0.9,3,0.05,0.01,0.45,0.12,6,0.7,20,0.65,,,,,,PRUNED
5317,-0.5123849140156091,2026-05-12 18:38:04.330177,2026-05-12 18:38:08.665973,0 days 00:00:04.335796,0.45,0.8,2,0.03,0.01,0.45,0.16,4,0.7,10,0.65,,,,,,PRUNED
5318,-0.5658317774637928,2026-05-12 18:38:08.694011,2026-05-12 18:38:13.899774,0 days 00:00:05.205763,0.25,0.8,4,0.03,0.02,0.6,0.16,6,0.6,10,0.65,,,,,,PRUNED
5319,-0.5539112791997207,2026-05-12 18:38:13.940688,2026-05-12 18:38:18.442859,0 days 00:00:04.502171,0.25,0.9,2,0.03,0.01,0.3,0.12,5,0.6,20,0.65,,,,,,PRUNED
5320,-0.4100386278766106,2026-05-12 18:38:18.469257,2026-05-12 18:38:18.821342,0 days 00:00:00.352085,0.45,0.7,2,0.05,0.02,0.3,0.08,6,0.5,20,0.8,,,,,,PRUNED
5321,-0.4242910183560481,2026-05-12 18:38:18.847879,2026-05-12 18:38:19.222430,0 days 00:00:00.374551,0.45,0.7,2,0.05,0.02,0.6,0.08,5,0.5,20,0.5,,,,,,PRUNED
5322,-0.5825139853896287,2026-05-12 18:38:19.265919,2026-05-12 18:38:22.577083,0 days 00:00:03.311164,0.45,0.7,2,0.03,0.02,0.3,0.08,3,0.5,20,0.8,,,,,,PRUNED
5323,-0.4620508780095712,2026-05-12 18:38:22.605554,2026-05-12 18:38:27.800886,0 days 00:00:05.195332,0.45,0.9,2,0.05,0.02,0.45,0.16,5,0.5,20,0.8,,,,,,PRUNED
5324,-9999.0,2026-05-12 18:38:27.827775,2026-05-12 18:38:28.133527,0 days 00:00:00.305752,0.35,0.7,2,0.05,0.02,0.45,0.08,3,0.7,20,0.5,,,,,BEAR_RATIO < NEUTRAL_RATIO < BULL_RATIO 约束违反: 0.35 / 0.7 / 0.7,COMPLETE
5325,-0.5715107846558711,2026-05-12 18:38:28.160655,2026-05-12 18:38:28.532451,0 days 00:00:00.371796,0.45,0.7,2,0.05,0.01,0.6,0.08,3,0.5,20,0.8,,,,,,PRUNED
5326,-0.49197842247190215,2026-05-12 18:38:28.557391,2026-05-12 18:38:32.879183,0 days 00:00:04.321792,0.35,0.8,3,0.03,0.02,0.45,0.08,4,0.7,10,0.5,,,,,,PRUNED
5327,-0.45441491221153296,2026-05-12 18:38:32.907755,2026-05-12 18:38:38.017760,0 days 00:00:05.110005,0.35,0.7,3,0.05,0.02,0.3,0.08,6,0.6,10,0.8,,,,,,PRUNED
5328,-0.5362100254276051,2026-05-12 18:38:38.045981,2026-05-12 18:38:43.140986,0 days 00:00:05.095005,0.25,0.8,4,0.03,0.01,0.6,0.12,6,0.5,10,0.65,,,,,,PRUNED
5329,-0.4841034479632066,2026-05-12 18:38:43.167612,2026-05-12 18:38:45.878208,0 days 00:00:02.710596,0.45,0.8,4,0.03,0.01,0.6,0.12,4,0.6,20,0.5,,,,,,PRUNED
5330,-0.5052302993781603,2026-05-12 18:38:45.906060,2026-05-12 18:38:50.422868,0 days 00:00:04.516808,0.25,0.9,2,0.05,0.02,0.6,0.08,5,0.5,20,0.8,,,,,,PRUNED
5331,-0.511769259892919,2026-05-12 18:38:50.451166,2026-05-12 18:38:55.933586,0 days 00:00:05.482420,0.25,0.7,4,0.03,0.02,0.3,0.08,5,0.5,5,0.8,,,,,,PRUNED
5332,-0.5457914671070704,2026-05-12 18:38:55.958783,2026-05-12 18:39:01.929623,0 days 00:00:05.970840,0.25,0.8,3,0.05,0.01,0.45,0.12,6,0.7,5,0.5,,,,,,PRUNED
5333,-0.5179924623587872,2026-05-12 18:39:01.956248,2026-05-12 18:39:02.564184,0 days 00:00:00.607936,0.45,0.7,2,0.05,0.02,0.6,0.08,6,0.5,20,0.8,-0.39108387647623727,-0.030830266507629607,0.2538171717650998,0.36025360996860767,,COMPLETE
5334,-0.43333909441165963,2026-05-12 18:39:02.590175,2026-05-12 18:39:02.994178,0 days 00:00:00.404003,0.35,0.7,2,0.05,0.02,0.6,0.08,6,0.5,20,0.8,,,,,,PRUNED
5335,-0.5179924623587872,2026-05-12 18:39:03.020473,2026-05-12 18:39:03.746518,0 days 00:00:00.726045,0.45,0.7,2,0.05,0.02,0.6,0.08,6,0.5,20,0.8,-0.39108387647623727,-0.030830266507629607,0.2538171717650998,0.36025360996860767,,COMPLETE
5336,-0.5029317458691868,2026-05-12 18:39:03.792321,2026-05-12 18:39:09.623900,0 days 00:00:05.831579,0.25,0.7,2,0.05,0.01,0.6,0.12,5,0.5,5,0.8,,,,,,PRUNED
5337,-0.6017722470534903,2026-05-12 18:39:09.651549,2026-05-12 18:39:13.296874,0 days 00:00:03.645325,0.45,0.7,2,0.03,0.02,0.45,0.08,3,0.6,20,0.8,,,,,,PRUNED
5338,-0.5011744971939777,2026-05-12 18:39:13.322860,2026-05-12 18:39:18.530754,0 days 00:00:05.207894,0.25,0.7,4,0.03,0.01,0.3,0.08,5,0.6,10,0.5,,,,,,PRUNED
5339,-9999.0,2026-05-12 18:39:18.561438,2026-05-12 18:39:18.901149,0 days 00:00:00.339711,0.45,0.7,3,0.03,0.02,0.45,0.08,4,0.7,20,0.5,,,,,BEAR_RATIO < NEUTRAL_RATIO < BULL_RATIO 约束违反: 0.45 / 0.7 / 0.7,COMPLETE
5340,-0.43660272281668966,2026-05-12 18:39:18.934730,2026-05-12 18:39:25.785868,0 days 00:00:06.851138,0.45,0.7,2,0.05,0.02,0.3,0.08,6,0.6,5,0.8,,,,,,PRUNED
5341,-0.5094992928425816,2026-05-12 18:39:25.810127,2026-05-12 18:39:30.525293,0 days 00:00:04.715166,0.25,0.8,2,0.03,0.02,0.45,0.08,6,0.5,20,0.8,,,,,,PRUNED
5342,-0.44643599667831646,2026-05-12 18:39:30.548594,2026-05-12 18:39:35.237680,0 days 00:00:04.689086,0.45,0.7,2,0.05,0.02,0.6,0.16,6,0.6,10,0.5,,,,,,PRUNED
5343,-9999.0,2026-05-12 18:39:35.260528,2026-05-12 18:39:35.576311,0 days 00:00:00.315783,0.45,0.7,2,0.05,0.02,0.3,0.08,6,0.7,20,0.8,,,,,BEAR_RATIO < NEUTRAL_RATIO < BULL_RATIO 约束违反: 0.45 / 0.7 / 0.7,COMPLETE
5344,-0.5087701314514163,2026-05-12 18:39:35.616957,2026-05-12 18:39:40.421448,0 days 00:00:04.804491,0.35,0.8,3,0.03,0.01,0.3,0.12,6,0.6,20,0.5,,,,,,PRUNED
5345,-0.5800743162440201,2026-05-12 18:39:40.446735,2026-05-12 18:39:45.333930,0 days 00:00:04.887195,0.25,0.8,2,0.03,0.02,0.45,0.12,4,0.7,5,0.65,,,,,,PRUNED
5346,-0.48465388224606587,2026-05-12 18:39:45.360541,2026-05-12 18:39:49.641289,0 days 00:00:04.280748,0.35,0.9,4,0.05,0.01,0.6,0.12,4,0.6,10,0.8,,,,,,PRUNED
5347,-0.43223096142417294,2026-05-12 18:39:49.667900,2026-05-12 18:39:50.065582,0 days 00:00:00.397682,0.45,0.9,2,0.05,0.02,0.6,0.08,6,0.5,20,0.8,,,,,,PRUNED
5348,-0.41425741193738236,2026-05-12 18:39:50.091812,2026-05-12 18:39:50.459652,0 days 00:00:00.367840,0.45,0.7,2,0.05,0.02,0.6,0.08,6,0.5,5,0.8,,,,,,PRUNED
5349,-0.47492050423763177,2026-05-12 18:39:50.485505,2026-05-12 18:39:55.319434,0 days 00:00:04.833929,0.45,0.7,3,0.03,0.02,0.6,0.16,6,0.5,20,0.65,,,,,,PRUNED
5350,-0.5179924623587872,2026-05-12 18:39:55.344430,2026-05-12 18:39:55.929861,0 days 00:00:00.585431,0.45,0.7,2,0.05,0.02,0.6,0.08,6,0.5,20,0.8,-0.39108387647623727,-0.030830266507629607,0.2538171717650998,0.36025360996860767,,COMPLETE
5351,-0.4754594827589679,2026-05-12 18:39:55.956773,2026-05-12 18:39:58.918534,0 days 00:00:02.961761,0.25,0.7,4,0.05,0.02,0.3,0.12,4,0.5,10,0.65,,,,,,PRUNED
5352,-0.6354224070091099,2026-05-12 18:39:58.941164,2026-05-12 18:40:02.310890,0 days 00:00:03.369726,0.25,0.9,4,0.03,0.01,0.3,0.12,3,0.5,20,0.8,,,,,,PRUNED
5353,-0.5601483263941042,2026-05-12 18:40:02.338829,2026-05-12 18:40:07.194922,0 days 00:00:04.856093,0.25,0.8,3,0.05,0.02,0.45,0.16,4,0.6,5,0.65,,,,,,PRUNED
5354,-0.5799332361682186,2026-05-12 18:40:07.219048,2026-05-12 18:40:10.720800,0 days 00:00:03.501752,0.45,0.8,2,0.05,0.02,0.3,0.08,3,0.5,20,0.8,,,,,,PRUNED
5355,-9999.0,2026-05-12 18:40:10.747581,2026-05-12 18:40:11.110171,0 days 00:00:00.362590,0.25,0.7,3,0.03,0.01,0.3,0.08,6,0.7,5,0.5,,,,,BEAR_RATIO < NEUTRAL_RATIO < BULL_RATIO 约束违反: 0.25 / 0.7 / 0.7,COMPLETE
5356,-0.5179924623587872,2026-05-12 18:40:11.136783,2026-05-12 18:40:11.776712,0 days 00:00:00.639929,0.45,0.7,2,0.05,0.02,0.6,0.08,6,0.5,20,0.8,-0.39108387647623727,-0.030830266507629607,0.2538171717650998,0.36025360996860767,,COMPLETE
5357,-0.5499557901158747,2026-05-12 18:40:11.815224,2026-05-12 18:40:16.821498,0 days 00:00:05.006274,0.25,0.8,4,0.03,0.02,0.6,0.12,5,0.7,20,0.8,,,,,,PRUNED
5358,-0.45421602762671914,2026-05-12 18:40:16.846915,2026-05-12 18:40:22.943788,0 days 00:00:06.096873,0.45,0.9,3,0.05,0.01,0.6,0.16,5,0.5,10,0.8,,,,,,PRUNED
5359,-0.5358135134551889,2026-05-12 18:40:22.972368,2026-05-12 18:40:27.788940,0 days 00:00:04.816572,0.25,0.9,3,0.05,0.01,0.45,0.16,5,0.6,20,0.65,,,,,,PRUNED
5360,-0.42875403008512236,2026-05-12 18:40:27.815754,2026-05-12 18:40:30.457879,0 days 00:00:02.642125,0.45,0.7,2,0.05,0.02,0.45,0.12,4,0.5,20,0.5,,,,,,PRUNED
5361,-0.5179924623587872,2026-05-12 18:40:30.485408,2026-05-12 18:40:31.004201,0 days 00:00:00.518793,0.45,0.7,2,0.05,0.02,0.6,0.08,6,0.5,20,0.8,-0.39108387647623727,-0.030830266507629607,0.2538171717650998,0.36025360996860767,,COMPLETE
5362,-0.4809985346258072,2026-05-12 18:40:31.028785,2026-05-12 18:40:35.956847,0 days 00:00:04.928062,0.35,0.8,4,0.05,0.01,0.3,0.16,6,0.5,20,0.8,,,,,,PRUNED
5363,-0.5534169506694466,2026-05-12 18:40:35.984455,2026-05-12 18:40:39.720212,0 days 00:00:03.735757,0.45,0.9,4,0.05,0.02,0.6,0.12,3,0.6,10,0.5,,,,,,PRUNED
5364,-0.4586016572789574,2026-05-12 18:40:39.746710,2026-05-12 18:40:44.290665,0 days 00:00:04.543955,0.45,0.7,2,0.03,0.01,0.3,0.16,3,0.5,5,0.5,,,,,,PRUNED
5365,-0.5046189241425935,2026-05-12 18:40:44.319975,2026-05-12 18:40:49.340847,0 days 00:00:05.020872,0.25,0.7,4,0.05,0.02,0.6,0.16,6,0.5,20,0.8,,,,,,PRUNED
5366,-0.4405559493636068,2026-05-12 18:40:49.366800,2026-05-12 18:40:53.697817,0 days 00:00:04.331017,0.45,0.7,2,0.05,0.01,0.45,0.16,5,0.5,20,0.65,,,,,,PRUNED
5367,-0.5937047520535114,2026-05-12 18:40:53.722427,2026-05-12 18:40:56.952769,0 days 00:00:03.230342,0.45,0.9,2,0.05,0.01,0.45,0.16,3,0.5,20,0.8,,,,,,PRUNED
5368,-9999.0,2026-05-12 18:40:56.978154,2026-05-12 18:40:57.271290,0 days 00:00:00.293136,0.45,0.7,2,0.05,0.02,0.6,0.08,6,0.7,20,0.8,,,,,BEAR_RATIO < NEUTRAL_RATIO < BULL_RATIO 约束违反: 0.45 / 0.7 / 0.7,COMPLETE
5369,-0.488880152790296,2026-05-12 18:40:57.298029,2026-05-12 18:41:02.505556,0 days 00:00:05.207527,0.35,0.9,4,0.05,0.02,0.3,0.12,5,0.6,10,0.65,,,,,,PRUNED
5370,-0.4621276849344461,2026-05-12 18:41:02.534038,2026-05-12 18:41:06.806172,0 days 00:00:04.272134,0.35,0.7,2,0.05,0.01,0.6,0.16,4,0.6,20,0.65,,,,,,PRUNED
5371,-0.4318124553734489,2026-05-12 18:41:06.861434,2026-05-12 18:41:07.253318,0 days 00:00:00.391884,0.45,0.7,2,0.03,0.02,0.6,0.08,6,0.5,20,0.8,,,,,,PRUNED
5372,-0.468121407348921,2026-05-12 18:41:07.297890,2026-05-12 18:41:12.470976,0 days 00:00:05.173086,0.35,0.8,2,0.05,0.02,0.6,0.16,5,0.5,10,0.8,,,,,,PRUNED
5373,-0.5855496147753049,2026-05-12 18:41:12.498642,2026-05-12 18:41:16.789206,0 days 00:00:04.290564,0.45,0.9,2,0.05,0.02,0.45,0.08,3,0.5,20,0.65,,,,,,PRUNED
5374,-0.4740930689198491,2026-05-12 18:41:16.815987,2026-05-12 18:41:19.340127,0 days 00:00:02.524140,0.25,0.7,2,0.03,0.01,0.45,0.08,4,0.5,20,0.8,,,,,,PRUNED
5375,-0.5179924623587872,2026-05-12 18:41:19.367310,2026-05-12 18:41:19.936016,0 days 00:00:00.568706,0.45,0.7,2,0.05,0.02,0.6,0.08,6,0.5,20,0.8,-0.39108387647623727,-0.030830266507629607,0.2538171717650998,0.36025360996860767,,COMPLETE
5376,-0.5179924623587872,2026-05-12 18:41:19.963632,2026-05-12 18:41:20.505294,0 days 00:00:00.541662,0.45,0.7,2,0.05,0.02,0.6,0.08,6,0.5,20,0.8,-0.39108387647623727,-0.030830266507629607,0.2538171717650998,0.36025360996860767,,COMPLETE
5377,-0.48182953286974844,2026-05-12 18:41:20.529859,2026-05-12 18:41:25.757227,0 days 00:00:05.227368,0.45,0.9,4,0.05,0.02,0.3,0.16,6,0.6,10,0.8,,,,,,PRUNED
5378,-0.4194511448045569,2026-05-12 18:41:25.783642,2026-05-12 18:41:26.161049,0 days 00:00:00.377407,0.45,0.7,2,0.05,0.02,0.6,0.12,6,0.5,20,0.8,,,,,,PRUNED
5379,-0.4296411080598753,2026-05-12 18:41:26.187205,2026-05-12 18:41:26.563065,0 days 00:00:00.375860,0.45,0.7,2,0.05,0.01,0.6,0.16,6,0.5,20,0.8,,,,,,PRUNED
5380,-0.47637002701430087,2026-05-12 18:41:26.589803,2026-05-12 18:41:30.815823,0 days 00:00:04.226020,0.25,0.7,3,0.05,0.01,0.6,0.16,4,0.5,20,0.5,,,,,,PRUNED
5381,-0.4278019617453936,2026-05-12 18:41:30.846878,2026-05-12 18:41:35.526409,0 days 00:00:04.679531,0.45,0.7,2,0.05,0.02,0.45,0.08,4,0.5,10,0.8,,,,,,PRUNED
5382,-9999.0,2026-05-12 18:41:35.569176,2026-05-12 18:41:35.930573,0 days 00:00:00.361397,0.45,0.7,4,0.03,0.02,0.3,0.12,5,0.7,10,0.65,,,,,BEAR_RATIO < NEUTRAL_RATIO < BULL_RATIO 约束违反: 0.45 / 0.7 / 0.7,COMPLETE
5383,-0.43527016353134595,2026-05-12 18:41:35.957794,2026-05-12 18:41:40.608050,0 days 00:00:04.650256,0.45,0.7,2,0.05,0.02,0.3,0.12,5,0.5,20,0.5,,,,,,PRUNED
5384,-0.4819008552432365,2026-05-12 18:41:40.636146,2026-05-12 18:41:46.239204,0 days 00:00:05.603058,0.35,0.8,3,0.05,0.01,0.45,0.08,5,0.6,5,0.65,,,,,,PRUNED
5385,-0.45811962308675797,2026-05-12 18:41:46.268359,2026-05-12 18:41:50.986854,0 days 00:00:04.718495,0.35,0.7,2,0.05,0.02,0.6,0.12,5,0.5,20,0.5,,,,,,PRUNED
5386,-0.45708332377091465,2026-05-12 18:41:51.012432,2026-05-12 18:41:56.013553,0 days 00:00:05.001121,0.35,0.9,2,0.05,0.02,0.45,0.08,6,0.5,20,0.8,,,,,,PRUNED
5387,-0.4685855872361263,2026-05-12 18:41:56.042247,2026-05-12 18:42:00.063732,0 days 00:00:04.021485,0.35,0.7,4,0.05,0.01,0.45,0.16,4,0.6,20,0.8,,,,,,PRUNED
5388,-9999.0,2026-05-12 18:42:00.090548,2026-05-12 18:42:00.413582,0 days 00:00:00.323034,0.25,0.7,3,0.05,0.02,0.45,0.08,6,0.7,20,0.8,,,,,BEAR_RATIO < NEUTRAL_RATIO < BULL_RATIO 约束违反: 0.25 / 0.7 / 0.7,COMPLETE
5389,-0.5179924623587872,2026-05-12 18:42:00.438716,2026-05-12 18:42:00.997588,0 days 00:00:00.558872,0.45,0.7,2,0.05,0.01,0.6,0.08,6,0.5,20,0.8,-0.39108387647623727,-0.030830266507629607,0.2538171717650998,0.36025360996860767,,COMPLETE
5390,-0.5715107846558711,2026-05-12 18:42:01.023459,2026-05-12 18:42:01.407857,0 days 00:00:00.384398,0.45,0.7,2,0.05,0.02,0.45,0.08,3,0.5,20,0.8,,,,,,PRUNED
5391,-0.5839439418227413,2026-05-12 18:42:01.436414,2026-05-12 18:42:04.841803,0 days 00:00:03.405389,0.35,0.7,3,0.05,0.01,0.6,0.08,3,0.5,20,0.8,,,,,,PRUNED
5392,-9999.0,2026-05-12 18:42:04.870038,2026-05-12 18:42:05.185709,0 days 00:00:00.315671,0.25,0.7,2,0.03,0.02,0.6,0.12,4,0.7,5,0.65,,,,,BEAR_RATIO < NEUTRAL_RATIO < BULL_RATIO 约束违反: 0.25 / 0.7 / 0.7,COMPLETE
5393,-0.5633756433719495,2026-05-12 18:42:05.210100,2026-05-12 18:42:10.680643,0 days 00:00:05.470543,0.35,0.9,4,0.03,0.02,0.6,0.16,5,0.7,5,0.5,,,,,,PRUNED
5394,-0.5179924623587872,2026-05-12 18:42:10.708711,2026-05-12 18:42:11.400954,0 days 00:00:00.692243,0.45,0.7,2,0.05,0.02,0.6,0.08,6,0.5,20,0.8,-0.39108387647623727,-0.030830266507629607,0.2538171717650998,0.36025360996860767,,COMPLETE
5395,-0.48628233989633085,2026-05-12 18:42:11.425509,2026-05-12 18:42:18.020217,0 days 00:00:06.594708,0.45,0.9,3,0.03,0.02,0.6,0.12,6,0.5,5,0.65,,,,,,PRUNED
