number,value,datetime_start,datetime_complete,duration,params_BEAR_RATIO,params_BULL_RATIO,params_GRID_MAX_LAYER,params_GRID_STEP_MAX,params_GRID_STEP_MIN,params_GRID_STEP_VOL_FACTOR,params_LAYER_FRACTION,params_MAX_HOLD,params_NEUTRAL_RATIO,params_REBALANCE_FREQ,params_VOL_WEIGHT,user_attrs_avg_test_score,user_attrs_avg_train_score,user_attrs_test_score_std,user_attrs_train_test_gap,user_attrs_validation_error,state
10037,-9999.0,2026-05-12 22:35:05.345138,2026-05-12 22:35:05.699662,0 days 00:00:00.354524,0.45,0.7,2,0.05,0.01,0.6,0.16,5,0.7,20,0.8,,,,,BEAR_RATIO < NEUTRAL_RATIO < BULL_RATIO 约束违反: 0.45 / 0.7 / 0.7,COMPLETE
10038,-0.45206469876378197,2026-05-12 22:35:05.725410,2026-05-12 22:35:11.478649,0 days 00:00:05.753239,0.45,0.8,3,0.05,0.02,0.3,0.08,6,0.6,5,0.5,,,,,,PRUNED
10039,-0.5964798596875829,2026-05-12 22:35:11.509475,2026-05-12 22:35:15.354827,0 days 00:00:03.845352,0.45,0.8,4,0.03,0.02,0.6,0.16,3,0.7,10,0.5,,,,,,PRUNED
10040,-0.5179924623587872,2026-05-12 22:35:15.383089,2026-05-12 22:35:16.036729,0 days 00:00:00.653640,0.45,0.7,2,0.05,0.02,0.6,0.08,6,0.5,20,0.8,-0.39108387647623727,-0.030830266507629607,0.2538171717650998,0.36025360996860767,,COMPLETE
10041,-0.45828045941973783,2026-05-12 22:35:16.069099,2026-05-12 22:35:16.506303,0 days 00:00:00.437204,0.35,0.7,2,0.05,0.02,0.6,0.16,6,0.5,20,0.8,,,,,,PRUNED
10042,-0.628248022050717,2026-05-12 22:35:16.539995,2026-05-12 22:35:19.991741,0 days 00:00:03.451746,0.45,0.7,4,0.03,0.01,0.3,0.16,3,0.6,20,0.8,,,,,,PRUNED
10043,-0.5338839334655405,2026-05-12 22:35:20.022776,2026-05-12 22:35:24.407442,0 days 00:00:04.384666,0.25,0.7,2,0.03,0.01,0.45,0.12,3,0.6,5,0.5,,,,,,PRUNED
10044,-0.6157598720216648,2026-05-12 22:35:24.435706,2026-05-12 22:35:27.929280,0 days 00:00:03.493574,0.25,0.8,2,0.05,0.01,0.3,0.08,3,0.6,20,0.65,,,,,,PRUNED
10045,-0.42271670599255484,2026-05-12 22:35:27.958057,2026-05-12 22:35:28.427819,0 days 00:00:00.469762,0.45,0.7,3,0.05,0.02,0.6,0.12,6,0.5,10,0.8,,,,,,PRUNED
10046,-0.48547349492319397,2026-05-12 22:35:28.456491,2026-05-12 22:35:33.369663,0 days 00:00:04.913172,0.45,0.7,2,0.05,0.01,0.6,0.12,4,0.6,5,0.65,,,,,,PRUNED
10047,-0.5179924623587872,2026-05-12 22:35:33.410683,2026-05-12 22:35:34.074290,0 days 00:00:00.663607,0.45,0.7,2,0.05,0.02,0.6,0.08,6,0.5,20,0.8,-0.39108387647623727,-0.030830266507629607,0.2538171717650998,0.36025360996860767,,COMPLETE
10048,-0.5179924623587872,2026-05-12 22:35:34.105229,2026-05-12 22:35:34.759001,0 days 00:00:00.653772,0.45,0.7,2,0.05,0.02,0.6,0.08,6,0.5,20,0.8,-0.39108387647623727,-0.030830266507629607,0.2538171717650998,0.36025360996860767,,COMPLETE
10049,-0.44172615219409717,2026-05-12 22:35:34.788619,2026-05-12 22:35:39.766096,0 days 00:00:04.977477,0.45,0.9,2,0.05,0.02,0.45,0.12,6,0.5,20,0.65,,,,,,PRUNED
10050,-0.4605516177817531,2026-05-12 22:35:39.795476,2026-05-12 22:35:43.798267,0 days 00:00:04.002791,0.35,0.8,4,0.05,0.02,0.6,0.08,4,0.6,20,0.5,,,,,,PRUNED
10051,-0.46187649914382334,2026-05-12 22:35:43.829584,2026-05-12 22:35:49.634643,0 days 00:00:05.805059,0.45,0.9,3,0.05,0.02,0.45,0.12,5,0.6,10,0.8,,,,,,PRUNED
10052,-0.5324768283186888,2026-05-12 22:35:49.664877,2026-05-12 22:35:54.683532,0 days 00:00:05.018655,0.35,0.7,4,0.03,0.01,0.45,0.12,4,0.6,5,0.5,,,,,,PRUNED
10053,-0.5588854161847842,2026-05-12 22:35:54.715068,2026-05-12 22:35:59.669386,0 days 00:00:04.954318,0.25,0.9,3,0.05,0.02,0.6,0.08,4,0.6,5,0.5,,,,,,PRUNED
10054,-0.5179924623587872,2026-05-12 22:35:59.698982,2026-05-12 22:36:00.382171,0 days 00:00:00.683189,0.45,0.7,2,0.05,0.02,0.6,0.08,6,0.5,20,0.8,-0.39108387647623727,-0.030830266507629607,0.2538171717650998,0.36025360996860767,,COMPLETE
10055,-0.4213231947291116,2026-05-12 22:36:00.410171,2026-05-12 22:36:00.862986,0 days 00:00:00.452815,0.45,0.7,2,0.05,0.02,0.6,0.08,4,0.5,20,0.8,,,,,,PRUNED
10056,-0.49735366599320907,2026-05-12 22:36:00.891352,2026-05-12 22:36:05.343618,0 days 00:00:04.452266,0.35,0.9,2,0.03,0.01,0.3,0.12,3,0.5,5,0.8,,,,,,PRUNED
10057,-0.47441457244516044,2026-05-12 22:36:05.372573,2026-05-12 22:36:05.844664,0 days 00:00:00.472091,0.25,0.7,2,0.05,0.02,0.6,0.08,6,0.5,20,0.8,,,,,,PRUNED
10058,-0.5179924623587872,2026-05-12 22:36:05.872750,2026-05-12 22:36:06.561381,0 days 00:00:00.688631,0.45,0.7,2,0.05,0.02,0.6,0.08,6,0.5,20,0.8,-0.39108387647623727,-0.030830266507629607,0.2538171717650998,0.36025360996860767,,COMPLETE
10059,-0.4092788272711371,2026-05-12 22:36:06.589739,2026-05-12 22:36:07.023216,0 days 00:00:00.433477,0.45,0.7,3,0.05,0.02,0.6,0.08,6,0.5,20,0.8,,,,,,PRUNED
10060,-0.4673936216316811,2026-05-12 22:36:07.068824,2026-05-12 22:36:11.760297,0 days 00:00:04.691473,0.35,0.7,2,0.05,0.02,0.6,0.16,5,0.5,20,0.8,,,,,,PRUNED
10061,-0.44827332187687063,2026-05-12 22:36:11.790856,2026-05-12 22:36:16.747319,0 days 00:00:04.956463,0.45,0.7,4,0.03,0.01,0.3,0.08,5,0.6,10,0.65,,,,,,PRUNED
10062,-0.4916121409984456,2026-05-12 22:36:16.776848,2026-05-12 22:36:20.894758,0 days 00:00:04.117910,0.35,0.9,2,0.05,0.01,0.3,0.16,4,0.7,20,0.8,,,,,,PRUNED
10063,-0.526580906277588,2026-05-12 22:36:20.936284,2026-05-12 22:36:25.296396,0 days 00:00:04.360112,0.35,0.9,3,0.03,0.01,0.45,0.16,3,0.6,5,0.8,,,,,,PRUNED
10064,-0.5179924623587872,2026-05-12 22:36:25.326484,2026-05-12 22:36:25.974820,0 days 00:00:00.648336,0.45,0.7,2,0.05,0.01,0.6,0.08,6,0.5,20,0.8,-0.39108387647623727,-0.030830266507629607,0.2538171717650998,0.36025360996860767,,COMPLETE
10065,-0.554092986935138,2026-05-12 22:36:26.004336,2026-05-12 22:36:30.992588,0 days 00:00:04.988252,0.35,0.9,3,0.05,0.02,0.6,0.16,4,0.7,5,0.5,,,,,,PRUNED
10066,-0.5521014506263844,2026-05-12 22:36:31.022190,2026-05-12 22:36:36.910679,0 days 00:00:05.888489,0.25,0.8,2,0.05,0.02,0.45,0.16,6,0.7,5,0.5,,,,,,PRUNED
10067,-0.5179924623587872,2026-05-12 22:36:36.958408,2026-05-12 22:36:37.638954,0 days 00:00:00.680546,0.45,0.7,2,0.05,0.02,0.6,0.08,6,0.5,20,0.8,-0.39108387647623727,-0.030830266507629607,0.2538171717650998,0.36025360996860767,,COMPLETE
10068,-0.609032802152593,2026-05-12 22:36:37.670371,2026-05-12 22:36:41.093226,0 days 00:00:03.422855,0.35,0.7,2,0.05,0.01,0.6,0.16,3,0.6,20,0.5,,,,,,PRUNED
10069,-0.518653767054978,2026-05-12 22:36:41.125154,2026-05-12 22:36:46.283439,0 days 00:00:05.158285,0.25,0.8,2,0.05,0.02,0.6,0.16,6,0.6,10,0.8,,,,,,PRUNED
10070,-0.5179924623587872,2026-05-12 22:36:46.312538,2026-05-12 22:36:46.973370,0 days 00:00:00.660832,0.45,0.7,2,0.05,0.02,0.6,0.08,6,0.5,20,0.8,-0.39108387647623727,-0.030830266507629607,0.2538171717650998,0.36025360996860767,,COMPLETE
10071,-0.44224965264423993,2026-05-12 22:36:47.005549,2026-05-12 22:36:51.027955,0 days 00:00:04.022406,0.45,0.7,2,0.05,0.01,0.6,0.12,4,0.6,20,0.8,,,,,,PRUNED
10072,-0.5179924623587872,2026-05-12 22:36:51.055745,2026-05-12 22:36:52.692506,0 days 00:00:01.636761,0.45,0.7,2,0.05,0.02,0.6,0.08,6,0.5,20,0.8,-0.39108387647623727,-0.030830266507629607,0.2538171717650998,0.36025360996860767,,COMPLETE
10073,-0.48257029713894073,2026-05-12 22:36:52.722995,2026-05-12 22:36:53.214228,0 days 00:00:00.491233,0.25,0.7,2,0.05,0.02,0.6,0.08,5,0.5,20,0.8,,,,,,PRUNED
10074,-0.5117832289769738,2026-05-12 22:36:53.243048,2026-05-12 22:36:58.233771,0 days 00:00:04.990723,0.25,0.8,2,0.03,0.02,0.45,0.08,5,0.6,10,0.8,,,,,,PRUNED
10075,-0.5016042115855501,2026-05-12 22:36:58.266324,2026-05-12 22:37:02.608617,0 days 00:00:04.342293,0.25,0.7,4,0.05,0.02,0.3,0.12,3,0.5,5,0.8,,,,,,PRUNED
10076,-0.4435652276358163,2026-05-12 22:37:02.637613,2026-05-12 22:37:07.582717,0 days 00:00:04.945104,0.45,0.9,2,0.05,0.02,0.45,0.12,5,0.5,10,0.5,,,,,,PRUNED
10077,-0.41425741193738236,2026-05-12 22:37:07.611741,2026-05-12 22:37:08.077336,0 days 00:00:00.465595,0.45,0.7,2,0.05,0.02,0.6,0.08,6,0.5,5,0.8,,,,,,PRUNED
10078,-0.5179924623587872,2026-05-12 22:37:08.105280,2026-05-12 22:37:08.765866,0 days 00:00:00.660586,0.45,0.7,2,0.05,0.02,0.6,0.08,6,0.5,20,0.8,-0.39108387647623727,-0.030830266507629607,0.2538171717650998,0.36025360996860767,,COMPLETE
10079,-0.5046189241425935,2026-05-12 22:37:08.794185,2026-05-12 22:37:13.678572,0 days 00:00:04.884387,0.25,0.7,4,0.05,0.02,0.6,0.16,6,0.5,20,0.5,,,,,,PRUNED
10080,-0.5179924623587872,2026-05-12 22:37:13.706907,2026-05-12 22:37:14.356124,0 days 00:00:00.649217,0.45,0.7,2,0.05,0.02,0.6,0.08,6,0.5,20,0.8,-0.39108387647623727,-0.030830266507629607,0.2538171717650998,0.36025360996860767,,COMPLETE
10081,-0.6152254900737432,2026-05-12 22:37:14.385675,2026-05-12 22:37:17.757189,0 days 00:00:03.371514,0.25,0.8,2,0.05,0.01,0.45,0.08,3,0.6,20,0.8,,,,,,PRUNED
10082,-0.48098587702631973,2026-05-12 22:37:17.786264,2026-05-12 22:37:22.716053,0 days 00:00:04.929789,0.45,0.8,2,0.05,0.02,0.6,0.08,4,0.5,5,0.65,,,,,,PRUNED
10083,-0.5042441016339981,2026-05-12 22:37:22.744751,2026-05-12 22:37:27.136036,0 days 00:00:04.391285,0.35,0.9,3,0.03,0.01,0.3,0.12,4,0.6,10,0.5,,,,,,PRUNED
10084,-0.5317257548308905,2026-05-12 22:37:27.165872,2026-05-12 22:37:31.773844,0 days 00:00:04.607972,0.25,0.9,3,0.05,0.02,0.6,0.12,5,0.7,20,0.65,,,,,,PRUNED
10085,-0.542594164932868,2026-05-12 22:37:31.806216,2026-05-12 22:37:36.235885,0 days 00:00:04.429669,0.25,0.9,4,0.03,0.02,0.3,0.16,4,0.7,10,0.65,,,,,,PRUNED
10086,-0.42630634949312973,2026-05-12 22:37:36.264615,2026-05-12 22:37:42.070042,0 days 00:00:05.805427,0.45,0.7,2,0.05,0.01,0.6,0.12,6,0.5,5,0.65,,,,,,PRUNED
10087,-0.4296411080598753,2026-05-12 22:37:42.098714,2026-05-12 22:37:42.560652,0 days 00:00:00.461938,0.45,0.7,2,0.05,0.02,0.6,0.16,6,0.5,20,0.8,,,,,,PRUNED
10088,-9999.0,2026-05-12 22:37:42.588326,2026-05-12 22:37:42.992778,0 days 00:00:00.404452,0.45,0.7,4,0.05,0.02,0.6,0.08,6,0.7,20,0.8,,,,,BEAR_RATIO < NEUTRAL_RATIO < BULL_RATIO 约束违反: 0.45 / 0.7 / 0.7,COMPLETE
10089,-0.4524922313933547,2026-05-12 22:37:43.024358,2026-05-12 22:37:47.873868,0 days 00:00:04.849510,0.45,0.9,2,0.05,0.01,0.6,0.16,6,0.5,20,0.5,,,,,,PRUNED
10090,-0.5021526785907914,2026-05-12 22:37:47.904177,2026-05-12 22:37:52.251971,0 days 00:00:04.347794,0.25,0.8,2,0.03,0.02,0.6,0.08,4,0.7,10,0.65,,,,,,PRUNED
10091,-0.4946557924458848,2026-05-12 22:37:52.280189,2026-05-12 22:37:57.275018,0 days 00:00:04.994829,0.25,0.9,4,0.03,0.02,0.45,0.08,4,0.5,20,0.5,,,,,,PRUNED
10092,-0.48943268759887265,2026-05-12 22:37:57.305788,2026-05-12 22:38:01.715479,0 days 00:00:04.409691,0.45,0.9,3,0.05,0.01,0.3,0.12,3,0.7,5,0.5,,,,,,PRUNED
10093,-9999.0,2026-05-12 22:38:01.743389,2026-05-12 22:38:02.174486,0 days 00:00:00.431097,0.25,0.7,2,0.05,0.02,0.3,0.12,6,0.7,10,0.5,,,,,BEAR_RATIO < NEUTRAL_RATIO < BULL_RATIO 约束违反: 0.25 / 0.7 / 0.7,COMPLETE
10094,-0.4815703711160714,2026-05-12 22:38:02.203686,2026-05-12 22:38:06.575514,0 days 00:00:04.371828,0.35,0.8,2,0.05,0.01,0.45,0.12,4,0.7,10,0.65,,,,,,PRUNED
10095,-0.5337382868125093,2026-05-12 22:38:06.603503,2026-05-12 22:38:11.584462,0 days 00:00:04.980959,0.35,0.8,4,0.05,0.02,0.45,0.16,4,0.6,5,0.5,,,,,,PRUNED
10096,-0.4092137988646166,2026-05-12 22:38:11.616341,2026-05-12 22:38:12.085692,0 days 00:00:00.469351,0.45,0.7,2,0.05,0.02,0.6,0.08,6,0.5,10,0.8,,,,,,PRUNED
10097,-0.4394600188244098,2026-05-12 22:38:12.111523,2026-05-12 22:38:17.025174,0 days 00:00:04.913651,0.35,0.7,4,0.05,0.02,0.6,0.08,5,0.5,10,0.65,,,,,,PRUNED
10098,-0.4647812048015439,2026-05-12 22:38:17.056333,2026-05-12 22:38:21.394625,0 days 00:00:04.338292,0.35,0.8,2,0.05,0.01,0.6,0.08,3,0.5,5,0.65,,,,,,PRUNED
10099,-0.5119411255673495,2026-05-12 22:38:21.425583,2026-05-12 22:38:21.869273,0 days 00:00:00.443690,0.45,0.7,2,0.05,0.02,0.6,0.08,3,0.5,10,0.8,,,,,,PRUNED
10100,-9999.0,2026-05-12 22:38:21.899850,2026-05-12 22:38:22.285371,0 days 00:00:00.385521,0.45,0.7,4,0.05,0.01,0.3,0.16,4,0.7,10,0.8,,,,,BEAR_RATIO < NEUTRAL_RATIO < BULL_RATIO 约束违反: 0.45 / 0.7 / 0.7,COMPLETE
10101,-0.42056632138184724,2026-05-12 22:38:22.313265,2026-05-12 22:38:22.767200,0 days 00:00:00.453935,0.45,0.8,2,0.05,0.02,0.6,0.08,6,0.5,20,0.8,,,,,,PRUNED
10102,-0.44085691109290015,2026-05-12 22:38:22.794414,2026-05-12 22:38:26.851590,0 days 00:00:04.057176,0.45,0.9,2,0.05,0.02,0.3,0.08,4,0.5,20,0.8,,,,,,PRUNED
10103,-0.5505414662925506,2026-05-12 22:38:26.880347,2026-05-12 22:38:30.663026,0 days 00:00:03.782679,0.35,0.7,2,0.03,0.02,0.6,0.08,3,0.6,10,0.5,,,,,,PRUNED
10104,-9999.0,2026-05-12 22:38:30.693071,2026-05-12 22:38:31.079391,0 days 00:00:00.386320,0.45,0.7,2,0.03,0.02,0.6,0.12,6,0.7,20,0.8,,,,,BEAR_RATIO < NEUTRAL_RATIO < BULL_RATIO 约束违反: 0.45 / 0.7 / 0.7,COMPLETE
10105,-0.5179924623587872,2026-05-12 22:38:31.109584,2026-05-12 22:38:31.793840,0 days 00:00:00.684256,0.45,0.7,2,0.05,0.02,0.6,0.08,6,0.5,20,0.8,-0.39108387647623727,-0.030830266507629607,0.2538171717650998,0.36025360996860767,,COMPLETE
10106,-0.5041904692564851,2026-05-12 22:38:31.821509,2026-05-12 22:38:36.502705,0 days 00:00:04.681196,0.35,0.9,2,0.05,0.01,0.6,0.12,5,0.7,20,0.5,,,,,,PRUNED
10107,-0.5179924623587872,2026-05-12 22:38:36.532288,2026-05-12 22:38:37.182990,0 days 00:00:00.650702,0.45,0.7,2,0.05,0.02,0.6,0.08,6,0.5,20,0.8,-0.39108387647623727,-0.030830266507629607,0.2538171717650998,0.36025360996860767,,COMPLETE
10108,-0.43223096142417294,2026-05-12 22:38:37.213858,2026-05-12 22:38:37.678575,0 days 00:00:00.464717,0.45,0.9,2,0.05,0.02,0.6,0.08,6,0.5,20,0.8,,,,,,PRUNED
10109,-0.4100386278766106,2026-05-12 22:38:37.706994,2026-05-12 22:38:38.140756,0 days 00:00:00.433762,0.45,0.7,2,0.05,0.02,0.3,0.08,6,0.5,20,0.8,,,,,,PRUNED
10110,-0.5179924623587872,2026-05-12 22:38:38.185008,2026-05-12 22:38:38.864305,0 days 00:00:00.679297,0.45,0.7,2,0.05,0.02,0.6,0.08,6,0.5,20,0.8,-0.39108387647623727,-0.030830266507629607,0.2538171717650998,0.36025360996860767,,COMPLETE
10111,-9999.0,2026-05-12 22:38:38.891856,2026-05-12 22:38:39.279357,0 days 00:00:00.387501,0.45,0.7,2,0.05,0.02,0.6,0.08,6,0.7,20,0.8,,,,,BEAR_RATIO < NEUTRAL_RATIO < BULL_RATIO 约束违反: 0.45 / 0.7 / 0.7,COMPLETE
10112,-0.49021174516476407,2026-05-12 22:38:39.310044,2026-05-12 22:38:43.976807,0 days 00:00:04.666763,0.45,0.8,4,0.03,0.02,0.3,0.08,5,0.7,20,0.65,,,,,,PRUNED
10113,-0.43333909441165963,2026-05-12 22:38:44.006934,2026-05-12 22:38:44.454739,0 days 00:00:00.447805,0.35,0.7,2,0.05,0.02,0.6,0.08,6,0.5,20,0.8,,,,,,PRUNED
10114,-0.4092788272711371,2026-05-12 22:38:44.483680,2026-05-12 22:38:44.927926,0 days 00:00:00.444246,0.45,0.7,3,0.05,0.02,0.6,0.08,6,0.5,20,0.5,,,,,,PRUNED
10115,-0.5425005706671968,2026-05-12 22:38:44.958791,2026-05-12 22:38:48.705795,0 days 00:00:03.747004,0.35,0.7,2,0.05,0.01,0.3,0.12,3,0.6,10,0.65,,,,,,PRUNED
10116,-0.5756386105250649,2026-05-12 22:38:48.734810,2026-05-12 22:38:52.502178,0 days 00:00:03.767368,0.35,0.9,2,0.03,0.02,0.45,0.16,3,0.5,10,0.8,,,,,,PRUNED
10117,-0.5096485268050154,2026-05-12 22:38:52.529687,2026-05-12 22:38:57.116667,0 days 00:00:04.586980,0.25,0.7,2,0.03,0.01,0.6,0.08,5,0.6,20,0.8,,,,,,PRUNED
10118,-0.4990304965532807,2026-05-12 22:38:57.146123,2026-05-12 22:39:02.936201,0 days 00:00:05.790078,0.25,0.8,4,0.05,0.01,0.6,0.08,6,0.6,20,0.65,,,,,,PRUNED
10119,-0.5208171124249578,2026-05-12 22:39:02.966963,2026-05-12 22:39:07.968051,0 days 00:00:05.001088,0.45,0.8,4,0.03,0.02,0.6,0.16,4,0.5,5,0.8,,,,,,PRUNED
10120,-0.5183113896314416,2026-05-12 22:39:08.001607,2026-05-12 22:39:12.394760,0 days 00:00:04.393153,0.35,0.9,2,0.03,0.01,0.6,0.16,4,0.6,10,0.5,,,,,,PRUNED
10121,-0.4322626817353953,2026-05-12 22:39:12.422516,2026-05-12 22:39:12.904818,0 days 00:00:00.482302,0.45,0.7,2,0.05,0.02,0.6,0.08,6,0.6,5,0.8,,,,,,PRUNED
10122,-0.4521611491482174,2026-05-12 22:39:12.935742,2026-05-12 22:39:18.720256,0 days 00:00:05.784514,0.45,0.8,2,0.03,0.01,0.6,0.08,6,0.5,5,0.65,,,,,,PRUNED
10123,-9999.0,2026-05-12 22:39:18.751104,2026-05-12 22:39:19.147459,0 days 00:00:00.396355,0.45,0.7,3,0.05,0.02,0.6,0.12,5,0.7,5,0.8,,,,,BEAR_RATIO < NEUTRAL_RATIO < BULL_RATIO 约束违反: 0.45 / 0.7 / 0.7,COMPLETE
10124,-0.5179924623587872,2026-05-12 22:39:19.178237,2026-05-12 22:39:19.830250,0 days 00:00:00.652013,0.45,0.7,2,0.05,0.02,0.6,0.08,6,0.5,20,0.8,-0.39108387647623727,-0.030830266507629607,0.2538171717650998,0.36025360996860767,,COMPLETE
10125,-0.5179924623587872,2026-05-12 22:39:19.860847,2026-05-12 22:39:20.503914,0 days 00:00:00.643067,0.45,0.7,2,0.05,0.02,0.6,0.08,6,0.5,20,0.8,-0.39108387647623727,-0.030830266507629607,0.2538171717650998,0.36025360996860767,,COMPLETE
10126,-0.5179924623587872,2026-05-12 22:39:20.531907,2026-05-12 22:39:21.170687,0 days 00:00:00.638780,0.45,0.7,2,0.05,0.02,0.6,0.08,6,0.5,20,0.8,-0.39108387647623727,-0.030830266507629607,0.2538171717650998,0.36025360996860767,,COMPLETE
10127,-0.4194511448045569,2026-05-12 22:39:21.202198,2026-05-12 22:39:21.643531,0 days 00:00:00.441333,0.45,0.7,2,0.05,0.02,0.6,0.12,6,0.5,20,0.8,,,,,,PRUNED
10128,-0.44988261882816927,2026-05-12 22:39:21.673881,2026-05-12 22:39:27.267104,0 days 00:00:05.593223,0.45,0.8,3,0.05,0.02,0.3,0.16,5,0.5,5,0.5,,,,,,PRUNED
10129,-0.4573212482234,2026-05-12 22:39:27.295429,2026-05-12 22:39:33.147047,0 days 00:00:05.851618,0.45,0.7,2,0.03,0.02,0.3,0.08,6,0.6,5,0.5,,,,,,PRUNED
10130,-0.4313006510632476,2026-05-12 22:39:33.173808,2026-05-12 22:39:33.628427,0 days 00:00:00.454619,0.45,0.9,2,0.05,0.02,0.45,0.08,6,0.5,20,0.8,,,,,,PRUNED
10131,-0.5179924623587872,2026-05-12 22:39:33.673207,2026-05-12 22:39:34.434097,0 days 00:00:00.760890,0.45,0.7,2,0.05,0.02,0.6,0.08,6,0.5,20,0.8,-0.39108387647623727,-0.030830266507629607,0.2538171717650998,0.36025360996860767,,COMPLETE
10132,-0.4318124553734489,2026-05-12 22:39:34.464660,2026-05-12 22:39:34.926118,0 days 00:00:00.461458,0.45,0.7,2,0.03,0.02,0.6,0.08,6,0.5,20,0.8,,,,,,PRUNED
10133,-0.434431102228394,2026-05-12 22:39:34.953930,2026-05-12 22:39:40.709279,0 days 00:00:05.755349,0.45,0.7,3,0.05,0.02,0.6,0.08,6,0.6,5,0.5,,,,,,PRUNED
10134,-0.5598818688743136,2026-05-12 22:39:40.739572,2026-05-12 22:39:46.218085,0 days 00:00:05.478513,0.25,0.9,2,0.03,0.01,0.6,0.08,5,0.7,5,0.65,,,,,,PRUNED
10135,-0.487116779364579,2026-05-12 22:39:46.247786,2026-05-12 22:39:46.711407,0 days 00:00:00.463621,0.25,0.8,2,0.05,0.02,0.6,0.08,6,0.5,20,0.8,,,,,,PRUNED
10136,-0.5182406672588966,2026-05-12 22:39:46.740841,2026-05-12 22:39:47.402098,0 days 00:00:00.661257,0.45,0.7,2,0.05,0.02,0.45,0.08,6,0.5,20,0.8,-0.3910743597599139,-0.030648087966744914,0.25433261499796533,0.360426271793169,,COMPLETE
10137,-0.5516617377325717,2026-05-12 22:39:47.430623,2026-05-12 22:39:51.235590,0 days 00:00:03.804967,0.45,0.9,3,0.05,0.01,0.3,0.12,3,0.6,10,0.8,,,,,,PRUNED
10138,-0.5304369562418706,2026-05-12 22:39:51.264576,2026-05-12 22:39:56.185561,0 days 00:00:04.920985,0.25,0.8,2,0.03,0.02,0.6,0.12,5,0.6,10,0.8,,,,,,PRUNED
10139,-9999.0,2026-05-12 22:39:56.214100,2026-05-12 22:39:56.618608,0 days 00:00:00.404508,0.45,0.7,3,0.05,0.02,0.6,0.08,6,0.7,20,0.8,,,,,BEAR_RATIO < NEUTRAL_RATIO < BULL_RATIO 约束违反: 0.45 / 0.7 / 0.7,COMPLETE
10140,-0.5179924623587872,2026-05-12 22:39:56.646467,2026-05-12 22:39:57.314455,0 days 00:00:00.667988,0.45,0.7,2,0.05,0.02,0.6,0.08,6,0.5,20,0.8,-0.39108387647623727,-0.030830266507629607,0.2538171717650998,0.36025360996860767,,COMPLETE
10141,-0.5179924623587872,2026-05-12 22:39:57.346136,2026-05-12 22:39:58.005506,0 days 00:00:00.659370,0.45,0.7,2,0.05,0.02,0.6,0.08,6,0.5,20,0.8,-0.39108387647623727,-0.030830266507629607,0.2538171717650998,0.36025360996860767,,COMPLETE
10142,-0.4309812888470534,2026-05-12 22:39:58.034054,2026-05-12 22:40:02.077304,0 days 00:00:04.043250,0.45,0.8,2,0.05,0.02,0.6,0.08,4,0.5,20,0.5,,,,,,PRUNED
10143,-0.42449627052265904,2026-05-12 22:40:02.105689,2026-05-12 22:40:08.624313,0 days 00:00:06.518624,0.45,0.8,2,0.05,0.02,0.3,0.08,6,0.5,10,0.65,,,,,,PRUNED
10144,-0.5507003642618813,2026-05-12 22:40:08.651141,2026-05-12 22:40:12.983851,0 days 00:00:04.332710,0.25,0.8,4,0.03,0.02,0.3,0.08,3,0.7,5,0.5,,,,,,PRUNED
10145,-0.48002023742409994,2026-05-12 22:40:13.013150,2026-05-12 22:40:17.369910,0 days 00:00:04.356760,0.35,0.9,2,0.05,0.01,0.45,0.12,4,0.6,10,0.65,,,,,,PRUNED
10146,-0.4242910183560481,2026-05-12 22:40:17.399784,2026-05-12 22:40:17.844664,0 days 00:00:00.444880,0.45,0.7,2,0.05,0.02,0.6,0.08,5,0.5,20,0.8,,,,,,PRUNED
10147,-0.5254825267022484,2026-05-12 22:40:17.872062,2026-05-12 22:40:22.842935,0 days 00:00:04.970873,0.45,0.9,2,0.05,0.02,0.45,0.12,4,0.7,5,0.5,,,,,,PRUNED
10148,-0.4167185686265585,2026-05-12 22:40:22.871660,2026-05-12 22:40:23.343806,0 days 00:00:00.472146,0.45,0.7,2,0.05,0.02,0.3,0.08,6,0.5,5,0.8,,,,,,PRUNED
10149,-0.5179924623587872,2026-05-12 22:40:23.375440,2026-05-12 22:40:24.038353,0 days 00:00:00.662913,0.45,0.7,2,0.05,0.01,0.6,0.08,6,0.5,20,0.8,-0.39108387647623727,-0.030830266507629607,0.2538171717650998,0.36025360996860767,,COMPLETE
10150,-0.4107809201109101,2026-05-12 22:40:24.066240,2026-05-12 22:40:24.507063,0 days 00:00:00.440823,0.45,0.7,3,0.05,0.02,0.3,0.08,6,0.5,20,0.8,,,,,,PRUNED
10151,-0.41072198076880906,2026-05-12 22:40:24.550874,2026-05-12 22:40:25.016995,0 days 00:00:00.466121,0.45,0.7,3,0.05,0.02,0.6,0.08,6,0.5,10,0.8,,,,,,PRUNED
10152,-0.5715107846558711,2026-05-12 22:40:25.056424,2026-05-12 22:40:25.500941,0 days 00:00:00.444517,0.45,0.7,2,0.05,0.02,0.6,0.08,3,0.5,20,0.8,,,,,,PRUNED
10153,-0.5179924623587872,2026-05-12 22:40:25.529548,2026-05-12 22:40:26.171032,0 days 00:00:00.641484,0.45,0.7,2,0.05,0.02,0.6,0.08,6,0.5,20,0.8,-0.39108387647623727,-0.030830266507629607,0.2538171717650998,0.36025360996860767,,COMPLETE
10154,-0.5026093648491001,2026-05-12 22:40:26.221008,2026-05-12 22:40:31.890004,0 days 00:00:05.668996,0.35,0.7,4,0.03,0.02,0.6,0.16,5,0.5,5,0.8,,,,,,PRUNED
10155,-0.4106117209672115,2026-05-12 22:40:31.941387,2026-05-12 22:40:32.403044,0 days 00:00:00.461657,0.45,0.7,2,0.05,0.02,0.6,0.08,5,0.5,10,0.8,,,,,,PRUNED
10156,-0.5179924623587872,2026-05-12 22:40:32.433539,2026-05-12 22:40:33.088520,0 days 00:00:00.654981,0.45,0.7,2,0.05,0.02,0.6,0.08,6,0.5,20,0.8,-0.39108387647623727,-0.030830266507629607,0.2538171717650998,0.36025360996860767,,COMPLETE
10157,-0.446193649179386,2026-05-12 22:40:33.120875,2026-05-12 22:40:33.567868,0 days 00:00:00.446993,0.35,0.7,2,0.05,0.02,0.6,0.08,6,0.5,5,0.8,,,,,,PRUNED
