number,value,datetime_start,datetime_complete,duration,params_BEAR_RATIO,params_BULL_RATIO,params_GRID_MAX_LAYER,params_GRID_STEP_MAX,params_GRID_STEP_MIN,params_GRID_STEP_VOL_FACTOR,params_LAYER_FRACTION,params_MAX_HOLD,params_NEUTRAL_RATIO,params_REBALANCE_FREQ,params_VOL_WEIGHT,user_attrs_avg_test_score,user_attrs_avg_train_score,user_attrs_test_score_std,user_attrs_train_test_gap,user_attrs_validation_error,state
4665,-0.5179924623587872,2026-05-12 18:06:37.898265,2026-05-12 18:06:38.462211,0 days 00:00:00.563946,0.45,0.7,2,0.05,0.02,0.6,0.08,6,0.5,20,0.8,-0.39108387647623727,-0.030830266507629607,0.2538171717650998,0.36025360996860767,,COMPLETE
4666,-0.5179924623587872,2026-05-12 18:06:38.501202,2026-05-12 18:06:39.087164,0 days 00:00:00.585962,0.45,0.7,2,0.05,0.02,0.6,0.08,6,0.5,20,0.65,-0.39108387647623727,-0.030830266507629607,0.2538171717650998,0.36025360996860767,,COMPLETE
4667,-0.5633756433719495,2026-05-12 18:06:39.113044,2026-05-12 18:06:44.772985,0 days 00:00:05.659941,0.35,0.9,4,0.03,0.01,0.45,0.16,5,0.7,5,0.5,,,,,,PRUNED
4668,-0.410125315542252,2026-05-12 18:06:44.814109,2026-05-12 18:06:45.200361,0 days 00:00:00.386252,0.45,0.7,4,0.05,0.02,0.6,0.08,6,0.5,20,0.8,,,,,,PRUNED
4669,-0.5070448866763088,2026-05-12 18:06:45.229560,2026-05-12 18:06:47.710754,0 days 00:00:02.481194,0.25,0.7,3,0.03,0.01,0.6,0.16,4,0.5,10,0.65,,,,,,PRUNED
4670,-0.43922621830884545,2026-05-12 18:06:47.735465,2026-05-12 18:06:52.327918,0 days 00:00:04.592453,0.45,0.7,4,0.05,0.02,0.3,0.12,5,0.5,20,0.5,,,,,,PRUNED
4671,-0.5630649987719929,2026-05-12 18:06:52.348940,2026-05-12 18:06:57.505628,0 days 00:00:05.156688,0.25,0.8,4,0.05,0.01,0.6,0.16,4,0.6,5,0.8,,,,,,PRUNED
4672,-0.5001548485635536,2026-05-12 18:06:57.532449,2026-05-12 18:07:02.549253,0 days 00:00:05.016804,0.25,0.9,4,0.03,0.02,0.45,0.08,4,0.5,10,0.8,,,,,,PRUNED
4673,-0.5179924623587872,2026-05-12 18:07:02.599099,2026-05-12 18:07:03.203464,0 days 00:00:00.604365,0.45,0.7,2,0.05,0.01,0.6,0.08,6,0.5,20,0.8,-0.39108387647623727,-0.030830266507629607,0.2538171717650998,0.36025360996860767,,COMPLETE
4674,-0.43155661162383707,2026-05-12 18:07:03.232557,2026-05-12 18:07:03.625890,0 days 00:00:00.393333,0.45,0.7,3,0.05,0.02,0.6,0.16,6,0.5,20,0.8,,,,,,PRUNED
4675,-0.48547349492319397,2026-05-12 18:07:03.652838,2026-05-12 18:07:08.654026,0 days 00:00:05.001188,0.45,0.7,2,0.05,0.02,0.6,0.12,4,0.6,5,0.8,,,,,,PRUNED
4676,-0.5149933371403519,2026-05-12 18:07:08.683126,2026-05-12 18:07:12.429605,0 days 00:00:03.746479,0.45,0.7,4,0.05,0.01,0.6,0.08,3,0.5,10,0.5,,,,,,PRUNED
4677,-0.5627483138291144,2026-05-12 18:07:12.464923,2026-05-12 18:07:16.985495,0 days 00:00:04.520572,0.25,0.9,2,0.03,0.02,0.3,0.08,4,0.5,5,0.65,,,,,,PRUNED
4678,-0.5133849832945128,2026-05-12 18:07:17.012007,2026-05-12 18:07:21.439911,0 days 00:00:04.427904,0.25,0.9,2,0.03,0.01,0.3,0.12,4,0.5,10,0.65,,,,,,PRUNED
4679,-0.437672541289073,2026-05-12 18:07:21.467365,2026-05-12 18:07:26.405813,0 days 00:00:04.938448,0.35,0.7,3,0.05,0.01,0.45,0.08,5,0.5,10,0.5,,,,,,PRUNED
4680,-0.5179924623587872,2026-05-12 18:07:26.434311,2026-05-12 18:07:27.103374,0 days 00:00:00.669063,0.45,0.7,2,0.05,0.02,0.6,0.08,6,0.5,20,0.8,-0.39108387647623727,-0.030830266507629607,0.2538171717650998,0.36025360996860767,,COMPLETE
4681,-0.5179924623587872,2026-05-12 18:07:27.130475,2026-05-12 18:07:27.706917,0 days 00:00:00.576442,0.45,0.7,2,0.05,0.02,0.6,0.08,6,0.5,20,0.8,-0.39108387647623727,-0.030830266507629607,0.2538171717650998,0.36025360996860767,,COMPLETE
4682,-0.43080537961669585,2026-05-12 18:07:27.732512,2026-05-12 18:07:33.136540,0 days 00:00:05.404028,0.45,0.7,2,0.05,0.02,0.6,0.16,6,0.5,10,0.65,,,,,,PRUNED
4683,-0.49382736800520893,2026-05-12 18:07:33.164127,2026-05-12 18:07:37.686925,0 days 00:00:04.522798,0.25,0.7,3,0.03,0.01,0.6,0.12,4,0.5,10,0.5,,,,,,PRUNED
4684,-0.5179924623587872,2026-05-12 18:07:37.714689,2026-05-12 18:07:38.282636,0 days 00:00:00.567947,0.45,0.7,2,0.05,0.02,0.6,0.08,6,0.5,20,0.8,-0.39108387647623727,-0.030830266507629607,0.2538171717650998,0.36025360996860767,,COMPLETE
4685,-0.4396598076186018,2026-05-12 18:07:38.306920,2026-05-12 18:07:43.947760,0 days 00:00:05.640840,0.45,0.8,3,0.05,0.02,0.6,0.12,5,0.5,5,0.5,,,,,,PRUNED
4686,-0.5179924623587872,2026-05-12 18:07:43.975821,2026-05-12 18:07:44.559426,0 days 00:00:00.583605,0.45,0.7,2,0.05,0.02,0.6,0.08,6,0.5,20,0.8,-0.39108387647623727,-0.030830266507629607,0.2538171717650998,0.36025360996860767,,COMPLETE
4687,-0.44921191645210445,2026-05-12 18:07:44.584368,2026-05-12 18:07:47.621236,0 days 00:00:03.036868,0.35,0.7,2,0.05,0.02,0.6,0.12,4,0.5,10,0.5,,,,,,PRUNED
4688,-0.5179924623587872,2026-05-12 18:07:47.649256,2026-05-12 18:07:48.205721,0 days 00:00:00.556465,0.45,0.7,2,0.05,0.02,0.6,0.08,6,0.5,20,0.5,-0.39108387647623727,-0.030830266507629607,0.2538171717650998,0.36025360996860767,,COMPLETE
4689,-0.5175407037577614,2026-05-12 18:07:48.231334,2026-05-12 18:07:52.781177,0 days 00:00:04.549843,0.35,0.8,4,0.03,0.01,0.6,0.08,3,0.7,5,0.5,,,,,,PRUNED
4690,-0.4976795717566107,2026-05-12 18:07:52.805898,2026-05-12 18:07:57.228400,0 days 00:00:04.422502,0.25,0.9,3,0.05,0.02,0.6,0.16,4,0.5,10,0.65,,,,,,PRUNED
4691,-9999.0,2026-05-12 18:07:57.280260,2026-05-12 18:07:57.589034,0 days 00:00:00.308774,0.25,0.7,3,0.05,0.02,0.45,0.16,5,0.7,10,0.8,,,,,BEAR_RATIO < NEUTRAL_RATIO < BULL_RATIO 约束违反: 0.25 / 0.7 / 0.7,COMPLETE
4692,-0.4092788272711371,2026-05-12 18:07:57.614313,2026-05-12 18:07:57.977591,0 days 00:00:00.363278,0.45,0.7,3,0.05,0.02,0.6,0.08,6,0.5,20,0.8,,,,,,PRUNED
4693,-0.528497540082953,2026-05-12 18:07:58.002101,2026-05-12 18:08:03.068069,0 days 00:00:05.065968,0.35,0.9,2,0.05,0.02,0.3,0.08,4,0.6,5,0.8,,,,,,PRUNED
4694,-0.5959884515373528,2026-05-12 18:08:03.096525,2026-05-12 18:08:06.614903,0 days 00:00:03.518378,0.45,0.7,2,0.05,0.02,0.6,0.12,3,0.6,20,0.8,,,,,,PRUNED
4695,-0.45429839081012185,2026-05-12 18:08:06.641173,2026-05-12 18:08:11.258244,0 days 00:00:04.617071,0.45,0.8,3,0.05,0.01,0.45,0.08,4,0.6,10,0.5,,,,,,PRUNED
4696,-0.6151730512537917,2026-05-12 18:08:11.286603,2026-05-12 18:08:14.738624,0 days 00:00:03.452021,0.25,0.9,2,0.05,0.02,0.45,0.12,3,0.5,20,0.65,,,,,,PRUNED
4697,-0.530889794020386,2026-05-12 18:08:14.766795,2026-05-12 18:08:19.661299,0 days 00:00:04.894504,0.35,0.8,4,0.03,0.02,0.45,0.16,6,0.6,10,0.65,,,,,,PRUNED
4698,-0.4758313392250971,2026-05-12 18:08:19.687034,2026-05-12 18:08:24.692598,0 days 00:00:05.005564,0.45,0.9,4,0.05,0.01,0.6,0.16,6,0.6,20,0.5,,,,,,PRUNED
4699,-0.4585833218299262,2026-05-12 18:08:24.716002,2026-05-12 18:08:28.765236,0 days 00:00:04.049234,0.35,0.8,3,0.05,0.02,0.3,0.12,4,0.5,20,0.8,,,,,,PRUNED
4700,-0.49131270057304377,2026-05-12 18:08:28.792377,2026-05-12 18:08:33.849226,0 days 00:00:05.056849,0.25,0.7,3,0.05,0.01,0.6,0.12,6,0.5,20,0.8,,,,,,PRUNED
4701,-9999.0,2026-05-12 18:08:33.877152,2026-05-12 18:08:34.191208,0 days 00:00:00.314056,0.35,0.7,4,0.03,0.02,0.3,0.12,3,0.7,20,0.8,,,,,BEAR_RATIO < NEUTRAL_RATIO < BULL_RATIO 约束违反: 0.35 / 0.7 / 0.7,COMPLETE
4702,-0.4511100384955283,2026-05-12 18:08:34.220347,2026-05-12 18:08:39.001910,0 days 00:00:04.781563,0.45,0.9,4,0.05,0.01,0.3,0.08,5,0.5,20,0.5,,,,,,PRUNED
4703,-0.49210028203991346,2026-05-12 18:08:39.030957,2026-05-12 18:08:44.633270,0 days 00:00:05.602313,0.25,0.7,2,0.05,0.02,0.45,0.08,5,0.5,5,0.5,,,,,,PRUNED
4704,-0.5179924623587872,2026-05-12 18:08:44.677757,2026-05-12 18:08:45.254173,0 days 00:00:00.576416,0.45,0.7,2,0.05,0.02,0.6,0.08,6,0.5,20,0.8,-0.39108387647623727,-0.030830266507629607,0.2538171717650998,0.36025360996860767,,COMPLETE
4705,-0.521623259805703,2026-05-12 18:08:45.299634,2026-05-12 18:08:50.892371,0 days 00:00:05.592737,0.25,0.8,3,0.05,0.01,0.3,0.08,5,0.6,5,0.8,,,,,,PRUNED
4706,-0.5179924623587872,2026-05-12 18:08:50.919346,2026-05-12 18:08:51.496671,0 days 00:00:00.577325,0.45,0.7,2,0.05,0.02,0.6,0.08,6,0.5,20,0.8,-0.39108387647623727,-0.030830266507629607,0.2538171717650998,0.36025360996860767,,COMPLETE
4707,-0.45771182755109885,2026-05-12 18:08:51.525098,2026-05-12 18:08:55.655719,0 days 00:00:04.130621,0.45,0.8,3,0.05,0.02,0.3,0.12,4,0.6,20,0.5,,,,,,PRUNED
4708,-0.4692109673067413,2026-05-12 18:08:55.680720,2026-05-12 18:09:00.376518,0 days 00:00:04.695798,0.35,0.7,4,0.03,0.01,0.3,0.08,5,0.5,20,0.8,,,,,,PRUNED
4709,-0.44717183962149953,2026-05-12 18:09:00.402461,2026-05-12 18:09:05.741251,0 days 00:00:05.338790,0.45,0.7,3,0.03,0.01,0.6,0.08,6,0.6,10,0.8,,,,,,PRUNED
4710,-0.5179924623587872,2026-05-12 18:09:05.768867,2026-05-12 18:09:06.318885,0 days 00:00:00.550018,0.45,0.7,2,0.05,0.02,0.6,0.08,6,0.5,20,0.8,-0.39108387647623727,-0.030830266507629607,0.2538171717650998,0.36025360996860767,,COMPLETE
4711,-0.5179924623587872,2026-05-12 18:09:06.344328,2026-05-12 18:09:06.905161,0 days 00:00:00.560833,0.45,0.7,2,0.05,0.02,0.6,0.08,6,0.5,20,0.8,-0.39108387647623727,-0.030830266507629607,0.2538171717650998,0.36025360996860767,,COMPLETE
4712,-9999.0,2026-05-12 18:09:06.947944,2026-05-12 18:09:07.263499,0 days 00:00:00.315555,0.45,0.7,4,0.05,0.02,0.3,0.16,3,0.7,20,0.8,,,,,BEAR_RATIO < NEUTRAL_RATIO < BULL_RATIO 约束违反: 0.45 / 0.7 / 0.7,COMPLETE
4713,-9999.0,2026-05-12 18:09:07.288816,2026-05-12 18:09:07.592310,0 days 00:00:00.303494,0.45,0.7,2,0.03,0.02,0.6,0.08,5,0.7,20,0.8,,,,,BEAR_RATIO < NEUTRAL_RATIO < BULL_RATIO 约束违反: 0.45 / 0.7 / 0.7,COMPLETE
4714,-0.6248366128036875,2026-05-12 18:09:07.638651,2026-05-12 18:09:11.044701,0 days 00:00:03.406050,0.35,0.8,4,0.03,0.02,0.6,0.16,3,0.5,20,0.65,,,,,,PRUNED
4715,-0.4213231947291116,2026-05-12 18:09:11.070463,2026-05-12 18:09:11.460047,0 days 00:00:00.389584,0.45,0.7,2,0.05,0.02,0.6,0.08,4,0.5,20,0.8,,,,,,PRUNED
4716,-0.42357363260304626,2026-05-12 18:09:11.487938,2026-05-12 18:09:11.857779,0 days 00:00:00.369841,0.45,0.7,2,0.05,0.02,0.6,0.08,6,0.6,20,0.8,,,,,,PRUNED
4717,-0.5432210368763558,2026-05-12 18:09:11.884162,2026-05-12 18:09:18.077623,0 days 00:00:06.193461,0.25,0.7,2,0.03,0.01,0.6,0.16,6,0.5,10,0.8,,,,,,PRUNED
4718,-0.48427676044245305,2026-05-12 18:09:18.104176,2026-05-12 18:09:23.403347,0 days 00:00:05.299171,0.45,0.8,2,0.03,0.01,0.6,0.12,6,0.6,10,0.5,,,,,,PRUNED
4719,-0.5179924623587872,2026-05-12 18:09:23.431985,2026-05-12 18:09:24.032180,0 days 00:00:00.600195,0.45,0.7,2,0.05,0.02,0.6,0.08,6,0.5,20,0.8,-0.39108387647623727,-0.030830266507629607,0.2538171717650998,0.36025360996860767,,COMPLETE
4720,-0.5179924623587872,2026-05-12 18:09:24.060079,2026-05-12 18:09:24.619585,0 days 00:00:00.559506,0.45,0.7,2,0.05,0.02,0.6,0.08,6,0.5,20,0.8,-0.39108387647623727,-0.030830266507629607,0.2538171717650998,0.36025360996860767,,COMPLETE
4721,-0.5179924623587872,2026-05-12 18:09:24.645524,2026-05-12 18:09:25.210883,0 days 00:00:00.565359,0.45,0.7,2,0.05,0.02,0.6,0.08,6,0.5,20,0.8,-0.39108387647623727,-0.030830266507629607,0.2538171717650998,0.36025360996860767,,COMPLETE
4722,-0.4158727577592697,2026-05-12 18:09:25.236303,2026-05-12 18:09:30.716353,0 days 00:00:05.480050,0.45,0.7,3,0.05,0.02,0.6,0.08,5,0.5,5,0.8,,,,,,PRUNED
4723,-0.5224930674915248,2026-05-12 18:09:30.737400,2026-05-12 18:09:34.937054,0 days 00:00:04.199654,0.35,0.9,3,0.03,0.01,0.45,0.12,5,0.6,20,0.65,,,,,,PRUNED
4724,-0.4092137988646166,2026-05-12 18:09:34.961749,2026-05-12 18:09:35.295899,0 days 00:00:00.334150,0.45,0.7,2,0.05,0.02,0.6,0.08,6,0.5,10,0.8,,,,,,PRUNED
4725,-0.5179924623587872,2026-05-12 18:09:35.319718,2026-05-12 18:09:35.826436,0 days 00:00:00.506718,0.45,0.7,2,0.05,0.02,0.6,0.08,6,0.5,20,0.8,-0.39108387647623727,-0.030830266507629607,0.2538171717650998,0.36025360996860767,,COMPLETE
4726,-0.5002528825548302,2026-05-12 18:09:35.848529,2026-05-12 18:09:37.861849,0 days 00:00:02.013320,0.45,0.7,4,0.03,0.02,0.45,0.16,5,0.6,20,0.8,,,,,,PRUNED
4727,-0.47058898141499805,2026-05-12 18:09:37.884899,2026-05-12 18:09:42.597250,0 days 00:00:04.712351,0.35,0.8,2,0.03,0.02,0.45,0.08,6,0.5,10,0.5,,,,,,PRUNED
4728,-0.4761186228922672,2026-05-12 18:09:42.620309,2026-05-12 18:09:47.245761,0 days 00:00:04.625452,0.45,0.7,4,0.03,0.02,0.6,0.16,6,0.5,20,0.8,,,,,,PRUNED
4729,-0.648055740813489,2026-05-12 18:09:47.270863,2026-05-12 18:09:50.758660,0 days 00:00:03.487797,0.25,0.8,3,0.03,0.01,0.6,0.16,3,0.6,20,0.5,,,,,,PRUNED
4730,-0.47441457244516044,2026-05-12 18:09:50.784744,2026-05-12 18:09:51.185331,0 days 00:00:00.400587,0.25,0.7,2,0.05,0.02,0.6,0.08,6,0.5,20,0.8,,,,,,PRUNED
4731,-0.5179924623587872,2026-05-12 18:09:51.213508,2026-05-12 18:09:51.776055,0 days 00:00:00.562547,0.45,0.7,2,0.05,0.02,0.6,0.08,6,0.5,20,0.8,-0.39108387647623727,-0.030830266507629607,0.2538171717650998,0.36025360996860767,,COMPLETE
4732,-0.48927283811330735,2026-05-12 18:09:51.800870,2026-05-12 18:09:57.011141,0 days 00:00:05.210271,0.35,0.7,3,0.03,0.01,0.3,0.16,5,0.5,10,0.5,,,,,,PRUNED
4733,-9999.0,2026-05-12 18:09:57.037850,2026-05-12 18:09:57.384269,0 days 00:00:00.346419,0.45,0.7,4,0.03,0.01,0.45,0.16,3,0.7,5,0.8,,,,,BEAR_RATIO < NEUTRAL_RATIO < BULL_RATIO 约束违反: 0.45 / 0.7 / 0.7,COMPLETE
4734,-0.5329492646382082,2026-05-12 18:09:57.410190,2026-05-12 18:10:02.357229,0 days 00:00:04.947039,0.25,0.8,2,0.05,0.01,0.3,0.16,5,0.7,20,0.5,,,,,,PRUNED
4735,-0.5179924623587872,2026-05-12 18:10:02.387026,2026-05-12 18:10:03.084378,0 days 00:00:00.697352,0.45,0.7,2,0.05,0.01,0.6,0.08,6,0.5,20,0.8,-0.39108387647623727,-0.030830266507629607,0.2538171717650998,0.36025360996860767,,COMPLETE
4736,-0.5179924623587872,2026-05-12 18:10:03.111103,2026-05-12 18:10:03.712871,0 days 00:00:00.601768,0.45,0.7,2,0.05,0.02,0.6,0.08,6,0.5,20,0.8,-0.39108387647623727,-0.030830266507629607,0.2538171717650998,0.36025360996860767,,COMPLETE
4737,-0.4100386278766106,2026-05-12 18:10:03.755650,2026-05-12 18:10:04.147278,0 days 00:00:00.391628,0.45,0.7,2,0.05,0.02,0.3,0.08,6,0.5,20,0.8,,,,,,PRUNED
4738,-0.5179924623587872,2026-05-12 18:10:04.175303,2026-05-12 18:10:04.698642,0 days 00:00:00.523339,0.45,0.7,2,0.05,0.02,0.6,0.08,6,0.5,20,0.8,-0.39108387647623727,-0.030830266507629607,0.2538171717650998,0.36025360996860767,,COMPLETE
4739,-0.47074219975557585,2026-05-12 18:10:04.725024,2026-05-12 18:10:10.650044,0 days 00:00:05.925020,0.35,0.7,3,0.05,0.02,0.45,0.16,4,0.6,10,0.5,,,,,,PRUNED
4740,-0.5179924623587872,2026-05-12 18:10:10.866153,2026-05-12 18:10:11.753034,0 days 00:00:00.886881,0.45,0.7,2,0.05,0.02,0.6,0.08,6,0.5,20,0.8,-0.39108387647623727,-0.030830266507629607,0.2538171717650998,0.36025360996860767,,COMPLETE
4741,-9999.0,2026-05-12 18:10:11.781950,2026-05-12 18:10:12.119163,0 days 00:00:00.337213,0.25,0.7,2,0.03,0.02,0.45,0.16,6,0.7,10,0.8,,,,,BEAR_RATIO < NEUTRAL_RATIO < BULL_RATIO 约束违反: 0.25 / 0.7 / 0.7,COMPLETE
4742,-0.41425741193738236,2026-05-12 18:10:12.146918,2026-05-12 18:10:12.553843,0 days 00:00:00.406925,0.45,0.7,2,0.05,0.02,0.6,0.08,6,0.5,5,0.8,,,,,,PRUNED
4743,-0.43333909441165963,2026-05-12 18:10:12.581283,2026-05-12 18:10:12.961701,0 days 00:00:00.380418,0.35,0.7,2,0.05,0.02,0.6,0.08,6,0.5,20,0.8,,,,,,PRUNED
4744,-0.4369421088047426,2026-05-12 18:10:13.002008,2026-05-12 18:10:13.416332,0 days 00:00:00.414324,0.35,0.7,4,0.05,0.02,0.6,0.08,6,0.5,20,0.8,,,,,,PRUNED
4745,-0.4403479605984736,2026-05-12 18:10:13.444264,2026-05-12 18:10:18.604404,0 days 00:00:05.160140,0.45,0.7,4,0.05,0.02,0.6,0.12,6,0.6,20,0.8,,,,,,PRUNED
4746,-0.648197757760185,2026-05-12 18:10:18.631531,2026-05-12 18:10:22.059869,0 days 00:00:03.428338,0.25,0.9,4,0.03,0.01,0.3,0.12,3,0.6,20,0.5,,,,,,PRUNED
4747,-0.5047382165148494,2026-05-12 18:10:22.086286,2026-05-12 18:10:27.063739,0 days 00:00:04.977453,0.45,0.7,3,0.03,0.01,0.3,0.16,4,0.5,5,0.65,,,,,,PRUNED
4748,-9999.0,2026-05-12 18:10:27.089741,2026-05-12 18:10:27.389921,0 days 00:00:00.300180,0.45,0.7,4,0.03,0.01,0.6,0.12,3,0.7,10,0.5,,,,,BEAR_RATIO < NEUTRAL_RATIO < BULL_RATIO 约束违反: 0.45 / 0.7 / 0.7,COMPLETE
4749,-0.5380139504633532,2026-05-12 18:10:27.414747,2026-05-12 18:10:31.030563,0 days 00:00:03.615816,0.25,0.7,2,0.05,0.02,0.6,0.08,3,0.5,10,0.8,,,,,,PRUNED
4750,-0.45594803696440955,2026-05-12 18:10:31.057229,2026-05-12 18:10:35.862585,0 days 00:00:04.805356,0.35,0.7,2,0.03,0.02,0.45,0.08,5,0.5,10,0.65,,,,,,PRUNED
4751,-0.5424339718714551,2026-05-12 18:10:35.887030,2026-05-12 18:10:40.262699,0 days 00:00:04.375669,0.25,0.9,3,0.05,0.01,0.6,0.08,6,0.7,5,0.5,,,,,,PRUNED
4752,-0.5179924623587872,2026-05-12 18:10:40.290885,2026-05-12 18:10:40.837820,0 days 00:00:00.546935,0.45,0.7,2,0.05,0.02,0.6,0.08,6,0.5,20,0.8,-0.39108387647623727,-0.030830266507629607,0.2538171717650998,0.36025360996860767,,COMPLETE
4753,-0.46133363153762375,2026-05-12 18:10:40.865131,2026-05-12 18:10:46.630791,0 days 00:00:05.765660,0.45,0.9,2,0.05,0.02,0.45,0.16,6,0.5,5,0.65,,,,,,PRUNED
4754,-0.4296411080598753,2026-05-12 18:10:46.676983,2026-05-12 18:10:47.039853,0 days 00:00:00.362870,0.45,0.7,2,0.05,0.02,0.6,0.16,6,0.5,20,0.8,,,,,,PRUNED
4755,-0.5179924623587872,2026-05-12 18:10:47.065259,2026-05-12 18:10:47.599813,0 days 00:00:00.534554,0.45,0.7,2,0.05,0.02,0.6,0.08,6,0.5,20,0.8,-0.39108387647623727,-0.030830266507629607,0.2538171717650998,0.36025360996860767,,COMPLETE
4756,-9999.0,2026-05-12 18:10:47.624511,2026-05-12 18:10:47.924353,0 days 00:00:00.299842,0.45,0.7,4,0.03,0.01,0.45,0.12,4,0.7,5,0.65,,,,,BEAR_RATIO < NEUTRAL_RATIO < BULL_RATIO 约束违反: 0.45 / 0.7 / 0.7,COMPLETE
4757,-0.5179924623587872,2026-05-12 18:10:47.952755,2026-05-12 18:10:48.527211,0 days 00:00:00.574456,0.45,0.7,2,0.05,0.02,0.6,0.08,6,0.5,20,0.8,-0.39108387647623727,-0.030830266507629607,0.2538171717650998,0.36025360996860767,,COMPLETE
4758,-0.4319040374717247,2026-05-12 18:10:48.554162,2026-05-12 18:10:54.541474,0 days 00:00:05.987312,0.45,0.8,4,0.05,0.02,0.6,0.08,6,0.5,5,0.8,,,,,,PRUNED
4759,-0.5319707083263371,2026-05-12 18:10:54.590476,2026-05-12 18:10:58.544034,0 days 00:00:03.953558,0.35,0.8,2,0.05,0.01,0.6,0.08,3,0.5,10,0.8,,,,,,PRUNED
4760,-0.5450908905337111,2026-05-12 18:10:58.597004,2026-05-12 18:11:02.603084,0 days 00:00:04.006080,0.35,0.7,3,0.05,0.02,0.6,0.12,3,0.6,10,0.8,,,,,,PRUNED
4761,-9999.0,2026-05-12 18:11:02.630841,2026-05-12 18:11:02.975951,0 days 00:00:00.345110,0.45,0.7,2,0.05,0.02,0.6,0.08,6,0.7,20,0.8,,,,,BEAR_RATIO < NEUTRAL_RATIO < BULL_RATIO 约束违反: 0.45 / 0.7 / 0.7,COMPLETE
4762,-0.4886360387368438,2026-05-12 18:11:03.004285,2026-05-12 18:11:09.044305,0 days 00:00:06.040020,0.35,0.8,4,0.05,0.01,0.45,0.16,6,0.5,5,0.8,,,,,,PRUNED
4763,-0.42056632138184724,2026-05-12 18:11:09.071398,2026-05-12 18:11:09.430854,0 days 00:00:00.359456,0.45,0.8,2,0.05,0.02,0.6,0.08,6,0.5,20,0.8,,,,,,PRUNED
4764,-0.43606843142098173,2026-05-12 18:11:09.457729,2026-05-12 18:11:14.012350,0 days 00:00:04.554621,0.45,0.7,4,0.05,0.02,0.6,0.16,6,0.5,10,0.8,,,,,,PRUNED
4765,-0.4115748956289856,2026-05-12 18:11:14.037929,2026-05-12 18:11:19.291133,0 days 00:00:05.253204,0.45,0.7,4,0.05,0.01,0.6,0.08,6,0.5,10,0.65,,,,,,PRUNED
4766,-0.4515569785811612,2026-05-12 18:11:19.317063,2026-05-12 18:11:24.078580,0 days 00:00:04.761517,0.35,0.7,4,0.05,0.02,0.6,0.08,5,0.5,20,0.8,,,,,,PRUNED
4767,-9999.0,2026-05-12 18:11:24.104114,2026-05-12 18:11:24.430412,0 days 00:00:00.326298,0.45,0.7,3,0.05,0.02,0.3,0.16,4,0.7,10,0.65,,,,,BEAR_RATIO < NEUTRAL_RATIO < BULL_RATIO 约束违反: 0.45 / 0.7 / 0.7,COMPLETE
4768,-0.5179924623587872,2026-05-12 18:11:24.454355,2026-05-12 18:11:25.001188,0 days 00:00:00.546833,0.45,0.7,2,0.05,0.02,0.6,0.08,6,0.5,20,0.8,-0.39108387647623727,-0.030830266507629607,0.2538171717650998,0.36025360996860767,,COMPLETE
4769,-0.6476290207582267,2026-05-12 18:11:25.026254,2026-05-12 18:11:28.428654,0 days 00:00:03.402400,0.25,0.7,4,0.03,0.01,0.3,0.16,3,0.6,20,0.65,,,,,,PRUNED
4770,-0.4318124553734489,2026-05-12 18:11:28.453551,2026-05-12 18:11:28.913354,0 days 00:00:00.459803,0.45,0.7,2,0.03,0.02,0.6,0.08,6,0.5,20,0.8,,,,,,PRUNED
4771,-0.5179924623587872,2026-05-12 18:11:28.937714,2026-05-12 18:11:29.532869,0 days 00:00:00.595155,0.45,0.7,2,0.05,0.02,0.6,0.08,6,0.5,20,0.8,-0.39108387647623727,-0.030830266507629607,0.2538171717650998,0.36025360996860767,,COMPLETE
4772,-0.5179924623587872,2026-05-12 18:11:29.559618,2026-05-12 18:11:30.144124,0 days 00:00:00.584506,0.45,0.7,2,0.05,0.02,0.6,0.08,6,0.5,20,0.8,-0.39108387647623727,-0.030830266507629607,0.2538171717650998,0.36025360996860767,,COMPLETE
4773,-0.4557826610187664,2026-05-12 18:11:30.170670,2026-05-12 18:11:35.305865,0 days 00:00:05.135195,0.45,0.7,2,0.03,0.02,0.3,0.12,6,0.5,20,0.8,,,,,,PRUNED
4774,-0.46579417007069573,2026-05-12 18:11:35.351189,2026-05-12 18:11:39.602344,0 days 00:00:04.251155,0.35,0.9,3,0.05,0.02,0.45,0.08,4,0.6,20,0.5,,,,,,PRUNED
4775,-0.5207300472322305,2026-05-12 18:11:39.627156,2026-05-12 18:11:42.929510,0 days 00:00:03.302354,0.25,0.7,2,0.03,0.01,0.6,0.12,5,0.5,20,0.5,,,,,,PRUNED
4776,-0.4724630150963399,2026-05-12 18:11:42.957462,2026-05-12 18:11:47.966997,0 days 00:00:05.009535,0.45,0.7,2,0.03,0.02,0.6,0.12,6,0.6,20,0.8,,,,,,PRUNED
4777,-0.410125315542252,2026-05-12 18:11:47.994081,2026-05-12 18:11:48.378634,0 days 00:00:00.384553,0.45,0.7,4,0.05,0.02,0.6,0.08,6,0.5,20,0.5,,,,,,PRUNED
4778,-0.5434076600819558,2026-05-12 18:11:48.406435,2026-05-12 18:11:52.356845,0 days 00:00:03.950410,0.35,0.9,4,0.05,0.01,0.3,0.08,3,0.5,10,0.5,,,,,,PRUNED
4779,-0.4358742696929134,2026-05-12 18:11:52.384188,2026-05-12 18:11:58.291939,0 days 00:00:05.907751,0.45,0.7,2,0.03,0.01,0.3,0.08,5,0.5,5,0.5,,,,,,PRUNED
4780,-0.5103837098181321,2026-05-12 18:11:58.320727,2026-05-12 18:12:02.586476,0 days 00:00:04.265749,0.35,0.9,4,0.03,0.01,0.3,0.16,4,0.5,20,0.5,,,,,,PRUNED
4781,-0.509195865415094,2026-05-12 18:12:02.614048,2026-05-12 18:12:07.905338,0 days 00:00:05.291290,0.35,0.8,2,0.05,0.01,0.45,0.16,3,0.7,5,0.5,,,,,,PRUNED
4782,-0.5182406672588966,2026-05-12 18:12:07.931404,2026-05-12 18:12:08.503066,0 days 00:00:00.571662,0.45,0.7,2,0.05,0.02,0.45,0.08,6,0.5,20,0.8,-0.3910743597599139,-0.030648087966744914,0.25433261499796533,0.360426271793169,,COMPLETE
4783,-0.5643379480846857,2026-05-12 18:12:08.528568,2026-05-12 18:12:10.806042,0 days 00:00:02.277474,0.25,0.8,3,0.05,0.01,0.6,0.12,3,0.6,10,0.5,,,,,,PRUNED
