number,value,datetime_start,datetime_complete,duration,params_BEAR_RATIO,params_BULL_RATIO,params_GRID_MAX_LAYER,params_GRID_STEP_MAX,params_GRID_STEP_MIN,params_GRID_STEP_VOL_FACTOR,params_LAYER_FRACTION,params_MAX_HOLD,params_NEUTRAL_RATIO,params_REBALANCE_FREQ,params_VOL_WEIGHT,user_attrs_avg_test_score,user_attrs_avg_train_score,user_attrs_test_score_std,user_attrs_train_test_gap,user_attrs_validation_error,state
3204,-0.5179924623587872,2026-05-12 16:51:40.875845,2026-05-12 16:51:41.418718,0 days 00:00:00.542873,0.45,0.7,2,0.05,0.02,0.6,0.08,6,0.5,20,0.8,-0.39108387647623727,-0.030830266507629607,0.2538171717650998,0.36025360996860767,,COMPLETE
3205,-0.5819638576325634,2026-05-12 16:51:41.442951,2026-05-12 16:51:44.956413,0 days 00:00:03.513462,0.35,0.7,2,0.05,0.02,0.6,0.08,3,0.5,20,0.65,,,,,,PRUNED
3206,-0.4100386278766106,2026-05-12 16:51:44.993053,2026-05-12 16:51:45.539551,0 days 00:00:00.546498,0.45,0.7,2,0.05,0.02,0.3,0.08,6,0.5,20,0.8,,,,,,PRUNED
3207,-0.5179924623587872,2026-05-12 16:51:45.566153,2026-05-12 16:51:46.082072,0 days 00:00:00.515919,0.45,0.7,2,0.05,0.02,0.6,0.08,6,0.5,20,0.8,-0.39108387647623727,-0.030830266507629607,0.2538171717650998,0.36025360996860767,,COMPLETE
3208,-9999.0,2026-05-12 16:51:46.107979,2026-05-12 16:51:46.393152,0 days 00:00:00.285173,0.25,0.7,3,0.05,0.02,0.3,0.08,3,0.7,5,0.8,,,,,BEAR_RATIO < NEUTRAL_RATIO < BULL_RATIO 约束违反: 0.25 / 0.7 / 0.7,COMPLETE
3209,-0.4646231853299435,2026-05-12 16:51:46.420528,2026-05-12 16:51:50.494223,0 days 00:00:04.073695,0.25,0.7,2,0.05,0.01,0.6,0.12,4,0.5,20,0.5,,,,,,PRUNED
3210,-0.5214443734430128,2026-05-12 16:51:50.518129,2026-05-12 16:51:55.468135,0 days 00:00:04.950006,0.25,0.8,4,0.03,0.01,0.3,0.08,6,0.6,20,0.65,,,,,,PRUNED
3211,-0.4296411080598753,2026-05-12 16:51:55.496462,2026-05-12 16:52:00.529466,0 days 00:00:05.033004,0.45,0.7,2,0.05,0.01,0.6,0.16,6,0.5,20,0.65,,,,,,PRUNED
3212,-0.495008087971943,2026-05-12 16:52:00.572644,2026-05-12 16:52:06.599750,0 days 00:00:06.027106,0.45,0.8,3,0.03,0.01,0.6,0.16,6,0.5,5,0.8,,,,,,PRUNED
3213,-9999.0,2026-05-12 16:52:06.624687,2026-05-12 16:52:06.910595,0 days 00:00:00.285908,0.45,0.7,2,0.03,0.02,0.6,0.08,6,0.7,20,0.5,,,,,BEAR_RATIO < NEUTRAL_RATIO < BULL_RATIO 约束违反: 0.45 / 0.7 / 0.7,COMPLETE
3214,-0.4870976183040443,2026-05-12 16:52:06.934123,2026-05-12 16:52:11.207703,0 days 00:00:04.273580,0.35,0.7,4,0.05,0.01,0.45,0.16,3,0.6,5,0.65,,,,,,PRUNED
3215,-0.43333909441165963,2026-05-12 16:52:11.235842,2026-05-12 16:52:11.603022,0 days 00:00:00.367180,0.35,0.7,2,0.05,0.02,0.6,0.08,6,0.5,20,0.5,,,,,,PRUNED
3216,-0.5844968607467765,2026-05-12 16:52:11.629516,2026-05-12 16:52:15.085317,0 days 00:00:03.455801,0.45,0.8,2,0.05,0.02,0.6,0.12,3,0.5,20,0.8,,,,,,PRUNED
3217,-0.5253011427674403,2026-05-12 16:52:15.112550,2026-05-12 16:52:19.904656,0 days 00:00:04.792106,0.25,0.8,3,0.05,0.02,0.3,0.16,5,0.7,10,0.8,,,,,,PRUNED
3218,-0.5179924623587872,2026-05-12 16:52:19.930092,2026-05-12 16:52:20.473656,0 days 00:00:00.543564,0.45,0.7,2,0.05,0.02,0.6,0.08,6,0.5,20,0.8,-0.39108387647623727,-0.030830266507629607,0.2538171717650998,0.36025360996860767,,COMPLETE
3219,-0.5928786804822005,2026-05-12 16:52:20.497421,2026-05-12 16:52:23.831905,0 days 00:00:03.334484,0.35,0.7,2,0.05,0.02,0.3,0.16,3,0.5,20,0.8,,,,,,PRUNED
3220,-0.4830989126026432,2026-05-12 16:52:23.857036,2026-05-12 16:52:29.328829,0 days 00:00:05.471793,0.25,0.7,2,0.05,0.02,0.45,0.08,6,0.6,20,0.65,,,,,,PRUNED
3221,-0.5042778026239618,2026-05-12 16:52:29.353165,2026-05-12 16:52:33.412055,0 days 00:00:04.058890,0.45,0.9,3,0.03,0.01,0.3,0.12,4,0.7,10,0.5,,,,,,PRUNED
3222,-0.5179924623587872,2026-05-12 16:52:33.434815,2026-05-12 16:52:33.976005,0 days 00:00:00.541190,0.45,0.7,2,0.05,0.02,0.6,0.08,6,0.5,20,0.8,-0.39108387647623727,-0.030830266507629607,0.2538171717650998,0.36025360996860767,,COMPLETE
3223,-9999.0,2026-05-12 16:52:33.999065,2026-05-12 16:52:34.299575,0 days 00:00:00.300510,0.25,0.7,2,0.03,0.02,0.6,0.08,4,0.7,10,0.5,,,,,BEAR_RATIO < NEUTRAL_RATIO < BULL_RATIO 约束违反: 0.25 / 0.7 / 0.7,COMPLETE
3224,-0.5270973541074255,2026-05-12 16:52:34.324969,2026-05-12 16:52:39.967022,0 days 00:00:05.642053,0.25,0.8,4,0.05,0.02,0.6,0.12,6,0.5,5,0.5,,,,,,PRUNED
3225,-9999.0,2026-05-12 16:52:39.990566,2026-05-12 16:52:40.292368,0 days 00:00:00.301802,0.25,0.7,3,0.05,0.01,0.3,0.16,3,0.7,20,0.8,,,,,BEAR_RATIO < NEUTRAL_RATIO < BULL_RATIO 约束违反: 0.25 / 0.7 / 0.7,COMPLETE
3226,-0.5977678226249719,2026-05-12 16:52:40.318096,2026-05-12 16:52:43.675693,0 days 00:00:03.357597,0.45,0.9,4,0.03,0.01,0.45,0.08,3,0.5,20,0.65,,,,,,PRUNED
3227,-9999.0,2026-05-12 16:52:43.700979,2026-05-12 16:52:43.979048,0 days 00:00:00.278069,0.45,0.7,2,0.05,0.02,0.6,0.08,6,0.7,20,0.8,,,,,BEAR_RATIO < NEUTRAL_RATIO < BULL_RATIO 约束违反: 0.45 / 0.7 / 0.7,COMPLETE
3228,-0.5116644750063529,2026-05-12 16:52:44.004322,2026-05-12 16:52:48.908816,0 days 00:00:04.904494,0.45,0.9,2,0.05,0.01,0.45,0.12,4,0.6,5,0.5,,,,,,PRUNED
3229,-0.5810357752757142,2026-05-12 16:52:48.935978,2026-05-12 16:52:53.826032,0 days 00:00:04.890054,0.35,0.9,2,0.03,0.01,0.3,0.16,4,0.7,5,0.65,,,,,,PRUNED
3230,-0.42498080359626095,2026-05-12 16:52:53.849365,2026-05-12 16:52:59.388491,0 days 00:00:05.539126,0.45,0.7,2,0.05,0.02,0.3,0.12,5,0.5,5,0.65,,,,,,PRUNED
3231,-9999.0,2026-05-12 16:52:59.413284,2026-05-12 16:52:59.718661,0 days 00:00:00.305377,0.25,0.7,2,0.03,0.01,0.3,0.12,5,0.7,10,0.8,,,,,BEAR_RATIO < NEUTRAL_RATIO < BULL_RATIO 约束违反: 0.25 / 0.7 / 0.7,COMPLETE
3232,-0.559487569833275,2026-05-12 16:52:59.745262,2026-05-12 16:53:03.385534,0 days 00:00:03.640272,0.25,0.8,4,0.05,0.02,0.3,0.08,3,0.6,10,0.8,,,,,,PRUNED
3233,-9999.0,2026-05-12 16:53:03.411517,2026-05-12 16:53:03.693348,0 days 00:00:00.281831,0.45,0.7,2,0.05,0.01,0.6,0.08,6,0.7,20,0.8,,,,,BEAR_RATIO < NEUTRAL_RATIO < BULL_RATIO 约束违反: 0.45 / 0.7 / 0.7,COMPLETE
3234,-0.4318124553734489,2026-05-12 16:53:03.717875,2026-05-12 16:53:04.079702,0 days 00:00:00.361827,0.45,0.7,2,0.03,0.02,0.6,0.08,6,0.5,20,0.8,,,,,,PRUNED
3235,-0.5179924623587872,2026-05-12 16:53:04.102925,2026-05-12 16:53:04.606891,0 days 00:00:00.503966,0.45,0.7,2,0.05,0.02,0.6,0.08,6,0.5,20,0.8,-0.39108387647623727,-0.030830266507629607,0.2538171717650998,0.36025360996860767,,COMPLETE
3236,-0.5715107846558711,2026-05-12 16:53:04.653243,2026-05-12 16:53:04.981507,0 days 00:00:00.328264,0.45,0.7,2,0.05,0.02,0.6,0.08,3,0.5,20,0.8,,,,,,PRUNED
3237,-0.47057494376325965,2026-05-12 16:53:05.004838,2026-05-12 16:53:10.376552,0 days 00:00:05.371714,0.45,0.9,2,0.05,0.01,0.45,0.12,5,0.6,5,0.65,,,,,,PRUNED
3238,-0.4708715871609932,2026-05-12 16:53:10.399880,2026-05-12 16:53:14.304416,0 days 00:00:03.904536,0.35,0.8,3,0.05,0.01,0.3,0.12,4,0.6,20,0.65,,,,,,PRUNED
3239,-0.5179924623587872,2026-05-12 16:53:14.328532,2026-05-12 16:53:14.882307,0 days 00:00:00.553775,0.45,0.7,2,0.05,0.02,0.6,0.08,6,0.5,20,0.8,-0.39108387647623727,-0.030830266507629607,0.2538171717650998,0.36025360996860767,,COMPLETE
3240,-0.5054045961924107,2026-05-12 16:53:14.909913,2026-05-12 16:53:20.314087,0 days 00:00:05.404174,0.45,0.9,4,0.05,0.01,0.6,0.16,5,0.7,5,0.8,,,,,,PRUNED
3241,-0.6416519318936063,2026-05-12 16:53:20.353490,2026-05-12 16:53:23.666342,0 days 00:00:03.312852,0.25,0.9,3,0.03,0.02,0.6,0.08,3,0.7,20,0.5,,,,,,PRUNED
3242,-0.5816461454286321,2026-05-12 16:53:23.690710,2026-05-12 16:53:26.636273,0 days 00:00:02.945563,0.45,0.8,4,0.05,0.01,0.45,0.08,3,0.5,20,0.5,,,,,,PRUNED
3243,-0.4242910183560481,2026-05-12 16:53:26.661166,2026-05-12 16:53:26.993614,0 days 00:00:00.332448,0.45,0.7,2,0.05,0.02,0.6,0.08,5,0.5,20,0.8,,,,,,PRUNED
3244,-0.5502663083588448,2026-05-12 16:53:27.018853,2026-05-12 16:53:31.813877,0 days 00:00:04.795024,0.35,0.9,2,0.05,0.01,0.45,0.16,4,0.7,5,0.65,,,,,,PRUNED
3245,-9999.0,2026-05-12 16:53:31.835029,2026-05-12 16:53:32.116220,0 days 00:00:00.281191,0.35,0.7,2,0.03,0.01,0.6,0.12,3,0.7,5,0.8,,,,,BEAR_RATIO < NEUTRAL_RATIO < BULL_RATIO 约束违反: 0.35 / 0.7 / 0.7,COMPLETE
3246,-0.4449051925504883,2026-05-12 16:53:32.139688,2026-05-12 16:53:37.106083,0 days 00:00:04.966395,0.45,0.7,2,0.05,0.02,0.45,0.16,6,0.6,20,0.8,,,,,,PRUNED
3247,-0.46506002509862304,2026-05-12 16:53:37.134499,2026-05-12 16:53:41.403439,0 days 00:00:04.268940,0.25,0.7,3,0.05,0.02,0.45,0.08,4,0.6,20,0.5,,,,,,PRUNED
3248,-0.42444070072515644,2026-05-12 16:53:41.431177,2026-05-12 16:53:46.579792,0 days 00:00:05.148615,0.45,0.8,4,0.05,0.02,0.3,0.08,6,0.5,20,0.8,,,,,,PRUNED
3249,-0.5739853679128459,2026-05-12 16:53:46.605799,2026-05-12 16:53:50.262632,0 days 00:00:03.656833,0.45,0.7,4,0.05,0.01,0.6,0.08,3,0.5,20,0.8,,,,,,PRUNED
3250,-0.5889536210468671,2026-05-12 16:53:50.290733,2026-05-12 16:53:56.158007,0 days 00:00:05.867274,0.25,0.9,3,0.03,0.02,0.3,0.12,6,0.7,5,0.5,,,,,,PRUNED
3251,-9999.0,2026-05-12 16:53:56.182509,2026-05-12 16:53:56.496911,0 days 00:00:00.314402,0.45,0.7,3,0.03,0.01,0.6,0.16,4,0.7,5,0.5,,,,,BEAR_RATIO < NEUTRAL_RATIO < BULL_RATIO 约束违反: 0.45 / 0.7 / 0.7,COMPLETE
3252,-0.4375429762920032,2026-05-12 16:53:56.522319,2026-05-12 16:54:00.508501,0 days 00:00:03.986182,0.35,0.7,4,0.05,0.02,0.6,0.08,6,0.5,10,0.8,,,,,,PRUNED
3253,-0.4194511448045569,2026-05-12 16:54:00.534416,2026-05-12 16:54:00.901667,0 days 00:00:00.367251,0.45,0.7,2,0.05,0.02,0.6,0.12,6,0.5,20,0.8,,,,,,PRUNED
3254,-0.6051199075096774,2026-05-12 16:54:00.926606,2026-05-12 16:54:04.315916,0 days 00:00:03.389310,0.35,0.9,2,0.05,0.02,0.45,0.16,3,0.5,20,0.65,,,,,,PRUNED
3255,-0.42795376063587454,2026-05-12 16:54:04.341595,2026-05-12 16:54:09.303096,0 days 00:00:04.961501,0.45,0.7,2,0.05,0.02,0.45,0.16,6,0.5,20,0.65,,,,,,PRUNED
3256,-0.47087154979085344,2026-05-12 16:54:09.326694,2026-05-12 16:54:14.992007,0 days 00:00:05.665313,0.45,0.7,4,0.03,0.01,0.6,0.16,5,0.5,5,0.65,,,,,,PRUNED
3257,-0.4318124553734489,2026-05-12 16:54:15.017046,2026-05-12 16:54:15.376282,0 days 00:00:00.359236,0.45,0.7,2,0.03,0.02,0.6,0.08,6,0.5,20,0.65,,,,,,PRUNED
3258,-0.45984099909319626,2026-05-12 16:54:15.401581,2026-05-12 16:54:21.370338,0 days 00:00:05.968757,0.45,0.8,3,0.03,0.01,0.6,0.08,5,0.6,10,0.65,,,,,,PRUNED
3259,-0.5182406672588966,2026-05-12 16:54:21.393249,2026-05-12 16:54:29.662146,0 days 00:00:08.268897,0.45,0.7,2,0.05,0.01,0.45,0.08,6,0.5,20,0.5,-0.3910743597599139,-0.030648087966744914,0.25433261499796533,0.360426271793169,,COMPLETE
3260,-0.5179924623587872,2026-05-12 16:54:29.687879,2026-05-12 16:54:30.194946,0 days 00:00:00.507067,0.45,0.7,2,0.05,0.02,0.6,0.08,6,0.5,20,0.8,-0.39108387647623727,-0.030830266507629607,0.2538171717650998,0.36025360996860767,,COMPLETE
3261,-0.43367110803787035,2026-05-12 16:54:30.220298,2026-05-12 16:54:35.557133,0 days 00:00:05.336835,0.45,0.9,4,0.05,0.02,0.45,0.08,6,0.5,20,0.8,,,,,,PRUNED
3262,-0.5793818638720827,2026-05-12 16:54:35.581498,2026-05-12 16:54:41.822765,0 days 00:00:06.241267,0.25,0.8,4,0.03,0.01,0.3,0.12,6,0.7,5,0.8,,,,,,PRUNED
3263,-0.410125315542252,2026-05-12 16:54:41.849314,2026-05-12 16:54:42.260892,0 days 00:00:00.411578,0.45,0.7,4,0.05,0.02,0.6,0.08,6,0.5,20,0.8,,,,,,PRUNED
3264,-0.5507003642618813,2026-05-12 16:54:42.288685,2026-05-12 16:54:46.860332,0 days 00:00:04.571647,0.25,0.8,4,0.03,0.01,0.45,0.08,3,0.7,5,0.65,,,,,,PRUNED
3265,-0.5056127432762436,2026-05-12 16:54:46.886970,2026-05-12 16:54:52.481128,0 days 00:00:05.594158,0.25,0.7,3,0.05,0.01,0.3,0.12,5,0.5,5,0.65,,,,,,PRUNED
3266,-0.5179924623587872,2026-05-12 16:54:52.506903,2026-05-12 16:54:54.163668,0 days 00:00:01.656765,0.45,0.7,2,0.05,0.02,0.6,0.08,6,0.5,20,0.8,-0.39108387647623727,-0.030830266507629607,0.2538171717650998,0.36025360996860767,,COMPLETE
3267,-0.5431102556157934,2026-05-12 16:54:54.190708,2026-05-12 16:54:58.781620,0 days 00:00:04.590912,0.25,0.9,3,0.03,0.02,0.3,0.12,5,0.5,20,0.5,,,,,,PRUNED
3268,-0.5182406672588966,2026-05-12 16:54:58.820748,2026-05-12 16:54:59.376414,0 days 00:00:00.555666,0.45,0.7,2,0.05,0.02,0.45,0.08,6,0.5,20,0.65,-0.3910743597599139,-0.030648087966744914,0.25433261499796533,0.360426271793169,,COMPLETE
3269,-0.5759345884840027,2026-05-12 16:54:59.401259,2026-05-12 16:55:02.691116,0 days 00:00:03.289857,0.25,0.9,2,0.03,0.01,0.45,0.12,4,0.5,5,0.5,,,,,,PRUNED
3270,-0.4386554252057068,2026-05-12 16:55:02.717541,2026-05-12 16:55:07.632561,0 days 00:00:04.915020,0.45,0.7,2,0.05,0.02,0.3,0.12,5,0.6,10,0.65,,,,,,PRUNED
3271,-0.5179924623587872,2026-05-12 16:55:07.659045,2026-05-12 16:55:08.223892,0 days 00:00:00.564847,0.45,0.7,2,0.05,0.02,0.6,0.08,6,0.5,20,0.65,-0.39108387647623727,-0.030830266507629607,0.2538171717650998,0.36025360996860767,,COMPLETE
3272,-0.5179924623587872,2026-05-12 16:55:08.248809,2026-05-12 16:55:08.793865,0 days 00:00:00.545056,0.45,0.7,2,0.05,0.02,0.6,0.08,6,0.5,20,0.5,-0.39108387647623727,-0.030830266507629607,0.2538171717650998,0.36025360996860767,,COMPLETE
3273,-9999.0,2026-05-12 16:55:08.821603,2026-05-12 16:55:09.100573,0 days 00:00:00.278970,0.35,0.7,3,0.05,0.01,0.3,0.16,6,0.7,5,0.65,,,,,BEAR_RATIO < NEUTRAL_RATIO < BULL_RATIO 约束违反: 0.35 / 0.7 / 0.7,COMPLETE
3274,-0.4874841401916301,2026-05-12 16:55:09.128624,2026-05-12 16:55:14.172376,0 days 00:00:05.043752,0.45,0.9,3,0.03,0.02,0.45,0.16,5,0.5,10,0.5,,,,,,PRUNED
3275,-0.4738202844766476,2026-05-12 16:55:14.199239,2026-05-12 16:55:18.723890,0 days 00:00:04.524651,0.35,0.7,4,0.05,0.01,0.3,0.16,4,0.6,10,0.8,,,,,,PRUNED
3276,-0.6006252318575236,2026-05-12 16:55:18.748064,2026-05-12 16:55:23.081545,0 days 00:00:04.333481,0.45,0.7,2,0.05,0.01,0.45,0.16,3,0.6,20,0.5,,,,,,PRUNED
3277,-0.6045070967953063,2026-05-12 16:55:23.105314,2026-05-12 16:55:26.578919,0 days 00:00:03.473605,0.45,0.8,2,0.05,0.01,0.3,0.12,3,0.6,20,0.8,,,,,,PRUNED
3278,-0.5319705892705429,2026-05-12 16:55:26.604853,2026-05-12 16:55:30.575315,0 days 00:00:03.970462,0.35,0.8,2,0.03,0.01,0.45,0.12,4,0.5,5,0.65,,,,,,PRUNED
3279,-9999.0,2026-05-12 16:55:30.599356,2026-05-12 16:55:30.924207,0 days 00:00:00.324851,0.35,0.7,2,0.03,0.01,0.45,0.08,6,0.7,5,0.65,,,,,BEAR_RATIO < NEUTRAL_RATIO < BULL_RATIO 约束违反: 0.35 / 0.7 / 0.7,COMPLETE
3280,-0.6490344029015173,2026-05-12 16:55:30.949941,2026-05-12 16:55:34.452366,0 days 00:00:03.502425,0.35,0.9,3,0.03,0.01,0.45,0.12,3,0.7,20,0.5,,,,,,PRUNED
3281,-0.43608096654459877,2026-05-12 16:55:34.476577,2026-05-12 16:55:39.493902,0 days 00:00:05.017325,0.45,0.9,4,0.05,0.02,0.3,0.08,6,0.5,20,0.8,,,,,,PRUNED
3282,-0.5378414697511724,2026-05-12 16:55:39.519621,2026-05-12 16:55:45.472039,0 days 00:00:05.952418,0.45,0.8,4,0.03,0.02,0.3,0.16,6,0.7,5,0.65,,,,,,PRUNED
3283,-0.4905349696183175,2026-05-12 16:55:45.497789,2026-05-12 16:55:51.500431,0 days 00:00:06.002642,0.35,0.9,2,0.05,0.01,0.3,0.12,6,0.5,5,0.65,,,,,,PRUNED
3284,-0.5315875232742537,2026-05-12 16:55:51.525202,2026-05-12 16:55:56.560875,0 days 00:00:05.035673,0.35,0.8,4,0.05,0.01,0.3,0.08,4,0.7,5,0.8,,,,,,PRUNED
3285,-0.5182406672588966,2026-05-12 16:55:56.589712,2026-05-12 16:55:57.125871,0 days 00:00:00.536159,0.45,0.7,2,0.05,0.02,0.45,0.08,6,0.5,20,0.8,-0.3910743597599139,-0.030648087966744914,0.25433261499796533,0.360426271793169,,COMPLETE
3286,-0.5179924623587872,2026-05-12 16:55:57.154540,2026-05-12 16:55:57.682363,0 days 00:00:00.527823,0.45,0.7,2,0.05,0.01,0.6,0.08,6,0.5,20,0.8,-0.39108387647623727,-0.030830266507629607,0.2538171717650998,0.36025360996860767,,COMPLETE
3287,-0.6105322918757748,2026-05-12 16:55:57.709908,2026-05-12 16:56:01.189990,0 days 00:00:03.480082,0.35,0.7,2,0.03,0.02,0.3,0.08,3,0.6,20,0.8,,,,,,PRUNED
3288,-0.49159174020761326,2026-05-12 16:56:01.216492,2026-05-12 16:56:03.976828,0 days 00:00:02.760336,0.35,0.7,4,0.03,0.01,0.6,0.16,4,0.5,20,0.5,,,,,,PRUNED
3289,-0.4167185686265585,2026-05-12 16:56:04.000417,2026-05-12 16:56:09.762994,0 days 00:00:05.762577,0.45,0.7,2,0.05,0.02,0.3,0.08,6,0.5,5,0.5,,,,,,PRUNED
3290,-0.5757097702104874,2026-05-12 16:56:09.806822,2026-05-12 16:56:14.737719,0 days 00:00:04.930897,0.25,0.9,3,0.03,0.02,0.45,0.16,6,0.6,20,0.65,,,,,,PRUNED
3291,-9999.0,2026-05-12 16:56:14.763064,2026-05-12 16:56:15.062311,0 days 00:00:00.299247,0.35,0.7,4,0.03,0.02,0.45,0.12,6,0.7,5,0.65,,,,,BEAR_RATIO < NEUTRAL_RATIO < BULL_RATIO 约束违反: 0.35 / 0.7 / 0.7,COMPLETE
3292,-0.4114882441143933,2026-05-12 16:56:15.087513,2026-05-12 16:56:21.083035,0 days 00:00:05.995522,0.45,0.7,2,0.05,0.02,0.3,0.08,5,0.5,10,0.8,,,,,,PRUNED
3293,-9999.0,2026-05-12 16:56:21.110112,2026-05-12 16:56:21.445772,0 days 00:00:00.335660,0.45,0.7,4,0.03,0.01,0.45,0.16,6,0.7,5,0.5,,,,,BEAR_RATIO < NEUTRAL_RATIO < BULL_RATIO 约束违反: 0.45 / 0.7 / 0.7,COMPLETE
3294,-0.5179924623587872,2026-05-12 16:56:21.471588,2026-05-12 16:56:22.024487,0 days 00:00:00.552899,0.45,0.7,2,0.05,0.02,0.6,0.08,6,0.5,20,0.8,-0.39108387647623727,-0.030830266507629607,0.2538171717650998,0.36025360996860767,,COMPLETE
3295,-0.4213231947291116,2026-05-12 16:56:22.048284,2026-05-12 16:56:26.065753,0 days 00:00:04.017469,0.45,0.7,2,0.05,0.01,0.6,0.08,4,0.5,20,0.5,,,,,,PRUNED
3296,-0.43494412778290487,2026-05-12 16:56:26.094310,2026-05-12 16:56:31.168291,0 days 00:00:05.073981,0.45,0.8,2,0.05,0.01,0.45,0.08,6,0.6,20,0.65,,,,,,PRUNED
3297,-0.5179924623587872,2026-05-12 16:56:31.195232,2026-05-12 16:56:31.779737,0 days 00:00:00.584505,0.45,0.7,2,0.05,0.02,0.6,0.08,6,0.5,20,0.8,-0.39108387647623727,-0.030830266507629607,0.2538171717650998,0.36025360996860767,,COMPLETE
3298,-9999.0,2026-05-12 16:56:31.808213,2026-05-12 16:56:32.109306,0 days 00:00:00.301093,0.35,0.7,2,0.03,0.01,0.3,0.12,6,0.7,20,0.65,,,,,BEAR_RATIO < NEUTRAL_RATIO < BULL_RATIO 约束违反: 0.35 / 0.7 / 0.7,COMPLETE
3299,-0.4324364259573655,2026-05-12 16:56:32.135065,2026-05-12 16:56:32.494241,0 days 00:00:00.359176,0.45,0.7,2,0.03,0.02,0.3,0.08,6,0.5,20,0.8,,,,,,PRUNED
3300,-0.5192953193910717,2026-05-12 16:56:32.519740,2026-05-12 16:56:35.931502,0 days 00:00:03.411762,0.35,0.7,3,0.03,0.02,0.6,0.16,5,0.6,20,0.65,,,,,,PRUNED
3301,-0.5320624795892693,2026-05-12 16:56:35.957984,2026-05-12 16:56:40.973415,0 days 00:00:05.015431,0.45,0.9,3,0.03,0.01,0.3,0.16,6,0.7,20,0.8,,,,,,PRUNED
3302,-0.5179924623587872,2026-05-12 16:56:40.999530,2026-05-12 16:56:41.561217,0 days 00:00:00.561687,0.45,0.7,2,0.05,0.02,0.6,0.08,6,0.5,20,0.8,-0.39108387647623727,-0.030830266507629607,0.2538171717650998,0.36025360996860767,,COMPLETE
3303,-0.45861918986757516,2026-05-12 16:56:41.588387,2026-05-12 16:56:47.431718,0 days 00:00:05.843331,0.45,0.8,2,0.05,0.01,0.6,0.12,5,0.6,5,0.65,,,,,,PRUNED
3304,-0.49520965090977515,2026-05-12 16:56:47.457519,2026-05-12 16:56:51.813590,0 days 00:00:04.356071,0.25,0.7,2,0.03,0.01,0.45,0.12,4,0.5,10,0.65,,,,,,PRUNED
3305,-0.5731214209042875,2026-05-12 16:56:51.836992,2026-05-12 16:56:55.586669,0 days 00:00:03.749677,0.25,0.9,4,0.05,0.01,0.45,0.08,3,0.7,10,0.5,,,,,,PRUNED
3306,-0.5193267538652486,2026-05-12 16:56:55.610521,2026-05-12 16:57:00.021264,0 days 00:00:04.410743,0.45,0.9,2,0.03,0.01,0.45,0.16,3,0.7,5,0.5,,,,,,PRUNED
3307,-0.5167030712629075,2026-05-12 16:57:00.047259,2026-05-12 16:57:03.874032,0 days 00:00:03.826773,0.25,0.8,2,0.05,0.02,0.3,0.16,6,0.5,10,0.8,,,,,,PRUNED
3308,-0.5179924623587872,2026-05-12 16:57:03.898990,2026-05-12 16:57:04.353307,0 days 00:00:00.454317,0.45,0.7,2,0.05,0.02,0.6,0.08,6,0.5,20,0.8,-0.39108387647623727,-0.030830266507629607,0.2538171717650998,0.36025360996860767,,COMPLETE
3309,-0.5123224787901258,2026-05-12 16:57:04.374414,2026-05-12 16:57:08.690829,0 days 00:00:04.316415,0.35,0.8,4,0.03,0.01,0.3,0.16,4,0.6,10,0.65,,,,,,PRUNED
3310,-0.6249118035461284,2026-05-12 16:57:08.715675,2026-05-12 16:57:12.218747,0 days 00:00:03.503072,0.35,0.9,3,0.03,0.01,0.6,0.16,3,0.5,20,0.5,,,,,,PRUNED
3311,-0.5492612690332217,2026-05-12 16:57:12.244651,2026-05-12 16:57:18.398425,0 days 00:00:06.153774,0.45,0.9,4,0.03,0.01,0.3,0.16,4,0.6,5,0.8,,,,,,PRUNED
3312,-9999.0,2026-05-12 16:57:18.424858,2026-05-12 16:57:18.729465,0 days 00:00:00.304607,0.35,0.7,3,0.03,0.02,0.45,0.08,6,0.7,5,0.65,,,,,BEAR_RATIO < NEUTRAL_RATIO < BULL_RATIO 约束违反: 0.35 / 0.7 / 0.7,COMPLETE
3313,-0.4491617727536359,2026-05-12 16:57:18.755169,2026-05-12 16:57:23.253739,0 days 00:00:04.498570,0.45,0.8,2,0.05,0.02,0.3,0.16,4,0.5,10,0.5,,,,,,PRUNED
3314,-0.4092788272711371,2026-05-12 16:57:23.275026,2026-05-12 16:57:23.645307,0 days 00:00:00.370281,0.45,0.7,3,0.05,0.02,0.6,0.08,6,0.5,20,0.8,,,,,,PRUNED
3315,-0.43223096142417294,2026-05-12 16:57:23.669422,2026-05-12 16:57:23.984437,0 days 00:00:00.315015,0.45,0.9,2,0.05,0.01,0.6,0.08,6,0.5,20,0.8,,,,,,PRUNED
3316,-9999.0,2026-05-12 16:57:24.007655,2026-05-12 16:57:24.261674,0 days 00:00:00.254019,0.45,0.7,2,0.05,0.01,0.6,0.08,6,0.7,20,0.65,,,,,BEAR_RATIO < NEUTRAL_RATIO < BULL_RATIO 约束违反: 0.45 / 0.7 / 0.7,COMPLETE
3317,-0.5105444152938785,2026-05-12 16:57:24.283818,2026-05-12 16:57:29.810308,0 days 00:00:05.526490,0.35,0.9,2,0.05,0.02,0.45,0.16,5,0.6,5,0.65,,,,,,PRUNED
3318,-0.4479159107761399,2026-05-12 16:57:29.836107,2026-05-12 16:57:33.958817,0 days 00:00:04.122710,0.35,0.7,3,0.05,0.02,0.45,0.08,5,0.5,5,0.8,,,,,,PRUNED
3319,-0.5280656824694572,2026-05-12 16:57:33.979548,2026-05-12 16:57:38.281911,0 days 00:00:04.302363,0.25,0.8,4,0.03,0.01,0.6,0.16,4,0.6,10,0.5,,,,,,PRUNED
3320,-0.5179924623587872,2026-05-12 16:57:38.325186,2026-05-12 16:57:38.855017,0 days 00:00:00.529831,0.45,0.7,2,0.05,0.02,0.6,0.08,6,0.5,20,0.8,-0.39108387647623727,-0.030830266507629607,0.2538171717650998,0.36025360996860767,,COMPLETE
3321,-0.5179924623587872,2026-05-12 16:57:38.878594,2026-05-12 16:57:39.402983,0 days 00:00:00.524389,0.45,0.7,2,0.05,0.02,0.6,0.08,6,0.5,20,0.8,-0.39108387647623727,-0.030830266507629607,0.2538171717650998,0.36025360996860767,,COMPLETE
3322,-0.4194511448045569,2026-05-12 16:57:39.427763,2026-05-12 16:57:39.802244,0 days 00:00:00.374481,0.45,0.7,2,0.05,0.01,0.6,0.12,6,0.5,20,0.8,,,,,,PRUNED
3323,-0.5557608914168152,2026-05-12 16:57:39.824443,2026-05-12 16:57:44.888607,0 days 00:00:05.064164,0.35,0.9,3,0.03,0.01,0.45,0.12,4,0.6,5,0.5,,,,,,PRUNED
3324,-0.49398440665070054,2026-05-12 16:57:44.913467,2026-05-12 16:57:49.848834,0 days 00:00:04.935367,0.45,0.8,4,0.03,0.01,0.6,0.12,5,0.6,20,0.8,,,,,,PRUNED
