number,value,datetime_start,datetime_complete,duration,params_BEAR_RATIO,params_BULL_RATIO,params_GRID_MAX_LAYER,params_GRID_STEP_MAX,params_GRID_STEP_MIN,params_GRID_STEP_VOL_FACTOR,params_LAYER_FRACTION,params_MAX_HOLD,params_NEUTRAL_RATIO,params_REBALANCE_FREQ,params_VOL_WEIGHT,user_attrs_avg_test_score,user_attrs_avg_train_score,user_attrs_test_score_std,user_attrs_train_test_gap,user_attrs_validation_error,state
2585,-0.5445693112072015,2026-05-12 16:21:47.631170,2026-05-12 16:21:52.007933,0 days 00:00:04.376763,0.25,0.7,3,0.03,0.02,0.45,0.16,3,0.6,5,0.65,,,,,,PRUNED
2586,-0.5149886907014214,2026-05-12 16:21:52.034162,2026-05-12 16:21:57.490032,0 days 00:00:05.455870,0.25,0.9,4,0.05,0.02,0.6,0.08,6,0.7,10,0.65,,,,,,PRUNED
2587,-0.5458016412803768,2026-05-12 16:21:57.518431,2026-05-12 16:22:01.274443,0 days 00:00:03.756012,0.45,0.9,3,0.05,0.02,0.45,0.08,3,0.6,10,0.5,,,,,,PRUNED
2588,-0.5686842733841965,2026-05-12 16:22:01.299093,2026-05-12 16:22:06.679986,0 days 00:00:05.380893,0.25,0.9,4,0.03,0.01,0.45,0.16,6,0.5,10,0.65,,,,,,PRUNED
2589,-0.5802465649425853,2026-05-12 16:22:06.707393,2026-05-12 16:22:11.091154,0 days 00:00:04.383761,0.25,0.9,3,0.03,0.02,0.45,0.16,3,0.7,5,0.5,,,,,,PRUNED
2590,-9999.0,2026-05-12 16:22:11.114467,2026-05-12 16:22:11.430041,0 days 00:00:00.315574,0.35,0.7,3,0.05,0.02,0.6,0.08,6,0.7,20,0.8,,,,,BEAR_RATIO < NEUTRAL_RATIO < BULL_RATIO 约束违反: 0.35 / 0.7 / 0.7,COMPLETE
2591,-9999.0,2026-05-12 16:22:11.454206,2026-05-12 16:22:11.723367,0 days 00:00:00.269161,0.25,0.7,3,0.05,0.01,0.3,0.08,6,0.7,20,0.65,,,,,BEAR_RATIO < NEUTRAL_RATIO < BULL_RATIO 约束违反: 0.25 / 0.7 / 0.7,COMPLETE
2592,-0.4739555424244232,2026-05-12 16:22:11.747139,2026-05-12 16:22:16.406223,0 days 00:00:04.659084,0.35,0.8,4,0.05,0.02,0.6,0.12,5,0.5,20,0.5,,,,,,PRUNED
2593,-0.5259689701789745,2026-05-12 16:22:16.430631,2026-05-12 16:22:19.034899,0 days 00:00:02.604268,0.45,0.7,2,0.03,0.02,0.6,0.08,3,0.5,10,0.8,,,,,,PRUNED
2594,-0.5778442538278967,2026-05-12 16:22:19.062738,2026-05-12 16:22:22.543495,0 days 00:00:03.480757,0.45,0.7,2,0.05,0.02,0.3,0.12,3,0.5,20,0.8,,,,,,PRUNED
2595,-0.4194511448045569,2026-05-12 16:22:22.567825,2026-05-12 16:22:22.905142,0 days 00:00:00.337317,0.45,0.7,2,0.05,0.02,0.6,0.12,6,0.5,20,0.8,,,,,,PRUNED
2596,-0.4841156836932291,2026-05-12 16:22:22.931389,2026-05-12 16:22:28.821106,0 days 00:00:05.889717,0.45,0.9,3,0.03,0.02,0.6,0.08,6,0.7,20,0.5,,,,,,PRUNED
2597,-0.5825139853896287,2026-05-12 16:22:28.848473,2026-05-12 16:22:32.331456,0 days 00:00:03.482983,0.45,0.7,2,0.03,0.02,0.45,0.08,3,0.5,20,0.8,,,,,,PRUNED
2598,-0.47532065191210554,2026-05-12 16:22:32.356591,2026-05-12 16:22:36.577428,0 days 00:00:04.220837,0.35,0.8,2,0.03,0.01,0.3,0.08,4,0.6,20,0.8,,,,,,PRUNED
2599,-0.49087114563795803,2026-05-12 16:22:36.602961,2026-05-12 16:22:41.051911,0 days 00:00:04.448950,0.25,0.7,4,0.05,0.02,0.3,0.16,4,0.6,10,0.5,,,,,,PRUNED
2600,-0.5179924623587872,2026-05-12 16:22:41.075702,2026-05-12 16:22:41.572653,0 days 00:00:00.496951,0.45,0.7,2,0.05,0.02,0.6,0.08,6,0.5,20,0.8,-0.39108387647623727,-0.030830266507629607,0.2538171717650998,0.36025360996860767,,COMPLETE
2601,-0.47441457244516044,2026-05-12 16:22:41.597856,2026-05-12 16:22:41.921805,0 days 00:00:00.323949,0.25,0.7,2,0.05,0.02,0.6,0.08,6,0.5,20,0.65,,,,,,PRUNED
2602,-0.6198717714172176,2026-05-12 16:22:41.946955,2026-05-12 16:22:45.424860,0 days 00:00:03.477905,0.25,0.9,4,0.05,0.01,0.45,0.12,3,0.5,20,0.5,,,,,,PRUNED
2603,-0.42995535679679864,2026-05-12 16:22:45.448755,2026-05-12 16:22:50.286063,0 days 00:00:04.837308,0.45,0.7,3,0.05,0.02,0.45,0.16,6,0.5,20,0.8,,,,,,PRUNED
2604,-0.47331751868706284,2026-05-12 16:22:50.311409,2026-05-12 16:22:54.945113,0 days 00:00:04.633704,0.35,0.7,3,0.05,0.01,0.6,0.16,6,0.5,5,0.8,,,,,,PRUNED
2605,-0.446193649179386,2026-05-12 16:22:54.970393,2026-05-12 16:22:55.307897,0 days 00:00:00.337504,0.35,0.7,2,0.05,0.02,0.6,0.08,6,0.5,5,0.8,,,,,,PRUNED
2606,-9999.0,2026-05-12 16:22:55.334111,2026-05-12 16:22:55.630488,0 days 00:00:00.296377,0.35,0.7,2,0.03,0.02,0.3,0.16,6,0.7,5,0.8,,,,,BEAR_RATIO < NEUTRAL_RATIO < BULL_RATIO 约束违反: 0.35 / 0.7 / 0.7,COMPLETE
2607,-0.47492050423763177,2026-05-12 16:22:55.658295,2026-05-12 16:23:00.730759,0 days 00:00:05.072464,0.45,0.7,3,0.03,0.01,0.6,0.16,6,0.5,20,0.5,,,,,,PRUNED
2608,-9999.0,2026-05-12 16:23:00.757088,2026-05-12 16:23:01.049323,0 days 00:00:00.292235,0.35,0.7,3,0.03,0.01,0.6,0.08,3,0.7,10,0.5,,,,,BEAR_RATIO < NEUTRAL_RATIO < BULL_RATIO 约束违反: 0.35 / 0.7 / 0.7,COMPLETE
2609,-0.4975451144570521,2026-05-12 16:23:01.073527,2026-05-12 16:23:05.196347,0 days 00:00:04.122820,0.45,0.8,3,0.03,0.02,0.45,0.16,4,0.6,20,0.5,,,,,,PRUNED
2610,-0.5126729045713659,2026-05-12 16:23:05.220823,2026-05-12 16:23:10.220631,0 days 00:00:04.999808,0.25,0.9,2,0.05,0.02,0.6,0.12,6,0.5,20,0.8,,,,,,PRUNED
2611,-0.569094582304922,2026-05-12 16:23:10.246252,2026-05-12 16:23:15.440486,0 days 00:00:05.194234,0.35,0.9,2,0.03,0.02,0.3,0.12,4,0.7,5,0.8,,,,,,PRUNED
2612,-0.5323041937245028,2026-05-12 16:23:15.466612,2026-05-12 16:23:19.738679,0 days 00:00:04.272067,0.25,0.8,3,0.03,0.01,0.3,0.08,3,0.6,5,0.8,,,,,,PRUNED
2613,-0.4242910183560481,2026-05-12 16:23:19.764962,2026-05-12 16:23:20.111573,0 days 00:00:00.346611,0.45,0.7,2,0.05,0.02,0.6,0.08,5,0.5,20,0.8,,,,,,PRUNED
2614,-0.5182406672588966,2026-05-12 16:23:20.139476,2026-05-12 16:23:20.655835,0 days 00:00:00.516359,0.45,0.7,2,0.05,0.02,0.45,0.08,6,0.5,20,0.8,-0.3910743597599139,-0.030648087966744914,0.25433261499796533,0.360426271793169,,COMPLETE
2615,-9999.0,2026-05-12 16:23:20.682583,2026-05-12 16:23:20.977459,0 days 00:00:00.294876,0.35,0.7,2,0.03,0.02,0.6,0.12,6,0.7,20,0.5,,,,,BEAR_RATIO < NEUTRAL_RATIO < BULL_RATIO 约束违反: 0.35 / 0.7 / 0.7,COMPLETE
2616,-0.5009192063109212,2026-05-12 16:23:21.002970,2026-05-12 16:23:24.570304,0 days 00:00:03.567334,0.45,0.8,2,0.03,0.02,0.3,0.16,4,0.6,20,0.5,,,,,,PRUNED
2617,-0.5179924623587872,2026-05-12 16:23:24.621070,2026-05-12 16:23:25.072811,0 days 00:00:00.451741,0.45,0.7,2,0.05,0.02,0.6,0.08,6,0.5,20,0.5,-0.39108387647623727,-0.030830266507629607,0.2538171717650998,0.36025360996860767,,COMPLETE
2618,-0.5369668274719152,2026-05-12 16:23:25.096169,2026-05-12 16:23:30.057629,0 days 00:00:04.961460,0.35,0.8,3,0.05,0.02,0.6,0.12,4,0.7,5,0.5,,,,,,PRUNED
2619,-0.42914257458083244,2026-05-12 16:23:30.088983,2026-05-12 16:23:36.269614,0 days 00:00:06.180631,0.45,0.7,2,0.05,0.02,0.3,0.12,6,0.5,5,0.8,,,,,,PRUNED
2620,-0.5179924623587872,2026-05-12 16:23:36.296532,2026-05-12 16:23:36.855788,0 days 00:00:00.559256,0.45,0.7,2,0.05,0.02,0.6,0.08,6,0.5,20,0.8,-0.39108387647623727,-0.030830266507629607,0.2538171717650998,0.36025360996860767,,COMPLETE
2621,-0.5179924623587872,2026-05-12 16:23:36.895163,2026-05-12 16:23:37.390920,0 days 00:00:00.495757,0.45,0.7,2,0.05,0.02,0.6,0.08,6,0.5,20,0.8,-0.39108387647623727,-0.030830266507629607,0.2538171717650998,0.36025360996860767,,COMPLETE
2622,-0.4429325738151759,2026-05-12 16:23:37.417159,2026-05-12 16:23:41.533235,0 days 00:00:04.116076,0.45,0.7,4,0.05,0.02,0.6,0.16,4,0.5,20,0.8,,,,,,PRUNED
2623,-0.6006252318575236,2026-05-12 16:23:41.559386,2026-05-12 16:23:45.056047,0 days 00:00:03.496661,0.45,0.7,2,0.05,0.02,0.6,0.16,3,0.6,20,0.8,,,,,,PRUNED
2624,-0.410125315542252,2026-05-12 16:23:45.082974,2026-05-12 16:23:45.423953,0 days 00:00:00.340979,0.45,0.7,4,0.05,0.02,0.6,0.08,6,0.5,20,0.8,,,,,,PRUNED
2625,-0.5179924623587872,2026-05-12 16:23:45.451796,2026-05-12 16:23:45.972494,0 days 00:00:00.520698,0.45,0.7,2,0.05,0.02,0.6,0.08,6,0.5,20,0.65,-0.39108387647623727,-0.030830266507629607,0.2538171717650998,0.36025360996860767,,COMPLETE
2626,-0.44470069194490197,2026-05-12 16:23:45.996022,2026-05-12 16:23:50.700059,0 days 00:00:04.704037,0.45,0.8,2,0.05,0.01,0.6,0.12,5,0.5,20,0.8,,,,,,PRUNED
2627,-9999.0,2026-05-12 16:23:50.738138,2026-05-12 16:23:51.021306,0 days 00:00:00.283168,0.25,0.7,4,0.03,0.01,0.6,0.12,3,0.7,20,0.8,,,,,BEAR_RATIO < NEUTRAL_RATIO < BULL_RATIO 约束违反: 0.25 / 0.7 / 0.7,COMPLETE
2628,-0.4939351861335568,2026-05-12 16:23:51.055052,2026-05-12 16:23:55.207303,0 days 00:00:04.152251,0.45,0.8,4,0.05,0.02,0.6,0.16,5,0.7,5,0.65,,,,,,PRUNED
2629,-0.5104456200444683,2026-05-12 16:23:55.233681,2026-05-12 16:24:00.336949,0 days 00:00:05.103268,0.25,0.9,2,0.05,0.01,0.45,0.08,6,0.7,10,0.65,,,,,,PRUNED
2630,-0.5179924623587872,2026-05-12 16:24:00.375259,2026-05-12 16:24:00.906614,0 days 00:00:00.531355,0.45,0.7,2,0.05,0.02,0.6,0.08,6,0.5,20,0.8,-0.39108387647623727,-0.030830266507629607,0.2538171717650998,0.36025360996860767,,COMPLETE
2631,-0.5661255516508009,2026-05-12 16:24:00.930397,2026-05-12 16:24:06.104145,0 days 00:00:05.173748,0.25,0.8,4,0.03,0.01,0.6,0.12,4,0.5,5,0.8,,,,,,PRUNED
2632,-0.45961867072277374,2026-05-12 16:24:06.125975,2026-05-12 16:24:12.110430,0 days 00:00:05.984455,0.45,0.9,2,0.05,0.01,0.6,0.08,6,0.6,5,0.65,,,,,,PRUNED
2633,-0.46975424897488005,2026-05-12 16:24:12.136365,2026-05-12 16:24:17.109614,0 days 00:00:04.973249,0.45,0.9,2,0.05,0.02,0.6,0.16,6,0.6,20,0.8,,,,,,PRUNED
2634,-0.4513962032295466,2026-05-12 16:24:17.134147,2026-05-12 16:24:22.976735,0 days 00:00:05.842588,0.35,0.8,3,0.05,0.02,0.45,0.08,5,0.5,10,0.8,,,,,,PRUNED
2635,-0.5160754573345183,2026-05-12 16:24:23.003336,2026-05-12 16:24:27.262649,0 days 00:00:04.259313,0.35,0.9,4,0.05,0.01,0.6,0.16,5,0.6,5,0.65,,,,,,PRUNED
2636,-0.5179924623587872,2026-05-12 16:24:27.288723,2026-05-12 16:24:27.822754,0 days 00:00:00.534031,0.45,0.7,2,0.05,0.02,0.6,0.08,6,0.5,20,0.8,-0.39108387647623727,-0.030830266507629607,0.2538171717650998,0.36025360996860767,,COMPLETE
2637,-0.5179924623587872,2026-05-12 16:24:27.866578,2026-05-12 16:24:28.400375,0 days 00:00:00.533797,0.45,0.7,2,0.05,0.02,0.6,0.08,6,0.5,20,0.8,-0.39108387647623727,-0.030830266507629607,0.2538171717650998,0.36025360996860767,,COMPLETE
2638,-9999.0,2026-05-12 16:24:28.426335,2026-05-12 16:24:28.730696,0 days 00:00:00.304361,0.45,0.7,2,0.05,0.01,0.6,0.12,6,0.7,5,0.8,,,,,BEAR_RATIO < NEUTRAL_RATIO < BULL_RATIO 约束违反: 0.45 / 0.7 / 0.7,COMPLETE
2639,-0.6178470804615497,2026-05-12 16:24:28.756422,2026-05-12 16:24:32.321489,0 days 00:00:03.565067,0.35,0.8,2,0.03,0.02,0.3,0.08,3,0.6,20,0.5,,,,,,PRUNED
2640,-0.5063228988981359,2026-05-12 16:24:32.347268,2026-05-12 16:24:37.794525,0 days 00:00:05.447257,0.45,0.8,4,0.03,0.01,0.45,0.16,6,0.6,10,0.8,,,,,,PRUNED
2641,-0.6204535665230715,2026-05-12 16:24:37.819728,2026-05-12 16:24:41.200767,0 days 00:00:03.381039,0.25,0.9,2,0.03,0.01,0.6,0.08,3,0.5,20,0.8,,,,,,PRUNED
2642,-9999.0,2026-05-12 16:24:41.227295,2026-05-12 16:24:41.521389,0 days 00:00:00.294094,0.45,0.7,2,0.05,0.02,0.6,0.08,6,0.7,20,0.65,,,,,BEAR_RATIO < NEUTRAL_RATIO < BULL_RATIO 约束违反: 0.45 / 0.7 / 0.7,COMPLETE
2643,-0.4505972835949846,2026-05-12 16:24:41.545072,2026-05-12 16:24:45.999018,0 days 00:00:04.453946,0.45,0.8,2,0.03,0.02,0.6,0.08,4,0.5,20,0.8,,,,,,PRUNED
2644,-0.46152728035568846,2026-05-12 16:24:46.210544,2026-05-12 16:24:47.205526,0 days 00:00:00.994982,0.45,0.9,2,0.05,0.02,0.6,0.08,6,0.7,20,0.8,,,,,,PRUNED
2645,-0.4194511448045569,2026-05-12 16:24:47.232612,2026-05-12 16:24:47.604007,0 days 00:00:00.371395,0.45,0.7,2,0.05,0.02,0.6,0.12,6,0.5,20,0.65,,,,,,PRUNED
2646,-0.5023085186649403,2026-05-12 16:24:47.626819,2026-05-12 16:24:52.495324,0 days 00:00:04.868505,0.25,0.9,4,0.05,0.02,0.6,0.08,6,0.5,20,0.8,,,,,,PRUNED
2647,-0.501386264334763,2026-05-12 16:24:52.521365,2026-05-12 16:24:55.240836,0 days 00:00:02.719471,0.25,0.9,3,0.05,0.02,0.6,0.16,4,0.6,20,0.65,,,,,,PRUNED
2648,-0.501813829359517,2026-05-12 16:24:55.264478,2026-05-12 16:25:00.917258,0 days 00:00:05.652780,0.45,0.9,2,0.03,0.01,0.6,0.12,5,0.6,5,0.65,,,,,,PRUNED
2649,-9999.0,2026-05-12 16:25:00.945169,2026-05-12 16:25:01.245229,0 days 00:00:00.300060,0.25,0.7,4,0.03,0.02,0.6,0.16,4,0.7,5,0.65,,,,,BEAR_RATIO < NEUTRAL_RATIO < BULL_RATIO 约束违反: 0.25 / 0.7 / 0.7,COMPLETE
2650,-0.4092788272711371,2026-05-12 16:25:01.272273,2026-05-12 16:25:01.647300,0 days 00:00:00.375027,0.45,0.7,3,0.05,0.02,0.6,0.08,6,0.5,20,0.8,,,,,,PRUNED
2651,-0.47468845055415754,2026-05-12 16:25:01.671946,2026-05-12 16:25:06.064991,0 days 00:00:04.393045,0.25,0.8,2,0.05,0.02,0.6,0.08,4,0.5,10,0.5,,,,,,PRUNED
2652,-0.5179924623587872,2026-05-12 16:25:06.091215,2026-05-12 16:25:06.649295,0 days 00:00:00.558080,0.45,0.7,2,0.05,0.02,0.6,0.08,6,0.5,20,0.8,-0.39108387647623727,-0.030830266507629607,0.2538171717650998,0.36025360996860767,,COMPLETE
2653,-0.5730010624940768,2026-05-12 16:25:06.674079,2026-05-12 16:25:10.238632,0 days 00:00:03.564553,0.45,0.7,3,0.05,0.02,0.6,0.08,3,0.5,20,0.5,,,,,,PRUNED
2654,-9999.0,2026-05-12 16:25:10.265094,2026-05-12 16:25:10.571723,0 days 00:00:00.306629,0.45,0.7,4,0.05,0.02,0.6,0.08,6,0.7,20,0.8,,,,,BEAR_RATIO < NEUTRAL_RATIO < BULL_RATIO 约束违反: 0.45 / 0.7 / 0.7,COMPLETE
2655,-0.5179924623587872,2026-05-12 16:25:10.594446,2026-05-12 16:25:11.108686,0 days 00:00:00.514240,0.45,0.7,2,0.05,0.01,0.6,0.08,6,0.5,20,0.8,-0.39108387647623727,-0.030830266507629607,0.2538171717650998,0.36025360996860767,,COMPLETE
2656,-0.4981710598951458,2026-05-12 16:25:11.132010,2026-05-12 16:25:15.734821,0 days 00:00:04.602811,0.45,0.9,3,0.05,0.02,0.6,0.16,5,0.7,20,0.8,,,,,,PRUNED
2657,-0.5455811425985523,2026-05-12 16:25:15.760301,2026-05-12 16:25:19.519176,0 days 00:00:03.758875,0.35,0.7,3,0.05,0.01,0.3,0.12,3,0.6,10,0.8,,,,,,PRUNED
2658,-0.4208413622985072,2026-05-12 16:25:19.544798,2026-05-12 16:25:24.192050,0 days 00:00:04.647252,0.45,0.7,2,0.05,0.01,0.6,0.12,6,0.5,10,0.8,,,,,,PRUNED
2659,-0.4623947924941944,2026-05-12 16:25:24.244548,2026-05-12 16:25:28.919452,0 days 00:00:04.674904,0.45,0.9,2,0.05,0.02,0.45,0.08,5,0.6,20,0.8,,,,,,PRUNED
2660,-0.5109577474891993,2026-05-12 16:25:28.944644,2026-05-12 16:25:33.577154,0 days 00:00:04.632510,0.45,0.8,2,0.03,0.01,0.6,0.16,3,0.7,5,0.65,,,,,,PRUNED
2661,-0.5023277030685874,2026-05-12 16:25:33.602055,2026-05-12 16:25:38.340582,0 days 00:00:04.738527,0.35,0.7,3,0.03,0.02,0.3,0.12,5,0.6,20,0.8,,,,,,PRUNED
2662,-0.5263081505076153,2026-05-12 16:25:38.367342,2026-05-12 16:25:43.177280,0 days 00:00:04.809938,0.25,0.8,3,0.05,0.01,0.6,0.16,5,0.6,20,0.65,,,,,,PRUNED
2663,-0.5657840396332398,2026-05-12 16:25:43.200766,2026-05-12 16:25:48.186972,0 days 00:00:04.986206,0.25,0.9,3,0.05,0.01,0.3,0.12,4,0.6,5,0.5,,,,,,PRUNED
2664,-0.43076574008516644,2026-05-12 16:25:48.215382,2026-05-12 16:25:48.584726,0 days 00:00:00.369344,0.45,0.7,3,0.03,0.02,0.6,0.08,6,0.5,20,0.8,,,,,,PRUNED
2665,-0.4496278703433611,2026-05-12 16:25:48.609360,2026-05-12 16:25:54.073257,0 days 00:00:05.463897,0.45,0.8,2,0.03,0.01,0.6,0.08,5,0.5,5,0.8,,,,,,PRUNED
2666,-0.4578296361284331,2026-05-12 16:25:54.098143,2026-05-12 16:25:57.726713,0 days 00:00:03.628570,0.35,0.7,2,0.03,0.02,0.45,0.08,6,0.5,20,0.8,,,,,,PRUNED
2667,-0.5548189857309801,2026-05-12 16:25:57.773791,2026-05-12 16:26:02.905579,0 days 00:00:05.131788,0.25,0.8,3,0.03,0.02,0.45,0.16,6,0.5,10,0.65,,,,,,PRUNED
2668,-0.5179924623587872,2026-05-12 16:26:02.934827,2026-05-12 16:26:03.470484,0 days 00:00:00.535657,0.45,0.7,2,0.05,0.02,0.6,0.08,6,0.5,20,0.8,-0.39108387647623727,-0.030830266507629607,0.2538171717650998,0.36025360996860767,,COMPLETE
2669,-0.567500711649067,2026-05-12 16:26:03.495662,2026-05-12 16:26:08.650614,0 days 00:00:05.154952,0.35,0.9,3,0.03,0.01,0.6,0.12,4,0.7,5,0.5,,,,,,PRUNED
2670,-0.42056632138184724,2026-05-12 16:26:08.674488,2026-05-12 16:26:13.698967,0 days 00:00:05.024479,0.45,0.8,2,0.05,0.01,0.6,0.08,6,0.5,20,0.65,,,,,,PRUNED
2671,-0.4718498285160092,2026-05-12 16:26:13.726790,2026-05-12 16:26:18.550540,0 days 00:00:04.823750,0.35,0.9,2,0.03,0.01,0.45,0.08,4,0.5,20,0.8,,,,,,PRUNED
2672,-0.4318124553734489,2026-05-12 16:26:18.577616,2026-05-12 16:26:18.939617,0 days 00:00:00.362001,0.45,0.7,2,0.03,0.02,0.45,0.08,6,0.5,20,0.8,,,,,,PRUNED
2673,-0.4910966435744307,2026-05-12 16:26:18.969185,2026-05-12 16:26:24.583487,0 days 00:00:05.614302,0.25,0.8,2,0.05,0.02,0.3,0.08,6,0.5,10,0.65,,,,,,PRUNED
2674,-0.4737566575592953,2026-05-12 16:26:24.607926,2026-05-12 16:26:27.537540,0 days 00:00:02.929614,0.35,0.7,2,0.03,0.02,0.6,0.12,4,0.5,10,0.8,,,,,,PRUNED
2675,-0.6061470358595874,2026-05-12 16:26:27.563831,2026-05-12 16:26:31.162965,0 days 00:00:03.599134,0.35,0.9,3,0.03,0.02,0.45,0.08,3,0.5,20,0.65,,,,,,PRUNED
2676,-0.4265670115795272,2026-05-12 16:26:31.194767,2026-05-12 16:26:35.910153,0 days 00:00:04.715386,0.45,0.7,3,0.05,0.02,0.3,0.08,5,0.5,20,0.8,,,,,,PRUNED
2677,-9999.0,2026-05-12 16:26:35.937072,2026-05-12 16:26:36.224083,0 days 00:00:00.287011,0.45,0.7,2,0.03,0.02,0.6,0.08,6,0.7,20,0.8,,,,,BEAR_RATIO < NEUTRAL_RATIO < BULL_RATIO 约束违反: 0.45 / 0.7 / 0.7,COMPLETE
2678,-0.4997835619295715,2026-05-12 16:26:36.249499,2026-05-12 16:26:42.013450,0 days 00:00:05.763951,0.35,0.8,3,0.03,0.01,0.6,0.08,5,0.6,5,0.65,,,,,,PRUNED
2679,-0.4449561525373363,2026-05-12 16:26:42.036062,2026-05-12 16:26:46.684699,0 days 00:00:04.648637,0.45,0.9,2,0.05,0.02,0.6,0.08,3,0.5,5,0.8,,,,,,PRUNED
2680,-0.5179924623587872,2026-05-12 16:26:46.709812,2026-05-12 16:26:47.234571,0 days 00:00:00.524759,0.45,0.7,2,0.05,0.02,0.6,0.08,6,0.5,20,0.8,-0.39108387647623727,-0.030830266507629607,0.2538171717650998,0.36025360996860767,,COMPLETE
2681,-9999.0,2026-05-12 16:26:47.258076,2026-05-12 16:26:47.537584,0 days 00:00:00.279508,0.25,0.7,4,0.05,0.02,0.6,0.12,6,0.7,20,0.5,,,,,BEAR_RATIO < NEUTRAL_RATIO < BULL_RATIO 约束违反: 0.25 / 0.7 / 0.7,COMPLETE
2682,-0.4211524445063394,2026-05-12 16:26:47.561870,2026-05-12 16:26:47.880372,0 days 00:00:00.318502,0.45,0.7,2,0.05,0.02,0.45,0.08,4,0.5,20,0.8,,,,,,PRUNED
2683,-0.5007538738002514,2026-05-12 16:26:47.905410,2026-05-12 16:26:51.953393,0 days 00:00:04.047983,0.35,0.8,2,0.03,0.01,0.3,0.16,4,0.5,20,0.8,,,,,,PRUNED
2684,-0.5187797592248211,2026-05-12 16:26:51.981589,2026-05-12 16:26:56.970083,0 days 00:00:04.988494,0.25,0.8,4,0.03,0.01,0.45,0.08,5,0.7,10,0.5,,,,,,PRUNED
2685,-0.5179924623587872,2026-05-12 16:26:56.994566,2026-05-12 16:26:57.521549,0 days 00:00:00.526983,0.45,0.7,2,0.05,0.02,0.6,0.08,6,0.5,20,0.8,-0.39108387647623727,-0.030830266507629607,0.2538171717650998,0.36025360996860767,,COMPLETE
2686,-0.52015597768487,2026-05-12 16:26:57.568704,2026-05-12 16:27:01.052148,0 days 00:00:03.483444,0.25,0.9,2,0.03,0.02,0.6,0.08,6,0.5,20,0.8,,,,,,PRUNED
2687,-0.5179731636191467,2026-05-12 16:27:01.081097,2026-05-12 16:27:06.579593,0 days 00:00:05.498496,0.35,0.8,2,0.03,0.02,0.6,0.16,5,0.5,5,0.8,,,,,,PRUNED
2688,-0.4524922313933547,2026-05-12 16:27:06.602798,2026-05-12 16:27:06.954148,0 days 00:00:00.351350,0.45,0.9,2,0.05,0.02,0.6,0.16,6,0.5,20,0.8,,,,,,PRUNED
2689,-0.6091543315970926,2026-05-12 16:27:06.980931,2026-05-12 16:27:10.569476,0 days 00:00:03.588545,0.45,0.8,2,0.03,0.02,0.6,0.16,3,0.5,20,0.65,,,,,,PRUNED
2690,-0.5347198449433863,2026-05-12 16:27:10.596105,2026-05-12 16:27:17.421174,0 days 00:00:06.825069,0.35,0.7,3,0.03,0.01,0.3,0.16,6,0.6,5,0.65,,,,,,PRUNED
2691,-0.48257029713894073,2026-05-12 16:27:17.447350,2026-05-12 16:27:17.796654,0 days 00:00:00.349304,0.25,0.7,2,0.05,0.02,0.6,0.08,5,0.5,20,0.8,,,,,,PRUNED
2692,-0.5722007627115545,2026-05-12 16:27:17.824756,2026-05-12 16:27:22.994535,0 days 00:00:05.169779,0.25,0.8,4,0.03,0.01,0.3,0.16,6,0.7,10,0.5,,,,,,PRUNED
2693,-0.5221833044972334,2026-05-12 16:27:23.020780,2026-05-12 16:27:28.048490,0 days 00:00:05.027710,0.25,0.9,2,0.05,0.02,0.6,0.16,6,0.5,20,0.8,,,,,,PRUNED
2694,-0.5179924623587872,2026-05-12 16:27:28.072012,2026-05-12 16:27:28.566597,0 days 00:00:00.494585,0.45,0.7,2,0.05,0.02,0.6,0.08,6,0.5,20,0.8,-0.39108387647623727,-0.030830266507629607,0.2538171717650998,0.36025360996860767,,COMPLETE
2695,-0.4556310257390914,2026-05-12 16:27:28.592048,2026-05-12 16:27:32.580627,0 days 00:00:03.988579,0.45,0.7,2,0.03,0.02,0.6,0.12,6,0.5,10,0.8,,,,,,PRUNED
2696,-0.534903017914837,2026-05-12 16:27:32.607426,2026-05-12 16:27:38.230162,0 days 00:00:05.622736,0.35,0.8,2,0.03,0.02,0.6,0.12,5,0.7,5,0.5,,,,,,PRUNED
2697,-0.44289751871939703,2026-05-12 16:27:38.255036,2026-05-12 16:27:42.849409,0 days 00:00:04.594373,0.35,0.7,2,0.05,0.02,0.6,0.08,4,0.5,10,0.8,,,,,,PRUNED
2698,-0.5714533208634172,2026-05-12 16:27:42.879201,2026-05-12 16:27:46.600664,0 days 00:00:03.721463,0.45,0.9,3,0.03,0.02,0.45,0.08,3,0.7,10,0.8,,,,,,PRUNED
2699,-0.5426068546562701,2026-05-12 16:27:46.624616,2026-05-12 16:27:52.047426,0 days 00:00:05.422810,0.25,0.9,4,0.05,0.01,0.3,0.16,6,0.6,10,0.5,,,,,,PRUNED
2700,-0.5182406672588966,2026-05-12 16:27:52.069190,2026-05-12 16:27:52.542927,0 days 00:00:00.473737,0.45,0.7,2,0.05,0.02,0.45,0.08,6,0.5,20,0.5,-0.3910743597599139,-0.030648087966744914,0.25433261499796533,0.360426271793169,,COMPLETE
2701,-0.4931124083102079,2026-05-12 16:27:52.567397,2026-05-12 16:27:56.889565,0 days 00:00:04.322168,0.45,0.9,2,0.03,0.01,0.45,0.12,4,0.6,10,0.8,,,,,,PRUNED
2702,-0.5179924623587872,2026-05-12 16:27:56.945053,2026-05-12 16:27:57.963130,0 days 00:00:01.018077,0.45,0.7,2,0.05,0.02,0.6,0.08,6,0.5,20,0.8,-0.39108387647623727,-0.030830266507629607,0.2538171717650998,0.36025360996860767,,COMPLETE
2703,-0.5002480299129954,2026-05-12 16:27:57.986428,2026-05-12 16:28:00.918499,0 days 00:00:02.932071,0.35,0.8,2,0.05,0.02,0.45,0.08,3,0.7,5,0.5,,,,,,PRUNED
2704,-0.42357363260304626,2026-05-12 16:28:00.942891,2026-05-12 16:28:01.245798,0 days 00:00:00.302907,0.45,0.7,2,0.05,0.02,0.6,0.08,6,0.6,20,0.8,,,,,,PRUNED
2705,-0.4538873781164564,2026-05-12 16:28:01.268390,2026-05-12 16:28:06.877305,0 days 00:00:05.608915,0.45,0.9,4,0.05,0.01,0.6,0.12,5,0.5,5,0.5,,,,,,PRUNED
2706,-0.5487542459230885,2026-05-12 16:28:06.903257,2026-05-12 16:28:13.650055,0 days 00:00:06.746798,0.35,0.8,4,0.03,0.02,0.45,0.16,6,0.6,5,0.5,,,,,,PRUNED
2707,-0.4100386278766106,2026-05-12 16:28:13.678799,2026-05-12 16:28:14.055096,0 days 00:00:00.376297,0.45,0.7,2,0.05,0.02,0.3,0.08,6,0.5,20,0.5,,,,,,PRUNED
2708,-0.4213231947291116,2026-05-12 16:28:14.083199,2026-05-12 16:28:14.431479,0 days 00:00:00.348280,0.45,0.7,2,0.05,0.02,0.6,0.08,4,0.5,20,0.8,,,,,,PRUNED
