number,value,datetime_start,datetime_complete,duration,params_BEAR_RATIO,params_BULL_RATIO,params_GRID_MAX_LAYER,params_GRID_STEP_MAX,params_GRID_STEP_MIN,params_GRID_STEP_VOL_FACTOR,params_LAYER_FRACTION,params_MAX_HOLD,params_NEUTRAL_RATIO,params_REBALANCE_FREQ,params_VOL_WEIGHT,user_attrs_avg_test_score,user_attrs_avg_train_score,user_attrs_test_score_std,user_attrs_train_test_gap,user_attrs_validation_error,state
11359,-9999.0,2026-05-12 23:39:57.536903,2026-05-12 23:39:57.962122,0 days 00:00:00.425219,0.45,0.7,3,0.03,0.01,0.45,0.08,6,0.7,20,0.65,,,,,BEAR_RATIO < NEUTRAL_RATIO < BULL_RATIO 约束违反: 0.45 / 0.7 / 0.7,COMPLETE
11360,-0.4100386278766106,2026-05-12 23:39:57.992868,2026-05-12 23:39:58.450374,0 days 00:00:00.457506,0.45,0.7,2,0.05,0.02,0.3,0.08,6,0.5,20,0.8,,,,,,PRUNED
11361,-0.41425741193738236,2026-05-12 23:39:58.480548,2026-05-12 23:39:58.953569,0 days 00:00:00.473021,0.45,0.7,2,0.05,0.02,0.6,0.08,6,0.5,5,0.8,,,,,,PRUNED
11362,-0.4296411080598753,2026-05-12 23:39:58.981505,2026-05-12 23:39:59.487390,0 days 00:00:00.505885,0.45,0.7,2,0.05,0.02,0.6,0.16,6,0.5,20,0.8,,,,,,PRUNED
11363,-0.5178162363452666,2026-05-12 23:39:59.516008,2026-05-12 23:40:03.346990,0 days 00:00:03.830982,0.45,0.7,2,0.05,0.01,0.3,0.12,3,0.5,10,0.5,,,,,,PRUNED
11364,-9999.0,2026-05-12 23:40:03.377239,2026-05-12 23:40:03.775285,0 days 00:00:00.398046,0.45,0.7,2,0.05,0.01,0.6,0.08,4,0.7,20,0.8,,,,,BEAR_RATIO < NEUTRAL_RATIO < BULL_RATIO 约束违反: 0.45 / 0.7 / 0.7,COMPLETE
11365,-0.5179924623587872,2026-05-12 23:40:03.808330,2026-05-12 23:40:04.498920,0 days 00:00:00.690590,0.45,0.7,2,0.05,0.02,0.6,0.08,6,0.5,20,0.8,-0.39108387647623727,-0.030830266507629607,0.2538171717650998,0.36025360996860767,,COMPLETE
11366,-0.5179924623587872,2026-05-12 23:40:04.531246,2026-05-12 23:40:05.250816,0 days 00:00:00.719570,0.45,0.7,2,0.05,0.02,0.6,0.08,6,0.5,20,0.8,-0.39108387647623727,-0.030830266507629607,0.2538171717650998,0.36025360996860767,,COMPLETE
11367,-0.5179924623587872,2026-05-12 23:40:05.281968,2026-05-12 23:40:05.984472,0 days 00:00:00.702504,0.45,0.7,2,0.05,0.02,0.6,0.08,6,0.5,20,0.8,-0.39108387647623727,-0.030830266507629607,0.2538171717650998,0.36025360996860767,,COMPLETE
