number,value,datetime_start,datetime_complete,duration,params_BEAR_RATIO,params_BULL_RATIO,params_GRID_MAX_LAYER,params_GRID_STEP_MAX,params_GRID_STEP_MIN,params_GRID_STEP_VOL_FACTOR,params_LAYER_FRACTION,params_MAX_HOLD,params_NEUTRAL_RATIO,params_REBALANCE_FREQ,params_VOL_WEIGHT,user_attrs_avg_test_score,user_attrs_avg_train_score,user_attrs_test_score_std,user_attrs_train_test_gap,user_attrs_validation_error,state
1957,-0.4954362429851201,2026-05-12 15:49:47.841759,2026-05-12 15:49:52.861153,0 days 00:00:05.019394,0.45,0.9,4,0.05,0.02,0.3,0.16,6,0.7,20,0.5,,,,,,PRUNED
1958,-9999.0,2026-05-12 15:49:52.885668,2026-05-12 15:49:53.170113,0 days 00:00:00.284445,0.45,0.7,2,0.03,0.02,0.6,0.08,3,0.7,20,0.8,,,,,BEAR_RATIO < NEUTRAL_RATIO < BULL_RATIO 约束违反: 0.45 / 0.7 / 0.7,COMPLETE
1959,-0.43223096142417294,2026-05-12 15:49:53.196036,2026-05-12 15:49:53.534378,0 days 00:00:00.338342,0.45,0.9,2,0.05,0.02,0.6,0.08,6,0.5,20,0.8,,,,,,PRUNED
1960,-0.5099328428437538,2026-05-12 15:49:53.560544,2026-05-12 15:49:59.562537,0 days 00:00:06.001993,0.35,0.9,4,0.05,0.02,0.6,0.12,6,0.6,5,0.65,,,,,,PRUNED
1961,-0.47704470255779563,2026-05-12 15:49:59.585498,2026-05-12 15:50:04.810978,0 days 00:00:05.225480,0.45,0.7,4,0.03,0.02,0.45,0.16,6,0.5,10,0.8,,,,,,PRUNED
1962,-0.4660835109924683,2026-05-12 15:50:04.838637,2026-05-12 15:50:08.899542,0 days 00:00:04.060905,0.45,0.7,2,0.05,0.02,0.45,0.08,4,0.5,5,0.8,,,,,,PRUNED
1963,-0.444676732535944,2026-05-12 15:50:08.925320,2026-05-12 15:50:14.856757,0 days 00:00:05.931437,0.45,0.9,4,0.05,0.01,0.6,0.08,6,0.5,5,0.5,,,,,,PRUNED
1964,-0.469824185960125,2026-05-12 15:50:14.880519,2026-05-12 15:50:21.359440,0 days 00:00:06.478921,0.45,0.8,3,0.05,0.02,0.45,0.08,5,0.7,5,0.65,,,,,,PRUNED
1965,-0.43080537961669585,2026-05-12 15:50:21.385811,2026-05-12 15:50:21.725915,0 days 00:00:00.340104,0.45,0.7,2,0.05,0.02,0.6,0.16,6,0.5,10,0.8,,,,,,PRUNED
1966,-0.6225013656153864,2026-05-12 15:50:21.752102,2026-05-12 15:50:25.257714,0 days 00:00:03.505612,0.25,0.7,4,0.03,0.01,0.6,0.08,3,0.6,20,0.65,,,,,,PRUNED
1967,-0.4481101710792979,2026-05-12 15:50:25.282802,2026-05-12 15:50:25.617547,0 days 00:00:00.334745,0.35,0.7,2,0.05,0.02,0.6,0.08,5,0.5,20,0.8,,,,,,PRUNED
1968,-0.4884322371894016,2026-05-12 15:50:25.645080,2026-05-12 15:50:30.950669,0 days 00:00:05.305589,0.35,0.7,2,0.05,0.01,0.6,0.08,4,0.5,5,0.8,,,,,,PRUNED
1969,-0.46124101079850954,2026-05-12 15:50:30.976625,2026-05-12 15:50:35.841396,0 days 00:00:04.864771,0.45,0.8,3,0.05,0.02,0.6,0.16,6,0.6,20,0.8,,,,,,PRUNED
1970,-0.5782171629249917,2026-05-12 15:50:35.866308,2026-05-12 15:50:39.488127,0 days 00:00:03.621819,0.35,0.9,2,0.03,0.01,0.3,0.12,3,0.6,10,0.65,,,,,,PRUNED
1971,-0.5106784819119692,2026-05-12 15:50:39.513073,2026-05-12 15:50:42.375561,0 days 00:00:02.862488,0.25,0.8,3,0.05,0.02,0.6,0.12,3,0.5,5,0.65,,,,,,PRUNED
1972,-0.5022139540544626,2026-05-12 15:50:42.399164,2026-05-12 15:50:46.606868,0 days 00:00:04.207704,0.25,0.9,2,0.05,0.02,0.45,0.16,4,0.6,10,0.65,,,,,,PRUNED
1973,-0.5179924623587872,2026-05-12 15:50:46.631825,2026-05-12 15:50:47.130894,0 days 00:00:00.499069,0.45,0.7,2,0.05,0.02,0.6,0.08,6,0.5,20,0.8,-0.39108387647623727,-0.030830266507629607,0.2538171717650998,0.36025360996860767,,COMPLETE
1974,-0.49749385894131953,2026-05-12 15:50:47.168666,2026-05-12 15:50:51.414352,0 days 00:00:04.245686,0.25,0.9,3,0.05,0.01,0.6,0.12,4,0.7,20,0.8,,,,,,PRUNED
1975,-0.46766498886438457,2026-05-12 15:50:51.440663,2026-05-12 15:50:56.610752,0 days 00:00:05.170089,0.35,0.8,4,0.05,0.02,0.3,0.08,6,0.6,20,0.8,,,,,,PRUNED
1976,-0.5400151822883703,2026-05-12 15:50:56.636624,2026-05-12 15:51:01.472819,0 days 00:00:04.836195,0.25,0.9,3,0.05,0.01,0.3,0.16,5,0.6,20,0.5,,,,,,PRUNED
1977,-0.5417739693462357,2026-05-12 15:51:01.500561,2026-05-12 15:51:05.296925,0 days 00:00:03.796364,0.35,0.8,2,0.05,0.01,0.6,0.16,3,0.5,10,0.5,,,,,,PRUNED
1978,-0.5521531542749009,2026-05-12 15:51:05.319566,2026-05-12 15:51:10.151736,0 days 00:00:04.832170,0.25,0.7,4,0.03,0.01,0.3,0.12,4,0.5,5,0.5,,,,,,PRUNED
1979,-9999.0,2026-05-12 15:51:10.175725,2026-05-12 15:51:10.437406,0 days 00:00:00.261681,0.45,0.7,2,0.05,0.02,0.6,0.08,6,0.7,20,0.8,,,,,BEAR_RATIO < NEUTRAL_RATIO < BULL_RATIO 约束违反: 0.45 / 0.7 / 0.7,COMPLETE
1980,-9999.0,2026-05-12 15:51:10.462201,2026-05-12 15:51:10.725816,0 days 00:00:00.263615,0.35,0.7,3,0.03,0.01,0.6,0.08,5,0.7,20,0.65,,,,,BEAR_RATIO < NEUTRAL_RATIO < BULL_RATIO 约束违反: 0.35 / 0.7 / 0.7,COMPLETE
1981,-0.5758519731569401,2026-05-12 15:51:10.749460,2026-05-12 15:51:13.051219,0 days 00:00:02.301759,0.25,0.7,2,0.03,0.02,0.6,0.16,3,0.5,10,0.65,,,,,,PRUNED
1982,-0.417313072973563,2026-05-12 15:51:13.076466,2026-05-12 15:51:19.224538,0 days 00:00:06.148072,0.45,0.7,4,0.05,0.02,0.6,0.08,5,0.5,5,0.8,,,,,,PRUNED
1983,-0.43588147116932807,2026-05-12 15:51:19.248810,2026-05-12 15:51:19.567542,0 days 00:00:00.318732,0.45,0.7,2,0.05,0.02,0.6,0.16,4,0.5,20,0.8,,,,,,PRUNED
1984,-0.4427565416151135,2026-05-12 15:51:19.593341,2026-05-12 15:51:24.080355,0 days 00:00:04.487014,0.45,0.8,4,0.05,0.01,0.3,0.12,3,0.5,5,0.8,,,,,,PRUNED
1985,-0.4318124553734489,2026-05-12 15:51:24.107977,2026-05-12 15:51:24.451779,0 days 00:00:00.343802,0.45,0.7,2,0.03,0.02,0.6,0.08,6,0.5,20,0.8,,,,,,PRUNED
1986,-0.41966843205749144,2026-05-12 15:51:24.478798,2026-05-12 15:51:29.571674,0 days 00:00:05.092876,0.45,0.8,2,0.05,0.01,0.45,0.08,6,0.5,20,0.8,,,,,,PRUNED
1987,-0.515273846017271,2026-05-12 15:51:29.599693,2026-05-12 15:51:34.905626,0 days 00:00:05.305933,0.35,0.9,2,0.05,0.02,0.3,0.08,4,0.5,5,0.8,,,,,,PRUNED
1988,-0.47644782458814783,2026-05-12 15:51:34.930252,2026-05-12 15:51:39.297657,0 days 00:00:04.367405,0.35,0.8,3,0.03,0.02,0.3,0.08,3,0.5,5,0.5,,,,,,PRUNED
1989,-0.5168655537731874,2026-05-12 15:51:39.321074,2026-05-12 15:51:43.827490,0 days 00:00:04.506416,0.25,0.9,4,0.05,0.02,0.45,0.08,5,0.6,20,0.65,,,,,,PRUNED
1990,-0.5179924623587872,2026-05-12 15:51:43.851092,2026-05-12 15:51:44.370926,0 days 00:00:00.519834,0.45,0.7,2,0.05,0.02,0.6,0.08,6,0.5,20,0.8,-0.39108387647623727,-0.030830266507629607,0.2538171717650998,0.36025360996860767,,COMPLETE
1991,-0.5457640674089119,2026-05-12 15:51:44.394085,2026-05-12 15:51:48.588169,0 days 00:00:04.194084,0.35,0.9,3,0.03,0.01,0.6,0.16,3,0.7,5,0.65,,,,,,PRUNED
1992,-0.4194511448045569,2026-05-12 15:51:48.612933,2026-05-12 15:51:48.945111,0 days 00:00:00.332178,0.45,0.7,2,0.05,0.02,0.6,0.12,6,0.5,20,0.8,,,,,,PRUNED
1993,-0.523646277012835,2026-05-12 15:51:48.970539,2026-05-12 15:51:53.736338,0 days 00:00:04.765799,0.25,0.9,4,0.03,0.02,0.3,0.08,6,0.5,20,0.8,,,,,,PRUNED
1994,-0.5561488478664081,2026-05-12 15:51:53.760216,2026-05-12 15:51:58.603247,0 days 00:00:04.843031,0.35,0.8,3,0.03,0.02,0.45,0.12,4,0.7,5,0.5,,,,,,PRUNED
1995,-0.5715107846558711,2026-05-12 15:51:58.628719,2026-05-12 15:51:58.940447,0 days 00:00:00.311728,0.45,0.7,2,0.05,0.02,0.6,0.08,3,0.5,20,0.8,,,,,,PRUNED
1996,-0.4775039028511857,2026-05-12 15:51:58.964254,2026-05-12 15:52:03.499999,0 days 00:00:04.535745,0.45,0.7,2,0.03,0.02,0.6,0.16,6,0.5,20,0.5,,,,,,PRUNED
1997,-0.4484629951342988,2026-05-12 15:52:03.520896,2026-05-12 15:52:08.814944,0 days 00:00:05.294048,0.45,0.8,3,0.03,0.02,0.45,0.08,5,0.5,5,0.5,,,,,,PRUNED
1998,-0.4309812888470534,2026-05-12 15:52:08.839923,2026-05-12 15:52:12.730766,0 days 00:00:03.890843,0.45,0.8,2,0.05,0.02,0.6,0.08,4,0.5,20,0.65,,,,,,PRUNED
1999,-0.4375177398777454,2026-05-12 15:52:12.754435,2026-05-12 15:52:19.141949,0 days 00:00:06.387514,0.45,0.7,3,0.03,0.02,0.6,0.08,6,0.5,5,0.8,,,,,,PRUNED
2000,-0.5179924623587872,2026-05-12 15:52:19.164622,2026-05-12 15:52:19.668223,0 days 00:00:00.503601,0.45,0.7,2,0.05,0.02,0.6,0.08,6,0.5,20,0.8,-0.39108387647623727,-0.030830266507629607,0.2538171717650998,0.36025360996860767,,COMPLETE
2001,-0.5179924623587872,2026-05-12 15:52:19.691903,2026-05-12 15:52:20.184298,0 days 00:00:00.492395,0.45,0.7,2,0.05,0.02,0.6,0.08,6,0.5,20,0.8,-0.39108387647623727,-0.030830266507629607,0.2538171717650998,0.36025360996860767,,COMPLETE
2002,-0.5544426192254717,2026-05-12 15:52:20.209213,2026-05-12 15:52:23.756098,0 days 00:00:03.546885,0.25,0.9,2,0.05,0.01,0.6,0.08,3,0.5,10,0.8,,,,,,PRUNED
2003,-0.46522046266191386,2026-05-12 15:52:23.779951,2026-05-12 15:52:27.641899,0 days 00:00:03.861948,0.35,0.7,2,0.05,0.02,0.3,0.16,4,0.6,20,0.8,,,,,,PRUNED
2004,-0.5182406672588966,2026-05-12 15:52:27.666423,2026-05-12 15:52:28.160956,0 days 00:00:00.494533,0.45,0.7,2,0.05,0.02,0.45,0.08,6,0.5,20,0.8,-0.3910743597599139,-0.030648087966744914,0.25433261499796533,0.360426271793169,,COMPLETE
2005,-9999.0,2026-05-12 15:52:28.203231,2026-05-12 15:52:28.491912,0 days 00:00:00.288681,0.25,0.7,4,0.03,0.02,0.3,0.12,6,0.7,10,0.5,,,,,BEAR_RATIO < NEUTRAL_RATIO < BULL_RATIO 约束违反: 0.25 / 0.7 / 0.7,COMPLETE
2006,-0.4318124553734489,2026-05-12 15:52:28.517347,2026-05-12 15:52:27.727147,-1 days +23:59:59.209800,0.45,0.7,2,0.03,0.02,0.6,0.08,6,0.5,20,0.5,,,,,,PRUNED
2007,-0.5640614544815266,2026-05-12 15:52:27.749683,2026-05-12 15:52:31.377999,0 days 00:00:03.628316,0.25,0.8,3,0.05,0.01,0.3,0.08,3,0.7,10,0.8,,,,,,PRUNED
2008,-0.5716716650359739,2026-05-12 15:52:31.402037,2026-05-12 15:52:35.712812,0 days 00:00:04.310775,0.25,0.8,2,0.03,0.02,0.3,0.16,3,0.7,5,0.5,,,,,,PRUNED
2009,-0.42290957988043265,2026-05-12 15:52:35.737674,2026-05-12 15:52:40.777169,0 days 00:00:05.039495,0.45,0.7,2,0.05,0.02,0.6,0.08,6,0.6,10,0.65,,,,,,PRUNED
2010,-0.5210271825699901,2026-05-12 15:52:40.799884,2026-05-12 15:52:44.392330,0 days 00:00:03.592446,0.45,0.7,2,0.05,0.02,0.45,0.16,3,0.5,10,0.8,,,,,,PRUNED
2011,-0.5062559521597727,2026-05-12 15:52:44.416473,2026-05-12 15:52:49.859071,0 days 00:00:05.442598,0.25,0.8,2,0.05,0.01,0.6,0.08,5,0.5,5,0.8,,,,,,PRUNED
2012,-0.47605831865861825,2026-05-12 15:52:49.884930,2026-05-12 15:52:54.445303,0 days 00:00:04.560373,0.35,0.9,3,0.05,0.02,0.6,0.08,3,0.5,5,0.5,,,,,,PRUNED
2013,-0.4966792304848647,2026-05-12 15:52:54.471385,2026-05-12 15:52:59.516364,0 days 00:00:05.044979,0.25,0.9,2,0.05,0.01,0.3,0.08,5,0.5,10,0.65,,,,,,PRUNED
2014,-0.4698402330081735,2026-05-12 15:52:59.543999,2026-05-12 15:53:04.106143,0 days 00:00:04.562144,0.35,0.8,2,0.03,0.02,0.45,0.08,4,0.5,10,0.5,,,,,,PRUNED
2015,-0.5960541803040157,2026-05-12 15:53:04.148198,2026-05-12 15:53:07.672506,0 days 00:00:03.524308,0.45,0.9,2,0.03,0.02,0.6,0.08,3,0.5,20,0.8,,,,,,PRUNED
2016,-0.5924672630452039,2026-05-12 15:53:07.698768,2026-05-12 15:53:11.092147,0 days 00:00:03.393379,0.35,0.7,3,0.03,0.02,0.6,0.08,3,0.5,20,0.5,,,,,,PRUNED
2017,-0.45120920495763517,2026-05-12 15:53:11.117891,2026-05-12 15:53:16.376639,0 days 00:00:05.258748,0.35,0.7,2,0.05,0.02,0.3,0.12,6,0.5,20,0.8,,,,,,PRUNED
2018,-0.45950186796723963,2026-05-12 15:53:16.399427,2026-05-12 15:53:20.323434,0 days 00:00:03.924007,0.25,0.7,3,0.05,0.02,0.6,0.08,4,0.5,20,0.8,,,,,,PRUNED
2019,-0.4502428063763363,2026-05-12 15:53:20.345893,2026-05-12 15:53:25.078619,0 days 00:00:04.732726,0.45,0.9,2,0.05,0.02,0.3,0.08,6,0.6,20,0.8,,,,,,PRUNED
2020,-0.4242910183560481,2026-05-12 15:53:25.103663,2026-05-12 15:53:25.439023,0 days 00:00:00.335360,0.45,0.7,2,0.05,0.02,0.6,0.08,5,0.5,20,0.8,,,,,,PRUNED
2021,-0.5179924623587872,2026-05-12 15:53:25.462586,2026-05-12 15:53:25.965519,0 days 00:00:00.502933,0.45,0.7,2,0.05,0.02,0.6,0.08,6,0.5,20,0.65,-0.39108387647623727,-0.030830266507629607,0.2538171717650998,0.36025360996860767,,COMPLETE
2022,-0.5179924623587872,2026-05-12 15:53:25.988780,2026-05-12 15:53:26.462859,0 days 00:00:00.474079,0.45,0.7,2,0.05,0.02,0.6,0.08,6,0.5,20,0.8,-0.39108387647623727,-0.030830266507629607,0.2538171717650998,0.36025360996860767,,COMPLETE
2023,-0.5179924623587872,2026-05-12 15:53:26.487761,2026-05-12 15:53:26.960875,0 days 00:00:00.473114,0.45,0.7,2,0.05,0.02,0.6,0.08,6,0.5,20,0.5,-0.39108387647623727,-0.030830266507629607,0.2538171717650998,0.36025360996860767,,COMPLETE
2024,-0.5188379548938603,2026-05-12 15:53:26.987290,2026-05-12 15:53:31.723095,0 days 00:00:04.735805,0.25,0.7,4,0.05,0.02,0.6,0.12,3,0.6,5,0.5,,,,,,PRUNED
2025,-0.432980707092909,2026-05-12 15:53:31.743910,2026-05-12 15:53:32.031159,0 days 00:00:00.287249,0.45,0.7,2,0.05,0.02,0.6,0.12,5,0.5,20,0.8,,,,,,PRUNED
2026,-0.5734583893220508,2026-05-12 15:53:32.052388,2026-05-12 15:53:35.048632,0 days 00:00:02.996244,0.25,0.9,2,0.05,0.02,0.3,0.16,3,0.6,10,0.8,,,,,,PRUNED
2027,-0.4544919476022754,2026-05-12 15:53:35.072107,2026-05-12 15:53:35.402514,0 days 00:00:00.330407,0.45,0.7,2,0.03,0.02,0.6,0.12,6,0.5,20,0.8,,,,,,PRUNED
2028,-0.4092137988646166,2026-05-12 15:53:35.425671,2026-05-12 15:53:40.959345,0 days 00:00:05.533674,0.45,0.7,2,0.05,0.01,0.6,0.08,6,0.5,10,0.65,,,,,,PRUNED
2029,-0.47805881185671306,2026-05-12 15:53:40.981825,2026-05-12 15:53:46.147783,0 days 00:00:05.165958,0.25,0.7,2,0.05,0.01,0.3,0.08,6,0.5,20,0.8,,,,,,PRUNED
2030,-0.5179924623587872,2026-05-12 15:53:46.173079,2026-05-12 15:53:46.679965,0 days 00:00:00.506886,0.45,0.7,2,0.05,0.02,0.6,0.08,6,0.5,20,0.8,-0.39108387647623727,-0.030830266507629607,0.2538171717650998,0.36025360996860767,,COMPLETE
2031,-9999.0,2026-05-12 15:53:46.704087,2026-05-12 15:53:46.970576,0 days 00:00:00.266489,0.35,0.7,3,0.05,0.01,0.6,0.08,6,0.7,10,0.5,,,,,BEAR_RATIO < NEUTRAL_RATIO < BULL_RATIO 约束违反: 0.35 / 0.7 / 0.7,COMPLETE
2032,-9999.0,2026-05-12 15:53:46.995686,2026-05-12 15:53:47.270488,0 days 00:00:00.274802,0.25,0.7,4,0.03,0.01,0.45,0.12,6,0.7,5,0.5,,,,,BEAR_RATIO < NEUTRAL_RATIO < BULL_RATIO 约束违反: 0.25 / 0.7 / 0.7,COMPLETE
2033,-0.6151730512537917,2026-05-12 15:53:47.295003,2026-05-12 15:53:50.924728,0 days 00:00:03.629725,0.25,0.9,2,0.05,0.01,0.6,0.12,3,0.5,20,0.8,,,,,,PRUNED
2034,-0.5304388721773223,2026-05-12 15:53:50.951669,2026-05-12 15:53:56.505693,0 days 00:00:05.554024,0.35,0.9,2,0.03,0.02,0.45,0.12,6,0.7,20,0.8,,,,,,PRUNED
2035,-0.5123838353659173,2026-05-12 15:53:56.529865,2026-05-12 15:54:00.762638,0 days 00:00:04.232773,0.45,0.7,2,0.05,0.02,0.3,0.08,3,0.5,10,0.8,,,,,,PRUNED
2036,-0.5193831116350891,2026-05-12 15:54:00.787598,2026-05-12 15:54:05.724296,0 days 00:00:04.936698,0.35,0.8,2,0.03,0.01,0.6,0.16,3,0.6,5,0.8,,,,,,PRUNED
2037,-0.4392374219430675,2026-05-12 15:54:05.750161,2026-05-12 15:54:06.090568,0 days 00:00:00.340407,0.45,0.9,2,0.05,0.02,0.6,0.08,4,0.5,20,0.8,,,,,,PRUNED
2038,-0.5715107846558711,2026-05-12 15:54:06.117043,2026-05-12 15:54:06.465242,0 days 00:00:00.348199,0.45,0.7,2,0.05,0.02,0.6,0.08,3,0.5,20,0.5,,,,,,PRUNED
2039,-0.5179924623587872,2026-05-12 15:54:05.367151,2026-05-12 15:54:05.889213,0 days 00:00:00.522062,0.45,0.7,2,0.05,0.02,0.6,0.08,6,0.5,20,0.8,-0.39108387647623727,-0.030830266507629607,0.2538171717650998,0.36025360996860767,,COMPLETE
2040,-0.410125315542252,2026-05-12 15:54:05.915400,2026-05-12 15:54:06.253320,0 days 00:00:00.337920,0.45,0.7,4,0.05,0.02,0.6,0.08,6,0.5,20,0.8,,,,,,PRUNED
2041,-0.519479732047395,2026-05-12 15:54:06.277460,2026-05-12 15:54:11.783106,0 days 00:00:05.505646,0.35,0.7,2,0.03,0.01,0.6,0.16,6,0.6,20,0.8,,,,,,PRUNED
2042,-0.5294486956011155,2026-05-12 15:54:11.807419,2026-05-12 15:54:16.235892,0 days 00:00:04.428473,0.25,0.8,2,0.05,0.01,0.45,0.16,3,0.6,5,0.8,,,,,,PRUNED
2043,-0.5757097702104874,2026-05-12 15:54:16.259435,2026-05-12 15:54:22.533778,0 days 00:00:06.274343,0.25,0.9,3,0.03,0.01,0.6,0.16,6,0.6,20,0.5,,,,,,PRUNED
2044,-9999.0,2026-05-12 15:54:22.559248,2026-05-12 15:54:22.836301,0 days 00:00:00.277053,0.45,0.7,3,0.05,0.02,0.6,0.08,3,0.7,20,0.8,,,,,BEAR_RATIO < NEUTRAL_RATIO < BULL_RATIO 约束违反: 0.45 / 0.7 / 0.7,COMPLETE
2045,-9999.0,2026-05-12 15:54:22.860119,2026-05-12 15:54:23.122270,0 days 00:00:00.262151,0.35,0.7,3,0.03,0.01,0.6,0.12,4,0.7,10,0.8,,,,,BEAR_RATIO < NEUTRAL_RATIO < BULL_RATIO 约束违反: 0.35 / 0.7 / 0.7,COMPLETE
2046,-0.5060727822410013,2026-05-12 15:54:23.146507,2026-05-12 15:54:28.986632,0 days 00:00:05.840125,0.45,0.8,4,0.03,0.01,0.6,0.16,5,0.6,5,0.5,,,,,,PRUNED
2047,-0.5295676562327808,2026-05-12 15:54:29.013140,2026-05-12 15:54:34.848025,0 days 00:00:05.834885,0.35,0.9,2,0.03,0.02,0.6,0.16,5,0.5,5,0.65,,,,,,PRUNED
2048,-0.49956494513455474,2026-05-12 15:54:34.871600,2026-05-12 15:54:37.496745,0 days 00:00:02.625145,0.35,0.9,2,0.03,0.02,0.6,0.12,4,0.6,20,0.5,,,,,,PRUNED
2049,-0.518199995298246,2026-05-12 15:54:37.521542,2026-05-12 15:54:41.558706,0 days 00:00:04.037164,0.45,0.9,2,0.03,0.02,0.45,0.16,4,0.7,20,0.8,,,,,,PRUNED
2050,-0.45074606362415115,2026-05-12 15:54:41.582938,2026-05-12 15:54:46.593568,0 days 00:00:05.010630,0.35,0.8,2,0.05,0.02,0.3,0.08,5,0.5,10,0.8,,,,,,PRUNED
2051,-0.5648936031567312,2026-05-12 15:54:46.620372,2026-05-12 15:54:52.016467,0 days 00:00:05.396095,0.25,0.9,3,0.05,0.01,0.45,0.08,4,0.7,5,0.8,,,,,,PRUNED
2052,-0.4467619369398962,2026-05-12 15:54:52.043165,2026-05-12 15:54:57.043639,0 days 00:00:05.000474,0.45,0.7,2,0.05,0.02,0.6,0.16,6,0.6,20,0.5,,,,,,PRUNED
2053,-0.4170964359595015,2026-05-12 15:54:57.070627,2026-05-12 15:55:02.871480,0 days 00:00:05.800853,0.45,0.7,4,0.05,0.02,0.6,0.08,6,0.5,5,0.65,,,,,,PRUNED
2054,-0.47058998700764065,2026-05-12 15:55:02.895691,2026-05-12 15:55:08.750355,0 days 00:00:05.854664,0.45,0.9,2,0.05,0.02,0.6,0.12,6,0.6,5,0.5,,,,,,PRUNED
2055,-0.5032149524877114,2026-05-12 15:55:08.775988,2026-05-12 15:55:14.076635,0 days 00:00:05.300647,0.35,0.9,2,0.05,0.01,0.6,0.12,6,0.6,5,0.5,,,,,,PRUNED
2056,-0.6157353120115002,2026-05-12 15:55:14.101964,2026-05-12 15:55:17.922561,0 days 00:00:03.820597,0.25,0.9,4,0.03,0.01,0.6,0.16,3,0.7,10,0.5,,,,,,PRUNED
2057,-0.4337598227322236,2026-05-12 15:55:17.947774,2026-05-12 15:55:22.049563,0 days 00:00:04.101789,0.45,0.7,2,0.05,0.01,0.6,0.08,4,0.6,20,0.8,,,,,,PRUNED
2058,-0.49417532042255286,2026-05-12 15:55:22.077216,2026-05-12 15:55:27.565311,0 days 00:00:05.488095,0.45,0.7,2,0.03,0.01,0.45,0.16,6,0.6,10,0.65,,,,,,PRUNED
2059,-0.4092137988646166,2026-05-12 15:55:27.590328,2026-05-12 15:55:27.913388,0 days 00:00:00.323060,0.45,0.7,2,0.05,0.01,0.6,0.08,6,0.5,10,0.8,,,,,,PRUNED
2060,-0.4369421088047426,2026-05-12 15:55:27.938240,2026-05-12 15:55:32.833506,0 days 00:00:04.895266,0.35,0.7,4,0.05,0.01,0.6,0.08,6,0.5,20,0.8,,,,,,PRUNED
2061,-0.44592079565388293,2026-05-12 15:55:32.857130,2026-05-12 15:55:36.986575,0 days 00:00:04.129445,0.45,0.7,4,0.05,0.01,0.3,0.16,4,0.5,20,0.8,,,,,,PRUNED
2062,-9999.0,2026-05-12 15:55:37.010652,2026-05-12 15:55:37.306269,0 days 00:00:00.295617,0.45,0.7,2,0.05,0.01,0.6,0.16,6,0.7,20,0.65,,,,,BEAR_RATIO < NEUTRAL_RATIO < BULL_RATIO 约束违反: 0.45 / 0.7 / 0.7,COMPLETE
2063,-0.5395425123685846,2026-05-12 15:55:37.329048,2026-05-12 15:55:40.958000,0 days 00:00:03.628952,0.35,0.8,4,0.05,0.02,0.6,0.12,4,0.7,5,0.65,,,,,,PRUNED
2064,-0.42929074858036587,2026-05-12 15:55:40.981585,2026-05-12 15:55:45.947072,0 days 00:00:04.965487,0.45,0.7,3,0.05,0.02,0.6,0.08,5,0.6,10,0.8,,,,,,PRUNED
2065,-0.5179924623587872,2026-05-12 15:55:45.974972,2026-05-12 15:55:46.529073,0 days 00:00:00.554101,0.45,0.7,2,0.05,0.02,0.6,0.08,6,0.5,20,0.8,-0.39108387647623727,-0.030830266507629607,0.2538171717650998,0.36025360996860767,,COMPLETE
2066,-0.45718977511511505,2026-05-12 15:55:46.554440,2026-05-12 15:55:51.557251,0 days 00:00:05.002811,0.45,0.9,2,0.05,0.02,0.3,0.16,6,0.5,20,0.8,,,,,,PRUNED
2067,-0.4153515435978797,2026-05-12 15:55:51.582061,2026-05-12 15:55:57.320954,0 days 00:00:05.738893,0.45,0.7,2,0.05,0.02,0.6,0.08,5,0.5,5,0.65,,,,,,PRUNED
2068,-0.5179924623587872,2026-05-12 15:55:57.346838,2026-05-12 15:55:57.875236,0 days 00:00:00.528398,0.45,0.7,2,0.05,0.02,0.6,0.08,6,0.5,20,0.8,-0.39108387647623727,-0.030830266507629607,0.2538171717650998,0.36025360996860767,,COMPLETE
2069,-0.5179924623587872,2026-05-12 15:55:57.900926,2026-05-12 15:55:58.463156,0 days 00:00:00.562230,0.45,0.7,2,0.05,0.02,0.6,0.08,6,0.5,20,0.8,-0.39108387647623727,-0.030830266507629607,0.2538171717650998,0.36025360996860767,,COMPLETE
2070,-0.5078102438192331,2026-05-12 15:55:58.494540,2026-05-12 15:56:04.323710,0 days 00:00:05.829170,0.35,0.8,2,0.03,0.02,0.45,0.12,6,0.5,5,0.8,,,,,,PRUNED
2071,-0.49891376493494244,2026-05-12 15:56:04.347807,2026-05-12 15:56:08.839121,0 days 00:00:04.491314,0.35,0.7,3,0.03,0.01,0.3,0.16,4,0.6,10,0.5,,,,,,PRUNED
2072,-0.5388498960465743,2026-05-12 15:56:08.866227,2026-05-12 15:56:12.297951,0 days 00:00:03.431724,0.25,0.9,4,0.03,0.01,0.3,0.16,4,0.6,20,0.8,,,,,,PRUNED
2073,-0.5685812174567091,2026-05-12 15:56:12.321846,2026-05-12 15:56:16.100183,0 days 00:00:03.778337,0.35,0.7,4,0.03,0.02,0.6,0.12,3,0.6,10,0.65,,,,,,PRUNED
2074,-0.4194511448045569,2026-05-12 15:56:16.126188,2026-05-12 15:56:16.472707,0 days 00:00:00.346519,0.45,0.7,2,0.05,0.02,0.6,0.12,6,0.5,20,0.5,,,,,,PRUNED
2075,-0.4769236422975183,2026-05-12 15:56:16.497764,2026-05-12 15:56:20.887153,0 days 00:00:04.389389,0.45,0.8,2,0.05,0.02,0.45,0.12,3,0.7,5,0.5,,,,,,PRUNED
2076,-0.6058967470199252,2026-05-12 15:56:20.910408,2026-05-12 15:56:26.917048,0 days 00:00:06.006640,0.25,0.9,4,0.03,0.02,0.3,0.16,6,0.6,5,0.8,,,,,,PRUNED
2077,-0.5264872168476716,2026-05-12 15:56:26.944619,2026-05-12 15:56:32.947289,0 days 00:00:06.002670,0.35,0.8,2,0.03,0.02,0.3,0.12,6,0.6,5,0.8,,,,,,PRUNED
2078,-9999.0,2026-05-12 15:56:32.969807,2026-05-12 15:56:33.232379,0 days 00:00:00.262572,0.35,0.7,3,0.05,0.01,0.3,0.08,4,0.7,10,0.5,,,,,BEAR_RATIO < NEUTRAL_RATIO < BULL_RATIO 约束违反: 0.35 / 0.7 / 0.7,COMPLETE
2079,-0.4414523581792496,2026-05-12 15:56:33.255217,2026-05-12 15:56:39.265929,0 days 00:00:06.010712,0.45,0.9,2,0.05,0.01,0.6,0.08,6,0.5,5,0.8,,,,,,PRUNED
2080,-0.5179924623587872,2026-05-12 15:56:39.291247,2026-05-12 15:56:39.793947,0 days 00:00:00.502700,0.45,0.7,2,0.05,0.02,0.6,0.08,6,0.5,20,0.8,-0.39108387647623727,-0.030830266507629607,0.2538171717650998,0.36025360996860767,,COMPLETE
2081,-0.45255866467756645,2026-05-12 15:56:39.816915,2026-05-12 15:56:43.021947,0 days 00:00:03.205032,0.45,0.8,2,0.05,0.02,0.6,0.16,5,0.5,20,0.8,,,,,,PRUNED
2082,-0.5748911416091194,2026-05-12 15:56:43.045850,2026-05-12 15:56:48.002012,0 days 00:00:04.956162,0.25,0.9,2,0.05,0.01,0.3,0.16,4,0.7,5,0.5,,,,,,PRUNED
