number,value,datetime_start,datetime_complete,duration,params_BEAR_RATIO,params_BULL_RATIO,params_GRID_MAX_LAYER,params_GRID_STEP_MAX,params_GRID_STEP_MIN,params_GRID_STEP_VOL_FACTOR,params_LAYER_FRACTION,params_MAX_HOLD,params_NEUTRAL_RATIO,params_REBALANCE_FREQ,params_VOL_WEIGHT,user_attrs_avg_test_score,user_attrs_avg_train_score,user_attrs_test_score_std,user_attrs_train_test_gap,user_attrs_validation_error,state
9790,-0.4765952822082923,2026-05-12 22:22:29.486914,2026-05-12 22:22:35.626677,0 days 00:00:06.139763,0.45,0.7,4,0.03,0.01,0.45,0.12,5,0.6,5,0.5,,,,,,PRUNED
9791,-0.5179924623587872,2026-05-12 22:22:35.656101,2026-05-12 22:22:36.300998,0 days 00:00:00.644897,0.45,0.7,2,0.05,0.02,0.6,0.08,6,0.5,20,0.8,-0.39108387647623727,-0.030830266507629607,0.2538171717650998,0.36025360996860767,,COMPLETE
9792,-0.5636918199279275,2026-05-12 22:22:36.339411,2026-05-12 22:22:40.204755,0 days 00:00:03.865344,0.25,0.7,4,0.03,0.01,0.6,0.08,3,0.6,10,0.8,,,,,,PRUNED
9793,-0.6037116241062782,2026-05-12 22:22:40.255349,2026-05-12 22:22:43.682120,0 days 00:00:03.426771,0.35,0.9,3,0.05,0.01,0.45,0.12,3,0.5,20,0.5,,,,,,PRUNED
9794,-0.5430560192453368,2026-05-12 22:22:43.726318,2026-05-12 22:22:49.543034,0 days 00:00:05.816716,0.25,0.9,4,0.03,0.02,0.3,0.12,5,0.6,10,0.65,,,,,,PRUNED
9795,-9999.0,2026-05-12 22:22:49.572852,2026-05-12 22:22:49.968556,0 days 00:00:00.395704,0.45,0.7,2,0.03,0.02,0.6,0.08,3,0.7,10,0.8,,,,,BEAR_RATIO < NEUTRAL_RATIO < BULL_RATIO 约束违反: 0.45 / 0.7 / 0.7,COMPLETE
9796,-0.5179924623587872,2026-05-12 22:22:50.000101,2026-05-12 22:22:50.636727,0 days 00:00:00.636626,0.45,0.7,2,0.05,0.02,0.6,0.08,6,0.5,20,0.8,-0.39108387647623727,-0.030830266507629607,0.2538171717650998,0.36025360996860767,,COMPLETE
9797,-0.5179924623587872,2026-05-12 22:22:50.666478,2026-05-12 22:22:51.314434,0 days 00:00:00.647956,0.45,0.7,2,0.05,0.02,0.6,0.08,6,0.5,20,0.8,-0.39108387647623727,-0.030830266507629607,0.2538171717650998,0.36025360996860767,,COMPLETE
9798,-0.5179924623587872,2026-05-12 22:22:51.351245,2026-05-12 22:22:52.041655,0 days 00:00:00.690410,0.45,0.7,2,0.05,0.02,0.6,0.08,6,0.5,20,0.8,-0.39108387647623727,-0.030830266507629607,0.2538171717650998,0.36025360996860767,,COMPLETE
9799,-0.5088433007332089,2026-05-12 22:22:52.069612,2026-05-12 22:22:57.193751,0 days 00:00:05.124139,0.25,0.8,2,0.05,0.02,0.6,0.12,6,0.6,10,0.5,,,,,,PRUNED
9800,-0.5179924623587872,2026-05-12 22:22:57.239405,2026-05-12 22:22:57.885323,0 days 00:00:00.645918,0.45,0.7,2,0.05,0.02,0.6,0.08,6,0.5,20,0.8,-0.39108387647623727,-0.030830266507629607,0.2538171717650998,0.36025360996860767,,COMPLETE
9801,-0.5179924623587872,2026-05-12 22:22:57.915813,2026-05-12 22:22:58.562686,0 days 00:00:00.646873,0.45,0.7,2,0.05,0.02,0.6,0.08,6,0.5,20,0.8,-0.39108387647623727,-0.030830266507629607,0.2538171717650998,0.36025360996860767,,COMPLETE
9802,-0.5085684843068807,2026-05-12 22:22:58.592111,2026-05-12 22:23:03.546750,0 days 00:00:04.954639,0.25,0.9,3,0.05,0.01,0.6,0.12,5,0.5,10,0.8,,,,,,PRUNED
9803,-0.5179924623587872,2026-05-12 22:23:03.592677,2026-05-12 22:23:04.257910,0 days 00:00:00.665233,0.45,0.7,2,0.05,0.02,0.6,0.08,6,0.5,20,0.8,-0.39108387647623727,-0.030830266507629607,0.2538171717650998,0.36025360996860767,,COMPLETE
9804,-0.5630649987719929,2026-05-12 22:23:04.286195,2026-05-12 22:23:09.215851,0 days 00:00:04.929656,0.25,0.8,4,0.05,0.01,0.45,0.16,4,0.6,5,0.8,,,,,,PRUNED
9805,-0.4318124553734489,2026-05-12 22:23:09.245572,2026-05-12 22:23:09.670478,0 days 00:00:00.424906,0.45,0.7,2,0.03,0.02,0.45,0.08,6,0.5,20,0.8,,,,,,PRUNED
9806,-0.43644494572696835,2026-05-12 22:23:09.699413,2026-05-12 22:23:10.147577,0 days 00:00:00.448164,0.45,0.7,2,0.05,0.02,0.6,0.16,6,0.5,5,0.8,,,,,,PRUNED
9807,-9999.0,2026-05-12 22:23:10.175210,2026-05-12 22:23:10.554697,0 days 00:00:00.379487,0.45,0.7,3,0.03,0.01,0.3,0.12,3,0.7,10,0.65,,,,,BEAR_RATIO < NEUTRAL_RATIO < BULL_RATIO 约束违反: 0.45 / 0.7 / 0.7,COMPLETE
9808,-0.5338088339241842,2026-05-12 22:23:10.583646,2026-05-12 22:23:15.784098,0 days 00:00:05.200452,0.25,0.9,3,0.03,0.02,0.6,0.08,6,0.7,10,0.8,,,,,,PRUNED
9809,-0.4213231947291116,2026-05-12 22:23:15.812603,2026-05-12 22:23:16.282388,0 days 00:00:00.469785,0.45,0.7,2,0.05,0.02,0.6,0.08,4,0.5,20,0.8,,,,,,PRUNED
9810,-0.5179924623587872,2026-05-12 22:23:16.309676,2026-05-12 22:23:16.976384,0 days 00:00:00.666708,0.45,0.7,2,0.05,0.02,0.6,0.08,6,0.5,20,0.8,-0.39108387647623727,-0.030830266507629607,0.2538171717650998,0.36025360996860767,,COMPLETE
9811,-0.42756359809491007,2026-05-12 22:23:17.006452,2026-05-12 22:23:17.445008,0 days 00:00:00.438556,0.45,0.7,2,0.05,0.02,0.3,0.08,6,0.6,20,0.8,,,,,,PRUNED
9812,-0.5004610455050168,2026-05-12 22:23:17.474712,2026-05-12 22:23:22.986735,0 days 00:00:05.512023,0.35,0.8,2,0.03,0.02,0.3,0.08,5,0.6,5,0.8,,,,,,PRUNED
9813,-0.5470637875776502,2026-05-12 22:23:23.017128,2026-05-12 22:23:26.730370,0 days 00:00:03.713242,0.25,0.7,3,0.05,0.01,0.3,0.12,3,0.5,10,0.8,,,,,,PRUNED
9814,-0.5179924623587872,2026-05-12 22:23:26.760721,2026-05-12 22:23:27.425987,0 days 00:00:00.665266,0.45,0.7,2,0.05,0.02,0.6,0.08,6,0.5,20,0.8,-0.39108387647623727,-0.030830266507629607,0.2538171717650998,0.36025360996860767,,COMPLETE
9815,-0.47307626118352897,2026-05-12 22:23:27.460748,2026-05-12 22:23:32.344703,0 days 00:00:04.883955,0.35,0.7,2,0.05,0.01,0.3,0.16,5,0.6,10,0.65,,,,,,PRUNED
9816,-0.5179924623587872,2026-05-12 22:23:32.374184,2026-05-12 22:23:33.015825,0 days 00:00:00.641641,0.45,0.7,2,0.05,0.02,0.6,0.08,6,0.5,20,0.8,-0.39108387647623727,-0.030830266507629607,0.2538171717650998,0.36025360996860767,,COMPLETE
9817,-0.4852314263656563,2026-05-12 22:23:33.046708,2026-05-12 22:23:37.691137,0 days 00:00:04.644429,0.45,0.9,4,0.03,0.02,0.3,0.08,5,0.6,20,0.5,,,,,,PRUNED
9818,-0.45817313233834633,2026-05-12 22:23:37.719339,2026-05-12 22:23:42.455876,0 days 00:00:04.736537,0.45,0.8,2,0.05,0.02,0.45,0.12,3,0.6,5,0.65,,,,,,PRUNED
9819,-0.5635273168112447,2026-05-12 22:23:42.484521,2026-05-12 22:23:47.736323,0 days 00:00:05.251802,0.25,0.8,2,0.03,0.01,0.6,0.16,6,0.6,10,0.8,,,,,,PRUNED
9820,-0.6347905751281249,2026-05-12 22:23:47.764467,2026-05-12 22:23:51.224869,0 days 00:00:03.460402,0.25,0.8,3,0.03,0.02,0.45,0.16,3,0.5,20,0.8,,,,,,PRUNED
9821,-0.4387147179881395,2026-05-12 22:23:51.257318,2026-05-12 22:23:51.713474,0 days 00:00:00.456156,0.45,0.7,2,0.03,0.01,0.6,0.08,6,0.5,5,0.8,,,,,,PRUNED
9822,-0.47929316746707645,2026-05-12 22:23:51.741332,2026-05-12 22:23:56.983018,0 days 00:00:05.241686,0.25,0.7,3,0.05,0.01,0.6,0.16,4,0.5,10,0.5,,,,,,PRUNED
9823,-0.607302151939162,2026-05-12 22:23:57.011267,2026-05-12 22:24:00.736467,0 days 00:00:03.725200,0.25,0.9,2,0.03,0.01,0.6,0.16,3,0.7,10,0.65,,,,,,PRUNED
9824,-9999.0,2026-05-12 22:24:00.767198,2026-05-12 22:24:01.147098,0 days 00:00:00.379900,0.25,0.7,4,0.03,0.01,0.45,0.12,3,0.7,20,0.8,,,,,BEAR_RATIO < NEUTRAL_RATIO < BULL_RATIO 约束违反: 0.25 / 0.7 / 0.7,COMPLETE
9825,-0.5374227242716864,2026-05-12 22:24:01.176914,2026-05-12 22:24:06.099079,0 days 00:00:04.922165,0.45,0.8,2,0.03,0.01,0.3,0.16,4,0.6,5,0.5,,,,,,PRUNED
9826,-0.5179924623587872,2026-05-12 22:24:06.128806,2026-05-12 22:24:06.767473,0 days 00:00:00.638667,0.45,0.7,2,0.05,0.02,0.6,0.08,6,0.5,20,0.8,-0.39108387647623727,-0.030830266507629607,0.2538171717650998,0.36025360996860767,,COMPLETE
9827,-0.4742836939261093,2026-05-12 22:24:06.796814,2026-05-12 22:24:07.254581,0 days 00:00:00.457767,0.25,0.7,2,0.05,0.02,0.6,0.08,6,0.5,10,0.8,,,,,,PRUNED
9828,-0.49081888664641593,2026-05-12 22:24:07.284548,2026-05-12 22:24:12.242095,0 days 00:00:04.957547,0.45,0.9,2,0.03,0.02,0.45,0.12,5,0.6,10,0.5,,,,,,PRUNED
9829,-0.49520965090977515,2026-05-12 22:24:12.272390,2026-05-12 22:24:16.631536,0 days 00:00:04.359146,0.25,0.7,2,0.03,0.02,0.45,0.12,4,0.5,10,0.5,,,,,,PRUNED
9830,-0.42630634949312973,2026-05-12 22:24:16.658663,2026-05-12 22:24:17.101331,0 days 00:00:00.442668,0.45,0.7,2,0.05,0.02,0.6,0.12,6,0.5,5,0.8,,,,,,PRUNED
9831,-0.4092788272711371,2026-05-12 22:24:17.131150,2026-05-12 22:24:17.566288,0 days 00:00:00.435138,0.45,0.7,3,0.05,0.02,0.6,0.08,6,0.5,20,0.8,,,,,,PRUNED
9832,-0.47826238036893054,2026-05-12 22:24:17.593804,2026-05-12 22:24:21.564793,0 days 00:00:03.970989,0.35,0.9,4,0.05,0.02,0.3,0.16,4,0.5,20,0.8,,,,,,PRUNED
9833,-0.5567306168609757,2026-05-12 22:24:21.592525,2026-05-12 22:24:27.089089,0 days 00:00:05.496564,0.25,0.8,4,0.05,0.02,0.6,0.16,5,0.7,5,0.8,,,,,,PRUNED
9834,-0.42795376063587454,2026-05-12 22:24:27.116377,2026-05-12 22:24:27.562597,0 days 00:00:00.446220,0.45,0.7,2,0.05,0.02,0.45,0.16,6,0.5,20,0.8,,,,,,PRUNED
9835,-9999.0,2026-05-12 22:24:27.590276,2026-05-12 22:24:27.959323,0 days 00:00:00.369047,0.35,0.7,3,0.05,0.02,0.45,0.08,5,0.7,20,0.5,,,,,BEAR_RATIO < NEUTRAL_RATIO < BULL_RATIO 约束违反: 0.35 / 0.7 / 0.7,COMPLETE
9836,-0.4092137988646166,2026-05-12 22:24:27.990566,2026-05-12 22:24:28.441554,0 days 00:00:00.450988,0.45,0.7,2,0.05,0.02,0.6,0.08,6,0.5,10,0.8,,,,,,PRUNED
9837,-0.5588413528749729,2026-05-12 22:24:28.469307,2026-05-12 22:24:33.422424,0 days 00:00:04.953117,0.25,0.9,4,0.05,0.01,0.6,0.12,4,0.5,5,0.65,,,,,,PRUNED
9838,-0.4100386278766106,2026-05-12 22:24:33.449511,2026-05-12 22:24:33.911896,0 days 00:00:00.462385,0.45,0.7,2,0.05,0.02,0.3,0.08,6,0.5,20,0.5,,,,,,PRUNED
9839,-0.47441457244516044,2026-05-12 22:24:33.939239,2026-05-12 22:24:34.354881,0 days 00:00:00.415642,0.25,0.7,2,0.05,0.02,0.6,0.08,6,0.5,20,0.8,,,,,,PRUNED
9840,-0.49853122988548093,2026-05-12 22:24:34.382454,2026-05-12 22:24:39.039206,0 days 00:00:04.656752,0.35,0.8,2,0.03,0.01,0.6,0.12,5,0.5,20,0.5,,,,,,PRUNED
9841,-0.451986666937643,2026-05-12 22:24:39.070558,2026-05-12 22:24:44.823847,0 days 00:00:05.753289,0.45,0.8,4,0.03,0.02,0.45,0.08,6,0.5,5,0.5,,,,,,PRUNED
9842,-0.5589649734924282,2026-05-12 22:24:44.866434,2026-05-12 22:24:48.623757,0 days 00:00:03.757323,0.35,0.8,2,0.03,0.02,0.6,0.08,3,0.6,10,0.65,,,,,,PRUNED
9843,-0.4221640008750966,2026-05-12 22:24:48.653974,2026-05-12 22:24:49.103339,0 days 00:00:00.449365,0.45,0.8,3,0.05,0.02,0.6,0.08,6,0.5,20,0.8,,,,,,PRUNED
9844,-0.5323041937245028,2026-05-12 22:24:49.131579,2026-05-12 22:24:53.479216,0 days 00:00:04.347637,0.25,0.8,3,0.03,0.02,0.45,0.08,3,0.6,5,0.5,,,,,,PRUNED
9845,-0.4278019617453936,2026-05-12 22:24:53.510929,2026-05-12 22:24:53.957543,0 days 00:00:00.446614,0.45,0.7,2,0.05,0.02,0.6,0.08,4,0.5,10,0.8,,,,,,PRUNED
9846,-0.5418971284160485,2026-05-12 22:24:53.985681,2026-05-12 22:24:58.339336,0 days 00:00:04.353655,0.25,0.9,3,0.03,0.02,0.3,0.08,3,0.6,5,0.8,,,,,,PRUNED
9847,-0.4344584134011046,2026-05-12 22:24:58.370985,2026-05-12 22:25:04.173419,0 days 00:00:05.802434,0.45,0.7,2,0.05,0.02,0.45,0.12,6,0.6,20,0.5,,,,,,PRUNED
9848,-0.42357363260304626,2026-05-12 22:25:04.200767,2026-05-12 22:25:04.654344,0 days 00:00:00.453577,0.45,0.7,2,0.05,0.02,0.6,0.08,6,0.6,20,0.8,,,,,,PRUNED
9849,-0.4857910342985014,2026-05-12 22:25:04.684640,2026-05-12 22:25:09.043431,0 days 00:00:04.358791,0.35,0.7,3,0.03,0.01,0.6,0.16,4,0.5,10,0.8,,,,,,PRUNED
9850,-0.4296411080598753,2026-05-12 22:25:09.071822,2026-05-12 22:25:09.515154,0 days 00:00:00.443332,0.45,0.7,2,0.05,0.02,0.6,0.16,6,0.5,20,0.8,,,,,,PRUNED
9851,-9999.0,2026-05-12 22:25:09.541834,2026-05-12 22:25:09.912522,0 days 00:00:00.370688,0.25,0.7,3,0.03,0.01,0.6,0.16,3,0.7,10,0.8,,,,,BEAR_RATIO < NEUTRAL_RATIO < BULL_RATIO 约束违反: 0.25 / 0.7 / 0.7,COMPLETE
9852,-0.48939516019767176,2026-05-12 22:25:09.939392,2026-05-12 22:25:14.799924,0 days 00:00:04.860532,0.45,0.9,2,0.03,0.02,0.3,0.12,3,0.6,5,0.65,,,,,,PRUNED
9853,-0.5078883156032887,2026-05-12 22:25:14.829732,2026-05-12 22:25:19.432032,0 days 00:00:04.602300,0.45,0.9,2,0.03,0.01,0.3,0.12,3,0.7,5,0.65,,,,,,PRUNED
9854,-0.6246943481454558,2026-05-12 22:25:19.464220,2026-05-12 22:25:23.162016,0 days 00:00:03.697796,0.25,0.9,4,0.05,0.01,0.45,0.08,3,0.6,20,0.65,,,,,,PRUNED
9855,-0.4745166860808648,2026-05-12 22:25:23.188786,2026-05-12 22:25:28.259501,0 days 00:00:05.070715,0.45,0.7,2,0.05,0.01,0.45,0.16,4,0.5,5,0.5,,,,,,PRUNED
9856,-9999.0,2026-05-12 22:25:28.285562,2026-05-12 22:25:28.629446,0 days 00:00:00.343884,0.45,0.7,4,0.03,0.01,0.45,0.16,6,0.7,10,0.8,,,,,BEAR_RATIO < NEUTRAL_RATIO < BULL_RATIO 约束违反: 0.45 / 0.7 / 0.7,COMPLETE
9857,-0.5179924623587872,2026-05-12 22:25:28.657778,2026-05-12 22:25:29.245969,0 days 00:00:00.588191,0.45,0.7,2,0.05,0.01,0.6,0.08,6,0.5,20,0.8,-0.39108387647623727,-0.030830266507629607,0.2538171717650998,0.36025360996860767,,COMPLETE
9858,-9999.0,2026-05-12 22:25:29.270767,2026-05-12 22:25:29.619852,0 days 00:00:00.349085,0.35,0.7,4,0.05,0.02,0.45,0.12,4,0.7,5,0.8,,,,,BEAR_RATIO < NEUTRAL_RATIO < BULL_RATIO 约束违反: 0.35 / 0.7 / 0.7,COMPLETE
9859,-0.5417749602448088,2026-05-12 22:25:29.646837,2026-05-12 22:25:34.673971,0 days 00:00:05.027134,0.35,0.8,3,0.03,0.02,0.45,0.16,6,0.7,20,0.5,,,,,,PRUNED
9860,-0.5013777432582814,2026-05-12 22:25:34.699795,2026-05-12 22:25:40.692554,0 days 00:00:05.992759,0.45,0.9,4,0.03,0.01,0.45,0.08,6,0.7,5,0.65,,,,,,PRUNED
9861,-0.5596974451609322,2026-05-12 22:25:40.719896,2026-05-12 22:25:45.120919,0 days 00:00:04.401023,0.25,0.8,3,0.03,0.01,0.6,0.12,3,0.7,5,0.65,,,,,,PRUNED
9862,-0.5179924623587872,2026-05-12 22:25:45.147706,2026-05-12 22:25:45.731941,0 days 00:00:00.584235,0.45,0.7,2,0.05,0.02,0.6,0.08,6,0.5,20,0.8,-0.39108387647623727,-0.030830266507629607,0.2538171717650998,0.36025360996860767,,COMPLETE
9863,-0.47937115075285425,2026-05-12 22:25:45.756675,2026-05-12 22:25:49.822562,0 days 00:00:04.065887,0.25,0.7,3,0.05,0.01,0.3,0.16,4,0.5,20,0.65,,,,,,PRUNED
9864,-9999.0,2026-05-12 22:25:49.849054,2026-05-12 22:25:50.198558,0 days 00:00:00.349504,0.25,0.7,2,0.05,0.02,0.3,0.08,6,0.7,20,0.5,,,,,BEAR_RATIO < NEUTRAL_RATIO < BULL_RATIO 约束违反: 0.25 / 0.7 / 0.7,COMPLETE
9865,-0.4961101375165542,2026-05-12 22:25:50.227190,2026-05-12 22:25:54.271008,0 days 00:00:04.043818,0.25,0.8,3,0.05,0.02,0.3,0.16,4,0.6,20,0.8,,,,,,PRUNED
9866,-0.5256927450854343,2026-05-12 22:25:54.298025,2026-05-12 22:25:59.856671,0 days 00:00:05.558646,0.25,0.8,2,0.03,0.01,0.45,0.08,5,0.5,5,0.8,,,,,,PRUNED
9867,-0.585491650506567,2026-05-12 22:25:59.881809,2026-05-12 22:26:03.427649,0 days 00:00:03.545840,0.45,0.7,4,0.05,0.01,0.6,0.16,3,0.5,20,0.5,,,,,,PRUNED
9868,-0.5743880075779579,2026-05-12 22:26:03.453626,2026-05-12 22:26:08.188563,0 days 00:00:04.734937,0.25,0.8,2,0.05,0.01,0.3,0.16,3,0.7,10,0.8,,,,,,PRUNED
9869,-0.5200093986761052,2026-05-12 22:26:08.213640,2026-05-12 22:26:13.838864,0 days 00:00:05.625224,0.45,0.9,2,0.03,0.02,0.3,0.12,5,0.7,5,0.65,,,,,,PRUNED
9870,-0.4740424830462578,2026-05-12 22:26:13.868508,2026-05-12 22:26:17.966597,0 days 00:00:04.098089,0.45,0.8,3,0.03,0.01,0.6,0.08,4,0.7,20,0.5,,,,,,PRUNED
9871,-9999.0,2026-05-12 22:26:17.991080,2026-05-12 22:26:18.338419,0 days 00:00:00.347339,0.35,0.7,2,0.03,0.01,0.6,0.16,3,0.7,5,0.8,,,,,BEAR_RATIO < NEUTRAL_RATIO < BULL_RATIO 约束违反: 0.35 / 0.7 / 0.7,COMPLETE
9872,-0.5002528825548302,2026-05-12 22:26:18.365745,2026-05-12 22:26:23.088457,0 days 00:00:04.722712,0.45,0.7,4,0.03,0.02,0.6,0.16,5,0.6,20,0.65,,,,,,PRUNED
9873,-0.5836719275895041,2026-05-12 22:26:23.115462,2026-05-12 22:26:26.852240,0 days 00:00:03.736778,0.45,0.9,2,0.03,0.01,0.3,0.12,3,0.7,10,0.65,,,,,,PRUNED
9874,-0.4660835109924683,2026-05-12 22:26:26.882218,2026-05-12 22:26:27.325938,0 days 00:00:00.443720,0.45,0.7,2,0.05,0.02,0.6,0.08,4,0.5,5,0.8,,,,,,PRUNED
9875,-0.4100386278766106,2026-05-12 22:26:27.356206,2026-05-12 22:26:27.796011,0 days 00:00:00.439805,0.45,0.7,2,0.05,0.02,0.3,0.08,6,0.5,20,0.8,,,,,,PRUNED
9876,-9999.0,2026-05-12 22:26:27.824511,2026-05-12 22:26:28.226095,0 days 00:00:00.401584,0.45,0.7,2,0.05,0.02,0.6,0.08,6,0.7,5,0.8,,,,,BEAR_RATIO < NEUTRAL_RATIO < BULL_RATIO 约束违反: 0.45 / 0.7 / 0.7,COMPLETE
9877,-0.4466856432530261,2026-05-12 22:26:28.256512,2026-05-12 22:26:32.795153,0 days 00:00:04.538641,0.45,0.9,2,0.05,0.01,0.3,0.08,4,0.5,10,0.8,,,,,,PRUNED
9878,-0.4351694194242078,2026-05-12 22:26:32.850954,2026-05-12 22:26:33.318488,0 days 00:00:00.467534,0.35,0.7,3,0.05,0.02,0.6,0.08,6,0.5,20,0.8,,,,,,PRUNED
9879,-0.5179924623587872,2026-05-12 22:26:33.348530,2026-05-12 22:26:34.016173,0 days 00:00:00.667643,0.45,0.7,2,0.05,0.02,0.6,0.08,6,0.5,20,0.8,-0.39108387647623727,-0.030830266507629607,0.2538171717650998,0.36025360996860767,,COMPLETE
9880,-0.41425741193738236,2026-05-12 22:26:34.048337,2026-05-12 22:26:34.507000,0 days 00:00:00.458663,0.45,0.7,2,0.05,0.02,0.6,0.08,6,0.5,5,0.8,,,,,,PRUNED
9881,-0.533083530151676,2026-05-12 22:26:34.534983,2026-05-12 22:26:38.350617,0 days 00:00:03.815634,0.45,0.8,3,0.05,0.01,0.6,0.16,3,0.5,10,0.8,,,,,,PRUNED
9882,-0.5449181672617339,2026-05-12 22:26:38.378405,2026-05-12 22:26:43.588727,0 days 00:00:05.210322,0.35,0.9,4,0.05,0.01,0.3,0.16,4,0.6,5,0.5,,,,,,PRUNED
9883,-0.5469910022437416,2026-05-12 22:26:43.619137,2026-05-12 22:26:48.018159,0 days 00:00:04.399022,0.25,0.8,3,0.03,0.01,0.6,0.08,3,0.7,5,0.5,,,,,,PRUNED
9884,-0.4381091521280025,2026-05-12 22:26:48.046762,2026-05-12 22:26:52.486180,0 days 00:00:04.439418,0.45,0.8,4,0.05,0.01,0.45,0.08,3,0.5,5,0.5,,,,,,PRUNED
9885,-0.507357737778562,2026-05-12 22:26:52.513909,2026-05-12 22:26:56.870644,0 days 00:00:04.356735,0.25,0.8,4,0.05,0.01,0.3,0.16,4,0.7,10,0.5,,,,,,PRUNED
9886,-0.5179924623587872,2026-05-12 22:26:56.899963,2026-05-12 22:26:57.581397,0 days 00:00:00.681434,0.45,0.7,2,0.05,0.02,0.6,0.08,6,0.5,20,0.8,-0.39108387647623727,-0.030830266507629607,0.2538171717650998,0.36025360996860767,,COMPLETE
9887,-0.5547519691221598,2026-05-12 22:26:57.612708,2026-05-12 22:27:02.284124,0 days 00:00:04.671416,0.25,0.9,4,0.03,0.01,0.6,0.12,5,0.6,20,0.8,,,,,,PRUNED
9888,-0.5892125775839683,2026-05-12 22:27:02.319343,2026-05-12 22:27:07.344422,0 days 00:00:05.025079,0.25,0.9,4,0.03,0.02,0.6,0.16,4,0.5,5,0.8,,,,,,PRUNED
9889,-9999.0,2026-05-12 22:27:07.375828,2026-05-12 22:27:07.774006,0 days 00:00:00.398178,0.25,0.7,3,0.03,0.01,0.45,0.12,5,0.7,10,0.5,,,,,BEAR_RATIO < NEUTRAL_RATIO < BULL_RATIO 约束违反: 0.25 / 0.7 / 0.7,COMPLETE
9890,-0.5179924623587872,2026-05-12 22:27:07.804111,2026-05-12 22:27:08.474870,0 days 00:00:00.670759,0.45,0.7,2,0.05,0.02,0.6,0.08,6,0.5,20,0.8,-0.39108387647623727,-0.030830266507629607,0.2538171717650998,0.36025360996860767,,COMPLETE
9891,-0.4554701727195801,2026-05-12 22:27:08.504114,2026-05-12 22:27:13.515347,0 days 00:00:05.011233,0.45,0.9,4,0.05,0.02,0.3,0.08,5,0.6,10,0.5,,,,,,PRUNED
9892,-0.5325410429480053,2026-05-12 22:27:13.543670,2026-05-12 22:27:19.703431,0 days 00:00:06.159761,0.25,0.9,3,0.05,0.02,0.3,0.12,6,0.7,20,0.5,,,,,,PRUNED
9893,-0.41425741193738236,2026-05-12 22:27:19.734123,2026-05-12 22:27:20.199300,0 days 00:00:00.465177,0.45,0.7,2,0.05,0.02,0.6,0.08,6,0.5,5,0.5,,,,,,PRUNED
9894,-0.5966298317509102,2026-05-12 22:27:20.228393,2026-05-12 22:27:23.751417,0 days 00:00:03.523024,0.25,0.7,2,0.05,0.02,0.45,0.08,3,0.5,20,0.8,,,,,,PRUNED
9895,-0.42056632138184724,2026-05-12 22:27:23.781554,2026-05-12 22:27:24.230069,0 days 00:00:00.448515,0.45,0.8,2,0.05,0.02,0.6,0.08,6,0.5,20,0.8,,,,,,PRUNED
9896,-0.5179924623587872,2026-05-12 22:27:24.260220,2026-05-12 22:27:24.895135,0 days 00:00:00.634915,0.45,0.7,2,0.05,0.02,0.6,0.08,6,0.5,20,0.8,-0.39108387647623727,-0.030830266507629607,0.2538171717650998,0.36025360996860767,,COMPLETE
9897,-0.49385874671956154,2026-05-12 22:27:24.923789,2026-05-12 22:27:25.374554,0 days 00:00:00.450765,0.25,0.7,2,0.05,0.02,0.6,0.08,6,0.5,5,0.8,,,,,,PRUNED
9898,-0.484423581858537,2026-05-12 22:27:25.402792,2026-05-12 22:27:29.808694,0 days 00:00:04.405902,0.45,0.9,2,0.05,0.02,0.6,0.16,4,0.7,10,0.5,,,,,,PRUNED
9899,-0.42345340883098564,2026-05-12 22:27:29.837862,2026-05-12 22:27:33.922977,0 days 00:00:04.085115,0.45,0.7,3,0.05,0.01,0.45,0.08,4,0.5,20,0.8,,,,,,PRUNED
9900,-0.43223096142417294,2026-05-12 22:27:33.950910,2026-05-12 22:27:34.431081,0 days 00:00:00.480171,0.45,0.9,2,0.05,0.02,0.6,0.08,6,0.5,20,0.8,,,,,,PRUNED
9901,-0.45033163663476383,2026-05-12 22:27:34.461114,2026-05-12 22:27:40.328446,0 days 00:00:05.867332,0.45,0.8,4,0.05,0.02,0.6,0.08,6,0.6,5,0.5,,,,,,PRUNED
9902,-0.5179924623587872,2026-05-12 22:27:40.361877,2026-05-12 22:27:40.995425,0 days 00:00:00.633548,0.45,0.7,2,0.05,0.02,0.6,0.08,6,0.5,20,0.8,-0.39108387647623727,-0.030830266507629607,0.2538171717650998,0.36025360996860767,,COMPLETE
9903,-0.4589997423287863,2026-05-12 22:27:41.045655,2026-05-12 22:27:45.390851,0 days 00:00:04.345196,0.35,0.7,4,0.05,0.02,0.6,0.16,4,0.5,10,0.5,,,,,,PRUNED
9904,-0.483706022897304,2026-05-12 22:27:45.420705,2026-05-12 22:27:50.173990,0 days 00:00:04.753285,0.35,0.8,2,0.05,0.01,0.6,0.12,5,0.6,20,0.5,,,,,,PRUNED
9905,-0.49068501093652084,2026-05-12 22:27:50.203099,2026-05-12 22:27:55.179566,0 days 00:00:04.976467,0.35,0.9,4,0.05,0.02,0.45,0.12,6,0.6,20,0.5,,,,,,PRUNED
9906,-0.49129105852846944,2026-05-12 22:27:55.209637,2026-05-12 22:27:59.614592,0 days 00:00:04.404955,0.35,0.9,4,0.05,0.02,0.45,0.16,4,0.6,10,0.5,,,,,,PRUNED
9907,-0.5179924623587872,2026-05-12 22:27:59.643781,2026-05-12 22:28:00.294133,0 days 00:00:00.650352,0.45,0.7,2,0.05,0.02,0.6,0.08,6,0.5,20,0.8,-0.39108387647623727,-0.030830266507629607,0.2538171717650998,0.36025360996860767,,COMPLETE
9908,-0.4318124553734489,2026-05-12 22:28:00.323758,2026-05-12 22:28:00.774596,0 days 00:00:00.450838,0.45,0.7,2,0.03,0.02,0.6,0.08,6,0.5,20,0.8,,,,,,PRUNED
9909,-0.4248849607391425,2026-05-12 22:28:00.805825,2026-05-12 22:28:01.245652,0 days 00:00:00.439827,0.45,0.7,2,0.05,0.02,0.3,0.08,5,0.5,20,0.8,,,,,,PRUNED
9910,-0.5137556679960779,2026-05-12 22:28:01.272739,2026-05-12 22:28:05.382493,0 days 00:00:04.109754,0.35,0.8,4,0.03,0.01,0.45,0.16,4,0.6,20,0.65,,,,,,PRUNED
9911,-0.5179924623587872,2026-05-12 22:28:05.412104,2026-05-12 22:28:06.037545,0 days 00:00:00.625441,0.45,0.7,2,0.05,0.02,0.6,0.08,6,0.5,20,0.8,-0.39108387647623727,-0.030830266507629607,0.2538171717650998,0.36025360996860767,,COMPLETE
9912,-0.5063460334774845,2026-05-12 22:28:06.067290,2026-05-12 22:28:10.443235,0 days 00:00:04.375945,0.25,0.8,3,0.05,0.01,0.3,0.08,3,0.5,5,0.65,,,,,,PRUNED
