number,value,datetime_start,datetime_complete,duration,params_BEAR_RATIO,params_BULL_RATIO,params_GRID_MAX_LAYER,params_GRID_STEP_MAX,params_GRID_STEP_MIN,params_GRID_STEP_VOL_FACTOR,params_LAYER_FRACTION,params_MAX_HOLD,params_NEUTRAL_RATIO,params_REBALANCE_FREQ,params_VOL_WEIGHT,user_attrs_avg_test_score,user_attrs_avg_train_score,user_attrs_test_score_std,user_attrs_train_test_gap,user_attrs_validation_error,state
9177,-0.4940429860915866,2026-05-12 21:53:12.805694,2026-05-12 21:53:17.414540,0 days 00:00:04.608846,0.45,0.8,4,0.03,0.01,0.45,0.16,5,0.5,20,0.5,,,,,,PRUNED
9178,-0.45811962308675797,2026-05-12 21:53:17.443600,2026-05-12 21:53:22.863854,0 days 00:00:05.420254,0.35,0.7,2,0.05,0.01,0.6,0.12,5,0.5,20,0.8,,,,,,PRUNED
9179,-0.5715107846558711,2026-05-12 21:53:22.891041,2026-05-12 21:53:23.352686,0 days 00:00:00.461645,0.45,0.7,2,0.05,0.02,0.6,0.08,3,0.5,20,0.8,,,,,,PRUNED
9180,-0.5919419970978045,2026-05-12 21:53:23.380145,2026-05-12 21:53:26.756265,0 days 00:00:03.376120,0.45,0.7,2,0.05,0.01,0.3,0.08,3,0.6,20,0.5,,,,,,PRUNED
9181,-0.4660835109924683,2026-05-12 21:53:26.786165,2026-05-12 21:53:31.713070,0 days 00:00:04.926905,0.45,0.7,2,0.05,0.02,0.45,0.08,4,0.5,5,0.5,,,,,,PRUNED
9182,-0.5182406672588966,2026-05-12 21:53:31.740621,2026-05-12 21:53:32.389337,0 days 00:00:00.648716,0.45,0.7,2,0.05,0.02,0.45,0.08,6,0.5,20,0.8,-0.3910743597599139,-0.030648087966744914,0.25433261499796533,0.360426271793169,,COMPLETE
9183,-0.4378742937405975,2026-05-12 21:53:32.418397,2026-05-12 21:53:32.852546,0 days 00:00:00.434149,0.35,0.7,2,0.05,0.02,0.3,0.08,6,0.5,20,0.8,,,,,,PRUNED
9184,-0.5179924623587872,2026-05-12 21:53:32.893178,2026-05-12 21:53:33.529931,0 days 00:00:00.636753,0.45,0.7,2,0.05,0.02,0.6,0.08,6,0.5,20,0.8,-0.39108387647623727,-0.030830266507629607,0.2538171717650998,0.36025360996860767,,COMPLETE
9185,-0.5179924623587872,2026-05-12 21:53:33.556245,2026-05-12 21:53:34.206177,0 days 00:00:00.649932,0.45,0.7,2,0.05,0.02,0.6,0.08,6,0.5,20,0.8,-0.39108387647623727,-0.030830266507629607,0.2538171717650998,0.36025360996860767,,COMPLETE
9186,-0.4974073281927062,2026-05-12 21:53:34.234260,2026-05-12 21:53:34.686469,0 days 00:00:00.452209,0.25,0.7,2,0.03,0.02,0.6,0.08,6,0.5,20,0.8,,,,,,PRUNED
9187,-0.5074768369816132,2026-05-12 21:53:34.714114,2026-05-12 21:53:39.896811,0 days 00:00:05.182697,0.25,0.8,3,0.05,0.01,0.3,0.12,6,0.5,10,0.8,,,,,,PRUNED
9188,-0.5466824388270183,2026-05-12 21:53:39.925786,2026-05-12 21:53:44.838437,0 days 00:00:04.912651,0.25,0.8,3,0.05,0.02,0.6,0.08,4,0.6,5,0.8,,,,,,PRUNED
9189,-9999.0,2026-05-12 21:53:44.864710,2026-05-12 21:53:45.234448,0 days 00:00:00.369738,0.25,0.7,4,0.03,0.02,0.6,0.16,5,0.7,20,0.5,,,,,BEAR_RATIO < NEUTRAL_RATIO < BULL_RATIO 约束违反: 0.25 / 0.7 / 0.7,COMPLETE
9190,-0.5179924623587872,2026-05-12 21:53:45.278455,2026-05-12 21:53:45.923790,0 days 00:00:00.645335,0.45,0.7,2,0.05,0.02,0.6,0.08,6,0.5,20,0.8,-0.39108387647623727,-0.030830266507629607,0.2538171717650998,0.36025360996860767,,COMPLETE
9191,-9999.0,2026-05-12 21:53:45.973987,2026-05-12 21:53:46.351732,0 days 00:00:00.377745,0.45,0.7,3,0.05,0.01,0.6,0.16,5,0.7,5,0.8,,,,,BEAR_RATIO < NEUTRAL_RATIO < BULL_RATIO 约束违反: 0.45 / 0.7 / 0.7,COMPLETE
9192,-9999.0,2026-05-12 21:53:46.399271,2026-05-12 21:53:46.784917,0 days 00:00:00.385646,0.35,0.7,2,0.03,0.02,0.6,0.08,5,0.7,20,0.5,,,,,BEAR_RATIO < NEUTRAL_RATIO < BULL_RATIO 约束违反: 0.35 / 0.7 / 0.7,COMPLETE
9193,-0.5557460314484163,2026-05-12 21:53:46.813711,2026-05-12 21:53:50.494671,0 days 00:00:03.680960,0.25,0.7,3,0.05,0.01,0.45,0.12,3,0.6,10,0.65,,,,,,PRUNED
9194,-0.5304330414391994,2026-05-12 21:53:50.525402,2026-05-12 21:53:56.377574,0 days 00:00:05.852172,0.35,0.8,4,0.03,0.01,0.45,0.16,6,0.5,5,0.8,,,,,,PRUNED
9195,-0.4558234173638169,2026-05-12 21:53:56.405055,2026-05-12 21:54:00.471805,0 days 00:00:04.066750,0.35,0.8,3,0.05,0.02,0.45,0.12,4,0.5,20,0.5,,,,,,PRUNED
9196,-0.5179924623587872,2026-05-12 21:54:00.500992,2026-05-12 21:54:01.114066,0 days 00:00:00.613074,0.45,0.7,2,0.05,0.02,0.6,0.08,6,0.5,20,0.8,-0.39108387647623727,-0.030830266507629607,0.2538171717650998,0.36025360996860767,,COMPLETE
9197,-0.4366801865000989,2026-05-12 21:54:01.140641,2026-05-12 21:54:01.610032,0 days 00:00:00.469391,0.45,0.8,2,0.05,0.02,0.6,0.08,5,0.5,20,0.8,,,,,,PRUNED
9198,-9999.0,2026-05-12 21:54:01.653001,2026-05-12 21:54:02.029484,0 days 00:00:00.376483,0.35,0.7,3,0.03,0.02,0.6,0.16,6,0.7,10,0.5,,,,,BEAR_RATIO < NEUTRAL_RATIO < BULL_RATIO 约束违反: 0.35 / 0.7 / 0.7,COMPLETE
9199,-0.5264061576726149,2026-05-12 21:54:02.058012,2026-05-12 21:54:07.029107,0 days 00:00:04.971095,0.45,0.8,4,0.03,0.02,0.45,0.08,4,0.7,5,0.5,,,,,,PRUNED
9200,-0.511769259892919,2026-05-12 21:54:07.059144,2026-05-12 21:54:13.013169,0 days 00:00:05.954025,0.25,0.7,4,0.03,0.01,0.6,0.08,5,0.5,5,0.5,,,,,,PRUNED
9201,-0.5374227242716864,2026-05-12 21:54:13.042633,2026-05-12 21:54:18.135934,0 days 00:00:05.093301,0.45,0.8,2,0.03,0.02,0.45,0.16,4,0.6,5,0.5,,,,,,PRUNED
9202,-0.5179924623587872,2026-05-12 21:54:18.164618,2026-05-12 21:54:18.776776,0 days 00:00:00.612158,0.45,0.7,2,0.05,0.02,0.6,0.08,6,0.5,20,0.8,-0.39108387647623727,-0.030830266507629607,0.2538171717650998,0.36025360996860767,,COMPLETE
9203,-0.5700997585113124,2026-05-12 21:54:18.807598,2026-05-12 21:54:22.698877,0 days 00:00:03.891279,0.35,0.9,4,0.03,0.01,0.45,0.08,3,0.6,10,0.8,,,,,,PRUNED
9204,-0.43940103767029054,2026-05-12 21:54:22.727368,2026-05-12 21:54:27.184990,0 days 00:00:04.457622,0.45,0.7,4,0.03,0.01,0.6,0.08,3,0.5,5,0.5,,,,,,PRUNED
9205,-0.450280016182787,2026-05-12 21:54:27.212728,2026-05-12 21:54:27.642280,0 days 00:00:00.429552,0.35,0.7,2,0.05,0.02,0.6,0.08,6,0.6,20,0.8,,,,,,PRUNED
9206,-0.5853208293438789,2026-05-12 21:54:27.669745,2026-05-12 21:54:31.122433,0 days 00:00:03.452688,0.35,0.7,4,0.05,0.02,0.6,0.08,3,0.5,20,0.65,,,,,,PRUNED
9207,-0.5179924623587872,2026-05-12 21:54:31.153351,2026-05-12 21:54:32.755582,0 days 00:00:01.602231,0.45,0.7,2,0.05,0.02,0.6,0.08,6,0.5,20,0.8,-0.39108387647623727,-0.030830266507629607,0.2538171717650998,0.36025360996860767,,COMPLETE
9208,-0.4869602493101729,2026-05-12 21:54:32.783752,2026-05-12 21:54:37.367851,0 days 00:00:04.584099,0.45,0.8,3,0.03,0.02,0.6,0.08,5,0.7,20,0.65,,,,,,PRUNED
9209,-0.4242910183560481,2026-05-12 21:54:37.397627,2026-05-12 21:54:37.825223,0 days 00:00:00.427596,0.45,0.7,2,0.05,0.02,0.6,0.08,5,0.5,20,0.8,,,,,,PRUNED
9210,-0.5179924623587872,2026-05-12 21:54:37.852470,2026-05-12 21:54:38.473093,0 days 00:00:00.620623,0.45,0.7,2,0.05,0.02,0.6,0.08,6,0.5,20,0.65,-0.39108387647623727,-0.030830266507629607,0.2538171717650998,0.36025360996860767,,COMPLETE
9211,-0.44120123496897135,2026-05-12 21:54:38.501213,2026-05-12 21:54:43.342155,0 days 00:00:04.840942,0.35,0.7,4,0.05,0.01,0.3,0.08,6,0.5,20,0.8,,,,,,PRUNED
9212,-0.43223096142417294,2026-05-12 21:54:43.371849,2026-05-12 21:54:43.798832,0 days 00:00:00.426983,0.45,0.9,2,0.05,0.01,0.6,0.08,6,0.5,20,0.8,,,,,,PRUNED
9213,-0.46018097362637084,2026-05-12 21:54:43.828090,2026-05-12 21:54:48.224428,0 days 00:00:04.396338,0.45,0.7,3,0.03,0.02,0.3,0.08,4,0.6,10,0.65,,,,,,PRUNED
9214,-0.5095911228391372,2026-05-12 21:54:48.253636,2026-05-12 21:54:53.096364,0 days 00:00:04.842728,0.25,0.8,2,0.05,0.02,0.45,0.16,6,0.5,20,0.5,,,,,,PRUNED
9215,-0.5179924623587872,2026-05-12 21:54:53.126702,2026-05-12 21:54:53.781982,0 days 00:00:00.655280,0.45,0.7,2,0.05,0.02,0.6,0.08,6,0.5,20,0.5,-0.39108387647623727,-0.030830266507629607,0.2538171717650998,0.36025360996860767,,COMPLETE
9216,-0.5179924623587872,2026-05-12 21:54:53.812112,2026-05-12 21:54:54.484786,0 days 00:00:00.672674,0.45,0.7,2,0.05,0.02,0.6,0.08,6,0.5,20,0.8,-0.39108387647623727,-0.030830266507629607,0.2538171717650998,0.36025360996860767,,COMPLETE
9217,-0.410125315542252,2026-05-12 21:54:54.514666,2026-05-12 21:54:54.944207,0 days 00:00:00.429541,0.45,0.7,4,0.05,0.02,0.6,0.08,6,0.5,20,0.8,,,,,,PRUNED
9218,-0.4337598227322236,2026-05-12 21:54:54.971347,2026-05-12 21:54:55.400228,0 days 00:00:00.428881,0.45,0.7,2,0.05,0.02,0.6,0.08,4,0.6,20,0.8,,,,,,PRUNED
9219,-0.5426371022050686,2026-05-12 21:54:55.428404,2026-05-12 21:55:00.082202,0 days 00:00:04.653798,0.35,0.9,4,0.03,0.02,0.45,0.16,5,0.6,20,0.65,,,,,,PRUNED
9220,-0.4092788272711371,2026-05-12 21:55:00.111353,2026-05-12 21:55:00.530444,0 days 00:00:00.419091,0.45,0.7,3,0.05,0.02,0.6,0.08,6,0.5,20,0.8,,,,,,PRUNED
9221,-9999.0,2026-05-12 21:55:00.561402,2026-05-12 21:55:00.883290,0 days 00:00:00.321888,0.45,0.7,3,0.05,0.02,0.45,0.08,6,0.7,20,0.8,,,,,BEAR_RATIO < NEUTRAL_RATIO < BULL_RATIO 约束违反: 0.45 / 0.7 / 0.7,COMPLETE
9222,-9999.0,2026-05-12 21:55:00.910463,2026-05-12 21:55:01.248420,0 days 00:00:00.337957,0.35,0.7,4,0.03,0.01,0.6,0.16,4,0.7,5,0.5,,,,,BEAR_RATIO < NEUTRAL_RATIO < BULL_RATIO 约束违反: 0.35 / 0.7 / 0.7,COMPLETE
9223,-0.650106004817805,2026-05-12 21:55:01.276526,2026-05-12 21:55:04.692437,0 days 00:00:03.415911,0.35,0.9,4,0.03,0.02,0.6,0.16,3,0.6,20,0.5,,,,,,PRUNED
9224,-0.6533065203782776,2026-05-12 21:55:04.722025,2026-05-12 21:55:08.163390,0 days 00:00:03.441365,0.25,0.9,3,0.03,0.02,0.45,0.12,3,0.7,20,0.5,,,,,,PRUNED
9225,-0.4092137988646166,2026-05-12 21:55:08.191875,2026-05-12 21:55:08.653482,0 days 00:00:00.461607,0.45,0.7,2,0.05,0.02,0.6,0.08,6,0.5,10,0.5,,,,,,PRUNED
9226,-0.5743880075779579,2026-05-12 21:55:08.681142,2026-05-12 21:55:12.380461,0 days 00:00:03.699319,0.25,0.8,2,0.05,0.02,0.3,0.16,3,0.7,10,0.65,,,,,,PRUNED
9227,-0.6486480971697844,2026-05-12 21:55:12.408920,2026-05-12 21:55:15.845065,0 days 00:00:03.436145,0.35,0.8,4,0.03,0.02,0.3,0.12,3,0.7,20,0.5,,,,,,PRUNED
9228,-0.5190797905599238,2026-05-12 21:55:15.874168,2026-05-12 21:55:19.587167,0 days 00:00:03.712999,0.45,0.7,3,0.05,0.01,0.45,0.12,3,0.5,10,0.65,,,,,,PRUNED
9229,-0.5179924623587872,2026-05-12 21:55:19.616470,2026-05-12 21:55:20.207349,0 days 00:00:00.590879,0.45,0.7,2,0.05,0.02,0.6,0.08,6,0.5,20,0.8,-0.39108387647623727,-0.030830266507629607,0.2538171717650998,0.36025360996860767,,COMPLETE
9230,-0.512679545201348,2026-05-12 21:55:20.236054,2026-05-12 21:55:24.791134,0 days 00:00:04.555080,0.25,0.8,2,0.05,0.02,0.6,0.12,5,0.6,20,0.8,,,,,,PRUNED
9231,-0.5559233245298342,2026-05-12 21:55:24.819739,2026-05-12 21:55:29.411551,0 days 00:00:04.591812,0.35,0.9,4,0.03,0.01,0.3,0.16,5,0.7,20,0.8,,,,,,PRUNED
9232,-0.45593174283107646,2026-05-12 21:55:29.442115,2026-05-12 21:55:34.727931,0 days 00:00:05.285816,0.45,0.8,4,0.05,0.01,0.6,0.08,4,0.6,10,0.5,,,,,,PRUNED
9233,-0.4738221018429511,2026-05-12 21:55:34.757314,2026-05-12 21:55:35.179670,0 days 00:00:00.422356,0.25,0.7,2,0.05,0.02,0.45,0.08,6,0.5,20,0.8,,,,,,PRUNED
9234,-0.5179924623587872,2026-05-12 21:55:35.212458,2026-05-12 21:55:35.827846,0 days 00:00:00.615388,0.45,0.7,2,0.05,0.02,0.6,0.08,6,0.5,20,0.8,-0.39108387647623727,-0.030830266507629607,0.2538171717650998,0.36025360996860767,,COMPLETE
9235,-0.5475589587182427,2026-05-12 21:55:35.868437,2026-05-12 21:55:40.196612,0 days 00:00:04.328175,0.25,0.9,2,0.03,0.01,0.3,0.16,3,0.5,5,0.65,,,,,,PRUNED
9236,-0.6017855015036666,2026-05-12 21:55:40.224633,2026-05-12 21:55:43.659355,0 days 00:00:03.434722,0.45,0.7,3,0.03,0.02,0.3,0.08,3,0.6,20,0.65,,,,,,PRUNED
9237,-0.5179924623587872,2026-05-12 21:55:43.687883,2026-05-12 21:55:44.339136,0 days 00:00:00.651253,0.45,0.7,2,0.05,0.01,0.6,0.08,6,0.5,20,0.8,-0.39108387647623727,-0.030830266507629607,0.2538171717650998,0.36025360996860767,,COMPLETE
9238,-0.45195447467564887,2026-05-12 21:55:44.367836,2026-05-12 21:55:49.533744,0 days 00:00:05.165908,0.35,0.7,2,0.05,0.01,0.3,0.12,6,0.5,10,0.65,,,,,,PRUNED
9239,-0.5179924623587872,2026-05-12 21:55:49.568575,2026-05-12 21:55:50.220255,0 days 00:00:00.651680,0.45,0.7,2,0.05,0.02,0.6,0.08,6,0.5,20,0.8,-0.39108387647623727,-0.030830266507629607,0.2538171717650998,0.36025360996860767,,COMPLETE
9240,-0.4872033126028948,2026-05-12 21:55:50.247780,2026-05-12 21:55:54.571286,0 days 00:00:04.323506,0.25,0.7,2,0.03,0.01,0.45,0.08,4,0.6,10,0.8,,,,,,PRUNED
9241,-9999.0,2026-05-12 21:55:54.602254,2026-05-12 21:55:55.881573,0 days 00:00:01.279319,0.45,0.7,2,0.05,0.02,0.45,0.16,6,0.7,5,0.8,,,,,BEAR_RATIO < NEUTRAL_RATIO < BULL_RATIO 约束违反: 0.45 / 0.7 / 0.7,COMPLETE
9242,-0.41966843205749144,2026-05-12 21:55:55.907632,2026-05-12 21:55:56.305817,0 days 00:00:00.398185,0.45,0.8,2,0.05,0.02,0.45,0.08,6,0.5,20,0.8,,,,,,PRUNED
9243,-0.5179924623587872,2026-05-12 21:55:56.330424,2026-05-12 21:55:56.887036,0 days 00:00:00.556612,0.45,0.7,2,0.05,0.02,0.6,0.08,6,0.5,20,0.8,-0.39108387647623727,-0.030830266507629607,0.2538171717650998,0.36025360996860767,,COMPLETE
9244,-0.4153515435978797,2026-05-12 21:55:56.912272,2026-05-12 21:55:57.306245,0 days 00:00:00.393973,0.45,0.7,2,0.05,0.02,0.6,0.08,5,0.5,5,0.8,,,,,,PRUNED
9245,-0.5179924623587872,2026-05-12 21:55:57.334144,2026-05-12 21:55:57.904625,0 days 00:00:00.570481,0.45,0.7,2,0.05,0.02,0.6,0.08,6,0.5,20,0.8,-0.39108387647623727,-0.030830266507629607,0.2538171717650998,0.36025360996860767,,COMPLETE
9246,-0.5048277529729183,2026-05-12 21:55:57.930346,2026-05-12 21:56:02.209602,0 days 00:00:04.279256,0.25,0.8,4,0.03,0.02,0.45,0.08,4,0.7,10,0.8,,,,,,PRUNED
9247,-0.5303534190672307,2026-05-12 21:56:02.239280,2026-05-12 21:56:07.145405,0 days 00:00:04.906125,0.25,0.7,2,0.05,0.01,0.3,0.08,4,0.6,5,0.5,,,,,,PRUNED
9248,-0.42357363260304626,2026-05-12 21:56:07.175987,2026-05-12 21:56:07.609249,0 days 00:00:00.433262,0.45,0.7,2,0.05,0.02,0.6,0.08,6,0.6,20,0.8,,,,,,PRUNED
9249,-0.5318533191675032,2026-05-12 21:56:07.635013,2026-05-12 21:56:13.341098,0 days 00:00:05.706085,0.25,0.8,4,0.05,0.02,0.6,0.08,6,0.7,5,0.8,,,,,,PRUNED
9250,-0.4864078341941032,2026-05-12 21:56:13.368250,2026-05-12 21:56:17.721018,0 days 00:00:04.352768,0.45,0.9,2,0.05,0.02,0.3,0.12,3,0.7,5,0.65,,,,,,PRUNED
9251,-0.6069929837343321,2026-05-12 21:56:17.749994,2026-05-12 21:56:21.485618,0 days 00:00:03.735624,0.25,0.9,4,0.03,0.02,0.6,0.16,3,0.6,10,0.65,,,,,,PRUNED
9252,-0.4318124553734489,2026-05-12 21:56:21.513839,2026-05-12 21:56:21.948383,0 days 00:00:00.434544,0.45,0.7,2,0.03,0.01,0.6,0.08,6,0.5,20,0.8,,,,,,PRUNED
9253,-0.4213231947291116,2026-05-12 21:56:21.976621,2026-05-12 21:56:22.432256,0 days 00:00:00.455635,0.45,0.7,2,0.05,0.02,0.6,0.08,4,0.5,20,0.8,,,,,,PRUNED
9254,-9999.0,2026-05-12 21:56:22.460799,2026-05-12 21:56:22.845498,0 days 00:00:00.384699,0.25,0.7,2,0.03,0.01,0.3,0.08,6,0.7,20,0.8,,,,,BEAR_RATIO < NEUTRAL_RATIO < BULL_RATIO 约束违反: 0.25 / 0.7 / 0.7,COMPLETE
9255,-0.4413208778376437,2026-05-12 21:56:22.886055,2026-05-12 21:56:26.858779,0 days 00:00:03.972724,0.45,0.7,2,0.03,0.02,0.6,0.08,4,0.5,20,0.5,,,,,,PRUNED
9256,-0.5008554673091578,2026-05-12 21:56:26.891002,2026-05-12 21:56:32.063537,0 days 00:00:05.172535,0.35,0.8,2,0.05,0.02,0.3,0.16,6,0.7,10,0.65,,,,,,PRUNED
9257,-0.4387147179881395,2026-05-12 21:56:32.093751,2026-05-12 21:56:32.526410,0 days 00:00:00.432659,0.45,0.7,2,0.03,0.02,0.6,0.08,6,0.5,5,0.8,,,,,,PRUNED
9258,-0.41145313209857104,2026-05-12 21:56:32.554871,2026-05-12 21:56:32.994074,0 days 00:00:00.439203,0.45,0.7,2,0.05,0.02,0.3,0.08,6,0.5,10,0.8,,,,,,PRUNED
9259,-0.5146283293490875,2026-05-12 21:56:33.039384,2026-05-12 21:56:37.351983,0 days 00:00:04.312599,0.35,0.9,2,0.03,0.01,0.3,0.12,4,0.7,10,0.5,,,,,,PRUNED
9260,-9999.0,2026-05-12 21:56:37.380781,2026-05-12 21:56:37.763437,0 days 00:00:00.382656,0.45,0.7,2,0.05,0.02,0.3,0.08,6,0.7,20,0.8,,,,,BEAR_RATIO < NEUTRAL_RATIO < BULL_RATIO 约束违反: 0.45 / 0.7 / 0.7,COMPLETE
9261,-0.42743124794033643,2026-05-12 21:56:37.793194,2026-05-12 21:56:43.505388,0 days 00:00:05.712194,0.45,0.7,4,0.05,0.01,0.6,0.08,6,0.6,20,0.5,,,,,,PRUNED
9262,-0.4889810004158946,2026-05-12 21:56:43.533173,2026-05-12 21:56:49.438991,0 days 00:00:05.905818,0.45,0.8,4,0.03,0.01,0.6,0.08,6,0.7,5,0.5,,,,,,PRUNED
9263,-0.6324022640029997,2026-05-12 21:56:49.466139,2026-05-12 21:56:52.856411,0 days 00:00:03.390272,0.25,0.8,4,0.05,0.02,0.3,0.16,3,0.6,20,0.65,,,,,,PRUNED
9264,-0.5554397834668447,2026-05-12 21:56:52.884915,2026-05-12 21:56:58.065656,0 days 00:00:05.180741,0.35,0.9,2,0.03,0.01,0.3,0.08,4,0.7,5,0.65,,,,,,PRUNED
9265,-0.4542295083527964,2026-05-12 21:56:58.094452,2026-05-12 21:57:02.202089,0 days 00:00:04.107637,0.45,0.9,4,0.05,0.02,0.45,0.08,4,0.6,20,0.5,,,,,,PRUNED
9266,-0.6431793612344651,2026-05-12 21:57:02.230383,2026-05-12 21:57:05.645735,0 days 00:00:03.415352,0.25,0.9,2,0.03,0.01,0.45,0.12,3,0.6,20,0.8,,,,,,PRUNED
9267,-0.5179924623587872,2026-05-12 21:57:05.674881,2026-05-12 21:57:06.300680,0 days 00:00:00.625799,0.45,0.7,2,0.05,0.02,0.6,0.08,6,0.5,20,0.8,-0.39108387647623727,-0.030830266507629607,0.2538171717650998,0.36025360996860767,,COMPLETE
9268,-0.5179924623587872,2026-05-12 21:57:06.330261,2026-05-12 21:57:06.988408,0 days 00:00:00.658147,0.45,0.7,2,0.05,0.02,0.6,0.08,6,0.5,20,0.8,-0.39108387647623727,-0.030830266507629607,0.2538171717650998,0.36025360996860767,,COMPLETE
9269,-0.410125315542252,2026-05-12 21:57:07.019821,2026-05-12 21:57:07.464500,0 days 00:00:00.444679,0.45,0.7,4,0.05,0.01,0.6,0.08,6,0.5,20,0.8,,,,,,PRUNED
9270,-0.5179924623587872,2026-05-12 21:57:07.493694,2026-05-12 21:57:08.153304,0 days 00:00:00.659610,0.45,0.7,2,0.05,0.02,0.6,0.08,6,0.5,20,0.8,-0.39108387647623727,-0.030830266507629607,0.2538171717650998,0.36025360996860767,,COMPLETE
9271,-0.5179924623587872,2026-05-12 21:57:08.181370,2026-05-12 21:57:08.810625,0 days 00:00:00.629255,0.45,0.7,2,0.05,0.02,0.6,0.08,6,0.5,20,0.8,-0.39108387647623727,-0.030830266507629607,0.2538171717650998,0.36025360996860767,,COMPLETE
9272,-0.4296411080598753,2026-05-12 21:57:08.849436,2026-05-12 21:57:09.281351,0 days 00:00:00.431915,0.45,0.7,2,0.05,0.01,0.6,0.16,6,0.5,20,0.8,,,,,,PRUNED
9273,-0.5557271724162345,2026-05-12 21:57:09.310969,2026-05-12 21:57:13.011378,0 days 00:00:03.700409,0.25,0.8,3,0.05,0.01,0.3,0.12,3,0.5,10,0.8,,,,,,PRUNED
9274,-0.474462429912309,2026-05-12 21:57:13.042915,2026-05-12 21:57:17.913443,0 days 00:00:04.870528,0.35,0.9,4,0.05,0.01,0.45,0.12,6,0.5,20,0.8,,,,,,PRUNED
9275,-0.47441457244516044,2026-05-12 21:57:17.940115,2026-05-12 21:57:18.385415,0 days 00:00:00.445300,0.25,0.7,2,0.05,0.02,0.6,0.08,6,0.5,20,0.8,,,,,,PRUNED
9276,-0.6103609651789502,2026-05-12 21:57:18.412577,2026-05-12 21:57:21.878118,0 days 00:00:03.465541,0.35,0.7,2,0.05,0.01,0.3,0.16,3,0.6,20,0.65,,,,,,PRUNED
9277,-0.5659318582258116,2026-05-12 21:57:21.904992,2026-05-12 21:57:26.791328,0 days 00:00:04.886336,0.25,0.9,3,0.05,0.01,0.45,0.12,4,0.6,5,0.5,,,,,,PRUNED
9278,-0.49829608401857617,2026-05-12 21:57:26.821479,2026-05-12 21:57:31.738543,0 days 00:00:04.917064,0.25,0.8,4,0.05,0.02,0.3,0.08,5,0.6,10,0.8,,,,,,PRUNED
9279,-0.4653280020764275,2026-05-12 21:57:31.765623,2026-05-12 21:57:36.588213,0 days 00:00:04.822590,0.45,0.9,3,0.05,0.02,0.3,0.08,6,0.7,20,0.5,,,,,,PRUNED
9280,-0.5519664857672103,2026-05-12 21:57:36.616438,2026-05-12 21:57:41.892614,0 days 00:00:05.276176,0.25,0.9,3,0.03,0.02,0.6,0.12,6,0.6,10,0.65,,,,,,PRUNED
9281,-0.5109042683666138,2026-05-12 21:57:41.924867,2026-05-12 21:57:47.493811,0 days 00:00:05.568944,0.35,0.9,4,0.03,0.01,0.6,0.12,5,0.5,20,0.65,,,,,,PRUNED
9282,-0.45427575054385755,2026-05-12 21:57:47.520637,2026-05-12 21:57:51.552340,0 days 00:00:04.031703,0.35,0.7,2,0.03,0.02,0.45,0.08,4,0.5,20,0.65,,,,,,PRUNED
9283,-0.5088596176348894,2026-05-12 21:57:51.577559,2026-05-12 21:57:57.341794,0 days 00:00:05.764235,0.45,0.9,4,0.03,0.02,0.45,0.16,6,0.5,5,0.5,,,,,,PRUNED
9284,-0.4092137988646166,2026-05-12 21:57:57.372816,2026-05-12 21:57:57.835255,0 days 00:00:00.462439,0.45,0.7,2,0.05,0.02,0.6,0.08,6,0.5,10,0.8,,,,,,PRUNED
9285,-0.5179924623587872,2026-05-12 21:57:57.882030,2026-05-12 21:57:58.517729,0 days 00:00:00.635699,0.45,0.7,2,0.05,0.02,0.6,0.08,6,0.5,20,0.8,-0.39108387647623727,-0.030830266507629607,0.2538171717650998,0.36025360996860767,,COMPLETE
9286,-0.532353511400617,2026-05-12 21:57:58.547155,2026-05-12 21:58:03.451817,0 days 00:00:04.904662,0.35,0.7,2,0.03,0.02,0.45,0.12,4,0.6,5,0.65,,,,,,PRUNED
9287,-0.4686574727063283,2026-05-12 21:58:03.484018,2026-05-12 21:58:07.815021,0 days 00:00:04.331003,0.45,0.8,3,0.03,0.02,0.45,0.12,4,0.5,10,0.65,,,,,,PRUNED
9288,-0.4639080496600279,2026-05-12 21:58:07.843836,2026-05-12 21:58:13.562963,0 days 00:00:05.719127,0.35,0.7,2,0.05,0.01,0.3,0.12,6,0.5,5,0.8,,,,,,PRUNED
9289,-0.5179924623587872,2026-05-12 21:58:13.589324,2026-05-12 21:58:14.251345,0 days 00:00:00.662021,0.45,0.7,2,0.05,0.02,0.6,0.08,6,0.5,20,0.8,-0.39108387647623727,-0.030830266507629607,0.2538171717650998,0.36025360996860767,,COMPLETE
9290,-0.5179924623587872,2026-05-12 21:58:14.276827,2026-05-12 21:58:14.831231,0 days 00:00:00.554404,0.45,0.7,2,0.05,0.02,0.6,0.08,6,0.5,20,0.8,-0.39108387647623727,-0.030830266507629607,0.2538171717650998,0.36025360996860767,,COMPLETE
9291,-0.4296411080598753,2026-05-12 21:58:14.858066,2026-05-12 21:58:15.253277,0 days 00:00:00.395211,0.45,0.7,2,0.05,0.02,0.6,0.16,6,0.5,20,0.8,,,,,,PRUNED
9292,-0.5715107846558711,2026-05-12 21:58:15.278561,2026-05-12 21:58:15.662616,0 days 00:00:00.384055,0.45,0.7,2,0.05,0.01,0.6,0.08,3,0.5,20,0.8,,,,,,PRUNED
9293,-9999.0,2026-05-12 21:58:15.686584,2026-05-12 21:58:16.020102,0 days 00:00:00.333518,0.25,0.7,3,0.05,0.01,0.3,0.08,5,0.7,20,0.8,,,,,BEAR_RATIO < NEUTRAL_RATIO < BULL_RATIO 约束违反: 0.25 / 0.7 / 0.7,COMPLETE
9294,-0.41425741193738236,2026-05-12 21:58:16.046802,2026-05-12 21:58:16.425207,0 days 00:00:00.378405,0.45,0.7,2,0.05,0.02,0.6,0.08,6,0.5,5,0.8,,,,,,PRUNED
9295,-0.5243179066411824,2026-05-12 21:58:16.454166,2026-05-12 21:58:22.196350,0 days 00:00:05.742184,0.35,0.8,3,0.05,0.02,0.3,0.16,6,0.7,5,0.65,,,,,,PRUNED
9296,-0.5106241669811739,2026-05-12 21:58:22.226292,2026-05-12 21:58:27.206273,0 days 00:00:04.979981,0.25,0.7,4,0.03,0.01,0.45,0.12,5,0.5,10,0.8,,,,,,PRUNED
9297,-0.5423263331055458,2026-05-12 21:58:27.235373,2026-05-12 21:58:31.019181,0 days 00:00:03.783808,0.45,0.7,4,0.03,0.01,0.3,0.12,3,0.5,10,0.65,,,,,,PRUNED
9298,-0.4100386278766106,2026-05-12 21:58:31.046229,2026-05-12 21:58:31.490973,0 days 00:00:00.444744,0.45,0.7,2,0.05,0.02,0.3,0.08,6,0.5,20,0.8,,,,,,PRUNED
