number,value,datetime_start,datetime_complete,duration,params_BEAR_RATIO,params_BULL_RATIO,params_GRID_MAX_LAYER,params_GRID_STEP_MAX,params_GRID_STEP_MIN,params_GRID_STEP_VOL_FACTOR,params_LAYER_FRACTION,params_MAX_HOLD,params_NEUTRAL_RATIO,params_REBALANCE_FREQ,params_VOL_WEIGHT,user_attrs_avg_test_score,user_attrs_avg_train_score,user_attrs_test_score_std,user_attrs_train_test_gap,user_attrs_validation_error,state
1330,-0.4344081981753338,2026-05-12 15:14:33.969380,2026-05-12 15:14:38.480904,0 days 00:00:04.511524,0.45,0.7,3,0.05,0.02,0.6,0.12,5,0.5,20,0.8,,,,,,PRUNED
1331,-0.4100386278766106,2026-05-12 15:14:38.504435,2026-05-12 15:14:38.841310,0 days 00:00:00.336875,0.45,0.7,2,0.05,0.02,0.3,0.08,6,0.5,20,0.65,,,,,,PRUNED
1332,-0.49594106473969785,2026-05-12 15:14:38.864671,2026-05-12 15:14:43.153385,0 days 00:00:04.288714,0.45,0.9,2,0.03,0.02,0.3,0.08,3,0.7,5,0.65,,,,,,PRUNED
1333,-0.5179924623587872,2026-05-12 15:14:43.177733,2026-05-12 15:14:43.663599,0 days 00:00:00.485866,0.45,0.7,2,0.05,0.02,0.6,0.08,6,0.5,20,0.8,-0.39108387647623727,-0.030830266507629607,0.2538171717650998,0.36025360996860767,,COMPLETE
1334,-0.5204365964783959,2026-05-12 15:14:43.688152,2026-05-12 15:14:48.620134,0 days 00:00:04.931982,0.25,0.9,4,0.05,0.02,0.45,0.16,5,0.5,10,0.5,,,,,,PRUNED
1335,-0.410125315542252,2026-05-12 15:14:48.647152,2026-05-12 15:14:53.530822,0 days 00:00:04.883670,0.45,0.7,4,0.05,0.01,0.6,0.08,6,0.5,20,0.65,,,,,,PRUNED
1336,-9999.0,2026-05-12 15:14:53.555257,2026-05-12 15:14:53.814999,0 days 00:00:00.259742,0.35,0.7,2,0.05,0.02,0.6,0.08,6,0.7,5,0.8,,,,,BEAR_RATIO < NEUTRAL_RATIO < BULL_RATIO 约束违反: 0.35 / 0.7 / 0.7,COMPLETE
1337,-0.5446098279379749,2026-05-12 15:14:53.838215,2026-05-12 15:14:59.430742,0 days 00:00:05.592527,0.25,0.7,4,0.03,0.01,0.45,0.12,5,0.6,5,0.8,,,,,,PRUNED
1338,-0.5179924623587872,2026-05-12 15:14:59.458063,2026-05-12 15:14:59.996504,0 days 00:00:00.538441,0.45,0.7,2,0.05,0.02,0.6,0.08,6,0.5,20,0.8,-0.39108387647623727,-0.030830266507629607,0.2538171717650998,0.36025360996860767,,COMPLETE
1339,-0.46063055514562695,2026-05-12 15:15:00.029050,2026-05-12 15:15:05.768121,0 days 00:00:05.739071,0.45,0.7,2,0.03,0.02,0.6,0.12,6,0.5,5,0.8,,,,,,PRUNED
1340,-0.4213231947291116,2026-05-12 15:15:05.791752,2026-05-12 15:15:06.116780,0 days 00:00:00.325028,0.45,0.7,2,0.05,0.02,0.6,0.08,4,0.5,20,0.8,,,,,,PRUNED
1341,-0.5179924623587872,2026-05-12 15:15:06.142594,2026-05-12 15:15:06.630549,0 days 00:00:00.487955,0.45,0.7,2,0.05,0.02,0.6,0.08,6,0.5,20,0.8,-0.39108387647623727,-0.030830266507629607,0.2538171717650998,0.36025360996860767,,COMPLETE
1342,-0.47441457244516044,2026-05-12 15:15:06.651415,2026-05-12 15:15:06.925365,0 days 00:00:00.273950,0.25,0.7,2,0.05,0.02,0.6,0.08,6,0.5,20,0.8,,,,,,PRUNED
1343,-0.5179924623587872,2026-05-12 15:15:06.945657,2026-05-12 15:15:07.380325,0 days 00:00:00.434668,0.45,0.7,2,0.05,0.02,0.6,0.08,6,0.5,20,0.8,-0.39108387647623727,-0.030830266507629607,0.2538171717650998,0.36025360996860767,,COMPLETE
1344,-0.51025372346191,2026-05-12 15:15:07.402119,2026-05-12 15:15:11.925083,0 days 00:00:04.522964,0.35,0.8,3,0.05,0.01,0.6,0.12,4,0.5,5,0.5,,,,,,PRUNED
1345,-0.585491650506567,2026-05-12 15:15:11.946591,2026-05-12 15:15:15.127338,0 days 00:00:03.180747,0.45,0.7,4,0.05,0.02,0.6,0.16,3,0.5,20,0.8,,,,,,PRUNED
1346,-9999.0,2026-05-12 15:15:15.150972,2026-05-12 15:15:15.436246,0 days 00:00:00.285274,0.25,0.7,4,0.03,0.02,0.6,0.16,6,0.7,20,0.65,,,,,BEAR_RATIO < NEUTRAL_RATIO < BULL_RATIO 约束违反: 0.25 / 0.7 / 0.7,COMPLETE
1347,-0.5000292002558098,2026-05-12 15:15:15.458825,2026-05-12 15:15:19.115451,0 days 00:00:03.656626,0.45,0.8,2,0.03,0.02,0.3,0.12,6,0.7,20,0.65,,,,,,PRUNED
1348,-0.44448919145984456,2026-05-12 15:15:19.137551,2026-05-12 15:15:23.931700,0 days 00:00:04.794149,0.45,0.9,2,0.05,0.02,0.3,0.12,5,0.5,10,0.65,,,,,,PRUNED
1349,-0.4092137988646166,2026-05-12 15:15:23.954741,2026-05-12 15:15:24.288814,0 days 00:00:00.334073,0.45,0.7,2,0.05,0.02,0.6,0.08,6,0.5,10,0.8,,,,,,PRUNED
1350,-0.5182406672588966,2026-05-12 15:15:24.312223,2026-05-12 15:15:24.805304,0 days 00:00:00.493081,0.45,0.7,2,0.05,0.01,0.45,0.08,6,0.5,20,0.8,-0.3910743597599139,-0.030648087966744914,0.25433261499796533,0.360426271793169,,COMPLETE
1351,-0.5179924623587872,2026-05-12 15:15:24.827251,2026-05-12 15:15:25.322718,0 days 00:00:00.495467,0.45,0.7,2,0.05,0.02,0.6,0.08,6,0.5,20,0.8,-0.39108387647623727,-0.030830266507629607,0.2538171717650998,0.36025360996860767,,COMPLETE
1352,-0.5537336775796389,2026-05-12 15:15:25.345376,2026-05-12 15:15:31.249092,0 days 00:00:05.903716,0.45,0.8,4,0.03,0.01,0.6,0.16,4,0.7,5,0.65,,,,,,PRUNED
1353,-0.5693657124887487,2026-05-12 15:15:31.275515,2026-05-12 15:15:35.202341,0 days 00:00:03.926826,0.45,0.9,4,0.03,0.01,0.3,0.16,3,0.5,10,0.8,,,,,,PRUNED
1354,-0.4100386278766106,2026-05-12 15:15:35.229543,2026-05-12 15:15:35.554133,0 days 00:00:00.324590,0.45,0.7,2,0.05,0.02,0.3,0.08,6,0.5,20,0.8,,,,,,PRUNED
1355,-0.49822804637207285,2026-05-12 15:15:35.580908,2026-05-12 15:15:40.875792,0 days 00:00:05.294884,0.45,0.7,4,0.03,0.02,0.45,0.08,4,0.6,5,0.8,,,,,,PRUNED
1356,-9999.0,2026-05-12 15:15:40.902362,2026-05-12 15:15:41.177697,0 days 00:00:00.275335,0.35,0.7,3,0.05,0.01,0.45,0.12,6,0.7,20,0.65,,,,,BEAR_RATIO < NEUTRAL_RATIO < BULL_RATIO 约束违反: 0.35 / 0.7 / 0.7,COMPLETE
1357,-0.5179924623587872,2026-05-12 15:15:41.217958,2026-05-12 15:15:41.720240,0 days 00:00:00.502282,0.45,0.7,2,0.05,0.02,0.6,0.08,6,0.5,20,0.8,-0.39108387647623727,-0.030830266507629607,0.2538171717650998,0.36025360996860767,,COMPLETE
1358,-0.41425741193738236,2026-05-12 15:15:41.743960,2026-05-12 15:15:42.072435,0 days 00:00:00.328475,0.45,0.7,2,0.05,0.02,0.6,0.08,6,0.5,5,0.8,,,,,,PRUNED
1359,-0.44722949902200226,2026-05-12 15:15:42.097226,2026-05-12 15:15:47.151414,0 days 00:00:05.054188,0.45,0.8,4,0.05,0.02,0.6,0.16,6,0.5,20,0.8,,,,,,PRUNED
1360,-0.5011175879480377,2026-05-12 15:15:47.174400,2026-05-12 15:15:51.089478,0 days 00:00:03.915078,0.35,0.9,2,0.05,0.02,0.3,0.16,6,0.6,10,0.5,,,,,,PRUNED
1361,-0.5966298317509102,2026-05-12 15:15:51.128836,2026-05-12 15:15:54.477011,0 days 00:00:03.348175,0.25,0.7,2,0.05,0.02,0.6,0.08,3,0.5,20,0.5,,,,,,PRUNED
1362,-0.4296411080598753,2026-05-12 15:15:54.500810,2026-05-12 15:15:54.841491,0 days 00:00:00.340681,0.45,0.7,2,0.05,0.02,0.6,0.16,6,0.5,20,0.8,,,,,,PRUNED
1363,-0.47441457244516044,2026-05-12 15:15:54.867614,2026-05-12 15:16:00.040441,0 days 00:00:05.172827,0.25,0.7,2,0.05,0.01,0.6,0.08,6,0.5,20,0.65,,,,,,PRUNED
1364,-9999.0,2026-05-12 15:16:00.066477,2026-05-12 15:16:00.346582,0 days 00:00:00.280105,0.45,0.7,3,0.05,0.02,0.6,0.08,5,0.7,20,0.8,,,,,BEAR_RATIO < NEUTRAL_RATIO < BULL_RATIO 约束违反: 0.45 / 0.7 / 0.7,COMPLETE
1365,-0.5179924623587872,2026-05-12 15:16:00.369209,2026-05-12 15:16:00.887280,0 days 00:00:00.518071,0.45,0.7,2,0.05,0.02,0.6,0.08,6,0.5,20,0.8,-0.39108387647623727,-0.030830266507629607,0.2538171717650998,0.36025360996860767,,COMPLETE
1366,-0.44316969461076755,2026-05-12 15:16:00.913696,2026-05-12 15:16:05.327185,0 days 00:00:04.413489,0.45,0.7,2,0.05,0.02,0.6,0.08,4,0.6,10,0.8,,,,,,PRUNED
1367,-0.4764889183318943,2026-05-12 15:16:05.351965,2026-05-12 15:16:10.054228,0 days 00:00:04.702263,0.45,0.8,2,0.05,0.02,0.45,0.16,4,0.7,10,0.8,,,,,,PRUNED
1368,-0.5179924623587872,2026-05-12 15:16:10.079228,2026-05-12 15:16:10.607730,0 days 00:00:00.528502,0.45,0.7,2,0.05,0.02,0.6,0.08,6,0.5,20,0.8,-0.39108387647623727,-0.030830266507629607,0.2538171717650998,0.36025360996860767,,COMPLETE
1369,-0.5207300472322305,2026-05-12 15:16:10.635834,2026-05-12 15:16:15.214183,0 days 00:00:04.578349,0.25,0.7,2,0.03,0.02,0.45,0.12,5,0.5,20,0.5,,,,,,PRUNED
1370,-0.5730680175705313,2026-05-12 15:16:15.236924,2026-05-12 15:16:20.659587,0 days 00:00:05.422663,0.25,0.8,3,0.03,0.01,0.6,0.16,5,0.6,5,0.65,,,,,,PRUNED
1371,-0.43644494572696835,2026-05-12 15:16:20.681064,2026-05-12 15:16:25.055560,0 days 00:00:04.374496,0.45,0.7,2,0.05,0.02,0.6,0.16,6,0.5,5,0.5,,,,,,PRUNED
1372,-0.43906711850777125,2026-05-12 15:16:25.076950,2026-05-12 15:16:29.894005,0 days 00:00:04.817055,0.45,0.7,4,0.05,0.02,0.3,0.08,4,0.6,20,0.5,,,,,,PRUNED
1373,-0.45012691919031145,2026-05-12 15:16:29.919209,2026-05-12 15:16:34.927496,0 days 00:00:05.008287,0.45,0.8,3,0.05,0.02,0.6,0.12,6,0.6,20,0.65,,,,,,PRUNED
1374,-0.45480977036216785,2026-05-12 15:16:34.952321,2026-05-12 15:16:39.890893,0 days 00:00:04.938572,0.45,0.8,3,0.05,0.01,0.3,0.12,6,0.6,20,0.65,,,,,,PRUNED
1375,-0.4781966147023707,2026-05-12 15:16:39.917906,2026-05-12 15:16:44.338472,0 days 00:00:04.420566,0.45,0.9,2,0.03,0.01,0.3,0.08,4,0.6,10,0.8,,,,,,PRUNED
1376,-0.48437062809475095,2026-05-12 15:16:44.363565,2026-05-12 15:16:50.177265,0 days 00:00:05.813700,0.35,0.8,3,0.03,0.01,0.6,0.08,6,0.5,5,0.8,,,,,,PRUNED
1377,-0.4974073281927062,2026-05-12 15:16:50.200624,2026-05-12 15:16:54.100194,0 days 00:00:03.899570,0.25,0.7,2,0.03,0.01,0.6,0.08,6,0.5,20,0.8,,,,,,PRUNED
1378,-0.42056632138184724,2026-05-12 15:16:54.127587,2026-05-12 15:16:54.465639,0 days 00:00:00.338052,0.45,0.8,2,0.05,0.02,0.6,0.08,6,0.5,20,0.8,,,,,,PRUNED
1379,-0.5199670044879958,2026-05-12 15:16:54.493517,2026-05-12 15:17:00.144915,0 days 00:00:05.651398,0.45,0.9,4,0.03,0.01,0.6,0.12,5,0.7,5,0.5,,,,,,PRUNED
1380,-0.48239674292550205,2026-05-12 15:17:00.171965,2026-05-12 15:17:05.935251,0 days 00:00:05.763286,0.45,0.9,2,0.03,0.01,0.45,0.08,5,0.6,5,0.8,,,,,,PRUNED
1381,-0.42314434753360175,2026-05-12 15:17:05.961072,2026-05-12 15:17:10.763613,0 days 00:00:04.802541,0.45,0.7,2,0.05,0.01,0.45,0.08,6,0.6,20,0.8,,,,,,PRUNED
1382,-0.6223003030289236,2026-05-12 15:17:10.789040,2026-05-12 15:17:14.256090,0 days 00:00:03.467050,0.25,0.7,4,0.03,0.02,0.3,0.12,3,0.5,20,0.5,,,,,,PRUNED
1383,-0.4736226431302946,2026-05-12 15:17:14.281515,2026-05-12 15:17:20.289289,0 days 00:00:06.007774,0.25,0.7,2,0.05,0.02,0.45,0.08,6,0.5,10,0.8,,,,,,PRUNED
1384,-0.43223096142417294,2026-05-12 15:17:20.313464,2026-05-12 15:17:20.617990,0 days 00:00:00.304526,0.45,0.9,2,0.05,0.02,0.6,0.08,6,0.5,20,0.8,,,,,,PRUNED
1385,-0.4243264077279599,2026-05-12 15:17:20.643730,2026-05-12 15:17:24.189533,0 days 00:00:03.545803,0.45,0.8,2,0.05,0.02,0.6,0.08,5,0.5,10,0.8,,,,,,PRUNED
1386,-0.445342488801048,2026-05-12 15:17:24.212769,2026-05-12 15:17:29.261596,0 days 00:00:05.048827,0.45,0.8,2,0.03,0.02,0.6,0.08,6,0.5,10,0.8,,,,,,PRUNED
1387,-0.4645854314281648,2026-05-12 15:17:29.284820,2026-05-12 15:17:35.199132,0 days 00:00:05.914312,0.35,0.7,2,0.05,0.02,0.6,0.08,6,0.6,5,0.8,,,,,,PRUNED
1388,-9999.0,2026-05-12 15:17:35.223118,2026-05-12 15:17:35.498095,0 days 00:00:00.274977,0.45,0.7,3,0.05,0.02,0.3,0.16,3,0.7,10,0.5,,,,,BEAR_RATIO < NEUTRAL_RATIO < BULL_RATIO 约束违反: 0.45 / 0.7 / 0.7,COMPLETE
1389,-0.43333909441165963,2026-05-12 15:17:35.522360,2026-05-12 15:17:35.861032,0 days 00:00:00.338672,0.35,0.7,2,0.05,0.02,0.6,0.08,6,0.5,20,0.8,,,,,,PRUNED
1390,-0.5815280652191166,2026-05-12 15:17:35.909510,2026-05-12 15:17:39.846500,0 days 00:00:03.936990,0.35,0.9,4,0.03,0.02,0.6,0.08,3,0.7,10,0.8,,,,,,PRUNED
1391,-9999.0,2026-05-12 15:17:39.873598,2026-05-12 15:17:40.171691,0 days 00:00:00.298093,0.45,0.7,2,0.03,0.02,0.6,0.16,6,0.7,20,0.65,,,,,BEAR_RATIO < NEUTRAL_RATIO < BULL_RATIO 约束违反: 0.45 / 0.7 / 0.7,COMPLETE
1392,-0.4637848815900252,2026-05-12 15:17:40.196399,2026-05-12 15:17:45.514332,0 days 00:00:05.317933,0.35,0.7,4,0.05,0.02,0.6,0.16,6,0.5,20,0.8,,,,,,PRUNED
1393,-0.48918573885307143,2026-05-12 15:17:45.539980,2026-05-12 15:17:50.405881,0 days 00:00:04.865901,0.35,0.8,3,0.05,0.02,0.3,0.12,5,0.7,10,0.5,,,,,,PRUNED
1394,-9999.0,2026-05-12 15:17:50.430259,2026-05-12 15:17:50.745882,0 days 00:00:00.315623,0.35,0.7,3,0.05,0.01,0.3,0.16,3,0.7,20,0.65,,,,,BEAR_RATIO < NEUTRAL_RATIO < BULL_RATIO 约束违反: 0.35 / 0.7 / 0.7,COMPLETE
1395,-0.4209344709161167,2026-05-12 15:17:50.767918,2026-05-12 15:17:54.231933,0 days 00:00:03.464015,0.45,0.8,3,0.05,0.02,0.45,0.08,6,0.5,20,0.8,,,,,,PRUNED
1396,-0.5687043987231378,2026-05-12 15:17:54.255304,2026-05-12 15:17:59.431887,0 days 00:00:05.176583,0.25,0.9,4,0.05,0.01,0.6,0.12,4,0.6,5,0.65,,,,,,PRUNED
1397,-0.5179924623587872,2026-05-12 15:17:59.458234,2026-05-12 15:17:59.962255,0 days 00:00:00.504021,0.45,0.7,2,0.05,0.02,0.6,0.08,6,0.5,20,0.8,-0.39108387647623727,-0.030830266507629607,0.2538171717650998,0.36025360996860767,,COMPLETE
1398,-0.5019878942217864,2026-05-12 15:17:59.986604,2026-05-12 15:18:04.974412,0 days 00:00:04.987808,0.45,0.8,3,0.05,0.02,0.6,0.12,4,0.6,5,0.8,,,,,,PRUNED
1399,-0.42293370088728216,2026-05-12 15:18:04.999521,2026-05-12 15:18:09.915518,0 days 00:00:04.915997,0.45,0.8,4,0.05,0.01,0.6,0.08,6,0.5,20,0.8,,,,,,PRUNED
1400,-9999.0,2026-05-12 15:18:09.939385,2026-05-12 15:18:10.250871,0 days 00:00:00.311486,0.45,0.7,2,0.05,0.02,0.6,0.08,6,0.7,5,0.65,,,,,BEAR_RATIO < NEUTRAL_RATIO < BULL_RATIO 约束违反: 0.45 / 0.7 / 0.7,COMPLETE
1401,-0.43477835000817266,2026-05-12 15:18:10.274127,2026-05-12 15:18:16.017947,0 days 00:00:05.743820,0.45,0.7,4,0.05,0.02,0.6,0.16,6,0.5,20,0.5,,,,,,PRUNED
1402,-0.48380337723636674,2026-05-12 15:18:16.043228,2026-05-12 15:18:20.384277,0 days 00:00:04.341049,0.25,0.7,4,0.05,0.01,0.6,0.12,4,0.6,10,0.5,,,,,,PRUNED
1403,-0.47441457244516044,2026-05-12 15:18:20.426091,2026-05-12 15:18:20.819709,0 days 00:00:00.393618,0.25,0.7,2,0.05,0.01,0.6,0.08,6,0.5,20,0.8,,,,,,PRUNED
1404,-0.49385874671956154,2026-05-12 15:18:20.847084,2026-05-12 15:18:25.431610,0 days 00:00:04.584526,0.25,0.7,2,0.05,0.02,0.6,0.08,6,0.5,5,0.5,,,,,,PRUNED
1405,-0.5691767991548007,2026-05-12 15:18:25.456346,2026-05-12 15:18:31.349239,0 days 00:00:05.892893,0.25,0.8,4,0.03,0.01,0.45,0.12,6,0.6,5,0.8,,,,,,PRUNED
1406,-0.42224768267245916,2026-05-12 15:18:31.375799,2026-05-12 15:18:36.283291,0 days 00:00:04.907492,0.45,0.8,2,0.05,0.02,0.3,0.08,6,0.5,20,0.65,,,,,,PRUNED
1407,-0.49270940758466114,2026-05-12 15:18:36.306526,2026-05-12 15:18:40.545133,0 days 00:00:04.238607,0.45,0.8,3,0.03,0.01,0.45,0.12,4,0.7,20,0.8,,,,,,PRUNED
1408,-0.48141978280323733,2026-05-12 15:18:40.573242,2026-05-12 15:18:45.688453,0 days 00:00:05.115211,0.25,0.7,4,0.05,0.02,0.3,0.08,6,0.5,10,0.5,,,,,,PRUNED
1409,-0.4460413013310782,2026-05-12 15:18:45.715779,2026-05-12 15:18:50.655994,0 days 00:00:04.940215,0.35,0.8,2,0.05,0.02,0.6,0.08,6,0.5,20,0.65,,,,,,PRUNED
1410,-0.46701542822794023,2026-05-12 15:18:50.680258,2026-05-12 15:18:55.475070,0 days 00:00:04.794812,0.45,0.8,2,0.05,0.02,0.3,0.12,6,0.7,20,0.8,,,,,,PRUNED
1411,-9999.0,2026-05-12 15:18:55.499750,2026-05-12 15:18:55.750134,0 days 00:00:00.250384,0.45,0.7,2,0.05,0.02,0.6,0.08,6,0.7,20,0.8,,,,,BEAR_RATIO < NEUTRAL_RATIO < BULL_RATIO 约束违反: 0.45 / 0.7 / 0.7,COMPLETE
1412,-0.43058933128336285,2026-05-12 15:18:55.777172,2026-05-12 15:19:00.117344,0 days 00:00:04.340172,0.45,0.7,4,0.05,0.02,0.6,0.12,6,0.5,5,0.8,,,,,,PRUNED
1413,-0.5473570644026442,2026-05-12 15:19:00.141818,2026-05-12 15:19:04.625755,0 days 00:00:04.483937,0.25,0.9,4,0.05,0.02,0.45,0.08,3,0.7,5,0.65,,,,,,PRUNED
1414,-0.553370716412939,2026-05-12 15:19:04.651697,2026-05-12 15:19:10.408480,0 days 00:00:05.756783,0.25,0.8,3,0.05,0.02,0.6,0.08,4,0.7,5,0.5,,,,,,PRUNED
1415,-0.5650972734799247,2026-05-12 15:19:10.431988,2026-05-12 15:19:15.163275,0 days 00:00:04.731287,0.25,0.8,3,0.03,0.01,0.6,0.16,5,0.7,20,0.8,,,,,,PRUNED
1416,-0.424928445500655,2026-05-12 15:19:15.187120,2026-05-12 15:19:20.163040,0 days 00:00:04.975920,0.45,0.8,3,0.05,0.01,0.45,0.08,5,0.5,10,0.65,,,,,,PRUNED
1417,-0.4248849607391425,2026-05-12 15:19:20.187779,2026-05-12 15:19:24.756850,0 days 00:00:04.569071,0.45,0.7,2,0.05,0.01,0.3,0.08,5,0.5,20,0.8,,,,,,PRUNED
1418,-9999.0,2026-05-12 15:19:24.781965,2026-05-12 15:19:25.054951,0 days 00:00:00.272986,0.35,0.7,3,0.05,0.02,0.3,0.16,4,0.7,20,0.5,,,,,BEAR_RATIO < NEUTRAL_RATIO < BULL_RATIO 约束违反: 0.35 / 0.7 / 0.7,COMPLETE
1419,-0.5344495815832033,2026-05-12 15:19:25.077653,2026-05-12 15:19:31.018300,0 days 00:00:05.940647,0.35,0.7,2,0.03,0.01,0.45,0.16,6,0.6,5,0.65,,,,,,PRUNED
1420,-0.6263899134977264,2026-05-12 15:19:31.040037,2026-05-12 15:19:34.548826,0 days 00:00:03.508789,0.45,0.8,4,0.05,0.01,0.3,0.12,3,0.7,20,0.5,,,,,,PRUNED
1421,-0.410125315542252,2026-05-12 15:19:34.571678,2026-05-12 15:19:34.913340,0 days 00:00:00.341662,0.45,0.7,4,0.05,0.01,0.6,0.08,6,0.5,20,0.8,,,,,,PRUNED
1422,-0.4323179771293153,2026-05-12 15:19:34.937780,2026-05-12 15:19:40.832945,0 days 00:00:05.895165,0.45,0.8,3,0.05,0.02,0.3,0.08,6,0.5,5,0.5,,,,,,PRUNED
1423,-0.4548257413697588,2026-05-12 15:19:40.878902,2026-05-12 15:19:43.177140,0 days 00:00:02.298238,0.45,0.7,2,0.03,0.01,0.3,0.08,4,0.6,20,0.65,,,,,,PRUNED
1424,-0.5179924623587872,2026-05-12 15:19:43.202330,2026-05-12 15:19:43.703849,0 days 00:00:00.501519,0.45,0.7,2,0.05,0.01,0.6,0.08,6,0.5,20,0.65,-0.39108387647623727,-0.030830266507629607,0.2538171717650998,0.36025360996860767,,COMPLETE
1425,-0.4324364259573655,2026-05-12 15:19:43.727629,2026-05-12 15:19:48.591390,0 days 00:00:04.863761,0.45,0.7,2,0.03,0.01,0.3,0.08,6,0.5,20,0.8,,,,,,PRUNED
1426,-9999.0,2026-05-12 15:19:48.614469,2026-05-12 15:19:48.896165,0 days 00:00:00.281696,0.45,0.7,3,0.05,0.02,0.6,0.12,6,0.7,5,0.8,,,,,BEAR_RATIO < NEUTRAL_RATIO < BULL_RATIO 约束违反: 0.45 / 0.7 / 0.7,COMPLETE
1427,-0.4257392076995694,2026-05-12 15:19:48.919646,2026-05-12 15:19:53.107206,0 days 00:00:04.187560,0.45,0.7,4,0.05,0.02,0.6,0.08,4,0.5,20,0.5,,,,,,PRUNED
1428,-0.47281198732586455,2026-05-12 15:19:53.135794,2026-05-12 15:19:58.706098,0 days 00:00:05.570304,0.45,0.7,2,0.03,0.02,0.6,0.16,5,0.5,5,0.8,,,,,,PRUNED
1429,-9999.0,2026-05-12 15:19:58.733447,2026-05-12 15:19:59.025454,0 days 00:00:00.292007,0.45,0.7,2,0.05,0.02,0.3,0.08,6,0.7,5,0.8,,,,,BEAR_RATIO < NEUTRAL_RATIO < BULL_RATIO 约束违反: 0.45 / 0.7 / 0.7,COMPLETE
1430,-0.5004567468284757,2026-05-12 15:19:59.051001,2026-05-12 15:20:03.959211,0 days 00:00:04.908210,0.25,0.7,3,0.03,0.02,0.3,0.12,4,0.6,20,0.8,,,,,,PRUNED
1431,-0.5969786386115309,2026-05-12 15:20:03.982985,2026-05-12 15:20:07.413590,0 days 00:00:03.430605,0.45,0.7,2,0.05,0.01,0.3,0.12,3,0.6,20,0.65,,,,,,PRUNED
1432,-0.5179924623587872,2026-05-12 15:20:07.442009,2026-05-12 15:20:08.000701,0 days 00:00:00.558692,0.45,0.7,2,0.05,0.01,0.6,0.08,6,0.5,20,0.8,-0.39108387647623727,-0.030830266507629607,0.2538171717650998,0.36025360996860767,,COMPLETE
1433,-0.521658162831706,2026-05-12 15:20:08.028350,2026-05-12 15:20:12.915891,0 days 00:00:04.887541,0.25,0.7,2,0.05,0.02,0.6,0.08,4,0.5,5,0.8,,,,,,PRUNED
1434,-0.4338764564691239,2026-05-12 15:20:12.940970,2026-05-12 15:20:16.485443,0 days 00:00:03.544473,0.45,0.9,2,0.05,0.01,0.3,0.08,6,0.5,20,0.8,,,,,,PRUNED
1435,-0.5022663331045212,2026-05-12 15:20:16.506708,2026-05-12 15:20:21.096170,0 days 00:00:04.589462,0.45,0.7,2,0.03,0.01,0.3,0.16,5,0.6,20,0.5,,,,,,PRUNED
1436,-0.46789779090066014,2026-05-12 15:20:21.122515,2026-05-12 15:20:26.960015,0 days 00:00:05.837500,0.35,0.7,2,0.03,0.01,0.3,0.08,5,0.5,5,0.8,,,,,,PRUNED
1437,-0.5205980070540666,2026-05-12 15:20:26.986493,2026-05-12 15:20:32.239294,0 days 00:00:05.252801,0.25,0.9,2,0.05,0.02,0.6,0.12,6,0.6,10,0.5,,,,,,PRUNED
1438,-0.4227083328226171,2026-05-12 15:20:32.262102,2026-05-12 15:20:37.392994,0 days 00:00:05.130892,0.45,0.8,2,0.05,0.01,0.6,0.08,6,0.5,10,0.8,,,,,,PRUNED
1439,-0.43573028946402204,2026-05-12 15:20:37.416586,2026-05-12 15:20:42.403498,0 days 00:00:04.986912,0.45,0.7,2,0.05,0.02,0.6,0.12,6,0.6,20,0.5,,,,,,PRUNED
1440,-0.4756789052197093,2026-05-12 15:20:42.445663,2026-05-12 15:20:46.636822,0 days 00:00:04.191159,0.25,0.7,2,0.05,0.02,0.45,0.16,4,0.5,10,0.8,,,,,,PRUNED
1441,-9999.0,2026-05-12 15:20:46.680816,2026-05-12 15:20:47.103004,0 days 00:00:00.422188,0.25,0.7,4,0.05,0.01,0.6,0.16,5,0.7,20,0.65,,,,,BEAR_RATIO < NEUTRAL_RATIO < BULL_RATIO 约束违反: 0.25 / 0.7 / 0.7,COMPLETE
1442,-0.5179924623587872,2026-05-12 15:20:47.129360,2026-05-12 15:20:47.643171,0 days 00:00:00.513811,0.45,0.7,2,0.05,0.02,0.6,0.08,6,0.5,20,0.8,-0.39108387647623727,-0.030830266507629607,0.2538171717650998,0.36025360996860767,,COMPLETE
1443,-0.4213231947291116,2026-05-12 15:20:47.668204,2026-05-12 15:20:47.979054,0 days 00:00:00.310850,0.45,0.7,2,0.05,0.01,0.6,0.08,4,0.5,20,0.8,,,,,,PRUNED
1444,-0.5405246211986542,2026-05-12 15:20:48.006218,2026-05-12 15:20:51.688391,0 days 00:00:03.682173,0.35,0.7,4,0.03,0.02,0.6,0.08,3,0.5,10,0.5,,,,,,PRUNED
1445,-0.5179924623587872,2026-05-12 15:20:51.708407,2026-05-12 15:20:52.212365,0 days 00:00:00.503958,0.45,0.7,2,0.05,0.02,0.6,0.08,6,0.5,20,0.8,-0.39108387647623727,-0.030830266507629607,0.2538171717650998,0.36025360996860767,,COMPLETE
1446,-0.5715107846558711,2026-05-12 15:20:52.235956,2026-05-12 15:20:52.599519,0 days 00:00:00.363563,0.45,0.7,2,0.05,0.02,0.6,0.08,3,0.5,20,0.8,,,,,,PRUNED
1447,-0.4318124553734489,2026-05-12 15:20:52.624883,2026-05-12 15:20:52.946461,0 days 00:00:00.321578,0.45,0.7,2,0.03,0.02,0.6,0.08,6,0.5,20,0.8,,,,,,PRUNED
1448,-0.5179924623587872,2026-05-12 15:20:52.970499,2026-05-12 15:20:53.461837,0 days 00:00:00.491338,0.45,0.7,2,0.05,0.02,0.6,0.08,6,0.5,20,0.8,-0.39108387647623727,-0.030830266507629607,0.2538171717650998,0.36025360996860767,,COMPLETE
1449,-0.6182149196187782,2026-05-12 15:20:53.485377,2026-05-12 15:20:56.894619,0 days 00:00:03.409242,0.35,0.9,2,0.05,0.02,0.45,0.12,3,0.6,20,0.65,,,,,,PRUNED
1450,-0.47483659551511354,2026-05-12 15:20:56.918360,2026-05-12 15:21:00.045942,0 days 00:00:03.127582,0.25,0.9,2,0.05,0.02,0.6,0.08,4,0.5,20,0.8,,,,,,PRUNED
1451,-0.4829496021528497,2026-05-12 15:21:00.069186,2026-05-12 15:21:05.315845,0 days 00:00:05.246659,0.35,0.7,4,0.03,0.01,0.6,0.12,6,0.5,10,0.5,,,,,,PRUNED
1452,-0.5179924623587872,2026-05-12 15:21:05.342509,2026-05-12 15:21:05.844293,0 days 00:00:00.501784,0.45,0.7,2,0.05,0.02,0.6,0.08,6,0.5,20,0.8,-0.39108387647623727,-0.030830266507629607,0.2538171717650998,0.36025360996860767,,COMPLETE
1453,-0.5855496147753049,2026-05-12 15:21:05.871514,2026-05-12 15:21:09.230171,0 days 00:00:03.358657,0.45,0.9,2,0.05,0.01,0.6,0.08,3,0.5,20,0.8,,,,,,PRUNED
