number,value,datetime_start,datetime_complete,duration,params_BEAR_RATIO,params_BULL_RATIO,params_GRID_MAX_LAYER,params_GRID_STEP_MAX,params_GRID_STEP_MIN,params_GRID_STEP_VOL_FACTOR,params_LAYER_FRACTION,params_MAX_HOLD,params_NEUTRAL_RATIO,params_REBALANCE_FREQ,params_VOL_WEIGHT,user_attrs_avg_test_score,user_attrs_avg_train_score,user_attrs_test_score_std,user_attrs_train_test_gap,user_attrs_validation_error,state
3813,-0.421366069161807,2026-05-12 17:22:29.790872,2026-05-12 17:22:34.898631,0 days 00:00:05.107759,0.45,0.7,3,0.05,0.01,0.6,0.12,6,0.5,20,0.8,,,,,,PRUNED
3814,-0.4322626817353953,2026-05-12 17:22:34.929502,2026-05-12 17:22:41.822473,0 days 00:00:06.892971,0.45,0.7,2,0.05,0.02,0.6,0.08,6,0.6,5,0.65,,,,,,PRUNED
3815,-0.4242910183560481,2026-05-12 17:22:41.847346,2026-05-12 17:22:42.231307,0 days 00:00:00.383961,0.45,0.7,2,0.05,0.02,0.6,0.08,5,0.5,20,0.8,,,,,,PRUNED
3816,-0.4319439890559278,2026-05-12 17:22:42.256021,2026-05-12 17:22:47.286159,0 days 00:00:05.030138,0.45,0.8,2,0.05,0.02,0.6,0.12,6,0.5,20,0.65,,,,,,PRUNED
3817,-0.508657061146144,2026-05-12 17:22:47.311726,2026-05-12 17:22:51.877516,0 days 00:00:04.565790,0.25,0.9,4,0.05,0.02,0.6,0.08,5,0.5,20,0.65,,,,,,PRUNED
3818,-0.47671073491192023,2026-05-12 17:22:51.901542,2026-05-12 17:22:54.382327,0 days 00:00:02.480785,0.45,0.7,2,0.03,0.02,0.45,0.16,4,0.5,20,0.8,,,,,,PRUNED
3819,-0.5179924623587872,2026-05-12 17:22:54.406945,2026-05-12 17:22:54.947694,0 days 00:00:00.540749,0.45,0.7,2,0.05,0.02,0.6,0.08,6,0.5,20,0.8,-0.39108387647623727,-0.030830266507629607,0.2538171717650998,0.36025360996860767,,COMPLETE
3820,-0.5273577160173458,2026-05-12 17:22:54.974659,2026-05-12 17:23:01.110111,0 days 00:00:06.135452,0.35,0.9,4,0.03,0.02,0.3,0.08,5,0.7,5,0.65,,,,,,PRUNED
3821,-0.49321656941144293,2026-05-12 17:23:01.135637,2026-05-12 17:23:06.848430,0 days 00:00:05.712793,0.35,0.7,4,0.05,0.02,0.3,0.16,5,0.6,5,0.65,,,,,,PRUNED
3822,-0.5313657957910599,2026-05-12 17:23:06.876525,2026-05-12 17:23:11.406935,0 days 00:00:04.530410,0.35,0.8,4,0.03,0.01,0.3,0.12,3,0.7,5,0.8,,,,,,PRUNED
3823,-0.504356510657987,2026-05-12 17:23:11.432725,2026-05-12 17:23:16.503876,0 days 00:00:05.071151,0.25,0.8,4,0.03,0.02,0.45,0.08,5,0.5,10,0.8,,,,,,PRUNED
3824,-0.5179924623587872,2026-05-12 17:23:16.530941,2026-05-12 17:23:17.097662,0 days 00:00:00.566721,0.45,0.7,2,0.05,0.02,0.6,0.08,6,0.5,20,0.65,-0.39108387647623727,-0.030830266507629607,0.2538171717650998,0.36025360996860767,,COMPLETE
3825,-0.5179924623587872,2026-05-12 17:23:17.127762,2026-05-12 17:23:17.682957,0 days 00:00:00.555195,0.45,0.7,2,0.05,0.01,0.6,0.08,6,0.5,20,0.5,-0.39108387647623727,-0.030830266507629607,0.2538171717650998,0.36025360996860767,,COMPLETE
3826,-0.47103458351905503,2026-05-12 17:23:17.712878,2026-05-12 17:23:22.697037,0 days 00:00:04.984159,0.35,0.9,2,0.05,0.02,0.6,0.12,6,0.5,20,0.8,,,,,,PRUNED
3827,-0.410125315542252,2026-05-12 17:23:22.722563,2026-05-12 17:23:21.697557,-1 days +23:59:58.974994,0.45,0.7,4,0.05,0.02,0.6,0.08,6,0.5,20,0.8,,,,,,PRUNED
3828,-0.5210271825699901,2026-05-12 17:23:21.726957,2026-05-12 17:23:25.509202,0 days 00:00:03.782245,0.45,0.7,2,0.05,0.02,0.6,0.16,3,0.5,10,0.8,,,,,,PRUNED
3829,-0.5179924623587872,2026-05-12 17:23:25.545820,2026-05-12 17:23:26.095153,0 days 00:00:00.549333,0.45,0.7,2,0.05,0.02,0.6,0.08,6,0.5,20,0.8,-0.39108387647623727,-0.030830266507629607,0.2538171717650998,0.36025360996860767,,COMPLETE
3830,-0.4779619313594301,2026-05-12 17:23:26.120836,2026-05-12 17:23:30.257746,0 days 00:00:04.136910,0.45,0.9,2,0.05,0.02,0.6,0.16,4,0.7,20,0.8,,,,,,PRUNED
3831,-0.6106686618703441,2026-05-12 17:23:30.283299,2026-05-12 17:23:34.677664,0 days 00:00:04.394365,0.25,0.9,2,0.05,0.02,0.6,0.08,3,0.5,20,0.8,,,,,,PRUNED
3832,-0.4941779862521701,2026-05-12 17:23:34.704824,2026-05-12 17:23:39.281450,0 days 00:00:04.576626,0.35,0.9,4,0.03,0.01,0.45,0.12,4,0.5,10,0.5,,,,,,PRUNED
3833,-0.432908447556247,2026-05-12 17:23:39.307862,2026-05-12 17:23:45.063689,0 days 00:00:05.755827,0.45,0.7,2,0.05,0.02,0.45,0.16,5,0.5,5,0.8,,,,,,PRUNED
3834,-0.4092137988646166,2026-05-12 17:23:45.088324,2026-05-12 17:23:45.470318,0 days 00:00:00.381994,0.45,0.7,2,0.05,0.01,0.6,0.08,6,0.5,10,0.8,,,,,,PRUNED
3835,-0.5179924623587872,2026-05-12 17:23:45.500091,2026-05-12 17:23:46.052394,0 days 00:00:00.552303,0.45,0.7,2,0.05,0.02,0.6,0.08,6,0.5,20,0.5,-0.39108387647623727,-0.030830266507629607,0.2538171717650998,0.36025360996860767,,COMPLETE
3836,-0.5456714041485144,2026-05-12 17:23:46.081521,2026-05-12 17:23:51.233361,0 days 00:00:05.151840,0.35,0.8,4,0.05,0.02,0.6,0.16,4,0.7,5,0.8,,,,,,PRUNED
3837,-0.47441457244516044,2026-05-12 17:23:51.259353,2026-05-12 17:23:51.633888,0 days 00:00:00.374535,0.25,0.7,2,0.05,0.01,0.6,0.08,6,0.5,20,0.8,,,,,,PRUNED
3838,-0.4830989126026432,2026-05-12 17:23:51.659883,2026-05-12 17:23:55.073063,0 days 00:00:03.413180,0.25,0.7,2,0.05,0.02,0.45,0.08,6,0.6,20,0.8,,,,,,PRUNED
3839,-0.45427575054385755,2026-05-12 17:23:55.099524,2026-05-12 17:23:59.268715,0 days 00:00:04.169191,0.35,0.7,2,0.03,0.02,0.6,0.08,4,0.5,20,0.8,,,,,,PRUNED
3840,-0.44390442002332425,2026-05-12 17:23:59.296276,2026-05-12 17:24:04.458115,0 days 00:00:05.161839,0.45,0.8,2,0.03,0.01,0.45,0.08,6,0.5,20,0.8,,,,,,PRUNED
3841,-0.48213169115075294,2026-05-12 17:24:04.487430,2026-05-12 17:24:10.376464,0 days 00:00:05.889034,0.35,0.8,3,0.05,0.01,0.3,0.08,5,0.6,5,0.5,,,,,,PRUNED
3842,-0.5715107846558711,2026-05-12 17:24:10.401213,2026-05-12 17:24:10.767569,0 days 00:00:00.366356,0.45,0.7,2,0.05,0.02,0.6,0.08,3,0.5,20,0.8,,,,,,PRUNED
3843,-0.48749243011326354,2026-05-12 17:24:10.797531,2026-05-12 17:24:15.420554,0 days 00:00:04.623023,0.35,0.9,4,0.05,0.02,0.45,0.08,4,0.7,10,0.65,,,,,,PRUNED
3844,-0.5179924623587872,2026-05-12 17:24:15.445846,2026-05-12 17:24:15.977346,0 days 00:00:00.531500,0.45,0.7,2,0.05,0.02,0.6,0.08,6,0.5,20,0.8,-0.39108387647623727,-0.030830266507629607,0.2538171717650998,0.36025360996860767,,COMPLETE
3845,-0.5179924623587872,2026-05-12 17:24:16.101707,2026-05-12 17:24:17.021886,0 days 00:00:00.920179,0.45,0.7,2,0.05,0.02,0.6,0.08,6,0.5,20,0.8,-0.39108387647623727,-0.030830266507629607,0.2538171717650998,0.36025360996860767,,COMPLETE
3846,-0.4852976303313274,2026-05-12 17:24:17.045801,2026-05-12 17:24:22.167773,0 days 00:00:05.121972,0.45,0.9,2,0.05,0.02,0.6,0.16,6,0.7,20,0.65,,,,,,PRUNED
3847,-0.5179924623587872,2026-05-12 17:24:22.193936,2026-05-12 17:24:22.772038,0 days 00:00:00.578102,0.45,0.7,2,0.05,0.02,0.6,0.08,6,0.5,20,0.8,-0.39108387647623727,-0.030830266507629607,0.2538171717650998,0.36025360996860767,,COMPLETE
3848,-0.4839429213020635,2026-05-12 17:24:22.798876,2026-05-12 17:24:26.151941,0 days 00:00:03.353065,0.45,0.9,2,0.03,0.02,0.6,0.08,6,0.7,20,0.8,,,,,,PRUNED
3849,-0.5526721182285602,2026-05-12 17:24:26.179078,2026-05-12 17:24:32.147735,0 days 00:00:05.968657,0.25,0.9,2,0.03,0.02,0.6,0.12,6,0.6,20,0.65,,,,,,PRUNED
3850,-0.4092788272711371,2026-05-12 17:24:32.173983,2026-05-12 17:24:32.534826,0 days 00:00:00.360843,0.45,0.7,3,0.05,0.02,0.6,0.08,6,0.5,20,0.8,,,,,,PRUNED
3851,-0.5179924623587872,2026-05-12 17:24:32.560335,2026-05-12 17:24:33.138030,0 days 00:00:00.577695,0.45,0.7,2,0.05,0.02,0.6,0.08,6,0.5,20,0.8,-0.39108387647623727,-0.030830266507629607,0.2538171717650998,0.36025360996860767,,COMPLETE
3852,-0.5179924623587872,2026-05-12 17:24:33.164077,2026-05-12 17:24:33.769092,0 days 00:00:00.605015,0.45,0.7,2,0.05,0.02,0.6,0.08,6,0.5,20,0.8,-0.39108387647623727,-0.030830266507629607,0.2538171717650998,0.36025360996860767,,COMPLETE
3853,-0.457399502187715,2026-05-12 17:24:33.800340,2026-05-12 17:24:38.123758,0 days 00:00:04.323418,0.45,0.9,3,0.05,0.02,0.6,0.16,4,0.5,20,0.5,,,,,,PRUNED
3854,-0.5179924623587872,2026-05-12 17:24:38.152280,2026-05-12 17:24:38.742983,0 days 00:00:00.590703,0.45,0.7,2,0.05,0.02,0.6,0.08,6,0.5,20,0.8,-0.39108387647623727,-0.030830266507629607,0.2538171717650998,0.36025360996860767,,COMPLETE
3855,-0.42056632138184724,2026-05-12 17:24:38.771764,2026-05-12 17:24:39.162254,0 days 00:00:00.390490,0.45,0.8,2,0.05,0.01,0.6,0.08,6,0.5,20,0.8,,,,,,PRUNED
3856,-0.5179924623587872,2026-05-12 17:24:39.189051,2026-05-12 17:24:39.784131,0 days 00:00:00.595080,0.45,0.7,2,0.05,0.02,0.6,0.08,6,0.5,20,0.8,-0.39108387647623727,-0.030830266507629607,0.2538171717650998,0.36025360996860767,,COMPLETE
3857,-0.5179924623587872,2026-05-12 17:24:39.812262,2026-05-12 17:24:40.414806,0 days 00:00:00.602544,0.45,0.7,2,0.05,0.02,0.6,0.08,6,0.5,20,0.8,-0.39108387647623727,-0.030830266507629607,0.2538171717650998,0.36025360996860767,,COMPLETE
3858,-0.5179924623587872,2026-05-12 17:24:40.441706,2026-05-12 17:24:40.993073,0 days 00:00:00.551367,0.45,0.7,2,0.05,0.01,0.6,0.08,6,0.5,20,0.8,-0.39108387647623727,-0.030830266507629607,0.2538171717650998,0.36025360996860767,,COMPLETE
3859,-0.5221727952311531,2026-05-12 17:24:41.020814,2026-05-12 17:24:45.658029,0 days 00:00:04.637215,0.25,0.9,4,0.03,0.01,0.45,0.12,4,0.6,10,0.65,,,,,,PRUNED
3860,-0.5179924623587872,2026-05-12 17:24:45.683503,2026-05-12 17:24:46.262708,0 days 00:00:00.579205,0.45,0.7,2,0.05,0.02,0.6,0.08,6,0.5,20,0.8,-0.39108387647623727,-0.030830266507629607,0.2538171717650998,0.36025360996860767,,COMPLETE
3861,-0.42756359809491007,2026-05-12 17:24:46.289821,2026-05-12 17:24:51.363836,0 days 00:00:05.074015,0.45,0.7,2,0.05,0.02,0.3,0.08,6,0.6,20,0.5,,,,,,PRUNED
3862,-0.4888041409303383,2026-05-12 17:24:51.389946,2026-05-12 17:24:54.307614,0 days 00:00:02.917668,0.45,0.9,3,0.05,0.01,0.3,0.16,4,0.7,10,0.8,,,,,,PRUNED
3863,-0.4228254687038583,2026-05-12 17:24:54.337497,2026-05-12 17:24:58.622179,0 days 00:00:04.284682,0.45,0.7,2,0.05,0.01,0.3,0.08,4,0.5,20,0.8,,,,,,PRUNED
3864,-0.4591793952505804,2026-05-12 17:24:58.905139,2026-05-12 17:25:04.604625,0 days 00:00:05.699486,0.45,0.9,2,0.05,0.02,0.6,0.12,6,0.6,20,0.8,,,,,,PRUNED
3865,-0.528369794329468,2026-05-12 17:25:04.630627,2026-05-12 17:25:08.540667,0 days 00:00:03.910040,0.45,0.9,2,0.05,0.01,0.45,0.08,3,0.5,10,0.5,,,,,,PRUNED
3866,-0.532419804942469,2026-05-12 17:25:08.568247,2026-05-12 17:25:13.015045,0 days 00:00:04.446798,0.25,0.7,4,0.03,0.01,0.3,0.16,3,0.5,5,0.8,,,,,,PRUNED
3867,-0.42357363260304626,2026-05-12 17:25:13.047910,2026-05-12 17:25:13.406674,0 days 00:00:00.358764,0.45,0.7,2,0.05,0.02,0.6,0.08,6,0.6,20,0.8,,,,,,PRUNED
3868,-0.47846529238467994,2026-05-12 17:25:13.434714,2026-05-12 17:25:18.257208,0 days 00:00:04.822494,0.35,0.8,4,0.05,0.01,0.3,0.08,5,0.6,20,0.8,,,,,,PRUNED
3869,-0.5179924623587872,2026-05-12 17:25:18.284756,2026-05-12 17:25:18.946709,0 days 00:00:00.661953,0.45,0.7,2,0.05,0.02,0.6,0.08,6,0.5,20,0.8,-0.39108387647623727,-0.030830266507629607,0.2538171717650998,0.36025360996860767,,COMPLETE
3870,-0.4628566561848417,2026-05-12 17:25:18.973611,2026-05-12 17:25:23.698869,0 days 00:00:04.725258,0.45,0.9,2,0.05,0.02,0.6,0.08,5,0.6,20,0.8,,,,,,PRUNED
3871,-0.5747551031492674,2026-05-12 17:25:23.727151,2026-05-12 17:25:26.003199,0 days 00:00:02.276048,0.35,0.9,2,0.05,0.02,0.3,0.16,3,0.7,10,0.5,,,,,,PRUNED
3872,-0.46583209801319525,2026-05-12 17:25:26.031660,2026-05-12 17:25:31.965964,0 days 00:00:05.934304,0.45,0.9,2,0.03,0.02,0.3,0.08,6,0.5,5,0.8,,,,,,PRUNED
3873,-0.5819638576325634,2026-05-12 17:25:31.992217,2026-05-12 17:25:36.481426,0 days 00:00:04.489209,0.35,0.7,2,0.05,0.02,0.6,0.08,3,0.5,20,0.5,,,,,,PRUNED
3874,-0.47441457244516044,2026-05-12 17:25:36.507505,2026-05-12 17:25:36.867813,0 days 00:00:00.360308,0.25,0.7,2,0.05,0.02,0.6,0.08,6,0.5,20,0.8,,,,,,PRUNED
3875,-0.4257392076995694,2026-05-12 17:25:36.894766,2026-05-12 17:25:41.077990,0 days 00:00:04.183224,0.45,0.7,4,0.05,0.01,0.6,0.08,4,0.5,20,0.8,,,,,,PRUNED
3876,-0.5179924623587872,2026-05-12 17:25:41.105905,2026-05-12 17:25:41.700285,0 days 00:00:00.594380,0.45,0.7,2,0.05,0.02,0.6,0.08,6,0.5,20,0.8,-0.39108387647623727,-0.030830266507629607,0.2538171717650998,0.36025360996860767,,COMPLETE
3877,-0.4213231947291116,2026-05-12 17:25:41.727316,2026-05-12 17:25:42.113283,0 days 00:00:00.385967,0.45,0.7,2,0.05,0.02,0.6,0.08,4,0.5,20,0.8,,,,,,PRUNED
3878,-0.48472926456041826,2026-05-12 17:25:42.140719,2026-05-12 17:25:46.247185,0 days 00:00:04.106466,0.25,0.9,4,0.05,0.02,0.6,0.08,4,0.6,20,0.65,,,,,,PRUNED
3879,-0.46269860448404415,2026-05-12 17:25:46.274218,2026-05-12 17:25:51.196940,0 days 00:00:04.922722,0.45,0.7,4,0.03,0.02,0.45,0.08,5,0.6,20,0.65,,,,,,PRUNED
3880,-0.4503700858711131,2026-05-12 17:25:51.224314,2026-05-12 17:25:56.467866,0 days 00:00:05.243552,0.35,0.7,3,0.05,0.01,0.6,0.08,6,0.6,10,0.5,,,,,,PRUNED
3881,-0.5443978120137027,2026-05-12 17:25:56.495166,2026-05-12 17:26:00.093689,0 days 00:00:03.598523,0.25,0.8,2,0.05,0.01,0.3,0.08,4,0.6,5,0.65,,,,,,PRUNED
3882,-0.4682720515046796,2026-05-12 17:26:00.119368,2026-05-12 17:26:06.185935,0 days 00:00:06.066567,0.45,0.7,4,0.05,0.02,0.3,0.16,6,0.6,5,0.65,,,,,,PRUNED
3883,-0.5179924623587872,2026-05-12 17:26:06.214280,2026-05-12 17:26:06.817337,0 days 00:00:00.603057,0.45,0.7,2,0.05,0.02,0.6,0.08,6,0.5,20,0.8,-0.39108387647623727,-0.030830266507629607,0.2538171717650998,0.36025360996860767,,COMPLETE
3884,-0.5179924623587872,2026-05-12 17:26:06.848666,2026-05-12 17:26:07.412965,0 days 00:00:00.564299,0.45,0.7,2,0.05,0.02,0.6,0.08,6,0.5,20,0.8,-0.39108387647623727,-0.030830266507629607,0.2538171717650998,0.36025360996860767,,COMPLETE
3885,-0.4092137988646166,2026-05-12 17:26:07.444246,2026-05-12 17:26:07.836502,0 days 00:00:00.392256,0.45,0.7,2,0.05,0.02,0.6,0.08,6,0.5,10,0.8,,,,,,PRUNED
3886,-0.5179924623587872,2026-05-12 17:26:07.861946,2026-05-12 17:26:08.394470,0 days 00:00:00.532524,0.45,0.7,2,0.05,0.02,0.6,0.08,6,0.5,20,0.8,-0.39108387647623727,-0.030830266507629607,0.2538171717650998,0.36025360996860767,,COMPLETE
3887,-0.5179924623587872,2026-05-12 17:26:08.419006,2026-05-12 17:26:08.951492,0 days 00:00:00.532486,0.45,0.7,2,0.05,0.02,0.6,0.08,6,0.5,20,0.8,-0.39108387647623727,-0.030830266507629607,0.2538171717650998,0.36025360996860767,,COMPLETE
3888,-0.4501011440595103,2026-05-12 17:26:08.989750,2026-05-12 17:26:13.194771,0 days 00:00:04.205021,0.35,0.7,2,0.05,0.02,0.6,0.16,4,0.5,20,0.8,,,,,,PRUNED
3889,-0.5179924623587872,2026-05-12 17:26:13.220321,2026-05-12 17:26:13.845526,0 days 00:00:00.625205,0.45,0.7,2,0.05,0.02,0.6,0.08,6,0.5,20,0.8,-0.39108387647623727,-0.030830266507629607,0.2538171717650998,0.36025360996860767,,COMPLETE
3890,-0.5179924623587872,2026-05-12 17:26:13.893084,2026-05-12 17:26:14.473743,0 days 00:00:00.580659,0.45,0.7,2,0.05,0.02,0.6,0.08,6,0.5,20,0.8,-0.39108387647623727,-0.030830266507629607,0.2538171717650998,0.36025360996860767,,COMPLETE
3891,-0.4100386278766106,2026-05-12 17:26:14.502061,2026-05-12 17:26:14.902440,0 days 00:00:00.400379,0.45,0.7,2,0.05,0.02,0.3,0.08,6,0.5,20,0.8,,,,,,PRUNED
3892,-0.45008334853644605,2026-05-12 17:26:14.929232,2026-05-12 17:26:19.953115,0 days 00:00:05.023883,0.35,0.8,2,0.05,0.02,0.3,0.08,6,0.5,20,0.8,,,,,,PRUNED
3893,-9999.0,2026-05-12 17:26:19.981516,2026-05-12 17:26:20.287978,0 days 00:00:00.306462,0.45,0.7,3,0.05,0.02,0.6,0.12,6,0.7,20,0.8,,,,,BEAR_RATIO < NEUTRAL_RATIO < BULL_RATIO 约束违反: 0.45 / 0.7 / 0.7,COMPLETE
3894,-0.5739853679128459,2026-05-12 17:26:20.315547,2026-05-12 17:26:23.857466,0 days 00:00:03.541919,0.45,0.7,4,0.05,0.02,0.6,0.08,3,0.5,20,0.65,,,,,,PRUNED
3895,-0.4771106291535022,2026-05-12 17:26:23.883439,2026-05-12 17:26:28.173087,0 days 00:00:04.289648,0.45,0.7,2,0.03,0.01,0.6,0.12,5,0.6,5,0.8,,,,,,PRUNED
3896,-0.43450855750432177,2026-05-12 17:26:28.201033,2026-05-12 17:26:33.980193,0 days 00:00:05.779160,0.45,0.9,4,0.05,0.01,0.6,0.08,6,0.5,20,0.8,,,,,,PRUNED
3897,-0.5619352632699676,2026-05-12 17:26:34.003508,2026-05-12 17:26:39.885172,0 days 00:00:05.881664,0.25,0.9,2,0.05,0.01,0.45,0.16,5,0.7,5,0.5,,,,,,PRUNED
3898,-0.5674311626133813,2026-05-12 17:26:39.913527,2026-05-12 17:26:43.812349,0 days 00:00:03.898822,0.35,0.8,2,0.05,0.01,0.45,0.16,3,0.7,10,0.65,,,,,,PRUNED
3899,-0.6190666168457515,2026-05-12 17:26:43.844415,2026-05-12 17:26:47.506193,0 days 00:00:03.661778,0.25,0.7,2,0.03,0.02,0.45,0.08,3,0.6,20,0.65,,,,,,PRUNED
3900,-9999.0,2026-05-12 17:26:47.533109,2026-05-12 17:26:47.844378,0 days 00:00:00.311269,0.25,0.7,2,0.03,0.02,0.6,0.12,4,0.7,10,0.65,,,,,BEAR_RATIO < NEUTRAL_RATIO < BULL_RATIO 约束违反: 0.25 / 0.7 / 0.7,COMPLETE
3901,-0.41425741193738236,2026-05-12 17:26:47.883674,2026-05-12 17:26:48.253845,0 days 00:00:00.370171,0.45,0.7,2,0.05,0.02,0.6,0.08,6,0.5,5,0.8,,,,,,PRUNED
3902,-0.43333909441165963,2026-05-12 17:26:48.280835,2026-05-12 17:26:48.636323,0 days 00:00:00.355488,0.35,0.7,2,0.05,0.02,0.6,0.08,6,0.5,20,0.8,,,,,,PRUNED
3903,-0.4296411080598753,2026-05-12 17:26:48.662728,2026-05-12 17:26:49.026692,0 days 00:00:00.363964,0.45,0.7,2,0.05,0.02,0.6,0.16,6,0.5,20,0.8,,,,,,PRUNED
3904,-0.44222659773842976,2026-05-12 17:26:49.053310,2026-05-12 17:26:54.251389,0 days 00:00:05.198079,0.45,0.8,2,0.05,0.02,0.6,0.16,6,0.5,20,0.5,,,,,,PRUNED
3905,-0.54128988855849,2026-05-12 17:26:54.279832,2026-05-12 17:26:58.056295,0 days 00:00:03.776463,0.35,0.9,3,0.03,0.02,0.3,0.16,6,0.6,10,0.8,,,,,,PRUNED
3906,-0.5179924623587872,2026-05-12 17:26:58.082810,2026-05-12 17:26:58.645085,0 days 00:00:00.562275,0.45,0.7,2,0.05,0.02,0.6,0.08,6,0.5,20,0.8,-0.39108387647623727,-0.030830266507629607,0.2538171717650998,0.36025360996860767,,COMPLETE
3907,-0.5179924623587872,2026-05-12 17:26:58.673548,2026-05-12 17:26:59.223365,0 days 00:00:00.549817,0.45,0.7,2,0.05,0.02,0.6,0.08,6,0.5,20,0.8,-0.39108387647623727,-0.030830266507629607,0.2538171717650998,0.36025360996860767,,COMPLETE
3908,-0.5179924623587872,2026-05-12 17:26:59.250524,2026-05-12 17:26:59.823279,0 days 00:00:00.572755,0.45,0.7,2,0.05,0.02,0.6,0.08,6,0.5,20,0.8,-0.39108387647623727,-0.030830266507629607,0.2538171717650998,0.36025360996860767,,COMPLETE
3909,-0.5461443867237775,2026-05-12 17:26:59.852827,2026-05-12 17:27:04.903751,0 days 00:00:05.050924,0.25,0.8,2,0.05,0.02,0.45,0.16,4,0.5,5,0.5,,,,,,PRUNED
3910,-9999.0,2026-05-12 17:27:04.927905,2026-05-12 17:27:05.223230,0 days 00:00:00.295325,0.35,0.7,4,0.05,0.02,0.6,0.16,5,0.7,20,0.65,,,,,BEAR_RATIO < NEUTRAL_RATIO < BULL_RATIO 约束违反: 0.35 / 0.7 / 0.7,COMPLETE
3911,-0.5461792575387299,2026-05-12 17:27:05.249128,2026-05-12 17:27:09.747152,0 days 00:00:04.498024,0.25,0.8,2,0.03,0.01,0.6,0.08,3,0.7,5,0.8,,,,,,PRUNED
3912,-0.43223096142417294,2026-05-12 17:27:09.773940,2026-05-12 17:27:10.187907,0 days 00:00:00.413967,0.45,0.9,2,0.05,0.02,0.6,0.08,6,0.5,20,0.8,,,,,,PRUNED
3913,-0.45948064769815766,2026-05-12 17:27:10.215061,2026-05-12 17:27:15.299308,0 days 00:00:05.084247,0.35,0.7,4,0.03,0.01,0.45,0.08,6,0.5,20,0.65,,,,,,PRUNED
3914,-0.48765380901468447,2026-05-12 17:27:15.323324,2026-05-12 17:27:21.342977,0 days 00:00:06.019653,0.35,0.7,2,0.03,0.01,0.6,0.08,6,0.6,5,0.65,,,,,,PRUNED
3915,-0.5179924623587872,2026-05-12 17:27:21.366918,2026-05-12 17:27:21.892431,0 days 00:00:00.525513,0.45,0.7,2,0.05,0.02,0.6,0.08,6,0.5,20,0.8,-0.39108387647623727,-0.030830266507629607,0.2538171717650998,0.36025360996860767,,COMPLETE
3916,-0.44690414702411296,2026-05-12 17:27:21.936392,2026-05-12 17:27:27.304603,0 days 00:00:05.368211,0.35,0.8,2,0.05,0.01,0.45,0.08,6,0.5,10,0.65,,,,,,PRUNED
3917,-9999.0,2026-05-12 17:27:27.329561,2026-05-12 17:27:27.730684,0 days 00:00:00.401123,0.45,0.7,2,0.05,0.02,0.6,0.08,6,0.7,20,0.8,,,,,BEAR_RATIO < NEUTRAL_RATIO < BULL_RATIO 约束违反: 0.45 / 0.7 / 0.7,COMPLETE
3918,-0.5455473112619013,2026-05-12 17:27:27.754132,2026-05-12 17:27:30.712659,0 days 00:00:02.958527,0.35,0.8,2,0.03,0.02,0.3,0.16,5,0.7,20,0.8,,,,,,PRUNED
3919,-0.5179924623587872,2026-05-12 17:27:30.747695,2026-05-12 17:27:31.332518,0 days 00:00:00.584823,0.45,0.7,2,0.05,0.01,0.6,0.08,6,0.5,20,0.8,-0.39108387647623727,-0.030830266507629607,0.2538171717650998,0.36025360996860767,,COMPLETE
3920,-0.5529713563818436,2026-05-12 17:27:31.364104,2026-05-12 17:27:37.990508,0 days 00:00:06.626404,0.25,0.9,3,0.05,0.01,0.6,0.16,5,0.6,5,0.5,,,,,,PRUNED
3921,-0.5075142418279059,2026-05-12 17:27:38.016420,2026-05-12 17:27:43.180822,0 days 00:00:05.164402,0.25,0.7,3,0.03,0.02,0.45,0.08,6,0.6,20,0.5,,,,,,PRUNED
3922,-0.4667601662174139,2026-05-12 17:27:43.209493,2026-05-12 17:27:49.208945,0 days 00:00:05.999452,0.35,0.7,4,0.05,0.02,0.45,0.08,6,0.6,5,0.5,,,,,,PRUNED
3923,-0.42056632138184724,2026-05-12 17:27:49.237031,2026-05-12 17:27:49.620610,0 days 00:00:00.383579,0.45,0.8,2,0.05,0.02,0.6,0.08,6,0.5,20,0.8,,,,,,PRUNED
3924,-0.5043272858517667,2026-05-12 17:27:49.648543,2026-05-12 17:27:54.406104,0 days 00:00:04.757561,0.35,0.9,3,0.03,0.02,0.45,0.08,5,0.6,20,0.65,,,,,,PRUNED
3925,-0.5422955131254215,2026-05-12 17:27:54.431064,2026-05-12 17:27:59.841238,0 days 00:00:05.410174,0.25,0.7,2,0.05,0.02,0.6,0.16,4,0.6,5,0.8,,,,,,PRUNED
3926,-0.4318124553734489,2026-05-12 17:27:59.870797,2026-05-12 17:27:58.692965,-1 days +23:59:58.822168,0.45,0.7,2,0.03,0.02,0.6,0.08,6,0.5,20,0.8,,,,,,PRUNED
3927,-0.42357363260304626,2026-05-12 17:27:58.718590,2026-05-12 17:28:03.496554,0 days 00:00:04.777964,0.45,0.7,2,0.05,0.01,0.6,0.08,6,0.6,20,0.5,,,,,,PRUNED
3928,-0.5928800807718478,2026-05-12 17:28:03.522246,2026-05-12 17:28:08.818346,0 days 00:00:05.296100,0.25,0.8,2,0.03,0.01,0.6,0.16,4,0.7,5,0.5,,,,,,PRUNED
3929,-0.5096104137020858,2026-05-12 17:28:08.846040,2026-05-12 17:28:14.558834,0 days 00:00:05.712794,0.35,0.9,3,0.05,0.02,0.3,0.08,5,0.7,5,0.5,,,,,,PRUNED
3930,-0.5179924623587872,2026-05-12 17:28:14.587444,2026-05-12 17:28:15.208974,0 days 00:00:00.621530,0.45,0.7,2,0.05,0.02,0.6,0.08,6,0.5,20,0.8,-0.39108387647623727,-0.030830266507629607,0.2538171717650998,0.36025360996860767,,COMPLETE
3931,-9999.0,2026-05-12 17:28:15.238275,2026-05-12 17:28:15.560262,0 days 00:00:00.321987,0.45,0.7,2,0.05,0.02,0.6,0.08,4,0.7,20,0.65,,,,,BEAR_RATIO < NEUTRAL_RATIO < BULL_RATIO 约束违反: 0.45 / 0.7 / 0.7,COMPLETE
3932,-0.451761535367327,2026-05-12 17:28:15.589446,2026-05-12 17:28:20.863630,0 days 00:00:05.274184,0.45,0.8,3,0.05,0.01,0.6,0.08,6,0.7,10,0.65,,,,,,PRUNED
