number,value,datetime_start,datetime_complete,duration,params_BEAR_RATIO,params_BULL_RATIO,params_GRID_MAX_LAYER,params_GRID_STEP_MAX,params_GRID_STEP_MIN,params_GRID_STEP_VOL_FACTOR,params_LAYER_FRACTION,params_MAX_HOLD,params_NEUTRAL_RATIO,params_REBALANCE_FREQ,params_VOL_WEIGHT,user_attrs_avg_test_score,user_attrs_avg_train_score,user_attrs_test_score_std,user_attrs_train_test_gap,user_attrs_validation_error,state
1705,-0.5025209494048298,2026-05-12 15:35:13.272595,2026-05-12 15:35:19.101713,0 days 00:00:05.829118,0.45,0.9,3,0.05,0.02,0.3,0.16,5,0.7,5,0.8,,,,,,PRUNED
1706,-0.5002099426459912,2026-05-12 15:35:19.126075,2026-05-12 15:35:24.818797,0 days 00:00:05.692722,0.35,0.8,4,0.05,0.02,0.3,0.08,6,0.7,5,0.8,,,,,,PRUNED
1707,-0.4115748956289856,2026-05-12 15:35:24.840878,2026-05-12 15:35:28.543592,0 days 00:00:03.702714,0.45,0.7,4,0.05,0.02,0.6,0.08,6,0.5,10,0.65,,,,,,PRUNED
1708,-0.5591425271912801,2026-05-12 15:35:28.566907,2026-05-12 15:35:33.959284,0 days 00:00:05.392377,0.25,0.8,3,0.03,0.02,0.45,0.16,5,0.6,20,0.8,,,,,,PRUNED
1709,-0.43223096142417294,2026-05-12 15:35:33.983565,2026-05-12 15:35:34.297301,0 days 00:00:00.313736,0.45,0.9,2,0.05,0.02,0.6,0.08,6,0.5,20,0.8,,,,,,PRUNED
1710,-0.5179924623587872,2026-05-12 15:35:34.337079,2026-05-12 15:35:34.836217,0 days 00:00:00.499138,0.45,0.7,2,0.05,0.01,0.6,0.08,6,0.5,20,0.5,-0.39108387647623727,-0.030830266507629607,0.2538171717650998,0.36025360996860767,,COMPLETE
1711,-0.4318124553734489,2026-05-12 15:35:34.861339,2026-05-12 15:35:35.168872,0 days 00:00:00.307533,0.45,0.7,2,0.03,0.02,0.6,0.08,6,0.5,20,0.8,,,,,,PRUNED
1712,-0.5512631538762057,2026-05-12 15:35:35.194533,2026-05-12 15:35:39.130752,0 days 00:00:03.936219,0.45,0.9,3,0.05,0.01,0.6,0.12,3,0.6,10,0.65,,,,,,PRUNED
1713,-0.506863823356783,2026-05-12 15:35:39.156674,2026-05-12 15:35:44.101076,0 days 00:00:04.944402,0.35,0.7,4,0.03,0.01,0.3,0.16,5,0.5,20,0.8,,,,,,PRUNED
1714,-0.4569223683011577,2026-05-12 15:35:44.129278,2026-05-12 15:35:48.288233,0 days 00:00:04.158955,0.25,0.7,2,0.05,0.02,0.6,0.08,4,0.5,20,0.65,,,,,,PRUNED
1715,-9999.0,2026-05-12 15:35:48.313602,2026-05-12 15:35:48.619860,0 days 00:00:00.306258,0.45,0.7,3,0.03,0.02,0.45,0.16,4,0.7,5,0.65,,,,,BEAR_RATIO < NEUTRAL_RATIO < BULL_RATIO 约束违反: 0.45 / 0.7 / 0.7,COMPLETE
1716,-0.44123767945389325,2026-05-12 15:35:48.645011,2026-05-12 15:35:53.676544,0 days 00:00:05.031533,0.45,0.8,3,0.05,0.02,0.6,0.08,5,0.6,10,0.65,,,,,,PRUNED
1717,-0.43872071187599615,2026-05-12 15:35:53.699104,2026-05-12 15:35:58.031122,0 days 00:00:04.332018,0.45,0.7,3,0.05,0.02,0.6,0.16,6,0.5,5,0.8,,,,,,PRUNED
1718,-0.5840285560688547,2026-05-12 15:35:58.054940,2026-05-12 15:36:01.782751,0 days 00:00:03.727811,0.25,0.8,2,0.03,0.02,0.45,0.16,3,0.5,10,0.5,,,,,,PRUNED
1719,-0.5506750231635014,2026-05-12 15:36:01.805845,2026-05-12 15:36:06.542965,0 days 00:00:04.737120,0.35,0.9,3,0.03,0.02,0.6,0.16,5,0.7,20,0.8,,,,,,PRUNED
1720,-0.45372546435907746,2026-05-12 15:36:06.567104,2026-05-12 15:36:10.690092,0 days 00:00:04.122988,0.45,0.8,2,0.05,0.02,0.6,0.08,4,0.7,20,0.8,,,,,,PRUNED
1721,-0.45350586007785176,2026-05-12 15:36:10.715274,2026-05-12 15:36:15.380711,0 days 00:00:04.665437,0.45,0.7,4,0.05,0.02,0.6,0.12,5,0.6,20,0.5,,,,,,PRUNED
1722,-0.4890810494548046,2026-05-12 15:36:15.407643,2026-05-12 15:36:19.769950,0 days 00:00:04.362307,0.25,0.8,2,0.03,0.02,0.45,0.08,4,0.5,10,0.65,,,,,,PRUNED
1723,-0.5088452383449596,2026-05-12 15:36:19.792749,2026-05-12 15:36:25.370732,0 days 00:00:05.577983,0.45,0.8,2,0.03,0.01,0.45,0.12,5,0.7,5,0.8,,,,,,PRUNED
1724,-0.43494412778290487,2026-05-12 15:36:25.395410,2026-05-12 15:36:29.943489,0 days 00:00:04.548079,0.45,0.8,2,0.05,0.02,0.45,0.08,6,0.6,20,0.8,,,,,,PRUNED
1725,-0.4366801865000989,2026-05-12 15:36:29.968158,2026-05-12 15:36:34.662380,0 days 00:00:04.694222,0.45,0.8,2,0.05,0.01,0.6,0.08,5,0.5,20,0.8,,,,,,PRUNED
1726,-0.49504220858251563,2026-05-12 15:36:34.701076,2026-05-12 15:36:39.720852,0 days 00:00:05.019776,0.45,0.8,3,0.03,0.02,0.6,0.08,4,0.5,5,0.8,,,,,,PRUNED
1727,-0.5261644477498404,2026-05-12 15:36:39.745734,2026-05-12 15:36:45.397161,0 days 00:00:05.651427,0.35,0.9,2,0.03,0.02,0.6,0.08,5,0.7,5,0.8,,,,,,PRUNED
1728,-9999.0,2026-05-12 15:36:45.423023,2026-05-12 15:36:45.719425,0 days 00:00:00.296402,0.45,0.7,2,0.05,0.02,0.6,0.08,6,0.7,20,0.8,,,,,BEAR_RATIO < NEUTRAL_RATIO < BULL_RATIO 约束违反: 0.45 / 0.7 / 0.7,COMPLETE
1729,-0.4411307231498467,2026-05-12 15:36:45.758606,2026-05-12 15:36:50.974561,0 days 00:00:05.215955,0.45,0.8,4,0.05,0.01,0.3,0.12,6,0.5,10,0.5,,,,,,PRUNED
1730,-0.5179924623587872,2026-05-12 15:36:50.999209,2026-05-12 15:36:51.535360,0 days 00:00:00.536151,0.45,0.7,2,0.05,0.02,0.6,0.08,6,0.5,20,0.8,-0.39108387647623727,-0.030830266507629607,0.2538171717650998,0.36025360996860767,,COMPLETE
1731,-9999.0,2026-05-12 15:36:51.558723,2026-05-12 15:36:51.814926,0 days 00:00:00.256203,0.25,0.7,4,0.05,0.02,0.6,0.16,5,0.7,20,0.8,,,,,BEAR_RATIO < NEUTRAL_RATIO < BULL_RATIO 约束违反: 0.25 / 0.7 / 0.7,COMPLETE
1732,-0.4403794270599254,2026-05-12 15:36:51.857369,2026-05-12 15:36:56.849382,0 days 00:00:04.992013,0.45,0.8,2,0.05,0.02,0.45,0.16,6,0.5,20,0.8,,,,,,PRUNED
1733,-0.5210984516438907,2026-05-12 15:36:56.876679,2026-05-12 15:36:59.731313,0 days 00:00:02.854634,0.25,0.8,4,0.03,0.01,0.6,0.16,4,0.5,20,0.8,,,,,,PRUNED
1734,-0.5337382868125093,2026-05-12 15:36:59.756812,2026-05-12 15:37:04.724658,0 days 00:00:04.967846,0.35,0.8,4,0.05,0.01,0.45,0.16,4,0.6,5,0.65,,,,,,PRUNED
1735,-0.41789523230149306,2026-05-12 15:37:04.748956,2026-05-12 15:37:09.570334,0 days 00:00:04.821378,0.45,0.7,2,0.05,0.02,0.45,0.12,6,0.5,20,0.5,,,,,,PRUNED
1736,-0.43074221680228886,2026-05-12 15:37:09.612519,2026-05-12 15:37:14.594512,0 days 00:00:04.981993,0.45,0.7,2,0.03,0.02,0.6,0.08,5,0.5,10,0.8,,,,,,PRUNED
1737,-0.4369421088047426,2026-05-12 15:37:14.618433,2026-05-12 15:37:19.561963,0 days 00:00:04.943530,0.35,0.7,4,0.05,0.02,0.6,0.08,6,0.5,20,0.5,,,,,,PRUNED
1738,-0.45304150697187257,2026-05-12 15:37:19.586990,2026-05-12 15:37:24.782885,0 days 00:00:05.195895,0.45,0.8,2,0.05,0.02,0.3,0.08,4,0.6,10,0.65,,,,,,PRUNED
1739,-0.5239187373534226,2026-05-12 15:37:24.807455,2026-05-12 15:37:29.774592,0 days 00:00:04.967137,0.45,0.9,4,0.05,0.01,0.3,0.08,4,0.7,5,0.65,,,,,,PRUNED
1740,-0.4758829193480472,2026-05-12 15:37:29.799296,2026-05-12 15:37:33.440970,0 days 00:00:03.641674,0.35,0.9,4,0.05,0.01,0.6,0.08,6,0.6,20,0.8,,,,,,PRUNED
1741,-0.632581160459474,2026-05-12 15:37:33.465116,2026-05-12 15:37:36.918410,0 days 00:00:03.453294,0.25,0.9,2,0.03,0.01,0.3,0.08,3,0.6,20,0.8,,,,,,PRUNED
1742,-0.410125315542252,2026-05-12 15:37:36.943142,2026-05-12 15:37:37.280606,0 days 00:00:00.337464,0.45,0.7,4,0.05,0.02,0.6,0.08,6,0.5,20,0.5,,,,,,PRUNED
1743,-0.4243118349792976,2026-05-12 15:37:37.304693,2026-05-12 15:37:42.225922,0 days 00:00:04.921229,0.45,0.7,3,0.05,0.02,0.3,0.12,6,0.5,20,0.8,,,,,,PRUNED
1744,-0.4194511448045569,2026-05-12 15:37:42.251977,2026-05-12 15:37:42.570904,0 days 00:00:00.318927,0.45,0.7,2,0.05,0.02,0.6,0.12,6,0.5,20,0.8,,,,,,PRUNED
1745,-0.4815703711160714,2026-05-12 15:37:42.596494,2026-05-12 15:37:47.289224,0 days 00:00:04.692730,0.35,0.8,2,0.05,0.02,0.6,0.12,4,0.7,10,0.65,,,,,,PRUNED
1746,-0.5023948890839028,2026-05-12 15:37:47.317600,2026-05-12 15:37:53.182414,0 days 00:00:05.864814,0.35,0.8,3,0.05,0.02,0.3,0.16,5,0.6,5,0.8,,,,,,PRUNED
1747,-0.4414558091504518,2026-05-12 15:37:53.206084,2026-05-12 15:37:57.229992,0 days 00:00:04.023908,0.45,0.9,3,0.05,0.02,0.6,0.08,4,0.5,20,0.8,,,,,,PRUNED
1748,-0.5715107846558711,2026-05-12 15:37:57.256561,2026-05-12 15:37:57.609219,0 days 00:00:00.352658,0.45,0.7,2,0.05,0.02,0.6,0.08,3,0.5,20,0.8,,,,,,PRUNED
1749,-0.4569223683011577,2026-05-12 15:37:57.632166,2026-05-12 15:38:01.651618,0 days 00:00:04.019452,0.25,0.7,2,0.05,0.01,0.6,0.08,4,0.5,20,0.8,,,,,,PRUNED
1750,-0.4092137988646166,2026-05-12 15:38:01.676155,2026-05-12 15:38:06.908907,0 days 00:00:05.232752,0.45,0.7,2,0.05,0.01,0.6,0.08,6,0.5,10,0.5,,,,,,PRUNED
1751,-0.5413491915072228,2026-05-12 15:38:06.934424,2026-05-12 15:38:12.718918,0 days 00:00:05.784494,0.35,0.8,2,0.03,0.02,0.3,0.12,6,0.7,5,0.5,,,,,,PRUNED
1752,-0.49159174020761326,2026-05-12 15:38:12.748467,2026-05-12 15:38:16.805758,0 days 00:00:04.057291,0.35,0.7,4,0.03,0.02,0.45,0.16,4,0.5,20,0.5,,,,,,PRUNED
1753,-0.4589612513244031,2026-05-12 15:38:16.828199,2026-05-12 15:38:21.565254,0 days 00:00:04.737055,0.45,0.7,2,0.03,0.02,0.6,0.12,4,0.5,20,0.8,,,,,,PRUNED
1754,-0.5179924623587872,2026-05-12 15:38:21.589413,2026-05-12 15:38:22.059314,0 days 00:00:00.469901,0.45,0.7,2,0.05,0.02,0.6,0.08,6,0.5,20,0.8,-0.39108387647623727,-0.030830266507629607,0.2538171717650998,0.36025360996860767,,COMPLETE
1755,-0.5179924623587872,2026-05-12 15:38:22.084712,2026-05-12 15:38:22.566675,0 days 00:00:00.481963,0.45,0.7,2,0.05,0.02,0.6,0.08,6,0.5,20,0.8,-0.39108387647623727,-0.030830266507629607,0.2538171717650998,0.36025360996860767,,COMPLETE
1756,-9999.0,2026-05-12 15:38:22.589717,2026-05-12 15:38:22.847827,0 days 00:00:00.258110,0.45,0.7,2,0.05,0.02,0.6,0.08,3,0.7,20,0.8,,,,,BEAR_RATIO < NEUTRAL_RATIO < BULL_RATIO 约束违反: 0.45 / 0.7 / 0.7,COMPLETE
1757,-9999.0,2026-05-12 15:38:22.873096,2026-05-12 15:38:23.133745,0 days 00:00:00.260649,0.35,0.7,4,0.03,0.01,0.45,0.08,6,0.7,10,0.8,,,,,BEAR_RATIO < NEUTRAL_RATIO < BULL_RATIO 约束违反: 0.35 / 0.7 / 0.7,COMPLETE
1758,-0.478354311887609,2026-05-12 15:38:23.159129,2026-05-12 15:38:26.912797,0 days 00:00:03.753668,0.35,0.9,2,0.05,0.01,0.45,0.16,4,0.6,20,0.8,,,,,,PRUNED
1759,-0.5874358273812148,2026-05-12 15:38:26.936479,2026-05-12 15:38:29.990963,0 days 00:00:03.054484,0.35,0.7,2,0.05,0.02,0.6,0.12,3,0.5,20,0.8,,,,,,PRUNED
1760,-0.45941704428941865,2026-05-12 15:38:30.011677,2026-05-12 15:38:34.712940,0 days 00:00:04.701263,0.45,0.8,2,0.03,0.02,0.6,0.08,6,0.6,20,0.8,,,,,,PRUNED
1761,-0.49385874671956154,2026-05-12 15:38:34.736512,2026-05-12 15:38:39.141671,0 days 00:00:04.405159,0.25,0.7,2,0.05,0.02,0.6,0.08,6,0.5,5,0.65,,,,,,PRUNED
1762,-0.5437277482978492,2026-05-12 15:38:39.164853,2026-05-12 15:38:43.997103,0 days 00:00:04.832250,0.35,0.8,3,0.03,0.02,0.3,0.16,6,0.7,20,0.8,,,,,,PRUNED
1763,-0.5179924623587872,2026-05-12 15:38:44.021599,2026-05-12 15:38:44.497070,0 days 00:00:00.475471,0.45,0.7,2,0.05,0.02,0.6,0.08,6,0.5,20,0.8,-0.39108387647623727,-0.030830266507629607,0.2538171717650998,0.36025360996860767,,COMPLETE
1764,-0.4282130297974064,2026-05-12 15:38:44.520032,2026-05-12 15:38:50.371451,0 days 00:00:05.851419,0.45,0.7,3,0.05,0.01,0.6,0.12,6,0.5,5,0.8,,,,,,PRUNED
1765,-0.5119411255673495,2026-05-12 15:38:50.397619,2026-05-12 15:38:54.304968,0 days 00:00:03.907349,0.45,0.7,2,0.05,0.02,0.6,0.08,3,0.5,10,0.5,,,,,,PRUNED
1766,-0.6314036830397405,2026-05-12 15:38:54.332246,2026-05-12 15:38:57.931624,0 days 00:00:03.599378,0.45,0.9,2,0.05,0.01,0.6,0.16,3,0.7,20,0.8,,,,,,PRUNED
1767,-9999.0,2026-05-12 15:38:57.959531,2026-05-12 15:38:58.245671,0 days 00:00:00.286140,0.45,0.7,2,0.05,0.01,0.6,0.12,6,0.7,20,0.5,,,,,BEAR_RATIO < NEUTRAL_RATIO < BULL_RATIO 约束违反: 0.45 / 0.7 / 0.7,COMPLETE
1768,-0.4242910183560481,2026-05-12 15:38:58.272402,2026-05-12 15:38:58.608384,0 days 00:00:00.335982,0.45,0.7,2,0.05,0.02,0.6,0.08,5,0.5,20,0.8,,,,,,PRUNED
1769,-0.5080327120878716,2026-05-12 15:38:58.636546,2026-05-12 15:39:03.810060,0 days 00:00:05.173514,0.25,0.7,2,0.05,0.02,0.6,0.16,6,0.6,20,0.8,,,,,,PRUNED
1770,-0.6250819194360944,2026-05-12 15:39:03.834638,2026-05-12 15:39:07.291103,0 days 00:00:03.456465,0.25,0.8,2,0.03,0.01,0.45,0.12,3,0.5,20,0.65,,,,,,PRUNED
1771,-0.41610686693884014,2026-05-12 15:39:07.317836,2026-05-12 15:39:12.672281,0 days 00:00:05.354445,0.45,0.7,3,0.05,0.01,0.6,0.08,6,0.5,5,0.8,,,,,,PRUNED
1772,-0.602430076436654,2026-05-12 15:39:12.692875,2026-05-12 15:39:16.546564,0 days 00:00:03.853689,0.35,0.9,3,0.03,0.01,0.3,0.16,3,0.7,10,0.65,,,,,,PRUNED
1773,-0.6207957275394005,2026-05-12 15:39:16.570166,2026-05-12 15:39:20.168230,0 days 00:00:03.598064,0.35,0.9,3,0.05,0.01,0.45,0.12,3,0.6,20,0.8,,,,,,PRUNED
1774,-9999.0,2026-05-12 15:39:20.194732,2026-05-12 15:39:20.460230,0 days 00:00:00.265498,0.45,0.7,3,0.03,0.02,0.6,0.08,3,0.7,10,0.5,,,,,BEAR_RATIO < NEUTRAL_RATIO < BULL_RATIO 约束违反: 0.45 / 0.7 / 0.7,COMPLETE
1775,-0.4644007888065872,2026-05-12 15:39:20.484281,2026-05-12 15:39:25.916910,0 days 00:00:05.432629,0.35,0.7,3,0.05,0.01,0.6,0.12,6,0.6,10,0.8,,,,,,PRUNED
1776,-0.6357630807054999,2026-05-12 15:39:25.943864,2026-05-12 15:39:29.557726,0 days 00:00:03.613862,0.25,0.8,3,0.03,0.01,0.3,0.08,3,0.7,20,0.65,,,,,,PRUNED
1777,-0.5257274635967507,2026-05-12 15:39:29.582641,2026-05-12 15:39:34.941633,0 days 00:00:05.358992,0.25,0.8,4,0.03,0.02,0.6,0.08,5,0.5,5,0.5,,,,,,PRUNED
1778,-0.4414523581792496,2026-05-12 15:39:34.965421,2026-05-12 15:39:39.260836,0 days 00:00:04.295415,0.45,0.9,2,0.05,0.02,0.6,0.08,6,0.5,5,0.65,,,,,,PRUNED
1779,-0.5026513907597121,2026-05-12 15:39:39.284968,2026-05-12 15:39:43.794982,0 days 00:00:04.510014,0.45,0.9,3,0.03,0.01,0.45,0.16,5,0.5,20,0.5,,,,,,PRUNED
1780,-0.5098647297327907,2026-05-12 15:39:43.819947,2026-05-12 15:39:48.736517,0 days 00:00:04.916570,0.25,0.8,2,0.05,0.02,0.45,0.12,5,0.7,10,0.8,,,,,,PRUNED
1781,-0.447224565188704,2026-05-12 15:39:48.762782,2026-05-12 15:39:53.753112,0 days 00:00:04.990330,0.45,0.8,4,0.05,0.02,0.3,0.16,5,0.5,10,0.5,,,,,,PRUNED
1782,-9999.0,2026-05-12 15:39:53.773701,2026-05-12 15:39:54.006498,0 days 00:00:00.232797,0.35,0.7,2,0.03,0.02,0.6,0.08,6,0.7,20,0.8,,,,,BEAR_RATIO < NEUTRAL_RATIO < BULL_RATIO 约束违反: 0.35 / 0.7 / 0.7,COMPLETE
1783,-0.48655547720588305,2026-05-12 15:39:54.030162,2026-05-12 15:39:58.868801,0 days 00:00:04.838639,0.25,0.8,2,0.05,0.02,0.45,0.08,6,0.5,20,0.8,,,,,,PRUNED
1784,-0.5179924623587872,2026-05-12 15:39:58.894994,2026-05-12 15:39:59.439001,0 days 00:00:00.544007,0.45,0.7,2,0.05,0.02,0.6,0.08,6,0.5,20,0.8,-0.39108387647623727,-0.030830266507629607,0.2538171717650998,0.36025360996860767,,COMPLETE
1785,-0.5182406672588966,2026-05-12 15:39:59.460116,2026-05-12 15:39:59.895352,0 days 00:00:00.435236,0.45,0.7,2,0.05,0.02,0.45,0.08,6,0.5,20,0.8,-0.3910743597599139,-0.030648087966744914,0.25433261499796533,0.360426271793169,,COMPLETE
1786,-0.4819008552432365,2026-05-12 15:39:59.915965,2026-05-12 15:40:05.338566,0 days 00:00:05.422601,0.35,0.8,3,0.05,0.01,0.45,0.08,5,0.6,5,0.8,,,,,,PRUNED
1787,-0.5398777082974361,2026-05-12 15:40:05.379662,2026-05-12 15:40:09.857775,0 days 00:00:04.478113,0.35,0.8,3,0.05,0.02,0.6,0.12,3,0.5,10,0.8,,,,,,PRUNED
1788,-0.4309284784993688,2026-05-12 15:40:09.883663,2026-05-12 15:40:14.057913,0 days 00:00:04.174250,0.45,0.7,2,0.05,0.01,0.3,0.16,5,0.5,10,0.5,,,,,,PRUNED
1789,-0.46900855533304403,2026-05-12 15:40:14.082179,2026-05-12 15:40:19.196397,0 days 00:00:05.114218,0.45,0.7,4,0.05,0.02,0.6,0.08,4,0.5,5,0.8,,,,,,PRUNED
1790,-0.4465298682329988,2026-05-12 15:40:19.223722,2026-05-12 15:40:24.119389,0 days 00:00:04.895667,0.45,0.9,2,0.05,0.02,0.45,0.08,5,0.5,20,0.65,,,,,,PRUNED
1791,-9999.0,2026-05-12 15:40:24.146979,2026-05-12 15:40:24.429609,0 days 00:00:00.282630,0.25,0.7,2,0.03,0.02,0.6,0.08,6,0.7,20,0.8,,,,,BEAR_RATIO < NEUTRAL_RATIO < BULL_RATIO 约束违反: 0.25 / 0.7 / 0.7,COMPLETE
1792,-0.5069265966437366,2026-05-12 15:40:24.456757,2026-05-12 15:40:29.511397,0 days 00:00:05.054640,0.25,0.8,3,0.05,0.02,0.3,0.12,6,0.5,20,0.65,,,,,,PRUNED
1793,-0.4738221018429511,2026-05-12 15:40:29.539168,2026-05-12 15:40:34.378074,0 days 00:00:04.838906,0.25,0.7,2,0.05,0.02,0.45,0.08,6,0.5,20,0.65,,,,,,PRUNED
1794,-9999.0,2026-05-12 15:40:34.402519,2026-05-12 15:40:34.667066,0 days 00:00:00.264547,0.35,0.7,2,0.05,0.02,0.45,0.08,6,0.7,20,0.8,,,,,BEAR_RATIO < NEUTRAL_RATIO < BULL_RATIO 约束违反: 0.35 / 0.7 / 0.7,COMPLETE
1795,-0.5179924623587872,2026-05-12 15:40:34.692613,2026-05-12 15:40:35.210104,0 days 00:00:00.517491,0.45,0.7,2,0.05,0.02,0.6,0.08,6,0.5,20,0.65,-0.39108387647623727,-0.030830266507629607,0.2538171717650998,0.36025360996860767,,COMPLETE
1796,-0.410125315542252,2026-05-12 15:40:35.232892,2026-05-12 15:40:35.576101,0 days 00:00:00.343209,0.45,0.7,4,0.05,0.02,0.6,0.08,6,0.5,20,0.8,,,,,,PRUNED
1797,-0.5296516453301681,2026-05-12 15:40:35.615344,2026-05-12 15:40:41.409973,0 days 00:00:05.794629,0.35,0.9,3,0.05,0.01,0.45,0.16,6,0.7,5,0.65,,,,,,PRUNED
1798,-9999.0,2026-05-12 15:40:41.433520,2026-05-12 15:40:41.716422,0 days 00:00:00.282902,0.35,0.7,2,0.03,0.02,0.6,0.16,4,0.7,10,0.8,,,,,BEAR_RATIO < NEUTRAL_RATIO < BULL_RATIO 约束违反: 0.35 / 0.7 / 0.7,COMPLETE
1799,-0.4651332074901643,2026-05-12 15:40:41.740197,2026-05-12 15:40:44.350504,0 days 00:00:02.610307,0.25,0.7,2,0.05,0.02,0.3,0.08,4,0.5,10,0.5,,,,,,PRUNED
1800,-0.5179924623587872,2026-05-12 15:40:44.374285,2026-05-12 15:40:44.902205,0 days 00:00:00.527920,0.45,0.7,2,0.05,0.02,0.6,0.08,6,0.5,20,0.5,-0.39108387647623727,-0.030830266507629607,0.2538171717650998,0.36025360996860767,,COMPLETE
1801,-0.5179924623587872,2026-05-12 15:40:44.924930,2026-05-12 15:40:45.413845,0 days 00:00:00.488915,0.45,0.7,2,0.05,0.02,0.6,0.08,6,0.5,20,0.8,-0.39108387647623727,-0.030830266507629607,0.2538171717650998,0.36025360996860767,,COMPLETE
1802,-0.5725391654994608,2026-05-12 15:40:45.438434,2026-05-12 15:40:49.048061,0 days 00:00:03.609627,0.25,0.8,3,0.03,0.01,0.3,0.12,3,0.5,10,0.65,,,,,,PRUNED
1803,-0.474532058331672,2026-05-12 15:40:49.070922,2026-05-12 15:40:53.570613,0 days 00:00:04.499691,0.45,0.9,3,0.05,0.02,0.45,0.08,4,0.7,10,0.65,,,,,,PRUNED
1804,-0.6109655637228406,2026-05-12 15:40:53.615501,2026-05-12 15:40:57.210047,0 days 00:00:03.594546,0.35,0.8,2,0.03,0.02,0.3,0.12,3,0.5,20,0.65,,,,,,PRUNED
1805,-0.5878209842373663,2026-05-12 15:40:57.237652,2026-05-12 15:41:03.282252,0 days 00:00:06.044600,0.25,0.9,2,0.03,0.02,0.45,0.12,6,0.7,5,0.65,,,,,,PRUNED
1806,-0.43637582621401494,2026-05-12 15:41:03.308239,2026-05-12 15:41:09.157970,0 days 00:00:05.849731,0.45,0.7,3,0.05,0.02,0.3,0.16,6,0.5,20,0.8,,,,,,PRUNED
1807,-0.569890669822438,2026-05-12 15:41:09.187030,2026-05-12 15:41:11.612913,0 days 00:00:02.425883,0.35,0.8,2,0.03,0.01,0.6,0.08,3,0.7,10,0.5,,,,,,PRUNED
1808,-0.49596445911167814,2026-05-12 15:41:11.638031,2026-05-12 15:41:16.326648,0 days 00:00:04.688617,0.35,0.9,2,0.05,0.01,0.3,0.12,5,0.6,20,0.65,,,,,,PRUNED
1809,-0.47098626225151796,2026-05-12 15:41:16.350948,2026-05-12 15:41:21.528167,0 days 00:00:05.177219,0.45,0.9,2,0.03,0.01,0.6,0.08,6,0.6,20,0.8,,,,,,PRUNED
1810,-0.5179924623587872,2026-05-12 15:41:21.548502,2026-05-12 15:41:21.967251,0 days 00:00:00.418749,0.45,0.7,2,0.05,0.02,0.6,0.08,6,0.5,20,0.8,-0.39108387647623727,-0.030830266507629607,0.2538171717650998,0.36025360996860767,,COMPLETE
1811,-0.42795376063587454,2026-05-12 15:41:21.989948,2026-05-12 15:41:27.001101,0 days 00:00:05.011153,0.45,0.7,2,0.05,0.01,0.45,0.16,6,0.5,20,0.8,,,,,,PRUNED
1812,-0.48647542428597945,2026-05-12 15:41:27.025037,2026-05-12 15:41:32.078285,0 days 00:00:05.053248,0.35,0.8,2,0.03,0.02,0.6,0.12,5,0.5,10,0.65,,,,,,PRUNED
1813,-0.5179924623587872,2026-05-12 15:41:32.126367,2026-05-12 15:41:32.653591,0 days 00:00:00.527224,0.45,0.7,2,0.05,0.02,0.6,0.08,6,0.5,20,0.8,-0.39108387647623727,-0.030830266507629607,0.2538171717650998,0.36025360996860767,,COMPLETE
1814,-9999.0,2026-05-12 15:41:32.682810,2026-05-12 15:41:32.957443,0 days 00:00:00.274633,0.35,0.7,3,0.05,0.02,0.45,0.08,3,0.7,10,0.8,,,,,BEAR_RATIO < NEUTRAL_RATIO < BULL_RATIO 约束违反: 0.35 / 0.7 / 0.7,COMPLETE
1815,-0.4153515435978797,2026-05-12 15:41:32.979650,2026-05-12 15:41:33.309991,0 days 00:00:00.330341,0.45,0.7,2,0.05,0.02,0.6,0.08,5,0.5,5,0.8,,,,,,PRUNED
1816,-0.4453372005663059,2026-05-12 15:41:33.335717,2026-05-12 15:41:33.692352,0 days 00:00:00.356635,0.45,0.7,2,0.03,0.02,0.6,0.08,5,0.5,20,0.8,,,,,,PRUNED
1817,-0.46548457757746864,2026-05-12 15:41:33.715954,2026-05-12 15:41:38.405412,0 days 00:00:04.689458,0.45,0.9,4,0.05,0.02,0.6,0.08,5,0.6,20,0.5,,,,,,PRUNED
1818,-0.4392584413039158,2026-05-12 15:41:38.431785,2026-05-12 15:41:42.937067,0 days 00:00:04.505282,0.45,0.7,2,0.03,0.02,0.3,0.08,6,0.5,5,0.8,,,,,,PRUNED
1819,-0.5179924623587872,2026-05-12 15:41:42.962498,2026-05-12 15:41:43.469970,0 days 00:00:00.507472,0.45,0.7,2,0.05,0.02,0.6,0.08,6,0.5,20,0.8,-0.39108387647623727,-0.030830266507629607,0.2538171717650998,0.36025360996860767,,COMPLETE
1820,-0.5179924623587872,2026-05-12 15:41:43.494983,2026-05-12 15:41:44.028849,0 days 00:00:00.533866,0.45,0.7,2,0.05,0.02,0.6,0.08,6,0.5,20,0.8,-0.39108387647623727,-0.030830266507629607,0.2538171717650998,0.36025360996860767,,COMPLETE
1821,-0.5179924623587872,2026-05-12 15:41:44.054380,2026-05-12 15:41:44.626711,0 days 00:00:00.572331,0.45,0.7,2,0.05,0.02,0.6,0.08,6,0.5,20,0.8,-0.39108387647623727,-0.030830266507629607,0.2538171717650998,0.36025360996860767,,COMPLETE
1822,-0.440355112130286,2026-05-12 15:41:44.651155,2026-05-12 15:41:50.550037,0 days 00:00:05.898882,0.45,0.8,2,0.05,0.02,0.6,0.12,6,0.5,5,0.8,,,,,,PRUNED
1823,-0.5179924623587872,2026-05-12 15:41:50.574066,2026-05-12 15:41:51.096014,0 days 00:00:00.521948,0.45,0.7,2,0.05,0.01,0.6,0.08,6,0.5,20,0.8,-0.39108387647623727,-0.030830266507629607,0.2538171717650998,0.36025360996860767,,COMPLETE
1824,-0.5937047520535114,2026-05-12 15:41:51.120122,2026-05-12 15:41:54.574389,0 days 00:00:03.454267,0.45,0.9,2,0.05,0.02,0.6,0.16,3,0.5,20,0.8,,,,,,PRUNED
1825,-0.497765034957868,2026-05-12 15:41:54.598638,2026-05-12 15:42:01.525460,0 days 00:00:06.926822,0.25,0.7,4,0.05,0.02,0.6,0.08,6,0.5,5,0.8,,,,,,PRUNED
1826,-0.49886348863259145,2026-05-12 15:42:01.551813,2026-05-12 15:42:07.181724,0 days 00:00:05.629911,0.45,0.9,3,0.03,0.01,0.6,0.08,5,0.7,5,0.8,,,,,,PRUNED
1827,-0.4217310225974603,2026-05-12 15:42:07.207150,2026-05-12 15:42:12.380102,0 days 00:00:05.172952,0.45,0.8,2,0.05,0.02,0.45,0.08,6,0.5,10,0.8,,,,,,PRUNED
1828,-0.4092788272711371,2026-05-12 15:42:12.406178,2026-05-12 15:42:12.797714,0 days 00:00:00.391536,0.45,0.7,3,0.05,0.02,0.6,0.08,6,0.5,20,0.8,,,,,,PRUNED
1829,-0.5394627801324836,2026-05-12 15:42:12.823599,2026-05-12 15:42:16.312914,0 days 00:00:03.489315,0.35,0.9,2,0.05,0.01,0.6,0.08,4,0.7,5,0.8,,,,,,PRUNED
