number,value,datetime_start,datetime_complete,duration,params_BEAR_RATIO,params_BULL_RATIO,params_GRID_MAX_LAYER,params_GRID_STEP_MAX,params_GRID_STEP_MIN,params_GRID_STEP_VOL_FACTOR,params_LAYER_FRACTION,params_MAX_HOLD,params_NEUTRAL_RATIO,params_REBALANCE_FREQ,params_VOL_WEIGHT,user_attrs_avg_test_score,user_attrs_avg_train_score,user_attrs_test_score_std,user_attrs_train_test_gap,user_attrs_validation_error,state
10639,-0.5179924623587872,2026-05-12 23:03:30.419702,2026-05-12 23:03:31.067144,0 days 00:00:00.647442,0.45,0.7,2,0.05,0.02,0.6,0.08,6,0.5,20,0.8,-0.39108387647623727,-0.030830266507629607,0.2538171717650998,0.36025360996860767,,COMPLETE
10640,-0.5179924623587872,2026-05-12 23:03:31.094796,2026-05-12 23:03:31.768453,0 days 00:00:00.673657,0.45,0.7,2,0.05,0.02,0.6,0.08,6,0.5,20,0.5,-0.39108387647623727,-0.030830266507629607,0.2538171717650998,0.36025360996860767,,COMPLETE
10641,-0.5124158494423097,2026-05-12 23:03:31.800781,2026-05-12 23:03:36.220660,0 days 00:00:04.419879,0.35,0.8,4,0.03,0.02,0.45,0.12,3,0.6,5,0.8,,,,,,PRUNED
10642,-0.5179924623587872,2026-05-12 23:03:36.249955,2026-05-12 23:03:36.933361,0 days 00:00:00.683406,0.45,0.7,2,0.05,0.02,0.6,0.08,6,0.5,20,0.8,-0.39108387647623727,-0.030830266507629607,0.2538171717650998,0.36025360996860767,,COMPLETE
10643,-0.6405350023353036,2026-05-12 23:03:36.964419,2026-05-12 23:03:40.466522,0 days 00:00:03.502103,0.25,0.9,3,0.03,0.01,0.3,0.16,3,0.5,20,0.5,,,,,,PRUNED
10644,-9999.0,2026-05-12 23:03:40.516704,2026-05-12 23:03:40.911032,0 days 00:00:00.394328,0.45,0.7,3,0.05,0.02,0.6,0.16,3,0.7,10,0.65,,,,,BEAR_RATIO < NEUTRAL_RATIO < BULL_RATIO 约束违反: 0.45 / 0.7 / 0.7,COMPLETE
10645,-0.5179924623587872,2026-05-12 23:03:40.938736,2026-05-12 23:03:41.603997,0 days 00:00:00.665261,0.45,0.7,2,0.05,0.02,0.6,0.08,6,0.5,20,0.65,-0.39108387647623727,-0.030830266507629607,0.2538171717650998,0.36025360996860767,,COMPLETE
10646,-0.5179924623587872,2026-05-12 23:03:41.632243,2026-05-12 23:03:42.313218,0 days 00:00:00.680975,0.45,0.7,2,0.05,0.02,0.6,0.08,6,0.5,20,0.8,-0.39108387647623727,-0.030830266507629607,0.2538171717650998,0.36025360996860767,,COMPLETE
10647,-0.5179924623587872,2026-05-12 23:03:42.345036,2026-05-12 23:03:42.960502,0 days 00:00:00.615466,0.45,0.7,2,0.05,0.02,0.6,0.08,6,0.5,20,0.8,-0.39108387647623727,-0.030830266507629607,0.2538171717650998,0.36025360996860767,,COMPLETE
10648,-0.6261283738262691,2026-05-12 23:03:42.989422,2026-05-12 23:03:46.468377,0 days 00:00:03.478955,0.45,0.9,2,0.03,0.02,0.6,0.12,3,0.6,20,0.8,,,,,,PRUNED
10649,-0.410125315542252,2026-05-12 23:03:46.496890,2026-05-12 23:03:46.945587,0 days 00:00:00.448697,0.45,0.7,4,0.05,0.02,0.6,0.08,6,0.5,20,0.8,,,,,,PRUNED
10650,-0.5179924623587872,2026-05-12 23:03:46.995791,2026-05-12 23:03:47.641929,0 days 00:00:00.646138,0.45,0.7,2,0.05,0.02,0.6,0.08,6,0.5,20,0.8,-0.39108387647623727,-0.030830266507629607,0.2538171717650998,0.36025360996860767,,COMPLETE
10651,-0.5179924623587872,2026-05-12 23:03:47.670227,2026-05-12 23:03:48.354945,0 days 00:00:00.684718,0.45,0.7,2,0.05,0.02,0.6,0.08,6,0.5,20,0.8,-0.39108387647623727,-0.030830266507629607,0.2538171717650998,0.36025360996860767,,COMPLETE
10652,-0.45648632608062284,2026-05-12 23:03:48.385313,2026-05-12 23:03:52.748391,0 days 00:00:04.363078,0.45,0.9,4,0.05,0.02,0.3,0.12,4,0.5,10,0.8,,,,,,PRUNED
10653,-0.46776873450795686,2026-05-12 23:03:52.776235,2026-05-12 23:03:57.230273,0 days 00:00:04.454038,0.45,0.9,2,0.05,0.01,0.3,0.12,3,0.6,5,0.65,,,,,,PRUNED
10654,-0.4391084148350259,2026-05-12 23:03:57.260579,2026-05-12 23:04:01.361266,0 days 00:00:04.100687,0.45,0.7,2,0.05,0.01,0.3,0.16,4,0.5,20,0.8,,,,,,PRUNED
10655,-0.6035845321260092,2026-05-12 23:04:01.389845,2026-05-12 23:04:06.397291,0 days 00:00:05.007446,0.25,0.9,2,0.03,0.01,0.6,0.16,4,0.7,5,0.8,,,,,,PRUNED
10656,-0.5089154503006571,2026-05-12 23:04:06.425971,2026-05-12 23:04:11.502850,0 days 00:00:05.076879,0.45,0.9,3,0.05,0.02,0.3,0.08,4,0.6,5,0.8,,,,,,PRUNED
10657,-0.47305248744803785,2026-05-12 23:04:11.543392,2026-05-12 23:04:16.445204,0 days 00:00:04.901812,0.45,0.8,2,0.03,0.02,0.6,0.08,6,0.7,20,0.65,,,,,,PRUNED
10658,-0.5179924623587872,2026-05-12 23:04:16.475455,2026-05-12 23:04:17.122022,0 days 00:00:00.646567,0.45,0.7,2,0.05,0.02,0.6,0.08,6,0.5,20,0.8,-0.39108387647623727,-0.030830266507629607,0.2538171717650998,0.36025360996860767,,COMPLETE
10659,-0.41610686693884014,2026-05-12 23:04:17.150373,2026-05-12 23:04:17.615387,0 days 00:00:00.465014,0.45,0.7,3,0.05,0.02,0.6,0.08,6,0.5,5,0.5,,,,,,PRUNED
10660,-0.46233922145233913,2026-05-12 23:04:17.645123,2026-05-12 23:04:22.033954,0 days 00:00:04.388831,0.45,0.7,4,0.03,0.01,0.6,0.16,3,0.5,5,0.5,,,,,,PRUNED
10661,-0.47114187571580224,2026-05-12 23:04:22.065439,2026-05-12 23:04:26.163740,0 days 00:00:04.098301,0.35,0.9,2,0.05,0.02,0.3,0.16,4,0.5,20,0.8,,,,,,PRUNED
10662,-0.4092788272711371,2026-05-12 23:04:26.194229,2026-05-12 23:04:26.653817,0 days 00:00:00.459588,0.45,0.7,3,0.05,0.02,0.6,0.08,6,0.5,20,0.8,,,,,,PRUNED
10663,-0.5179924623587872,2026-05-12 23:04:26.680928,2026-05-12 23:04:27.379271,0 days 00:00:00.698343,0.45,0.7,2,0.05,0.02,0.6,0.08,6,0.5,20,0.8,-0.39108387647623727,-0.030830266507629607,0.2538171717650998,0.36025360996860767,,COMPLETE
10664,-0.5261644477498404,2026-05-12 23:04:27.411023,2026-05-12 23:04:32.949549,0 days 00:00:05.538526,0.35,0.9,2,0.03,0.02,0.45,0.08,5,0.7,5,0.5,,,,,,PRUNED
10665,-0.577897663271242,2026-05-12 23:04:33.000084,2026-05-12 23:04:38.878962,0 days 00:00:05.878878,0.25,0.9,4,0.03,0.01,0.45,0.12,4,0.5,5,0.5,,,,,,PRUNED
10666,-0.5179924623587872,2026-05-12 23:04:38.909330,2026-05-12 23:04:39.552204,0 days 00:00:00.642874,0.45,0.7,2,0.05,0.01,0.6,0.08,6,0.5,20,0.8,-0.39108387647623727,-0.030830266507629607,0.2538171717650998,0.36025360996860767,,COMPLETE
10667,-0.5179924623587872,2026-05-12 23:04:39.582169,2026-05-12 23:04:40.220315,0 days 00:00:00.638146,0.45,0.7,2,0.05,0.02,0.6,0.08,6,0.5,20,0.8,-0.39108387647623727,-0.030830266507629607,0.2538171717650998,0.36025360996860767,,COMPLETE
10668,-0.5415141266671563,2026-05-12 23:04:40.251782,2026-05-12 23:04:45.265558,0 days 00:00:05.013776,0.25,0.9,2,0.03,0.01,0.3,0.12,5,0.6,10,0.8,,,,,,PRUNED
10669,-0.6433806247161721,2026-05-12 23:04:45.294872,2026-05-12 23:04:48.774249,0 days 00:00:03.479377,0.35,0.8,3,0.03,0.02,0.3,0.12,3,0.7,20,0.65,,,,,,PRUNED
10670,-0.5284015839043678,2026-05-12 23:04:48.804445,2026-05-12 23:04:53.749466,0 days 00:00:04.945021,0.35,0.8,3,0.03,0.01,0.3,0.16,5,0.7,10,0.65,,,,,,PRUNED
10671,-0.5179924623587872,2026-05-12 23:04:53.795224,2026-05-12 23:04:54.463074,0 days 00:00:00.667850,0.45,0.7,2,0.05,0.02,0.6,0.08,6,0.5,20,0.8,-0.39108387647623727,-0.030830266507629607,0.2538171717650998,0.36025360996860767,,COMPLETE
10672,-0.5042680145821598,2026-05-12 23:04:54.508261,2026-05-12 23:05:00.367598,0 days 00:00:05.859337,0.45,0.7,2,0.03,0.02,0.6,0.16,6,0.6,5,0.8,,,,,,PRUNED
10673,-0.48060646923269634,2026-05-12 23:05:00.397299,2026-05-12 23:05:05.059352,0 days 00:00:04.662053,0.45,0.8,4,0.05,0.01,0.6,0.12,5,0.7,20,0.8,,,,,,PRUNED
10674,-0.5923079331188436,2026-05-12 23:05:05.091039,2026-05-12 23:05:08.618097,0 days 00:00:03.527058,0.45,0.9,3,0.05,0.01,0.45,0.12,3,0.5,20,0.8,,,,,,PRUNED
10675,-0.42357363260304626,2026-05-12 23:05:08.645663,2026-05-12 23:05:09.107772,0 days 00:00:00.462109,0.45,0.7,2,0.05,0.02,0.6,0.08,6,0.6,20,0.8,,,,,,PRUNED
10676,-0.5179924623587872,2026-05-12 23:05:09.138483,2026-05-12 23:05:09.804665,0 days 00:00:00.666182,0.45,0.7,2,0.05,0.02,0.6,0.08,6,0.5,20,0.8,-0.39108387647623727,-0.030830266507629607,0.2538171717650998,0.36025360996860767,,COMPLETE
10677,-0.5179924623587872,2026-05-12 23:05:09.837442,2026-05-12 23:05:10.497094,0 days 00:00:00.659652,0.45,0.7,2,0.05,0.02,0.6,0.08,6,0.5,20,0.8,-0.39108387647623727,-0.030830266507629607,0.2538171717650998,0.36025360996860767,,COMPLETE
10678,-0.53021343117643,2026-05-12 23:05:10.525690,2026-05-12 23:05:14.281078,0 days 00:00:03.755388,0.45,0.9,3,0.05,0.02,0.6,0.08,3,0.5,10,0.8,,,,,,PRUNED
10679,-0.52620916498997,2026-05-12 23:05:14.309687,2026-05-12 23:05:19.195593,0 days 00:00:04.885906,0.25,0.8,2,0.05,0.02,0.6,0.16,6,0.7,20,0.8,,,,,,PRUNED
10680,-0.46037526281318486,2026-05-12 23:05:19.227465,2026-05-12 23:05:23.579883,0 days 00:00:04.352418,0.45,0.7,2,0.03,0.01,0.3,0.12,4,0.5,10,0.8,,,,,,PRUNED
10681,-9999.0,2026-05-12 23:05:23.612344,2026-05-12 23:05:24.003829,0 days 00:00:00.391485,0.35,0.7,2,0.03,0.01,0.45,0.08,6,0.7,20,0.5,,,,,BEAR_RATIO < NEUTRAL_RATIO < BULL_RATIO 约束违反: 0.35 / 0.7 / 0.7,COMPLETE
10682,-0.49431181051776285,2026-05-12 23:05:24.035725,2026-05-12 23:05:28.989681,0 days 00:00:04.953956,0.45,0.8,3,0.03,0.01,0.45,0.16,5,0.6,10,0.5,,,,,,PRUNED
10683,-0.5019878942217864,2026-05-12 23:05:29.019721,2026-05-12 23:05:34.855789,0 days 00:00:05.836068,0.45,0.8,3,0.05,0.01,0.6,0.12,4,0.6,5,0.8,,,,,,PRUNED
10684,-0.4213231947291116,2026-05-12 23:05:34.887404,2026-05-12 23:05:35.349264,0 days 00:00:00.461860,0.45,0.7,2,0.05,0.02,0.6,0.08,4,0.5,20,0.8,,,,,,PRUNED
10685,-0.4815893595857366,2026-05-12 23:05:35.378625,2026-05-12 23:05:41.203407,0 days 00:00:05.824782,0.45,0.7,3,0.03,0.02,0.45,0.16,6,0.5,5,0.5,,,,,,PRUNED
10686,-0.5052228263192308,2026-05-12 23:05:41.237284,2026-05-12 23:05:46.174914,0 days 00:00:04.937630,0.35,0.8,3,0.05,0.02,0.3,0.16,6,0.7,20,0.5,,,,,,PRUNED
10687,-0.458066644485657,2026-05-12 23:05:46.205612,2026-05-12 23:05:51.135735,0 days 00:00:04.930123,0.35,0.7,3,0.03,0.02,0.6,0.08,6,0.5,20,0.5,,,,,,PRUNED
10688,-9999.0,2026-05-12 23:05:51.165984,2026-05-12 23:05:51.590360,0 days 00:00:00.424376,0.25,0.7,4,0.03,0.02,0.6,0.12,5,0.7,5,0.5,,,,,BEAR_RATIO < NEUTRAL_RATIO < BULL_RATIO 约束违反: 0.25 / 0.7 / 0.7,COMPLETE
10689,-0.45675056654297275,2026-05-12 23:05:51.622102,2026-05-12 23:05:56.839043,0 days 00:00:05.216941,0.45,0.9,4,0.03,0.02,0.45,0.08,6,0.5,10,0.5,,,,,,PRUNED
10690,-0.5627483138291144,2026-05-12 23:05:56.869991,2026-05-12 23:06:01.976923,0 days 00:00:05.106932,0.25,0.9,2,0.03,0.02,0.6,0.08,4,0.5,5,0.8,,,,,,PRUNED
10691,-0.4955384446726831,2026-05-12 23:06:02.008815,2026-05-12 23:06:06.872152,0 days 00:00:04.863337,0.45,0.8,2,0.03,0.02,0.6,0.16,5,0.5,20,0.8,,,,,,PRUNED
10692,-0.5179924623587872,2026-05-12 23:06:06.900827,2026-05-12 23:06:07.583058,0 days 00:00:00.682231,0.45,0.7,2,0.05,0.02,0.6,0.08,6,0.5,20,0.8,-0.39108387647623727,-0.030830266507629607,0.2538171717650998,0.36025360996860767,,COMPLETE
10693,-0.4958640496042197,2026-05-12 23:06:07.611087,2026-05-12 23:06:13.447527,0 days 00:00:05.836440,0.45,0.8,2,0.03,0.01,0.3,0.12,6,0.6,5,0.65,,,,,,PRUNED
10694,-0.5218988719228652,2026-05-12 23:06:13.476942,2026-05-12 23:06:17.877732,0 days 00:00:04.400790,0.45,0.9,4,0.03,0.02,0.6,0.16,4,0.7,10,0.8,,,,,,PRUNED
10695,-0.568769170938308,2026-05-12 23:06:17.906331,2026-05-12 23:06:21.641746,0 days 00:00:03.735415,0.25,0.8,2,0.05,0.02,0.3,0.12,3,0.7,10,0.5,,,,,,PRUNED
10696,-0.5179924623587872,2026-05-12 23:06:21.671817,2026-05-12 23:06:22.312110,0 days 00:00:00.640293,0.45,0.7,2,0.05,0.02,0.6,0.08,6,0.5,20,0.8,-0.39108387647623727,-0.030830266507629607,0.2538171717650998,0.36025360996860767,,COMPLETE
10697,-0.525467291813903,2026-05-12 23:06:22.340041,2026-05-12 23:06:27.283157,0 days 00:00:04.943116,0.25,0.7,4,0.05,0.02,0.3,0.08,4,0.5,5,0.5,,,,,,PRUNED
10698,-0.4891497800601116,2026-05-12 23:06:27.311957,2026-05-12 23:06:32.386306,0 days 00:00:05.074349,0.25,0.7,3,0.03,0.02,0.3,0.08,5,0.5,10,0.65,,,,,,PRUNED
10699,-0.4751763099344605,2026-05-12 23:06:32.417846,2026-05-12 23:06:37.421572,0 days 00:00:05.003726,0.45,0.8,2,0.03,0.02,0.3,0.08,4,0.7,20,0.5,,,,,,PRUNED
10700,-0.49130981793275064,2026-05-12 23:06:37.451210,2026-05-12 23:06:41.815104,0 days 00:00:04.363894,0.35,0.8,2,0.05,0.01,0.45,0.16,3,0.6,5,0.65,,,,,,PRUNED
10701,-0.5179924623587872,2026-05-12 23:06:41.844640,2026-05-12 23:06:42.525686,0 days 00:00:00.681046,0.45,0.7,2,0.05,0.02,0.6,0.08,6,0.5,20,0.8,-0.39108387647623727,-0.030830266507629607,0.2538171717650998,0.36025360996860767,,COMPLETE
10702,-0.5742549328973152,2026-05-12 23:06:42.577017,2026-05-12 23:06:46.412267,0 days 00:00:03.835250,0.35,0.8,4,0.03,0.02,0.6,0.16,3,0.5,10,0.5,,,,,,PRUNED
10703,-0.47441457244516044,2026-05-12 23:06:46.442972,2026-05-12 23:06:46.904114,0 days 00:00:00.461142,0.25,0.7,2,0.05,0.02,0.6,0.08,6,0.5,20,0.8,,,,,,PRUNED
10704,-0.4318124553734489,2026-05-12 23:06:46.933400,2026-05-12 23:06:47.394489,0 days 00:00:00.461089,0.45,0.7,2,0.03,0.02,0.6,0.08,6,0.5,20,0.65,,,,,,PRUNED
10705,-0.4493781075878558,2026-05-12 23:06:47.445963,2026-05-12 23:06:52.012698,0 days 00:00:04.566735,0.45,0.7,3,0.05,0.01,0.45,0.12,3,0.6,5,0.65,,,,,,PRUNED
10706,-0.47936906317689737,2026-05-12 23:06:52.042254,2026-05-12 23:06:57.659391,0 days 00:00:05.617137,0.45,0.9,4,0.03,0.02,0.3,0.12,5,0.5,5,0.8,,,,,,PRUNED
10707,-0.5689604570880138,2026-05-12 23:06:57.689293,2026-05-12 23:07:01.510006,0 days 00:00:03.820713,0.35,0.9,2,0.05,0.02,0.45,0.12,3,0.7,10,0.5,,,,,,PRUNED
10708,-0.5179924623587872,2026-05-12 23:07:01.537945,2026-05-12 23:07:02.188393,0 days 00:00:00.650448,0.45,0.7,2,0.05,0.02,0.6,0.08,6,0.5,20,0.8,-0.39108387647623727,-0.030830266507629607,0.2538171717650998,0.36025360996860767,,COMPLETE
10709,-0.5207110342196645,2026-05-12 23:07:02.218427,2026-05-12 23:07:07.500584,0 days 00:00:05.282157,0.45,0.9,4,0.03,0.02,0.6,0.12,4,0.5,5,0.8,,,,,,PRUNED
10710,-0.6039380121510023,2026-05-12 23:07:07.528674,2026-05-12 23:07:10.975175,0 days 00:00:03.446501,0.25,0.7,3,0.05,0.01,0.6,0.12,3,0.5,20,0.8,,,,,,PRUNED
10711,-0.527372467924861,2026-05-12 23:07:10.999957,2026-05-12 23:07:15.983048,0 days 00:00:04.983091,0.35,0.9,2,0.03,0.02,0.6,0.16,6,0.5,20,0.65,,,,,,PRUNED
10712,-0.4092788272711371,2026-05-12 23:07:16.011074,2026-05-12 23:07:16.463546,0 days 00:00:00.452472,0.45,0.7,3,0.05,0.02,0.6,0.08,6,0.5,20,0.65,,,,,,PRUNED
10713,-0.4296411080598753,2026-05-12 23:07:16.492165,2026-05-12 23:07:16.938800,0 days 00:00:00.446635,0.45,0.7,2,0.05,0.02,0.6,0.16,6,0.5,20,0.8,,,,,,PRUNED
10714,-0.5085629641010874,2026-05-12 23:07:16.969698,2026-05-12 23:07:21.856437,0 days 00:00:04.886739,0.25,0.7,4,0.03,0.01,0.45,0.08,6,0.6,20,0.8,,,,,,PRUNED
10715,-9999.0,2026-05-12 23:07:21.887724,2026-05-12 23:07:22.281453,0 days 00:00:00.393729,0.35,0.7,3,0.05,0.02,0.45,0.08,4,0.7,5,0.5,,,,,BEAR_RATIO < NEUTRAL_RATIO < BULL_RATIO 约束违反: 0.35 / 0.7 / 0.7,COMPLETE
10716,-9999.0,2026-05-12 23:07:22.310301,2026-05-12 23:07:22.700099,0 days 00:00:00.389798,0.45,0.7,4,0.05,0.02,0.3,0.16,5,0.7,10,0.5,,,,,BEAR_RATIO < NEUTRAL_RATIO < BULL_RATIO 约束违反: 0.45 / 0.7 / 0.7,COMPLETE
10717,-9999.0,2026-05-12 23:07:22.730255,2026-05-12 23:07:23.121634,0 days 00:00:00.391379,0.45,0.7,2,0.05,0.01,0.6,0.08,3,0.7,20,0.8,,,,,BEAR_RATIO < NEUTRAL_RATIO < BULL_RATIO 约束违反: 0.45 / 0.7 / 0.7,COMPLETE
10718,-9999.0,2026-05-12 23:07:23.152754,2026-05-12 23:07:23.552875,0 days 00:00:00.400121,0.25,0.7,2,0.03,0.02,0.45,0.16,3,0.7,20,0.5,,,,,BEAR_RATIO < NEUTRAL_RATIO < BULL_RATIO 约束违反: 0.25 / 0.7 / 0.7,COMPLETE
10719,-0.5265935727834048,2026-05-12 23:07:23.583994,2026-05-12 23:07:29.355328,0 days 00:00:05.771334,0.35,0.8,4,0.03,0.01,0.6,0.12,6,0.6,5,0.5,,,,,,PRUNED
10720,-0.4092137988646166,2026-05-12 23:07:29.384948,2026-05-12 23:07:29.843419,0 days 00:00:00.458471,0.45,0.7,2,0.05,0.02,0.6,0.08,6,0.5,10,0.8,,,,,,PRUNED
10721,-0.5179924623587872,2026-05-12 23:07:29.871145,2026-05-12 23:07:30.539405,0 days 00:00:00.668260,0.45,0.7,2,0.05,0.02,0.6,0.08,6,0.5,20,0.8,-0.39108387647623727,-0.030830266507629607,0.2538171717650998,0.36025360996860767,,COMPLETE
10722,-0.5179924623587872,2026-05-12 23:07:30.571217,2026-05-12 23:07:31.203062,0 days 00:00:00.631845,0.45,0.7,2,0.05,0.02,0.6,0.08,6,0.5,20,0.8,-0.39108387647623727,-0.030830266507629607,0.2538171717650998,0.36025360996860767,,COMPLETE
10723,-0.4937589241922219,2026-05-12 23:07:31.236495,2026-05-12 23:07:35.867207,0 days 00:00:04.630712,0.35,0.9,2,0.05,0.02,0.6,0.12,5,0.6,20,0.8,,,,,,PRUNED
10724,-0.4819736102537746,2026-05-12 23:07:35.896023,2026-05-12 23:07:41.741673,0 days 00:00:05.845650,0.35,0.7,2,0.03,0.02,0.6,0.12,6,0.5,20,0.65,,,,,,PRUNED
10725,-0.5179924623587872,2026-05-12 23:07:41.769802,2026-05-12 23:07:42.421750,0 days 00:00:00.651948,0.45,0.7,2,0.05,0.02,0.6,0.08,6,0.5,20,0.8,-0.39108387647623727,-0.030830266507629607,0.2538171717650998,0.36025360996860767,,COMPLETE
10726,-0.46235486985844865,2026-05-12 23:07:42.450379,2026-05-12 23:07:47.382699,0 days 00:00:04.932320,0.35,0.7,3,0.05,0.01,0.6,0.12,5,0.6,10,0.5,,,,,,PRUNED
10727,-0.5662219591997116,2026-05-12 23:07:47.411371,2026-05-12 23:07:51.310199,0 days 00:00:03.898828,0.45,0.7,3,0.03,0.01,0.3,0.16,3,0.6,10,0.65,,,,,,PRUNED
10728,-0.4851587596374852,2026-05-12 23:07:51.342108,2026-05-12 23:07:55.741121,0 days 00:00:04.399013,0.35,0.8,3,0.05,0.02,0.3,0.08,3,0.6,5,0.5,,,,,,PRUNED
10729,-0.5687736828577687,2026-05-12 23:07:55.770851,2026-05-12 23:07:59.579232,0 days 00:00:03.808381,0.25,0.7,4,0.03,0.02,0.3,0.12,3,0.5,10,0.5,,,,,,PRUNED
10730,-0.41425741193738236,2026-05-12 23:07:59.607908,2026-05-12 23:08:00.055635,0 days 00:00:00.447727,0.45,0.7,2,0.05,0.02,0.6,0.08,6,0.5,5,0.8,,,,,,PRUNED
10731,-0.5119176708423084,2026-05-12 23:08:00.084443,2026-05-12 23:08:04.993493,0 days 00:00:04.909050,0.25,0.8,2,0.05,0.01,0.6,0.16,6,0.5,20,0.8,,,,,,PRUNED
10732,-0.460383538643085,2026-05-12 23:08:05.024023,2026-05-12 23:08:10.829093,0 days 00:00:05.805070,0.35,0.7,2,0.05,0.02,0.6,0.12,6,0.5,5,0.5,,,,,,PRUNED
10733,-0.6413527674640855,2026-05-12 23:08:10.858378,2026-05-12 23:08:14.308528,0 days 00:00:03.450150,0.25,0.7,3,0.03,0.01,0.3,0.16,3,0.6,20,0.8,,,,,,PRUNED
10734,-9999.0,2026-05-12 23:08:14.338656,2026-05-12 23:08:14.750803,0 days 00:00:00.412147,0.45,0.7,4,0.03,0.02,0.6,0.16,3,0.7,10,0.8,,,,,BEAR_RATIO < NEUTRAL_RATIO < BULL_RATIO 约束违反: 0.45 / 0.7 / 0.7,COMPLETE
10735,-9999.0,2026-05-12 23:08:14.778920,2026-05-12 23:08:15.167490,0 days 00:00:00.388570,0.35,0.7,3,0.05,0.01,0.6,0.08,3,0.7,5,0.8,,,,,BEAR_RATIO < NEUTRAL_RATIO < BULL_RATIO 约束违反: 0.35 / 0.7 / 0.7,COMPLETE
10736,-0.530281696137568,2026-05-12 23:08:15.197502,2026-05-12 23:08:20.157617,0 days 00:00:04.960115,0.25,0.8,3,0.03,0.01,0.3,0.12,5,0.6,10,0.5,,,,,,PRUNED
10737,-0.5192673660979008,2026-05-12 23:08:20.186564,2026-05-12 23:08:25.400122,0 days 00:00:05.213558,0.35,0.8,2,0.03,0.02,0.3,0.12,6,0.7,10,0.5,,,,,,PRUNED
10738,-0.462373366803482,2026-05-12 23:08:25.429195,2026-05-12 23:08:30.113799,0 days 00:00:04.684604,0.45,0.9,3,0.05,0.01,0.45,0.08,4,0.6,10,0.5,,,,,,PRUNED
10739,-0.5015023519668894,2026-05-12 23:08:30.142248,2026-05-12 23:08:34.236077,0 days 00:00:04.093829,0.25,0.9,3,0.03,0.02,0.45,0.08,4,0.7,20,0.5,,,,,,PRUNED
10740,-0.506678440072635,2026-05-12 23:08:34.265639,2026-05-12 23:08:38.332153,0 days 00:00:04.066514,0.25,0.8,2,0.03,0.01,0.6,0.12,4,0.6,20,0.65,,,,,,PRUNED
10741,-0.4100386278766106,2026-05-12 23:08:38.362182,2026-05-12 23:08:38.797751,0 days 00:00:00.435569,0.45,0.7,2,0.05,0.02,0.3,0.08,6,0.5,20,0.8,,,,,,PRUNED
10742,-0.5516197500977115,2026-05-12 23:08:38.826879,2026-05-12 23:08:45.584681,0 days 00:00:06.757802,0.35,0.9,3,0.03,0.02,0.45,0.12,6,0.7,5,0.5,,,,,,PRUNED
10743,-0.5179924623587872,2026-05-12 23:08:45.614374,2026-05-12 23:08:46.274450,0 days 00:00:00.660076,0.45,0.7,2,0.05,0.02,0.6,0.08,6,0.5,20,0.8,-0.39108387647623727,-0.030830266507629607,0.2538171717650998,0.36025360996860767,,COMPLETE
10744,-0.42056632138184724,2026-05-12 23:08:46.303713,2026-05-12 23:08:46.772918,0 days 00:00:00.469205,0.45,0.8,2,0.05,0.02,0.6,0.08,6,0.5,20,0.8,,,,,,PRUNED
10745,-0.4569872190679303,2026-05-12 23:08:46.803300,2026-05-12 23:08:51.734323,0 days 00:00:04.931023,0.45,0.9,4,0.05,0.02,0.6,0.16,5,0.5,10,0.65,,,,,,PRUNED
10746,-0.5179924623587872,2026-05-12 23:08:51.763820,2026-05-12 23:08:52.454620,0 days 00:00:00.690800,0.45,0.7,2,0.05,0.01,0.6,0.08,6,0.5,20,0.8,-0.39108387647623727,-0.030830266507629607,0.2538171717650998,0.36025360996860767,,COMPLETE
10747,-0.5179924623587872,2026-05-12 23:08:52.485262,2026-05-12 23:08:53.219528,0 days 00:00:00.734266,0.45,0.7,2,0.05,0.02,0.6,0.08,6,0.5,20,0.8,-0.39108387647623727,-0.030830266507629607,0.2538171717650998,0.36025360996860767,,COMPLETE
10748,-0.5179924623587872,2026-05-12 23:08:53.250186,2026-05-12 23:08:53.847791,0 days 00:00:00.597605,0.45,0.7,2,0.05,0.02,0.6,0.08,6,0.5,20,0.8,-0.39108387647623727,-0.030830266507629607,0.2538171717650998,0.36025360996860767,,COMPLETE
10749,-0.550103860611568,2026-05-12 23:08:53.872350,2026-05-12 23:08:57.569191,0 days 00:00:03.696841,0.45,0.8,3,0.05,0.01,0.3,0.16,3,0.6,10,0.65,,,,,,PRUNED
10750,-0.43333909441165963,2026-05-12 23:08:57.600682,2026-05-12 23:08:58.057353,0 days 00:00:00.456671,0.35,0.7,2,0.05,0.02,0.6,0.08,6,0.5,20,0.8,,,,,,PRUNED
10751,-0.5179924623587872,2026-05-12 23:08:58.086026,2026-05-12 23:08:58.735509,0 days 00:00:00.649483,0.45,0.7,2,0.05,0.02,0.6,0.08,6,0.5,20,0.8,-0.39108387647623727,-0.030830266507629607,0.2538171717650998,0.36025360996860767,,COMPLETE
10752,-9999.0,2026-05-12 23:08:58.767056,2026-05-12 23:08:59.163419,0 days 00:00:00.396363,0.45,0.7,2,0.05,0.02,0.6,0.08,6,0.7,20,0.8,,,,,BEAR_RATIO < NEUTRAL_RATIO < BULL_RATIO 约束违反: 0.45 / 0.7 / 0.7,COMPLETE
10753,-0.544431991321719,2026-05-12 23:08:59.192794,2026-05-12 23:09:03.898225,0 days 00:00:04.705431,0.25,0.8,4,0.03,0.02,0.45,0.12,5,0.6,20,0.5,,,,,,PRUNED
10754,-0.4671610879635357,2026-05-12 23:09:03.937166,2026-05-12 23:09:08.355195,0 days 00:00:04.418029,0.25,0.7,4,0.05,0.01,0.45,0.08,4,0.6,20,0.8,,,,,,PRUNED
10755,-0.4651796727659102,2026-05-12 23:09:08.383311,2026-05-12 23:09:12.735588,0 days 00:00:04.352277,0.45,0.9,4,0.03,0.01,0.45,0.08,4,0.5,10,0.5,,,,,,PRUNED
10756,-0.5179924623587872,2026-05-12 23:09:12.764911,2026-05-12 23:09:13.410710,0 days 00:00:00.645799,0.45,0.7,2,0.05,0.02,0.6,0.08,6,0.5,20,0.8,-0.39108387647623727,-0.030830266507629607,0.2538171717650998,0.36025360996860767,,COMPLETE
10757,-0.4318124553734489,2026-05-12 23:09:13.439304,2026-05-12 23:09:13.895692,0 days 00:00:00.456388,0.45,0.7,2,0.03,0.02,0.6,0.08,6,0.5,20,0.8,,,,,,PRUNED
