number,value,datetime_start,datetime_complete,duration,params_BEAR_RATIO,params_BULL_RATIO,params_GRID_MAX_LAYER,params_GRID_STEP_MAX,params_GRID_STEP_MIN,params_GRID_STEP_VOL_FACTOR,params_LAYER_FRACTION,params_MAX_HOLD,params_NEUTRAL_RATIO,params_REBALANCE_FREQ,params_VOL_WEIGHT,user_attrs_avg_test_score,user_attrs_avg_train_score,user_attrs_test_score_std,user_attrs_train_test_gap,user_attrs_validation_error,state
10878,-0.5179924623587872,2026-05-12 23:15:22.936193,2026-05-12 23:15:23.587825,0 days 00:00:00.651632,0.45,0.7,2,0.05,0.02,0.6,0.08,6,0.5,20,0.8,-0.39108387647623727,-0.030830266507629607,0.2538171717650998,0.36025360996860767,,COMPLETE
10879,-0.5179924623587872,2026-05-12 23:15:23.618946,2026-05-12 23:15:24.305594,0 days 00:00:00.686648,0.45,0.7,2,0.05,0.02,0.6,0.08,6,0.5,20,0.8,-0.39108387647623727,-0.030830266507629607,0.2538171717650998,0.36025360996860767,,COMPLETE
10880,-0.44763537156024014,2026-05-12 23:15:24.350549,2026-05-12 23:15:28.436473,0 days 00:00:04.085924,0.35,0.8,3,0.05,0.02,0.45,0.08,4,0.5,20,0.8,,,,,,PRUNED
10881,-0.4916671468920007,2026-05-12 23:15:28.463821,2026-05-12 23:15:32.616970,0 days 00:00:04.153149,0.25,0.9,2,0.03,0.02,0.6,0.08,4,0.5,20,0.8,,,,,,PRUNED
10882,-0.539402077216797,2026-05-12 23:15:32.647452,2026-05-12 23:15:37.594802,0 days 00:00:04.947350,0.25,0.8,4,0.05,0.01,0.3,0.16,6,0.7,20,0.8,,,,,,PRUNED
10883,-0.5825139853896287,2026-05-12 23:15:37.636909,2026-05-12 23:15:41.091044,0 days 00:00:03.454135,0.45,0.7,2,0.03,0.02,0.45,0.08,3,0.5,20,0.65,,,,,,PRUNED
10884,-0.5470078779603692,2026-05-12 23:15:41.121252,2026-05-12 23:15:44.902913,0 days 00:00:03.781661,0.35,0.9,3,0.05,0.01,0.45,0.12,3,0.5,10,0.8,,,,,,PRUNED
10885,-0.5000049229516359,2026-05-12 23:15:44.928744,2026-05-12 23:15:49.820678,0 days 00:00:04.891934,0.25,0.9,4,0.05,0.01,0.3,0.08,5,0.5,10,0.65,,,,,,PRUNED
10886,-9999.0,2026-05-12 23:15:49.852290,2026-05-12 23:15:50.279521,0 days 00:00:00.427231,0.45,0.7,3,0.03,0.01,0.45,0.12,6,0.7,5,0.65,,,,,BEAR_RATIO < NEUTRAL_RATIO < BULL_RATIO 约束违反: 0.45 / 0.7 / 0.7,COMPLETE
10887,-0.5179924623587872,2026-05-12 23:15:50.309135,2026-05-12 23:15:51.051085,0 days 00:00:00.741950,0.45,0.7,2,0.05,0.01,0.6,0.08,6,0.5,20,0.8,-0.39108387647623727,-0.030830266507629607,0.2538171717650998,0.36025360996860767,,COMPLETE
10888,-0.5179924623587872,2026-05-12 23:15:51.079187,2026-05-12 23:15:51.782751,0 days 00:00:00.703564,0.45,0.7,2,0.05,0.02,0.6,0.08,6,0.5,20,0.8,-0.39108387647623727,-0.030830266507629607,0.2538171717650998,0.36025360996860767,,COMPLETE
10889,-9999.0,2026-05-12 23:15:51.814439,2026-05-12 23:15:52.229020,0 days 00:00:00.414581,0.35,0.7,3,0.05,0.01,0.3,0.16,6,0.7,20,0.5,,,,,BEAR_RATIO < NEUTRAL_RATIO < BULL_RATIO 约束违反: 0.35 / 0.7 / 0.7,COMPLETE
10890,-9999.0,2026-05-12 23:15:52.256265,2026-05-12 23:15:52.661993,0 days 00:00:00.405728,0.25,0.7,2,0.05,0.02,0.3,0.16,6,0.7,5,0.8,,,,,BEAR_RATIO < NEUTRAL_RATIO < BULL_RATIO 约束违反: 0.25 / 0.7 / 0.7,COMPLETE
10891,-0.42056632138184724,2026-05-12 23:15:52.693042,2026-05-12 23:15:53.152073,0 days 00:00:00.459031,0.45,0.8,2,0.05,0.02,0.6,0.08,6,0.5,20,0.8,,,,,,PRUNED
10892,-0.5179924623587872,2026-05-12 23:15:53.180254,2026-05-12 23:15:53.872384,0 days 00:00:00.692130,0.45,0.7,2,0.05,0.02,0.6,0.08,6,0.5,20,0.8,-0.39108387647623727,-0.030830266507629607,0.2538171717650998,0.36025360996860767,,COMPLETE
10893,-0.5149834997350426,2026-05-12 23:15:53.904390,2026-05-12 23:15:58.767214,0 days 00:00:04.862824,0.25,0.9,3,0.05,0.01,0.6,0.12,6,0.5,20,0.8,,,,,,PRUNED
10894,-0.4808611596094255,2026-05-12 23:15:58.795849,2026-05-12 23:16:03.788360,0 days 00:00:04.992511,0.45,0.7,3,0.03,0.02,0.6,0.08,4,0.5,5,0.8,,,,,,PRUNED
10895,-0.5803058891216837,2026-05-12 23:16:03.818909,2026-05-12 23:16:09.654787,0 days 00:00:05.835878,0.25,0.9,3,0.03,0.01,0.3,0.12,6,0.6,5,0.5,,,,,,PRUNED
10896,-0.4100386278766106,2026-05-12 23:16:09.685637,2026-05-12 23:16:10.151382,0 days 00:00:00.465745,0.45,0.7,2,0.05,0.02,0.3,0.08,6,0.5,20,0.8,,,,,,PRUNED
10897,-0.5241054316492093,2026-05-12 23:16:10.178494,2026-05-12 23:16:15.134525,0 days 00:00:04.956031,0.35,0.8,4,0.03,0.01,0.6,0.16,4,0.7,20,0.5,,,,,,PRUNED
10898,-0.5457143340374512,2026-05-12 23:16:15.168183,2026-05-12 23:16:20.730536,0 days 00:00:05.562353,0.35,0.9,4,0.03,0.02,0.3,0.12,5,0.7,5,0.65,,,,,,PRUNED
10899,-0.6113208770851378,2026-05-12 23:16:20.783930,2026-05-12 23:16:24.286455,0 days 00:00:03.502525,0.45,0.8,3,0.05,0.02,0.6,0.16,3,0.6,20,0.65,,,,,,PRUNED
10900,-0.43223096142417294,2026-05-12 23:16:24.317092,2026-05-12 23:16:24.775888,0 days 00:00:00.458796,0.45,0.9,2,0.05,0.02,0.6,0.08,6,0.5,20,0.5,,,,,,PRUNED
10901,-0.530113499997634,2026-05-12 23:16:24.804629,2026-05-12 23:16:29.793621,0 days 00:00:04.988992,0.35,0.9,3,0.03,0.01,0.45,0.12,6,0.7,20,0.8,,,,,,PRUNED
10902,-0.4528760396012317,2026-05-12 23:16:29.821100,2026-05-12 23:16:33.933551,0 days 00:00:04.112451,0.45,0.9,3,0.05,0.02,0.6,0.08,4,0.6,20,0.8,,,,,,PRUNED
10903,-0.43362061482938863,2026-05-12 23:16:33.961829,2026-05-12 23:16:34.423184,0 days 00:00:00.461355,0.45,0.9,3,0.05,0.02,0.6,0.08,6,0.5,20,0.65,,,,,,PRUNED
10904,-0.4756390601454813,2026-05-12 23:16:34.452243,2026-05-12 23:16:38.870940,0 days 00:00:04.418697,0.35,0.7,2,0.05,0.02,0.6,0.12,3,0.6,5,0.8,,,,,,PRUNED
10905,-0.4878583409859031,2026-05-12 23:16:38.899936,2026-05-12 23:16:43.262992,0 days 00:00:04.363056,0.35,0.7,2,0.03,0.01,0.3,0.16,3,0.5,5,0.5,,,,,,PRUNED
10906,-0.47664151055123694,2026-05-12 23:16:43.295457,2026-05-12 23:16:49.099226,0 days 00:00:05.803769,0.35,0.7,2,0.05,0.01,0.6,0.12,6,0.6,5,0.8,,,,,,PRUNED
10907,-0.5179924623587872,2026-05-12 23:16:49.129495,2026-05-12 23:16:49.810897,0 days 00:00:00.681402,0.45,0.7,2,0.05,0.02,0.6,0.08,6,0.5,20,0.8,-0.39108387647623727,-0.030830266507629607,0.2538171717650998,0.36025360996860767,,COMPLETE
10908,-0.43223096142417294,2026-05-12 23:16:49.841817,2026-05-12 23:16:50.313253,0 days 00:00:00.471436,0.45,0.9,2,0.05,0.02,0.6,0.08,6,0.5,20,0.8,,,,,,PRUNED
10909,-0.5179924623587872,2026-05-12 23:16:50.345841,2026-05-12 23:16:51.035277,0 days 00:00:00.689436,0.45,0.7,2,0.05,0.02,0.6,0.08,6,0.5,20,0.8,-0.39108387647623727,-0.030830266507629607,0.2538171717650998,0.36025360996860767,,COMPLETE
10910,-0.5183882143270863,2026-05-12 23:16:51.066697,2026-05-12 23:16:55.718346,0 days 00:00:04.651649,0.35,0.9,2,0.05,0.01,0.3,0.16,5,0.7,20,0.65,,,,,,PRUNED
10911,-0.46741613045993324,2026-05-12 23:16:55.749422,2026-05-12 23:17:00.753322,0 days 00:00:05.003900,0.45,0.8,3,0.05,0.02,0.6,0.12,5,0.7,10,0.8,,,,,,PRUNED
10912,-0.5042517562800317,2026-05-12 23:17:00.782004,2026-05-12 23:17:05.178939,0 days 00:00:04.396935,0.25,0.7,3,0.03,0.02,0.3,0.08,3,0.5,5,0.65,,,,,,PRUNED
10913,-0.43333909441165963,2026-05-12 23:17:05.209564,2026-05-12 23:17:05.663126,0 days 00:00:00.453562,0.35,0.7,2,0.05,0.02,0.6,0.08,6,0.5,20,0.8,,,,,,PRUNED
10914,-0.5179924623587872,2026-05-12 23:17:05.691885,2026-05-12 23:17:06.343572,0 days 00:00:00.651687,0.45,0.7,2,0.05,0.02,0.6,0.08,6,0.5,20,0.8,-0.39108387647623727,-0.030830266507629607,0.2538171717650998,0.36025360996860767,,COMPLETE
10915,-0.5257274635967507,2026-05-12 23:17:06.371548,2026-05-12 23:17:11.870176,0 days 00:00:05.498628,0.25,0.8,4,0.03,0.01,0.6,0.08,5,0.5,5,0.5,,,,,,PRUNED
10916,-0.4707540461764796,2026-05-12 23:17:11.899558,2026-05-12 23:17:15.977354,0 days 00:00:04.077796,0.35,0.8,4,0.05,0.02,0.6,0.12,4,0.6,20,0.65,,,,,,PRUNED
10917,-9999.0,2026-05-12 23:17:16.008659,2026-05-12 23:17:17.452305,0 days 00:00:01.443646,0.45,0.7,3,0.05,0.01,0.3,0.12,3,0.7,5,0.8,,,,,BEAR_RATIO < NEUTRAL_RATIO < BULL_RATIO 约束违反: 0.45 / 0.7 / 0.7,COMPLETE
10918,-9999.0,2026-05-12 23:17:17.482592,2026-05-12 23:17:17.871679,0 days 00:00:00.389087,0.45,0.7,2,0.05,0.02,0.6,0.08,6,0.7,20,0.8,,,,,BEAR_RATIO < NEUTRAL_RATIO < BULL_RATIO 约束违反: 0.45 / 0.7 / 0.7,COMPLETE
10919,-0.45410320963498096,2026-05-12 23:17:17.902400,2026-05-12 23:17:22.885296,0 days 00:00:04.982896,0.45,0.9,4,0.03,0.02,0.6,0.08,6,0.5,20,0.8,,,,,,PRUNED
10920,-0.5134446591327464,2026-05-12 23:17:22.919744,2026-05-12 23:17:28.488426,0 days 00:00:05.568682,0.35,0.9,3,0.05,0.01,0.45,0.16,5,0.6,5,0.5,,,,,,PRUNED
10921,-0.5055022342615785,2026-05-12 23:17:28.521583,2026-05-12 23:17:32.693765,0 days 00:00:04.172182,0.25,0.8,4,0.03,0.02,0.3,0.12,4,0.5,20,0.65,,,,,,PRUNED
10922,-0.4318124553734489,2026-05-12 23:17:32.725609,2026-05-12 23:17:33.191872,0 days 00:00:00.466263,0.45,0.7,2,0.03,0.02,0.6,0.08,6,0.5,20,0.8,,,,,,PRUNED
10923,-0.5066109609828858,2026-05-12 23:17:33.223033,2026-05-12 23:17:37.882102,0 days 00:00:04.659069,0.35,0.9,3,0.05,0.02,0.6,0.16,5,0.6,20,0.5,,,,,,PRUNED
10924,-0.5310273626016326,2026-05-12 23:17:37.912223,2026-05-12 23:17:43.873479,0 days 00:00:05.961256,0.35,0.8,2,0.03,0.01,0.3,0.16,6,0.5,5,0.8,,,,,,PRUNED
10925,-0.511222086499153,2026-05-12 23:17:43.903453,2026-05-12 23:17:48.002384,0 days 00:00:04.098931,0.45,0.8,2,0.03,0.02,0.6,0.16,4,0.7,20,0.65,,,,,,PRUNED
10926,-0.5179924623587872,2026-05-12 23:17:48.033201,2026-05-12 23:17:48.699916,0 days 00:00:00.666715,0.45,0.7,2,0.05,0.02,0.6,0.08,6,0.5,20,0.8,-0.39108387647623727,-0.030830266507629607,0.2538171717650998,0.36025360996860767,,COMPLETE
10927,-0.5054423421287099,2026-05-12 23:17:48.727849,2026-05-12 23:17:53.917660,0 days 00:00:05.189811,0.35,0.9,2,0.05,0.02,0.45,0.16,6,0.7,10,0.65,,,,,,PRUNED
10928,-0.4194511448045569,2026-05-12 23:17:53.947418,2026-05-12 23:17:54.416317,0 days 00:00:00.468899,0.45,0.7,2,0.05,0.02,0.6,0.12,6,0.5,20,0.8,,,,,,PRUNED
10929,-0.5182406672588966,2026-05-12 23:17:54.446187,2026-05-12 23:17:55.096116,0 days 00:00:00.649929,0.45,0.7,2,0.05,0.02,0.45,0.08,6,0.5,20,0.8,-0.3910743597599139,-0.030648087966744914,0.25433261499796533,0.360426271793169,,COMPLETE
10930,-0.4867537788834891,2026-05-12 23:17:55.126003,2026-05-12 23:18:00.668976,0 days 00:00:05.542973,0.35,0.7,2,0.03,0.01,0.45,0.12,5,0.5,5,0.5,,,,,,PRUNED
10931,-0.5179924623587872,2026-05-12 23:18:00.697251,2026-05-12 23:18:01.340227,0 days 00:00:00.642976,0.45,0.7,2,0.05,0.02,0.6,0.08,6,0.5,20,0.8,-0.39108387647623727,-0.030830266507629607,0.2538171717650998,0.36025360996860767,,COMPLETE
10932,-9999.0,2026-05-12 23:18:01.369090,2026-05-12 23:18:01.785364,0 days 00:00:00.416274,0.35,0.7,3,0.03,0.01,0.45,0.12,6,0.7,5,0.5,,,,,BEAR_RATIO < NEUTRAL_RATIO < BULL_RATIO 约束违反: 0.35 / 0.7 / 0.7,COMPLETE
10933,-0.5715107846558711,2026-05-12 23:18:01.813805,2026-05-12 23:18:02.271732,0 days 00:00:00.457927,0.45,0.7,2,0.05,0.02,0.6,0.08,3,0.5,20,0.8,,,,,,PRUNED
10934,-0.5050991028749771,2026-05-12 23:18:02.301103,2026-05-12 23:18:07.203609,0 days 00:00:04.902506,0.45,0.9,3,0.03,0.02,0.45,0.16,5,0.6,10,0.65,,,,,,PRUNED
10935,-0.5250065553360587,2026-05-12 23:18:07.231634,2026-05-12 23:18:11.868319,0 days 00:00:04.636685,0.25,0.8,4,0.03,0.02,0.3,0.08,5,0.6,20,0.65,,,,,,PRUNED
10936,-0.5179924623587872,2026-05-12 23:18:11.899890,2026-05-12 23:18:12.568991,0 days 00:00:00.669101,0.45,0.7,2,0.05,0.02,0.6,0.08,6,0.5,20,0.8,-0.39108387647623727,-0.030830266507629607,0.2538171717650998,0.36025360996860767,,COMPLETE
10937,-0.5085684843068807,2026-05-12 23:18:12.597887,2026-05-12 23:18:18.465614,0 days 00:00:05.867727,0.25,0.9,3,0.05,0.01,0.45,0.12,5,0.5,10,0.8,,,,,,PRUNED
10938,-0.5179924623587872,2026-05-12 23:18:18.496814,2026-05-12 23:18:19.166599,0 days 00:00:00.669785,0.45,0.7,2,0.05,0.02,0.6,0.08,6,0.5,20,0.8,-0.39108387647623727,-0.030830266507629607,0.2538171717650998,0.36025360996860767,,COMPLETE
10939,-0.4242910183560481,2026-05-12 23:18:19.196800,2026-05-12 23:18:19.645640,0 days 00:00:00.448840,0.45,0.7,2,0.05,0.02,0.6,0.08,5,0.5,20,0.8,,,,,,PRUNED
10940,-0.5179924623587872,2026-05-12 23:18:19.675309,2026-05-12 23:18:20.351975,0 days 00:00:00.676666,0.45,0.7,2,0.05,0.02,0.6,0.08,6,0.5,20,0.8,-0.39108387647623727,-0.030830266507629607,0.2538171717650998,0.36025360996860767,,COMPLETE
10941,-0.410125315542252,2026-05-12 23:18:20.379422,2026-05-12 23:18:20.847145,0 days 00:00:00.467723,0.45,0.7,4,0.05,0.02,0.6,0.08,6,0.5,20,0.8,,,,,,PRUNED
10942,-0.5145989314988659,2026-05-12 23:18:20.877938,2026-05-12 23:18:25.290372,0 days 00:00:04.412434,0.25,0.9,4,0.03,0.02,0.6,0.12,4,0.5,10,0.8,,,,,,PRUNED
10943,-0.5179924623587872,2026-05-12 23:18:25.318992,2026-05-12 23:18:25.983239,0 days 00:00:00.664247,0.45,0.7,2,0.05,0.02,0.6,0.08,6,0.5,20,0.8,-0.39108387647623727,-0.030830266507629607,0.2538171717650998,0.36025360996860767,,COMPLETE
10944,-0.5437644296849018,2026-05-12 23:18:26.011889,2026-05-12 23:18:31.770755,0 days 00:00:05.758866,0.25,0.9,2,0.05,0.02,0.3,0.08,6,0.7,5,0.8,,,,,,PRUNED
10945,-0.440355112130286,2026-05-12 23:18:31.799418,2026-05-12 23:18:37.593469,0 days 00:00:05.794051,0.45,0.8,2,0.05,0.01,0.6,0.12,6,0.5,5,0.8,,,,,,PRUNED
10946,-0.566247961122019,2026-05-12 23:18:37.622010,2026-05-12 23:18:41.440784,0 days 00:00:03.818774,0.25,0.8,2,0.05,0.01,0.6,0.16,3,0.6,10,0.65,,,,,,PRUNED
10947,-0.5334322554150608,2026-05-12 23:18:41.467662,2026-05-12 23:18:45.608999,0 days 00:00:04.141337,0.35,0.9,4,0.03,0.02,0.3,0.16,4,0.7,20,0.65,,,,,,PRUNED
10948,-0.5179924623587872,2026-05-12 23:18:45.639031,2026-05-12 23:18:46.308954,0 days 00:00:00.669923,0.45,0.7,2,0.05,0.02,0.6,0.08,6,0.5,20,0.8,-0.39108387647623727,-0.030830266507629607,0.2538171717650998,0.36025360996860767,,COMPLETE
10949,-0.484255710666019,2026-05-12 23:18:46.342416,2026-05-12 23:18:51.241182,0 days 00:00:04.898766,0.35,0.8,2,0.03,0.02,0.45,0.08,6,0.6,20,0.65,,,,,,PRUNED
10950,-0.4871629781389817,2026-05-12 23:18:51.271083,2026-05-12 23:18:56.112905,0 days 00:00:04.841822,0.25,0.8,3,0.05,0.02,0.3,0.08,5,0.5,10,0.8,,,,,,PRUNED
10951,-0.5179924623587872,2026-05-12 23:18:56.140443,2026-05-12 23:18:56.828471,0 days 00:00:00.688028,0.45,0.7,2,0.05,0.02,0.6,0.08,6,0.5,20,0.65,-0.39108387647623727,-0.030830266507629607,0.2538171717650998,0.36025360996860767,,COMPLETE
10952,-0.5179924623587872,2026-05-12 23:18:56.859006,2026-05-12 23:18:57.534003,0 days 00:00:00.674997,0.45,0.7,2,0.05,0.01,0.6,0.08,6,0.5,20,0.8,-0.39108387647623727,-0.030830266507629607,0.2538171717650998,0.36025360996860767,,COMPLETE
10953,-0.5179924623587872,2026-05-12 23:18:57.565075,2026-05-12 23:18:58.216480,0 days 00:00:00.651405,0.45,0.7,2,0.05,0.02,0.6,0.08,6,0.5,20,0.5,-0.39108387647623727,-0.030830266507629607,0.2538171717650998,0.36025360996860767,,COMPLETE
10954,-0.4982428710107578,2026-05-12 23:18:58.245975,2026-05-12 23:19:03.215069,0 days 00:00:04.969094,0.45,0.8,4,0.05,0.02,0.3,0.08,4,0.6,5,0.5,,,,,,PRUNED
10955,-9999.0,2026-05-12 23:19:03.245096,2026-05-12 23:19:03.635531,0 days 00:00:00.390435,0.35,0.7,4,0.03,0.02,0.6,0.16,5,0.7,10,0.5,,,,,BEAR_RATIO < NEUTRAL_RATIO < BULL_RATIO 约束违反: 0.35 / 0.7 / 0.7,COMPLETE
10956,-0.5179924623587872,2026-05-12 23:19:03.665696,2026-05-12 23:19:04.323591,0 days 00:00:00.657895,0.45,0.7,2,0.05,0.02,0.6,0.08,6,0.5,20,0.8,-0.39108387647623727,-0.030830266507629607,0.2538171717650998,0.36025360996860767,,COMPLETE
10957,-0.46136002731533754,2026-05-12 23:19:04.353819,2026-05-12 23:19:08.399710,0 days 00:00:04.045891,0.35,0.7,4,0.05,0.01,0.6,0.12,4,0.6,20,0.5,,,,,,PRUNED
10958,-0.5179924623587872,2026-05-12 23:19:08.427605,2026-05-12 23:19:09.021217,0 days 00:00:00.593612,0.45,0.7,2,0.05,0.02,0.6,0.08,6,0.5,20,0.8,-0.39108387647623727,-0.030830266507629607,0.2538171717650998,0.36025360996860767,,COMPLETE
10959,-0.5179924623587872,2026-05-12 23:19:09.045589,2026-05-12 23:19:09.640060,0 days 00:00:00.594471,0.45,0.7,2,0.05,0.02,0.6,0.08,6,0.5,20,0.8,-0.39108387647623727,-0.030830266507629607,0.2538171717650998,0.36025360996860767,,COMPLETE
10960,-0.48903700960848884,2026-05-12 23:19:09.667124,2026-05-12 23:19:15.399154,0 days 00:00:05.732030,0.45,0.9,3,0.05,0.02,0.45,0.12,6,0.7,5,0.65,,,,,,PRUNED
10961,-0.47738939360609406,2026-05-12 23:19:15.427433,2026-05-12 23:19:19.816352,0 days 00:00:04.388919,0.35,0.9,4,0.05,0.02,0.6,0.16,4,0.5,10,0.8,,,,,,PRUNED
10962,-0.4092788272711371,2026-05-12 23:19:19.847069,2026-05-12 23:19:20.305905,0 days 00:00:00.458836,0.45,0.7,3,0.05,0.02,0.6,0.08,6,0.5,20,0.8,,,,,,PRUNED
10963,-9999.0,2026-05-12 23:19:20.348325,2026-05-12 23:19:20.745249,0 days 00:00:00.396924,0.45,0.7,2,0.05,0.01,0.45,0.08,5,0.7,10,0.8,,,,,BEAR_RATIO < NEUTRAL_RATIO < BULL_RATIO 约束违反: 0.45 / 0.7 / 0.7,COMPLETE
10964,-9999.0,2026-05-12 23:19:20.774112,2026-05-12 23:19:21.161675,0 days 00:00:00.387563,0.25,0.7,3,0.05,0.01,0.6,0.08,4,0.7,20,0.5,,,,,BEAR_RATIO < NEUTRAL_RATIO < BULL_RATIO 约束违反: 0.25 / 0.7 / 0.7,COMPLETE
10965,-0.5179924623587872,2026-05-12 23:19:21.192822,2026-05-12 23:19:21.883859,0 days 00:00:00.691037,0.45,0.7,2,0.05,0.02,0.6,0.08,6,0.5,20,0.8,-0.39108387647623727,-0.030830266507629607,0.2538171717650998,0.36025360996860767,,COMPLETE
10966,-9999.0,2026-05-12 23:19:21.916824,2026-05-12 23:19:22.306102,0 days 00:00:00.389278,0.25,0.7,4,0.05,0.01,0.45,0.12,4,0.7,10,0.5,,,,,BEAR_RATIO < NEUTRAL_RATIO < BULL_RATIO 约束违反: 0.25 / 0.7 / 0.7,COMPLETE
10967,-0.609783394066421,2026-05-12 23:19:22.337081,2026-05-12 23:19:26.722802,0 days 00:00:04.385721,0.35,0.7,4,0.05,0.02,0.45,0.12,3,0.6,20,0.8,,,,,,PRUNED
10968,-0.5880801652719557,2026-05-12 23:19:26.751435,2026-05-12 23:19:32.638200,0 days 00:00:05.886765,0.25,0.9,3,0.03,0.02,0.45,0.12,6,0.7,5,0.8,,,,,,PRUNED
10969,-0.4727494901154041,2026-05-12 23:19:32.667242,2026-05-12 23:19:37.297134,0 days 00:00:04.629892,0.35,0.9,2,0.05,0.01,0.3,0.08,5,0.5,20,0.8,,,,,,PRUNED
10970,-0.5186922462959093,2026-05-12 23:19:37.327310,2026-05-12 23:19:41.806845,0 days 00:00:04.479535,0.25,0.8,2,0.03,0.02,0.45,0.16,4,0.5,10,0.65,,,,,,PRUNED
10971,-0.5224395079205288,2026-05-12 23:19:41.855849,2026-05-12 23:19:46.810191,0 days 00:00:04.954342,0.45,0.8,2,0.03,0.02,0.45,0.16,6,0.7,20,0.65,,,,,,PRUNED
10972,-0.48603020642493355,2026-05-12 23:19:46.841775,2026-05-12 23:19:51.774682,0 days 00:00:04.932907,0.45,0.9,2,0.05,0.01,0.3,0.16,5,0.7,10,0.8,,,,,,PRUNED
10973,-9999.0,2026-05-12 23:19:51.812465,2026-05-12 23:19:52.209339,0 days 00:00:00.396874,0.45,0.7,4,0.03,0.01,0.6,0.12,5,0.7,20,0.8,,,,,BEAR_RATIO < NEUTRAL_RATIO < BULL_RATIO 约束违反: 0.45 / 0.7 / 0.7,COMPLETE
10974,-0.5179924623587872,2026-05-12 23:19:52.239443,2026-05-12 23:19:52.838559,0 days 00:00:00.599116,0.45,0.7,2,0.05,0.02,0.6,0.08,6,0.5,20,0.8,-0.39108387647623727,-0.030830266507629607,0.2538171717650998,0.36025360996860767,,COMPLETE
10975,-0.5179924623587872,2026-05-12 23:19:52.866208,2026-05-12 23:19:53.470355,0 days 00:00:00.604147,0.45,0.7,2,0.05,0.02,0.6,0.08,6,0.5,20,0.8,-0.39108387647623727,-0.030830266507629607,0.2538171717650998,0.36025360996860767,,COMPLETE
10976,-9999.0,2026-05-12 23:19:53.496026,2026-05-12 23:19:53.862771,0 days 00:00:00.366745,0.45,0.7,2,0.03,0.01,0.6,0.16,6,0.7,20,0.8,,,,,BEAR_RATIO < NEUTRAL_RATIO < BULL_RATIO 约束违反: 0.45 / 0.7 / 0.7,COMPLETE
10977,-0.6000370466825659,2026-05-12 23:19:53.888886,2026-05-12 23:19:57.299796,0 days 00:00:03.410910,0.35,0.8,3,0.03,0.01,0.3,0.08,3,0.5,20,0.65,,,,,,PRUNED
10978,-0.4990966586716634,2026-05-12 23:19:57.327115,2026-05-12 23:20:02.559903,0 days 00:00:05.232788,0.35,0.8,3,0.05,0.01,0.6,0.16,6,0.7,10,0.8,,,,,,PRUNED
10979,-0.5914952500485726,2026-05-12 23:20:02.587496,2026-05-12 23:20:05.992993,0 days 00:00:03.405497,0.35,0.7,2,0.05,0.02,0.45,0.16,3,0.5,20,0.65,,,,,,PRUNED
10980,-0.6224805679681475,2026-05-12 23:20:06.020714,2026-05-12 23:20:09.649792,0 days 00:00:03.629078,0.35,0.9,2,0.05,0.01,0.6,0.16,3,0.6,20,0.8,,,,,,PRUNED
10981,-0.5179924623587872,2026-05-12 23:20:09.676269,2026-05-12 23:20:10.279713,0 days 00:00:00.603444,0.45,0.7,2,0.05,0.02,0.6,0.08,6,0.5,20,0.8,-0.39108387647623727,-0.030830266507629607,0.2538171717650998,0.36025360996860767,,COMPLETE
10982,-0.44085691109290015,2026-05-12 23:20:10.306050,2026-05-12 23:20:14.307603,0 days 00:00:04.001553,0.45,0.9,2,0.05,0.02,0.3,0.08,4,0.5,20,0.65,,,,,,PRUNED
10983,-0.42357363260304626,2026-05-12 23:20:14.336979,2026-05-12 23:20:14.822644,0 days 00:00:00.485665,0.45,0.7,2,0.05,0.02,0.6,0.08,6,0.6,20,0.8,,,,,,PRUNED
10984,-0.48268579448152044,2026-05-12 23:20:14.854300,2026-05-12 23:20:18.930182,0 days 00:00:04.075882,0.25,0.9,3,0.05,0.01,0.6,0.08,4,0.6,20,0.5,,,,,,PRUNED
10985,-0.4805595612689505,2026-05-12 23:20:18.960058,2026-05-12 23:20:23.900803,0 days 00:00:04.940745,0.45,0.7,2,0.05,0.02,0.45,0.08,4,0.6,5,0.8,,,,,,PRUNED
10986,-0.5431198243138813,2026-05-12 23:20:23.932037,2026-05-12 23:20:30.394660,0 days 00:00:06.462623,0.25,0.8,3,0.05,0.01,0.6,0.12,5,0.7,5,0.8,,,,,,PRUNED
10987,-0.5591425271912801,2026-05-12 23:20:30.443000,2026-05-12 23:20:35.205541,0 days 00:00:04.762541,0.25,0.8,3,0.03,0.01,0.6,0.16,5,0.6,20,0.65,,,,,,PRUNED
10988,-0.5042441016339981,2026-05-12 23:20:35.236663,2026-05-12 23:20:39.648688,0 days 00:00:04.412025,0.35,0.9,3,0.03,0.02,0.6,0.12,4,0.6,10,0.65,,,,,,PRUNED
10989,-0.5179924623587872,2026-05-12 23:20:39.680467,2026-05-12 23:20:40.344699,0 days 00:00:00.664232,0.45,0.7,2,0.05,0.02,0.6,0.08,6,0.5,20,0.8,-0.39108387647623727,-0.030830266507629607,0.2538171717650998,0.36025360996860767,,COMPLETE
10990,-0.5304414305030242,2026-05-12 23:20:40.376427,2026-05-12 23:20:45.337017,0 days 00:00:04.960590,0.45,0.9,2,0.05,0.02,0.45,0.16,4,0.7,5,0.65,,,,,,PRUNED
10991,-0.4679413094780882,2026-05-12 23:20:45.366418,2026-05-12 23:20:50.870667,0 days 00:00:05.504249,0.45,0.8,2,0.05,0.01,0.3,0.16,5,0.6,5,0.8,,,,,,PRUNED
10992,-0.5179924623587872,2026-05-12 23:20:50.900423,2026-05-12 23:20:51.566519,0 days 00:00:00.666096,0.45,0.7,2,0.05,0.02,0.6,0.08,6,0.5,20,0.8,-0.39108387647623727,-0.030830266507629607,0.2538171717650998,0.36025360996860767,,COMPLETE
10993,-9999.0,2026-05-12 23:20:51.594918,2026-05-12 23:20:51.989963,0 days 00:00:00.395045,0.35,0.7,2,0.05,0.01,0.6,0.12,3,0.7,5,0.65,,,,,BEAR_RATIO < NEUTRAL_RATIO < BULL_RATIO 约束违反: 0.35 / 0.7 / 0.7,COMPLETE
10994,-0.48390514981630883,2026-05-12 23:20:52.031024,2026-05-12 23:20:57.571393,0 days 00:00:05.540369,0.35,0.8,4,0.05,0.01,0.45,0.16,5,0.5,5,0.8,,,,,,PRUNED
