number,value,datetime_start,datetime_complete,duration,params_BEAR_RATIO,params_BULL_RATIO,params_GRID_MAX_LAYER,params_GRID_STEP_MAX,params_GRID_STEP_MIN,params_GRID_STEP_VOL_FACTOR,params_LAYER_FRACTION,params_MAX_HOLD,params_NEUTRAL_RATIO,params_REBALANCE_FREQ,params_VOL_WEIGHT,user_attrs_avg_test_score,user_attrs_avg_train_score,user_attrs_test_score_std,user_attrs_train_test_gap,user_attrs_validation_error,state
6388,-0.5281483905950224,2026-05-12 19:33:06.867447,2026-05-12 19:33:11.369918,0 days 00:00:04.502471,0.35,0.9,2,0.03,0.01,0.3,0.16,4,0.7,10,0.5,,,,,,PRUNED
6389,-9999.0,2026-05-12 19:33:11.399331,2026-05-12 19:33:11.759057,0 days 00:00:00.359726,0.45,0.7,2,0.05,0.01,0.3,0.16,6,0.7,10,0.8,,,,,BEAR_RATIO < NEUTRAL_RATIO < BULL_RATIO 约束违反: 0.45 / 0.7 / 0.7,COMPLETE
6390,-0.5820623408841515,2026-05-12 19:33:11.807827,2026-05-12 19:33:15.646292,0 days 00:00:03.838465,0.25,0.9,4,0.05,0.02,0.3,0.12,3,0.7,10,0.8,,,,,,PRUNED
6391,-0.5179924623587872,2026-05-12 19:33:15.672902,2026-05-12 19:33:16.235611,0 days 00:00:00.562709,0.45,0.7,2,0.05,0.02,0.6,0.08,6,0.5,20,0.8,-0.39108387647623727,-0.030830266507629607,0.2538171717650998,0.36025360996860767,,COMPLETE
6392,-0.4684559921976336,2026-05-12 19:33:16.260381,2026-05-12 19:33:21.223439,0 days 00:00:04.963058,0.35,0.7,4,0.05,0.02,0.3,0.16,6,0.5,20,0.65,,,,,,PRUNED
6393,-0.5715107846558711,2026-05-12 19:33:21.251016,2026-05-12 19:33:21.653261,0 days 00:00:00.402245,0.45,0.7,2,0.05,0.02,0.6,0.08,3,0.5,20,0.65,,,,,,PRUNED
6394,-0.4635450648733989,2026-05-12 19:33:21.679138,2026-05-12 19:33:26.038901,0 days 00:00:04.359763,0.35,0.9,3,0.05,0.02,0.3,0.08,4,0.5,10,0.8,,,,,,PRUNED
6395,-0.47441457244516044,2026-05-12 19:33:26.068480,2026-05-12 19:33:26.480057,0 days 00:00:00.411577,0.25,0.7,2,0.05,0.02,0.6,0.08,6,0.5,20,0.5,,,,,,PRUNED
6396,-0.47413920187948405,2026-05-12 19:33:26.522510,2026-05-12 19:33:29.473690,0 days 00:00:02.951180,0.35,0.8,4,0.05,0.02,0.3,0.16,5,0.5,10,0.65,,,,,,PRUNED
6397,-0.4336117606841386,2026-05-12 19:33:29.499091,2026-05-12 19:33:33.923635,0 days 00:00:04.424544,0.45,0.7,2,0.05,0.01,0.6,0.12,4,0.5,10,0.5,,,,,,PRUNED
6398,-0.601383889775209,2026-05-12 19:33:33.952429,2026-05-12 19:33:37.607370,0 days 00:00:03.654941,0.25,0.7,2,0.05,0.01,0.45,0.12,3,0.5,20,0.65,,,,,,PRUNED
6399,-0.41789523230149306,2026-05-12 19:33:37.636040,2026-05-12 19:33:38.047015,0 days 00:00:00.410975,0.45,0.7,2,0.05,0.02,0.45,0.12,6,0.5,20,0.8,,,,,,PRUNED
6400,-0.5507681027027931,2026-05-12 19:33:38.075499,2026-05-12 19:33:41.910020,0 days 00:00:03.834521,0.35,0.7,3,0.03,0.01,0.6,0.08,3,0.6,10,0.5,,,,,,PRUNED
6401,-9999.0,2026-05-12 19:33:41.936625,2026-05-12 19:33:42.310437,0 days 00:00:00.373812,0.45,0.7,2,0.05,0.02,0.6,0.08,4,0.7,20,0.8,,,,,BEAR_RATIO < NEUTRAL_RATIO < BULL_RATIO 约束违反: 0.45 / 0.7 / 0.7,COMPLETE
6402,-0.4107809201109101,2026-05-12 19:33:42.341766,2026-05-12 19:33:42.772699,0 days 00:00:00.430933,0.45,0.7,3,0.05,0.02,0.3,0.08,6,0.5,20,0.8,,,,,,PRUNED
6403,-0.5005287067490933,2026-05-12 19:33:42.801141,2026-05-12 19:33:48.203099,0 days 00:00:05.401958,0.25,0.7,2,0.05,0.02,0.3,0.12,6,0.6,10,0.8,,,,,,PRUNED
6404,-0.5179924623587872,2026-05-12 19:33:48.228200,2026-05-12 19:33:48.786750,0 days 00:00:00.558550,0.45,0.7,2,0.05,0.02,0.6,0.08,6,0.5,20,0.8,-0.39108387647623727,-0.030830266507629607,0.2538171717650998,0.36025360996860767,,COMPLETE
6405,-0.5191866140132273,2026-05-12 19:33:48.816499,2026-05-12 19:33:54.043253,0 days 00:00:05.226754,0.25,0.8,3,0.03,0.01,0.45,0.08,6,0.6,20,0.8,,,,,,PRUNED
6406,-0.4213231947291116,2026-05-12 19:33:54.088362,2026-05-12 19:33:54.543879,0 days 00:00:00.455517,0.45,0.7,2,0.05,0.02,0.6,0.08,4,0.5,20,0.8,,,,,,PRUNED
6407,-0.46631350831299734,2026-05-12 19:33:54.573531,2026-05-12 19:33:59.236707,0 days 00:00:04.663176,0.45,0.8,2,0.05,0.02,0.6,0.08,5,0.7,20,0.8,,,,,,PRUNED
6408,-0.45104701919528883,2026-05-12 19:33:59.262632,2026-05-12 19:34:05.360562,0 days 00:00:06.097930,0.35,0.8,4,0.05,0.02,0.6,0.08,6,0.5,10,0.8,,,,,,PRUNED
6409,-0.5063228988981359,2026-05-12 19:34:05.386366,2026-05-12 19:34:10.724954,0 days 00:00:05.338588,0.45,0.8,4,0.03,0.01,0.45,0.16,6,0.6,10,0.65,,,,,,PRUNED
6410,-0.47441457244516044,2026-05-12 19:34:10.757930,2026-05-12 19:34:11.158703,0 days 00:00:00.400773,0.25,0.7,2,0.05,0.02,0.6,0.08,6,0.5,20,0.8,,,,,,PRUNED
6411,-0.5179924623587872,2026-05-12 19:34:11.185408,2026-05-12 19:34:11.822085,0 days 00:00:00.636677,0.45,0.7,2,0.05,0.02,0.6,0.08,6,0.5,20,0.8,-0.39108387647623727,-0.030830266507629607,0.2538171717650998,0.36025360996860767,,COMPLETE
6412,-0.46728865863990404,2026-05-12 19:34:11.849182,2026-05-12 19:34:14.763481,0 days 00:00:02.914299,0.45,0.7,3,0.05,0.02,0.6,0.08,4,0.5,5,0.8,,,,,,PRUNED
6413,-0.4092137988646166,2026-05-12 19:34:14.788619,2026-05-12 19:34:15.182058,0 days 00:00:00.393439,0.45,0.7,2,0.05,0.02,0.6,0.08,6,0.5,10,0.8,,,,,,PRUNED
6414,-0.42914257458083244,2026-05-12 19:34:15.209560,2026-05-12 19:34:20.936807,0 days 00:00:05.727247,0.45,0.7,2,0.05,0.02,0.3,0.12,6,0.5,5,0.5,,,,,,PRUNED
6415,-0.41072198076880906,2026-05-12 19:34:20.964924,2026-05-12 19:34:21.347927,0 days 00:00:00.383003,0.45,0.7,3,0.05,0.01,0.6,0.08,6,0.5,10,0.8,,,,,,PRUNED
6416,-0.5305072171441831,2026-05-12 19:34:21.373470,2026-05-12 19:34:25.948783,0 days 00:00:04.575313,0.35,0.7,3,0.03,0.02,0.3,0.12,4,0.6,5,0.5,,,,,,PRUNED
6417,-0.41072198076880906,2026-05-12 19:34:25.975689,2026-05-12 19:34:26.313168,0 days 00:00:00.337479,0.45,0.7,3,0.05,0.02,0.6,0.08,6,0.5,10,0.8,,,,,,PRUNED
6418,-0.5179924623587872,2026-05-12 19:34:26.339245,2026-05-12 19:34:26.861685,0 days 00:00:00.522440,0.45,0.7,2,0.05,0.02,0.6,0.08,6,0.5,20,0.8,-0.39108387647623727,-0.030830266507629607,0.2538171717650998,0.36025360996860767,,COMPLETE
6419,-0.5148521842126224,2026-05-12 19:34:26.884649,2026-05-12 19:34:31.666827,0 days 00:00:04.782178,0.35,0.9,4,0.03,0.02,0.45,0.16,5,0.5,10,0.5,,,,,,PRUNED
6420,-9999.0,2026-05-12 19:34:31.694226,2026-05-12 19:34:32.026480,0 days 00:00:00.332254,0.35,0.7,2,0.05,0.02,0.6,0.16,6,0.7,5,0.8,,,,,BEAR_RATIO < NEUTRAL_RATIO < BULL_RATIO 约束违反: 0.35 / 0.7 / 0.7,COMPLETE
6421,-0.5457767585921784,2026-05-12 19:34:32.052997,2026-05-12 19:34:37.489291,0 days 00:00:05.436294,0.25,0.8,4,0.05,0.01,0.6,0.12,5,0.7,5,0.65,,,,,,PRUNED
6422,-0.5179924623587872,2026-05-12 19:34:37.514372,2026-05-12 19:34:38.105227,0 days 00:00:00.590855,0.45,0.7,2,0.05,0.02,0.6,0.08,6,0.5,20,0.8,-0.39108387647623727,-0.030830266507629607,0.2538171717650998,0.36025360996860767,,COMPLETE
6423,-0.5179924623587872,2026-05-12 19:34:38.131838,2026-05-12 19:34:38.735573,0 days 00:00:00.603735,0.45,0.7,2,0.05,0.02,0.6,0.08,6,0.5,20,0.8,-0.39108387647623727,-0.030830266507629607,0.2538171717650998,0.36025360996860767,,COMPLETE
6424,-0.4591793952505804,2026-05-12 19:34:38.766041,2026-05-12 19:34:43.828754,0 days 00:00:05.062713,0.45,0.9,2,0.05,0.02,0.6,0.12,6,0.6,20,0.65,,,,,,PRUNED
6425,-0.5971497313520536,2026-05-12 19:34:43.856637,2026-05-12 19:34:49.733786,0 days 00:00:05.877149,0.25,0.9,4,0.03,0.01,0.45,0.16,5,0.7,5,0.8,,,,,,PRUNED
6426,-0.4100386278766106,2026-05-12 19:34:49.761766,2026-05-12 19:34:50.181316,0 days 00:00:00.419550,0.45,0.7,2,0.05,0.02,0.3,0.08,6,0.5,20,0.8,,,,,,PRUNED
6427,-0.6362400242661618,2026-05-12 19:34:50.211226,2026-05-12 19:34:53.824585,0 days 00:00:03.613359,0.35,0.8,3,0.05,0.01,0.3,0.16,3,0.7,20,0.8,,,,,,PRUNED
6428,-0.41425741193738236,2026-05-12 19:34:53.852827,2026-05-12 19:34:54.282627,0 days 00:00:00.429800,0.45,0.7,2,0.05,0.02,0.6,0.08,6,0.5,5,0.8,,,,,,PRUNED
6429,-0.5179924623587872,2026-05-12 19:34:54.315427,2026-05-12 19:34:54.968596,0 days 00:00:00.653169,0.45,0.7,2,0.05,0.02,0.6,0.08,6,0.5,20,0.8,-0.39108387647623727,-0.030830266507629607,0.2538171717650998,0.36025360996860767,,COMPLETE
6430,-0.5179924623587872,2026-05-12 19:34:54.999024,2026-05-12 19:34:55.640902,0 days 00:00:00.641878,0.45,0.7,2,0.05,0.01,0.6,0.08,6,0.5,20,0.8,-0.39108387647623727,-0.030830266507629607,0.2538171717650998,0.36025360996860767,,COMPLETE
6431,-0.5191186455203418,2026-05-12 19:34:55.668615,2026-05-12 19:35:01.748275,0 days 00:00:06.079660,0.25,0.8,4,0.05,0.02,0.3,0.12,6,0.6,20,0.5,,,,,,PRUNED
6432,-0.4167185686265585,2026-05-12 19:35:01.779719,2026-05-12 19:35:02.207890,0 days 00:00:00.428171,0.45,0.7,2,0.05,0.02,0.3,0.08,6,0.5,5,0.8,,,,,,PRUNED
6433,-0.4638073866876174,2026-05-12 19:35:02.238092,2026-05-12 19:35:07.265694,0 days 00:00:05.027602,0.35,0.8,3,0.05,0.02,0.6,0.08,6,0.6,20,0.8,,,,,,PRUNED
6434,-0.453805106432379,2026-05-12 19:35:07.293280,2026-05-12 19:35:11.548452,0 days 00:00:04.255172,0.45,0.9,3,0.05,0.02,0.3,0.16,3,0.5,5,0.5,,,,,,PRUNED
6435,-9999.0,2026-05-12 19:35:11.574955,2026-05-12 19:35:11.904807,0 days 00:00:00.329852,0.25,0.7,2,0.05,0.02,0.6,0.08,4,0.7,20,0.8,,,,,BEAR_RATIO < NEUTRAL_RATIO < BULL_RATIO 约束违反: 0.25 / 0.7 / 0.7,COMPLETE
6436,-0.5010769743902378,2026-05-12 19:35:11.931054,2026-05-12 19:35:16.452564,0 days 00:00:04.521510,0.25,0.7,2,0.05,0.02,0.6,0.12,5,0.6,20,0.65,,,,,,PRUNED
6437,-0.590480750443459,2026-05-12 19:35:16.482829,2026-05-12 19:35:18.662416,0 days 00:00:02.179587,0.45,0.9,2,0.05,0.02,0.6,0.12,3,0.5,20,0.8,,,,,,PRUNED
6438,-0.5432033055958142,2026-05-12 19:35:18.689547,2026-05-12 19:35:23.551365,0 days 00:00:04.861818,0.35,0.9,4,0.05,0.02,0.3,0.08,4,0.7,5,0.8,,,,,,PRUNED
6439,-0.6050208575923,2026-05-12 19:35:23.577788,2026-05-12 19:35:26.993516,0 days 00:00:03.415728,0.35,0.8,4,0.05,0.02,0.45,0.16,3,0.5,20,0.8,,,,,,PRUNED
6440,-0.42224768267245916,2026-05-12 19:35:27.019681,2026-05-12 19:35:27.428524,0 days 00:00:00.408843,0.45,0.8,2,0.05,0.02,0.3,0.08,6,0.5,20,0.8,,,,,,PRUNED
6441,-0.4296411080598753,2026-05-12 19:35:27.454748,2026-05-12 19:35:27.828182,0 days 00:00:00.373434,0.45,0.7,2,0.05,0.02,0.6,0.16,6,0.5,20,0.8,,,,,,PRUNED
6442,-0.5179924623587872,2026-05-12 19:35:27.858520,2026-05-12 19:35:28.490814,0 days 00:00:00.632294,0.45,0.7,2,0.05,0.02,0.6,0.08,6,0.5,20,0.8,-0.39108387647623727,-0.030830266507629607,0.2538171717650998,0.36025360996860767,,COMPLETE
6443,-0.4106117209672115,2026-05-12 19:35:28.519525,2026-05-12 19:35:33.754131,0 days 00:00:05.234606,0.45,0.7,2,0.05,0.02,0.45,0.08,5,0.5,10,0.8,,,,,,PRUNED
6444,-0.48883801249294623,2026-05-12 19:35:33.781599,2026-05-12 19:35:38.985307,0 days 00:00:05.203708,0.25,0.7,2,0.05,0.02,0.6,0.12,6,0.5,20,0.65,,,,,,PRUNED
6445,-0.4237402173189843,2026-05-12 19:35:39.018327,2026-05-12 19:35:39.447730,0 days 00:00:00.429403,0.45,0.7,3,0.05,0.02,0.6,0.08,4,0.5,20,0.65,,,,,,PRUNED
6446,-0.5033346032232531,2026-05-12 19:35:39.476922,2026-05-12 19:35:44.708779,0 days 00:00:05.231857,0.35,0.8,2,0.05,0.02,0.6,0.08,4,0.5,5,0.5,,,,,,PRUNED
6447,-0.42056632138184724,2026-05-12 19:35:44.735697,2026-05-12 19:35:45.137364,0 days 00:00:00.401667,0.45,0.8,2,0.05,0.02,0.6,0.08,6,0.5,20,0.8,,,,,,PRUNED
6448,-0.5374227242716864,2026-05-12 19:35:45.164549,2026-05-12 19:35:48.731231,0 days 00:00:03.566682,0.45,0.8,2,0.03,0.01,0.6,0.16,4,0.6,5,0.65,,,,,,PRUNED
6449,-0.4654737440318331,2026-05-12 19:35:48.758811,2026-05-12 19:35:53.148284,0 days 00:00:04.389473,0.35,0.7,2,0.03,0.01,0.3,0.08,3,0.5,5,0.65,,,,,,PRUNED
6450,-9999.0,2026-05-12 19:35:53.179216,2026-05-12 19:35:53.552775,0 days 00:00:00.373559,0.25,0.7,4,0.05,0.02,0.45,0.12,4,0.7,20,0.65,,,,,BEAR_RATIO < NEUTRAL_RATIO < BULL_RATIO 约束违反: 0.25 / 0.7 / 0.7,COMPLETE
6451,-0.4757310524677019,2026-05-12 19:35:53.577708,2026-05-12 19:35:53.997530,0 days 00:00:00.419822,0.25,0.7,3,0.05,0.02,0.6,0.08,6,0.5,20,0.8,,,,,,PRUNED
6452,-0.43333909441165963,2026-05-12 19:35:54.025636,2026-05-12 19:35:54.414987,0 days 00:00:00.389351,0.35,0.7,2,0.05,0.02,0.6,0.08,6,0.5,20,0.8,,,,,,PRUNED
6453,-0.5443412498907008,2026-05-12 19:35:54.441264,2026-05-12 19:36:00.355007,0 days 00:00:05.913743,0.25,0.8,2,0.03,0.01,0.3,0.08,6,0.6,5,0.8,,,,,,PRUNED
6454,-0.4863612790211648,2026-05-12 19:36:00.381535,2026-05-12 19:36:06.606395,0 days 00:00:06.224860,0.45,0.9,4,0.03,0.02,0.45,0.08,5,0.7,10,0.5,,,,,,PRUNED
6455,-0.4516632080633297,2026-05-12 19:36:06.635360,2026-05-12 19:36:11.882520,0 days 00:00:05.247160,0.45,0.8,2,0.05,0.01,0.3,0.12,6,0.6,10,0.65,,,,,,PRUNED
6456,-0.49539692967639737,2026-05-12 19:36:11.907959,2026-05-12 19:36:16.353855,0 days 00:00:04.445896,0.35,0.8,3,0.03,0.01,0.3,0.16,4,0.5,10,0.8,,,,,,PRUNED
6457,-0.5179924623587872,2026-05-12 19:36:16.381064,2026-05-12 19:36:16.992522,0 days 00:00:00.611458,0.45,0.7,2,0.05,0.02,0.6,0.08,6,0.5,20,0.8,-0.39108387647623727,-0.030830266507629607,0.2538171717650998,0.36025360996860767,,COMPLETE
6458,-0.549095445030521,2026-05-12 19:36:17.019552,2026-05-12 19:36:21.884254,0 days 00:00:04.864702,0.25,0.8,3,0.03,0.02,0.3,0.12,5,0.7,20,0.8,,,,,,PRUNED
6459,-0.43223096142417294,2026-05-12 19:36:21.915735,2026-05-12 19:36:22.318170,0 days 00:00:00.402435,0.45,0.9,2,0.05,0.02,0.6,0.08,6,0.5,20,0.8,,,,,,PRUNED
6460,-0.446193649179386,2026-05-12 19:36:22.345546,2026-05-12 19:36:22.771977,0 days 00:00:00.426431,0.35,0.7,2,0.05,0.02,0.6,0.08,6,0.5,5,0.8,,,,,,PRUNED
6461,-0.4597926983538563,2026-05-12 19:36:22.804577,2026-05-12 19:36:27.822533,0 days 00:00:05.017956,0.45,0.8,4,0.03,0.01,0.45,0.08,6,0.6,20,0.5,,,,,,PRUNED
6462,-0.5179924623587872,2026-05-12 19:36:27.851261,2026-05-12 19:36:28.437437,0 days 00:00:00.586176,0.45,0.7,2,0.05,0.02,0.6,0.08,6,0.5,20,0.8,-0.39108387647623727,-0.030830266507629607,0.2538171717650998,0.36025360996860767,,COMPLETE
6463,-0.47792527670287044,2026-05-12 19:36:28.468703,2026-05-12 19:36:28.858012,0 days 00:00:00.389309,0.25,0.7,4,0.05,0.02,0.6,0.08,6,0.5,20,0.8,,,,,,PRUNED
6464,-0.5179924623587872,2026-05-12 19:36:28.887048,2026-05-12 19:36:29.451545,0 days 00:00:00.564497,0.45,0.7,2,0.05,0.02,0.6,0.08,6,0.5,20,0.8,-0.39108387647623727,-0.030830266507629607,0.2538171717650998,0.36025360996860767,,COMPLETE
6465,-0.5494777524080865,2026-05-12 19:36:29.479903,2026-05-12 19:36:35.357517,0 days 00:00:05.877614,0.25,0.9,4,0.05,0.02,0.45,0.16,6,0.5,5,0.8,,,,,,PRUNED
6466,-0.48239674292550205,2026-05-12 19:36:35.384916,2026-05-12 19:36:39.248482,0 days 00:00:03.863566,0.45,0.9,2,0.03,0.02,0.6,0.08,5,0.6,5,0.8,,,,,,PRUNED
6467,-9999.0,2026-05-12 19:36:39.277165,2026-05-12 19:36:39.610492,0 days 00:00:00.333327,0.45,0.7,2,0.05,0.02,0.6,0.08,6,0.7,20,0.8,,,,,BEAR_RATIO < NEUTRAL_RATIO < BULL_RATIO 约束违反: 0.45 / 0.7 / 0.7,COMPLETE
6468,-0.5700997585113124,2026-05-12 19:36:39.637194,2026-05-12 19:36:43.404106,0 days 00:00:03.766912,0.35,0.9,4,0.03,0.02,0.6,0.08,3,0.6,10,0.8,,,,,,PRUNED
6469,-0.5002114037862537,2026-05-12 19:36:43.429250,2026-05-12 19:36:47.787936,0 days 00:00:04.358686,0.25,0.9,4,0.05,0.01,0.6,0.16,4,0.5,10,0.5,,,,,,PRUNED
6470,-0.42293370088728216,2026-05-12 19:36:47.814929,2026-05-12 19:36:48.223426,0 days 00:00:00.408497,0.45,0.8,4,0.05,0.02,0.6,0.08,6,0.5,20,0.8,,,,,,PRUNED
6471,-0.5248649729557119,2026-05-12 19:36:48.249622,2026-05-12 19:36:53.135911,0 days 00:00:04.886289,0.25,0.9,3,0.05,0.02,0.6,0.12,5,0.6,20,0.65,,,,,,PRUNED
6472,-0.4733079073480342,2026-05-12 19:36:53.165343,2026-05-12 19:36:58.039549,0 days 00:00:04.874206,0.35,0.7,3,0.05,0.02,0.45,0.12,5,0.6,20,0.65,,,,,,PRUNED
6473,-0.43360139961872946,2026-05-12 19:36:58.068430,2026-05-12 19:37:04.216301,0 days 00:00:06.147871,0.45,0.7,2,0.03,0.02,0.3,0.08,6,0.5,10,0.5,,,,,,PRUNED
6474,-0.5179924623587872,2026-05-12 19:37:04.242999,2026-05-12 19:37:04.823452,0 days 00:00:00.580453,0.45,0.7,2,0.05,0.02,0.6,0.08,6,0.5,20,0.8,-0.39108387647623727,-0.030830266507629607,0.2538171717650998,0.36025360996860767,,COMPLETE
6475,-0.4081111993881487,2026-05-12 19:37:04.851013,2026-05-12 19:37:05.229947,0 days 00:00:00.378934,0.45,0.7,3,0.05,0.02,0.45,0.08,6,0.5,20,0.8,,,,,,PRUNED
6476,-0.41610686693884014,2026-05-12 19:37:05.261121,2026-05-12 19:37:05.676863,0 days 00:00:00.415742,0.45,0.7,3,0.05,0.02,0.6,0.08,6,0.5,5,0.8,,,,,,PRUNED
6477,-9999.0,2026-05-12 19:37:05.728691,2026-05-12 19:37:06.118491,0 days 00:00:00.389800,0.25,0.7,4,0.05,0.02,0.45,0.12,5,0.7,10,0.5,,,,,BEAR_RATIO < NEUTRAL_RATIO < BULL_RATIO 约束违反: 0.25 / 0.7 / 0.7,COMPLETE
6478,-0.5179924623587872,2026-05-12 19:37:06.146460,2026-05-12 19:37:06.779496,0 days 00:00:00.633036,0.45,0.7,2,0.05,0.02,0.6,0.08,6,0.5,20,0.8,-0.39108387647623727,-0.030830266507629607,0.2538171717650998,0.36025360996860767,,COMPLETE
6479,-0.5179924623587872,2026-05-12 19:37:05.802562,2026-05-12 19:37:06.418559,0 days 00:00:00.615997,0.45,0.7,2,0.05,0.02,0.6,0.08,6,0.5,20,0.8,-0.39108387647623727,-0.030830266507629607,0.2538171717650998,0.36025360996860767,,COMPLETE
6480,-0.5232558180026863,2026-05-12 19:37:06.451113,2026-05-12 19:37:12.532842,0 days 00:00:06.081729,0.25,0.8,2,0.05,0.01,0.3,0.08,6,0.6,5,0.65,,,,,,PRUNED
6481,-0.4318124553734489,2026-05-12 19:37:12.559161,2026-05-12 19:37:12.984701,0 days 00:00:00.425540,0.45,0.7,2,0.03,0.02,0.6,0.08,6,0.5,20,0.8,,,,,,PRUNED
6482,-0.5182406672588966,2026-05-12 19:37:13.015886,2026-05-12 19:37:13.637699,0 days 00:00:00.621813,0.45,0.7,2,0.05,0.02,0.45,0.08,6,0.5,20,0.8,-0.3910743597599139,-0.030648087966744914,0.25433261499796533,0.360426271793169,,COMPLETE
6483,-0.44316969461076755,2026-05-12 19:37:13.667153,2026-05-12 19:37:18.293111,0 days 00:00:04.625958,0.45,0.7,2,0.05,0.02,0.6,0.08,4,0.6,10,0.65,,,,,,PRUNED
6484,-0.4322626817353953,2026-05-12 19:37:18.320798,2026-05-12 19:37:18.733629,0 days 00:00:00.412831,0.45,0.7,2,0.05,0.02,0.6,0.08,6,0.6,5,0.8,,,,,,PRUNED
6485,-9999.0,2026-05-12 19:37:18.763700,2026-05-12 19:37:19.131839,0 days 00:00:00.368139,0.25,0.7,3,0.03,0.01,0.3,0.08,3,0.7,5,0.65,,,,,BEAR_RATIO < NEUTRAL_RATIO < BULL_RATIO 约束违反: 0.25 / 0.7 / 0.7,COMPLETE
6486,-0.5019643421869098,2026-05-12 19:37:19.159513,2026-05-12 19:37:23.533947,0 days 00:00:04.374434,0.25,0.8,2,0.03,0.02,0.3,0.12,4,0.5,20,0.65,,,,,,PRUNED
6487,-0.4615856316272143,2026-05-12 19:37:23.565338,2026-05-12 19:37:27.868413,0 days 00:00:04.303075,0.45,0.7,4,0.03,0.01,0.45,0.12,4,0.5,20,0.65,,,,,,PRUNED
6488,-0.44688392616844114,2026-05-12 19:37:27.895512,2026-05-12 19:37:32.163092,0 days 00:00:04.267580,0.45,0.8,3,0.05,0.02,0.3,0.08,4,0.6,20,0.65,,,,,,PRUNED
6489,-9999.0,2026-05-12 19:37:32.193501,2026-05-12 19:37:32.531690,0 days 00:00:00.338189,0.45,0.7,3,0.03,0.01,0.3,0.16,6,0.7,20,0.5,,,,,BEAR_RATIO < NEUTRAL_RATIO < BULL_RATIO 约束违反: 0.45 / 0.7 / 0.7,COMPLETE
6490,-0.4194511448045569,2026-05-12 19:37:32.579287,2026-05-12 19:37:32.964886,0 days 00:00:00.385599,0.45,0.7,2,0.05,0.02,0.6,0.12,6,0.5,20,0.8,,,,,,PRUNED
6491,-0.46182062356532494,2026-05-12 19:37:32.991701,2026-05-12 19:37:38.581447,0 days 00:00:05.589746,0.45,0.9,2,0.05,0.01,0.6,0.08,5,0.6,5,0.8,,,,,,PRUNED
6492,-0.518199995298246,2026-05-12 19:37:38.609699,2026-05-12 19:37:42.545313,0 days 00:00:03.935614,0.45,0.9,2,0.03,0.01,0.6,0.16,4,0.7,20,0.65,,,,,,PRUNED
6493,-0.5179924623587872,2026-05-12 19:37:42.573932,2026-05-12 19:37:43.148469,0 days 00:00:00.574537,0.45,0.7,2,0.05,0.02,0.6,0.08,6,0.5,20,0.8,-0.39108387647623727,-0.030830266507629607,0.2538171717650998,0.36025360996860767,,COMPLETE
6494,-0.5349484599218396,2026-05-12 19:37:43.173555,2026-05-12 19:37:47.339333,0 days 00:00:04.165778,0.35,0.9,2,0.03,0.02,0.3,0.12,3,0.7,5,0.5,,,,,,PRUNED
6495,-0.4525105902140276,2026-05-12 19:37:47.362765,2026-05-12 19:37:52.232836,0 days 00:00:04.870071,0.45,0.8,4,0.05,0.01,0.45,0.08,6,0.7,10,0.65,,,,,,PRUNED
6496,-0.5446552192313117,2026-05-12 19:37:52.276489,2026-05-12 19:37:55.953780,0 days 00:00:03.677291,0.45,0.8,3,0.05,0.02,0.3,0.12,3,0.6,10,0.5,,,,,,PRUNED
6497,-0.5278686376660402,2026-05-12 19:37:55.981451,2026-05-12 19:38:01.474123,0 days 00:00:05.492672,0.35,0.9,3,0.03,0.01,0.45,0.12,5,0.6,5,0.65,,,,,,PRUNED
6498,-0.46789325034716134,2026-05-12 19:38:01.502008,2026-05-12 19:38:06.690765,0 days 00:00:05.188757,0.45,0.7,3,0.03,0.01,0.6,0.12,3,0.6,5,0.5,,,,,,PRUNED
6499,-0.4838405702267259,2026-05-12 19:38:06.716512,2026-05-12 19:38:11.234772,0 days 00:00:04.518260,0.35,0.9,2,0.05,0.01,0.6,0.08,5,0.6,20,0.65,,,,,,PRUNED
6500,-0.6327583028154677,2026-05-12 19:38:11.259891,2026-05-12 19:38:13.285740,0 days 00:00:02.025849,0.25,0.9,3,0.03,0.01,0.6,0.08,3,0.6,20,0.8,,,,,,PRUNED
6501,-9999.0,2026-05-12 19:38:13.310622,2026-05-12 19:38:13.635479,0 days 00:00:00.324857,0.25,0.7,3,0.03,0.02,0.6,0.16,6,0.7,5,0.8,,,,,BEAR_RATIO < NEUTRAL_RATIO < BULL_RATIO 约束违反: 0.25 / 0.7 / 0.7,COMPLETE
6502,-9999.0,2026-05-12 19:38:13.666306,2026-05-12 19:38:13.986586,0 days 00:00:00.320280,0.35,0.7,3,0.03,0.02,0.3,0.16,3,0.7,10,0.5,,,,,BEAR_RATIO < NEUTRAL_RATIO < BULL_RATIO 约束违反: 0.35 / 0.7 / 0.7,COMPLETE
6503,-0.5715107846558711,2026-05-12 19:38:14.016843,2026-05-12 19:38:14.412145,0 days 00:00:00.395302,0.45,0.7,2,0.05,0.02,0.6,0.08,3,0.5,20,0.8,,,,,,PRUNED
6504,-0.5179924623587872,2026-05-12 19:38:14.438822,2026-05-12 19:38:15.030254,0 days 00:00:00.591432,0.45,0.7,2,0.05,0.02,0.6,0.08,6,0.5,20,0.8,-0.39108387647623727,-0.030830266507629607,0.2538171717650998,0.36025360996860767,,COMPLETE
6505,-0.4500958084700727,2026-05-12 19:38:15.055536,2026-05-12 19:38:19.838310,0 days 00:00:04.782774,0.35,0.7,3,0.05,0.02,0.6,0.12,6,0.5,20,0.65,,,,,,PRUNED
6506,-0.4988277570240028,2026-05-12 19:38:19.865010,2026-05-12 19:38:25.077554,0 days 00:00:05.212544,0.35,0.9,4,0.03,0.02,0.6,0.08,6,0.6,10,0.5,,,,,,PRUNED
6507,-0.47045317471701736,2026-05-12 19:38:25.102990,2026-05-12 19:38:30.309304,0 days 00:00:05.206314,0.35,0.7,3,0.03,0.02,0.6,0.08,5,0.6,10,0.5,,,,,,PRUNED
6508,-9999.0,2026-05-12 19:38:30.338414,2026-05-12 19:38:30.693918,0 days 00:00:00.355504,0.25,0.7,4,0.05,0.01,0.3,0.12,3,0.7,20,0.8,,,,,BEAR_RATIO < NEUTRAL_RATIO < BULL_RATIO 约束违反: 0.25 / 0.7 / 0.7,COMPLETE
6509,-0.5787810955671507,2026-05-12 19:38:30.721119,2026-05-12 19:38:34.369947,0 days 00:00:03.648828,0.45,0.7,3,0.05,0.02,0.6,0.12,3,0.5,20,0.8,,,,,,PRUNED
6510,-0.5362100254276051,2026-05-12 19:38:34.399668,2026-05-12 19:38:39.955225,0 days 00:00:05.555557,0.25,0.8,4,0.03,0.01,0.6,0.12,6,0.5,10,0.5,,,,,,PRUNED
6511,-0.4662812105021472,2026-05-12 19:38:39.985894,2026-05-12 19:38:44.374127,0 days 00:00:04.388233,0.35,0.7,3,0.03,0.01,0.45,0.08,5,0.5,5,0.5,,,,,,PRUNED
