number,value,datetime_start,datetime_complete,duration,params_BEAR_RATIO,params_BULL_RATIO,params_GRID_MAX_LAYER,params_GRID_STEP_MAX,params_GRID_STEP_MIN,params_GRID_STEP_VOL_FACTOR,params_LAYER_FRACTION,params_MAX_HOLD,params_NEUTRAL_RATIO,params_REBALANCE_FREQ,params_VOL_WEIGHT,user_attrs_avg_test_score,user_attrs_avg_train_score,user_attrs_test_score_std,user_attrs_train_test_gap,user_attrs_validation_error,state
8812,-0.4884322371894016,2026-05-12 21:35:34.232396,2026-05-12 21:35:39.071169,0 days 00:00:04.838773,0.35,0.7,2,0.05,0.02,0.6,0.08,4,0.5,5,0.8,,,,,,PRUNED
8813,-0.43148900901251575,2026-05-12 21:35:39.098752,2026-05-12 21:35:39.511334,0 days 00:00:00.412582,0.45,0.7,4,0.03,0.02,0.6,0.08,6,0.5,20,0.8,,,,,,PRUNED
8814,-0.5344852546746983,2026-05-12 21:35:39.538823,2026-05-12 21:35:44.098769,0 days 00:00:04.559946,0.25,0.9,4,0.03,0.01,0.3,0.08,5,0.6,20,0.5,,,,,,PRUNED
8815,-0.5179924623587872,2026-05-12 21:35:44.126276,2026-05-12 21:35:44.779492,0 days 00:00:00.653216,0.45,0.7,2,0.05,0.02,0.6,0.08,6,0.5,20,0.8,-0.39108387647623727,-0.030830266507629607,0.2538171717650998,0.36025360996860767,,COMPLETE
8816,-0.5147850302442659,2026-05-12 21:35:44.808343,2026-05-12 21:35:49.749535,0 days 00:00:04.941192,0.25,0.8,4,0.05,0.02,0.6,0.12,5,0.7,10,0.65,,,,,,PRUNED
8817,-0.5187374357433939,2026-05-12 21:35:49.779862,2026-05-12 21:35:55.574761,0 days 00:00:05.794899,0.35,0.8,2,0.03,0.02,0.6,0.16,5,0.6,10,0.8,,,,,,PRUNED
8818,-9999.0,2026-05-12 21:35:55.606268,2026-05-12 21:35:55.977575,0 days 00:00:00.371307,0.35,0.7,4,0.03,0.02,0.3,0.08,4,0.7,20,0.8,,,,,BEAR_RATIO < NEUTRAL_RATIO < BULL_RATIO 约束违反: 0.35 / 0.7 / 0.7,COMPLETE
8819,-0.4194511448045569,2026-05-12 21:35:56.007416,2026-05-12 21:35:56.428708,0 days 00:00:00.421292,0.45,0.7,2,0.05,0.02,0.6,0.12,6,0.5,20,0.8,,,,,,PRUNED
8820,-0.5179924623587872,2026-05-12 21:35:56.456773,2026-05-12 21:35:57.077089,0 days 00:00:00.620316,0.45,0.7,2,0.05,0.02,0.6,0.08,6,0.5,20,0.8,-0.39108387647623727,-0.030830266507629607,0.2538171717650998,0.36025360996860767,,COMPLETE
8821,-0.4944845089365091,2026-05-12 21:35:57.106955,2026-05-12 21:36:02.608235,0 days 00:00:05.501280,0.45,0.8,4,0.05,0.02,0.3,0.16,5,0.7,5,0.5,,,,,,PRUNED
8822,-0.47286212634559843,2026-05-12 21:36:02.634035,2026-05-12 21:36:07.766826,0 days 00:00:05.132791,0.35,0.8,2,0.05,0.01,0.45,0.12,6,0.6,10,0.5,,,,,,PRUNED
8823,-0.537974638103223,2026-05-12 21:36:07.793742,2026-05-12 21:36:12.792962,0 days 00:00:04.999220,0.45,0.8,4,0.03,0.02,0.6,0.16,4,0.6,5,0.5,,,,,,PRUNED
8824,-0.5182406672588966,2026-05-12 21:36:12.819021,2026-05-12 21:36:13.451788,0 days 00:00:00.632767,0.45,0.7,2,0.05,0.02,0.45,0.08,6,0.5,20,0.8,-0.3910743597599139,-0.030648087966744914,0.25433261499796533,0.360426271793169,,COMPLETE
8825,-0.5739853679128459,2026-05-12 21:36:13.479857,2026-05-12 21:36:13.922646,0 days 00:00:00.442789,0.45,0.7,4,0.05,0.02,0.6,0.08,3,0.5,20,0.8,,,,,,PRUNED
8826,-0.5666324772106999,2026-05-12 21:36:13.951648,2026-05-12 21:36:17.913792,0 days 00:00:03.962144,0.25,0.8,2,0.05,0.01,0.3,0.16,3,0.6,10,0.8,,,,,,PRUNED
8827,-0.47282466935517253,2026-05-12 21:36:17.942656,2026-05-12 21:36:23.081669,0 days 00:00:05.139013,0.35,0.8,4,0.03,0.01,0.3,0.08,6,0.5,10,0.8,,,,,,PRUNED
8828,-9999.0,2026-05-12 21:36:23.109295,2026-05-12 21:36:23.483821,0 days 00:00:00.374526,0.25,0.7,3,0.03,0.02,0.45,0.16,5,0.7,10,0.8,,,,,BEAR_RATIO < NEUTRAL_RATIO < BULL_RATIO 约束违反: 0.25 / 0.7 / 0.7,COMPLETE
8829,-0.46476468070252497,2026-05-12 21:36:23.511295,2026-05-12 21:36:27.540364,0 days 00:00:04.029069,0.45,0.9,4,0.05,0.01,0.45,0.12,4,0.6,20,0.65,,,,,,PRUNED
8830,-0.46352146041493547,2026-05-12 21:36:27.569444,2026-05-12 21:36:32.118974,0 days 00:00:04.549530,0.45,0.9,3,0.05,0.02,0.6,0.08,5,0.6,20,0.5,,,,,,PRUNED
8831,-0.5715107846558711,2026-05-12 21:36:32.146261,2026-05-12 21:36:32.584195,0 days 00:00:00.437934,0.45,0.7,2,0.05,0.02,0.6,0.08,3,0.5,20,0.8,,,,,,PRUNED
8832,-0.5179924623587872,2026-05-12 21:36:32.613082,2026-05-12 21:36:33.261815,0 days 00:00:00.648733,0.45,0.7,2,0.05,0.02,0.6,0.08,6,0.5,20,0.8,-0.39108387647623727,-0.030830266507629607,0.2538171717650998,0.36025360996860767,,COMPLETE
8833,-0.4242910183560481,2026-05-12 21:36:33.288549,2026-05-12 21:36:33.714207,0 days 00:00:00.425658,0.45,0.7,2,0.05,0.02,0.6,0.08,5,0.5,20,0.8,,,,,,PRUNED
8834,-0.6317866110174133,2026-05-12 21:36:33.743102,2026-05-12 21:36:37.161526,0 days 00:00:03.418424,0.35,0.8,2,0.03,0.01,0.6,0.08,3,0.7,20,0.65,,,,,,PRUNED
8835,-0.45392904639870013,2026-05-12 21:36:37.190026,2026-05-12 21:36:41.174544,0 days 00:00:03.984518,0.45,0.7,2,0.03,0.02,0.6,0.08,4,0.6,20,0.8,,,,,,PRUNED
8836,-0.5003629882605244,2026-05-12 21:36:41.203841,2026-05-12 21:36:45.271602,0 days 00:00:04.067761,0.45,0.9,3,0.03,0.01,0.6,0.12,4,0.7,20,0.5,,,,,,PRUNED
8837,-0.45255866467756645,2026-05-12 21:36:45.298711,2026-05-12 21:36:49.932447,0 days 00:00:04.633736,0.45,0.8,2,0.05,0.02,0.6,0.16,5,0.5,20,0.5,,,,,,PRUNED
8838,-0.5179924623587872,2026-05-12 21:36:49.958673,2026-05-12 21:36:50.580891,0 days 00:00:00.622218,0.45,0.7,2,0.05,0.02,0.6,0.08,6,0.5,20,0.8,-0.39108387647623727,-0.030830266507629607,0.2538171717650998,0.36025360996860767,,COMPLETE
8839,-0.4742995124621083,2026-05-12 21:36:50.608653,2026-05-12 21:36:56.461711,0 days 00:00:05.853058,0.35,0.8,3,0.05,0.01,0.45,0.12,5,0.6,10,0.8,,,,,,PRUNED
8840,-0.5008255678953463,2026-05-12 21:36:56.489382,2026-05-12 21:37:01.416244,0 days 00:00:04.926862,0.45,0.9,4,0.05,0.02,0.3,0.12,4,0.5,5,0.65,,,,,,PRUNED
8841,-0.45922900001057343,2026-05-12 21:37:01.444384,2026-05-12 21:37:06.336873,0 days 00:00:04.892489,0.45,0.8,4,0.05,0.01,0.3,0.08,5,0.7,10,0.65,,,,,,PRUNED
8842,-0.5179924623587872,2026-05-12 21:37:06.363689,2026-05-12 21:37:06.991720,0 days 00:00:00.628031,0.45,0.7,2,0.05,0.02,0.6,0.08,6,0.5,20,0.5,-0.39108387647623727,-0.030830266507629607,0.2538171717650998,0.36025360996860767,,COMPLETE
8843,-0.5895742342267426,2026-05-12 21:37:07.021923,2026-05-12 21:37:12.781982,0 days 00:00:05.760059,0.25,0.8,3,0.03,0.01,0.6,0.16,6,0.6,5,0.65,,,,,,PRUNED
8844,-0.48284506129801036,2026-05-12 21:37:12.809959,2026-05-12 21:37:17.123676,0 days 00:00:04.313717,0.35,0.9,4,0.05,0.01,0.3,0.12,3,0.5,5,0.5,,,,,,PRUNED
8845,-9999.0,2026-05-12 21:37:17.152045,2026-05-12 21:37:17.556999,0 days 00:00:00.404954,0.45,0.7,3,0.03,0.01,0.45,0.16,3,0.7,5,0.65,,,,,BEAR_RATIO < NEUTRAL_RATIO < BULL_RATIO 约束违反: 0.45 / 0.7 / 0.7,COMPLETE
8846,-0.5179924623587872,2026-05-12 21:37:17.585882,2026-05-12 21:37:18.187005,0 days 00:00:00.601123,0.45,0.7,2,0.05,0.02,0.6,0.08,6,0.5,20,0.8,-0.39108387647623727,-0.030830266507629607,0.2538171717650998,0.36025360996860767,,COMPLETE
8847,-0.6124843163629929,2026-05-12 21:37:18.217318,2026-05-12 21:37:21.646090,0 days 00:00:03.428772,0.25,0.7,2,0.05,0.02,0.45,0.12,3,0.6,20,0.5,,,,,,PRUNED
8848,-0.5482605973317646,2026-05-12 21:37:21.672990,2026-05-12 21:37:26.690392,0 days 00:00:05.017402,0.25,0.8,2,0.03,0.02,0.3,0.16,5,0.6,10,0.65,,,,,,PRUNED
8849,-0.5179924623587872,2026-05-12 21:37:26.717870,2026-05-12 21:37:27.320712,0 days 00:00:00.602842,0.45,0.7,2,0.05,0.02,0.6,0.08,6,0.5,20,0.8,-0.39108387647623727,-0.030830266507629607,0.2538171717650998,0.36025360996860767,,COMPLETE
8850,-0.4512982022161807,2026-05-12 21:37:27.352716,2026-05-12 21:37:31.372787,0 days 00:00:04.020071,0.35,0.7,4,0.05,0.02,0.6,0.08,4,0.6,20,0.8,,,,,,PRUNED
8851,-0.48815586774927267,2026-05-12 21:37:31.402038,2026-05-12 21:37:36.015708,0 days 00:00:04.613670,0.35,0.8,3,0.05,0.02,0.3,0.12,5,0.6,20,0.8,,,,,,PRUNED
8852,-9999.0,2026-05-12 21:37:36.044791,2026-05-12 21:37:36.408539,0 days 00:00:00.363748,0.45,0.7,4,0.05,0.02,0.6,0.08,6,0.7,5,0.8,,,,,BEAR_RATIO < NEUTRAL_RATIO < BULL_RATIO 约束违反: 0.45 / 0.7 / 0.7,COMPLETE
8853,-0.5115845631825812,2026-05-12 21:37:36.439468,2026-05-12 21:37:41.303573,0 days 00:00:04.864105,0.25,0.9,2,0.05,0.02,0.45,0.08,5,0.7,10,0.5,,,,,,PRUNED
8854,-0.5911050847651261,2026-05-12 21:37:41.332273,2026-05-12 21:37:44.760002,0 days 00:00:03.427729,0.45,0.8,3,0.05,0.01,0.6,0.16,3,0.5,20,0.8,,,,,,PRUNED
8855,-0.528100799735945,2026-05-12 21:37:44.786754,2026-05-12 21:37:50.213985,0 days 00:00:05.427231,0.25,0.9,2,0.05,0.02,0.45,0.12,5,0.5,5,0.8,,,,,,PRUNED
8856,-0.6597052474096378,2026-05-12 21:37:50.242210,2026-05-12 21:37:54.591706,0 days 00:00:04.349496,0.45,0.9,4,0.03,0.02,0.6,0.16,3,0.7,20,0.5,,,,,,PRUNED
8857,-0.4968574805825397,2026-05-12 21:37:54.632377,2026-05-12 21:38:00.416737,0 days 00:00:05.784360,0.45,0.8,3,0.03,0.01,0.3,0.16,6,0.5,5,0.8,,,,,,PRUNED
8858,-0.5691767991548007,2026-05-12 21:38:00.446861,2026-05-12 21:38:06.172961,0 days 00:00:05.726100,0.25,0.8,4,0.03,0.02,0.45,0.12,6,0.6,5,0.8,,,,,,PRUNED
8859,-0.533332448654943,2026-05-12 21:38:06.206497,2026-05-12 21:38:11.062955,0 days 00:00:04.856458,0.25,0.9,2,0.05,0.01,0.3,0.16,5,0.7,10,0.8,,,,,,PRUNED
8860,-0.5317087388717561,2026-05-12 21:38:11.110038,2026-05-12 21:38:16.576306,0 days 00:00:05.466268,0.25,0.9,2,0.05,0.01,0.6,0.08,5,0.6,5,0.65,,,,,,PRUNED
8861,-0.5420011145867935,2026-05-12 21:38:16.604112,2026-05-12 21:38:21.547187,0 days 00:00:04.943075,0.25,0.8,2,0.03,0.01,0.6,0.12,6,0.6,20,0.65,,,,,,PRUNED
8862,-0.410125315542252,2026-05-12 21:38:21.574328,2026-05-12 21:38:21.985040,0 days 00:00:00.410712,0.45,0.7,4,0.05,0.02,0.6,0.08,6,0.5,20,0.8,,,,,,PRUNED
8863,-0.49624856067525436,2026-05-12 21:38:22.014433,2026-05-12 21:38:27.820463,0 days 00:00:05.806030,0.35,0.7,4,0.03,0.01,0.3,0.12,6,0.5,5,0.5,,,,,,PRUNED
8864,-0.5360035954482605,2026-05-12 21:38:27.847500,2026-05-12 21:38:32.170302,0 days 00:00:04.322802,0.25,0.9,4,0.03,0.01,0.6,0.16,4,0.6,10,0.5,,,,,,PRUNED
8865,-0.5179924623587872,2026-05-12 21:38:32.198342,2026-05-12 21:38:32.818323,0 days 00:00:00.619981,0.45,0.7,2,0.05,0.02,0.6,0.08,6,0.5,20,0.8,-0.39108387647623727,-0.030830266507629607,0.2538171717650998,0.36025360996860767,,COMPLETE
8866,-0.4832024886374983,2026-05-12 21:38:32.847370,2026-05-12 21:38:36.866007,0 days 00:00:04.018637,0.25,0.7,4,0.03,0.02,0.45,0.08,4,0.6,20,0.8,,,,,,PRUNED
8867,-0.4683845671571608,2026-05-12 21:38:36.892940,2026-05-12 21:38:41.447966,0 days 00:00:04.555026,0.45,0.8,2,0.05,0.02,0.3,0.08,5,0.7,20,0.5,,,,,,PRUNED
8868,-0.5179924623587872,2026-05-12 21:38:41.476485,2026-05-12 21:38:42.090312,0 days 00:00:00.613827,0.45,0.7,2,0.05,0.02,0.6,0.08,6,0.5,20,0.8,-0.39108387647623727,-0.030830266507629607,0.2538171717650998,0.36025360996860767,,COMPLETE
8869,-0.5179924623587872,2026-05-12 21:38:42.118020,2026-05-12 21:38:42.735342,0 days 00:00:00.617322,0.45,0.7,2,0.05,0.02,0.6,0.08,6,0.5,20,0.65,-0.39108387647623727,-0.030830266507629607,0.2538171717650998,0.36025360996860767,,COMPLETE
8870,-0.5179924623587872,2026-05-12 21:38:42.766158,2026-05-12 21:38:43.391699,0 days 00:00:00.625541,0.45,0.7,2,0.05,0.02,0.6,0.08,6,0.5,20,0.8,-0.39108387647623727,-0.030830266507629607,0.2538171717650998,0.36025360996860767,,COMPLETE
8871,-0.5026093648491001,2026-05-12 21:38:43.419991,2026-05-12 21:38:48.900522,0 days 00:00:05.480531,0.35,0.7,4,0.03,0.01,0.45,0.16,5,0.5,5,0.8,,,,,,PRUNED
8872,-0.4092788272711371,2026-05-12 21:38:48.929851,2026-05-12 21:38:49.356215,0 days 00:00:00.426364,0.45,0.7,3,0.05,0.02,0.6,0.08,6,0.5,20,0.8,,,,,,PRUNED
8873,-0.42357363260304626,2026-05-12 21:38:49.385468,2026-05-12 21:38:49.802543,0 days 00:00:00.417075,0.45,0.7,2,0.05,0.02,0.6,0.08,6,0.6,20,0.5,,,,,,PRUNED
8874,-0.5179924623587872,2026-05-12 21:38:49.829418,2026-05-12 21:38:50.434836,0 days 00:00:00.605418,0.45,0.7,2,0.05,0.02,0.6,0.08,6,0.5,20,0.8,-0.39108387647623727,-0.030830266507629607,0.2538171717650998,0.36025360996860767,,COMPLETE
8875,-0.6183153532771493,2026-05-12 21:38:50.462342,2026-05-12 21:38:54.755213,0 days 00:00:04.292871,0.25,0.8,4,0.03,0.02,0.3,0.08,3,0.5,20,0.65,,,,,,PRUNED
8876,-0.48269048928461705,2026-05-12 21:38:54.783214,2026-05-12 21:38:59.106606,0 days 00:00:04.323392,0.45,0.8,2,0.03,0.01,0.45,0.08,4,0.7,10,0.65,,,,,,PRUNED
8877,-0.5575828729746607,2026-05-12 21:38:59.134741,2026-05-12 21:39:02.876374,0 days 00:00:03.741633,0.25,0.8,2,0.05,0.02,0.6,0.16,3,0.5,10,0.8,,,,,,PRUNED
8878,-9999.0,2026-05-12 21:39:02.906361,2026-05-12 21:39:03.298812,0 days 00:00:00.392451,0.35,0.7,2,0.03,0.02,0.6,0.16,6,0.7,10,0.65,,,,,BEAR_RATIO < NEUTRAL_RATIO < BULL_RATIO 约束违反: 0.35 / 0.7 / 0.7,COMPLETE
8879,-0.5179924623587872,2026-05-12 21:39:03.326606,2026-05-12 21:39:03.960207,0 days 00:00:00.633601,0.45,0.7,2,0.05,0.02,0.6,0.08,6,0.5,20,0.8,-0.39108387647623727,-0.030830266507629607,0.2538171717650998,0.36025360996860767,,COMPLETE
8880,-0.4392374219430675,2026-05-12 21:39:03.989692,2026-05-12 21:39:04.604862,0 days 00:00:00.615170,0.45,0.9,2,0.05,0.02,0.6,0.08,4,0.5,20,0.8,,,,,,PRUNED
8881,-0.49742241392134195,2026-05-12 21:39:04.633026,2026-05-12 21:39:09.256121,0 days 00:00:04.623095,0.45,0.9,2,0.03,0.02,0.45,0.08,5,0.7,20,0.8,,,,,,PRUNED
8882,-0.4981097486430177,2026-05-12 21:39:09.283379,2026-05-12 21:39:14.121099,0 days 00:00:04.837720,0.25,0.7,3,0.03,0.01,0.6,0.08,6,0.5,20,0.8,,,,,,PRUNED
8883,-0.48285633254757704,2026-05-12 21:39:14.151578,2026-05-12 21:39:19.051283,0 days 00:00:04.899705,0.35,0.8,2,0.03,0.02,0.6,0.08,5,0.6,10,0.65,,,,,,PRUNED
8884,-0.4841302821461929,2026-05-12 21:39:19.079544,2026-05-12 21:39:24.190256,0 days 00:00:05.110712,0.25,0.7,3,0.05,0.02,0.6,0.08,6,0.6,10,0.5,,,,,,PRUNED
8885,-0.5851582987966171,2026-05-12 21:39:24.220444,2026-05-12 21:39:27.956096,0 days 00:00:03.735652,0.25,0.9,3,0.05,0.01,0.6,0.16,3,0.7,10,0.5,,,,,,PRUNED
8886,-0.5179924623587872,2026-05-12 21:39:27.987070,2026-05-12 21:39:28.631374,0 days 00:00:00.644304,0.45,0.7,2,0.05,0.02,0.6,0.08,6,0.5,20,0.8,-0.39108387647623727,-0.030830266507629607,0.2538171717650998,0.36025360996860767,,COMPLETE
8887,-0.5399766400904975,2026-05-12 21:39:28.660997,2026-05-12 21:39:34.368021,0 days 00:00:05.707024,0.25,0.9,4,0.05,0.02,0.6,0.12,6,0.5,5,0.8,,,,,,PRUNED
8888,-9999.0,2026-05-12 21:39:34.394240,2026-05-12 21:39:34.716840,0 days 00:00:00.322600,0.25,0.7,2,0.05,0.02,0.6,0.16,6,0.7,20,0.8,,,,,BEAR_RATIO < NEUTRAL_RATIO < BULL_RATIO 约束违反: 0.25 / 0.7 / 0.7,COMPLETE
8889,-0.5958185628751935,2026-05-12 21:39:34.743004,2026-05-12 21:39:38.393463,0 days 00:00:03.650459,0.25,0.9,3,0.03,0.01,0.3,0.12,3,0.7,10,0.8,,,,,,PRUNED
8890,-0.42357363260304626,2026-05-12 21:39:38.423378,2026-05-12 21:39:38.857213,0 days 00:00:00.433835,0.45,0.7,2,0.05,0.02,0.6,0.08,6,0.6,20,0.8,,,,,,PRUNED
8891,-0.4722073616472467,2026-05-12 21:39:38.888096,2026-05-12 21:39:43.247790,0 days 00:00:04.359694,0.35,0.9,4,0.05,0.02,0.45,0.12,4,0.5,10,0.5,,,,,,PRUNED
8892,-0.4863889859283583,2026-05-12 21:39:43.279387,2026-05-12 21:39:48.997913,0 days 00:00:05.718526,0.35,0.8,4,0.03,0.01,0.3,0.08,6,0.5,5,0.8,,,,,,PRUNED
8893,-0.6200127745467684,2026-05-12 21:39:49.025284,2026-05-12 21:39:53.369200,0 days 00:00:04.343916,0.25,0.8,2,0.05,0.01,0.45,0.12,3,0.6,20,0.65,,,,,,PRUNED
8894,-0.4493084743777613,2026-05-12 21:39:53.396628,2026-05-12 21:39:58.201889,0 days 00:00:04.805261,0.45,0.9,3,0.05,0.01,0.6,0.08,6,0.6,20,0.65,,,,,,PRUNED
8895,-0.528050098970771,2026-05-12 21:39:58.233147,2026-05-12 21:40:03.998048,0 days 00:00:05.764901,0.35,0.8,4,0.05,0.01,0.3,0.16,6,0.7,5,0.8,,,,,,PRUNED
8896,-0.5606494277509467,2026-05-12 21:40:04.026096,2026-05-12 21:40:09.670617,0 days 00:00:05.644521,0.25,0.8,4,0.03,0.01,0.3,0.16,5,0.5,5,0.8,,,,,,PRUNED
8897,-0.5766915889648762,2026-05-12 21:40:09.700304,2026-05-12 21:40:10.110753,0 days 00:00:00.410449,0.45,0.7,2,0.05,0.02,0.6,0.12,3,0.5,20,0.8,,,,,,PRUNED
8898,-0.5564400280772162,2026-05-12 21:40:10.137635,2026-05-12 21:40:15.054519,0 days 00:00:04.916884,0.25,0.8,4,0.05,0.01,0.3,0.12,4,0.6,5,0.8,,,,,,PRUNED
8899,-0.41509817610270505,2026-05-12 21:40:15.084684,2026-05-12 21:40:20.816304,0 days 00:00:05.731620,0.45,0.7,3,0.05,0.02,0.45,0.08,6,0.5,5,0.8,,,,,,PRUNED
8900,-0.48106390363618284,2026-05-12 21:40:20.845433,2026-05-12 21:40:24.810425,0 days 00:00:03.964992,0.25,0.8,2,0.05,0.02,0.6,0.16,4,0.5,20,0.8,,,,,,PRUNED
8901,-0.5179924623587872,2026-05-12 21:40:24.836721,2026-05-12 21:40:25.474381,0 days 00:00:00.637660,0.45,0.7,2,0.05,0.02,0.6,0.08,6,0.5,20,0.8,-0.39108387647623727,-0.030830266507629607,0.2538171717650998,0.36025360996860767,,COMPLETE
8902,-9999.0,2026-05-12 21:40:25.522641,2026-05-12 21:40:25.872540,0 days 00:00:00.349899,0.45,0.7,4,0.03,0.02,0.45,0.16,4,0.7,10,0.65,,,,,BEAR_RATIO < NEUTRAL_RATIO < BULL_RATIO 约束违反: 0.45 / 0.7 / 0.7,COMPLETE
8903,-9999.0,2026-05-12 21:40:25.901327,2026-05-12 21:40:26.256193,0 days 00:00:00.354866,0.25,0.7,2,0.03,0.01,0.3,0.08,3,0.7,5,0.5,,,,,BEAR_RATIO < NEUTRAL_RATIO < BULL_RATIO 约束违反: 0.25 / 0.7 / 0.7,COMPLETE
8904,-0.5531865147933487,2026-05-12 21:40:26.285832,2026-05-12 21:40:30.032814,0 days 00:00:03.746982,0.45,0.8,4,0.05,0.02,0.3,0.16,3,0.6,10,0.65,,,,,,PRUNED
8905,-9999.0,2026-05-12 21:40:30.062057,2026-05-12 21:40:30.418336,0 days 00:00:00.356279,0.45,0.7,2,0.05,0.02,0.3,0.12,5,0.7,5,0.5,,,,,BEAR_RATIO < NEUTRAL_RATIO < BULL_RATIO 约束违反: 0.45 / 0.7 / 0.7,COMPLETE
8906,-0.5588623012469853,2026-05-12 21:40:30.447808,2026-05-12 21:40:35.285000,0 days 00:00:04.837192,0.25,0.9,2,0.03,0.02,0.6,0.12,6,0.7,20,0.5,,,,,,PRUNED
8907,-0.4213231947291116,2026-05-12 21:40:35.315667,2026-05-12 21:40:35.763760,0 days 00:00:00.448093,0.45,0.7,2,0.05,0.02,0.6,0.08,4,0.5,20,0.8,,,,,,PRUNED
8908,-0.4997351115867222,2026-05-12 21:40:35.791668,2026-05-12 21:40:39.762064,0 days 00:00:03.970396,0.25,0.9,3,0.05,0.01,0.3,0.12,4,0.7,20,0.5,,,,,,PRUNED
8909,-0.49122583422636434,2026-05-12 21:40:39.790431,2026-05-12 21:40:45.210681,0 days 00:00:05.420250,0.35,0.8,3,0.05,0.02,0.45,0.12,5,0.6,5,0.65,,,,,,PRUNED
8910,-0.4844555642589289,2026-05-12 21:40:45.239841,2026-05-12 21:40:49.795140,0 days 00:00:04.555299,0.35,0.9,4,0.05,0.02,0.45,0.12,5,0.5,20,0.5,,,,,,PRUNED
8911,-0.5179924623587872,2026-05-12 21:40:49.822352,2026-05-12 21:40:50.408445,0 days 00:00:00.586093,0.45,0.7,2,0.05,0.01,0.6,0.08,6,0.5,20,0.8,-0.39108387647623727,-0.030830266507629607,0.2538171717650998,0.36025360996860767,,COMPLETE
8912,-0.5808592603101209,2026-05-12 21:40:50.433729,2026-05-12 21:40:55.601745,0 days 00:00:05.168016,0.35,0.9,4,0.03,0.02,0.6,0.16,3,0.5,10,0.65,,,,,,PRUNED
8913,-0.5008614454903997,2026-05-12 21:40:55.629590,2026-05-12 21:40:59.624979,0 days 00:00:03.995389,0.35,0.8,2,0.03,0.01,0.45,0.12,4,0.7,20,0.5,,,,,,PRUNED
8914,-0.45722575333815374,2026-05-12 21:40:59.651836,2026-05-12 21:41:04.289892,0 days 00:00:04.638056,0.45,0.8,2,0.03,0.02,0.6,0.08,5,0.5,20,0.8,,,,,,PRUNED
8915,-0.5179924623587872,2026-05-12 21:41:04.317803,2026-05-12 21:41:04.936681,0 days 00:00:00.618878,0.45,0.7,2,0.05,0.02,0.6,0.08,6,0.5,20,0.8,-0.39108387647623727,-0.030830266507629607,0.2538171717650998,0.36025360996860767,,COMPLETE
8916,-0.5179924623587872,2026-05-12 21:41:04.965178,2026-05-12 21:41:05.576791,0 days 00:00:00.611613,0.45,0.7,2,0.05,0.02,0.6,0.08,6,0.5,20,0.8,-0.39108387647623727,-0.030830266507629607,0.2538171717650998,0.36025360996860767,,COMPLETE
8917,-0.5179924623587872,2026-05-12 21:41:05.605918,2026-05-12 21:41:06.238106,0 days 00:00:00.632188,0.45,0.7,2,0.05,0.02,0.6,0.08,6,0.5,20,0.8,-0.39108387647623727,-0.030830266507629607,0.2538171717650998,0.36025360996860767,,COMPLETE
8918,-0.5318915032362425,2026-05-12 21:41:06.265992,2026-05-12 21:41:11.155273,0 days 00:00:04.889281,0.35,0.8,4,0.03,0.01,0.6,0.16,5,0.7,10,0.8,,,,,,PRUNED
8919,-0.45010400881395296,2026-05-12 21:41:11.184560,2026-05-12 21:41:16.050291,0 days 00:00:04.865731,0.35,0.7,4,0.05,0.01,0.6,0.12,5,0.5,10,0.5,,,,,,PRUNED
8920,-0.5179924623587872,2026-05-12 21:41:16.080275,2026-05-12 21:41:16.720790,0 days 00:00:00.640515,0.45,0.7,2,0.05,0.02,0.6,0.08,6,0.5,20,0.8,-0.39108387647623727,-0.030830266507629607,0.2538171717650998,0.36025360996860767,,COMPLETE
8921,-0.45925025216759463,2026-05-12 21:41:16.748521,2026-05-12 21:41:21.598729,0 days 00:00:04.850208,0.35,0.7,3,0.05,0.02,0.45,0.16,6,0.5,20,0.8,,,,,,PRUNED
8922,-0.5179924623587872,2026-05-12 21:41:21.628468,2026-05-12 21:41:22.289956,0 days 00:00:00.661488,0.45,0.7,2,0.05,0.02,0.6,0.08,6,0.5,20,0.8,-0.39108387647623727,-0.030830266507629607,0.2538171717650998,0.36025360996860767,,COMPLETE
8923,-0.4783929292972593,2026-05-12 21:41:22.319107,2026-05-12 21:41:26.887930,0 days 00:00:04.568823,0.45,0.8,2,0.05,0.02,0.3,0.12,5,0.7,20,0.8,,,,,,PRUNED
8924,-0.4296411080598753,2026-05-12 21:41:26.915754,2026-05-12 21:41:27.334393,0 days 00:00:00.418639,0.45,0.7,2,0.05,0.02,0.6,0.16,6,0.5,20,0.8,,,,,,PRUNED
8925,-0.5979804457883122,2026-05-12 21:41:27.364051,2026-05-12 21:41:31.125415,0 days 00:00:03.761364,0.35,0.9,3,0.05,0.01,0.6,0.08,3,0.5,20,0.65,,,,,,PRUNED
8926,-0.47441457244516044,2026-05-12 21:41:31.152023,2026-05-12 21:41:31.560898,0 days 00:00:00.408875,0.25,0.7,2,0.05,0.02,0.6,0.08,6,0.5,20,0.8,,,,,,PRUNED
8927,-0.5048897174538365,2026-05-12 21:41:31.590191,2026-05-12 21:41:36.133937,0 days 00:00:04.543746,0.25,0.9,2,0.05,0.01,0.45,0.08,5,0.5,20,0.5,,,,,,PRUNED
8928,-0.555431384479368,2026-05-12 21:41:36.164264,2026-05-12 21:41:41.113345,0 days 00:00:04.949081,0.35,0.9,4,0.03,0.01,0.3,0.16,4,0.5,5,0.5,,,,,,PRUNED
8929,-0.5179924623587872,2026-05-12 21:41:41.159492,2026-05-12 21:41:41.764924,0 days 00:00:00.605432,0.45,0.7,2,0.05,0.02,0.6,0.08,6,0.5,20,0.8,-0.39108387647623727,-0.030830266507629607,0.2538171717650998,0.36025360996860767,,COMPLETE
8930,-0.5312143234588518,2026-05-12 21:41:41.796161,2026-05-12 21:41:45.464590,0 days 00:00:03.668429,0.35,0.7,3,0.05,0.01,0.6,0.12,3,0.5,10,0.65,,,,,,PRUNED
8931,-0.4602006479291329,2026-05-12 21:41:45.495213,2026-05-12 21:41:50.110461,0 days 00:00:04.615248,0.45,0.8,2,0.05,0.01,0.45,0.12,5,0.6,20,0.5,,,,,,PRUNED
8932,-0.5179924623587872,2026-05-12 21:41:50.134669,2026-05-12 21:41:50.702028,0 days 00:00:00.567359,0.45,0.7,2,0.05,0.02,0.6,0.08,6,0.5,20,0.8,-0.39108387647623727,-0.030830266507629607,0.2538171717650998,0.36025360996860767,,COMPLETE
8933,-0.542077900825548,2026-05-12 21:41:50.729389,2026-05-12 21:41:56.570648,0 days 00:00:05.841259,0.25,0.7,2,0.05,0.02,0.3,0.16,4,0.6,5,0.5,,,,,,PRUNED
