number,value,datetime_start,datetime_complete,duration,params_BEAR_RATIO,params_BULL_RATIO,params_GRID_MAX_LAYER,params_GRID_STEP_MAX,params_GRID_STEP_MIN,params_GRID_STEP_VOL_FACTOR,params_LAYER_FRACTION,params_MAX_HOLD,params_NEUTRAL_RATIO,params_REBALANCE_FREQ,params_VOL_WEIGHT,user_attrs_avg_test_score,user_attrs_avg_train_score,user_attrs_test_score_std,user_attrs_train_test_gap,user_attrs_validation_error,state
10758,-0.5179924623587872,2026-05-12 23:09:13.926095,2026-05-12 23:09:14.583468,0 days 00:00:00.657373,0.45,0.7,2,0.05,0.02,0.6,0.08,6,0.5,20,0.8,-0.39108387647623727,-0.030830266507629607,0.2538171717650998,0.36025360996860767,,COMPLETE
10759,-0.43223096142417294,2026-05-12 23:09:14.613743,2026-05-12 23:09:15.085257,0 days 00:00:00.471514,0.45,0.9,2,0.05,0.02,0.6,0.08,6,0.5,20,0.8,,,,,,PRUNED
10760,-0.4543355200239524,2026-05-12 23:09:15.114437,2026-05-12 23:09:20.052114,0 days 00:00:04.937677,0.45,0.9,3,0.05,0.02,0.6,0.16,6,0.5,20,0.5,,,,,,PRUNED
10761,-0.5179924623587872,2026-05-12 23:09:20.082417,2026-05-12 23:09:20.760865,0 days 00:00:00.678448,0.45,0.7,2,0.05,0.02,0.6,0.08,6,0.5,20,0.8,-0.39108387647623727,-0.030830266507629607,0.2538171717650998,0.36025360996860767,,COMPLETE
10762,-0.4153515435978797,2026-05-12 23:09:20.790503,2026-05-12 23:09:26.303673,0 days 00:00:05.513170,0.45,0.7,2,0.05,0.02,0.45,0.08,5,0.5,5,0.65,,,,,,PRUNED
10763,-0.4874398934060915,2026-05-12 23:09:26.334230,2026-05-12 23:09:31.952497,0 days 00:00:05.618267,0.45,0.8,3,0.03,0.01,0.6,0.12,5,0.6,5,0.65,,,,,,PRUNED
10764,-0.41946342054621055,2026-05-12 23:09:31.983586,2026-05-12 23:09:37.734298,0 days 00:00:05.750712,0.45,0.7,4,0.05,0.02,0.3,0.08,6,0.5,5,0.5,,,,,,PRUNED
10765,-0.4311209394604073,2026-05-12 23:09:37.762747,2026-05-12 23:09:43.625146,0 days 00:00:05.862399,0.45,0.7,3,0.05,0.02,0.3,0.12,6,0.5,5,0.8,,,,,,PRUNED
10766,-0.49200276752166483,2026-05-12 23:09:43.653406,2026-05-12 23:09:49.752326,0 days 00:00:06.098920,0.25,0.7,4,0.05,0.01,0.45,0.12,6,0.5,10,0.5,,,,,,PRUNED
10767,-0.4784661458637125,2026-05-12 23:09:49.782697,2026-05-12 23:09:54.776201,0 days 00:00:04.993504,0.45,0.9,2,0.03,0.02,0.3,0.12,6,0.5,20,0.8,,,,,,PRUNED
10768,-9999.0,2026-05-12 23:09:54.808550,2026-05-12 23:09:55.207841,0 days 00:00:00.399291,0.35,0.7,4,0.05,0.02,0.6,0.08,5,0.7,5,0.65,,,,,BEAR_RATIO < NEUTRAL_RATIO < BULL_RATIO 约束违反: 0.35 / 0.7 / 0.7,COMPLETE
10769,-0.4194511448045569,2026-05-12 23:09:55.239999,2026-05-12 23:09:55.702704,0 days 00:00:00.462705,0.45,0.7,2,0.05,0.02,0.6,0.12,6,0.5,20,0.8,,,,,,PRUNED
10770,-0.5730680175705313,2026-05-12 23:09:55.732223,2026-05-12 23:10:01.338426,0 days 00:00:05.606203,0.25,0.8,3,0.03,0.02,0.45,0.16,5,0.6,5,0.5,,,,,,PRUNED
10771,-0.5179924623587872,2026-05-12 23:10:01.369733,2026-05-12 23:10:02.004483,0 days 00:00:00.634750,0.45,0.7,2,0.05,0.02,0.6,0.08,6,0.5,20,0.8,-0.39108387647623727,-0.030830266507629607,0.2538171717650998,0.36025360996860767,,COMPLETE
10772,-0.5179924623587872,2026-05-12 23:10:02.035910,2026-05-12 23:10:02.700976,0 days 00:00:00.665066,0.45,0.7,2,0.05,0.02,0.6,0.08,6,0.5,20,0.8,-0.39108387647623727,-0.030830266507629607,0.2538171717650998,0.36025360996860767,,COMPLETE
10773,-0.4242910183560481,2026-05-12 23:10:02.732401,2026-05-12 23:10:03.184421,0 days 00:00:00.452020,0.45,0.7,2,0.05,0.02,0.6,0.08,5,0.5,20,0.8,,,,,,PRUNED
10774,-0.566522212456812,2026-05-12 23:10:03.231519,2026-05-12 23:10:08.785580,0 days 00:00:05.554061,0.25,0.8,2,0.03,0.02,0.6,0.12,5,0.7,5,0.65,,,,,,PRUNED
10775,-0.5182146398982329,2026-05-12 23:10:08.815772,2026-05-12 23:10:13.524122,0 days 00:00:04.708350,0.45,0.9,2,0.03,0.01,0.45,0.12,5,0.7,20,0.65,,,,,,PRUNED
10776,-0.5715107846558711,2026-05-12 23:10:13.555484,2026-05-12 23:10:14.006686,0 days 00:00:00.451202,0.45,0.7,2,0.05,0.02,0.6,0.08,3,0.5,20,0.8,,,,,,PRUNED
10777,-0.49210028203991346,2026-05-12 23:10:14.034507,2026-05-12 23:10:19.576302,0 days 00:00:05.541795,0.25,0.7,2,0.05,0.02,0.6,0.08,5,0.5,5,0.5,,,,,,PRUNED
10778,-0.47595761726635805,2026-05-12 23:10:19.605500,2026-05-12 23:10:24.303015,0 days 00:00:04.697515,0.45,0.9,2,0.05,0.02,0.45,0.08,5,0.7,20,0.8,,,,,,PRUNED
10779,-0.5179924623587872,2026-05-12 23:10:24.334309,2026-05-12 23:10:25.013630,0 days 00:00:00.679321,0.45,0.7,2,0.05,0.02,0.6,0.08,6,0.5,20,0.5,-0.39108387647623727,-0.030830266507629607,0.2538171717650998,0.36025360996860767,,COMPLETE
10780,-9999.0,2026-05-12 23:10:25.042673,2026-05-12 23:10:25.430648,0 days 00:00:00.387975,0.45,0.7,3,0.03,0.01,0.6,0.16,5,0.7,5,0.65,,,,,BEAR_RATIO < NEUTRAL_RATIO < BULL_RATIO 约束违反: 0.45 / 0.7 / 0.7,COMPLETE
10781,-0.42314434753360175,2026-05-12 23:10:25.462685,2026-05-12 23:10:25.917051,0 days 00:00:00.454366,0.45,0.7,2,0.05,0.02,0.45,0.08,6,0.6,20,0.8,,,,,,PRUNED
10782,-9999.0,2026-05-12 23:10:25.948291,2026-05-12 23:10:26.341879,0 days 00:00:00.393588,0.45,0.7,2,0.03,0.02,0.6,0.08,5,0.7,10,0.8,,,,,BEAR_RATIO < NEUTRAL_RATIO < BULL_RATIO 约束违反: 0.45 / 0.7 / 0.7,COMPLETE
10783,-0.5182406672588966,2026-05-12 23:10:26.373405,2026-05-12 23:10:27.037294,0 days 00:00:00.663889,0.45,0.7,2,0.05,0.02,0.45,0.08,6,0.5,20,0.8,-0.3910743597599139,-0.030648087966744914,0.25433261499796533,0.360426271793169,,COMPLETE
10784,-0.5778295114936576,2026-05-12 23:10:27.065943,2026-05-12 23:10:30.862667,0 days 00:00:03.796724,0.35,0.9,3,0.03,0.01,0.3,0.08,3,0.7,10,0.8,,,,,,PRUNED
10785,-0.5179924623587872,2026-05-12 23:10:30.894518,2026-05-12 23:10:31.494311,0 days 00:00:00.599793,0.45,0.7,2,0.05,0.02,0.6,0.08,6,0.5,20,0.8,-0.39108387647623727,-0.030830266507629607,0.2538171717650998,0.36025360996860767,,COMPLETE
10786,-0.43780702080493666,2026-05-12 23:10:31.522472,2026-05-12 23:10:35.539233,0 days 00:00:04.016761,0.35,0.7,2,0.05,0.01,0.3,0.08,4,0.5,20,0.8,,,,,,PRUNED
10787,-0.5568966855652837,2026-05-12 23:10:35.570541,2026-05-12 23:10:41.435847,0 days 00:00:05.865306,0.25,0.8,2,0.03,0.02,0.3,0.12,6,0.5,5,0.8,,,,,,PRUNED
10788,-0.5179924623587872,2026-05-12 23:10:41.465036,2026-05-12 23:10:42.149839,0 days 00:00:00.684803,0.45,0.7,2,0.05,0.02,0.6,0.08,6,0.5,20,0.8,-0.39108387647623727,-0.030830266507629607,0.2538171717650998,0.36025360996860767,,COMPLETE
10789,-0.5179924623587872,2026-05-12 23:10:42.182033,2026-05-12 23:10:42.851968,0 days 00:00:00.669935,0.45,0.7,2,0.05,0.02,0.6,0.08,6,0.5,20,0.65,-0.39108387647623727,-0.030830266507629607,0.2538171717650998,0.36025360996860767,,COMPLETE
10790,-0.4511100384955283,2026-05-12 23:10:42.880998,2026-05-12 23:10:47.584219,0 days 00:00:04.703221,0.45,0.9,4,0.05,0.01,0.3,0.08,5,0.5,20,0.65,,,,,,PRUNED
10791,-9999.0,2026-05-12 23:10:47.613980,2026-05-12 23:10:48.016409,0 days 00:00:00.402429,0.35,0.7,2,0.05,0.01,0.6,0.08,6,0.7,20,0.5,,,,,BEAR_RATIO < NEUTRAL_RATIO < BULL_RATIO 约束违反: 0.35 / 0.7 / 0.7,COMPLETE
10792,-0.5212229215896343,2026-05-12 23:10:48.046802,2026-05-12 23:10:54.471884,0 days 00:00:06.425082,0.25,0.7,4,0.05,0.01,0.6,0.12,5,0.6,5,0.65,,,,,,PRUNED
10793,-0.5769536444561718,2026-05-12 23:10:54.501928,2026-05-12 23:10:59.594977,0 days 00:00:05.093049,0.25,0.8,2,0.03,0.02,0.45,0.16,4,0.5,5,0.8,,,,,,PRUNED
10794,-0.5179924623587872,2026-05-12 23:10:59.623434,2026-05-12 23:11:00.293359,0 days 00:00:00.669925,0.45,0.7,2,0.05,0.02,0.6,0.08,6,0.5,20,0.8,-0.39108387647623727,-0.030830266507629607,0.2538171717650998,0.36025360996860767,,COMPLETE
10795,-0.5365605288655574,2026-05-12 23:11:00.318471,2026-05-12 23:11:05.260788,0 days 00:00:04.942317,0.25,0.8,2,0.05,0.01,0.45,0.08,4,0.5,5,0.8,,,,,,PRUNED
10796,-0.5496945831292595,2026-05-12 23:11:05.305366,2026-05-12 23:11:10.079738,0 days 00:00:04.774372,0.25,0.7,4,0.03,0.01,0.45,0.16,5,0.6,20,0.8,,,,,,PRUNED
10797,-0.5179924623587872,2026-05-12 23:11:10.341791,2026-05-12 23:11:11.190812,0 days 00:00:00.849021,0.45,0.7,2,0.05,0.02,0.6,0.08,6,0.5,20,0.8,-0.39108387647623727,-0.030830266507629607,0.2538171717650998,0.36025360996860767,,COMPLETE
10798,-0.5096245299633667,2026-05-12 23:11:11.216073,2026-05-12 23:11:15.513639,0 days 00:00:04.297566,0.45,0.8,3,0.03,0.02,0.45,0.16,3,0.7,5,0.8,,,,,,PRUNED
10799,-0.6415175838750168,2026-05-12 23:11:15.541911,2026-05-12 23:11:19.051241,0 days 00:00:03.509330,0.35,0.9,4,0.03,0.01,0.45,0.08,3,0.7,20,0.8,,,,,,PRUNED
10800,-0.5179924623587872,2026-05-12 23:11:19.079624,2026-05-12 23:11:19.756429,0 days 00:00:00.676805,0.45,0.7,2,0.05,0.02,0.6,0.08,6,0.5,20,0.8,-0.39108387647623727,-0.030830266507629607,0.2538171717650998,0.36025360996860767,,COMPLETE
10801,-0.4932876962334699,2026-05-12 23:11:19.796625,2026-05-12 23:11:23.865837,0 days 00:00:04.069212,0.25,0.8,2,0.03,0.01,0.6,0.08,4,0.7,20,0.8,,,,,,PRUNED
10802,-0.5520472616491692,2026-05-12 23:11:23.895236,2026-05-12 23:11:28.561447,0 days 00:00:04.666211,0.25,0.9,3,0.03,0.02,0.6,0.12,5,0.6,20,0.8,,,,,,PRUNED
10803,-0.5179924623587872,2026-05-12 23:11:28.606912,2026-05-12 23:11:29.264200,0 days 00:00:00.657288,0.45,0.7,2,0.05,0.02,0.6,0.08,6,0.5,20,0.8,-0.39108387647623727,-0.030830266507629607,0.2538171717650998,0.36025360996860767,,COMPLETE
10804,-0.4333600775936791,2026-05-12 23:11:29.293184,2026-05-12 23:11:33.370339,0 days 00:00:04.077155,0.45,0.8,3,0.05,0.01,0.6,0.08,4,0.5,20,0.8,,,,,,PRUNED
10805,-0.410125315542252,2026-05-12 23:11:33.399993,2026-05-12 23:11:33.861534,0 days 00:00:00.461541,0.45,0.7,4,0.05,0.02,0.6,0.08,6,0.5,20,0.8,,,,,,PRUNED
10806,-0.5057529752713983,2026-05-12 23:11:33.890027,2026-05-12 23:11:38.778536,0 days 00:00:04.888509,0.35,0.7,2,0.03,0.02,0.3,0.16,6,0.5,20,0.5,,,,,,PRUNED
10807,-0.43573028946402204,2026-05-12 23:11:38.805034,2026-05-12 23:11:39.228947,0 days 00:00:00.423913,0.45,0.7,2,0.05,0.02,0.6,0.12,6,0.6,20,0.8,,,,,,PRUNED
10808,-0.4583915252616227,2026-05-12 23:11:39.256000,2026-05-12 23:11:45.051665,0 days 00:00:05.795665,0.45,0.7,4,0.03,0.02,0.3,0.08,6,0.6,5,0.8,,,,,,PRUNED
10809,-0.4092788272711371,2026-05-12 23:11:45.080508,2026-05-12 23:11:45.547648,0 days 00:00:00.467140,0.45,0.7,3,0.05,0.02,0.6,0.08,6,0.5,20,0.8,,,,,,PRUNED
10810,-0.48939516019767176,2026-05-12 23:11:45.575725,2026-05-12 23:11:49.913135,0 days 00:00:04.337410,0.45,0.9,2,0.03,0.01,0.3,0.12,3,0.6,5,0.5,,,,,,PRUNED
10811,-0.4508324427184628,2026-05-12 23:11:49.942374,2026-05-12 23:11:55.170016,0 days 00:00:05.227642,0.35,0.7,4,0.05,0.01,0.45,0.08,6,0.6,10,0.5,,,,,,PRUNED
10812,-0.5130786188268105,2026-05-12 23:11:55.198228,2026-05-12 23:12:00.411524,0 days 00:00:05.213296,0.25,0.7,2,0.05,0.02,0.6,0.12,3,0.6,5,0.8,,,,,,PRUNED
10813,-0.5179924623587872,2026-05-12 23:12:00.440836,2026-05-12 23:12:01.083163,0 days 00:00:00.642327,0.45,0.7,2,0.05,0.01,0.6,0.08,6,0.5,20,0.8,-0.39108387647623727,-0.030830266507629607,0.2538171717650998,0.36025360996860767,,COMPLETE
10814,-0.48826358808922554,2026-05-12 23:12:01.116157,2026-05-12 23:12:05.760726,0 days 00:00:04.644569,0.45,0.9,4,0.03,0.01,0.3,0.12,5,0.5,20,0.8,,,,,,PRUNED
10815,-0.5257151388125236,2026-05-12 23:12:05.788947,2026-05-12 23:12:10.961539,0 days 00:00:05.172592,0.25,0.9,4,0.05,0.02,0.6,0.12,6,0.6,10,0.8,,,,,,PRUNED
10816,-0.5387266544735685,2026-05-12 23:12:10.991332,2026-05-12 23:12:14.801286,0 days 00:00:03.809954,0.45,0.8,3,0.05,0.01,0.3,0.08,3,0.6,10,0.8,,,,,,PRUNED
10817,-0.5179924623587872,2026-05-12 23:12:14.830956,2026-05-12 23:12:15.504753,0 days 00:00:00.673797,0.45,0.7,2,0.05,0.02,0.6,0.08,6,0.5,20,0.8,-0.39108387647623727,-0.030830266507629607,0.2538171717650998,0.36025360996860767,,COMPLETE
10818,-0.5179924623587872,2026-05-12 23:12:15.533209,2026-05-12 23:12:16.195130,0 days 00:00:00.661921,0.45,0.7,2,0.05,0.02,0.6,0.08,6,0.5,20,0.8,-0.39108387647623727,-0.030830266507629607,0.2538171717650998,0.36025360996860767,,COMPLETE
10819,-0.4683137297366228,2026-05-12 23:12:16.224340,2026-05-12 23:12:21.801016,0 days 00:00:05.576676,0.45,0.8,4,0.03,0.01,0.3,0.12,5,0.5,5,0.5,,,,,,PRUNED
10820,-0.46008802222213807,2026-05-12 23:12:21.832950,2026-05-12 23:12:26.212859,0 days 00:00:04.379909,0.45,0.7,2,0.03,0.02,0.3,0.08,4,0.6,10,0.8,,,,,,PRUNED
10821,-0.4581399202883237,2026-05-12 23:12:26.243126,2026-05-12 23:12:32.109311,0 days 00:00:05.866185,0.45,0.8,2,0.05,0.01,0.6,0.12,6,0.6,5,0.65,,,,,,PRUNED
10822,-0.6339014630253643,2026-05-12 23:12:32.137495,2026-05-12 23:12:35.584116,0 days 00:00:03.446621,0.25,0.7,4,0.03,0.02,0.45,0.16,3,0.5,20,0.5,,,,,,PRUNED
10823,-0.4920462094385524,2026-05-12 23:12:35.613096,2026-05-12 23:12:39.950721,0 days 00:00:04.337625,0.25,0.9,3,0.05,0.02,0.45,0.12,4,0.5,10,0.65,,,,,,PRUNED
10824,-0.578519376499495,2026-05-12 23:12:39.981294,2026-05-12 23:12:43.751034,0 days 00:00:03.769740,0.25,0.9,2,0.03,0.02,0.3,0.12,3,0.5,10,0.65,,,,,,PRUNED
10825,-0.5294931254030764,2026-05-12 23:12:43.778527,2026-05-12 23:12:48.485734,0 days 00:00:04.707207,0.35,0.9,2,0.03,0.01,0.3,0.16,5,0.5,20,0.65,,,,,,PRUNED
10826,-0.49878141940690474,2026-05-12 23:12:48.514445,2026-05-12 23:12:48.957617,0 days 00:00:00.443172,0.25,0.9,2,0.05,0.02,0.6,0.08,6,0.5,20,0.8,,,,,,PRUNED
10827,-0.49643838154158537,2026-05-12 23:12:48.986267,2026-05-12 23:12:53.943013,0 days 00:00:04.956746,0.35,0.9,2,0.05,0.01,0.45,0.12,5,0.7,10,0.65,,,,,,PRUNED
10828,-0.47331751868706284,2026-05-12 23:12:53.973986,2026-05-12 23:13:00.792421,0 days 00:00:06.818435,0.35,0.7,3,0.05,0.02,0.6,0.16,6,0.5,5,0.8,,,,,,PRUNED
10829,-0.5179924623587872,2026-05-12 23:13:00.821100,2026-05-12 23:13:01.471608,0 days 00:00:00.650508,0.45,0.7,2,0.05,0.02,0.6,0.08,6,0.5,20,0.8,-0.39108387647623727,-0.030830266507629607,0.2538171717650998,0.36025360996860767,,COMPLETE
10830,-0.5750987205164558,2026-05-12 23:13:01.502239,2026-05-12 23:13:07.006237,0 days 00:00:05.503998,0.25,0.8,4,0.03,0.02,0.3,0.16,5,0.6,5,0.8,,,,,,PRUNED
10831,-0.4605102609999123,2026-05-12 23:13:07.036076,2026-05-12 23:13:11.976916,0 days 00:00:04.940840,0.45,0.9,2,0.05,0.02,0.45,0.08,6,0.7,20,0.65,,,,,,PRUNED
10832,-0.42357363260304626,2026-05-12 23:13:12.004605,2026-05-12 23:13:12.460111,0 days 00:00:00.455506,0.45,0.7,2,0.05,0.02,0.6,0.08,6,0.6,20,0.8,,,,,,PRUNED
10833,-9999.0,2026-05-12 23:13:12.488523,2026-05-12 23:13:12.892933,0 days 00:00:00.404410,0.45,0.7,3,0.05,0.02,0.45,0.16,3,0.7,20,0.65,,,,,BEAR_RATIO < NEUTRAL_RATIO < BULL_RATIO 约束违反: 0.45 / 0.7 / 0.7,COMPLETE
10834,-0.45456110486561263,2026-05-12 23:13:12.920409,2026-05-12 23:13:13.421260,0 days 00:00:00.500851,0.45,0.9,2,0.03,0.01,0.6,0.08,6,0.5,20,0.8,,,,,,PRUNED
10835,-0.5179924623587872,2026-05-12 23:13:13.449134,2026-05-12 23:13:14.098824,0 days 00:00:00.649690,0.45,0.7,2,0.05,0.02,0.6,0.08,6,0.5,20,0.8,-0.39108387647623727,-0.030830266507629607,0.2538171717650998,0.36025360996860767,,COMPLETE
10836,-0.5716793365725409,2026-05-12 23:13:14.127625,2026-05-12 23:13:19.160492,0 days 00:00:05.032867,0.25,0.9,3,0.05,0.01,0.6,0.16,4,0.6,5,0.8,,,,,,PRUNED
10837,-0.5810357752757142,2026-05-12 23:13:19.192573,2026-05-12 23:13:24.196442,0 days 00:00:05.003869,0.35,0.9,2,0.03,0.01,0.45,0.16,4,0.7,5,0.65,,,,,,PRUNED
10838,-0.43267214316187735,2026-05-12 23:13:24.230819,2026-05-12 23:13:28.654811,0 days 00:00:04.423992,0.45,0.7,3,0.05,0.01,0.6,0.16,3,0.5,5,0.5,,,,,,PRUNED
10839,-0.4923993741609548,2026-05-12 23:13:28.686009,2026-05-12 23:13:32.767956,0 days 00:00:04.081947,0.25,0.9,3,0.03,0.02,0.6,0.08,4,0.5,20,0.65,,,,,,PRUNED
10840,-0.6376208115706099,2026-05-12 23:13:32.796755,2026-05-12 23:13:36.338166,0 days 00:00:03.541411,0.45,0.8,2,0.03,0.01,0.3,0.12,3,0.7,20,0.5,,,,,,PRUNED
10841,-0.5179924623587872,2026-05-12 23:13:36.368464,2026-05-12 23:13:37.028051,0 days 00:00:00.659587,0.45,0.7,2,0.05,0.02,0.6,0.08,6,0.5,20,0.8,-0.39108387647623727,-0.030830266507629607,0.2538171717650998,0.36025360996860767,,COMPLETE
10842,-0.46315222536185063,2026-05-12 23:13:37.056963,2026-05-12 23:13:41.102923,0 days 00:00:04.045960,0.45,0.9,3,0.05,0.01,0.6,0.12,4,0.6,20,0.8,,,,,,PRUNED
10843,-0.6067262103134384,2026-05-12 23:13:41.133134,2026-05-12 23:13:44.651502,0 days 00:00:03.518368,0.35,0.9,4,0.05,0.01,0.3,0.12,3,0.5,20,0.65,,,,,,PRUNED
10844,-0.5179924623587872,2026-05-12 23:13:44.679960,2026-05-12 23:13:45.346501,0 days 00:00:00.666541,0.45,0.7,2,0.05,0.02,0.6,0.08,6,0.5,20,0.8,-0.39108387647623727,-0.030830266507629607,0.2538171717650998,0.36025360996860767,,COMPLETE
10845,-0.5566565683959042,2026-05-12 23:13:45.393650,2026-05-12 23:13:51.214991,0 days 00:00:05.821341,0.25,0.8,3,0.03,0.01,0.3,0.12,6,0.5,5,0.5,,,,,,PRUNED
10846,-0.4615447660544128,2026-05-12 23:13:51.245422,2026-05-12 23:13:56.461051,0 days 00:00:05.215629,0.45,0.8,4,0.03,0.01,0.3,0.08,6,0.6,10,0.8,,,,,,PRUNED
10847,-0.5179924623587872,2026-05-12 23:13:56.489740,2026-05-12 23:13:57.158477,0 days 00:00:00.668737,0.45,0.7,2,0.05,0.02,0.6,0.08,6,0.5,20,0.8,-0.39108387647623727,-0.030830266507629607,0.2538171717650998,0.36025360996860767,,COMPLETE
10848,-0.5792061418857395,2026-05-12 23:13:57.188989,2026-05-12 23:14:00.758298,0 days 00:00:03.569309,0.45,0.8,2,0.05,0.01,0.6,0.08,3,0.5,20,0.65,,,,,,PRUNED
10849,-0.6249704791380863,2026-05-12 23:14:00.786620,2026-05-12 23:14:05.154259,0 days 00:00:04.367639,0.45,0.9,4,0.05,0.02,0.45,0.08,3,0.7,20,0.65,,,,,,PRUNED
10850,-0.43362061482938863,2026-05-12 23:14:05.185391,2026-05-12 23:14:05.646304,0 days 00:00:00.460913,0.45,0.9,3,0.05,0.01,0.6,0.08,6,0.5,20,0.8,,,,,,PRUNED
10851,-0.5997445557865859,2026-05-12 23:14:05.675018,2026-05-12 23:14:09.115911,0 days 00:00:03.440893,0.35,0.7,2,0.05,0.02,0.45,0.08,3,0.6,20,0.65,,,,,,PRUNED
10852,-0.47441457244516044,2026-05-12 23:14:09.142940,2026-05-12 23:14:09.563991,0 days 00:00:00.421051,0.25,0.7,2,0.05,0.02,0.6,0.08,6,0.5,20,0.8,,,,,,PRUNED
10853,-9999.0,2026-05-12 23:14:09.593003,2026-05-12 23:14:09.949054,0 days 00:00:00.356051,0.25,0.7,3,0.03,0.02,0.45,0.16,5,0.7,20,0.5,,,,,BEAR_RATIO < NEUTRAL_RATIO < BULL_RATIO 约束违反: 0.25 / 0.7 / 0.7,COMPLETE
10854,-0.4498426551784802,2026-05-12 23:14:09.973425,2026-05-12 23:14:15.686882,0 days 00:00:05.713457,0.35,0.7,2,0.05,0.01,0.3,0.08,6,0.5,5,0.8,,,,,,PRUNED
10855,-0.4092137988646166,2026-05-12 23:14:15.715141,2026-05-12 23:14:16.168106,0 days 00:00:00.452965,0.45,0.7,2,0.05,0.02,0.6,0.08,6,0.5,10,0.8,,,,,,PRUNED
10856,-0.5363356025343173,2026-05-12 23:14:16.198368,2026-05-12 23:14:21.093331,0 days 00:00:04.894963,0.25,0.9,2,0.05,0.02,0.3,0.16,6,0.6,20,0.65,,,,,,PRUNED
10857,-0.46250094114895846,2026-05-12 23:14:21.120683,2026-05-12 23:14:25.180977,0 days 00:00:04.060294,0.25,0.7,4,0.05,0.02,0.3,0.08,4,0.5,20,0.65,,,,,,PRUNED
10858,-0.49976445754226384,2026-05-12 23:14:25.214219,2026-05-12 23:14:29.567137,0 days 00:00:04.352918,0.25,0.8,4,0.05,0.01,0.3,0.12,4,0.7,10,0.5,,,,,,PRUNED
10859,-0.5108501539794066,2026-05-12 23:14:29.599737,2026-05-12 23:14:33.734572,0 days 00:00:04.134835,0.35,0.9,3,0.03,0.02,0.3,0.12,4,0.7,20,0.5,,,,,,PRUNED
10860,-0.41145313209857104,2026-05-12 23:14:33.765801,2026-05-12 23:14:39.008048,0 days 00:00:05.242247,0.45,0.7,2,0.05,0.01,0.3,0.08,6,0.5,10,0.5,,,,,,PRUNED
10861,-0.4965121162279859,2026-05-12 23:14:39.036954,2026-05-12 23:14:43.674828,0 days 00:00:04.637874,0.35,0.8,3,0.05,0.01,0.45,0.12,5,0.7,20,0.8,,,,,,PRUNED
10862,-0.5179924623587872,2026-05-12 23:14:43.704280,2026-05-12 23:14:44.350182,0 days 00:00:00.645902,0.45,0.7,2,0.05,0.02,0.6,0.08,6,0.5,20,0.8,-0.39108387647623727,-0.030830266507629607,0.2538171717650998,0.36025360996860767,,COMPLETE
10863,-9999.0,2026-05-12 23:14:44.379105,2026-05-12 23:14:44.773975,0 days 00:00:00.394870,0.25,0.7,4,0.05,0.02,0.3,0.08,5,0.7,5,0.8,,,,,BEAR_RATIO < NEUTRAL_RATIO < BULL_RATIO 约束违反: 0.25 / 0.7 / 0.7,COMPLETE
10864,-9999.0,2026-05-12 23:14:44.803403,2026-05-12 23:14:45.188655,0 days 00:00:00.385252,0.35,0.7,2,0.05,0.01,0.6,0.16,6,0.7,5,0.8,,,,,BEAR_RATIO < NEUTRAL_RATIO < BULL_RATIO 约束违反: 0.35 / 0.7 / 0.7,COMPLETE
10865,-0.4789295178472406,2026-05-12 23:14:45.218972,2026-05-12 23:14:49.597929,0 days 00:00:04.378957,0.45,0.9,2,0.05,0.02,0.6,0.12,4,0.7,10,0.5,,,,,,PRUNED
10866,-0.5120315636312269,2026-05-12 23:14:49.625782,2026-05-12 23:14:53.691127,0 days 00:00:04.065345,0.25,0.8,2,0.03,0.02,0.6,0.12,4,0.7,20,0.65,,,,,,PRUNED
10867,-0.4616383373997284,2026-05-12 23:14:53.720578,2026-05-12 23:14:58.405259,0 days 00:00:04.684681,0.35,0.7,4,0.05,0.01,0.45,0.12,5,0.5,20,0.8,,,,,,PRUNED
10868,-0.5657367153285594,2026-05-12 23:14:58.434809,2026-05-12 23:15:04.313356,0 days 00:00:05.878547,0.25,0.9,3,0.03,0.02,0.6,0.16,6,0.5,20,0.5,,,,,,PRUNED
10869,-0.4213231947291116,2026-05-12 23:15:04.344353,2026-05-12 23:15:04.801678,0 days 00:00:00.457325,0.45,0.7,2,0.05,0.02,0.6,0.08,4,0.5,20,0.8,,,,,,PRUNED
10870,-0.5580704095576098,2026-05-12 23:15:04.834110,2026-05-12 23:15:09.855458,0 days 00:00:05.021348,0.35,0.8,2,0.03,0.02,0.3,0.16,4,0.6,5,0.5,,,,,,PRUNED
10871,-0.5610036305389319,2026-05-12 23:15:09.884097,2026-05-12 23:15:15.693036,0 days 00:00:05.808939,0.25,0.8,4,0.05,0.02,0.6,0.16,6,0.7,5,0.65,,,,,,PRUNED
10872,-9999.0,2026-05-12 23:15:15.721199,2026-05-12 23:15:16.133048,0 days 00:00:00.411849,0.25,0.7,4,0.03,0.01,0.3,0.12,6,0.7,20,0.65,,,,,BEAR_RATIO < NEUTRAL_RATIO < BULL_RATIO 约束违反: 0.25 / 0.7 / 0.7,COMPLETE
10873,-0.4296411080598753,2026-05-12 23:15:16.160045,2026-05-12 23:15:16.652295,0 days 00:00:00.492250,0.45,0.7,2,0.05,0.02,0.6,0.16,6,0.5,20,0.8,,,,,,PRUNED
10874,-0.5179924623587872,2026-05-12 23:15:16.680343,2026-05-12 23:15:17.334832,0 days 00:00:00.654489,0.45,0.7,2,0.05,0.02,0.6,0.08,6,0.5,20,0.8,-0.39108387647623727,-0.030830266507629607,0.2538171717650998,0.36025360996860767,,COMPLETE
10875,-0.41425741193738236,2026-05-12 23:15:17.364511,2026-05-12 23:15:17.819994,0 days 00:00:00.455483,0.45,0.7,2,0.05,0.02,0.6,0.08,6,0.5,5,0.8,,,,,,PRUNED
10876,-0.5179924623587872,2026-05-12 23:15:17.848666,2026-05-12 23:15:18.494614,0 days 00:00:00.645948,0.45,0.7,2,0.05,0.02,0.6,0.08,6,0.5,20,0.8,-0.39108387647623727,-0.030830266507629607,0.2538171717650998,0.36025360996860767,,COMPLETE
10877,-0.5386394914749081,2026-05-12 23:15:18.526157,2026-05-12 23:15:22.890636,0 days 00:00:04.364479,0.25,0.8,2,0.03,0.01,0.3,0.16,3,0.5,5,0.5,,,,,,PRUNED
