number,value,datetime_start,datetime_complete,duration,params_BEAR_RATIO,params_BULL_RATIO,params_GRID_MAX_LAYER,params_GRID_STEP_MAX,params_GRID_STEP_MIN,params_GRID_STEP_VOL_FACTOR,params_LAYER_FRACTION,params_MAX_HOLD,params_NEUTRAL_RATIO,params_REBALANCE_FREQ,params_VOL_WEIGHT,user_attrs_avg_test_score,user_attrs_avg_train_score,user_attrs_test_score_std,user_attrs_train_test_gap,user_attrs_validation_error,state
10995,-0.4265670115795272,2026-05-12 23:20:57.599918,2026-05-12 23:21:02.215614,0 days 00:00:04.615696,0.45,0.7,3,0.05,0.01,0.3,0.08,5,0.5,20,0.8,,,,,,PRUNED
10996,-0.4213231947291116,2026-05-12 23:21:02.245300,2026-05-12 23:21:02.687082,0 days 00:00:00.441782,0.45,0.7,2,0.05,0.02,0.6,0.08,4,0.5,20,0.8,,,,,,PRUNED
10997,-0.47441457244516044,2026-05-12 23:21:02.718015,2026-05-12 23:21:03.201604,0 days 00:00:00.483589,0.25,0.7,2,0.05,0.02,0.6,0.08,6,0.5,20,0.8,,,,,,PRUNED
10998,-0.46170651901758103,2026-05-12 23:21:03.243038,2026-05-12 23:21:08.454121,0 days 00:00:05.211083,0.45,0.9,2,0.05,0.02,0.6,0.08,6,0.7,10,0.65,,,,,,PRUNED
10999,-0.4841034479632066,2026-05-12 23:21:08.481603,2026-05-12 23:21:12.706001,0 days 00:00:04.224398,0.45,0.8,4,0.03,0.01,0.45,0.12,4,0.6,20,0.5,,,,,,PRUNED
11000,-0.44222659773842976,2026-05-12 23:21:12.889092,2026-05-12 23:21:13.315975,0 days 00:00:00.426883,0.45,0.8,2,0.05,0.02,0.6,0.16,6,0.5,20,0.8,,,,,,PRUNED
11001,-0.5052253472470595,2026-05-12 23:21:13.346075,2026-05-12 23:21:18.288290,0 days 00:00:04.942215,0.35,0.7,3,0.03,0.01,0.45,0.16,5,0.6,10,0.8,,,,,,PRUNED
11002,-0.4082686481911698,2026-05-12 23:21:18.319478,2026-05-12 23:21:18.773430,0 days 00:00:00.453952,0.45,0.7,2,0.05,0.01,0.45,0.08,6,0.5,10,0.8,,,,,,PRUNED
11003,-0.5371653393230207,2026-05-12 23:21:18.802291,2026-05-12 23:21:22.675181,0 days 00:00:03.872890,0.35,0.7,2,0.03,0.02,0.6,0.08,3,0.5,10,0.5,,,,,,PRUNED
11004,-0.5568636132608347,2026-05-12 23:21:22.704578,2026-05-12 23:21:28.599380,0 days 00:00:05.894802,0.35,0.9,4,0.05,0.02,0.45,0.16,4,0.7,5,0.8,,,,,,PRUNED
11005,-0.5099203096396953,2026-05-12 23:21:28.629068,2026-05-12 23:21:34.013048,0 days 00:00:05.383980,0.25,0.8,2,0.03,0.01,0.3,0.08,6,0.5,10,0.8,,,,,,PRUNED
11006,-0.5066584221714948,2026-05-12 23:21:34.043878,2026-05-12 23:21:38.472801,0 days 00:00:04.428923,0.35,0.9,4,0.03,0.02,0.3,0.16,4,0.5,10,0.8,,,,,,PRUNED
11007,-0.48233357208853844,2026-05-12 23:21:38.501839,2026-05-12 23:21:44.678014,0 days 00:00:06.176175,0.35,0.7,2,0.03,0.02,0.6,0.12,6,0.5,10,0.8,,,,,,PRUNED
11008,-0.4092788272711371,2026-05-12 23:21:44.708099,2026-05-12 23:21:45.147337,0 days 00:00:00.439238,0.45,0.7,3,0.05,0.01,0.6,0.08,6,0.5,20,0.8,,,,,,PRUNED
11009,-0.5035086344457309,2026-05-12 23:21:45.174244,2026-05-12 23:21:50.603500,0 days 00:00:05.429256,0.25,0.8,2,0.05,0.01,0.45,0.12,5,0.5,20,0.65,,,,,,PRUNED
11010,-0.575636005138847,2026-05-12 23:21:50.630274,2026-05-12 23:21:55.044795,0 days 00:00:04.414521,0.35,0.7,3,0.03,0.02,0.3,0.16,3,0.6,10,0.8,,,,,,PRUNED
11011,-0.5179924623587872,2026-05-12 23:21:55.076379,2026-05-12 23:21:55.715554,0 days 00:00:00.639175,0.45,0.7,2,0.05,0.02,0.6,0.08,6,0.5,20,0.8,-0.39108387647623727,-0.030830266507629607,0.2538171717650998,0.36025360996860767,,COMPLETE
11012,-0.48325187117919566,2026-05-12 23:21:55.742693,2026-05-12 23:22:00.687322,0 days 00:00:04.944629,0.25,0.9,2,0.05,0.02,0.45,0.08,4,0.5,10,0.5,,,,,,PRUNED
11013,-0.45185108415883013,2026-05-12 23:22:00.720072,2026-05-12 23:22:07.053212,0 days 00:00:06.333140,0.45,0.7,2,0.05,0.01,0.3,0.16,6,0.6,10,0.65,,,,,,PRUNED
11014,-0.5015271468964096,2026-05-12 23:22:07.080446,2026-05-12 23:22:13.212822,0 days 00:00:06.132376,0.35,0.8,4,0.03,0.01,0.45,0.12,5,0.6,10,0.65,,,,,,PRUNED
11015,-0.6101034866147442,2026-05-12 23:22:13.250494,2026-05-12 23:22:16.743798,0 days 00:00:03.493304,0.25,0.7,3,0.05,0.01,0.3,0.16,3,0.5,20,0.8,,,,,,PRUNED
11016,-0.46593473558629495,2026-05-12 23:22:16.770171,2026-05-12 23:22:21.063116,0 days 00:00:04.292945,0.45,0.9,3,0.05,0.01,0.6,0.08,3,0.6,5,0.5,,,,,,PRUNED
11017,-0.5179924623587872,2026-05-12 23:22:21.094543,2026-05-12 23:22:21.758108,0 days 00:00:00.663565,0.45,0.7,2,0.05,0.02,0.6,0.08,6,0.5,20,0.8,-0.39108387647623727,-0.030830266507629607,0.2538171717650998,0.36025360996860767,,COMPLETE
11018,-0.4839287130674759,2026-05-12 23:22:21.786319,2026-05-12 23:22:26.952169,0 days 00:00:05.165850,0.35,0.8,3,0.03,0.01,0.6,0.08,6,0.6,10,0.5,,,,,,PRUNED
11019,-0.5624398741127784,2026-05-12 23:22:26.984751,2026-05-12 23:22:33.532814,0 days 00:00:06.548063,0.25,0.7,2,0.03,0.02,0.45,0.16,5,0.6,5,0.5,,,,,,PRUNED
11020,-0.46250094114895846,2026-05-12 23:22:33.562833,2026-05-12 23:22:37.588324,0 days 00:00:04.025491,0.25,0.7,4,0.05,0.02,0.3,0.08,4,0.5,20,0.8,,,,,,PRUNED
11021,-0.5179924623587872,2026-05-12 23:22:37.616794,2026-05-12 23:22:38.287793,0 days 00:00:00.670999,0.45,0.7,2,0.05,0.02,0.6,0.08,6,0.5,20,0.8,-0.39108387647623727,-0.030830266507629607,0.2538171717650998,0.36025360996860767,,COMPLETE
11022,-0.6006252318575236,2026-05-12 23:22:38.315732,2026-05-12 23:22:41.736601,0 days 00:00:03.420869,0.45,0.7,2,0.05,0.02,0.45,0.16,3,0.6,20,0.8,,,,,,PRUNED
11023,-0.6101034866147442,2026-05-12 23:22:41.780046,2026-05-12 23:22:45.254106,0 days 00:00:03.474060,0.25,0.7,3,0.05,0.02,0.3,0.16,3,0.5,20,0.5,,,,,,PRUNED
11024,-0.4092137988646166,2026-05-12 23:22:45.287038,2026-05-12 23:22:45.710853,0 days 00:00:00.423815,0.45,0.7,2,0.05,0.02,0.6,0.08,6,0.5,10,0.8,,,,,,PRUNED
11025,-0.4296411080598753,2026-05-12 23:22:45.740080,2026-05-12 23:22:46.156810,0 days 00:00:00.416730,0.45,0.7,2,0.05,0.02,0.6,0.16,6,0.5,20,0.8,,,,,,PRUNED
11026,-0.4100386278766106,2026-05-12 23:22:46.185716,2026-05-12 23:22:46.603548,0 days 00:00:00.417832,0.45,0.7,2,0.05,0.02,0.3,0.08,6,0.5,20,0.8,,,,,,PRUNED
11027,-0.49788367912796994,2026-05-12 23:22:46.628469,2026-05-12 23:22:51.029245,0 days 00:00:04.400776,0.25,0.9,2,0.03,0.01,0.45,0.08,4,0.5,10,0.5,,,,,,PRUNED
11028,-0.6138395525143484,2026-05-12 23:22:51.059603,2026-05-12 23:22:54.544930,0 days 00:00:03.485327,0.35,0.7,4,0.03,0.02,0.6,0.08,3,0.6,20,0.8,,,,,,PRUNED
11029,-0.5190947331384259,2026-05-12 23:22:54.575235,2026-05-12 23:22:58.734587,0 days 00:00:04.159352,0.35,0.8,3,0.03,0.01,0.45,0.16,4,0.7,20,0.5,,,,,,PRUNED
11030,-0.4849826547634821,2026-05-12 23:22:58.764967,2026-05-12 23:23:04.527466,0 days 00:00:05.762499,0.35,0.8,4,0.05,0.01,0.3,0.08,6,0.6,5,0.65,,,,,,PRUNED
11031,-0.5117469024126576,2026-05-12 23:23:04.558345,2026-05-12 23:23:08.971694,0 days 00:00:04.413349,0.25,0.9,3,0.05,0.02,0.6,0.16,4,0.7,10,0.8,,,,,,PRUNED
11032,-0.4689359766913549,2026-05-12 23:23:09.002358,2026-05-12 23:23:13.317633,0 days 00:00:04.315275,0.45,0.8,4,0.05,0.02,0.6,0.08,4,0.7,10,0.65,,,,,,PRUNED
11033,-0.5179924623587872,2026-05-12 23:23:13.349297,2026-05-12 23:23:14.001266,0 days 00:00:00.651969,0.45,0.7,2,0.05,0.02,0.6,0.08,6,0.5,20,0.8,-0.39108387647623727,-0.030830266507629607,0.2538171717650998,0.36025360996860767,,COMPLETE
11034,-0.5179924623587872,2026-05-12 23:23:14.028300,2026-05-12 23:23:14.688071,0 days 00:00:00.659771,0.45,0.7,2,0.05,0.02,0.6,0.08,6,0.5,20,0.8,-0.39108387647623727,-0.030830266507629607,0.2538171717650998,0.36025360996860767,,COMPLETE
11035,-0.5179924623587872,2026-05-12 23:23:14.719146,2026-05-12 23:23:15.388776,0 days 00:00:00.669630,0.45,0.7,2,0.05,0.01,0.6,0.08,6,0.5,20,0.8,-0.39108387647623727,-0.030830266507629607,0.2538171717650998,0.36025360996860767,,COMPLETE
11036,-0.48188583821045067,2026-05-12 23:23:15.419246,2026-05-12 23:23:19.743087,0 days 00:00:04.323841,0.25,0.7,3,0.05,0.02,0.3,0.12,4,0.6,10,0.5,,,,,,PRUNED
11037,-0.5179924623587872,2026-05-12 23:23:19.772541,2026-05-12 23:23:20.437983,0 days 00:00:00.665442,0.45,0.7,2,0.05,0.02,0.6,0.08,6,0.5,20,0.8,-0.39108387647623727,-0.030830266507629607,0.2538171717650998,0.36025360996860767,,COMPLETE
11038,-0.4843556469992075,2026-05-12 23:23:20.468319,2026-05-12 23:23:24.836879,0 days 00:00:04.368560,0.45,0.8,4,0.05,0.01,0.3,0.16,4,0.7,10,0.65,,,,,,PRUNED
11039,-0.41425741193738236,2026-05-12 23:23:24.865643,2026-05-12 23:23:25.312942,0 days 00:00:00.447299,0.45,0.7,2,0.05,0.02,0.6,0.08,6,0.5,5,0.8,,,,,,PRUNED
11040,-0.4718997662406571,2026-05-12 23:23:25.341781,2026-05-12 23:23:29.713167,0 days 00:00:04.371386,0.35,0.8,2,0.05,0.01,0.3,0.16,3,0.5,5,0.65,,,,,,PRUNED
11041,-0.5390116235031176,2026-05-12 23:23:29.744205,2026-05-12 23:23:34.716386,0 days 00:00:04.972181,0.35,0.8,2,0.05,0.02,0.6,0.16,4,0.7,5,0.65,,,,,,PRUNED
11042,-0.5362042524996453,2026-05-12 23:23:34.746254,2026-05-12 23:23:40.738145,0 days 00:00:05.991891,0.45,0.9,2,0.03,0.02,0.6,0.12,4,0.6,5,0.8,,,,,,PRUNED
11043,-0.5296173807226117,2026-05-12 23:23:40.765603,2026-05-12 23:23:45.717324,0 days 00:00:04.951721,0.25,0.8,3,0.05,0.01,0.3,0.16,6,0.6,20,0.5,,,,,,PRUNED
11044,-0.49724102524313113,2026-05-12 23:23:45.746655,2026-05-12 23:23:50.628950,0 days 00:00:04.882295,0.25,0.8,3,0.05,0.02,0.45,0.08,6,0.6,20,0.65,,,,,,PRUNED
11045,-0.4772748962292603,2026-05-12 23:23:50.656889,2026-05-12 23:23:55.631085,0 days 00:00:04.974196,0.45,0.7,3,0.05,0.02,0.6,0.16,4,0.5,5,0.8,,,,,,PRUNED
11046,-0.512169967576583,2026-05-12 23:23:55.662370,2026-05-12 23:24:00.646193,0 days 00:00:04.983823,0.35,0.9,2,0.03,0.02,0.45,0.12,5,0.6,10,0.65,,,,,,PRUNED
11047,-0.43408083217415294,2026-05-12 23:24:00.674902,2026-05-12 23:24:05.981669,0 days 00:00:05.306767,0.45,0.8,2,0.05,0.01,0.6,0.12,6,0.5,10,0.8,,,,,,PRUNED
11048,-0.42056632138184724,2026-05-12 23:24:06.013716,2026-05-12 23:24:06.491991,0 days 00:00:00.478275,0.45,0.8,2,0.05,0.02,0.6,0.08,6,0.5,20,0.8,,,,,,PRUNED
11049,-0.43333909441165963,2026-05-12 23:24:06.521894,2026-05-12 23:24:06.973458,0 days 00:00:00.451564,0.35,0.7,2,0.05,0.02,0.6,0.08,6,0.5,20,0.8,,,,,,PRUNED
11050,-0.5179924623587872,2026-05-12 23:24:07.003061,2026-05-12 23:24:07.668709,0 days 00:00:00.665648,0.45,0.7,2,0.05,0.02,0.6,0.08,6,0.5,20,0.8,-0.39108387647623727,-0.030830266507629607,0.2538171717650998,0.36025360996860767,,COMPLETE
11051,-0.49496652522332335,2026-05-12 23:24:07.700248,2026-05-12 23:24:12.688096,0 days 00:00:04.987848,0.45,0.7,4,0.03,0.01,0.6,0.12,4,0.5,5,0.5,,,,,,PRUNED
11052,-0.5050694868317216,2026-05-12 23:24:12.719750,2026-05-12 23:24:17.620786,0 days 00:00:04.901036,0.25,0.8,2,0.05,0.02,0.3,0.08,6,0.7,20,0.8,,,,,,PRUNED
11053,-0.5068629636026156,2026-05-12 23:24:17.650829,2026-05-12 23:24:21.995718,0 days 00:00:04.344889,0.25,0.8,4,0.05,0.02,0.45,0.16,4,0.7,10,0.5,,,,,,PRUNED
11054,-0.605864298575118,2026-05-12 23:24:22.022791,2026-05-12 23:24:25.552237,0 days 00:00:03.529446,0.45,0.9,2,0.03,0.01,0.45,0.12,3,0.5,20,0.5,,,,,,PRUNED
11055,-0.5179924623587872,2026-05-12 23:24:25.581061,2026-05-12 23:24:26.245769,0 days 00:00:00.664708,0.45,0.7,2,0.05,0.02,0.6,0.08,6,0.5,20,0.8,-0.39108387647623727,-0.030830266507629607,0.2538171717650998,0.36025360996860767,,COMPLETE
11056,-0.46896045104122275,2026-05-12 23:24:26.274844,2026-05-12 23:24:30.322779,0 days 00:00:04.047935,0.35,0.8,3,0.05,0.02,0.3,0.08,4,0.7,20,0.8,,,,,,PRUNED
11057,-0.5510664358706068,2026-05-12 23:24:30.352067,2026-05-12 23:24:35.354206,0 days 00:00:05.002139,0.35,0.9,4,0.05,0.02,0.45,0.12,4,0.7,5,0.65,,,,,,PRUNED
11058,-0.5084111911184577,2026-05-12 23:24:35.383599,2026-05-12 23:24:42.103868,0 days 00:00:06.720269,0.35,0.9,4,0.05,0.01,0.45,0.08,6,0.7,5,0.65,,,,,,PRUNED
11059,-0.43223096142417294,2026-05-12 23:24:42.157400,2026-05-12 23:24:42.644908,0 days 00:00:00.487508,0.45,0.9,2,0.05,0.02,0.6,0.08,6,0.5,20,0.8,,,,,,PRUNED
11060,-0.5179924623587872,2026-05-12 23:24:42.673368,2026-05-12 23:24:43.322495,0 days 00:00:00.649127,0.45,0.7,2,0.05,0.02,0.6,0.08,6,0.5,20,0.8,-0.39108387647623727,-0.030830266507629607,0.2538171717650998,0.36025360996860767,,COMPLETE
11061,-0.4121653833865075,2026-05-12 23:24:43.431805,2026-05-12 23:24:48.373533,0 days 00:00:04.941728,0.45,0.7,4,0.05,0.02,0.3,0.08,6,0.5,20,0.5,,,,,,PRUNED
11062,-9999.0,2026-05-12 23:24:48.402794,2026-05-12 23:24:48.813854,0 days 00:00:00.411060,0.45,0.7,2,0.05,0.02,0.6,0.08,6,0.7,20,0.8,,,,,BEAR_RATIO < NEUTRAL_RATIO < BULL_RATIO 约束违反: 0.45 / 0.7 / 0.7,COMPLETE
11063,-0.5179924623587872,2026-05-12 23:24:48.864521,2026-05-12 23:24:49.552598,0 days 00:00:00.688077,0.45,0.7,2,0.05,0.02,0.6,0.08,6,0.5,20,0.8,-0.39108387647623727,-0.030830266507629607,0.2538171717650998,0.36025360996860767,,COMPLETE
11064,-0.4871285720540001,2026-05-12 23:24:49.585137,2026-05-12 23:24:54.542353,0 days 00:00:04.957216,0.25,0.8,3,0.05,0.02,0.45,0.08,5,0.5,10,0.5,,,,,,PRUNED
11065,-9999.0,2026-05-12 23:24:54.577717,2026-05-12 23:24:54.995605,0 days 00:00:00.417888,0.35,0.7,2,0.05,0.01,0.6,0.12,3,0.7,10,0.8,,,,,BEAR_RATIO < NEUTRAL_RATIO < BULL_RATIO 约束违反: 0.35 / 0.7 / 0.7,COMPLETE
11066,-0.5016312339218135,2026-05-12 23:24:55.025708,2026-05-12 23:25:00.632683,0 days 00:00:05.606975,0.45,0.9,3,0.05,0.02,0.6,0.16,5,0.7,5,0.8,,,,,,PRUNED
11067,-0.5179924623587872,2026-05-12 23:25:00.662116,2026-05-12 23:25:01.302127,0 days 00:00:00.640011,0.45,0.7,2,0.05,0.02,0.6,0.08,6,0.5,20,0.8,-0.39108387647623727,-0.030830266507629607,0.2538171717650998,0.36025360996860767,,COMPLETE
11068,-0.5816461454286321,2026-05-12 23:25:01.333783,2026-05-12 23:25:04.928489,0 days 00:00:03.594706,0.45,0.8,4,0.05,0.02,0.45,0.08,3,0.5,20,0.8,,,,,,PRUNED
11069,-9999.0,2026-05-12 23:25:04.956235,2026-05-12 23:25:05.360260,0 days 00:00:00.404025,0.45,0.7,2,0.05,0.01,0.6,0.08,6,0.7,20,0.8,,,,,BEAR_RATIO < NEUTRAL_RATIO < BULL_RATIO 约束违反: 0.45 / 0.7 / 0.7,COMPLETE
11070,-0.5179924623587872,2026-05-12 23:25:05.390607,2026-05-12 23:25:06.066576,0 days 00:00:00.675969,0.45,0.7,2,0.05,0.02,0.6,0.08,6,0.5,20,0.8,-0.39108387647623727,-0.030830266507629607,0.2538171717650998,0.36025360996860767,,COMPLETE
11071,-0.4992167529483469,2026-05-12 23:25:06.095405,2026-05-12 23:25:11.278739,0 days 00:00:05.183334,0.25,0.8,2,0.05,0.02,0.6,0.08,6,0.7,10,0.8,,,,,,PRUNED
11072,-0.47473553702053983,2026-05-12 23:25:11.307197,2026-05-12 23:25:15.685510,0 days 00:00:04.378313,0.35,0.8,3,0.05,0.02,0.45,0.16,3,0.5,5,0.5,,,,,,PRUNED
11073,-0.5813254655659613,2026-05-12 23:25:15.712818,2026-05-12 23:25:20.701764,0 days 00:00:04.988946,0.25,0.9,3,0.03,0.01,0.6,0.16,6,0.7,20,0.8,,,,,,PRUNED
11074,-0.5469910022437416,2026-05-12 23:25:20.730102,2026-05-12 23:25:25.100198,0 days 00:00:04.370096,0.25,0.8,3,0.03,0.01,0.3,0.08,3,0.7,5,0.65,,,,,,PRUNED
11075,-0.4806945078613154,2026-05-12 23:25:25.129353,2026-05-12 23:25:30.047618,0 days 00:00:04.918265,0.35,0.9,3,0.03,0.02,0.6,0.08,6,0.5,20,0.65,,,,,,PRUNED
11076,-0.45619817159096815,2026-05-12 23:25:30.098663,2026-05-12 23:25:35.070589,0 days 00:00:04.971926,0.35,0.7,2,0.05,0.02,0.6,0.16,5,0.5,10,0.5,,,,,,PRUNED
11077,-0.42290957988043265,2026-05-12 23:25:35.099064,2026-05-12 23:25:35.576083,0 days 00:00:00.477019,0.45,0.7,2,0.05,0.01,0.6,0.08,6,0.6,10,0.8,,,,,,PRUNED
11078,-0.5179924623587872,2026-05-12 23:25:35.607723,2026-05-12 23:25:36.284960,0 days 00:00:00.677237,0.45,0.7,2,0.05,0.02,0.6,0.08,6,0.5,20,0.8,-0.39108387647623727,-0.030830266507629607,0.2538171717650998,0.36025360996860767,,COMPLETE
11079,-0.6582511255067731,2026-05-12 23:25:36.331507,2026-05-12 23:25:39.936764,0 days 00:00:03.605257,0.25,0.9,4,0.03,0.02,0.6,0.12,3,0.7,20,0.8,,,,,,PRUNED
11080,-0.5182406672588966,2026-05-12 23:25:39.966286,2026-05-12 23:25:40.649191,0 days 00:00:00.682905,0.45,0.7,2,0.05,0.02,0.45,0.08,6,0.5,20,0.8,-0.3910743597599139,-0.030648087966744914,0.25433261499796533,0.360426271793169,,COMPLETE
11081,-0.4194511448045569,2026-05-12 23:25:40.679157,2026-05-12 23:25:41.143614,0 days 00:00:00.464457,0.45,0.7,2,0.05,0.02,0.6,0.12,6,0.5,20,0.8,,,,,,PRUNED
11082,-0.552978198505073,2026-05-12 23:25:41.174574,2026-05-12 23:25:44.948642,0 days 00:00:03.774068,0.35,0.9,3,0.03,0.02,0.45,0.08,3,0.5,10,0.5,,,,,,PRUNED
11083,-0.45596306624418215,2026-05-12 23:25:44.974781,2026-05-12 23:25:51.652180,0 days 00:00:06.677399,0.45,0.7,3,0.03,0.01,0.6,0.08,6,0.6,5,0.65,,,,,,PRUNED
11084,-0.5179924623587872,2026-05-12 23:25:51.682435,2026-05-12 23:25:52.354353,0 days 00:00:00.671918,0.45,0.7,2,0.05,0.02,0.6,0.08,6,0.5,20,0.8,-0.39108387647623727,-0.030830266507629607,0.2538171717650998,0.36025360996860767,,COMPLETE
11085,-0.4242910183560481,2026-05-12 23:25:52.382602,2026-05-12 23:25:52.874669,0 days 00:00:00.492067,0.45,0.7,2,0.05,0.02,0.6,0.08,5,0.5,20,0.8,,,,,,PRUNED
11086,-0.5361256147555208,2026-05-12 23:25:52.903748,2026-05-12 23:25:58.057019,0 days 00:00:05.153271,0.25,0.8,2,0.03,0.02,0.6,0.12,5,0.7,10,0.5,,,,,,PRUNED
11087,-0.49573627788864955,2026-05-12 23:25:58.087934,2026-05-12 23:26:02.515783,0 days 00:00:04.427849,0.25,0.7,4,0.05,0.01,0.6,0.08,3,0.5,5,0.5,,,,,,PRUNED
11088,-0.5715107846558711,2026-05-12 23:26:02.544846,2026-05-12 23:26:03.030225,0 days 00:00:00.485379,0.45,0.7,2,0.05,0.02,0.6,0.08,3,0.5,20,0.8,,,,,,PRUNED
11089,-0.48106390363618284,2026-05-12 23:26:03.059112,2026-05-12 23:26:07.102855,0 days 00:00:04.043743,0.25,0.8,2,0.05,0.02,0.6,0.16,4,0.5,20,0.65,,,,,,PRUNED
11090,-0.5179924623587872,2026-05-12 23:26:07.150040,2026-05-12 23:26:07.814662,0 days 00:00:00.664622,0.45,0.7,2,0.05,0.02,0.6,0.08,6,0.5,20,0.8,-0.39108387647623727,-0.030830266507629607,0.2538171717650998,0.36025360996860767,,COMPLETE
11091,-0.48390514981630883,2026-05-12 23:26:07.847903,2026-05-12 23:26:13.584137,0 days 00:00:05.736234,0.35,0.8,4,0.05,0.01,0.45,0.16,5,0.5,5,0.5,,,,,,PRUNED
11092,-0.49591592073352403,2026-05-12 23:26:13.770900,2026-05-12 23:26:18.838991,0 days 00:00:05.068091,0.45,0.9,2,0.03,0.01,0.3,0.12,6,0.6,20,0.65,,,,,,PRUNED
11093,-0.4939434157117728,2026-05-12 23:26:18.868542,2026-05-12 23:26:23.321200,0 days 00:00:04.452658,0.45,0.9,3,0.05,0.02,0.6,0.16,3,0.7,5,0.5,,,,,,PRUNED
11094,-0.5179924623587872,2026-05-12 23:26:23.350748,2026-05-12 23:26:24.047765,0 days 00:00:00.697017,0.45,0.7,2,0.05,0.02,0.6,0.08,6,0.5,20,0.5,-0.39108387647623727,-0.030830266507629607,0.2538171717650998,0.36025360996860767,,COMPLETE
11095,-0.5119176708423084,2026-05-12 23:26:24.079303,2026-05-12 23:26:28.944950,0 days 00:00:04.865647,0.25,0.8,2,0.05,0.01,0.6,0.16,6,0.5,20,0.5,,,,,,PRUNED
11096,-0.4779201573169613,2026-05-12 23:26:28.973432,2026-05-12 23:26:34.256691,0 days 00:00:05.283259,0.35,0.7,4,0.05,0.01,0.6,0.16,6,0.6,10,0.5,,,,,,PRUNED
11097,-0.5179924623587872,2026-05-12 23:26:34.301484,2026-05-12 23:26:35.005325,0 days 00:00:00.703841,0.45,0.7,2,0.05,0.02,0.6,0.08,6,0.5,20,0.8,-0.39108387647623727,-0.030830266507629607,0.2538171717650998,0.36025360996860767,,COMPLETE
11098,-0.5179924623587872,2026-05-12 23:26:35.037106,2026-05-12 23:26:35.688643,0 days 00:00:00.651537,0.45,0.7,2,0.05,0.02,0.6,0.08,6,0.5,20,0.65,-0.39108387647623727,-0.030830266507629607,0.2538171717650998,0.36025360996860767,,COMPLETE
11099,-0.4318124553734489,2026-05-12 23:26:35.713325,2026-05-12 23:26:36.132632,0 days 00:00:00.419307,0.45,0.7,2,0.03,0.02,0.6,0.08,6,0.5,20,0.8,,,,,,PRUNED
11100,-0.4665782963995654,2026-05-12 23:26:36.156661,2026-05-12 23:26:41.344623,0 days 00:00:05.187962,0.35,0.8,3,0.05,0.01,0.3,0.08,6,0.6,10,0.5,,,,,,PRUNED
11101,-0.4863745111096425,2026-05-12 23:26:41.383121,2026-05-12 23:26:46.342188,0 days 00:00:04.959067,0.45,0.8,3,0.03,0.02,0.6,0.16,6,0.5,20,0.8,,,,,,PRUNED
11102,-0.46760443533250906,2026-05-12 23:26:46.370552,2026-05-12 23:26:51.913072,0 days 00:00:05.542520,0.45,0.9,2,0.03,0.02,0.6,0.08,5,0.5,20,0.8,,,,,,PRUNED
11103,-0.5041360654092737,2026-05-12 23:26:51.942383,2026-05-12 23:26:57.513248,0 days 00:00:05.570865,0.45,0.8,3,0.03,0.01,0.45,0.16,5,0.6,5,0.65,,,,,,PRUNED
11104,-0.5633646512978431,2026-05-12 23:26:57.544218,2026-05-12 23:27:02.563231,0 days 00:00:05.019013,0.25,0.8,3,0.03,0.02,0.3,0.12,4,0.5,5,0.65,,,,,,PRUNED
11105,-0.410125315542252,2026-05-12 23:27:02.592957,2026-05-12 23:27:03.057295,0 days 00:00:00.464338,0.45,0.7,4,0.05,0.02,0.6,0.08,6,0.5,20,0.8,,,,,,PRUNED
11106,-0.47973871533183987,2026-05-12 23:27:03.087386,2026-05-12 23:27:07.519418,0 days 00:00:04.432032,0.25,0.7,3,0.05,0.02,0.3,0.16,4,0.5,10,0.8,,,,,,PRUNED
11107,-0.5179924623587872,2026-05-12 23:27:07.548222,2026-05-12 23:27:08.209363,0 days 00:00:00.661141,0.45,0.7,2,0.05,0.02,0.6,0.08,6,0.5,20,0.8,-0.39108387647623727,-0.030830266507629607,0.2538171717650998,0.36025360996860767,,COMPLETE
11108,-0.5318745498356305,2026-05-12 23:27:08.240001,2026-05-12 23:27:13.237563,0 days 00:00:04.997562,0.25,0.7,2,0.05,0.02,0.6,0.16,4,0.5,5,0.8,,,,,,PRUNED
11109,-0.5179924623587872,2026-05-12 23:27:13.270586,2026-05-12 23:27:13.940158,0 days 00:00:00.669572,0.45,0.7,2,0.05,0.02,0.6,0.08,6,0.5,20,0.8,-0.39108387647623727,-0.030830266507629607,0.2538171717650998,0.36025360996860767,,COMPLETE
11110,-0.6263899134977264,2026-05-12 23:27:13.969796,2026-05-12 23:27:17.423934,0 days 00:00:03.454138,0.45,0.8,4,0.05,0.01,0.3,0.12,3,0.7,20,0.65,,,,,,PRUNED
11111,-0.5489666910651195,2026-05-12 23:27:17.453423,2026-05-12 23:27:21.267877,0 days 00:00:03.814454,0.35,0.8,4,0.05,0.02,0.3,0.16,3,0.5,10,0.8,,,,,,PRUNED
11112,-0.5298867344055289,2026-05-12 23:27:21.303469,2026-05-12 23:27:25.098432,0 days 00:00:03.794963,0.45,0.7,3,0.05,0.02,0.3,0.08,3,0.6,10,0.8,,,,,,PRUNED
11113,-0.5179924623587872,2026-05-12 23:27:25.127646,2026-05-12 23:27:25.785696,0 days 00:00:00.658050,0.45,0.7,2,0.05,0.01,0.6,0.08,6,0.5,20,0.8,-0.39108387647623727,-0.030830266507629607,0.2538171717650998,0.36025360996860767,,COMPLETE
11114,-0.5179924623587872,2026-05-12 23:27:25.828886,2026-05-12 23:27:26.510576,0 days 00:00:00.681690,0.45,0.7,2,0.05,0.02,0.6,0.08,6,0.5,20,0.8,-0.39108387647623727,-0.030830266507629607,0.2538171717650998,0.36025360996860767,,COMPLETE
11115,-0.5457190993828417,2026-05-12 23:27:26.551472,2026-05-12 23:27:31.451455,0 days 00:00:04.899983,0.25,0.9,2,0.03,0.02,0.3,0.12,6,0.5,20,0.5,,,,,,PRUNED
11116,-0.49639781754710605,2026-05-12 23:27:31.480481,2026-05-12 23:27:36.194279,0 days 00:00:04.713798,0.35,0.9,3,0.05,0.02,0.45,0.08,5,0.7,20,0.8,,,,,,PRUNED
11117,-0.43155661162383707,2026-05-12 23:27:36.225623,2026-05-12 23:27:36.680683,0 days 00:00:00.455060,0.45,0.7,3,0.05,0.02,0.6,0.16,6,0.5,20,0.5,,,,,,PRUNED
