number,value,datetime_start,datetime_complete,duration,params_BEAR_RATIO,params_BULL_RATIO,params_GRID_MAX_LAYER,params_GRID_STEP_MAX,params_GRID_STEP_MIN,params_GRID_STEP_VOL_FACTOR,params_LAYER_FRACTION,params_MAX_HOLD,params_NEUTRAL_RATIO,params_REBALANCE_FREQ,params_VOL_WEIGHT,user_attrs_avg_test_score,user_attrs_avg_train_score,user_attrs_test_score_std,user_attrs_train_test_gap,user_attrs_validation_error,state
8084,-0.48604871948906037,2026-05-12 20:56:54.829782,2026-05-12 20:57:00.098690,0 days 00:00:05.268908,0.35,0.8,2,0.05,0.01,0.6,0.12,6,0.7,20,0.8,,,,,,PRUNED
8085,-0.5179924623587872,2026-05-12 20:57:00.131431,2026-05-12 20:57:00.767016,0 days 00:00:00.635585,0.45,0.7,2,0.05,0.02,0.6,0.08,6,0.5,20,0.8,-0.39108387647623727,-0.030830266507629607,0.2538171717650998,0.36025360996860767,,COMPLETE
8086,-0.5468053895397127,2026-05-12 20:57:00.794710,2026-05-12 20:57:05.903518,0 days 00:00:05.108808,0.35,0.7,4,0.03,0.01,0.45,0.16,4,0.6,5,0.65,,,,,,PRUNED
8087,-0.4296411080598753,2026-05-12 20:57:05.931867,2026-05-12 20:57:06.361632,0 days 00:00:00.429765,0.45,0.7,2,0.05,0.02,0.6,0.16,6,0.5,20,0.8,,,,,,PRUNED
8088,-0.47087154979085344,2026-05-12 20:57:06.390504,2026-05-12 20:57:11.945009,0 days 00:00:05.554505,0.45,0.7,4,0.03,0.02,0.6,0.16,5,0.5,5,0.65,,,,,,PRUNED
8089,-0.4092137988646166,2026-05-12 20:57:11.973428,2026-05-12 20:57:12.384208,0 days 00:00:00.410780,0.45,0.7,2,0.05,0.02,0.6,0.08,6,0.5,10,0.8,,,,,,PRUNED
8090,-0.5179924623587872,2026-05-12 20:57:12.411081,2026-05-12 20:57:13.084535,0 days 00:00:00.673454,0.45,0.7,2,0.05,0.02,0.6,0.08,6,0.5,20,0.8,-0.39108387647623727,-0.030830266507629607,0.2538171717650998,0.36025360996860767,,COMPLETE
8091,-0.5179924623587872,2026-05-12 20:57:13.112335,2026-05-12 20:57:13.692708,0 days 00:00:00.580373,0.45,0.7,2,0.05,0.01,0.6,0.08,6,0.5,20,0.8,-0.39108387647623727,-0.030830266507629607,0.2538171717650998,0.36025360996860767,,COMPLETE
8092,-0.42056632138184724,2026-05-12 20:57:13.721149,2026-05-12 20:57:14.117407,0 days 00:00:00.396258,0.45,0.8,2,0.05,0.02,0.6,0.08,6,0.5,20,0.8,,,,,,PRUNED
8093,-9999.0,2026-05-12 20:57:14.144288,2026-05-12 20:57:14.497620,0 days 00:00:00.353332,0.25,0.7,3,0.05,0.01,0.6,0.12,6,0.7,20,0.5,,,,,BEAR_RATIO < NEUTRAL_RATIO < BULL_RATIO 约束违反: 0.25 / 0.7 / 0.7,COMPLETE
8094,-0.5515943087574776,2026-05-12 20:57:14.525704,2026-05-12 20:57:18.847214,0 days 00:00:04.321510,0.25,0.9,3,0.05,0.02,0.3,0.12,3,0.7,5,0.8,,,,,,PRUNED
8095,-0.41425741193738236,2026-05-12 20:57:18.873634,2026-05-12 20:57:19.285838,0 days 00:00:00.412204,0.45,0.7,2,0.05,0.02,0.6,0.08,6,0.5,5,0.8,,,,,,PRUNED
8096,-0.5179924623587872,2026-05-12 20:57:19.332644,2026-05-12 20:57:19.932793,0 days 00:00:00.600149,0.45,0.7,2,0.05,0.02,0.6,0.08,6,0.5,20,0.8,-0.39108387647623727,-0.030830266507629607,0.2538171717650998,0.36025360996860767,,COMPLETE
8097,-0.43148900901251575,2026-05-12 20:57:19.959633,2026-05-12 20:57:23.192948,0 days 00:00:03.233315,0.45,0.7,4,0.03,0.02,0.45,0.08,6,0.5,20,0.8,,,,,,PRUNED
8098,-0.5342687666616455,2026-05-12 20:57:23.223357,2026-05-12 20:57:27.890981,0 days 00:00:04.667624,0.45,0.9,3,0.03,0.01,0.6,0.12,4,0.6,5,0.8,,,,,,PRUNED
8099,-0.43333909441165963,2026-05-12 20:57:27.923965,2026-05-12 20:57:28.344266,0 days 00:00:00.420301,0.35,0.7,2,0.05,0.02,0.6,0.08,6,0.5,20,0.8,,,,,,PRUNED
8100,-9999.0,2026-05-12 20:57:28.373027,2026-05-12 20:57:29.667693,0 days 00:00:01.294666,0.25,0.7,3,0.03,0.01,0.6,0.12,3,0.7,5,0.8,,,,,BEAR_RATIO < NEUTRAL_RATIO < BULL_RATIO 约束违反: 0.25 / 0.7 / 0.7,COMPLETE
8101,-9999.0,2026-05-12 20:57:29.697329,2026-05-12 20:57:30.046196,0 days 00:00:00.348867,0.35,0.7,2,0.05,0.01,0.6,0.08,4,0.7,20,0.8,,,,,BEAR_RATIO < NEUTRAL_RATIO < BULL_RATIO 约束违反: 0.35 / 0.7 / 0.7,COMPLETE
8102,-0.561283719953161,2026-05-12 20:57:30.076177,2026-05-12 20:57:33.811775,0 days 00:00:03.735598,0.25,0.8,2,0.05,0.02,0.3,0.12,3,0.6,10,0.65,,,,,,PRUNED
8103,-0.5179924623587872,2026-05-12 20:57:33.842799,2026-05-12 20:57:34.450801,0 days 00:00:00.608002,0.45,0.7,2,0.05,0.02,0.6,0.08,6,0.5,20,0.8,-0.39108387647623727,-0.030830266507629607,0.2538171717650998,0.36025360996860767,,COMPLETE
8104,-0.4702504601851304,2026-05-12 20:57:34.479217,2026-05-12 20:57:40.348659,0 days 00:00:05.869442,0.35,0.7,3,0.05,0.01,0.3,0.08,6,0.6,5,0.8,,,,,,PRUNED
8105,-0.4736013455696565,2026-05-12 20:57:40.375994,2026-05-12 20:57:45.967461,0 days 00:00:05.591467,0.35,0.9,3,0.05,0.01,0.45,0.12,6,0.5,10,0.8,,,,,,PRUNED
8106,-0.43223096142417294,2026-05-12 20:57:45.998126,2026-05-12 20:57:46.464973,0 days 00:00:00.466847,0.45,0.9,2,0.05,0.02,0.6,0.08,6,0.5,20,0.8,,,,,,PRUNED
8107,-0.48484665515426767,2026-05-12 20:57:46.497851,2026-05-12 20:57:51.195508,0 days 00:00:04.697657,0.35,0.7,3,0.03,0.02,0.6,0.08,3,0.6,5,0.8,,,,,,PRUNED
8108,-0.5078507513865667,2026-05-12 20:57:51.224557,2026-05-12 20:57:55.763587,0 days 00:00:04.539030,0.45,0.8,2,0.03,0.02,0.3,0.16,6,0.6,20,0.65,,,,,,PRUNED
8109,-0.5322120468047008,2026-05-12 20:57:55.794758,2026-05-12 20:58:00.476150,0 days 00:00:04.681392,0.25,0.8,2,0.03,0.02,0.6,0.16,4,0.7,10,0.8,,,,,,PRUNED
8110,-0.500390590129694,2026-05-12 20:58:00.504830,2026-05-12 20:58:04.951007,0 days 00:00:04.446177,0.35,0.7,3,0.03,0.01,0.45,0.16,4,0.6,20,0.65,,,,,,PRUNED
8111,-0.5258724768726866,2026-05-12 20:58:04.981532,2026-05-12 20:58:09.663854,0 days 00:00:04.682322,0.35,0.8,3,0.03,0.02,0.3,0.12,3,0.7,5,0.8,,,,,,PRUNED
8112,-9999.0,2026-05-12 20:58:09.691769,2026-05-12 20:58:10.067811,0 days 00:00:00.376042,0.45,0.7,3,0.03,0.02,0.3,0.12,5,0.7,20,0.8,,,,,BEAR_RATIO < NEUTRAL_RATIO < BULL_RATIO 约束违反: 0.45 / 0.7 / 0.7,COMPLETE
8113,-0.577054223573073,2026-05-12 20:58:10.100987,2026-05-12 20:58:15.479064,0 days 00:00:05.378077,0.25,0.9,4,0.03,0.02,0.6,0.16,6,0.6,10,0.8,,,,,,PRUNED
8114,-9999.0,2026-05-12 20:58:15.508787,2026-05-12 20:58:15.873276,0 days 00:00:00.364489,0.25,0.7,2,0.03,0.02,0.6,0.08,6,0.7,10,0.8,,,,,BEAR_RATIO < NEUTRAL_RATIO < BULL_RATIO 约束违反: 0.25 / 0.7 / 0.7,COMPLETE
8115,-0.4716115153402677,2026-05-12 20:58:15.901473,2026-05-12 20:58:20.525461,0 days 00:00:04.623988,0.35,0.7,2,0.05,0.02,0.45,0.12,5,0.6,20,0.8,,,,,,PRUNED
8116,-0.5179924623587872,2026-05-12 20:58:20.572801,2026-05-12 20:58:21.186906,0 days 00:00:00.614105,0.45,0.7,2,0.05,0.02,0.6,0.08,6,0.5,20,0.8,-0.39108387647623727,-0.030830266507629607,0.2538171717650998,0.36025360996860767,,COMPLETE
8117,-0.5932189662584799,2026-05-12 20:58:21.229157,2026-05-12 20:58:24.682094,0 days 00:00:03.452937,0.35,0.7,2,0.03,0.02,0.6,0.08,3,0.5,20,0.8,,,,,,PRUNED
8118,-0.5463709208428036,2026-05-12 20:58:24.709920,2026-05-12 20:58:27.388384,0 days 00:00:02.678464,0.35,0.9,2,0.03,0.01,0.6,0.16,3,0.7,5,0.5,,,,,,PRUNED
8119,-0.5124541449286937,2026-05-12 20:58:27.417708,2026-05-12 20:58:33.293296,0 days 00:00:05.875588,0.35,0.9,3,0.03,0.02,0.6,0.16,5,0.5,10,0.65,,,,,,PRUNED
8120,-0.5179924623587872,2026-05-12 20:58:33.321384,2026-05-12 20:58:33.931321,0 days 00:00:00.609937,0.45,0.7,2,0.05,0.02,0.6,0.08,6,0.5,20,0.8,-0.39108387647623727,-0.030830266507629607,0.2538171717650998,0.36025360996860767,,COMPLETE
8121,-0.4496874493877686,2026-05-12 20:58:33.960145,2026-05-12 20:58:38.959734,0 days 00:00:04.999589,0.45,0.7,3,0.05,0.02,0.6,0.16,6,0.6,20,0.8,,,,,,PRUNED
8122,-0.5815525089505025,2026-05-12 20:58:38.992974,2026-05-12 20:58:42.772489,0 days 00:00:03.779515,0.45,0.7,3,0.03,0.02,0.6,0.08,3,0.5,20,0.8,,,,,,PRUNED
8123,-0.47292622718076466,2026-05-12 20:58:42.806259,2026-05-12 20:58:47.596350,0 days 00:00:04.790091,0.45,0.9,4,0.05,0.01,0.3,0.12,3,0.6,5,0.8,,,,,,PRUNED
8124,-0.46285831432796964,2026-05-12 20:58:47.626987,2026-05-12 20:58:52.916050,0 days 00:00:05.289063,0.45,0.8,2,0.05,0.01,0.6,0.12,6,0.7,20,0.8,,,,,,PRUNED
8125,-0.4860321705848531,2026-05-12 20:58:52.948327,2026-05-12 20:58:55.834400,0 days 00:00:02.886073,0.25,0.8,4,0.05,0.02,0.45,0.12,4,0.6,20,0.5,,,,,,PRUNED
8126,-0.4835924801032817,2026-05-12 20:58:55.863610,2026-05-12 20:59:00.561538,0 days 00:00:04.697928,0.35,0.8,4,0.05,0.01,0.45,0.16,5,0.5,20,0.5,,,,,,PRUNED
8127,-0.4772837585403844,2026-05-12 20:59:00.589301,2026-05-12 20:59:06.046380,0 days 00:00:05.457079,0.35,0.8,3,0.05,0.01,0.3,0.08,6,0.7,10,0.8,,,,,,PRUNED
8128,-0.4324364259573655,2026-05-12 20:59:06.075974,2026-05-12 20:59:11.260211,0 days 00:00:05.184237,0.45,0.7,2,0.03,0.01,0.3,0.08,6,0.5,20,0.65,,,,,,PRUNED
8129,-0.5179924623587872,2026-05-12 20:59:11.286809,2026-05-12 20:59:11.994475,0 days 00:00:00.707666,0.45,0.7,2,0.05,0.02,0.6,0.08,6,0.5,20,0.8,-0.39108387647623727,-0.030830266507629607,0.2538171717650998,0.36025360996860767,,COMPLETE
8130,-0.5610853071510992,2026-05-12 20:59:12.022911,2026-05-12 20:59:17.353573,0 days 00:00:05.330662,0.25,0.8,4,0.03,0.02,0.3,0.08,4,0.6,5,0.5,,,,,,PRUNED
8131,-0.42606172854379265,2026-05-12 20:59:17.380491,2026-05-12 20:59:17.803230,0 days 00:00:00.422739,0.45,0.7,3,0.05,0.02,0.6,0.08,6,0.6,20,0.8,,,,,,PRUNED
8132,-0.5179924623587872,2026-05-12 20:59:17.833261,2026-05-12 20:59:18.446992,0 days 00:00:00.613731,0.45,0.7,2,0.05,0.02,0.6,0.08,6,0.5,20,0.8,-0.39108387647623727,-0.030830266507629607,0.2538171717650998,0.36025360996860767,,COMPLETE
8133,-9999.0,2026-05-12 20:59:18.478149,2026-05-12 20:59:18.857580,0 days 00:00:00.379431,0.45,0.7,3,0.05,0.01,0.45,0.08,5,0.7,5,0.5,,,,,BEAR_RATIO < NEUTRAL_RATIO < BULL_RATIO 约束违反: 0.45 / 0.7 / 0.7,COMPLETE
8134,-0.4512775079666582,2026-05-12 20:59:18.885771,2026-05-12 20:59:24.501538,0 days 00:00:05.615767,0.45,0.8,4,0.05,0.01,0.6,0.16,5,0.5,5,0.65,,,,,,PRUNED
8135,-0.4313674855998951,2026-05-12 20:59:24.533646,2026-05-12 20:59:27.925079,0 days 00:00:03.391433,0.45,0.7,2,0.05,0.01,0.3,0.12,4,0.5,20,0.8,,,,,,PRUNED
8136,-0.5179924623587872,2026-05-12 20:59:27.952240,2026-05-12 20:59:28.689720,0 days 00:00:00.737480,0.45,0.7,2,0.05,0.02,0.6,0.08,6,0.5,20,0.8,-0.39108387647623727,-0.030830266507629607,0.2538171717650998,0.36025360996860767,,COMPLETE
8137,-0.4318124553734489,2026-05-12 20:59:28.735307,2026-05-12 20:59:29.156057,0 days 00:00:00.420750,0.45,0.7,2,0.03,0.02,0.6,0.08,6,0.5,20,0.8,,,,,,PRUNED
8138,-9999.0,2026-05-12 20:59:29.186809,2026-05-12 20:59:29.582829,0 days 00:00:00.396020,0.45,0.7,4,0.05,0.01,0.3,0.08,4,0.7,5,0.5,,,,,BEAR_RATIO < NEUTRAL_RATIO < BULL_RATIO 约束违反: 0.45 / 0.7 / 0.7,COMPLETE
8139,-0.5182406672588966,2026-05-12 20:59:29.610602,2026-05-12 20:59:30.244237,0 days 00:00:00.633635,0.45,0.7,2,0.05,0.02,0.45,0.08,6,0.5,20,0.8,-0.3910743597599139,-0.030648087966744914,0.25433261499796533,0.360426271793169,,COMPLETE
8140,-0.5715107846558711,2026-05-12 20:59:30.275047,2026-05-12 20:59:30.697790,0 days 00:00:00.422743,0.45,0.7,2,0.05,0.02,0.6,0.08,3,0.5,20,0.8,,,,,,PRUNED
8141,-0.4533984228075829,2026-05-12 20:59:30.724951,2026-05-12 20:59:35.667337,0 days 00:00:04.942386,0.35,0.7,2,0.05,0.01,0.3,0.08,6,0.6,20,0.65,,,,,,PRUNED
8142,-0.5179924623587872,2026-05-12 20:59:35.694941,2026-05-12 20:59:36.354800,0 days 00:00:00.659859,0.45,0.7,2,0.05,0.02,0.6,0.08,6,0.5,20,0.8,-0.39108387647623727,-0.030830266507629607,0.2538171717650998,0.36025360996860767,,COMPLETE
8143,-9999.0,2026-05-12 20:59:36.386431,2026-05-12 20:59:36.755510,0 days 00:00:00.369079,0.45,0.7,2,0.05,0.02,0.6,0.08,5,0.7,10,0.65,,,,,BEAR_RATIO < NEUTRAL_RATIO < BULL_RATIO 约束违反: 0.45 / 0.7 / 0.7,COMPLETE
8144,-0.4340238761357196,2026-05-12 20:59:36.785199,2026-05-12 20:59:41.160845,0 days 00:00:04.375646,0.45,0.7,4,0.05,0.02,0.45,0.12,4,0.5,20,0.8,,,,,,PRUNED
8145,-0.5179924623587872,2026-05-12 20:59:41.191817,2026-05-12 20:59:41.870058,0 days 00:00:00.678241,0.45,0.7,2,0.05,0.02,0.6,0.08,6,0.5,20,0.8,-0.39108387647623727,-0.030830266507629607,0.2538171717650998,0.36025360996860767,,COMPLETE
8146,-9999.0,2026-05-12 20:59:41.899589,2026-05-12 20:59:42.298312,0 days 00:00:00.398723,0.45,0.7,2,0.05,0.02,0.6,0.08,6,0.7,20,0.8,,,,,BEAR_RATIO < NEUTRAL_RATIO < BULL_RATIO 约束违反: 0.45 / 0.7 / 0.7,COMPLETE
8147,-0.4194511448045569,2026-05-12 20:59:42.329483,2026-05-12 20:59:42.766920,0 days 00:00:00.437437,0.45,0.7,2,0.05,0.02,0.6,0.12,6,0.5,20,0.8,,,,,,PRUNED
8148,-9999.0,2026-05-12 20:59:42.796089,2026-05-12 20:59:43.180342,0 days 00:00:00.384253,0.45,0.7,2,0.05,0.01,0.6,0.16,4,0.7,20,0.8,,,,,BEAR_RATIO < NEUTRAL_RATIO < BULL_RATIO 约束违反: 0.45 / 0.7 / 0.7,COMPLETE
8149,-0.48203458249874387,2026-05-12 20:59:43.212012,2026-05-12 20:59:48.454241,0 days 00:00:05.242229,0.25,0.7,2,0.05,0.01,0.45,0.08,5,0.6,10,0.65,,,,,,PRUNED
8150,-0.48050168330890775,2026-05-12 20:59:48.485744,2026-05-12 20:59:53.508644,0 days 00:00:05.022900,0.45,0.7,3,0.03,0.02,0.45,0.12,5,0.6,20,0.5,,,,,,PRUNED
8151,-0.5179924623587872,2026-05-12 20:59:53.537714,2026-05-12 20:59:54.209246,0 days 00:00:00.671532,0.45,0.7,2,0.05,0.02,0.6,0.08,6,0.5,20,0.5,-0.39108387647623727,-0.030830266507629607,0.2538171717650998,0.36025360996860767,,COMPLETE
8152,-0.4358742696929134,2026-05-12 20:59:54.260390,2026-05-12 20:59:58.032169,0 days 00:00:03.771779,0.45,0.7,2,0.03,0.02,0.3,0.08,5,0.5,5,0.5,,,,,,PRUNED
8153,-0.5179924623587872,2026-05-12 20:59:58.059790,2026-05-12 20:59:58.691236,0 days 00:00:00.631446,0.45,0.7,2,0.05,0.02,0.6,0.08,6,0.5,20,0.8,-0.39108387647623727,-0.030830266507629607,0.2538171717650998,0.36025360996860767,,COMPLETE
8154,-0.5211189727348214,2026-05-12 20:59:58.717434,2026-05-12 21:00:04.161225,0 days 00:00:05.443791,0.35,0.7,4,0.03,0.02,0.3,0.16,6,0.6,10,0.65,,,,,,PRUNED
8155,-0.5179924623587872,2026-05-12 21:00:04.186182,2026-05-12 21:00:04.760074,0 days 00:00:00.573892,0.45,0.7,2,0.05,0.02,0.6,0.08,6,0.5,20,0.65,-0.39108387647623727,-0.030830266507629607,0.2538171717650998,0.36025360996860767,,COMPLETE
8156,-0.4242910183560481,2026-05-12 21:00:04.785689,2026-05-12 21:00:05.176394,0 days 00:00:00.390705,0.45,0.7,2,0.05,0.02,0.6,0.08,5,0.5,20,0.8,,,,,,PRUNED
8157,-9999.0,2026-05-12 21:00:05.200990,2026-05-12 21:00:05.529828,0 days 00:00:00.328838,0.25,0.7,4,0.03,0.01,0.3,0.16,5,0.7,10,0.5,,,,,BEAR_RATIO < NEUTRAL_RATIO < BULL_RATIO 约束违反: 0.25 / 0.7 / 0.7,COMPLETE
8158,-0.5976676797796394,2026-05-12 21:00:05.553801,2026-05-12 21:00:09.113232,0 days 00:00:03.559431,0.35,0.8,3,0.05,0.01,0.45,0.12,3,0.5,20,0.8,,,,,,PRUNED
8159,-0.5128546616879478,2026-05-12 21:00:09.145254,2026-05-12 21:00:14.308125,0 days 00:00:05.162871,0.25,0.8,3,0.03,0.01,0.45,0.08,5,0.6,10,0.5,,,,,,PRUNED
8160,-0.4828503880826758,2026-05-12 21:00:14.335987,2026-05-12 21:00:20.153275,0 days 00:00:05.817288,0.35,0.9,2,0.05,0.02,0.3,0.12,5,0.5,5,0.8,,,,,,PRUNED
8161,-0.458942738528656,2026-05-12 21:00:20.182753,2026-05-12 21:00:25.228446,0 days 00:00:05.045693,0.45,0.8,3,0.03,0.02,0.6,0.08,6,0.6,20,0.8,,,,,,PRUNED
8162,-0.4473850439039705,2026-05-12 21:00:25.258062,2026-05-12 21:00:29.825238,0 days 00:00:04.567176,0.45,0.9,4,0.05,0.01,0.6,0.12,6,0.5,20,0.5,,,,,,PRUNED
8163,-9999.0,2026-05-12 21:00:29.853404,2026-05-12 21:00:30.234738,0 days 00:00:00.381334,0.45,0.7,2,0.05,0.01,0.45,0.12,6,0.7,5,0.65,,,,,BEAR_RATIO < NEUTRAL_RATIO < BULL_RATIO 约束违反: 0.45 / 0.7 / 0.7,COMPLETE
8164,-0.5549187487704355,2026-05-12 21:00:30.264341,2026-05-12 21:00:34.140240,0 days 00:00:03.875899,0.35,0.9,4,0.05,0.01,0.6,0.16,3,0.5,10,0.65,,,,,,PRUNED
8165,-0.43819524961136413,2026-05-12 21:00:34.171669,2026-05-12 21:00:39.309275,0 days 00:00:05.137606,0.45,0.7,3,0.05,0.01,0.6,0.12,6,0.6,20,0.5,,,,,,PRUNED
8166,-0.5179924623587872,2026-05-12 21:00:39.335141,2026-05-12 21:00:39.973970,0 days 00:00:00.638829,0.45,0.7,2,0.05,0.02,0.6,0.08,6,0.5,20,0.8,-0.39108387647623727,-0.030830266507629607,0.2538171717650998,0.36025360996860767,,COMPLETE
8167,-0.4618644772860147,2026-05-12 21:00:40.002620,2026-05-12 21:00:45.137707,0 days 00:00:05.135087,0.45,0.7,2,0.03,0.02,0.6,0.08,5,0.6,20,0.65,,,,,,PRUNED
8168,-0.5041730742040804,2026-05-12 21:00:45.165326,2026-05-12 21:00:49.696812,0 days 00:00:04.531486,0.35,0.9,2,0.03,0.02,0.45,0.12,4,0.6,10,0.5,,,,,,PRUNED
8169,-0.5179924623587872,2026-05-12 21:00:49.749429,2026-05-12 21:00:50.456028,0 days 00:00:00.706599,0.45,0.7,2,0.05,0.01,0.6,0.08,6,0.5,20,0.8,-0.39108387647623727,-0.030830266507629607,0.2538171717650998,0.36025360996860767,,COMPLETE
8170,-0.5123849140156091,2026-05-12 21:00:50.485744,2026-05-12 21:00:55.145536,0 days 00:00:04.659792,0.45,0.8,2,0.03,0.02,0.45,0.16,4,0.7,10,0.5,,,,,,PRUNED
8171,-0.5369076013823132,2026-05-12 21:00:55.170890,2026-05-12 21:01:01.233118,0 days 00:00:06.062228,0.35,0.9,3,0.03,0.02,0.45,0.12,6,0.6,5,0.8,,,,,,PRUNED
8172,-0.5179924623587872,2026-05-12 21:01:01.262858,2026-05-12 21:01:01.923116,0 days 00:00:00.660258,0.45,0.7,2,0.05,0.02,0.6,0.08,6,0.5,20,0.8,-0.39108387647623727,-0.030830266507629607,0.2538171717650998,0.36025360996860767,,COMPLETE
8173,-0.5251273023680259,2026-05-12 21:01:01.949315,2026-05-12 21:01:06.354906,0 days 00:00:04.405591,0.25,0.9,3,0.03,0.02,0.45,0.12,4,0.7,10,0.5,,,,,,PRUNED
8174,-0.49086882016329114,2026-05-12 21:01:06.385394,2026-05-12 21:01:11.160027,0 days 00:00:04.774633,0.35,0.9,3,0.05,0.01,0.45,0.16,5,0.5,20,0.5,,,,,,PRUNED
8175,-0.5179924623587872,2026-05-12 21:01:11.186002,2026-05-12 21:01:11.803970,0 days 00:00:00.617968,0.45,0.7,2,0.05,0.02,0.6,0.08,6,0.5,20,0.8,-0.39108387647623727,-0.030830266507629607,0.2538171717650998,0.36025360996860767,,COMPLETE
8176,-9999.0,2026-05-12 21:01:11.851345,2026-05-12 21:01:12.245257,0 days 00:00:00.393912,0.35,0.7,3,0.05,0.02,0.3,0.08,4,0.7,5,0.65,,,,,BEAR_RATIO < NEUTRAL_RATIO < BULL_RATIO 约束违反: 0.35 / 0.7 / 0.7,COMPLETE
8177,-0.4885033815942096,2026-05-12 21:01:12.277298,2026-05-12 21:01:15.781899,0 days 00:00:03.504601,0.35,0.8,2,0.05,0.02,0.45,0.12,5,0.6,5,0.5,,,,,,PRUNED
8178,-0.410125315542252,2026-05-12 21:01:15.807292,2026-05-12 21:01:16.476044,0 days 00:00:00.668752,0.45,0.7,4,0.05,0.02,0.6,0.08,6,0.5,20,0.8,,,,,,PRUNED
8179,-0.5096337686365171,2026-05-12 21:01:16.536447,2026-05-12 21:01:21.638602,0 days 00:00:05.102155,0.25,0.9,3,0.05,0.02,0.6,0.08,6,0.6,20,0.5,,,,,,PRUNED
8180,-9999.0,2026-05-12 21:01:21.668780,2026-05-12 21:01:22.032110,0 days 00:00:00.363330,0.35,0.7,3,0.03,0.02,0.3,0.08,5,0.7,20,0.8,,,,,BEAR_RATIO < NEUTRAL_RATIO < BULL_RATIO 约束违反: 0.35 / 0.7 / 0.7,COMPLETE
8181,-0.5179924623587872,2026-05-12 21:01:22.059726,2026-05-12 21:01:22.708506,0 days 00:00:00.648780,0.45,0.7,2,0.05,0.02,0.6,0.08,6,0.5,20,0.8,-0.39108387647623727,-0.030830266507629607,0.2538171717650998,0.36025360996860767,,COMPLETE
8182,-0.6024570622597438,2026-05-12 21:01:22.742328,2026-05-12 21:01:26.663981,0 days 00:00:03.921653,0.25,0.8,3,0.03,0.02,0.45,0.16,3,0.7,10,0.8,,,,,,PRUNED
8183,-0.525953019893533,2026-05-12 21:01:26.707293,2026-05-12 21:01:31.673485,0 days 00:00:04.966192,0.45,0.8,2,0.05,0.02,0.6,0.12,3,0.5,10,0.65,,,,,,PRUNED
8184,-0.5155372016987303,2026-05-12 21:01:31.701905,2026-05-12 21:01:36.886126,0 days 00:00:05.184221,0.25,0.9,2,0.05,0.02,0.3,0.12,6,0.5,20,0.5,,,,,,PRUNED
8185,-0.4917967421752589,2026-05-12 21:01:36.917264,2026-05-12 21:01:42.710288,0 days 00:00:05.793024,0.35,0.9,4,0.03,0.02,0.6,0.08,5,0.5,5,0.65,,,,,,PRUNED
8186,-0.45605409604372654,2026-05-12 21:01:42.735148,2026-05-12 21:01:45.461231,0 days 00:00:02.726083,0.45,0.8,3,0.05,0.01,0.3,0.08,3,0.6,5,0.5,,,,,,PRUNED
8187,-0.4092788272711371,2026-05-12 21:01:45.489842,2026-05-12 21:01:45.917944,0 days 00:00:00.428102,0.45,0.7,3,0.05,0.02,0.6,0.08,6,0.5,20,0.8,,,,,,PRUNED
8188,-0.6165921741996307,2026-05-12 21:01:45.946378,2026-05-12 21:01:49.580413,0 days 00:00:03.634035,0.25,0.7,3,0.05,0.01,0.3,0.12,3,0.6,20,0.5,,,,,,PRUNED
8189,-0.5123827123636571,2026-05-12 21:01:49.607567,2026-05-12 21:01:54.411749,0 days 00:00:04.804182,0.35,0.8,3,0.03,0.01,0.45,0.12,5,0.6,20,0.65,,,,,,PRUNED
8190,-0.5086658961578774,2026-05-12 21:01:54.440805,2026-05-12 21:02:00.489775,0 days 00:00:06.048970,0.25,0.7,4,0.05,0.02,0.45,0.08,6,0.6,5,0.8,,,,,,PRUNED
8191,-0.5179924623587872,2026-05-12 21:02:00.518198,2026-05-12 21:02:01.164527,0 days 00:00:00.646329,0.45,0.7,2,0.05,0.02,0.6,0.08,6,0.5,20,0.8,-0.39108387647623727,-0.030830266507629607,0.2538171717650998,0.36025360996860767,,COMPLETE
8192,-0.5167758528239501,2026-05-12 21:02:01.196156,2026-05-12 21:02:07.004235,0 days 00:00:05.808079,0.35,0.8,3,0.03,0.01,0.3,0.12,5,0.6,5,0.8,,,,,,PRUNED
8193,-0.4369421088047426,2026-05-12 21:02:07.031720,2026-05-12 21:02:07.461912,0 days 00:00:00.430192,0.35,0.7,4,0.05,0.02,0.6,0.08,6,0.5,20,0.8,,,,,,PRUNED
8194,-0.5179924623587872,2026-05-12 21:02:07.486552,2026-05-12 21:02:08.024111,0 days 00:00:00.537559,0.45,0.7,2,0.05,0.02,0.6,0.08,6,0.5,20,0.8,-0.39108387647623727,-0.030830266507629607,0.2538171717650998,0.36025360996860767,,COMPLETE
8195,-0.5179924623587872,2026-05-12 21:02:08.051797,2026-05-12 21:02:08.601115,0 days 00:00:00.549318,0.45,0.7,2,0.05,0.02,0.6,0.08,6,0.5,20,0.8,-0.39108387647623727,-0.030830266507629607,0.2538171717650998,0.36025360996860767,,COMPLETE
8196,-0.42357363260304626,2026-05-12 21:02:08.626225,2026-05-12 21:02:09.011340,0 days 00:00:00.385115,0.45,0.7,2,0.05,0.02,0.6,0.08,6,0.6,20,0.8,,,,,,PRUNED
8197,-0.5325405012012308,2026-05-12 21:02:09.040816,2026-05-12 21:02:13.715078,0 days 00:00:04.674262,0.25,0.9,3,0.03,0.01,0.45,0.16,4,0.6,10,0.65,,,,,,PRUNED
8198,-9999.0,2026-05-12 21:02:13.744018,2026-05-12 21:02:14.118671,0 days 00:00:00.374653,0.45,0.7,2,0.05,0.01,0.3,0.16,4,0.7,20,0.5,,,,,BEAR_RATIO < NEUTRAL_RATIO < BULL_RATIO 约束违反: 0.45 / 0.7 / 0.7,COMPLETE
8199,-0.5977678226249719,2026-05-12 21:02:14.145467,2026-05-12 21:02:15.922566,0 days 00:00:01.777099,0.45,0.9,4,0.03,0.02,0.45,0.08,3,0.5,20,0.5,,,,,,PRUNED
8200,-0.4958143285792933,2026-05-12 21:02:15.951130,2026-05-12 21:02:21.956467,0 days 00:00:06.005337,0.35,0.8,4,0.05,0.02,0.3,0.16,6,0.5,5,0.8,,,,,,PRUNED
8201,-0.5179924623587872,2026-05-12 21:02:21.986915,2026-05-12 21:02:22.648686,0 days 00:00:00.661771,0.45,0.7,2,0.05,0.02,0.6,0.08,6,0.5,20,0.8,-0.39108387647623727,-0.030830266507629607,0.2538171717650998,0.36025360996860767,,COMPLETE
8202,-0.5025519765211133,2026-05-12 21:02:22.679693,2026-05-12 21:02:27.781518,0 days 00:00:05.101825,0.25,0.8,2,0.03,0.02,0.3,0.08,5,0.5,10,0.65,,,,,,PRUNED
