number,value,datetime_start,datetime_complete,duration,params_BEAR_RATIO,params_BULL_RATIO,params_GRID_MAX_LAYER,params_GRID_STEP_MAX,params_GRID_STEP_MIN,params_GRID_STEP_VOL_FACTOR,params_LAYER_FRACTION,params_MAX_HOLD,params_NEUTRAL_RATIO,params_REBALANCE_FREQ,params_VOL_WEIGHT,user_attrs_avg_test_score,user_attrs_avg_train_score,user_attrs_test_score_std,user_attrs_train_test_gap,user_attrs_validation_error,state
1579,-9999.0,2026-05-12 15:28:04.354996,2026-05-12 15:28:04.625105,0 days 00:00:00.270109,0.35,0.7,3,0.05,0.01,0.3,0.08,3,0.7,5,0.8,,,,,BEAR_RATIO < NEUTRAL_RATIO < BULL_RATIO 约束违反: 0.35 / 0.7 / 0.7,COMPLETE
1580,-0.5937047520535114,2026-05-12 15:28:04.664268,2026-05-12 15:28:08.017539,0 days 00:00:03.353271,0.45,0.9,2,0.05,0.02,0.45,0.16,3,0.5,20,0.8,,,,,,PRUNED
1581,-0.43148900901251575,2026-05-12 15:28:08.043612,2026-05-12 15:28:13.017733,0 days 00:00:04.974121,0.45,0.7,4,0.03,0.02,0.6,0.08,6,0.5,20,0.5,,,,,,PRUNED
1582,-0.4369421088047426,2026-05-12 15:28:13.043952,2026-05-12 15:28:13.376281,0 days 00:00:00.332329,0.35,0.7,4,0.05,0.02,0.6,0.08,6,0.5,20,0.8,,,,,,PRUNED
1583,-0.5025500360690641,2026-05-12 15:28:13.418295,2026-05-12 15:28:18.680001,0 days 00:00:05.261706,0.35,0.7,3,0.03,0.01,0.45,0.16,6,0.5,10,0.5,,,,,,PRUNED
1584,-0.5002417539729007,2026-05-12 15:28:18.700762,2026-05-12 15:28:24.694365,0 days 00:00:05.993603,0.25,0.9,2,0.05,0.02,0.6,0.08,6,0.5,10,0.8,,,,,,PRUNED
1585,-0.5187374357433939,2026-05-12 15:28:24.718974,2026-05-12 15:28:29.681282,0 days 00:00:04.962308,0.35,0.8,2,0.03,0.01,0.3,0.16,5,0.6,10,0.8,,,,,,PRUNED
1586,-0.4213231947291116,2026-05-12 15:28:29.705509,2026-05-12 15:28:30.054686,0 days 00:00:00.349177,0.45,0.7,2,0.05,0.02,0.6,0.08,4,0.5,20,0.8,,,,,,PRUNED
1587,-0.4296411080598753,2026-05-12 15:28:30.081337,2026-05-12 15:28:30.415992,0 days 00:00:00.334655,0.45,0.7,2,0.05,0.02,0.6,0.16,6,0.5,20,0.65,,,,,,PRUNED
1588,-0.5179924623587872,2026-05-12 15:28:30.441904,2026-05-12 15:28:30.958741,0 days 00:00:00.516837,0.45,0.7,2,0.05,0.02,0.6,0.08,6,0.5,20,0.8,-0.39108387647623727,-0.030830266507629607,0.2538171717650998,0.36025360996860767,,COMPLETE
1589,-0.4337598227322236,2026-05-12 15:28:30.981603,2026-05-12 15:28:35.109387,0 days 00:00:04.127784,0.45,0.7,2,0.05,0.02,0.6,0.08,4,0.6,20,0.65,,,,,,PRUNED
1590,-0.434017431204229,2026-05-12 15:28:35.134015,2026-05-12 15:28:40.313691,0 days 00:00:05.179676,0.35,0.7,2,0.05,0.02,0.6,0.08,6,0.5,10,0.5,,,,,,PRUNED
1591,-0.57454845773344,2026-05-12 15:28:40.336293,2026-05-12 15:28:44.130688,0 days 00:00:03.794395,0.45,0.8,2,0.03,0.01,0.6,0.16,3,0.6,10,0.5,,,,,,PRUNED
1592,-0.5862767090577841,2026-05-12 15:28:44.157516,2026-05-12 15:28:47.606643,0 days 00:00:03.449127,0.45,0.9,2,0.05,0.02,0.3,0.08,3,0.5,20,0.8,,,,,,PRUNED
1593,-9999.0,2026-05-12 15:28:47.630486,2026-05-12 15:28:47.897092,0 days 00:00:00.266606,0.25,0.7,3,0.03,0.01,0.6,0.08,4,0.7,5,0.5,,,,,BEAR_RATIO < NEUTRAL_RATIO < BULL_RATIO 约束违反: 0.25 / 0.7 / 0.7,COMPLETE
1594,-0.5179924623587872,2026-05-12 15:28:47.922958,2026-05-12 15:28:48.410470,0 days 00:00:00.487512,0.45,0.7,2,0.05,0.02,0.6,0.08,6,0.5,20,0.8,-0.39108387647623727,-0.030830266507629607,0.2538171717650998,0.36025360996860767,,COMPLETE
1595,-0.5390344225153957,2026-05-12 15:28:48.455499,2026-05-12 15:28:53.431403,0 days 00:00:04.975904,0.35,0.9,3,0.03,0.02,0.6,0.16,6,0.6,10,0.65,,,,,,PRUNED
1596,-0.5179924623587872,2026-05-12 15:28:53.455130,2026-05-12 15:28:53.887968,0 days 00:00:00.432838,0.45,0.7,2,0.05,0.02,0.6,0.08,6,0.5,20,0.8,-0.39108387647623727,-0.030830266507629607,0.2538171717650998,0.36025360996860767,,COMPLETE
1597,-0.4587396429430393,2026-05-12 15:28:53.929836,2026-05-12 15:28:58.608382,0 days 00:00:04.678546,0.35,0.7,2,0.05,0.02,0.6,0.16,6,0.5,10,0.8,,,,,,PRUNED
1598,-0.4242910183560481,2026-05-12 15:28:58.629527,2026-05-12 15:28:58.916506,0 days 00:00:00.286979,0.45,0.7,2,0.05,0.01,0.6,0.08,5,0.5,20,0.8,,,,,,PRUNED
1599,-0.44213459907121894,2026-05-12 15:28:58.940021,2026-05-12 15:29:04.226822,0 days 00:00:05.286801,0.45,0.9,2,0.05,0.01,0.3,0.08,5,0.5,5,0.8,,,,,,PRUNED
1600,-0.4361881791378449,2026-05-12 15:29:04.251546,2026-05-12 15:29:08.211516,0 days 00:00:03.959970,0.45,0.9,2,0.05,0.02,0.3,0.08,6,0.5,10,0.8,,,,,,PRUNED
1601,-0.44280580951243415,2026-05-12 15:29:08.235088,2026-05-12 15:29:12.124986,0 days 00:00:03.889898,0.35,0.7,2,0.05,0.02,0.6,0.12,4,0.5,20,0.8,,,,,,PRUNED
1602,-0.44641019327355913,2026-05-12 15:29:12.150381,2026-05-12 15:29:17.194731,0 days 00:00:05.044350,0.45,0.7,4,0.05,0.01,0.6,0.08,3,0.6,5,0.65,,,,,,PRUNED
1603,-9999.0,2026-05-12 15:29:17.218010,2026-05-12 15:29:17.508786,0 days 00:00:00.290776,0.25,0.7,3,0.05,0.01,0.3,0.12,6,0.7,5,0.5,,,,,BEAR_RATIO < NEUTRAL_RATIO < BULL_RATIO 约束违反: 0.25 / 0.7 / 0.7,COMPLETE
1604,-0.41657879179344864,2026-05-12 15:29:17.534304,2026-05-12 15:29:23.121692,0 days 00:00:05.587388,0.45,0.7,3,0.05,0.02,0.3,0.08,5,0.5,5,0.8,,,,,,PRUNED
1605,-0.4665593930746072,2026-05-12 15:29:23.149220,2026-05-12 15:29:27.359716,0 days 00:00:04.210496,0.35,0.9,4,0.05,0.01,0.6,0.12,4,0.5,20,0.5,,,,,,PRUNED
1606,-0.45828045941973783,2026-05-12 15:29:27.386028,2026-05-12 15:29:32.432629,0 days 00:00:05.046601,0.35,0.7,2,0.05,0.01,0.6,0.16,6,0.5,20,0.8,,,,,,PRUNED
1607,-9999.0,2026-05-12 15:29:32.460229,2026-05-12 15:29:32.745295,0 days 00:00:00.285066,0.45,0.7,2,0.05,0.02,0.6,0.08,3,0.7,20,0.65,,,,,BEAR_RATIO < NEUTRAL_RATIO < BULL_RATIO 约束违反: 0.45 / 0.7 / 0.7,COMPLETE
1608,-0.412302961858902,2026-05-12 15:29:32.773209,2026-05-12 15:29:36.614747,0 days 00:00:03.841538,0.45,0.7,4,0.05,0.02,0.6,0.08,5,0.5,10,0.8,,,,,,PRUNED
1609,-0.5026093648491001,2026-05-12 15:29:36.640965,2026-05-12 15:29:42.216906,0 days 00:00:05.575941,0.35,0.7,4,0.03,0.02,0.6,0.16,5,0.5,5,0.65,,,,,,PRUNED
1610,-0.47005186252528397,2026-05-12 15:29:42.243947,2026-05-12 15:29:47.863633,0 days 00:00:05.619686,0.35,0.7,4,0.05,0.01,0.6,0.08,5,0.6,5,0.5,,,,,,PRUNED
1611,-0.4799970803603786,2026-05-12 15:29:47.888173,2026-05-12 15:29:53.745992,0 days 00:00:05.857819,0.45,0.9,2,0.03,0.01,0.3,0.12,5,0.5,5,0.5,,,,,,PRUNED
1612,-9999.0,2026-05-12 15:29:53.774076,2026-05-12 15:29:54.057065,0 days 00:00:00.282989,0.45,0.7,2,0.05,0.02,0.3,0.12,6,0.7,20,0.8,,,,,BEAR_RATIO < NEUTRAL_RATIO < BULL_RATIO 约束违反: 0.45 / 0.7 / 0.7,COMPLETE
1613,-9999.0,2026-05-12 15:29:54.081387,2026-05-12 15:29:54.351438,0 days 00:00:00.270051,0.45,0.7,2,0.03,0.02,0.6,0.16,6,0.7,20,0.8,,,,,BEAR_RATIO < NEUTRAL_RATIO < BULL_RATIO 约束违反: 0.45 / 0.7 / 0.7,COMPLETE
1614,-9999.0,2026-05-12 15:29:54.379961,2026-05-12 15:29:54.654564,0 days 00:00:00.274603,0.35,0.7,2,0.05,0.02,0.3,0.08,4,0.7,20,0.5,,,,,BEAR_RATIO < NEUTRAL_RATIO < BULL_RATIO 约束违反: 0.35 / 0.7 / 0.7,COMPLETE
1615,-0.5504801714893115,2026-05-12 15:29:54.680887,2026-05-12 15:29:58.405188,0 days 00:00:03.724301,0.25,0.7,2,0.03,0.02,0.45,0.08,3,0.5,10,0.5,,,,,,PRUNED
1616,-0.5011269304467011,2026-05-12 15:29:58.429001,2026-05-12 15:30:02.454535,0 days 00:00:04.025534,0.25,0.8,3,0.03,0.02,0.6,0.12,4,0.5,20,0.65,,,,,,PRUNED
1617,-0.5707408857438413,2026-05-12 15:30:02.477128,2026-05-12 15:30:06.718008,0 days 00:00:04.240880,0.25,0.9,4,0.03,0.02,0.6,0.16,3,0.6,5,0.65,,,,,,PRUNED
1618,-0.5179924623587872,2026-05-12 15:30:06.740808,2026-05-12 15:30:07.278465,0 days 00:00:00.537657,0.45,0.7,2,0.05,0.02,0.6,0.08,6,0.5,20,0.8,-0.39108387647623727,-0.030830266507629607,0.2538171717650998,0.36025360996860767,,COMPLETE
1619,-0.5369512764580622,2026-05-12 15:30:07.302390,2026-05-12 15:30:12.652432,0 days 00:00:05.350042,0.25,0.9,4,0.03,0.02,0.45,0.08,5,0.5,5,0.65,,,,,,PRUNED
1620,-0.4092137988646166,2026-05-12 15:30:12.673912,2026-05-12 15:30:12.982276,0 days 00:00:00.308364,0.45,0.7,2,0.05,0.02,0.6,0.08,6,0.5,10,0.8,,,,,,PRUNED
1621,-0.5059268649468894,2026-05-12 15:30:13.004927,2026-05-12 15:30:18.521603,0 days 00:00:05.516676,0.25,0.9,2,0.05,0.01,0.45,0.08,6,0.6,10,0.8,,,,,,PRUNED
1622,-0.5176589748688558,2026-05-12 15:30:18.545600,2026-05-12 15:30:21.682484,0 days 00:00:03.136884,0.35,0.9,3,0.05,0.02,0.6,0.12,3,0.7,5,0.5,,,,,,PRUNED
1623,-0.47805881185671306,2026-05-12 15:30:21.703722,2026-05-12 15:30:26.429593,0 days 00:00:04.725871,0.25,0.7,2,0.05,0.02,0.3,0.08,6,0.5,20,0.5,,,,,,PRUNED
1624,-0.5725534911599856,2026-05-12 15:30:26.465907,2026-05-12 15:30:30.313837,0 days 00:00:03.847930,0.35,0.8,3,0.05,0.02,0.3,0.16,3,0.7,10,0.8,,,,,,PRUNED
1625,-0.47231505016215686,2026-05-12 15:30:30.340560,2026-05-12 15:30:35.213054,0 days 00:00:04.872494,0.35,0.7,4,0.05,0.01,0.45,0.16,5,0.5,20,0.8,,,,,,PRUNED
1626,-0.47486676898305946,2026-05-12 15:30:35.237901,2026-05-12 15:30:40.783279,0 days 00:00:05.545378,0.45,0.9,4,0.05,0.02,0.45,0.16,6,0.6,10,0.5,,,,,,PRUNED
1627,-9999.0,2026-05-12 15:30:40.836457,2026-05-12 15:30:41.115313,0 days 00:00:00.278856,0.25,0.7,4,0.05,0.02,0.6,0.08,6,0.7,20,0.8,,,,,BEAR_RATIO < NEUTRAL_RATIO < BULL_RATIO 约束违反: 0.25 / 0.7 / 0.7,COMPLETE
1628,-0.4755633075015188,2026-05-12 15:30:41.141379,2026-05-12 15:30:46.368219,0 days 00:00:05.226840,0.25,0.7,3,0.05,0.02,0.6,0.08,6,0.5,10,0.8,,,,,,PRUNED
1629,-0.4649120935606458,2026-05-12 15:30:46.412636,2026-05-12 15:30:51.266663,0 days 00:00:04.854027,0.45,0.8,3,0.03,0.02,0.6,0.12,6,0.5,20,0.8,,,,,,PRUNED
1630,-0.4375130406458141,2026-05-12 15:30:51.293225,2026-05-12 15:30:55.175453,0 days 00:00:03.882228,0.45,0.9,4,0.05,0.02,0.6,0.08,6,0.5,10,0.8,,,,,,PRUNED
1631,-0.4900011378425822,2026-05-12 15:30:55.198046,2026-05-12 15:30:59.123256,0 days 00:00:03.925210,0.35,0.9,4,0.05,0.01,0.3,0.12,4,0.7,20,0.8,,,,,,PRUNED
1632,-0.5634542136030062,2026-05-12 15:30:59.149833,2026-05-12 15:31:02.967572,0 days 00:00:03.817739,0.45,0.9,3,0.03,0.01,0.45,0.16,3,0.5,10,0.8,,,,,,PRUNED
1633,-0.5313228782074153,2026-05-12 15:31:02.998828,2026-05-12 15:31:08.660194,0 days 00:00:05.661366,0.25,0.9,4,0.05,0.01,0.3,0.16,5,0.5,20,0.8,,,,,,PRUNED
1634,-0.5137856813306336,2026-05-12 15:31:08.688269,2026-05-12 15:31:12.580681,0 days 00:00:03.892412,0.45,0.7,3,0.05,0.02,0.6,0.08,3,0.5,10,0.8,,,,,,PRUNED
1635,-0.4500958084700727,2026-05-12 15:31:12.607977,2026-05-12 15:31:17.646294,0 days 00:00:05.038317,0.35,0.7,3,0.05,0.02,0.6,0.12,6,0.5,20,0.8,,,,,,PRUNED
1636,-0.4757310524677019,2026-05-12 15:31:17.672401,2026-05-12 15:31:22.414112,0 days 00:00:04.741711,0.25,0.7,3,0.05,0.01,0.6,0.08,6,0.5,20,0.8,,,,,,PRUNED
1637,-0.49321100337060403,2026-05-12 15:31:22.438975,2026-05-12 15:31:27.250256,0 days 00:00:04.811281,0.35,0.8,3,0.05,0.02,0.3,0.12,6,0.7,20,0.5,,,,,,PRUNED
1638,-0.5492082688039666,2026-05-12 15:31:27.273712,2026-05-12 15:31:30.955590,0 days 00:00:03.681878,0.35,0.7,3,0.03,0.01,0.6,0.12,3,0.5,10,0.65,,,,,,PRUNED
1639,-0.47441457244516044,2026-05-12 15:31:30.977780,2026-05-12 15:31:31.300552,0 days 00:00:00.322772,0.25,0.7,2,0.05,0.02,0.6,0.08,6,0.5,20,0.8,,,,,,PRUNED
1640,-0.43199415192688095,2026-05-12 15:31:31.328926,2026-05-12 15:31:36.380781,0 days 00:00:05.051855,0.45,0.7,3,0.03,0.02,0.6,0.08,6,0.5,10,0.8,,,,,,PRUNED
1641,-0.5629893878377972,2026-05-12 15:31:36.404464,2026-05-12 15:31:39.951111,0 days 00:00:03.546647,0.35,0.8,4,0.03,0.01,0.3,0.08,3,0.6,10,0.5,,,,,,PRUNED
1642,-0.5179924623587872,2026-05-12 15:31:39.975900,2026-05-12 15:31:40.457771,0 days 00:00:00.481871,0.45,0.7,2,0.05,0.02,0.6,0.08,6,0.5,20,0.8,-0.39108387647623727,-0.030830266507629607,0.2538171717650998,0.36025360996860767,,COMPLETE
1643,-0.5179924623587872,2026-05-12 15:31:40.503627,2026-05-12 15:31:40.998918,0 days 00:00:00.495291,0.45,0.7,2,0.05,0.02,0.6,0.08,6,0.5,20,0.8,-0.39108387647623727,-0.030830266507629607,0.2538171717650998,0.36025360996860767,,COMPLETE
1644,-0.48604871948906037,2026-05-12 15:31:41.021247,2026-05-12 15:31:45.505149,0 days 00:00:04.483902,0.35,0.8,2,0.05,0.01,0.6,0.12,6,0.7,20,0.65,,,,,,PRUNED
1645,-9999.0,2026-05-12 15:31:45.547728,2026-05-12 15:31:45.812860,0 days 00:00:00.265132,0.35,0.7,4,0.03,0.01,0.6,0.12,4,0.7,20,0.5,,,,,BEAR_RATIO < NEUTRAL_RATIO < BULL_RATIO 约束违反: 0.35 / 0.7 / 0.7,COMPLETE
1646,-0.5323966948685708,2026-05-12 15:31:45.837685,2026-05-12 15:31:51.722575,0 days 00:00:05.884890,0.35,0.7,3,0.03,0.01,0.45,0.16,6,0.6,5,0.5,,,,,,PRUNED
1647,-0.5179924623587872,2026-05-12 15:31:51.745196,2026-05-12 15:31:52.277819,0 days 00:00:00.532623,0.45,0.7,2,0.05,0.02,0.6,0.08,6,0.5,20,0.8,-0.39108387647623727,-0.030830266507629607,0.2538171717650998,0.36025360996860767,,COMPLETE
1648,-0.43333909441165963,2026-05-12 15:31:52.303584,2026-05-12 15:31:56.990824,0 days 00:00:04.687240,0.35,0.7,2,0.05,0.01,0.6,0.08,6,0.5,20,0.5,,,,,,PRUNED
1649,-0.4609181184414978,2026-05-12 15:31:57.013952,2026-05-12 15:32:02.375657,0 days 00:00:05.361705,0.45,0.8,3,0.05,0.01,0.6,0.12,6,0.6,5,0.5,,,,,,PRUNED
1650,-0.4700174206172079,2026-05-12 15:32:02.401424,2026-05-12 15:32:06.397551,0 days 00:00:03.996127,0.35,0.8,4,0.05,0.02,0.45,0.12,4,0.6,20,0.65,,,,,,PRUNED
1651,-0.43333909441165963,2026-05-12 15:32:06.424061,2026-05-12 15:32:06.758878,0 days 00:00:00.334817,0.35,0.7,2,0.05,0.02,0.6,0.08,6,0.5,20,0.8,,,,,,PRUNED
1652,-0.4296411080598753,2026-05-12 15:32:06.799522,2026-05-12 15:32:07.153584,0 days 00:00:00.354062,0.45,0.7,2,0.05,0.02,0.6,0.16,6,0.5,20,0.8,,,,,,PRUNED
1653,-9999.0,2026-05-12 15:32:07.180471,2026-05-12 15:32:07.487945,0 days 00:00:00.307474,0.45,0.7,4,0.05,0.01,0.45,0.16,3,0.7,20,0.5,,,,,BEAR_RATIO < NEUTRAL_RATIO < BULL_RATIO 约束违反: 0.45 / 0.7 / 0.7,COMPLETE
1654,-9999.0,2026-05-12 15:32:07.512807,2026-05-12 15:32:07.811371,0 days 00:00:00.298564,0.35,0.7,3,0.05,0.02,0.45,0.08,5,0.7,20,0.65,,,,,BEAR_RATIO < NEUTRAL_RATIO < BULL_RATIO 约束违反: 0.35 / 0.7 / 0.7,COMPLETE
1655,-9999.0,2026-05-12 15:32:07.835876,2026-05-12 15:32:08.125707,0 days 00:00:00.289831,0.25,0.7,2,0.03,0.02,0.45,0.16,4,0.7,10,0.65,,,,,BEAR_RATIO < NEUTRAL_RATIO < BULL_RATIO 约束违反: 0.25 / 0.7 / 0.7,COMPLETE
1656,-0.43155661162383707,2026-05-12 15:32:08.150527,2026-05-12 15:32:08.497337,0 days 00:00:00.346810,0.45,0.7,3,0.05,0.02,0.6,0.16,6,0.5,20,0.8,,,,,,PRUNED
1657,-0.4927101049650231,2026-05-12 15:32:08.521844,2026-05-12 15:32:14.073290,0 days 00:00:05.551446,0.45,0.9,3,0.05,0.01,0.3,0.16,6,0.7,10,0.5,,,,,,PRUNED
1658,-0.5179924623587872,2026-05-12 15:32:14.100703,2026-05-12 15:32:14.664890,0 days 00:00:00.564187,0.45,0.7,2,0.05,0.02,0.6,0.08,6,0.5,20,0.8,-0.39108387647623727,-0.030830266507629607,0.2538171717650998,0.36025360996860767,,COMPLETE
1659,-0.5793406772065571,2026-05-12 15:32:14.693093,2026-05-12 15:32:20.747150,0 days 00:00:06.054057,0.25,0.7,4,0.03,0.02,0.6,0.16,6,0.6,5,0.65,,,,,,PRUNED
1660,-0.4621638600016173,2026-05-12 15:32:20.769928,2026-05-12 15:32:25.010481,0 days 00:00:04.240553,0.35,0.7,2,0.05,0.01,0.3,0.12,4,0.6,10,0.5,,,,,,PRUNED
1661,-0.43223096142417294,2026-05-12 15:32:25.036039,2026-05-12 15:32:29.791724,0 days 00:00:04.755685,0.45,0.9,2,0.05,0.01,0.6,0.08,6,0.5,20,0.65,,,,,,PRUNED
1662,-0.48095888462334324,2026-05-12 15:32:29.817571,2026-05-12 15:32:34.167770,0 days 00:00:04.350199,0.45,0.9,3,0.03,0.02,0.3,0.08,5,0.6,5,0.65,,,,,,PRUNED
1663,-0.42056632138184724,2026-05-12 15:32:34.191240,2026-05-12 15:32:34.524074,0 days 00:00:00.332834,0.45,0.8,2,0.05,0.02,0.6,0.08,6,0.5,20,0.8,,,,,,PRUNED
1664,-0.45961867072277374,2026-05-12 15:32:34.546376,2026-05-12 15:32:40.349294,0 days 00:00:05.802918,0.45,0.9,2,0.05,0.02,0.6,0.08,6,0.6,5,0.8,,,,,,PRUNED
1665,-0.4852101797131678,2026-05-12 15:32:40.374174,2026-05-12 15:32:45.268132,0 days 00:00:04.893958,0.45,0.9,3,0.03,0.02,0.6,0.12,5,0.5,20,0.65,,,,,,PRUNED
1666,-0.5086777404539393,2026-05-12 15:32:45.294019,2026-05-12 15:32:50.343354,0 days 00:00:05.049335,0.25,0.9,3,0.05,0.02,0.45,0.08,6,0.6,20,0.8,,,,,,PRUNED
1667,-0.43940103767029054,2026-05-12 15:32:50.368849,2026-05-12 15:32:54.794564,0 days 00:00:04.425715,0.45,0.7,4,0.03,0.02,0.3,0.08,3,0.5,5,0.5,,,,,,PRUNED
1668,-0.5601297067962634,2026-05-12 15:32:54.820199,2026-05-12 15:33:01.385633,0 days 00:00:06.565434,0.25,0.8,4,0.05,0.01,0.45,0.16,6,0.7,5,0.5,,,,,,PRUNED
1669,-9999.0,2026-05-12 15:33:01.409890,2026-05-12 15:33:01.758713,0 days 00:00:00.348823,0.45,0.7,2,0.05,0.02,0.3,0.08,3,0.7,20,0.8,,,,,BEAR_RATIO < NEUTRAL_RATIO < BULL_RATIO 约束违反: 0.45 / 0.7 / 0.7,COMPLETE
1670,-0.474116560311322,2026-05-12 15:33:01.783592,2026-05-12 15:33:04.325147,0 days 00:00:02.541555,0.45,0.8,2,0.03,0.02,0.6,0.08,4,0.7,20,0.8,,,,,,PRUNED
1671,-0.5160935107310671,2026-05-12 15:33:04.347528,2026-05-12 15:33:09.061723,0 days 00:00:04.714195,0.25,0.9,4,0.05,0.02,0.45,0.12,6,0.5,20,0.5,,,,,,PRUNED
1672,-0.5179924623587872,2026-05-12 15:33:09.085453,2026-05-12 15:33:09.600527,0 days 00:00:00.515074,0.45,0.7,2,0.05,0.02,0.6,0.08,6,0.5,20,0.8,-0.39108387647623727,-0.030830266507629607,0.2538171717650998,0.36025360996860767,,COMPLETE
1673,-0.4971654564150863,2026-05-12 15:33:09.648561,2026-05-12 15:33:14.694341,0 days 00:00:05.045780,0.25,0.7,2,0.05,0.02,0.45,0.16,6,0.5,20,0.8,,,,,,PRUNED
1674,-0.46301167867167914,2026-05-12 15:33:14.718986,2026-05-12 15:33:18.934792,0 days 00:00:04.215806,0.25,0.7,2,0.05,0.02,0.6,0.08,4,0.6,20,0.8,,,,,,PRUNED
1675,-0.48239674292550205,2026-05-12 15:33:18.959807,2026-05-12 15:33:24.813988,0 days 00:00:05.854181,0.45,0.9,2,0.03,0.02,0.45,0.08,5,0.6,5,0.5,,,,,,PRUNED
1676,-0.46252982416759114,2026-05-12 15:33:24.862025,2026-05-12 15:33:29.769404,0 days 00:00:04.907379,0.45,0.9,2,0.05,0.01,0.3,0.12,6,0.6,20,0.5,,,,,,PRUNED
1677,-0.46698380368793924,2026-05-12 15:33:29.796167,2026-05-12 15:33:34.964229,0 days 00:00:05.168062,0.45,0.8,3,0.03,0.01,0.45,0.12,6,0.5,10,0.5,,,,,,PRUNED
1678,-9999.0,2026-05-12 15:33:34.990927,2026-05-12 15:33:35.258081,0 days 00:00:00.267154,0.25,0.7,4,0.03,0.02,0.3,0.08,3,0.7,10,0.8,,,,,BEAR_RATIO < NEUTRAL_RATIO < BULL_RATIO 约束违反: 0.25 / 0.7 / 0.7,COMPLETE
1679,-0.5993150214240894,2026-05-12 15:33:35.281317,2026-05-12 15:33:38.890551,0 days 00:00:03.609234,0.25,0.9,2,0.03,0.01,0.45,0.16,3,0.6,10,0.8,,,,,,PRUNED
1680,-0.4595112069824593,2026-05-12 15:33:38.917657,2026-05-12 15:33:43.635546,0 days 00:00:04.717889,0.35,0.9,3,0.05,0.02,0.6,0.08,6,0.5,20,0.8,,,,,,PRUNED
1681,-0.5254494970103308,2026-05-12 15:33:43.659489,2026-05-12 15:33:47.838446,0 days 00:00:04.178957,0.25,0.7,4,0.05,0.01,0.45,0.08,4,0.5,5,0.8,,,,,,PRUNED
1682,-0.49673496248478133,2026-05-12 15:33:47.861308,2026-05-12 15:33:52.415471,0 days 00:00:04.554163,0.35,0.8,2,0.03,0.01,0.3,0.08,6,0.7,20,0.5,,,,,,PRUNED
1683,-0.6208661932350493,2026-05-12 15:33:52.438268,2026-05-12 15:33:55.661795,0 days 00:00:03.223527,0.45,0.9,2,0.05,0.02,0.6,0.08,3,0.7,20,0.8,,,,,,PRUNED
1684,-0.42274706040872767,2026-05-12 15:33:55.687634,2026-05-12 15:34:00.484575,0 days 00:00:04.796941,0.45,0.7,2,0.05,0.02,0.3,0.12,6,0.5,20,0.5,,,,,,PRUNED
1685,-0.5640603550524279,2026-05-12 15:34:00.507093,2026-05-12 15:34:05.377999,0 days 00:00:04.870906,0.25,0.7,4,0.03,0.01,0.6,0.16,4,0.5,5,0.8,,,,,,PRUNED
1686,-0.523475148145973,2026-05-12 15:34:05.401487,2026-05-12 15:34:11.013104,0 days 00:00:05.611617,0.25,0.8,3,0.05,0.01,0.45,0.12,6,0.5,5,0.8,,,,,,PRUNED
1687,-0.44786475625500555,2026-05-12 15:34:11.056653,2026-05-12 15:34:15.891300,0 days 00:00:04.834647,0.45,0.7,2,0.03,0.02,0.6,0.08,6,0.6,20,0.65,,,,,,PRUNED
1688,-0.4100386278766106,2026-05-12 15:34:15.913622,2026-05-12 15:34:16.325771,0 days 00:00:00.412149,0.45,0.7,2,0.05,0.02,0.3,0.08,6,0.5,20,0.8,,,,,,PRUNED
1689,-0.41425741193738236,2026-05-12 15:34:16.352024,2026-05-12 15:34:16.655793,0 days 00:00:00.303769,0.45,0.7,2,0.05,0.02,0.6,0.08,6,0.5,5,0.8,,,,,,PRUNED
1690,-0.5022554843200551,2026-05-12 15:34:16.679483,2026-05-12 15:34:21.173946,0 days 00:00:04.494463,0.45,0.9,3,0.03,0.02,0.45,0.12,5,0.6,20,0.8,,,,,,PRUNED
1691,-0.5177268419333867,2026-05-12 15:34:21.197116,2026-05-12 15:34:26.215590,0 days 00:00:05.018474,0.25,0.9,3,0.05,0.01,0.45,0.16,5,0.5,10,0.65,,,,,,PRUNED
1692,-0.4153515435978797,2026-05-12 15:34:26.256865,2026-05-12 15:34:32.061706,0 days 00:00:05.804841,0.45,0.7,2,0.05,0.02,0.6,0.08,5,0.5,5,0.5,,,,,,PRUNED
1693,-0.46500195843414427,2026-05-12 15:34:32.087554,2026-05-12 15:34:36.950271,0 days 00:00:04.862717,0.45,0.7,2,0.03,0.02,0.6,0.12,5,0.5,20,0.8,,,,,,PRUNED
1694,-0.48098587702631973,2026-05-12 15:34:36.973798,2026-05-12 15:34:42.828769,0 days 00:00:05.854971,0.45,0.8,2,0.05,0.02,0.6,0.08,4,0.5,5,0.8,,,,,,PRUNED
1695,-9999.0,2026-05-12 15:34:42.848045,2026-05-12 15:34:43.097940,0 days 00:00:00.249895,0.45,0.7,2,0.05,0.01,0.6,0.16,5,0.7,10,0.5,,,,,BEAR_RATIO < NEUTRAL_RATIO < BULL_RATIO 约束违反: 0.45 / 0.7 / 0.7,COMPLETE
1696,-0.5334553278254449,2026-05-12 15:34:43.123150,2026-05-12 15:34:47.584596,0 days 00:00:04.461446,0.25,0.9,4,0.03,0.02,0.6,0.08,5,0.6,20,0.8,,,,,,PRUNED
1697,-0.4590862268658133,2026-05-12 15:34:47.609428,2026-05-12 15:34:51.851825,0 days 00:00:04.242397,0.35,0.7,3,0.05,0.02,0.6,0.12,3,0.5,5,0.8,,,,,,PRUNED
1698,-0.5179924623587872,2026-05-12 15:34:51.877365,2026-05-12 15:34:52.379863,0 days 00:00:00.502498,0.45,0.7,2,0.05,0.02,0.6,0.08,6,0.5,20,0.8,-0.39108387647623727,-0.030830266507629607,0.2538171717650998,0.36025360996860767,,COMPLETE
1699,-0.5152785411899309,2026-05-12 15:34:52.402225,2026-05-12 15:34:56.170187,0 days 00:00:03.767962,0.35,0.9,2,0.03,0.01,0.3,0.16,5,0.5,10,0.8,,,,,,PRUNED
1700,-0.5293130628239594,2026-05-12 15:34:56.193621,2026-05-12 15:35:00.118206,0 days 00:00:03.924585,0.25,0.8,4,0.03,0.02,0.45,0.16,4,0.6,20,0.8,,,,,,PRUNED
1701,-0.476232053372276,2026-05-12 15:35:00.143181,2026-05-12 15:35:04.419069,0 days 00:00:04.275888,0.35,0.8,2,0.05,0.01,0.45,0.16,4,0.6,10,0.8,,,,,,PRUNED
1702,-0.6293654069619665,2026-05-12 15:35:04.447053,2026-05-12 15:35:08.057516,0 days 00:00:03.610463,0.35,0.8,2,0.03,0.01,0.45,0.12,3,0.6,20,0.8,,,,,,PRUNED
1703,-0.5179924623587872,2026-05-12 15:35:08.093076,2026-05-12 15:35:08.612901,0 days 00:00:00.519825,0.45,0.7,2,0.05,0.01,0.6,0.08,6,0.5,20,0.8,-0.39108387647623727,-0.030830266507629607,0.2538171717650998,0.36025360996860767,,COMPLETE
1704,-0.4688961478816041,2026-05-12 15:35:08.637912,2026-05-12 15:35:13.243495,0 days 00:00:04.605583,0.45,0.9,3,0.05,0.02,0.6,0.12,4,0.6,10,0.65,,,,,,PRUNED
