number,value,datetime_start,datetime_complete,duration,params_BEAR_RATIO,params_BULL_RATIO,params_GRID_MAX_LAYER,params_GRID_STEP_MAX,params_GRID_STEP_MIN,params_GRID_STEP_VOL_FACTOR,params_LAYER_FRACTION,params_MAX_HOLD,params_NEUTRAL_RATIO,params_REBALANCE_FREQ,params_VOL_WEIGHT,user_attrs_avg_test_score,user_attrs_avg_train_score,user_attrs_test_score_std,user_attrs_train_test_gap,user_attrs_validation_error,state
1083,-0.44975049414977275,2026-05-12 15:01:10.229374,2026-05-12 15:01:14.902246,0 days 00:00:04.672872,0.35,0.8,4,0.05,0.02,0.6,0.08,6,0.5,20,0.8,,,,,,PRUNED
1084,-0.5076347043576357,2026-05-12 15:01:14.924850,2026-05-12 15:01:19.149783,0 days 00:00:04.224933,0.45,0.9,4,0.03,0.02,0.3,0.12,4,0.7,10,0.8,,,,,,PRUNED
1085,-0.42224768267245916,2026-05-12 15:01:19.173613,2026-05-12 15:01:24.073372,0 days 00:00:04.899759,0.45,0.8,2,0.05,0.01,0.3,0.08,6,0.5,20,0.8,,,,,,PRUNED
1086,-0.5179924623587872,2026-05-12 15:01:24.098817,2026-05-12 15:01:24.667468,0 days 00:00:00.568651,0.45,0.7,2,0.05,0.02,0.6,0.08,6,0.5,20,0.8,-0.39108387647623727,-0.030830266507629607,0.2538171717650998,0.36025360996860767,,COMPLETE
1087,-9999.0,2026-05-12 15:01:24.693573,2026-05-12 15:01:24.947066,0 days 00:00:00.253493,0.35,0.7,2,0.05,0.02,0.6,0.08,5,0.7,20,0.8,,,,,BEAR_RATIO < NEUTRAL_RATIO < BULL_RATIO 约束违反: 0.35 / 0.7 / 0.7,COMPLETE
1088,-0.5209190067648712,2026-05-12 15:01:24.985054,2026-05-12 15:01:29.595800,0 days 00:00:04.610746,0.45,0.8,2,0.05,0.01,0.6,0.08,3,0.5,10,0.8,,,,,,PRUNED
1089,-0.4092788272711371,2026-05-12 15:01:29.618464,2026-05-12 15:01:29.953670,0 days 00:00:00.335206,0.45,0.7,3,0.05,0.02,0.6,0.08,6,0.5,20,0.8,,,,,,PRUNED
1090,-0.5371650559364095,2026-05-12 15:01:29.977282,2026-05-12 15:01:35.092157,0 days 00:00:05.114875,0.25,0.7,2,0.05,0.02,0.6,0.12,4,0.6,5,0.65,,,,,,PRUNED
1091,-0.5179924623587872,2026-05-12 15:01:35.117983,2026-05-12 15:01:35.660912,0 days 00:00:00.542929,0.45,0.7,2,0.05,0.02,0.6,0.08,6,0.5,20,0.8,-0.39108387647623727,-0.030830266507629607,0.2538171717650998,0.36025360996860767,,COMPLETE
1092,-0.4888260929333864,2026-05-12 15:01:35.687043,2026-05-12 15:01:40.235870,0 days 00:00:04.548827,0.25,0.9,2,0.05,0.01,0.45,0.12,4,0.5,10,0.8,,,,,,PRUNED
1093,-0.48582677073005953,2026-05-12 15:01:40.261102,2026-05-12 15:01:45.338431,0 days 00:00:05.077329,0.35,0.8,3,0.03,0.01,0.6,0.12,5,0.5,10,0.65,,,,,,PRUNED
1094,-9999.0,2026-05-12 15:01:45.361404,2026-05-12 15:01:45.615442,0 days 00:00:00.254038,0.35,0.7,3,0.05,0.01,0.45,0.12,4,0.7,10,0.8,,,,,BEAR_RATIO < NEUTRAL_RATIO < BULL_RATIO 约束违反: 0.35 / 0.7 / 0.7,COMPLETE
1095,-0.44548137956249384,2026-05-12 15:01:45.641044,2026-05-12 15:01:50.012310,0 days 00:00:04.371266,0.45,0.7,4,0.03,0.02,0.6,0.08,5,0.5,20,0.8,,,,,,PRUNED
1096,-9999.0,2026-05-12 15:01:50.035882,2026-05-12 15:01:50.287236,0 days 00:00:00.251354,0.25,0.7,3,0.03,0.02,0.6,0.12,3,0.7,10,0.5,,,,,BEAR_RATIO < NEUTRAL_RATIO < BULL_RATIO 约束违反: 0.25 / 0.7 / 0.7,COMPLETE
1097,-0.4481101710792979,2026-05-12 15:01:50.320324,2026-05-12 15:01:53.431487,0 days 00:00:03.111163,0.35,0.7,2,0.05,0.01,0.6,0.08,5,0.5,20,0.8,,,,,,PRUNED
1098,-0.5342544824374846,2026-05-12 15:01:53.452804,2026-05-12 15:01:57.839741,0 days 00:00:04.386937,0.25,0.9,2,0.05,0.02,0.6,0.12,3,0.6,5,0.65,,,,,,PRUNED
1099,-0.5037071201777237,2026-05-12 15:01:57.869851,2026-05-12 15:02:02.742382,0 days 00:00:04.872531,0.25,0.8,2,0.05,0.02,0.6,0.08,5,0.6,20,0.8,,,,,,PRUNED
1100,-9999.0,2026-05-12 15:02:02.767430,2026-05-12 15:02:03.045683,0 days 00:00:00.278253,0.25,0.7,2,0.05,0.02,0.6,0.08,6,0.7,20,0.5,,,,,BEAR_RATIO < NEUTRAL_RATIO < BULL_RATIO 约束违反: 0.25 / 0.7 / 0.7,COMPLETE
1101,-9999.0,2026-05-12 15:02:03.072414,2026-05-12 15:02:03.343134,0 days 00:00:00.270720,0.45,0.7,4,0.05,0.02,0.45,0.08,3,0.7,20,0.5,,,,,BEAR_RATIO < NEUTRAL_RATIO < BULL_RATIO 约束违反: 0.45 / 0.7 / 0.7,COMPLETE
1102,-0.4081111993881487,2026-05-12 15:02:03.370183,2026-05-12 15:02:08.507459,0 days 00:00:05.137276,0.45,0.7,3,0.05,0.02,0.45,0.08,6,0.5,20,0.65,,,,,,PRUNED
1103,-0.5179924623587872,2026-05-12 15:02:08.532980,2026-05-12 15:02:09.045300,0 days 00:00:00.512320,0.45,0.7,2,0.05,0.02,0.6,0.08,6,0.5,20,0.8,-0.39108387647623727,-0.030830266507629607,0.2538171717650998,0.36025360996860767,,COMPLETE
1104,-0.5317996045741968,2026-05-12 15:02:09.069850,2026-05-12 15:02:14.147581,0 days 00:00:05.077731,0.35,0.8,4,0.05,0.01,0.45,0.08,4,0.7,5,0.5,,,,,,PRUNED
1105,-0.47770734213841115,2026-05-12 15:02:14.170348,2026-05-12 15:02:19.055554,0 days 00:00:04.885206,0.45,0.9,3,0.05,0.01,0.45,0.12,5,0.7,10,0.5,,,,,,PRUNED
1106,-0.5501922733047022,2026-05-12 15:02:19.080734,2026-05-12 15:02:24.734550,0 days 00:00:05.653816,0.25,0.9,3,0.03,0.01,0.6,0.08,5,0.6,5,0.5,,,,,,PRUNED
1107,-0.5179924623587872,2026-05-12 15:02:24.757246,2026-05-12 15:02:25.267777,0 days 00:00:00.510531,0.45,0.7,2,0.05,0.02,0.6,0.08,6,0.5,20,0.8,-0.39108387647623727,-0.030830266507629607,0.2538171717650998,0.36025360996860767,,COMPLETE
1108,-0.5125898391442122,2026-05-12 15:02:25.293029,2026-05-12 15:02:31.059068,0 days 00:00:05.766039,0.25,0.8,4,0.03,0.01,0.3,0.08,6,0.5,10,0.5,,,,,,PRUNED
1109,-0.5179924623587872,2026-05-12 15:02:31.081718,2026-05-12 15:02:31.590700,0 days 00:00:00.508982,0.45,0.7,2,0.05,0.01,0.6,0.08,6,0.5,20,0.8,-0.39108387647623727,-0.030830266507629607,0.2538171717650998,0.36025360996860767,,COMPLETE
1110,-0.5265450732259975,2026-05-12 15:02:31.611619,2026-05-12 15:02:35.135209,0 days 00:00:03.523590,0.45,0.8,2,0.05,0.02,0.3,0.12,3,0.5,10,0.5,,,,,,PRUNED
1111,-0.54863885729938,2026-05-12 15:02:35.159000,2026-05-12 15:02:38.420097,0 days 00:00:03.261097,0.25,0.9,2,0.05,0.02,0.3,0.08,4,0.5,5,0.5,,,,,,PRUNED
1112,-9999.0,2026-05-12 15:02:38.442239,2026-05-12 15:02:38.681082,0 days 00:00:00.238843,0.25,0.7,3,0.03,0.01,0.45,0.08,5,0.7,20,0.5,,,,,BEAR_RATIO < NEUTRAL_RATIO < BULL_RATIO 约束违反: 0.25 / 0.7 / 0.7,COMPLETE
1113,-0.43588147116932807,2026-05-12 15:02:38.702135,2026-05-12 15:02:42.582457,0 days 00:00:03.880322,0.45,0.7,2,0.05,0.01,0.6,0.16,4,0.5,20,0.8,,,,,,PRUNED
1114,-0.5282068085354156,2026-05-12 15:02:42.604809,2026-05-12 15:02:47.001718,0 days 00:00:04.396909,0.25,0.9,4,0.05,0.02,0.45,0.16,3,0.5,5,0.65,,,,,,PRUNED
1115,-0.5094927871639687,2026-05-12 15:02:47.028683,2026-05-12 15:02:52.263508,0 days 00:00:05.234825,0.25,0.8,4,0.05,0.02,0.6,0.16,5,0.5,10,0.5,,,,,,PRUNED
1116,-0.4092788272711371,2026-05-12 15:02:52.290714,2026-05-12 15:02:52.641321,0 days 00:00:00.350607,0.45,0.7,3,0.05,0.01,0.6,0.08,6,0.5,20,0.8,,,,,,PRUNED
1117,-0.52162967899551,2026-05-12 15:02:52.668021,2026-05-12 15:02:58.123100,0 days 00:00:05.455079,0.25,0.9,2,0.03,0.01,0.3,0.08,6,0.5,10,0.8,,,,,,PRUNED
1118,-0.5179924623587872,2026-05-12 15:02:58.152732,2026-05-12 15:02:58.689263,0 days 00:00:00.536531,0.45,0.7,2,0.05,0.02,0.6,0.08,6,0.5,20,0.8,-0.39108387647623727,-0.030830266507629607,0.2538171717650998,0.36025360996860767,,COMPLETE
1119,-0.4363643530173833,2026-05-12 15:02:58.717738,2026-05-12 15:03:03.821596,0 days 00:00:05.103858,0.45,0.8,4,0.05,0.02,0.6,0.12,6,0.5,20,0.8,,,,,,PRUNED
1120,-0.45011949507756427,2026-05-12 15:03:03.870552,2026-05-12 15:03:07.121292,0 days 00:00:03.250740,0.35,0.7,3,0.05,0.02,0.6,0.08,5,0.5,20,0.8,,,,,,PRUNED
1121,-0.49494354592586637,2026-05-12 15:03:07.142674,2026-05-12 15:03:12.200320,0 days 00:00:05.057646,0.35,0.8,3,0.03,0.02,0.6,0.08,6,0.7,10,0.5,,,,,,PRUNED
1122,-0.5179924623587872,2026-05-12 15:03:12.222352,2026-05-12 15:03:12.706576,0 days 00:00:00.484224,0.45,0.7,2,0.05,0.02,0.6,0.08,6,0.5,20,0.8,-0.39108387647623727,-0.030830266507629607,0.2538171717650998,0.36025360996860767,,COMPLETE
1123,-0.4896739612511304,2026-05-12 15:03:12.732572,2026-05-12 15:03:18.502655,0 days 00:00:05.770083,0.35,0.7,3,0.03,0.02,0.3,0.08,6,0.6,5,0.65,,,,,,PRUNED
1124,-0.5179924623587872,2026-05-12 15:03:18.531402,2026-05-12 15:03:19.051612,0 days 00:00:00.520210,0.45,0.7,2,0.05,0.02,0.6,0.08,6,0.5,20,0.8,-0.39108387647623727,-0.030830266507629607,0.2538171717650998,0.36025360996860767,,COMPLETE
1125,-0.4213231947291116,2026-05-12 15:03:19.076504,2026-05-12 15:03:19.419727,0 days 00:00:00.343223,0.45,0.7,2,0.05,0.02,0.6,0.08,4,0.5,20,0.8,,,,,,PRUNED
1126,-0.42357363260304626,2026-05-12 15:03:19.447289,2026-05-12 15:03:19.803926,0 days 00:00:00.356637,0.45,0.7,2,0.05,0.02,0.6,0.08,6,0.6,20,0.8,,,,,,PRUNED
1127,-0.5179924623587872,2026-05-12 15:03:19.829283,2026-05-12 15:03:20.375325,0 days 00:00:00.546042,0.45,0.7,2,0.05,0.02,0.6,0.08,6,0.5,20,0.8,-0.39108387647623727,-0.030830266507629607,0.2538171717650998,0.36025360996860767,,COMPLETE
1128,-0.5365941279889881,2026-05-12 15:03:20.401556,2026-05-12 15:03:27.301373,0 days 00:00:06.899817,0.25,0.9,4,0.05,0.01,0.6,0.08,6,0.6,5,0.5,,,,,,PRUNED
1129,-0.451208259953866,2026-05-12 15:03:27.326990,2026-05-12 15:03:31.873080,0 days 00:00:04.546090,0.45,0.8,3,0.05,0.02,0.6,0.16,4,0.5,10,0.5,,,,,,PRUNED
1130,-0.4153515435978797,2026-05-12 15:03:31.897510,2026-05-12 15:03:37.296030,0 days 00:00:05.398520,0.45,0.7,2,0.05,0.02,0.45,0.08,5,0.5,5,0.8,,,,,,PRUNED
1131,-0.5442566353749457,2026-05-12 15:03:37.321849,2026-05-12 15:03:39.680715,0 days 00:00:02.358866,0.45,0.8,3,0.05,0.01,0.45,0.12,3,0.6,10,0.65,,,,,,PRUNED
1132,-0.44328603688297663,2026-05-12 15:03:39.702844,2026-05-12 15:03:44.482284,0 days 00:00:04.779440,0.45,0.9,2,0.05,0.01,0.6,0.12,6,0.5,20,0.8,,,,,,PRUNED
1133,-0.4949139588628559,2026-05-12 15:03:44.507030,2026-05-12 15:03:48.471410,0 days 00:00:03.964380,0.35,0.8,4,0.03,0.01,0.6,0.12,4,0.6,20,0.8,,,,,,PRUNED
1134,-0.5179924623587872,2026-05-12 15:03:48.496236,2026-05-12 15:03:49.055855,0 days 00:00:00.559619,0.45,0.7,2,0.05,0.02,0.6,0.08,6,0.5,20,0.8,-0.39108387647623727,-0.030830266507629607,0.2538171717650998,0.36025360996860767,,COMPLETE
1135,-0.5032779603273356,2026-05-12 15:03:49.102038,2026-05-12 15:03:53.387941,0 days 00:00:04.285903,0.25,0.7,4,0.03,0.01,0.3,0.12,4,0.6,20,0.8,,,,,,PRUNED
1136,-0.5472495359850028,2026-05-12 15:03:53.413054,2026-05-12 15:03:57.335882,0 days 00:00:03.922828,0.45,0.9,4,0.05,0.01,0.45,0.08,3,0.6,10,0.65,,,,,,PRUNED
1137,-0.5179924623587872,2026-05-12 15:03:57.380776,2026-05-12 15:03:57.909337,0 days 00:00:00.528561,0.45,0.7,2,0.05,0.02,0.6,0.08,6,0.5,20,0.8,-0.39108387647623727,-0.030830266507629607,0.2538171717650998,0.36025360996860767,,COMPLETE
1138,-0.43288922489092163,2026-05-12 15:03:57.936683,2026-05-12 15:04:03.156371,0 days 00:00:05.219688,0.45,0.7,4,0.05,0.02,0.45,0.16,6,0.5,20,0.8,,,,,,PRUNED
1139,-0.47441457244516044,2026-05-12 15:04:03.181469,2026-05-12 15:04:03.535242,0 days 00:00:00.353773,0.25,0.7,2,0.05,0.02,0.6,0.08,6,0.5,20,0.8,,,,,,PRUNED
1140,-0.49688920198331255,2026-05-12 15:04:03.559989,2026-05-12 15:04:08.067519,0 days 00:00:04.507530,0.35,0.9,3,0.05,0.01,0.6,0.08,5,0.7,20,0.8,,,,,,PRUNED
1141,-0.5179924623587872,2026-05-12 15:04:08.091225,2026-05-12 15:04:08.569497,0 days 00:00:00.478272,0.45,0.7,2,0.05,0.02,0.6,0.08,6,0.5,20,0.8,-0.39108387647623727,-0.030830266507629607,0.2538171717650998,0.36025360996860767,,COMPLETE
1142,-0.4373679152121329,2026-05-12 15:04:08.592563,2026-05-12 15:04:13.125009,0 days 00:00:04.532446,0.45,0.7,3,0.05,0.01,0.3,0.12,5,0.5,20,0.65,,,,,,PRUNED
1143,-0.5068413022531968,2026-05-12 15:04:13.166296,2026-05-12 15:04:18.672458,0 days 00:00:05.506162,0.25,0.7,2,0.03,0.02,0.45,0.08,6,0.6,20,0.65,,,,,,PRUNED
1144,-0.4576860451898764,2026-05-12 15:04:18.693342,2026-05-12 15:04:22.827249,0 days 00:00:04.133907,0.35,0.7,3,0.05,0.01,0.45,0.08,4,0.6,10,0.5,,,,,,PRUNED
1145,-0.4100386278766106,2026-05-12 15:04:22.876451,2026-05-12 15:04:27.521891,0 days 00:00:04.645440,0.45,0.7,2,0.05,0.01,0.3,0.08,6,0.5,20,0.5,,,,,,PRUNED
1146,-0.5179924623587872,2026-05-12 15:04:27.545672,2026-05-12 15:04:28.591867,0 days 00:00:01.046195,0.45,0.7,2,0.05,0.02,0.6,0.08,6,0.5,20,0.8,-0.39108387647623727,-0.030830266507629607,0.2538171717650998,0.36025360996860767,,COMPLETE
1147,-0.4851587596374852,2026-05-12 15:04:28.613525,2026-05-12 15:04:32.496470,0 days 00:00:03.882945,0.35,0.8,3,0.05,0.01,0.3,0.08,3,0.6,5,0.8,,,,,,PRUNED
1148,-0.49135096491045493,2026-05-12 15:04:32.520661,2026-05-12 15:04:36.857292,0 days 00:00:04.336631,0.35,0.8,4,0.03,0.01,0.3,0.12,3,0.5,5,0.65,,,,,,PRUNED
1149,-0.5179924623587872,2026-05-12 15:04:36.881528,2026-05-12 15:04:37.337313,0 days 00:00:00.455785,0.45,0.7,2,0.05,0.02,0.6,0.08,6,0.5,20,0.8,-0.39108387647623727,-0.030830266507629607,0.2538171717650998,0.36025360996860767,,COMPLETE
1150,-0.5179924623587872,2026-05-12 15:04:37.359283,2026-05-12 15:04:37.820768,0 days 00:00:00.461485,0.45,0.7,2,0.05,0.02,0.6,0.08,6,0.5,20,0.8,-0.39108387647623727,-0.030830266507629607,0.2538171717650998,0.36025360996860767,,COMPLETE
1151,-0.4484629951342988,2026-05-12 15:04:37.865014,2026-05-12 15:04:43.285202,0 days 00:00:05.420188,0.45,0.8,3,0.03,0.01,0.6,0.08,5,0.5,5,0.5,,,,,,PRUNED
1152,-0.5562148204641938,2026-05-12 15:04:43.306659,2026-05-12 15:04:45.797229,0 days 00:00:02.490570,0.45,0.9,2,0.05,0.01,0.3,0.08,3,0.7,10,0.65,,,,,,PRUNED
1153,-0.4507958114649815,2026-05-12 15:04:45.821216,2026-05-12 15:04:50.530433,0 days 00:00:04.709217,0.45,0.8,2,0.05,0.02,0.6,0.08,6,0.7,20,0.5,,,,,,PRUNED
1154,-0.4296411080598753,2026-05-12 15:04:50.553626,2026-05-12 15:04:50.864284,0 days 00:00:00.310658,0.45,0.7,2,0.05,0.02,0.6,0.16,6,0.5,20,0.8,,,,,,PRUNED
1155,-0.5173270404282863,2026-05-12 15:04:50.888989,2026-05-12 15:04:55.285983,0 days 00:00:04.396994,0.25,0.9,4,0.05,0.02,0.45,0.08,3,0.5,5,0.8,,,,,,PRUNED
1156,-0.4910783941046546,2026-05-12 15:04:55.330923,2026-05-12 15:05:00.471300,0 days 00:00:05.140377,0.25,0.7,4,0.03,0.01,0.3,0.08,5,0.5,10,0.65,,,,,,PRUNED
1157,-0.507616450494066,2026-05-12 15:05:00.495266,2026-05-12 15:05:06.239058,0 days 00:00:05.743792,0.45,0.8,2,0.03,0.01,0.3,0.16,5,0.6,5,0.65,,,,,,PRUNED
1158,-0.43539398241717564,2026-05-12 15:05:06.262266,2026-05-12 15:05:10.998856,0 days 00:00:04.736590,0.45,0.8,2,0.05,0.01,0.6,0.08,6,0.6,20,0.5,,,,,,PRUNED
1159,-9999.0,2026-05-12 15:05:11.022016,2026-05-12 15:05:11.296320,0 days 00:00:00.274304,0.45,0.7,4,0.03,0.01,0.45,0.16,4,0.7,10,0.65,,,,,BEAR_RATIO < NEUTRAL_RATIO < BULL_RATIO 约束违反: 0.45 / 0.7 / 0.7,COMPLETE
1160,-0.4100386278766106,2026-05-12 15:05:11.319976,2026-05-12 15:05:11.647697,0 days 00:00:00.327721,0.45,0.7,2,0.05,0.02,0.3,0.08,6,0.5,20,0.8,,,,,,PRUNED
1161,-0.5365941279889881,2026-05-12 15:05:11.670332,2026-05-12 15:05:16.100909,0 days 00:00:04.430577,0.25,0.9,4,0.05,0.02,0.6,0.08,6,0.6,5,0.8,,,,,,PRUNED
1162,-0.5482733538497307,2026-05-12 15:05:16.126403,2026-05-12 15:05:21.698319,0 days 00:00:05.571916,0.25,0.8,2,0.03,0.01,0.6,0.12,6,0.7,20,0.5,,,,,,PRUNED
1163,-0.4827820612895336,2026-05-12 15:05:21.725511,2026-05-12 15:05:26.668344,0 days 00:00:04.942833,0.45,0.7,3,0.05,0.02,0.45,0.08,4,0.6,5,0.5,,,,,,PRUNED
1164,-0.5730010624940768,2026-05-12 15:05:26.694500,2026-05-12 15:05:30.237731,0 days 00:00:03.543231,0.45,0.7,3,0.05,0.01,0.6,0.08,3,0.5,20,0.8,,,,,,PRUNED
1165,-0.5194234895869079,2026-05-12 15:05:30.264795,2026-05-12 15:05:35.528653,0 days 00:00:05.263858,0.35,0.8,4,0.03,0.02,0.3,0.08,4,0.5,5,0.65,,,,,,PRUNED
1166,-0.4555295252691309,2026-05-12 15:05:35.552301,2026-05-12 15:05:40.493017,0 days 00:00:04.940716,0.45,0.9,2,0.05,0.02,0.6,0.12,5,0.5,20,0.8,,,,,,PRUNED
1167,-0.5179924623587872,2026-05-12 15:05:40.517443,2026-05-12 15:05:41.049368,0 days 00:00:00.531925,0.45,0.7,2,0.05,0.02,0.6,0.08,6,0.5,20,0.8,-0.39108387647623727,-0.030830266507629607,0.2538171717650998,0.36025360996860767,,COMPLETE
1168,-0.4362590341378299,2026-05-12 15:05:41.073346,2026-05-12 15:05:45.568075,0 days 00:00:04.494729,0.45,0.8,2,0.05,0.02,0.45,0.08,5,0.5,20,0.8,,,,,,PRUNED
1169,-0.41425741193738236,2026-05-12 15:05:45.593690,2026-05-12 15:05:45.886952,0 days 00:00:00.293262,0.45,0.7,2,0.05,0.02,0.6,0.08,6,0.5,5,0.8,,,,,,PRUNED
1170,-0.441580790665866,2026-05-12 15:05:45.910073,2026-05-12 15:05:50.141773,0 days 00:00:04.231700,0.45,0.9,2,0.05,0.02,0.6,0.08,5,0.5,5,0.5,,,,,,PRUNED
1171,-0.5506750231635014,2026-05-12 15:05:50.164256,2026-05-12 15:05:54.614351,0 days 00:00:04.450095,0.35,0.9,3,0.03,0.01,0.45,0.16,5,0.7,20,0.65,,,,,,PRUNED
1172,-0.5253453315343104,2026-05-12 15:05:54.637558,2026-05-12 15:06:00.394824,0 days 00:00:05.757266,0.25,0.9,4,0.05,0.02,0.6,0.08,6,0.5,5,0.5,,,,,,PRUNED
1173,-0.4714515532921366,2026-05-12 15:06:00.420306,2026-05-12 15:06:04.972484,0 days 00:00:04.552178,0.45,0.8,4,0.03,0.02,0.45,0.08,3,0.6,5,0.5,,,,,,PRUNED
1174,-0.43268869305871066,2026-05-12 15:06:04.996802,2026-05-12 15:06:10.429541,0 days 00:00:05.432739,0.45,0.7,4,0.03,0.02,0.6,0.08,6,0.5,10,0.8,,,,,,PRUNED
1175,-0.41425741193738236,2026-05-12 15:06:10.455165,2026-05-12 15:06:10.782331,0 days 00:00:00.327166,0.45,0.7,2,0.05,0.01,0.6,0.08,6,0.5,5,0.8,,,,,,PRUNED
1176,-9999.0,2026-05-12 15:06:10.809691,2026-05-12 15:06:11.108394,0 days 00:00:00.298703,0.45,0.7,3,0.05,0.02,0.6,0.08,5,0.7,10,0.65,,,,,BEAR_RATIO < NEUTRAL_RATIO < BULL_RATIO 约束违反: 0.45 / 0.7 / 0.7,COMPLETE
1177,-0.5179924623587872,2026-05-12 15:06:11.132877,2026-05-12 15:06:11.635398,0 days 00:00:00.502521,0.45,0.7,2,0.05,0.02,0.6,0.08,6,0.5,20,0.8,-0.39108387647623727,-0.030830266507629607,0.2538171717650998,0.36025360996860767,,COMPLETE
1178,-0.42056632138184724,2026-05-12 15:06:11.659117,2026-05-12 15:06:12.013960,0 days 00:00:00.354843,0.45,0.8,2,0.05,0.02,0.6,0.08,6,0.5,20,0.8,,,,,,PRUNED
1179,-0.5819046536314266,2026-05-12 15:06:12.052672,2026-05-12 15:06:17.747611,0 days 00:00:05.694939,0.25,0.9,2,0.03,0.01,0.45,0.16,6,0.7,20,0.8,,,,,,PRUNED
1180,-0.43199415192688095,2026-05-12 15:06:17.772058,2026-05-12 15:06:21.612804,0 days 00:00:03.840746,0.45,0.7,3,0.03,0.02,0.45,0.08,6,0.5,10,0.65,,,,,,PRUNED
1181,-0.5962162328205597,2026-05-12 15:06:21.636737,2026-05-12 15:06:25.390322,0 days 00:00:03.753585,0.35,0.8,3,0.03,0.02,0.45,0.16,3,0.7,10,0.5,,,,,,PRUNED
1182,-0.5224366565192871,2026-05-12 15:06:25.414527,2026-05-12 15:06:30.421091,0 days 00:00:05.006564,0.35,0.7,4,0.03,0.01,0.3,0.16,6,0.6,20,0.65,,,,,,PRUNED
1183,-0.41598452756275883,2026-05-12 15:06:30.444217,2026-05-12 15:06:36.056814,0 days 00:00:05.612597,0.45,0.7,2,0.05,0.02,0.3,0.08,5,0.5,5,0.65,,,,,,PRUNED
1184,-9999.0,2026-05-12 15:06:36.081663,2026-05-12 15:06:36.375896,0 days 00:00:00.294233,0.45,0.7,2,0.03,0.02,0.6,0.08,6,0.7,5,0.8,,,,,BEAR_RATIO < NEUTRAL_RATIO < BULL_RATIO 约束违反: 0.45 / 0.7 / 0.7,COMPLETE
1185,-0.6593662020293152,2026-05-12 15:06:36.402944,2026-05-12 15:06:39.821435,0 days 00:00:03.418491,0.25,0.8,3,0.03,0.02,0.6,0.16,3,0.7,20,0.65,,,,,,PRUNED
1186,-0.4092137988646166,2026-05-12 15:06:39.845408,2026-05-12 15:06:40.184325,0 days 00:00:00.338917,0.45,0.7,2,0.05,0.02,0.6,0.08,6,0.5,10,0.8,,,,,,PRUNED
1187,-0.4464930213070305,2026-05-12 15:06:40.208140,2026-05-12 15:06:44.603792,0 days 00:00:04.395652,0.45,0.9,2,0.05,0.02,0.6,0.08,4,0.5,10,0.8,,,,,,PRUNED
1188,-0.5179924623587872,2026-05-12 15:06:44.628291,2026-05-12 15:06:45.129840,0 days 00:00:00.501549,0.45,0.7,2,0.05,0.02,0.6,0.08,6,0.5,20,0.8,-0.39108387647623727,-0.030830266507629607,0.2538171717650998,0.36025360996860767,,COMPLETE
1189,-0.5001269798458898,2026-05-12 15:06:45.156571,2026-05-12 15:06:50.143080,0 days 00:00:04.986509,0.25,0.8,4,0.05,0.02,0.3,0.12,5,0.5,10,0.65,,,,,,PRUNED
1190,-0.5726106523706216,2026-05-12 15:06:50.166601,2026-05-12 15:06:54.016622,0 days 00:00:03.850021,0.25,0.8,2,0.03,0.02,0.3,0.16,6,0.7,20,0.65,,,,,,PRUNED
1191,-0.43223096142417294,2026-05-12 15:06:54.042609,2026-05-12 15:06:54.396138,0 days 00:00:00.353529,0.45,0.9,2,0.05,0.02,0.6,0.08,6,0.5,20,0.8,,,,,,PRUNED
1192,-0.45828045941973783,2026-05-12 15:06:54.418277,2026-05-12 15:06:59.266955,0 days 00:00:04.848678,0.35,0.7,2,0.05,0.02,0.6,0.16,6,0.5,20,0.65,,,,,,PRUNED
1193,-0.43333909441165963,2026-05-12 15:06:59.293251,2026-05-12 15:06:59.608808,0 days 00:00:00.315557,0.35,0.7,2,0.05,0.02,0.6,0.08,6,0.5,20,0.8,,,,,,PRUNED
1194,-0.5881044386452069,2026-05-12 15:06:59.632620,2026-05-12 15:07:03.105822,0 days 00:00:03.473202,0.45,0.9,4,0.05,0.01,0.6,0.08,3,0.5,20,0.8,,,,,,PRUNED
1195,-0.432980707092909,2026-05-12 15:07:03.132765,2026-05-12 15:07:08.622759,0 days 00:00:05.489994,0.45,0.7,2,0.05,0.02,0.6,0.12,5,0.5,20,0.5,,,,,,PRUNED
1196,-9999.0,2026-05-12 15:07:08.649284,2026-05-12 15:07:08.918884,0 days 00:00:00.269600,0.45,0.7,2,0.05,0.02,0.6,0.08,6,0.7,20,0.8,,,,,BEAR_RATIO < NEUTRAL_RATIO < BULL_RATIO 约束违反: 0.45 / 0.7 / 0.7,COMPLETE
1197,-0.4764596700470749,2026-05-12 15:07:08.946399,2026-05-12 15:07:13.885257,0 days 00:00:04.938858,0.45,0.8,3,0.03,0.01,0.3,0.16,5,0.5,10,0.5,,,,,,PRUNED
1198,-0.5601483263941042,2026-05-12 15:07:13.930519,2026-05-12 15:07:18.846647,0 days 00:00:04.916128,0.25,0.8,3,0.05,0.01,0.6,0.16,4,0.6,5,0.65,,,,,,PRUNED
1199,-0.5182438640898854,2026-05-12 15:07:18.869843,2026-05-12 15:07:24.198888,0 days 00:00:05.329045,0.25,0.8,3,0.03,0.01,0.6,0.08,6,0.6,10,0.5,,,,,,PRUNED
1200,-0.4775039028511857,2026-05-12 15:07:24.225527,2026-05-12 15:07:29.230687,0 days 00:00:05.005160,0.45,0.7,2,0.03,0.01,0.6,0.16,6,0.5,20,0.8,,,,,,PRUNED
1201,-0.4635603916373107,2026-05-12 15:07:29.253956,2026-05-12 15:07:33.937497,0 days 00:00:04.683541,0.45,0.7,4,0.03,0.02,0.3,0.08,5,0.6,20,0.65,,,,,,PRUNED
1202,-0.4194511448045569,2026-05-12 15:07:33.963237,2026-05-12 15:07:37.023717,0 days 00:00:03.060480,0.45,0.7,2,0.05,0.01,0.6,0.12,6,0.5,20,0.5,,,,,,PRUNED
1203,-0.43477835000817266,2026-05-12 15:07:37.049356,2026-05-12 15:07:41.982966,0 days 00:00:04.933610,0.45,0.7,4,0.05,0.01,0.6,0.16,6,0.5,20,0.8,,,,,,PRUNED
1204,-0.47956736096663144,2026-05-12 15:07:42.009430,2026-05-12 15:07:46.982398,0 days 00:00:04.972968,0.45,0.8,4,0.03,0.02,0.3,0.12,5,0.6,10,0.65,,,,,,PRUNED
1205,-0.51249787616954,2026-05-12 15:07:47.008422,2026-05-12 15:07:51.884301,0 days 00:00:04.875879,0.25,0.9,2,0.05,0.02,0.6,0.08,6,0.7,20,0.8,,,,,,PRUNED
1206,-0.5664204753866924,2026-05-12 15:07:51.909733,2026-05-12 15:07:55.705166,0 days 00:00:03.795433,0.25,0.8,4,0.05,0.01,0.3,0.08,3,0.7,10,0.5,,,,,,PRUNED
