number,value,datetime_start,datetime_complete,duration,params_BEAR_RATIO,params_BULL_RATIO,params_GRID_MAX_LAYER,params_GRID_STEP_MAX,params_GRID_STEP_MIN,params_GRID_STEP_VOL_FACTOR,params_LAYER_FRACTION,params_MAX_HOLD,params_NEUTRAL_RATIO,params_REBALANCE_FREQ,params_VOL_WEIGHT,user_attrs_avg_test_score,user_attrs_avg_train_score,user_attrs_test_score_std,user_attrs_train_test_gap,user_attrs_validation_error,state
10279,-0.4775039028511857,2026-05-12 22:46:19.746452,2026-05-12 22:46:20.191947,0 days 00:00:00.445495,0.45,0.7,2,0.03,0.02,0.6,0.16,6,0.5,20,0.8,,,,,,PRUNED
10280,-0.5109981970859839,2026-05-12 22:46:20.218757,2026-05-12 22:46:25.243035,0 days 00:00:05.024278,0.45,0.8,3,0.03,0.02,0.45,0.08,4,0.6,5,0.5,,,,,,PRUNED
10281,-0.4100386278766106,2026-05-12 22:46:25.273821,2026-05-12 22:46:25.814638,0 days 00:00:00.540817,0.45,0.7,2,0.05,0.02,0.3,0.08,6,0.5,20,0.8,,,,,,PRUNED
10282,-0.455684542406375,2026-05-12 22:46:25.843456,2026-05-12 22:46:30.812561,0 days 00:00:04.969105,0.35,0.7,4,0.03,0.01,0.3,0.08,5,0.5,10,0.5,,,,,,PRUNED
10283,-0.46037526281318486,2026-05-12 22:46:30.843373,2026-05-12 22:46:36.103500,0 days 00:00:05.260127,0.45,0.7,2,0.03,0.01,0.45,0.12,4,0.5,10,0.5,,,,,,PRUNED
10284,-0.5179924623587872,2026-05-12 22:46:36.130573,2026-05-12 22:46:36.796193,0 days 00:00:00.665620,0.45,0.7,2,0.05,0.02,0.6,0.08,6,0.5,20,0.8,-0.39108387647623727,-0.030830266507629607,0.2538171717650998,0.36025360996860767,,COMPLETE
10285,-0.5342687666616455,2026-05-12 22:46:36.824214,2026-05-12 22:46:41.784416,0 days 00:00:04.960202,0.45,0.9,3,0.03,0.01,0.6,0.12,4,0.6,5,0.5,,,,,,PRUNED
10286,-0.5352086769484602,2026-05-12 22:46:41.815509,2026-05-12 22:46:46.177519,0 days 00:00:04.362010,0.25,0.8,3,0.05,0.02,0.3,0.08,3,0.7,5,0.65,,,,,,PRUNED
10287,-0.5208346142039699,2026-05-12 22:46:46.206463,2026-05-12 22:46:51.454412,0 days 00:00:05.247949,0.45,0.8,4,0.03,0.02,0.45,0.16,6,0.7,10,0.65,,,,,,PRUNED
10288,-0.5179924623587872,2026-05-12 22:46:51.482261,2026-05-12 22:46:52.133446,0 days 00:00:00.651185,0.45,0.7,2,0.05,0.02,0.6,0.08,6,0.5,20,0.8,-0.39108387647623727,-0.030830266507629607,0.2538171717650998,0.36025360996860767,,COMPLETE
10289,-0.43223096142417294,2026-05-12 22:46:52.162566,2026-05-12 22:46:52.612387,0 days 00:00:00.449821,0.45,0.9,2,0.05,0.02,0.6,0.08,6,0.5,20,0.8,,,,,,PRUNED
10290,-0.4524922313933547,2026-05-12 22:46:52.641069,2026-05-12 22:46:53.083710,0 days 00:00:00.442641,0.45,0.9,2,0.05,0.02,0.6,0.16,6,0.5,20,0.8,,,,,,PRUNED
10291,-0.5179924623587872,2026-05-12 22:46:53.110808,2026-05-12 22:46:53.759958,0 days 00:00:00.649150,0.45,0.7,2,0.05,0.02,0.6,0.08,6,0.5,20,0.8,-0.39108387647623727,-0.030830266507629607,0.2538171717650998,0.36025360996860767,,COMPLETE
10292,-9999.0,2026-05-12 22:46:53.810115,2026-05-12 22:46:54.195039,0 days 00:00:00.384924,0.25,0.7,4,0.05,0.02,0.45,0.16,6,0.7,5,0.8,,,,,BEAR_RATIO < NEUTRAL_RATIO < BULL_RATIO 约束违反: 0.25 / 0.7 / 0.7,COMPLETE
10293,-9999.0,2026-05-12 22:46:54.225199,2026-05-12 22:46:54.631650,0 days 00:00:00.406451,0.25,0.7,4,0.05,0.02,0.3,0.12,4,0.7,5,0.8,,,,,BEAR_RATIO < NEUTRAL_RATIO < BULL_RATIO 约束违反: 0.25 / 0.7 / 0.7,COMPLETE
10294,-0.4081111993881487,2026-05-12 22:46:54.659482,2026-05-12 22:46:55.113810,0 days 00:00:00.454328,0.45,0.7,3,0.05,0.02,0.45,0.08,6,0.5,20,0.8,,,,,,PRUNED
10295,-9999.0,2026-05-12 22:46:55.145607,2026-05-12 22:46:55.543104,0 days 00:00:00.397497,0.45,0.7,2,0.05,0.02,0.6,0.08,6,0.7,20,0.8,,,,,BEAR_RATIO < NEUTRAL_RATIO < BULL_RATIO 约束违反: 0.45 / 0.7 / 0.7,COMPLETE
10296,-0.5179924623587872,2026-05-12 22:46:55.574268,2026-05-12 22:46:56.229130,0 days 00:00:00.654862,0.45,0.7,2,0.05,0.01,0.6,0.08,6,0.5,20,0.8,-0.39108387647623727,-0.030830266507629607,0.2538171717650998,0.36025360996860767,,COMPLETE
10297,-0.4962849684696171,2026-05-12 22:46:56.257395,2026-05-12 22:47:01.495068,0 days 00:00:05.237673,0.35,0.8,4,0.03,0.02,0.6,0.08,6,0.7,10,0.8,,,,,,PRUNED
10298,-0.4318124553734489,2026-05-12 22:47:01.524874,2026-05-12 22:47:01.985285,0 days 00:00:00.460411,0.45,0.7,2,0.03,0.02,0.6,0.08,6,0.5,20,0.8,,,,,,PRUNED
10299,-0.5319298907354776,2026-05-12 22:47:02.015514,2026-05-12 22:47:06.958280,0 days 00:00:04.942766,0.35,0.8,2,0.03,0.02,0.3,0.16,6,0.6,20,0.5,,,,,,PRUNED
10300,-0.5451561661619995,2026-05-12 22:47:06.987551,2026-05-12 22:47:12.184645,0 days 00:00:05.197094,0.25,0.9,3,0.05,0.01,0.3,0.16,6,0.7,10,0.5,,,,,,PRUNED
10301,-0.5179924623587872,2026-05-12 22:47:12.213004,2026-05-12 22:47:12.885709,0 days 00:00:00.672705,0.45,0.7,2,0.05,0.02,0.6,0.08,6,0.5,20,0.8,-0.39108387647623727,-0.030830266507629607,0.2538171717650998,0.36025360996860767,,COMPLETE
10302,-0.4194511448045569,2026-05-12 22:47:12.913257,2026-05-12 22:47:13.374737,0 days 00:00:00.461480,0.45,0.7,2,0.05,0.02,0.6,0.12,6,0.5,20,0.8,,,,,,PRUNED
10303,-0.5715107846558711,2026-05-12 22:47:13.403141,2026-05-12 22:47:13.871693,0 days 00:00:00.468552,0.45,0.7,2,0.05,0.02,0.6,0.08,3,0.5,20,0.8,,,,,,PRUNED
10304,-0.5179924623587872,2026-05-12 22:47:13.899197,2026-05-12 22:47:14.612322,0 days 00:00:00.713125,0.45,0.7,2,0.05,0.02,0.6,0.08,6,0.5,20,0.8,-0.39108387647623727,-0.030830266507629607,0.2538171717650998,0.36025360996860767,,COMPLETE
10305,-0.5179924623587872,2026-05-12 22:47:14.643194,2026-05-12 22:47:15.315151,0 days 00:00:00.671957,0.45,0.7,2,0.05,0.02,0.6,0.08,6,0.5,20,0.8,-0.39108387647623727,-0.030830266507629607,0.2538171717650998,0.36025360996860767,,COMPLETE
10306,-0.47441457244516044,2026-05-12 22:47:15.364828,2026-05-12 22:47:15.850377,0 days 00:00:00.485549,0.25,0.7,2,0.05,0.02,0.6,0.08,6,0.5,20,0.5,,,,,,PRUNED
10307,-0.43231167476902027,2026-05-12 22:47:15.898755,2026-05-12 22:47:19.954611,0 days 00:00:04.055856,0.45,0.7,3,0.05,0.01,0.6,0.12,4,0.5,20,0.65,,,,,,PRUNED
10308,-0.5720468795793733,2026-05-12 22:47:19.988446,2026-05-12 22:47:23.799588,0 days 00:00:03.811142,0.35,0.8,3,0.05,0.02,0.6,0.16,3,0.7,10,0.5,,,,,,PRUNED
10309,-0.49040228064540337,2026-05-12 22:47:23.846298,2026-05-12 22:47:29.386476,0 days 00:00:05.540178,0.45,0.8,2,0.03,0.01,0.6,0.12,5,0.6,5,0.65,,,,,,PRUNED
10310,-0.5179924623587872,2026-05-12 22:47:29.415828,2026-05-12 22:47:30.064918,0 days 00:00:00.649090,0.45,0.7,2,0.05,0.02,0.6,0.08,6,0.5,20,0.8,-0.39108387647623727,-0.030830266507629607,0.2538171717650998,0.36025360996860767,,COMPLETE
10311,-0.6249704791380863,2026-05-12 22:47:30.093078,2026-05-12 22:47:33.538129,0 days 00:00:03.445051,0.45,0.9,4,0.05,0.01,0.45,0.08,3,0.7,20,0.5,,,,,,PRUNED
10312,-0.6212777343644965,2026-05-12 22:47:33.568395,2026-05-12 22:47:36.976940,0 days 00:00:03.408545,0.35,0.7,3,0.03,0.02,0.45,0.12,3,0.6,20,0.8,,,,,,PRUNED
10313,-0.4513962032295466,2026-05-12 22:47:37.003245,2026-05-12 22:47:42.826289,0 days 00:00:05.823044,0.35,0.8,3,0.05,0.02,0.6,0.08,5,0.5,10,0.5,,,,,,PRUNED
10314,-0.5414680832898321,2026-05-12 22:47:42.857346,2026-05-12 22:47:47.823944,0 days 00:00:04.966598,0.35,0.9,2,0.03,0.01,0.6,0.16,5,0.7,10,0.5,,,,,,PRUNED
10315,-0.5182406672588966,2026-05-12 22:47:47.853633,2026-05-12 22:47:48.503141,0 days 00:00:00.649508,0.45,0.7,2,0.05,0.02,0.45,0.08,6,0.5,20,0.8,-0.3910743597599139,-0.030648087966744914,0.25433261499796533,0.360426271793169,,COMPLETE
10316,-0.4962750644225714,2026-05-12 22:47:48.535358,2026-05-12 22:47:53.725420,0 days 00:00:05.190062,0.35,0.9,2,0.05,0.01,0.6,0.12,6,0.7,10,0.65,,,,,,PRUNED
10317,-0.6127560521517901,2026-05-12 22:47:53.754124,2026-05-12 22:47:57.238539,0 days 00:00:03.484415,0.25,0.7,4,0.05,0.01,0.3,0.16,3,0.5,20,0.5,,,,,,PRUNED
10318,-0.5001607975044355,2026-05-12 22:47:57.269036,2026-05-12 22:48:02.293610,0 days 00:00:05.024574,0.45,0.9,2,0.03,0.02,0.6,0.16,6,0.5,20,0.5,,,,,,PRUNED
10319,-0.5179924623587872,2026-05-12 22:48:02.323826,2026-05-12 22:48:02.996267,0 days 00:00:00.672441,0.45,0.7,2,0.05,0.02,0.6,0.08,6,0.5,20,0.65,-0.39108387647623727,-0.030830266507629607,0.2538171717650998,0.36025360996860767,,COMPLETE
10320,-9999.0,2026-05-12 22:48:03.025517,2026-05-12 22:48:03.408564,0 days 00:00:00.383047,0.45,0.7,2,0.03,0.02,0.3,0.16,3,0.7,10,0.5,,,,,BEAR_RATIO < NEUTRAL_RATIO < BULL_RATIO 约束违反: 0.45 / 0.7 / 0.7,COMPLETE
10321,-0.5566913664466591,2026-05-12 22:48:03.439003,2026-05-12 22:48:08.648305,0 days 00:00:05.209302,0.25,0.9,3,0.03,0.01,0.6,0.12,6,0.7,10,0.65,,,,,,PRUNED
10322,-9999.0,2026-05-12 22:48:08.678076,2026-05-12 22:48:09.084092,0 days 00:00:00.406016,0.35,0.7,4,0.03,0.02,0.6,0.12,3,0.7,5,0.5,,,,,BEAR_RATIO < NEUTRAL_RATIO < BULL_RATIO 约束违反: 0.35 / 0.7 / 0.7,COMPLETE
10323,-0.4918577129848957,2026-05-12 22:48:09.113536,2026-05-12 22:48:13.541009,0 days 00:00:04.427473,0.45,0.9,2,0.03,0.01,0.45,0.16,4,0.5,10,0.5,,,,,,PRUNED
10324,-9999.0,2026-05-12 22:48:13.570805,2026-05-12 22:48:13.955575,0 days 00:00:00.384770,0.35,0.7,4,0.05,0.02,0.45,0.16,3,0.7,5,0.5,,,,,BEAR_RATIO < NEUTRAL_RATIO < BULL_RATIO 约束违反: 0.35 / 0.7 / 0.7,COMPLETE
10325,-0.5179924623587872,2026-05-12 22:48:13.985851,2026-05-12 22:48:14.673124,0 days 00:00:00.687273,0.45,0.7,2,0.05,0.02,0.6,0.08,6,0.5,20,0.5,-0.39108387647623727,-0.030830266507629607,0.2538171717650998,0.36025360996860767,,COMPLETE
10326,-0.522378662883592,2026-05-12 22:48:14.710386,2026-05-12 22:48:20.265029,0 days 00:00:05.554643,0.35,0.8,4,0.05,0.02,0.3,0.16,5,0.7,5,0.8,,,,,,PRUNED
10327,-0.4920462094385524,2026-05-12 22:48:20.291924,2026-05-12 22:48:24.647808,0 days 00:00:04.355884,0.25,0.9,3,0.05,0.01,0.6,0.12,4,0.5,10,0.5,,,,,,PRUNED
10328,-0.48192636651565335,2026-05-12 22:48:24.676119,2026-05-12 22:48:29.029351,0 days 00:00:04.353232,0.25,0.7,4,0.03,0.01,0.3,0.08,4,0.5,10,0.5,,,,,,PRUNED
10329,-0.49351727071569984,2026-05-12 22:48:29.060382,2026-05-12 22:48:33.375948,0 days 00:00:04.315566,0.25,0.9,4,0.05,0.02,0.45,0.12,4,0.5,10,0.5,,,,,,PRUNED
10330,-0.5393262348988423,2026-05-12 22:48:33.405731,2026-05-12 22:48:37.473810,0 days 00:00:04.068079,0.25,0.9,3,0.03,0.01,0.3,0.16,4,0.7,20,0.65,,,,,,PRUNED
10331,-0.4242910183560481,2026-05-12 22:48:37.506500,2026-05-12 22:48:37.997892,0 days 00:00:00.491392,0.45,0.7,2,0.05,0.02,0.6,0.08,5,0.5,20,0.8,,,,,,PRUNED
10332,-0.5179924623587872,2026-05-12 22:48:38.025896,2026-05-12 22:48:38.690257,0 days 00:00:00.664361,0.45,0.7,2,0.05,0.02,0.6,0.08,6,0.5,20,0.8,-0.39108387647623727,-0.030830266507629607,0.2538171717650998,0.36025360996860767,,COMPLETE
10333,-0.46389229509872487,2026-05-12 22:48:38.721680,2026-05-12 22:48:44.565245,0 days 00:00:05.843565,0.45,0.8,2,0.05,0.02,0.3,0.16,6,0.6,20,0.8,,,,,,PRUNED
10334,-0.47539443520640934,2026-05-12 22:48:44.597339,2026-05-12 22:48:48.685611,0 days 00:00:04.088272,0.25,0.7,3,0.03,0.01,0.3,0.08,4,0.5,20,0.8,,,,,,PRUNED
10335,-0.47203962359986357,2026-05-12 22:48:48.713707,2026-05-12 22:48:52.809963,0 days 00:00:04.096256,0.35,0.9,3,0.03,0.02,0.45,0.08,4,0.5,20,0.65,,,,,,PRUNED
10336,-0.410125315542252,2026-05-12 22:48:52.837923,2026-05-12 22:48:53.308929,0 days 00:00:00.471006,0.45,0.7,4,0.05,0.02,0.6,0.08,6,0.5,20,0.8,,,,,,PRUNED
10337,-0.4784596672739684,2026-05-12 22:48:53.340190,2026-05-12 22:48:57.731638,0 days 00:00:04.391448,0.35,0.8,4,0.05,0.02,0.3,0.16,3,0.5,5,0.65,,,,,,PRUNED
10338,-0.5249847700919131,2026-05-12 22:48:57.759366,2026-05-12 22:49:02.820844,0 days 00:00:05.061478,0.25,0.9,2,0.05,0.02,0.45,0.12,6,0.7,20,0.65,,,,,,PRUNED
10339,-0.5179924623587872,2026-05-12 22:49:02.849301,2026-05-12 22:49:03.527846,0 days 00:00:00.678545,0.45,0.7,2,0.05,0.02,0.6,0.08,6,0.5,20,0.8,-0.39108387647623727,-0.030830266507629607,0.2538171717650998,0.36025360996860767,,COMPLETE
10340,-0.5179924623587872,2026-05-12 22:49:03.558222,2026-05-12 22:49:04.216500,0 days 00:00:00.658278,0.45,0.7,2,0.05,0.02,0.6,0.08,6,0.5,20,0.8,-0.39108387647623727,-0.030830266507629607,0.2538171717650998,0.36025360996860767,,COMPLETE
10341,-0.550886514197347,2026-05-12 22:49:04.246066,2026-05-12 22:49:08.090164,0 days 00:00:03.844098,0.45,0.8,2,0.03,0.02,0.3,0.08,3,0.6,10,0.5,,,,,,PRUNED
10342,-0.5954843067112631,2026-05-12 22:49:08.118406,2026-05-12 22:49:11.897069,0 days 00:00:03.778663,0.45,0.9,3,0.03,0.01,0.6,0.16,3,0.7,10,0.65,,,,,,PRUNED
10343,-0.48878652296901176,2026-05-12 22:49:11.925693,2026-05-12 22:49:17.037171,0 days 00:00:05.111478,0.45,0.8,2,0.05,0.02,0.45,0.16,4,0.5,5,0.8,,,,,,PRUNED
10344,-0.5179924623587872,2026-05-12 22:49:17.068158,2026-05-12 22:49:17.738152,0 days 00:00:00.669994,0.45,0.7,2,0.05,0.02,0.6,0.08,6,0.5,20,0.8,-0.39108387647623727,-0.030830266507629607,0.2538171717650998,0.36025360996860767,,COMPLETE
10345,-0.5266653921906987,2026-05-12 22:49:17.769115,2026-05-12 22:49:22.187712,0 days 00:00:04.418597,0.35,0.9,3,0.03,0.02,0.3,0.16,4,0.7,10,0.65,,,,,,PRUNED
10346,-0.5179924623587872,2026-05-12 22:49:22.218406,2026-05-12 22:49:22.889997,0 days 00:00:00.671591,0.45,0.7,2,0.05,0.02,0.6,0.08,6,0.5,20,0.8,-0.39108387647623727,-0.030830266507629607,0.2538171717650998,0.36025360996860767,,COMPLETE
10347,-0.44727036634333456,2026-05-12 22:49:22.919039,2026-05-12 22:49:27.855121,0 days 00:00:04.936082,0.45,0.7,3,0.03,0.01,0.45,0.08,6,0.6,20,0.5,,,,,,PRUNED
10348,-0.43362061482938863,2026-05-12 22:49:27.882807,2026-05-12 22:49:28.337864,0 days 00:00:00.455057,0.45,0.9,3,0.05,0.02,0.6,0.08,6,0.5,20,0.8,,,,,,PRUNED
10349,-0.4719244616770627,2026-05-12 22:49:28.366285,2026-05-12 22:49:34.146055,0 days 00:00:05.779770,0.35,0.7,3,0.05,0.02,0.45,0.16,6,0.5,5,0.5,,,,,,PRUNED
10350,-0.4092788272711371,2026-05-12 22:49:34.174424,2026-05-12 22:49:34.647137,0 days 00:00:00.472713,0.45,0.7,3,0.05,0.02,0.6,0.08,6,0.5,20,0.8,,,,,,PRUNED
10351,-0.6487599328268514,2026-05-12 22:49:34.673962,2026-05-12 22:49:38.114907,0 days 00:00:03.440945,0.35,0.9,2,0.03,0.02,0.6,0.12,3,0.7,20,0.65,,,,,,PRUNED
10352,-9999.0,2026-05-12 22:49:38.142845,2026-05-12 22:49:38.548304,0 days 00:00:00.405459,0.45,0.7,3,0.05,0.01,0.6,0.08,6,0.7,20,0.8,,,,,BEAR_RATIO < NEUTRAL_RATIO < BULL_RATIO 约束违反: 0.45 / 0.7 / 0.7,COMPLETE
10353,-0.5055959048762277,2026-05-12 22:49:38.579129,2026-05-12 22:49:44.344277,0 days 00:00:05.765148,0.25,0.7,2,0.05,0.01,0.6,0.08,6,0.6,5,0.8,,,,,,PRUNED
10354,-0.438802543676426,2026-05-12 22:49:44.372101,2026-05-12 22:49:51.129863,0 days 00:00:06.757762,0.45,0.7,4,0.03,0.02,0.6,0.08,6,0.5,5,0.8,,,,,,PRUNED
10355,-0.5002417539729007,2026-05-12 22:49:51.178535,2026-05-12 22:49:56.421575,0 days 00:00:05.243040,0.25,0.9,2,0.05,0.02,0.6,0.08,6,0.5,10,0.65,,,,,,PRUNED
10356,-0.48358281967856126,2026-05-12 22:49:56.450734,2026-05-12 22:50:01.144030,0 days 00:00:04.693296,0.35,0.7,4,0.03,0.02,0.45,0.08,5,0.6,20,0.8,,,,,,PRUNED
10357,-0.434431102228394,2026-05-12 22:50:01.173595,2026-05-12 22:50:06.902428,0 days 00:00:05.728833,0.45,0.7,3,0.05,0.02,0.6,0.08,6,0.6,5,0.8,,,,,,PRUNED
10358,-0.4935759619408858,2026-05-12 22:50:06.930635,2026-05-12 22:50:11.875825,0 days 00:00:04.945190,0.35,0.9,2,0.03,0.02,0.3,0.08,5,0.6,10,0.5,,,,,,PRUNED
10359,-0.5068844409402048,2026-05-12 22:50:11.903562,2026-05-12 22:50:16.259173,0 days 00:00:04.355611,0.45,0.9,2,0.03,0.01,0.3,0.16,4,0.6,10,0.65,,,,,,PRUNED
10360,-0.47573111977428495,2026-05-12 22:50:16.287708,2026-05-12 22:50:20.455149,0 days 00:00:04.167441,0.45,0.9,3,0.03,0.02,0.45,0.12,4,0.5,20,0.65,,,,,,PRUNED
10361,-0.5179924623587872,2026-05-12 22:50:20.482297,2026-05-12 22:50:21.146096,0 days 00:00:00.663799,0.45,0.7,2,0.05,0.02,0.6,0.08,6,0.5,20,0.8,-0.39108387647623727,-0.030830266507629607,0.2538171717650998,0.36025360996860767,,COMPLETE
10362,-0.5179924623587872,2026-05-12 22:50:21.177345,2026-05-12 22:50:21.866120,0 days 00:00:00.688775,0.45,0.7,2,0.05,0.02,0.6,0.08,6,0.5,20,0.8,-0.39108387647623727,-0.030830266507629607,0.2538171717650998,0.36025360996860767,,COMPLETE
10363,-0.43706227649834595,2026-05-12 22:50:21.897774,2026-05-12 22:50:25.941438,0 days 00:00:04.043664,0.45,0.7,4,0.05,0.01,0.45,0.08,4,0.6,20,0.65,,,,,,PRUNED
10364,-9999.0,2026-05-12 22:50:25.974360,2026-05-12 22:50:26.362031,0 days 00:00:00.387671,0.25,0.7,2,0.03,0.02,0.6,0.08,6,0.7,5,0.8,,,,,BEAR_RATIO < NEUTRAL_RATIO < BULL_RATIO 约束违反: 0.25 / 0.7 / 0.7,COMPLETE
10365,-0.49815344201841627,2026-05-12 22:50:26.404868,2026-05-12 22:50:31.297955,0 days 00:00:04.893087,0.35,0.7,4,0.03,0.02,0.45,0.12,6,0.6,20,0.8,,,,,,PRUNED
10366,-0.5179924623587872,2026-05-12 22:50:31.330606,2026-05-12 22:50:31.979840,0 days 00:00:00.649234,0.45,0.7,2,0.05,0.02,0.6,0.08,6,0.5,20,0.8,-0.39108387647623727,-0.030830266507629607,0.2538171717650998,0.36025360996860767,,COMPLETE
10367,-0.5589649734924282,2026-05-12 22:50:32.031650,2026-05-12 22:50:35.772880,0 days 00:00:03.741230,0.35,0.8,2,0.03,0.01,0.3,0.08,3,0.6,10,0.65,,,,,,PRUNED
10368,-0.5179924623587872,2026-05-12 22:50:35.801575,2026-05-12 22:50:36.464298,0 days 00:00:00.662723,0.45,0.7,2,0.05,0.02,0.6,0.08,6,0.5,20,0.8,-0.39108387647623727,-0.030830266507629607,0.2538171717650998,0.36025360996860767,,COMPLETE
10369,-0.544431991321719,2026-05-12 22:50:36.495006,2026-05-12 22:50:41.156584,0 days 00:00:04.661578,0.25,0.8,4,0.03,0.01,0.45,0.12,5,0.6,20,0.65,,,,,,PRUNED
10370,-0.43450855750432177,2026-05-12 22:50:41.184119,2026-05-12 22:50:47.026945,0 days 00:00:05.842826,0.45,0.9,4,0.05,0.02,0.6,0.08,6,0.5,20,0.65,,,,,,PRUNED
10371,-0.44290294113065753,2026-05-12 22:50:47.055547,2026-05-12 22:50:52.032298,0 days 00:00:04.976751,0.45,0.8,2,0.05,0.01,0.3,0.16,5,0.5,10,0.8,,,,,,PRUNED
10372,-0.5179924623587872,2026-05-12 22:50:52.060402,2026-05-12 22:50:52.708471,0 days 00:00:00.648069,0.45,0.7,2,0.05,0.02,0.6,0.08,6,0.5,20,0.8,-0.39108387647623727,-0.030830266507629607,0.2538171717650998,0.36025360996860767,,COMPLETE
10373,-0.47789242760884154,2026-05-12 22:50:52.735440,2026-05-12 22:50:57.131739,0 days 00:00:04.396299,0.25,0.8,4,0.05,0.01,0.6,0.08,4,0.5,10,0.65,,,,,,PRUNED
10374,-0.5179924623587872,2026-05-12 22:50:57.165408,2026-05-12 22:50:57.832226,0 days 00:00:00.666818,0.45,0.7,2,0.05,0.02,0.6,0.08,6,0.5,20,0.8,-0.39108387647623727,-0.030830266507629607,0.2538171717650998,0.36025360996860767,,COMPLETE
10375,-0.4243264077279599,2026-05-12 22:50:57.862848,2026-05-12 22:51:02.833263,0 days 00:00:04.970415,0.45,0.8,2,0.05,0.02,0.6,0.08,5,0.5,10,0.5,,,,,,PRUNED
10376,-0.617794991640196,2026-05-12 22:51:02.863527,2026-05-12 22:51:06.458846,0 days 00:00:03.595319,0.35,0.8,3,0.03,0.01,0.45,0.08,3,0.6,20,0.65,,,,,,PRUNED
10377,-0.5270443380921698,2026-05-12 22:51:06.786935,2026-05-12 22:51:12.437426,0 days 00:00:05.650491,0.25,0.9,3,0.05,0.01,0.6,0.12,6,0.7,10,0.5,,,,,,PRUNED
10378,-0.5079062164549417,2026-05-12 22:51:12.468654,2026-05-12 22:51:17.369032,0 days 00:00:04.900378,0.25,0.8,3,0.05,0.01,0.3,0.16,5,0.5,10,0.5,,,,,,PRUNED
10379,-0.5179924623587872,2026-05-12 22:51:17.398729,2026-05-12 22:51:18.068563,0 days 00:00:00.669834,0.45,0.7,2,0.05,0.01,0.6,0.08,6,0.5,20,0.8,-0.39108387647623727,-0.030830266507629607,0.2538171717650998,0.36025360996860767,,COMPLETE
10380,-0.48971425682846664,2026-05-12 22:51:18.097901,2026-05-12 22:51:22.435480,0 days 00:00:04.337579,0.25,0.8,3,0.03,0.02,0.3,0.08,4,0.5,10,0.8,,,,,,PRUNED
10381,-0.42357363260304626,2026-05-12 22:51:22.466002,2026-05-12 22:51:22.911065,0 days 00:00:00.445063,0.45,0.7,2,0.05,0.02,0.6,0.08,6,0.6,20,0.8,,,,,,PRUNED
10382,-0.5179924623587872,2026-05-12 22:51:22.939921,2026-05-12 22:51:23.702950,0 days 00:00:00.763029,0.45,0.7,2,0.05,0.02,0.6,0.08,6,0.5,20,0.8,-0.39108387647623727,-0.030830266507629607,0.2538171717650998,0.36025360996860767,,COMPLETE
10383,-0.4213231947291116,2026-05-12 22:51:23.731982,2026-05-12 22:51:24.199059,0 days 00:00:00.467077,0.45,0.7,2,0.05,0.02,0.6,0.08,4,0.5,20,0.8,,,,,,PRUNED
10384,-0.45586082960299146,2026-05-12 22:51:24.230110,2026-05-12 22:51:28.642023,0 days 00:00:04.411913,0.45,0.8,3,0.03,0.01,0.3,0.08,4,0.5,10,0.5,,,,,,PRUNED
10385,-0.5376151458161109,2026-05-12 22:51:28.670953,2026-05-12 22:51:33.663853,0 days 00:00:04.992900,0.45,0.8,3,0.03,0.02,0.3,0.12,4,0.7,5,0.5,,,,,,PRUNED
10386,-0.47441457244516044,2026-05-12 22:51:33.694773,2026-05-12 22:51:34.135917,0 days 00:00:00.441144,0.25,0.7,2,0.05,0.02,0.6,0.08,6,0.5,20,0.8,,,,,,PRUNED
10387,-0.43923189093640774,2026-05-12 22:51:34.163490,2026-05-12 22:51:39.083388,0 days 00:00:04.919898,0.45,0.7,4,0.05,0.01,0.45,0.12,6,0.6,20,0.8,,,,,,PRUNED
10388,-0.5263081505076153,2026-05-12 22:51:39.113983,2026-05-12 22:51:43.854416,0 days 00:00:04.740433,0.25,0.8,3,0.05,0.01,0.6,0.16,5,0.6,20,0.8,,,,,,PRUNED
10389,-0.630757823208532,2026-05-12 22:51:43.883845,2026-05-12 22:51:48.259665,0 days 00:00:04.375820,0.35,0.9,4,0.05,0.02,0.45,0.08,3,0.7,20,0.8,,,,,,PRUNED
10390,-9999.0,2026-05-12 22:51:48.286815,2026-05-12 22:51:48.683385,0 days 00:00:00.396570,0.25,0.7,3,0.05,0.02,0.6,0.12,3,0.7,5,0.65,,,,,BEAR_RATIO < NEUTRAL_RATIO < BULL_RATIO 约束违反: 0.25 / 0.7 / 0.7,COMPLETE
10391,-9999.0,2026-05-12 22:51:48.711916,2026-05-12 22:51:49.102096,0 days 00:00:00.390180,0.45,0.7,3,0.05,0.01,0.3,0.16,5,0.7,20,0.5,,,,,BEAR_RATIO < NEUTRAL_RATIO < BULL_RATIO 约束违反: 0.45 / 0.7 / 0.7,COMPLETE
10392,-0.5738443596561548,2026-05-12 22:51:49.132326,2026-05-12 22:51:53.488358,0 days 00:00:04.356032,0.25,0.9,4,0.03,0.02,0.45,0.12,3,0.7,5,0.8,,,,,,PRUNED
10393,-9999.0,2026-05-12 22:51:53.518634,2026-05-12 22:51:53.947183,0 days 00:00:00.428549,0.25,0.7,2,0.05,0.02,0.3,0.12,4,0.7,10,0.5,,,,,BEAR_RATIO < NEUTRAL_RATIO < BULL_RATIO 约束违反: 0.25 / 0.7 / 0.7,COMPLETE
10394,-0.5179924623587872,2026-05-12 22:51:53.978560,2026-05-12 22:51:54.646321,0 days 00:00:00.667761,0.45,0.7,2,0.05,0.02,0.6,0.08,6,0.5,20,0.8,-0.39108387647623727,-0.030830266507629607,0.2538171717650998,0.36025360996860767,,COMPLETE
10395,-0.5715107846558711,2026-05-12 22:51:54.674683,2026-05-12 22:51:55.127135,0 days 00:00:00.452452,0.45,0.7,2,0.05,0.02,0.6,0.08,3,0.5,20,0.65,,,,,,PRUNED
10396,-0.4997835619295715,2026-05-12 22:51:55.156331,2026-05-12 22:52:00.699433,0 days 00:00:05.543102,0.35,0.8,3,0.03,0.02,0.6,0.08,5,0.6,5,0.8,,,,,,PRUNED
10397,-9999.0,2026-05-12 22:52:00.727779,2026-05-12 22:52:01.155170,0 days 00:00:00.427391,0.35,0.7,3,0.05,0.02,0.45,0.12,6,0.7,10,0.65,,,,,BEAR_RATIO < NEUTRAL_RATIO < BULL_RATIO 约束违反: 0.35 / 0.7 / 0.7,COMPLETE
