number,value,datetime_start,datetime_complete,duration,params_BEAR_RATIO,params_BULL_RATIO,params_GRID_MAX_LAYER,params_GRID_STEP_MAX,params_GRID_STEP_MIN,params_GRID_STEP_VOL_FACTOR,params_LAYER_FRACTION,params_MAX_HOLD,params_NEUTRAL_RATIO,params_REBALANCE_FREQ,params_VOL_WEIGHT,user_attrs_avg_test_score,user_attrs_avg_train_score,user_attrs_test_score_std,user_attrs_train_test_gap,user_attrs_validation_error,state
3084,-0.4242910183560481,2026-05-12 16:46:23.200303,2026-05-12 16:46:23.542470,0 days 00:00:00.342167,0.45,0.7,2,0.05,0.02,0.6,0.08,5,0.5,20,0.8,,,,,,PRUNED
3085,-0.5092102685809117,2026-05-12 16:46:23.571155,2026-05-12 16:46:29.180397,0 days 00:00:05.609242,0.45,0.9,2,0.03,0.02,0.6,0.12,6,0.7,10,0.65,,,,,,PRUNED
3086,-9999.0,2026-05-12 16:46:29.203505,2026-05-12 16:46:29.497376,0 days 00:00:00.293871,0.45,0.7,2,0.05,0.02,0.45,0.08,4,0.7,20,0.8,,,,,BEAR_RATIO < NEUTRAL_RATIO < BULL_RATIO 约束违反: 0.45 / 0.7 / 0.7,COMPLETE
3087,-0.539940909530902,2026-05-12 16:46:29.524773,2026-05-12 16:46:34.149281,0 days 00:00:04.624508,0.45,0.8,4,0.05,0.01,0.6,0.08,3,0.6,10,0.65,,,,,,PRUNED
3088,-0.5179924623587872,2026-05-12 16:46:34.173613,2026-05-12 16:46:34.677659,0 days 00:00:00.504046,0.45,0.7,2,0.05,0.02,0.6,0.08,6,0.5,20,0.8,-0.39108387647623727,-0.030830266507629607,0.2538171717650998,0.36025360996860767,,COMPLETE
3089,-0.5642368819307634,2026-05-12 16:46:34.700591,2026-05-12 16:46:39.716339,0 days 00:00:05.015748,0.25,0.9,2,0.03,0.02,0.3,0.16,5,0.7,10,0.65,,,,,,PRUNED
3090,-0.5179924623587872,2026-05-12 16:46:39.743507,2026-05-12 16:46:40.283142,0 days 00:00:00.539635,0.45,0.7,2,0.05,0.02,0.6,0.08,6,0.5,20,0.5,-0.39108387647623727,-0.030830266507629607,0.2538171717650998,0.36025360996860767,,COMPLETE
3091,-0.44410755769610466,2026-05-12 16:46:40.310084,2026-05-12 16:46:45.569066,0 days 00:00:05.258982,0.45,0.8,2,0.05,0.02,0.6,0.16,6,0.5,10,0.8,,,,,,PRUNED
3092,-0.4082686481911698,2026-05-12 16:46:45.595144,2026-05-12 16:46:45.962015,0 days 00:00:00.366871,0.45,0.7,2,0.05,0.02,0.45,0.08,6,0.5,10,0.8,,,,,,PRUNED
3093,-0.4840460601420383,2026-05-12 16:46:45.989915,2026-05-12 16:46:50.641590,0 days 00:00:04.651675,0.25,0.7,3,0.05,0.02,0.6,0.08,5,0.5,20,0.65,,,,,,PRUNED
3094,-0.5926684379718347,2026-05-12 16:46:50.668256,2026-05-12 16:46:54.160546,0 days 00:00:03.492290,0.45,0.7,2,0.03,0.02,0.6,0.12,3,0.5,20,0.8,,,,,,PRUNED
3095,-0.47438771270575597,2026-05-12 16:46:54.184869,2026-05-12 16:46:58.581366,0 days 00:00:04.396497,0.35,0.9,2,0.05,0.01,0.45,0.08,3,0.5,5,0.5,,,,,,PRUNED
3096,-0.512679545201348,2026-05-12 16:46:58.607042,2026-05-12 16:47:03.142249,0 days 00:00:04.535207,0.25,0.8,2,0.05,0.02,0.6,0.12,5,0.6,20,0.65,,,,,,PRUNED
3097,-0.5179924623587872,2026-05-12 16:47:03.185177,2026-05-12 16:47:03.729170,0 days 00:00:00.543993,0.45,0.7,2,0.05,0.02,0.6,0.08,6,0.5,20,0.8,-0.39108387647623727,-0.030830266507629607,0.2538171717650998,0.36025360996860767,,COMPLETE
3098,-0.410125315542252,2026-05-12 16:47:03.751939,2026-05-12 16:47:04.068418,0 days 00:00:00.316479,0.45,0.7,4,0.05,0.02,0.6,0.08,6,0.5,20,0.8,,,,,,PRUNED
3099,-0.5179924623587872,2026-05-12 16:47:04.091814,2026-05-12 16:47:04.605796,0 days 00:00:00.513982,0.45,0.7,2,0.05,0.02,0.6,0.08,6,0.5,20,0.8,-0.39108387647623727,-0.030830266507629607,0.2538171717650998,0.36025360996860767,,COMPLETE
3100,-0.5967348816754817,2026-05-12 16:47:04.629221,2026-05-12 16:47:07.601779,0 days 00:00:02.972558,0.25,0.9,2,0.03,0.01,0.6,0.16,5,0.7,5,0.5,,,,,,PRUNED
3101,-0.47061598122889053,2026-05-12 16:47:07.621944,2026-05-12 16:47:12.838650,0 days 00:00:05.216706,0.45,0.8,4,0.03,0.02,0.6,0.08,6,0.6,5,0.8,,,,,,PRUNED
3102,-9999.0,2026-05-12 16:47:12.863909,2026-05-12 16:47:13.113992,0 days 00:00:00.250083,0.45,0.7,4,0.03,0.02,0.6,0.08,4,0.7,20,0.5,,,,,BEAR_RATIO < NEUTRAL_RATIO < BULL_RATIO 约束违反: 0.45 / 0.7 / 0.7,COMPLETE
3103,-0.5179924623587872,2026-05-12 16:47:13.136213,2026-05-12 16:47:13.588295,0 days 00:00:00.452082,0.45,0.7,2,0.05,0.01,0.6,0.08,6,0.5,20,0.8,-0.39108387647623727,-0.030830266507629607,0.2538171717650998,0.36025360996860767,,COMPLETE
3104,-0.5179924623587872,2026-05-12 16:47:13.609195,2026-05-12 16:47:14.086001,0 days 00:00:00.476806,0.45,0.7,2,0.05,0.02,0.6,0.08,6,0.5,20,0.8,-0.39108387647623727,-0.030830266507629607,0.2538171717650998,0.36025360996860767,,COMPLETE
3105,-0.5179924623587872,2026-05-12 16:47:14.109086,2026-05-12 16:47:14.580740,0 days 00:00:00.471654,0.45,0.7,2,0.05,0.02,0.6,0.08,6,0.5,20,0.65,-0.39108387647623727,-0.030830266507629607,0.2538171717650998,0.36025360996860767,,COMPLETE
3106,-9999.0,2026-05-12 16:47:14.606232,2026-05-12 16:47:14.868371,0 days 00:00:00.262139,0.25,0.7,2,0.05,0.02,0.6,0.08,6,0.7,10,0.5,,,,,BEAR_RATIO < NEUTRAL_RATIO < BULL_RATIO 约束违反: 0.25 / 0.7 / 0.7,COMPLETE
3107,-0.475550335019004,2026-05-12 16:47:14.902812,2026-05-12 16:47:19.452381,0 days 00:00:04.549569,0.45,0.7,2,0.03,0.02,0.6,0.12,4,0.6,10,0.8,,,,,,PRUNED
3108,-0.4312646084422624,2026-05-12 16:47:19.488488,2026-05-12 16:47:24.184268,0 days 00:00:04.695780,0.45,0.7,4,0.05,0.02,0.6,0.08,4,0.5,10,0.8,,,,,,PRUNED
3109,-0.5316160141960818,2026-05-12 16:47:24.209656,2026-05-12 16:47:29.336617,0 days 00:00:05.126961,0.25,0.9,4,0.03,0.01,0.6,0.08,6,0.6,20,0.8,,,,,,PRUNED
3110,-0.5346105037661818,2026-05-12 16:47:29.382911,2026-05-12 16:47:35.146826,0 days 00:00:05.763915,0.35,0.9,2,0.03,0.02,0.45,0.12,5,0.7,20,0.5,,,,,,PRUNED
3111,-0.5179924623587872,2026-05-12 16:47:35.170282,2026-05-12 16:47:35.703315,0 days 00:00:00.533033,0.45,0.7,2,0.05,0.02,0.6,0.08,6,0.5,20,0.8,-0.39108387647623727,-0.030830266507629607,0.2538171717650998,0.36025360996860767,,COMPLETE
3112,-0.5179924623587872,2026-05-12 16:47:35.731206,2026-05-12 16:47:36.228273,0 days 00:00:00.497067,0.45,0.7,2,0.05,0.02,0.6,0.08,6,0.5,20,0.8,-0.39108387647623727,-0.030830266507629607,0.2538171717650998,0.36025360996860767,,COMPLETE
3113,-0.46170651901758103,2026-05-12 16:47:36.251798,2026-05-12 16:47:40.848211,0 days 00:00:04.596413,0.45,0.9,2,0.05,0.01,0.6,0.08,6,0.7,10,0.5,,,,,,PRUNED
3114,-9999.0,2026-05-12 16:47:40.872216,2026-05-12 16:47:41.126761,0 days 00:00:00.254545,0.45,0.7,3,0.05,0.01,0.45,0.16,3,0.7,20,0.65,,,,,BEAR_RATIO < NEUTRAL_RATIO < BULL_RATIO 约束违反: 0.45 / 0.7 / 0.7,COMPLETE
3115,-0.4167185686265585,2026-05-12 16:47:41.150271,2026-05-12 16:47:41.465600,0 days 00:00:00.315329,0.45,0.7,2,0.05,0.02,0.3,0.08,6,0.5,5,0.8,,,,,,PRUNED
3116,-0.6536329339931741,2026-05-12 16:47:41.488174,2026-05-12 16:47:45.073507,0 days 00:00:03.585333,0.25,0.9,2,0.03,0.02,0.45,0.16,3,0.6,20,0.65,,,,,,PRUNED
3117,-0.4092788272711371,2026-05-12 16:47:45.103838,2026-05-12 16:47:45.496623,0 days 00:00:00.392785,0.45,0.7,3,0.05,0.02,0.6,0.08,6,0.5,20,0.8,,,,,,PRUNED
3118,-0.6069929837343321,2026-05-12 16:47:45.522448,2026-05-12 16:47:49.437753,0 days 00:00:03.915305,0.25,0.9,4,0.03,0.01,0.6,0.16,3,0.6,10,0.8,,,,,,PRUNED
3119,-0.5179924623587872,2026-05-12 16:47:49.462501,2026-05-12 16:47:50.027049,0 days 00:00:00.564548,0.45,0.7,2,0.05,0.02,0.6,0.08,6,0.5,20,0.8,-0.39108387647623727,-0.030830266507629607,0.2538171717650998,0.36025360996860767,,COMPLETE
3120,-0.47492011132733525,2026-05-12 16:47:50.055099,2026-05-12 16:47:54.953101,0 days 00:00:04.898002,0.45,0.8,2,0.03,0.02,0.3,0.08,5,0.6,20,0.65,,,,,,PRUNED
3121,-0.5043110008319802,2026-05-12 16:47:54.978528,2026-05-12 16:47:59.533715,0 days 00:00:04.555187,0.45,0.9,4,0.03,0.01,0.6,0.16,5,0.5,20,0.8,,,,,,PRUNED
3122,-0.486561930857566,2026-05-12 16:47:59.571968,2026-05-12 16:48:03.715076,0 days 00:00:04.143108,0.35,0.7,3,0.03,0.01,0.3,0.12,4,0.6,10,0.65,,,,,,PRUNED
3123,-0.5656833009832053,2026-05-12 16:48:03.741258,2026-05-12 16:48:08.185440,0 days 00:00:04.444182,0.25,0.7,2,0.03,0.01,0.3,0.16,6,0.5,5,0.5,,,,,,PRUNED
3124,-0.45722575333815374,2026-05-12 16:48:08.211820,2026-05-12 16:48:12.816439,0 days 00:00:04.604619,0.45,0.8,2,0.03,0.02,0.6,0.08,5,0.5,20,0.5,,,,,,PRUNED
3125,-0.4613314669139785,2026-05-12 16:48:12.841576,2026-05-12 16:48:17.404845,0 days 00:00:04.563269,0.35,0.7,2,0.05,0.02,0.45,0.08,5,0.6,20,0.8,,,,,,PRUNED
3126,-0.5179924623587872,2026-05-12 16:48:17.430689,2026-05-12 16:48:17.995957,0 days 00:00:00.565268,0.45,0.7,2,0.05,0.02,0.6,0.08,6,0.5,20,0.8,-0.39108387647623727,-0.030830266507629607,0.2538171717650998,0.36025360996860767,,COMPLETE
3127,-0.5662219591997116,2026-05-12 16:48:18.024826,2026-05-12 16:48:21.871200,0 days 00:00:03.846374,0.45,0.7,3,0.03,0.02,0.6,0.16,3,0.6,10,0.65,,,,,,PRUNED
3128,-0.4775039028511857,2026-05-12 16:48:21.896220,2026-05-12 16:48:22.314046,0 days 00:00:00.417826,0.45,0.7,2,0.03,0.02,0.6,0.16,6,0.5,20,0.8,,,,,,PRUNED
3129,-0.5168292932312366,2026-05-12 16:48:22.342757,2026-05-12 16:48:29.237199,0 days 00:00:06.894442,0.35,0.9,4,0.03,0.01,0.45,0.08,6,0.6,5,0.8,,,,,,PRUNED
3130,-0.5864268693495549,2026-05-12 16:48:29.264496,2026-05-12 16:48:32.947717,0 days 00:00:03.683221,0.25,0.8,4,0.03,0.02,0.45,0.12,3,0.6,10,0.8,,,,,,PRUNED
3131,-0.4464754396709185,2026-05-12 16:48:32.972581,2026-05-12 16:48:37.872332,0 days 00:00:04.899751,0.45,0.9,2,0.05,0.02,0.6,0.08,6,0.6,20,0.65,,,,,,PRUNED
3132,-0.421366069161807,2026-05-12 16:48:37.896297,2026-05-12 16:48:38.255689,0 days 00:00:00.359392,0.45,0.7,3,0.05,0.02,0.6,0.12,6,0.5,20,0.8,,,,,,PRUNED
3133,-0.4211524445063394,2026-05-12 16:48:38.283626,2026-05-12 16:48:41.282673,0 days 00:00:02.999047,0.45,0.7,2,0.05,0.01,0.45,0.08,4,0.5,20,0.5,,,,,,PRUNED
3134,-0.5348371836020878,2026-05-12 16:48:41.312587,2026-05-12 16:48:45.414594,0 days 00:00:04.102007,0.25,0.8,4,0.03,0.02,0.6,0.16,4,0.7,20,0.65,,,,,,PRUNED
3135,-0.5179924623587872,2026-05-12 16:48:45.440549,2026-05-12 16:48:45.949058,0 days 00:00:00.508509,0.45,0.7,2,0.05,0.02,0.6,0.08,6,0.5,20,0.8,-0.39108387647623727,-0.030830266507629607,0.2538171717650998,0.36025360996860767,,COMPLETE
3136,-0.5179924623587872,2026-05-12 16:48:45.971654,2026-05-12 16:48:46.533614,0 days 00:00:00.561960,0.45,0.7,2,0.05,0.02,0.6,0.08,6,0.5,20,0.8,-0.39108387647623727,-0.030830266507629607,0.2538171717650998,0.36025360996860767,,COMPLETE
3137,-0.5179924623587872,2026-05-12 16:48:46.557500,2026-05-12 16:48:47.073353,0 days 00:00:00.515853,0.45,0.7,2,0.05,0.02,0.6,0.08,6,0.5,20,0.8,-0.39108387647623727,-0.030830266507629607,0.2538171717650998,0.36025360996860767,,COMPLETE
3138,-0.48434171414489374,2026-05-12 16:48:47.098550,2026-05-12 16:48:51.132261,0 days 00:00:04.033711,0.45,0.9,4,0.03,0.02,0.6,0.08,4,0.7,20,0.65,,,,,,PRUNED
3139,-0.41145313209857104,2026-05-12 16:48:51.155947,2026-05-12 16:48:56.514174,0 days 00:00:05.358227,0.45,0.7,2,0.05,0.01,0.3,0.08,6,0.5,10,0.8,,,,,,PRUNED
3140,-0.5615852702164591,2026-05-12 16:48:56.541119,2026-05-12 16:49:01.231482,0 days 00:00:04.690363,0.25,0.9,4,0.05,0.01,0.6,0.16,3,0.7,5,0.5,,,,,,PRUNED
3141,-0.4213231947291116,2026-05-12 16:49:01.257010,2026-05-12 16:49:01.606823,0 days 00:00:00.349813,0.45,0.7,2,0.05,0.02,0.6,0.08,4,0.5,20,0.8,,,,,,PRUNED
3142,-0.5346819159609437,2026-05-12 16:49:01.632002,2026-05-12 16:49:07.303151,0 days 00:00:05.671149,0.45,0.9,3,0.03,0.01,0.45,0.16,5,0.7,5,0.65,,,,,,PRUNED
3143,-0.43303418604199423,2026-05-12 16:49:07.328757,2026-05-12 16:49:07.694345,0 days 00:00:00.365588,0.45,0.7,2,0.03,0.02,0.6,0.08,6,0.5,10,0.8,,,,,,PRUNED
3144,-0.42357363260304626,2026-05-12 16:49:07.720566,2026-05-12 16:49:08.058286,0 days 00:00:00.337720,0.45,0.7,2,0.05,0.02,0.6,0.08,6,0.6,20,0.8,,,,,,PRUNED
3145,-0.518199995298246,2026-05-12 16:49:08.096055,2026-05-12 16:49:12.167095,0 days 00:00:04.071040,0.45,0.9,2,0.03,0.01,0.6,0.16,4,0.7,20,0.5,,,,,,PRUNED
3146,-0.45468438806969436,2026-05-12 16:49:12.190837,2026-05-12 16:49:17.095080,0 days 00:00:04.904243,0.45,0.7,3,0.03,0.02,0.3,0.12,6,0.5,20,0.8,,,,,,PRUNED
3147,-9999.0,2026-05-12 16:49:17.121909,2026-05-12 16:49:17.420951,0 days 00:00:00.299042,0.25,0.7,2,0.05,0.02,0.45,0.16,5,0.7,10,0.8,,,,,BEAR_RATIO < NEUTRAL_RATIO < BULL_RATIO 约束违反: 0.25 / 0.7 / 0.7,COMPLETE
3148,-9999.0,2026-05-12 16:49:17.444470,2026-05-12 16:49:17.729486,0 days 00:00:00.285016,0.25,0.7,4,0.05,0.01,0.45,0.08,5,0.7,5,0.65,,,,,BEAR_RATIO < NEUTRAL_RATIO < BULL_RATIO 约束违反: 0.25 / 0.7 / 0.7,COMPLETE
3149,-0.4552476356405952,2026-05-12 16:49:17.754030,2026-05-12 16:49:22.032578,0 days 00:00:04.278548,0.45,0.8,2,0.03,0.02,0.6,0.08,4,0.5,10,0.5,,,,,,PRUNED
3150,-0.5207812548220938,2026-05-12 16:49:22.060089,2026-05-12 16:49:26.997627,0 days 00:00:04.937538,0.25,0.7,4,0.03,0.01,0.6,0.08,6,0.5,5,0.8,,,,,,PRUNED
3151,-0.5179924623587872,2026-05-12 16:49:27.026820,2026-05-12 16:49:27.559215,0 days 00:00:00.532395,0.45,0.7,2,0.05,0.02,0.6,0.08,6,0.5,20,0.8,-0.39108387647623727,-0.030830266507629607,0.2538171717650998,0.36025360996860767,,COMPLETE
3152,-0.5179924623587872,2026-05-12 16:49:27.598030,2026-05-12 16:49:28.097390,0 days 00:00:00.499360,0.45,0.7,2,0.05,0.02,0.6,0.08,6,0.5,20,0.8,-0.39108387647623727,-0.030830266507629607,0.2538171717650998,0.36025360996860767,,COMPLETE
3153,-0.4237402173189843,2026-05-12 16:49:28.122647,2026-05-12 16:49:28.477404,0 days 00:00:00.354757,0.45,0.7,3,0.05,0.02,0.6,0.08,4,0.5,20,0.8,,,,,,PRUNED
3154,-0.5600006544962499,2026-05-12 16:49:28.503435,2026-05-12 16:49:32.222537,0 days 00:00:03.719102,0.45,0.7,4,0.03,0.01,0.45,0.12,3,0.6,10,0.65,,,,,,PRUNED
3155,-0.4711984385757454,2026-05-12 16:49:32.249768,2026-05-12 16:49:36.707452,0 days 00:00:04.457684,0.45,0.7,3,0.03,0.02,0.6,0.16,4,0.5,10,0.65,,,,,,PRUNED
3156,-0.5179924623587872,2026-05-12 16:49:36.735402,2026-05-12 16:49:37.270225,0 days 00:00:00.534823,0.45,0.7,2,0.05,0.02,0.6,0.08,6,0.5,20,0.8,-0.39108387647623727,-0.030830266507629607,0.2538171717650998,0.36025360996860767,,COMPLETE
3157,-0.43333909441165963,2026-05-12 16:49:37.295478,2026-05-12 16:49:37.620485,0 days 00:00:00.325007,0.35,0.7,2,0.05,0.01,0.6,0.08,6,0.5,20,0.8,,,,,,PRUNED
3158,-0.5179924623587872,2026-05-12 16:49:37.665761,2026-05-12 16:49:38.189632,0 days 00:00:00.523871,0.45,0.7,2,0.05,0.02,0.6,0.08,6,0.5,20,0.8,-0.39108387647623727,-0.030830266507629607,0.2538171717650998,0.36025360996860767,,COMPLETE
3159,-0.47441457244516044,2026-05-12 16:49:38.216192,2026-05-12 16:49:38.573075,0 days 00:00:00.356883,0.25,0.7,2,0.05,0.02,0.6,0.08,6,0.5,20,0.8,,,,,,PRUNED
3160,-0.49933218116375394,2026-05-12 16:49:38.600028,2026-05-12 16:49:43.605391,0 days 00:00:05.005363,0.25,0.7,2,0.05,0.01,0.6,0.16,6,0.5,20,0.8,,,,,,PRUNED
3161,-0.42314434753360175,2026-05-12 16:49:43.632486,2026-05-12 16:49:43.942452,0 days 00:00:00.309966,0.45,0.7,2,0.05,0.02,0.45,0.08,6,0.6,20,0.8,,,,,,PRUNED
3162,-0.520530635258418,2026-05-12 16:49:43.963847,2026-05-12 16:49:48.281786,0 days 00:00:04.317939,0.25,0.7,4,0.03,0.02,0.45,0.12,3,0.5,5,0.5,,,,,,PRUNED
3163,-0.5069763812688871,2026-05-12 16:49:48.307191,2026-05-12 16:49:53.105089,0 days 00:00:04.797898,0.45,0.9,3,0.03,0.01,0.3,0.12,3,0.7,5,0.8,,,,,,PRUNED
3164,-0.5179924623587872,2026-05-12 16:49:53.131471,2026-05-12 16:49:53.680323,0 days 00:00:00.548852,0.45,0.7,2,0.05,0.02,0.6,0.08,6,0.5,20,0.8,-0.39108387647623727,-0.030830266507629607,0.2538171717650998,0.36025360996860767,,COMPLETE
3165,-0.4293044368137132,2026-05-12 16:49:53.708664,2026-05-12 16:49:57.790691,0 days 00:00:04.082027,0.45,0.7,2,0.05,0.01,0.6,0.12,4,0.5,20,0.8,,,,,,PRUNED
3166,-9999.0,2026-05-12 16:49:57.820515,2026-05-12 16:49:58.140398,0 days 00:00:00.319883,0.35,0.7,2,0.05,0.02,0.45,0.12,5,0.7,5,0.8,,,,,BEAR_RATIO < NEUTRAL_RATIO < BULL_RATIO 约束违反: 0.35 / 0.7 / 0.7,COMPLETE
3167,-0.5220255558677699,2026-05-12 16:49:58.163643,2026-05-12 16:50:02.354781,0 days 00:00:04.191138,0.45,0.9,3,0.05,0.01,0.45,0.08,4,0.7,5,0.5,,,,,,PRUNED
3168,-0.5179924623587872,2026-05-12 16:50:02.382226,2026-05-12 16:50:02.950791,0 days 00:00:00.568565,0.45,0.7,2,0.05,0.01,0.6,0.08,6,0.5,20,0.8,-0.39108387647623727,-0.030830266507629607,0.2538171717650998,0.36025360996860767,,COMPLETE
3169,-0.48910733207317186,2026-05-12 16:50:02.976549,2026-05-12 16:50:07.954068,0 days 00:00:04.977519,0.25,0.8,4,0.05,0.01,0.45,0.08,5,0.5,10,0.65,,,,,,PRUNED
3170,-0.4092137988646166,2026-05-12 16:50:07.982224,2026-05-12 16:50:08.386210,0 days 00:00:00.403986,0.45,0.7,2,0.05,0.02,0.6,0.08,6,0.5,10,0.8,,,,,,PRUNED
3171,-9999.0,2026-05-12 16:50:08.414286,2026-05-12 16:50:08.716602,0 days 00:00:00.302316,0.45,0.7,4,0.03,0.01,0.6,0.12,6,0.7,20,0.5,,,,,BEAR_RATIO < NEUTRAL_RATIO < BULL_RATIO 约束违反: 0.45 / 0.7 / 0.7,COMPLETE
3172,-0.44804382861052683,2026-05-12 16:50:08.746508,2026-05-12 16:50:14.255063,0 days 00:00:05.508555,0.45,0.9,2,0.05,0.02,0.6,0.08,6,0.6,10,0.8,,,,,,PRUNED
3173,-0.5052601298524041,2026-05-12 16:50:14.280392,2026-05-12 16:50:18.831992,0 days 00:00:04.551600,0.25,0.8,2,0.03,0.01,0.6,0.12,4,0.5,10,0.65,,,,,,PRUNED
3174,-0.4603551091399473,2026-05-12 16:50:18.856985,2026-05-12 16:50:23.311719,0 days 00:00:04.454734,0.45,0.9,4,0.03,0.02,0.6,0.08,3,0.5,5,0.8,,,,,,PRUNED
3175,-0.5179924623587872,2026-05-12 16:50:23.336559,2026-05-12 16:50:23.877128,0 days 00:00:00.540569,0.45,0.7,2,0.05,0.02,0.6,0.08,6,0.5,20,0.8,-0.39108387647623727,-0.030830266507629607,0.2538171717650998,0.36025360996860767,,COMPLETE
3176,-0.5179924623587872,2026-05-12 16:50:23.902634,2026-05-12 16:50:24.415305,0 days 00:00:00.512671,0.45,0.7,2,0.05,0.02,0.6,0.08,6,0.5,20,0.8,-0.39108387647623727,-0.030830266507629607,0.2538171717650998,0.36025360996860767,,COMPLETE
3177,-0.41425741193738236,2026-05-12 16:50:24.441157,2026-05-12 16:50:24.781614,0 days 00:00:00.340457,0.45,0.7,2,0.05,0.02,0.6,0.08,6,0.5,5,0.8,,,,,,PRUNED
3178,-0.5179924623587872,2026-05-12 16:50:24.809693,2026-05-12 16:50:25.314646,0 days 00:00:00.504953,0.45,0.7,2,0.05,0.02,0.6,0.08,6,0.5,20,0.8,-0.39108387647623727,-0.030830266507629607,0.2538171717650998,0.36025360996860767,,COMPLETE
3179,-9999.0,2026-05-12 16:50:25.354881,2026-05-12 16:50:25.671680,0 days 00:00:00.316799,0.45,0.7,2,0.05,0.02,0.45,0.08,6,0.7,5,0.8,,,,,BEAR_RATIO < NEUTRAL_RATIO < BULL_RATIO 约束违反: 0.45 / 0.7 / 0.7,COMPLETE
3180,-0.4351694194242078,2026-05-12 16:50:25.697521,2026-05-12 16:50:30.492321,0 days 00:00:04.794800,0.35,0.7,3,0.05,0.02,0.6,0.08,6,0.5,20,0.5,,,,,,PRUNED
3181,-0.48283174672542617,2026-05-12 16:50:30.515471,2026-05-12 16:50:36.460147,0 days 00:00:05.944676,0.45,0.9,2,0.05,0.01,0.45,0.16,6,0.7,10,0.65,,,,,,PRUNED
3182,-0.5179924623587872,2026-05-12 16:50:36.484267,2026-05-12 16:50:37.012502,0 days 00:00:00.528235,0.45,0.7,2,0.05,0.02,0.6,0.08,6,0.5,20,0.8,-0.39108387647623727,-0.030830266507629607,0.2538171717650998,0.36025360996860767,,COMPLETE
3183,-0.42056632138184724,2026-05-12 16:50:37.035931,2026-05-12 16:50:37.354283,0 days 00:00:00.318352,0.45,0.8,2,0.05,0.02,0.6,0.08,6,0.5,20,0.8,,,,,,PRUNED
3184,-0.4786603480076955,2026-05-12 16:50:37.380056,2026-05-12 16:50:41.353565,0 days 00:00:03.973509,0.45,0.8,3,0.03,0.01,0.6,0.12,3,0.6,5,0.5,,,,,,PRUNED
3185,-0.5179924623587872,2026-05-12 16:50:41.376190,2026-05-12 16:50:41.861975,0 days 00:00:00.485785,0.45,0.7,2,0.05,0.02,0.6,0.08,6,0.5,20,0.8,-0.39108387647623727,-0.030830266507629607,0.2538171717650998,0.36025360996860767,,COMPLETE
3186,-0.46063055514562695,2026-05-12 16:50:41.886476,2026-05-12 16:50:47.676595,0 days 00:00:05.790119,0.45,0.7,2,0.03,0.01,0.45,0.12,6,0.5,5,0.8,,,,,,PRUNED
3187,-0.4336284314886978,2026-05-12 16:50:47.701710,2026-05-12 16:50:53.547813,0 days 00:00:05.846103,0.45,0.7,4,0.05,0.02,0.3,0.12,6,0.5,5,0.5,,,,,,PRUNED
3188,-0.474405283331367,2026-05-12 16:50:53.571236,2026-05-12 16:50:57.489719,0 days 00:00:03.918483,0.35,0.9,2,0.05,0.02,0.3,0.12,4,0.6,20,0.8,,,,,,PRUNED
3189,-9999.0,2026-05-12 16:50:57.513360,2026-05-12 16:50:57.821822,0 days 00:00:00.308462,0.25,0.7,3,0.05,0.02,0.45,0.16,3,0.7,10,0.65,,,,,BEAR_RATIO < NEUTRAL_RATIO < BULL_RATIO 约束违反: 0.25 / 0.7 / 0.7,COMPLETE
3190,-0.4387147179881395,2026-05-12 16:50:57.845444,2026-05-12 16:51:03.536495,0 days 00:00:05.691051,0.45,0.7,2,0.03,0.02,0.6,0.08,6,0.5,5,0.65,,,,,,PRUNED
3191,-0.4296411080598753,2026-05-12 16:51:03.583844,2026-05-12 16:51:03.937669,0 days 00:00:00.353825,0.45,0.7,2,0.05,0.02,0.6,0.16,6,0.5,20,0.8,,,,,,PRUNED
3192,-0.45586082960299146,2026-05-12 16:51:03.962100,2026-05-12 16:51:06.986567,0 days 00:00:03.024467,0.45,0.8,3,0.03,0.02,0.45,0.08,4,0.5,10,0.8,,,,,,PRUNED
3193,-0.5528297185249351,2026-05-12 16:51:07.018650,2026-05-12 16:51:10.627401,0 days 00:00:03.608751,0.25,0.8,2,0.05,0.02,0.6,0.12,3,0.5,10,0.8,,,,,,PRUNED
3194,-0.528369794329468,2026-05-12 16:51:10.653135,2026-05-12 16:51:14.278849,0 days 00:00:03.625714,0.45,0.9,2,0.05,0.02,0.6,0.08,3,0.5,10,0.8,,,,,,PRUNED
3195,-9999.0,2026-05-12 16:51:14.302644,2026-05-12 16:51:14.598772,0 days 00:00:00.296128,0.45,0.7,4,0.03,0.02,0.45,0.12,4,0.7,10,0.8,,,,,BEAR_RATIO < NEUTRAL_RATIO < BULL_RATIO 约束违反: 0.45 / 0.7 / 0.7,COMPLETE
3196,-0.43223096142417294,2026-05-12 16:51:14.625070,2026-05-12 16:51:14.960126,0 days 00:00:00.335056,0.45,0.9,2,0.05,0.02,0.6,0.08,6,0.5,20,0.8,,,,,,PRUNED
3197,-0.43333909441165963,2026-05-12 16:51:14.988088,2026-05-12 16:51:15.329924,0 days 00:00:00.341836,0.35,0.7,2,0.05,0.02,0.6,0.08,6,0.5,20,0.8,,,,,,PRUNED
3198,-0.5204946198634377,2026-05-12 16:51:15.355492,2026-05-12 16:51:20.268633,0 days 00:00:04.913141,0.25,0.8,4,0.05,0.02,0.6,0.12,6,0.7,20,0.8,,,,,,PRUNED
3199,-0.4703942822645426,2026-05-12 16:51:20.295569,2026-05-12 16:51:25.336345,0 days 00:00:05.040776,0.35,0.9,2,0.05,0.02,0.3,0.12,5,0.5,10,0.8,,,,,,PRUNED
3200,-0.5179924623587872,2026-05-12 16:51:25.355568,2026-05-12 16:51:25.807873,0 days 00:00:00.452305,0.45,0.7,2,0.05,0.02,0.6,0.08,6,0.5,20,0.8,-0.39108387647623727,-0.030830266507629607,0.2538171717650998,0.36025360996860767,,COMPLETE
3201,-0.42345340883098564,2026-05-12 16:51:25.830985,2026-05-12 16:51:31.002125,0 days 00:00:05.171140,0.45,0.7,3,0.05,0.02,0.45,0.08,4,0.5,20,0.8,,,,,,PRUNED
3202,-0.5468409884111688,2026-05-12 16:51:31.027544,2026-05-12 16:51:35.878991,0 days 00:00:04.851447,0.45,0.9,2,0.03,0.01,0.6,0.16,6,0.7,5,0.8,,,,,,PRUNED
3203,-0.450280016182787,2026-05-12 16:51:35.903752,2026-05-12 16:51:40.848336,0 days 00:00:04.944584,0.35,0.7,2,0.05,0.02,0.6,0.08,6,0.6,20,0.65,,,,,,PRUNED
