number,value,datetime_start,datetime_complete,duration,params_BEAR_RATIO,params_BULL_RATIO,params_GRID_MAX_LAYER,params_GRID_STEP_MAX,params_GRID_STEP_MIN,params_GRID_STEP_VOL_FACTOR,params_LAYER_FRACTION,params_MAX_HOLD,params_NEUTRAL_RATIO,params_REBALANCE_FREQ,params_VOL_WEIGHT,user_attrs_avg_test_score,user_attrs_avg_train_score,user_attrs_test_score_std,user_attrs_train_test_gap,user_attrs_validation_error,state
1207,-0.4295072137177389,2026-05-12 15:07:55.728944,2026-05-12 15:08:02.128236,0 days 00:00:06.399292,0.45,0.8,2,0.05,0.02,0.6,0.08,5,0.5,5,0.8,,,,,,PRUNED
1208,-0.5357685766221686,2026-05-12 15:08:02.156595,2026-05-12 15:08:06.815320,0 days 00:00:04.658725,0.25,0.8,3,0.05,0.02,0.45,0.12,6,0.6,5,0.5,,,,,,PRUNED
1209,-0.40932570196215795,2026-05-12 15:08:06.839573,2026-05-12 15:08:07.167227,0 days 00:00:00.327654,0.45,0.7,4,0.05,0.02,0.45,0.08,6,0.5,20,0.8,,,,,,PRUNED
1210,-0.4318124553734489,2026-05-12 15:08:07.192586,2026-05-12 15:08:07.528377,0 days 00:00:00.335791,0.45,0.7,2,0.03,0.02,0.6,0.08,6,0.5,20,0.8,,,,,,PRUNED
1211,-0.5050106251552482,2026-05-12 15:08:07.551965,2026-05-12 15:08:13.084569,0 days 00:00:05.532604,0.25,0.7,3,0.05,0.01,0.45,0.12,5,0.5,5,0.8,,,,,,PRUNED
1212,-0.4378742937405975,2026-05-12 15:08:13.108549,2026-05-12 15:08:17.968620,0 days 00:00:04.860071,0.35,0.7,2,0.05,0.02,0.3,0.08,6,0.5,20,0.65,,,,,,PRUNED
1213,-0.5179924623587872,2026-05-12 15:08:17.992251,2026-05-12 15:08:18.481725,0 days 00:00:00.489474,0.45,0.7,2,0.05,0.01,0.6,0.08,6,0.5,20,0.8,-0.39108387647623727,-0.030830266507629607,0.2538171717650998,0.36025360996860767,,COMPLETE
1214,-0.6261470079645964,2026-05-12 15:08:18.525004,2026-05-12 15:08:21.926668,0 days 00:00:03.401664,0.45,0.9,2,0.05,0.02,0.45,0.12,3,0.7,20,0.5,,,,,,PRUNED
1215,-0.5496612565200809,2026-05-12 15:08:21.951136,2026-05-12 15:08:25.704560,0 days 00:00:03.753424,0.45,0.7,2,0.03,0.02,0.6,0.16,3,0.5,10,0.8,,,,,,PRUNED
1216,-0.446193649179386,2026-05-12 15:08:25.731458,2026-05-12 15:08:31.616942,0 days 00:00:05.885484,0.35,0.7,2,0.05,0.02,0.6,0.08,6,0.5,5,0.5,,,,,,PRUNED
1217,-0.5041464264843352,2026-05-12 15:08:31.644440,2026-05-12 15:08:35.725871,0 days 00:00:04.081431,0.35,0.9,3,0.03,0.02,0.6,0.16,4,0.5,20,0.65,,,,,,PRUNED
1218,-0.41350553293511805,2026-05-12 15:08:35.750562,2026-05-12 15:08:36.063561,0 days 00:00:00.312999,0.45,0.7,2,0.05,0.02,0.45,0.08,6,0.5,5,0.8,,,,,,PRUNED
1219,-0.46415129192443694,2026-05-12 15:08:36.089087,2026-05-12 15:08:41.290578,0 days 00:00:05.201491,0.35,0.8,4,0.05,0.02,0.45,0.08,6,0.6,10,0.8,,,,,,PRUNED
1220,-0.5179924623587872,2026-05-12 15:08:41.314726,2026-05-12 15:08:41.753624,0 days 00:00:00.438898,0.45,0.7,2,0.05,0.02,0.6,0.08,6,0.5,20,0.8,-0.39108387647623727,-0.030830266507629607,0.2538171717650998,0.36025360996860767,,COMPLETE
1221,-0.5387497565175438,2026-05-12 15:08:41.774432,2026-05-12 15:08:46.344861,0 days 00:00:04.570429,0.25,0.9,2,0.03,0.01,0.3,0.08,5,0.7,20,0.5,,,,,,PRUNED
1222,-0.5788540260717924,2026-05-12 15:08:46.368240,2026-05-12 15:08:50.316685,0 days 00:00:03.948445,0.25,0.9,3,0.05,0.02,0.45,0.12,3,0.7,10,0.5,,,,,,PRUNED
1223,-0.4583668333920856,2026-05-12 15:08:50.341303,2026-05-12 15:08:55.207039,0 days 00:00:04.865736,0.25,0.7,2,0.05,0.02,0.3,0.08,4,0.5,20,0.8,,,,,,PRUNED
1224,-9999.0,2026-05-12 15:08:55.230943,2026-05-12 15:08:55.506656,0 days 00:00:00.275713,0.45,0.7,2,0.05,0.01,0.6,0.08,6,0.7,20,0.8,,,,,BEAR_RATIO < NEUTRAL_RATIO < BULL_RATIO 约束违反: 0.45 / 0.7 / 0.7,COMPLETE
1225,-0.49615654401014103,2026-05-12 15:08:55.532277,2026-05-12 15:08:59.896989,0 days 00:00:04.364712,0.35,0.7,3,0.03,0.01,0.45,0.12,3,0.6,5,0.65,,,,,,PRUNED
1226,-0.4665322414827464,2026-05-12 15:08:59.920123,2026-05-12 15:09:04.278618,0 days 00:00:04.358495,0.35,0.7,4,0.05,0.01,0.6,0.16,3,0.5,5,0.5,,,,,,PRUNED
1227,-0.42357363260304626,2026-05-12 15:09:04.304629,2026-05-12 15:09:09.250130,0 days 00:00:04.945501,0.45,0.7,2,0.05,0.01,0.6,0.08,6,0.6,20,0.65,,,,,,PRUNED
1228,-0.5532702973820156,2026-05-12 15:09:09.273340,2026-05-12 15:09:12.608196,0 days 00:00:03.334856,0.25,0.9,4,0.05,0.02,0.6,0.12,6,0.6,5,0.5,,,,,,PRUNED
1229,-0.4344322800472617,2026-05-12 15:09:12.630657,2026-05-12 15:09:18.325968,0 days 00:00:05.695311,0.45,0.7,3,0.03,0.01,0.45,0.08,5,0.5,5,0.8,,,,,,PRUNED
1230,-0.4194511448045569,2026-05-12 15:09:18.350785,2026-05-12 15:09:18.679630,0 days 00:00:00.328845,0.45,0.7,2,0.05,0.02,0.6,0.12,6,0.5,20,0.8,,,,,,PRUNED
1231,-0.49295263162543806,2026-05-12 15:09:18.705319,2026-05-12 15:09:23.269426,0 days 00:00:04.564107,0.45,0.9,2,0.05,0.02,0.6,0.08,4,0.5,5,0.8,,,,,,PRUNED
1232,-0.4115748956289856,2026-05-12 15:09:23.290622,2026-05-12 15:09:27.999519,0 days 00:00:04.708897,0.45,0.7,4,0.05,0.01,0.6,0.08,6,0.5,10,0.8,,,,,,PRUNED
1233,-0.4453752849364197,2026-05-12 15:09:28.211181,2026-05-12 15:09:32.141607,0 days 00:00:03.930426,0.45,0.7,3,0.05,0.02,0.45,0.12,4,0.6,20,0.5,,,,,,PRUNED
1234,-0.5513734524652921,2026-05-12 15:09:32.164507,2026-05-12 15:09:37.343437,0 days 00:00:05.178930,0.25,0.9,2,0.05,0.02,0.3,0.16,5,0.6,5,0.5,,,,,,PRUNED
1235,-0.5356115239117496,2026-05-12 15:09:37.367632,2026-05-12 15:09:42.286154,0 days 00:00:04.918522,0.25,0.9,4,0.05,0.01,0.3,0.12,6,0.7,20,0.5,,,,,,PRUNED
1236,-0.5068413022531968,2026-05-12 15:09:42.309721,2026-05-12 15:09:47.337109,0 days 00:00:05.027388,0.25,0.7,2,0.03,0.02,0.6,0.08,6,0.6,20,0.8,,,,,,PRUNED
1237,-0.4453372005663059,2026-05-12 15:09:47.363001,2026-05-12 15:09:53.195479,0 days 00:00:05.832478,0.45,0.7,2,0.03,0.01,0.6,0.08,5,0.5,20,0.8,,,,,,PRUNED
1238,-0.5179924623587872,2026-05-12 15:09:53.223352,2026-05-12 15:09:53.723488,0 days 00:00:00.500136,0.45,0.7,2,0.05,0.02,0.6,0.08,6,0.5,20,0.8,-0.39108387647623727,-0.030830266507629607,0.2538171717650998,0.36025360996860767,,COMPLETE
1239,-0.46065407569845024,2026-05-12 15:09:53.747746,2026-05-12 15:09:58.606006,0 days 00:00:04.858260,0.45,0.8,2,0.05,0.02,0.6,0.12,5,0.6,20,0.8,,,,,,PRUNED
1240,-0.5179924623587872,2026-05-12 15:09:58.631531,2026-05-12 15:09:59.163852,0 days 00:00:00.532321,0.45,0.7,2,0.05,0.02,0.6,0.08,6,0.5,20,0.8,-0.39108387647623727,-0.030830266507629607,0.2538171717650998,0.36025360996860767,,COMPLETE
1241,-0.6067591611728669,2026-05-12 15:09:59.186292,2026-05-12 15:10:02.750503,0 days 00:00:03.564211,0.35,0.9,2,0.03,0.01,0.3,0.08,3,0.5,20,0.65,,,,,,PRUNED
1242,-0.5074371931818434,2026-05-12 15:10:02.775700,2026-05-12 15:10:08.856126,0 days 00:00:06.080426,0.25,0.7,2,0.05,0.02,0.6,0.12,6,0.5,5,0.8,,,,,,PRUNED
1243,-0.5246574755471279,2026-05-12 15:10:08.881464,2026-05-12 15:10:13.688988,0 days 00:00:04.807524,0.25,0.7,4,0.03,0.02,0.45,0.12,6,0.5,20,0.8,,,,,,PRUNED
1244,-0.4242910183560481,2026-05-12 15:10:13.712544,2026-05-12 15:10:14.060930,0 days 00:00:00.348386,0.45,0.7,2,0.05,0.02,0.6,0.08,5,0.5,20,0.8,,,,,,PRUNED
1245,-0.4240955692015966,2026-05-12 15:10:14.101112,2026-05-12 15:10:18.388780,0 days 00:00:04.287668,0.45,0.7,2,0.05,0.02,0.6,0.12,5,0.5,5,0.8,,,,,,PRUNED
1246,-0.5179924623587872,2026-05-12 15:10:18.414049,2026-05-12 15:10:18.886697,0 days 00:00:00.472648,0.45,0.7,2,0.05,0.02,0.6,0.08,6,0.5,20,0.5,-0.39108387647623727,-0.030830266507629607,0.2538171717650998,0.36025360996860767,,COMPLETE
1247,-0.5182406672588966,2026-05-12 15:10:18.909504,2026-05-12 15:10:19.387151,0 days 00:00:00.477647,0.45,0.7,2,0.05,0.02,0.45,0.08,6,0.5,20,0.8,-0.3910743597599139,-0.030648087966744914,0.25433261499796533,0.360426271793169,,COMPLETE
1248,-0.5456086223551949,2026-05-12 15:10:19.408996,2026-05-12 15:10:25.072470,0 days 00:00:05.663474,0.25,0.9,3,0.05,0.02,0.3,0.08,6,0.7,5,0.8,,,,,,PRUNED
1249,-0.43333909441165963,2026-05-12 15:10:25.100329,2026-05-12 15:10:25.469251,0 days 00:00:00.368922,0.35,0.7,2,0.05,0.01,0.6,0.08,6,0.5,20,0.8,,,,,,PRUNED
1250,-0.5179924623587872,2026-05-12 15:10:25.494479,2026-05-12 15:10:26.063278,0 days 00:00:00.568799,0.45,0.7,2,0.05,0.02,0.6,0.08,6,0.5,20,0.8,-0.39108387647623727,-0.030830266507629607,0.2538171717650998,0.36025360996860767,,COMPLETE
1251,-0.49788367912796994,2026-05-12 15:10:26.087488,2026-05-12 15:10:30.651044,0 days 00:00:04.563556,0.25,0.9,2,0.03,0.01,0.6,0.08,4,0.5,10,0.8,,,,,,PRUNED
1252,-0.5715107846558711,2026-05-12 15:10:30.675023,2026-05-12 15:10:30.980717,0 days 00:00:00.305694,0.45,0.7,2,0.05,0.02,0.6,0.08,3,0.5,20,0.8,,,,,,PRUNED
1253,-0.5125452149260417,2026-05-12 15:10:31.022544,2026-05-12 15:10:35.850920,0 days 00:00:04.828376,0.35,0.7,4,0.05,0.01,0.3,0.12,4,0.6,5,0.8,,,,,,PRUNED
1254,-0.46340659801425116,2026-05-12 15:10:35.872346,2026-05-12 15:10:40.390486,0 days 00:00:04.518140,0.45,0.9,3,0.05,0.01,0.45,0.08,5,0.6,20,0.8,,,,,,PRUNED
1255,-0.4544919476022754,2026-05-12 15:10:40.410552,2026-05-12 15:10:45.513706,0 days 00:00:05.103154,0.45,0.7,2,0.03,0.02,0.6,0.12,6,0.5,20,0.5,,,,,,PRUNED
1256,-0.47441457244516044,2026-05-12 15:10:45.541661,2026-05-12 15:10:49.861100,0 days 00:00:04.319439,0.25,0.7,2,0.05,0.01,0.6,0.08,6,0.5,20,0.5,,,,,,PRUNED
1257,-0.43223096142417294,2026-05-12 15:10:49.884149,2026-05-12 15:10:55.150986,0 days 00:00:05.266837,0.45,0.9,2,0.05,0.01,0.6,0.08,6,0.5,20,0.5,,,,,,PRUNED
1258,-0.5179924623587872,2026-05-12 15:10:55.174312,2026-05-12 15:10:55.672120,0 days 00:00:00.497808,0.45,0.7,2,0.05,0.02,0.6,0.08,6,0.5,20,0.65,-0.39108387647623727,-0.030830266507629607,0.2538171717650998,0.36025360996860767,,COMPLETE
1259,-0.5179924623587872,2026-05-12 15:10:55.694709,2026-05-12 15:10:56.221844,0 days 00:00:00.527135,0.45,0.7,2,0.05,0.02,0.6,0.08,6,0.5,20,0.8,-0.39108387647623727,-0.030830266507629607,0.2538171717650998,0.36025360996860767,,COMPLETE
1260,-0.42109428919485303,2026-05-12 15:10:56.249170,2026-05-12 15:11:01.537815,0 days 00:00:05.288645,0.45,0.7,3,0.05,0.01,0.45,0.12,6,0.5,10,0.65,,,,,,PRUNED
1261,-0.47314162288156875,2026-05-12 15:11:01.562051,2026-05-12 15:11:05.630407,0 days 00:00:04.068356,0.45,0.7,2,0.03,0.02,0.3,0.12,4,0.6,20,0.65,,,,,,PRUNED
1262,-0.49363133798204156,2026-05-12 15:11:05.654979,2026-05-12 15:11:10.152976,0 days 00:00:04.497997,0.25,0.8,2,0.05,0.01,0.6,0.12,4,0.7,10,0.65,,,,,,PRUNED
1263,-0.519841023625049,2026-05-12 15:11:10.177375,2026-05-12 15:11:15.991046,0 days 00:00:05.813671,0.35,0.8,3,0.05,0.01,0.6,0.16,6,0.7,5,0.5,,,,,,PRUNED
1264,-0.5179924623587872,2026-05-12 15:11:16.017308,2026-05-12 15:11:16.499142,0 days 00:00:00.481834,0.45,0.7,2,0.05,0.02,0.6,0.08,6,0.5,20,0.8,-0.39108387647623727,-0.030830266507629607,0.2538171717650998,0.36025360996860767,,COMPLETE
1265,-0.53342409888669,2026-05-12 15:11:16.524640,2026-05-12 15:11:20.798374,0 days 00:00:04.273734,0.25,0.7,3,0.03,0.01,0.45,0.12,3,0.6,5,0.5,,,,,,PRUNED
1266,-9999.0,2026-05-12 15:11:20.822957,2026-05-12 15:11:21.085129,0 days 00:00:00.262172,0.25,0.7,4,0.05,0.02,0.45,0.16,6,0.7,10,0.5,,,,,BEAR_RATIO < NEUTRAL_RATIO < BULL_RATIO 约束违反: 0.25 / 0.7 / 0.7,COMPLETE
1267,-0.4756390601454813,2026-05-12 15:11:21.107440,2026-05-12 15:11:24.016007,0 days 00:00:02.908567,0.35,0.7,2,0.05,0.01,0.6,0.12,3,0.6,5,0.8,,,,,,PRUNED
1268,-0.4772748962292603,2026-05-12 15:11:24.054772,2026-05-12 15:11:28.815339,0 days 00:00:04.760567,0.45,0.7,3,0.05,0.01,0.6,0.16,4,0.5,5,0.5,,,,,,PRUNED
1269,-0.4408085471343632,2026-05-12 15:11:28.840818,2026-05-12 15:11:33.792486,0 days 00:00:04.951668,0.45,0.7,2,0.05,0.02,0.6,0.08,5,0.6,20,0.65,,,,,,PRUNED
1270,-0.5179924623587872,2026-05-12 15:11:33.821262,2026-05-12 15:11:34.361685,0 days 00:00:00.540423,0.45,0.7,2,0.05,0.02,0.6,0.08,6,0.5,20,0.8,-0.39108387647623727,-0.030830266507629607,0.2538171717650998,0.36025360996860767,,COMPLETE
1271,-0.4890810494548046,2026-05-12 15:11:34.386023,2026-05-12 15:11:38.912441,0 days 00:00:04.526418,0.25,0.8,2,0.03,0.01,0.6,0.08,4,0.5,10,0.5,,,,,,PRUNED
1272,-0.5179924623587872,2026-05-12 15:11:38.937212,2026-05-12 15:11:39.454899,0 days 00:00:00.517687,0.45,0.7,2,0.05,0.02,0.6,0.08,6,0.5,20,0.8,-0.39108387647623727,-0.030830266507629607,0.2538171717650998,0.36025360996860767,,COMPLETE
1273,-0.47469465861685056,2026-05-12 15:11:39.497652,2026-05-12 15:11:44.029156,0 days 00:00:04.531504,0.45,0.8,3,0.05,0.01,0.45,0.08,3,0.7,5,0.65,,,,,,PRUNED
1274,-0.5316544280601914,2026-05-12 15:11:44.055021,2026-05-12 15:11:49.406049,0 days 00:00:05.351028,0.25,0.8,3,0.05,0.02,0.45,0.16,5,0.7,20,0.5,,,,,,PRUNED
1275,-0.505504839066055,2026-05-12 15:11:49.429092,2026-05-12 15:11:53.653890,0 days 00:00:04.224798,0.35,0.8,2,0.05,0.02,0.3,0.12,3,0.7,5,0.8,,,,,,PRUNED
1276,-0.4337598227322236,2026-05-12 15:11:53.678193,2026-05-12 15:11:57.593877,0 days 00:00:03.915684,0.45,0.7,2,0.05,0.02,0.6,0.08,4,0.6,20,0.5,,,,,,PRUNED
1277,-0.43223096142417294,2026-05-12 15:11:57.619536,2026-05-12 15:11:57.948097,0 days 00:00:00.328561,0.45,0.9,2,0.05,0.01,0.6,0.08,6,0.5,20,0.8,,,,,,PRUNED
1278,-0.49385874671956154,2026-05-12 15:11:57.973543,2026-05-12 15:12:03.507354,0 days 00:00:05.533811,0.25,0.7,2,0.05,0.01,0.6,0.08,6,0.5,5,0.8,,,,,,PRUNED
1279,-0.4092788272711371,2026-05-12 15:12:03.530959,2026-05-12 15:12:03.861321,0 days 00:00:00.330362,0.45,0.7,3,0.05,0.02,0.6,0.08,6,0.5,20,0.8,,,,,,PRUNED
1280,-0.5855496147753049,2026-05-12 15:12:03.885405,2026-05-12 15:12:07.219333,0 days 00:00:03.333928,0.45,0.9,2,0.05,0.02,0.6,0.08,3,0.5,20,0.5,,,,,,PRUNED
1281,-9999.0,2026-05-12 15:12:07.265738,2026-05-12 15:12:07.519115,0 days 00:00:00.253377,0.45,0.7,4,0.05,0.01,0.45,0.08,4,0.7,10,0.65,,,,,BEAR_RATIO < NEUTRAL_RATIO < BULL_RATIO 约束违反: 0.45 / 0.7 / 0.7,COMPLETE
1282,-0.5910622890072166,2026-05-12 15:12:07.542447,2026-05-12 15:12:09.441853,0 days 00:00:01.899406,0.45,0.7,2,0.05,0.02,0.45,0.08,3,0.6,20,0.5,,,,,,PRUNED
1283,-0.5179924623587872,2026-05-12 15:12:09.464758,2026-05-12 15:12:09.891296,0 days 00:00:00.426538,0.45,0.7,2,0.05,0.02,0.6,0.08,6,0.5,20,0.8,-0.39108387647623727,-0.030830266507629607,0.2538171717650998,0.36025360996860767,,COMPLETE
1284,-9999.0,2026-05-12 15:12:09.913438,2026-05-12 15:12:10.156202,0 days 00:00:00.242764,0.45,0.7,2,0.05,0.02,0.6,0.08,5,0.7,5,0.8,,,,,BEAR_RATIO < NEUTRAL_RATIO < BULL_RATIO 约束违反: 0.45 / 0.7 / 0.7,COMPLETE
1285,-0.44132560848440905,2026-05-12 15:12:10.178456,2026-05-12 15:12:14.553264,0 days 00:00:04.374808,0.45,0.7,2,0.05,0.01,0.6,0.16,5,0.5,20,0.8,,,,,,PRUNED
1286,-0.5149438420001275,2026-05-12 15:12:14.578427,2026-05-12 15:12:20.507885,0 days 00:00:05.929458,0.35,0.7,3,0.03,0.02,0.6,0.16,6,0.5,5,0.5,,,,,,PRUNED
1287,-0.41285979178203813,2026-05-12 15:12:20.537171,2026-05-12 15:12:25.697154,0 days 00:00:05.159983,0.45,0.7,4,0.05,0.01,0.3,0.08,5,0.5,10,0.5,,,,,,PRUNED
1288,-0.4227083328226171,2026-05-12 15:12:25.721702,2026-05-12 15:12:31.107140,0 days 00:00:05.385438,0.45,0.8,2,0.05,0.02,0.6,0.08,6,0.5,10,0.65,,,,,,PRUNED
1289,-0.5179924623587872,2026-05-12 15:12:31.132010,2026-05-12 15:12:31.651014,0 days 00:00:00.519004,0.45,0.7,2,0.05,0.02,0.6,0.08,6,0.5,20,0.8,-0.39108387647623727,-0.030830266507629607,0.2538171717650998,0.36025360996860767,,COMPLETE
1290,-0.5179924623587872,2026-05-12 15:12:31.676393,2026-05-12 15:12:32.209525,0 days 00:00:00.533132,0.45,0.7,2,0.05,0.02,0.6,0.08,6,0.5,20,0.8,-0.39108387647623727,-0.030830266507629607,0.2538171717650998,0.36025360996860767,,COMPLETE
1291,-0.42630634949312973,2026-05-12 15:12:32.235226,2026-05-12 15:12:38.186011,0 days 00:00:05.950785,0.45,0.7,2,0.05,0.02,0.6,0.12,6,0.5,5,0.65,,,,,,PRUNED
1292,-0.5363542414787368,2026-05-12 15:12:38.211768,2026-05-12 15:12:43.407504,0 days 00:00:05.195736,0.25,0.9,2,0.05,0.01,0.6,0.16,5,0.5,5,0.5,,,,,,PRUNED
1293,-0.5179924623587872,2026-05-12 15:12:43.430622,2026-05-12 15:12:43.921921,0 days 00:00:00.491299,0.45,0.7,2,0.05,0.02,0.6,0.08,6,0.5,20,0.8,-0.39108387647623727,-0.030830266507629607,0.2538171717650998,0.36025360996860767,,COMPLETE
1294,-0.4745166860808648,2026-05-12 15:12:43.946523,2026-05-12 15:12:48.851946,0 days 00:00:04.905423,0.45,0.7,2,0.05,0.02,0.6,0.16,4,0.5,5,0.65,,,,,,PRUNED
1295,-0.40932570196215795,2026-05-12 15:12:48.876497,2026-05-12 15:12:53.846595,0 days 00:00:04.970098,0.45,0.7,4,0.05,0.02,0.45,0.08,6,0.5,20,0.65,,,,,,PRUNED
1296,-0.46849289664092775,2026-05-12 15:12:53.872257,2026-05-12 15:12:58.003186,0 days 00:00:04.130929,0.35,0.7,4,0.03,0.01,0.3,0.08,4,0.6,20,0.8,,,,,,PRUNED
1297,-0.5179924623587872,2026-05-12 15:12:58.026774,2026-05-12 15:12:58.526077,0 days 00:00:00.499303,0.45,0.7,2,0.05,0.01,0.6,0.08,6,0.5,20,0.8,-0.39108387647623727,-0.030830266507629607,0.2538171717650998,0.36025360996860767,,COMPLETE
1298,-0.5179924623587872,2026-05-12 15:12:58.549140,2026-05-12 15:12:59.069018,0 days 00:00:00.519878,0.45,0.7,2,0.05,0.02,0.6,0.08,6,0.5,20,0.8,-0.39108387647623727,-0.030830266507629607,0.2538171717650998,0.36025360996860767,,COMPLETE
1299,-0.6012249888597976,2026-05-12 15:12:59.092739,2026-05-12 15:13:02.486590,0 days 00:00:03.393851,0.35,0.9,2,0.05,0.02,0.6,0.12,3,0.5,20,0.5,,,,,,PRUNED
1300,-0.47281878192424204,2026-05-12 15:13:02.508754,2026-05-12 15:13:07.372832,0 days 00:00:04.864078,0.35,0.7,2,0.05,0.02,0.6,0.16,6,0.6,20,0.5,,,,,,PRUNED
1301,-0.4618644772860147,2026-05-12 15:13:07.400435,2026-05-12 15:13:10.934494,0 days 00:00:03.534059,0.45,0.7,2,0.03,0.02,0.6,0.08,5,0.6,20,0.8,,,,,,PRUNED
1302,-0.5179924623587872,2026-05-12 15:13:10.959030,2026-05-12 15:13:11.482327,0 days 00:00:00.523297,0.45,0.7,2,0.05,0.02,0.6,0.08,6,0.5,20,0.8,-0.39108387647623727,-0.030830266507629607,0.2538171717650998,0.36025360996860767,,COMPLETE
1303,-0.5676235303902986,2026-05-12 15:13:11.522325,2026-05-12 15:13:16.533536,0 days 00:00:05.011211,0.25,0.9,3,0.03,0.01,0.3,0.16,6,0.5,20,0.8,,,,,,PRUNED
1304,-0.5298381211850296,2026-05-12 15:13:16.556441,2026-05-12 15:13:21.463047,0 days 00:00:04.906606,0.35,0.8,3,0.03,0.02,0.45,0.12,4,0.5,5,0.65,,,,,,PRUNED
1305,-9999.0,2026-05-12 15:13:21.490347,2026-05-12 15:13:21.808111,0 days 00:00:00.317764,0.45,0.7,2,0.05,0.02,0.6,0.16,4,0.7,5,0.8,,,,,BEAR_RATIO < NEUTRAL_RATIO < BULL_RATIO 约束违反: 0.45 / 0.7 / 0.7,COMPLETE
1306,-0.49274074804052354,2026-05-12 15:13:21.833373,2026-05-12 15:13:26.013184,0 days 00:00:04.179811,0.25,0.9,3,0.05,0.01,0.45,0.16,4,0.5,20,0.8,,,,,,PRUNED
1307,-0.5751604050910367,2026-05-12 15:13:26.040187,2026-05-12 15:13:30.978543,0 days 00:00:04.938356,0.25,0.9,3,0.03,0.02,0.6,0.12,4,0.5,5,0.65,,,,,,PRUNED
1308,-0.410125315542252,2026-05-12 15:13:31.005175,2026-05-12 15:13:31.322727,0 days 00:00:00.317552,0.45,0.7,4,0.05,0.02,0.6,0.08,6,0.5,20,0.8,,,,,,PRUNED
1309,-0.5179924623587872,2026-05-12 15:13:31.345254,2026-05-12 15:13:31.880756,0 days 00:00:00.535502,0.45,0.7,2,0.05,0.02,0.6,0.08,6,0.5,20,0.8,-0.39108387647623727,-0.030830266507629607,0.2538171717650998,0.36025360996860767,,COMPLETE
1310,-0.6191673763389496,2026-05-12 15:13:31.903020,2026-05-12 15:13:35.321697,0 days 00:00:03.418677,0.35,0.8,3,0.03,0.01,0.3,0.16,3,0.5,20,0.65,,,,,,PRUNED
1311,-0.4459871401070022,2026-05-12 15:13:35.348542,2026-05-12 15:13:41.367419,0 days 00:00:06.018877,0.45,0.8,2,0.03,0.02,0.3,0.08,6,0.5,10,0.5,,,,,,PRUNED
1312,-0.575992364880352,2026-05-12 15:13:41.390998,2026-05-12 15:13:44.928060,0 days 00:00:03.537062,0.25,0.9,2,0.03,0.02,0.6,0.16,5,0.7,20,0.65,,,,,,PRUNED
1313,-0.5177142232496584,2026-05-12 15:13:44.950355,2026-05-12 15:13:50.011696,0 days 00:00:05.061341,0.35,0.8,4,0.05,0.02,0.3,0.16,4,0.5,5,0.5,,,,,,PRUNED
1314,-0.6027974483626123,2026-05-12 15:13:50.037908,2026-05-12 15:13:53.708399,0 days 00:00:03.670491,0.45,0.9,4,0.03,0.02,0.45,0.16,3,0.7,10,0.5,,,,,,PRUNED
1315,-0.45941704428941865,2026-05-12 15:13:53.737010,2026-05-12 15:13:58.847876,0 days 00:00:05.110866,0.45,0.8,2,0.03,0.02,0.45,0.08,6,0.6,20,0.8,,,,,,PRUNED
1316,-9999.0,2026-05-12 15:13:58.872604,2026-05-12 15:13:59.157423,0 days 00:00:00.284819,0.35,0.7,2,0.05,0.02,0.6,0.12,6,0.7,20,0.8,,,,,BEAR_RATIO < NEUTRAL_RATIO < BULL_RATIO 约束违反: 0.35 / 0.7 / 0.7,COMPLETE
1317,-0.6191673763389496,2026-05-12 15:13:59.182923,2026-05-12 15:14:02.653694,0 days 00:00:03.470771,0.35,0.8,3,0.03,0.02,0.45,0.16,3,0.5,20,0.8,,,,,,PRUNED
1318,-9999.0,2026-05-12 15:14:02.676762,2026-05-12 15:14:02.931960,0 days 00:00:00.255198,0.25,0.7,2,0.05,0.02,0.3,0.16,6,0.7,10,0.8,,,,,BEAR_RATIO < NEUTRAL_RATIO < BULL_RATIO 约束违反: 0.25 / 0.7 / 0.7,COMPLETE
1319,-0.44120123496897135,2026-05-12 15:14:02.958750,2026-05-12 15:14:07.822862,0 days 00:00:04.864112,0.35,0.7,4,0.05,0.01,0.3,0.08,6,0.5,20,0.65,,,,,,PRUNED
1320,-0.42357363260304626,2026-05-12 15:14:07.847454,2026-05-12 15:14:08.200504,0 days 00:00:00.353050,0.45,0.7,2,0.05,0.02,0.6,0.08,6,0.6,20,0.8,,,,,,PRUNED
1321,-0.4194511448045569,2026-05-12 15:14:08.224888,2026-05-12 15:14:08.541061,0 days 00:00:00.316173,0.45,0.7,2,0.05,0.01,0.6,0.12,6,0.5,20,0.8,,,,,,PRUNED
1322,-0.4910044488421928,2026-05-12 15:14:08.566609,2026-05-12 15:14:12.642641,0 days 00:00:04.076032,0.45,0.9,3,0.03,0.02,0.45,0.16,4,0.5,20,0.5,,,,,,PRUNED
1323,-0.4485995851406357,2026-05-12 15:14:12.665161,2026-05-12 15:14:16.452514,0 days 00:00:03.787353,0.45,0.7,2,0.03,0.02,0.3,0.08,6,0.6,20,0.65,,,,,,PRUNED
1324,-0.5864268693495549,2026-05-12 15:14:16.476006,2026-05-12 15:14:20.230707,0 days 00:00:03.754701,0.25,0.8,4,0.03,0.01,0.6,0.12,3,0.6,10,0.5,,,,,,PRUNED
1325,-0.5179924623587872,2026-05-12 15:14:20.254468,2026-05-12 15:14:20.752948,0 days 00:00:00.498480,0.45,0.7,2,0.05,0.02,0.6,0.08,6,0.5,20,0.8,-0.39108387647623727,-0.030830266507629607,0.2538171717650998,0.36025360996860767,,COMPLETE
1326,-0.5537332044211292,2026-05-12 15:14:20.776362,2026-05-12 15:14:24.444078,0 days 00:00:03.667716,0.35,0.7,4,0.03,0.02,0.3,0.12,3,0.5,10,0.8,,,,,,PRUNED
1327,-0.5959884515373528,2026-05-12 15:14:24.468646,2026-05-12 15:14:27.840983,0 days 00:00:03.372337,0.45,0.7,2,0.05,0.02,0.6,0.12,3,0.6,20,0.5,,,,,,PRUNED
1328,-0.46152728035568846,2026-05-12 15:14:27.869616,2026-05-12 15:14:33.651057,0 days 00:00:05.781441,0.45,0.9,2,0.05,0.02,0.6,0.08,6,0.7,20,0.65,,,,,,PRUNED
1329,-9999.0,2026-05-12 15:14:33.673632,2026-05-12 15:14:33.947100,0 days 00:00:00.273468,0.35,0.7,4,0.05,0.02,0.3,0.12,3,0.7,10,0.5,,,,,BEAR_RATIO < NEUTRAL_RATIO < BULL_RATIO 约束违反: 0.35 / 0.7 / 0.7,COMPLETE
