number,value,datetime_start,datetime_complete,duration,params_BEAR_RATIO,params_BULL_RATIO,params_GRID_MAX_LAYER,params_GRID_STEP_MAX,params_GRID_STEP_MIN,params_GRID_STEP_VOL_FACTOR,params_LAYER_FRACTION,params_MAX_HOLD,params_NEUTRAL_RATIO,params_REBALANCE_FREQ,params_VOL_WEIGHT,user_attrs_avg_test_score,user_attrs_avg_train_score,user_attrs_test_score_std,user_attrs_train_test_gap,user_attrs_validation_error,state
586,-0.5787810955671507,2026-05-12 14:34:37.896791,2026-05-12 14:34:41.315374,0 days 00:00:03.418583,0.45,0.7,3,0.05,0.01,0.45,0.12,3,0.5,20,0.5,,,,,,PRUNED
587,-0.4100386278766106,2026-05-12 14:34:41.339618,2026-05-12 14:34:41.687748,0 days 00:00:00.348130,0.45,0.7,2,0.05,0.02,0.3,0.08,6,0.5,20,0.8,,,,,,PRUNED
588,-0.6235290333184342,2026-05-12 14:34:41.706480,2026-05-12 14:34:45.082994,0 days 00:00:03.376514,0.45,0.7,2,0.03,0.02,0.3,0.16,3,0.6,20,0.65,,,,,,PRUNED
589,-0.4771737930117628,2026-05-12 14:34:45.107711,2026-05-12 14:34:49.457047,0 days 00:00:04.349336,0.45,0.9,3,0.03,0.02,0.6,0.08,3,0.6,5,0.65,,,,,,PRUNED
590,-0.4296411080598753,2026-05-12 14:34:49.479110,2026-05-12 14:34:49.781040,0 days 00:00:00.301930,0.45,0.7,2,0.05,0.02,0.6,0.16,6,0.5,20,0.8,,,,,,PRUNED
591,-0.43362061482938863,2026-05-12 14:34:49.805563,2026-05-12 14:34:54.668234,0 days 00:00:04.862671,0.45,0.9,3,0.05,0.02,0.6,0.08,6,0.5,20,0.8,,,,,,PRUNED
592,-0.41425741193738236,2026-05-12 14:34:54.692774,2026-05-12 14:34:55.042017,0 days 00:00:00.349243,0.45,0.7,2,0.05,0.02,0.6,0.08,6,0.5,5,0.8,,,,,,PRUNED
593,-0.43333909441165963,2026-05-12 14:34:55.065742,2026-05-12 14:34:55.389924,0 days 00:00:00.324182,0.35,0.7,2,0.05,0.02,0.6,0.08,6,0.5,20,0.8,,,,,,PRUNED
594,-0.5732956946690431,2026-05-12 14:34:55.412965,2026-05-12 14:34:57.669010,0 days 00:00:02.256045,0.25,0.9,4,0.05,0.02,0.3,0.08,3,0.7,10,0.5,,,,,,PRUNED
595,-0.42056632138184724,2026-05-12 14:34:57.716388,2026-05-12 14:34:58.042771,0 days 00:00:00.326383,0.45,0.8,2,0.05,0.02,0.6,0.08,6,0.5,20,0.8,,,,,,PRUNED
596,-0.5179924623587872,2026-05-12 14:34:58.066082,2026-05-12 14:34:58.606069,0 days 00:00:00.539987,0.45,0.7,2,0.05,0.02,0.6,0.08,6,0.5,20,0.8,-0.39108387647623727,-0.030830266507629607,0.2538171717650998,0.36025360996860767,,COMPLETE
597,-0.5642467925026992,2026-05-12 14:34:58.630554,2026-05-12 14:35:04.423188,0 days 00:00:05.792634,0.25,0.7,2,0.03,0.01,0.6,0.16,6,0.5,5,0.8,,,,,,PRUNED
598,-0.5179924623587872,2026-05-12 14:35:04.446193,2026-05-12 14:35:04.950198,0 days 00:00:00.504005,0.45,0.7,2,0.05,0.02,0.6,0.08,6,0.5,20,0.8,-0.39108387647623727,-0.030830266507629607,0.2538171717650998,0.36025360996860767,,COMPLETE
599,-0.5822934201857063,2026-05-12 14:35:04.980353,2026-05-12 14:35:08.691132,0 days 00:00:03.710779,0.35,0.9,4,0.05,0.01,0.3,0.16,3,0.7,10,0.65,,,,,,PRUNED
600,-9999.0,2026-05-12 14:35:08.715920,2026-05-12 14:35:08.971166,0 days 00:00:00.255246,0.45,0.7,2,0.05,0.02,0.6,0.08,6,0.7,20,0.8,,,,,BEAR_RATIO < NEUTRAL_RATIO < BULL_RATIO 约束违反: 0.45 / 0.7 / 0.7,COMPLETE
601,-0.5304369562418706,2026-05-12 14:35:08.995794,2026-05-12 14:35:14.724024,0 days 00:00:05.728230,0.25,0.8,2,0.03,0.02,0.45,0.12,5,0.6,10,0.8,,,,,,PRUNED
602,-0.4318124553734489,2026-05-12 14:35:14.748881,2026-05-12 14:35:15.060123,0 days 00:00:00.311242,0.45,0.7,2,0.03,0.02,0.6,0.08,6,0.5,20,0.8,,,,,,PRUNED
603,-0.4614878253751211,2026-05-12 14:35:15.083523,2026-05-12 14:35:19.997866,0 days 00:00:04.914343,0.35,0.8,2,0.05,0.02,0.45,0.08,6,0.6,20,0.8,,,,,,PRUNED
604,-0.5179924623587872,2026-05-12 14:35:20.022569,2026-05-12 14:35:20.547412,0 days 00:00:00.524843,0.45,0.7,2,0.05,0.02,0.6,0.08,6,0.5,20,0.8,-0.39108387647623727,-0.030830266507629607,0.2538171717650998,0.36025360996860767,,COMPLETE
605,-0.483561621425272,2026-05-12 14:35:20.571588,2026-05-12 14:35:25.223993,0 days 00:00:04.652405,0.45,0.7,2,0.03,0.02,0.6,0.16,5,0.5,20,0.5,,,,,,PRUNED
606,-0.43223096142417294,2026-05-12 14:35:25.247430,2026-05-12 14:35:25.559204,0 days 00:00:00.311774,0.45,0.9,2,0.05,0.02,0.6,0.08,6,0.5,20,0.8,,,,,,PRUNED
607,-0.5321590237560975,2026-05-12 14:35:25.587384,2026-05-12 14:35:31.470101,0 days 00:00:05.882717,0.25,0.8,2,0.03,0.01,0.45,0.08,6,0.5,5,0.5,,,,,,PRUNED
608,-0.42929145792298257,2026-05-12 14:35:31.496672,2026-05-12 14:35:36.480004,0 days 00:00:04.983332,0.45,0.7,3,0.03,0.02,0.3,0.08,5,0.5,10,0.65,,,,,,PRUNED
609,-0.5182406672588966,2026-05-12 14:35:36.505607,2026-05-12 14:35:37.049723,0 days 00:00:00.544116,0.45,0.7,2,0.05,0.02,0.45,0.08,6,0.5,20,0.8,-0.3910743597599139,-0.030648087966744914,0.25433261499796533,0.360426271793169,,COMPLETE
610,-0.4660835109924683,2026-05-12 14:35:37.076120,2026-05-12 14:35:42.039803,0 days 00:00:04.963683,0.45,0.7,2,0.05,0.01,0.6,0.08,4,0.5,5,0.8,,,,,,PRUNED
611,-0.43935386060094006,2026-05-12 14:35:42.065104,2026-05-12 14:35:43.952216,0 days 00:00:01.887112,0.45,0.7,3,0.05,0.02,0.45,0.16,4,0.5,20,0.8,,,,,,PRUNED
612,-9999.0,2026-05-12 14:35:43.999464,2026-05-12 14:35:44.265657,0 days 00:00:00.266193,0.45,0.7,4,0.03,0.01,0.6,0.16,5,0.7,10,0.8,,,,,BEAR_RATIO < NEUTRAL_RATIO < BULL_RATIO 约束违反: 0.45 / 0.7 / 0.7,COMPLETE
613,-0.4194511448045569,2026-05-12 14:35:44.297013,2026-05-12 14:35:44.616752,0 days 00:00:00.319739,0.45,0.7,2,0.05,0.02,0.6,0.12,6,0.5,20,0.8,,,,,,PRUNED
614,-0.5314431766791777,2026-05-12 14:35:44.640022,2026-05-12 14:35:50.358868,0 days 00:00:05.718846,0.25,0.8,4,0.05,0.01,0.45,0.08,6,0.7,5,0.8,,,,,,PRUNED
615,-0.474532058331672,2026-05-12 14:35:50.381116,2026-05-12 14:35:54.691515,0 days 00:00:04.310399,0.45,0.9,3,0.05,0.01,0.45,0.08,4,0.7,10,0.8,,,,,,PRUNED
616,-9999.0,2026-05-12 14:35:54.714572,2026-05-12 14:35:54.992997,0 days 00:00:00.278425,0.45,0.7,2,0.05,0.01,0.6,0.08,3,0.7,20,0.8,,,,,BEAR_RATIO < NEUTRAL_RATIO < BULL_RATIO 约束违反: 0.45 / 0.7 / 0.7,COMPLETE
617,-0.49496652522332335,2026-05-12 14:35:55.018692,2026-05-12 14:35:59.927053,0 days 00:00:04.908361,0.45,0.7,4,0.03,0.02,0.45,0.12,4,0.5,5,0.8,,,,,,PRUNED
618,-0.4242910183560481,2026-05-12 14:35:59.947488,2026-05-12 14:36:00.270328,0 days 00:00:00.322840,0.45,0.7,2,0.05,0.02,0.6,0.08,5,0.5,20,0.8,,,,,,PRUNED
619,-9999.0,2026-05-12 14:36:00.294832,2026-05-12 14:36:00.554901,0 days 00:00:00.260069,0.35,0.7,4,0.05,0.01,0.45,0.16,5,0.7,20,0.65,,,,,BEAR_RATIO < NEUTRAL_RATIO < BULL_RATIO 约束违反: 0.35 / 0.7 / 0.7,COMPLETE
620,-0.5399766400904975,2026-05-12 14:36:00.579487,2026-05-12 14:36:06.345323,0 days 00:00:05.765836,0.25,0.9,4,0.05,0.01,0.6,0.12,6,0.5,5,0.5,,,,,,PRUNED
621,-0.5164926600271573,2026-05-12 14:36:06.372053,2026-05-12 14:36:12.119015,0 days 00:00:05.746962,0.45,0.8,3,0.05,0.01,0.3,0.12,4,0.7,5,0.65,,,,,,PRUNED
622,-0.6193672417392525,2026-05-12 14:36:12.143900,2026-05-12 14:36:14.123573,0 days 00:00:01.979673,0.25,0.9,2,0.05,0.01,0.6,0.16,3,0.5,20,0.5,,,,,,PRUNED
623,-0.5715107846558711,2026-05-12 14:36:14.147238,2026-05-12 14:36:14.459069,0 days 00:00:00.311831,0.45,0.7,2,0.05,0.02,0.6,0.08,3,0.5,20,0.8,,,,,,PRUNED
624,-0.496472303795198,2026-05-12 14:36:14.482860,2026-05-12 14:36:19.387036,0 days 00:00:04.904176,0.25,0.8,3,0.05,0.02,0.3,0.08,5,0.6,10,0.5,,,,,,PRUNED
625,-0.43333909441165963,2026-05-12 14:36:19.410871,2026-05-12 14:36:24.296587,0 days 00:00:04.885716,0.35,0.7,2,0.05,0.01,0.6,0.08,6,0.5,20,0.65,,,,,,PRUNED
626,-0.5179924623587872,2026-05-12 14:36:24.320727,2026-05-12 14:36:24.833269,0 days 00:00:00.512542,0.45,0.7,2,0.05,0.02,0.6,0.08,6,0.5,20,0.8,-0.39108387647623727,-0.030830266507629607,0.2538171717650998,0.36025360996860767,,COMPLETE
627,-9999.0,2026-05-12 14:36:24.858895,2026-05-12 14:36:25.118827,0 days 00:00:00.259932,0.25,0.7,3,0.05,0.01,0.6,0.08,4,0.7,10,0.8,,,,,BEAR_RATIO < NEUTRAL_RATIO < BULL_RATIO 约束违反: 0.25 / 0.7 / 0.7,COMPLETE
628,-0.5135517307846288,2026-05-12 14:36:25.142040,2026-05-12 14:36:30.111816,0 days 00:00:04.969776,0.25,0.9,2,0.03,0.02,0.6,0.08,5,0.5,10,0.65,,,,,,PRUNED
629,-0.5162362054904734,2026-05-12 14:36:30.134757,2026-05-12 14:36:35.074131,0 days 00:00:04.939374,0.25,0.9,4,0.05,0.02,0.6,0.08,6,0.7,20,0.8,,,,,,PRUNED
630,-0.543336359319625,2026-05-12 14:36:35.111665,2026-05-12 14:36:40.073655,0 days 00:00:04.961990,0.35,0.9,4,0.05,0.02,0.6,0.08,4,0.7,5,0.5,,,,,,PRUNED
631,-0.4840003760211016,2026-05-12 14:36:40.111031,2026-05-12 14:36:45.414114,0 days 00:00:05.303083,0.35,0.8,2,0.03,0.02,0.6,0.08,6,0.6,10,0.5,,,,,,PRUNED
632,-0.6713256144971002,2026-05-12 14:36:45.441279,2026-05-12 14:36:47.392390,0 days 00:00:01.951111,0.25,0.9,4,0.03,0.02,0.45,0.16,3,0.7,20,0.65,,,,,,PRUNED
633,-0.5179924623587872,2026-05-12 14:36:47.417693,2026-05-12 14:36:47.936603,0 days 00:00:00.518910,0.45,0.7,2,0.05,0.02,0.6,0.08,6,0.5,20,0.5,-0.39108387647623727,-0.030830266507629607,0.2538171717650998,0.36025360996860767,,COMPLETE
634,-0.5179924623587872,2026-05-12 14:36:47.959592,2026-05-12 14:36:48.457050,0 days 00:00:00.497458,0.45,0.7,2,0.05,0.01,0.6,0.08,6,0.5,20,0.8,-0.39108387647623727,-0.030830266507629607,0.2538171717650998,0.36025360996860767,,COMPLETE
635,-0.5537460221510456,2026-05-12 14:36:48.501679,2026-05-12 14:36:53.131012,0 days 00:00:04.629333,0.35,0.9,4,0.03,0.02,0.45,0.16,5,0.7,20,0.65,,,,,,PRUNED
636,-0.4982722041790032,2026-05-12 14:36:53.152028,2026-05-12 14:36:58.145384,0 days 00:00:04.993356,0.25,0.8,4,0.05,0.02,0.45,0.08,6,0.6,20,0.5,,,,,,PRUNED
637,-0.5179924623587872,2026-05-12 14:36:58.168606,2026-05-12 14:36:58.636861,0 days 00:00:00.468255,0.45,0.7,2,0.05,0.02,0.6,0.08,6,0.5,20,0.8,-0.39108387647623727,-0.030830266507629607,0.2538171717650998,0.36025360996860767,,COMPLETE
638,-0.5179924623587872,2026-05-12 14:36:58.660372,2026-05-12 14:36:59.083405,0 days 00:00:00.423033,0.45,0.7,2,0.05,0.02,0.6,0.08,6,0.5,20,0.8,-0.39108387647623727,-0.030830266507629607,0.2538171717650998,0.36025360996860767,,COMPLETE
639,-0.5115845631825812,2026-05-12 14:36:59.105454,2026-05-12 14:37:04.815832,0 days 00:00:05.710378,0.25,0.9,2,0.05,0.02,0.6,0.08,5,0.7,10,0.5,,,,,,PRUNED
640,-0.5881044386452069,2026-05-12 14:37:04.841427,2026-05-12 14:37:08.282797,0 days 00:00:03.441370,0.45,0.9,4,0.05,0.02,0.6,0.08,3,0.5,20,0.5,,,,,,PRUNED
641,-9999.0,2026-05-12 14:37:08.307485,2026-05-12 14:37:08.599216,0 days 00:00:00.291731,0.45,0.7,2,0.05,0.01,0.6,0.08,5,0.7,20,0.65,,,,,BEAR_RATIO < NEUTRAL_RATIO < BULL_RATIO 约束违反: 0.45 / 0.7 / 0.7,COMPLETE
642,-0.410125315542252,2026-05-12 14:37:08.624020,2026-05-12 14:37:08.947096,0 days 00:00:00.323076,0.45,0.7,4,0.05,0.02,0.6,0.08,6,0.5,20,0.8,,,,,,PRUNED
643,-0.49214866566082494,2026-05-12 14:37:08.972173,2026-05-12 14:37:13.339558,0 days 00:00:04.367385,0.45,0.9,4,0.03,0.01,0.45,0.08,4,0.7,10,0.8,,,,,,PRUNED
644,-0.5179924623587872,2026-05-12 14:37:13.365352,2026-05-12 14:37:13.869863,0 days 00:00:00.504511,0.45,0.7,2,0.05,0.02,0.6,0.08,6,0.5,20,0.8,-0.39108387647623727,-0.030830266507629607,0.2538171717650998,0.36025360996860767,,COMPLETE
645,-0.6010774300894761,2026-05-12 14:37:13.895848,2026-05-12 14:37:16.152252,0 days 00:00:02.256404,0.25,0.9,4,0.03,0.01,0.45,0.12,3,0.7,10,0.65,,,,,,PRUNED
646,-0.6057172157297301,2026-05-12 14:37:16.175363,2026-05-12 14:37:19.682443,0 days 00:00:03.507080,0.45,0.9,2,0.05,0.01,0.3,0.08,3,0.6,20,0.8,,,,,,PRUNED
647,-0.5179924623587872,2026-05-12 14:37:19.705606,2026-05-12 14:37:20.214604,0 days 00:00:00.508998,0.45,0.7,2,0.05,0.02,0.6,0.08,6,0.5,20,0.8,-0.39108387647623727,-0.030830266507629607,0.2538171717650998,0.36025360996860767,,COMPLETE
648,-0.5179924623587872,2026-05-12 14:37:20.250039,2026-05-12 14:37:20.767188,0 days 00:00:00.517149,0.45,0.7,2,0.05,0.02,0.6,0.08,6,0.5,20,0.65,-0.39108387647623727,-0.030830266507629607,0.2538171717650998,0.36025360996860767,,COMPLETE
649,-0.5983699398467377,2026-05-12 14:37:20.792910,2026-05-12 14:37:24.238077,0 days 00:00:03.445167,0.25,0.7,3,0.05,0.01,0.6,0.08,3,0.5,20,0.8,,,,,,PRUNED
650,-0.5248568347049509,2026-05-12 14:37:24.262196,2026-05-12 14:37:29.241625,0 days 00:00:04.979429,0.35,0.9,4,0.03,0.01,0.45,0.12,5,0.7,10,0.5,,,,,,PRUNED
651,-9999.0,2026-05-12 14:37:29.266290,2026-05-12 14:37:29.569301,0 days 00:00:00.303011,0.35,0.7,2,0.05,0.02,0.6,0.16,3,0.7,5,0.5,,,,,BEAR_RATIO < NEUTRAL_RATIO < BULL_RATIO 约束违反: 0.35 / 0.7 / 0.7,COMPLETE
652,-0.6157598720216648,2026-05-12 14:37:29.593205,2026-05-12 14:37:32.982262,0 days 00:00:03.389057,0.25,0.8,2,0.05,0.01,0.3,0.08,3,0.6,20,0.5,,,,,,PRUNED
653,-0.4689915125604101,2026-05-12 14:37:33.006201,2026-05-12 14:37:37.329294,0 days 00:00:04.323093,0.35,0.8,4,0.05,0.02,0.6,0.16,4,0.5,10,0.65,,,,,,PRUNED
654,-0.4559613201265007,2026-05-12 14:37:37.352947,2026-05-12 14:37:42.256180,0 days 00:00:04.903233,0.35,0.7,4,0.05,0.01,0.3,0.12,6,0.5,20,0.8,,,,,,PRUNED
655,-0.48257029713894073,2026-05-12 14:37:42.282116,2026-05-12 14:37:46.932005,0 days 00:00:04.649889,0.25,0.7,2,0.05,0.01,0.6,0.08,5,0.5,20,0.8,,,,,,PRUNED
656,-0.4617082128111798,2026-05-12 14:37:46.954830,2026-05-12 14:37:50.104601,0 days 00:00:03.149771,0.45,0.7,3,0.03,0.02,0.6,0.08,5,0.6,20,0.65,,,,,,PRUNED
657,-0.5179924623587872,2026-05-12 14:37:50.127146,2026-05-12 14:37:50.628780,0 days 00:00:00.501634,0.45,0.7,2,0.05,0.02,0.6,0.08,6,0.5,20,0.8,-0.39108387647623727,-0.030830266507629607,0.2538171717650998,0.36025360996860767,,COMPLETE
658,-0.576813148213964,2026-05-12 14:37:50.650793,2026-05-12 14:37:55.278859,0 days 00:00:04.628066,0.25,0.9,3,0.03,0.02,0.3,0.16,5,0.7,20,0.65,,,,,,PRUNED
659,-0.5362850984067946,2026-05-12 14:37:55.304546,2026-05-12 14:37:59.912358,0 days 00:00:04.607812,0.35,0.7,3,0.05,0.02,0.45,0.16,3,0.5,10,0.65,,,,,,PRUNED
660,-0.4362936586710665,2026-05-12 14:37:59.935397,2026-05-12 14:38:03.928876,0 days 00:00:03.993479,0.45,0.7,4,0.05,0.02,0.3,0.12,4,0.5,20,0.5,,,,,,PRUNED
661,-0.5121339086176364,2026-05-12 14:38:03.952318,2026-05-12 14:38:08.709262,0 days 00:00:04.756944,0.25,0.7,4,0.05,0.02,0.6,0.08,3,0.6,5,0.8,,,,,,PRUNED
662,-0.5179924623587872,2026-05-12 14:38:08.741901,2026-05-12 14:38:09.222614,0 days 00:00:00.480713,0.45,0.7,2,0.05,0.02,0.6,0.08,6,0.5,20,0.8,-0.39108387647623727,-0.030830266507629607,0.2538171717650998,0.36025360996860767,,COMPLETE
663,-0.5431015159820093,2026-05-12 14:38:09.247348,2026-05-12 14:38:12.961921,0 days 00:00:03.714573,0.35,0.9,4,0.05,0.02,0.45,0.08,3,0.5,10,0.5,,,,,,PRUNED
664,-0.44006212983461973,2026-05-12 14:38:12.986198,2026-05-12 14:38:18.225722,0 days 00:00:05.239524,0.45,0.7,4,0.05,0.02,0.6,0.12,6,0.6,10,0.8,,,,,,PRUNED
665,-0.5298114140195777,2026-05-12 14:38:18.249173,2026-05-12 14:38:22.768937,0 days 00:00:04.519764,0.25,0.7,3,0.03,0.01,0.6,0.08,6,0.6,5,0.8,,,,,,PRUNED
666,-0.5179924623587872,2026-05-12 14:38:22.794789,2026-05-12 14:38:23.290854,0 days 00:00:00.496065,0.45,0.7,2,0.05,0.02,0.6,0.08,6,0.5,20,0.8,-0.39108387647623727,-0.030830266507629607,0.2538171717650998,0.36025360996860767,,COMPLETE
667,-0.5650079397981908,2026-05-12 14:38:23.313492,2026-05-12 14:38:27.030874,0 days 00:00:03.717382,0.25,0.8,4,0.05,0.01,0.3,0.16,3,0.5,10,0.65,,,,,,PRUNED
668,-9999.0,2026-05-12 14:38:27.055766,2026-05-12 14:38:27.325449,0 days 00:00:00.269683,0.45,0.7,2,0.05,0.02,0.3,0.08,5,0.7,20,0.65,,,,,BEAR_RATIO < NEUTRAL_RATIO < BULL_RATIO 约束违反: 0.45 / 0.7 / 0.7,COMPLETE
669,-0.5179924623587872,2026-05-12 14:38:27.368308,2026-05-12 14:38:27.856971,0 days 00:00:00.488663,0.45,0.7,2,0.05,0.02,0.6,0.08,6,0.5,20,0.8,-0.39108387647623727,-0.030830266507629607,0.2538171717650998,0.36025360996860767,,COMPLETE
670,-0.5179924623587872,2026-05-12 14:38:27.880491,2026-05-12 14:38:28.404457,0 days 00:00:00.523966,0.45,0.7,2,0.05,0.02,0.6,0.08,6,0.5,20,0.8,-0.39108387647623727,-0.030830266507629607,0.2538171717650998,0.36025360996860767,,COMPLETE
671,-0.47522607550970514,2026-05-12 14:38:28.429705,2026-05-12 14:38:32.566861,0 days 00:00:04.137156,0.35,0.9,4,0.03,0.02,0.3,0.08,4,0.5,20,0.8,,,,,,PRUNED
672,-0.5179924623587872,2026-05-12 14:38:32.593035,2026-05-12 14:38:33.074462,0 days 00:00:00.481427,0.45,0.7,2,0.05,0.02,0.6,0.08,6,0.5,20,0.8,-0.39108387647623727,-0.030830266507629607,0.2538171717650998,0.36025360996860767,,COMPLETE
673,-0.4812371529370906,2026-05-12 14:38:33.097137,2026-05-12 14:38:37.752143,0 days 00:00:04.655006,0.35,0.8,2,0.03,0.01,0.3,0.08,5,0.5,20,0.8,,,,,,PRUNED
674,-0.5179924623587872,2026-05-12 14:38:37.774307,2026-05-12 14:38:38.276156,0 days 00:00:00.501849,0.45,0.7,2,0.05,0.02,0.6,0.08,6,0.5,20,0.8,-0.39108387647623727,-0.030830266507629607,0.2538171717650998,0.36025360996860767,,COMPLETE
675,-0.5825139853896287,2026-05-12 14:38:38.301119,2026-05-12 14:38:41.697297,0 days 00:00:03.396178,0.45,0.7,2,0.03,0.01,0.6,0.08,3,0.5,20,0.8,,,,,,PRUNED
676,-0.5179924623587872,2026-05-12 14:38:41.722111,2026-05-12 14:38:42.230392,0 days 00:00:00.508281,0.45,0.7,2,0.05,0.01,0.6,0.08,6,0.5,20,0.8,-0.39108387647623727,-0.030830266507629607,0.2538171717650998,0.36025360996860767,,COMPLETE
677,-0.538753391018129,2026-05-12 14:38:42.253916,2026-05-12 14:38:46.942105,0 days 00:00:04.688189,0.25,0.8,4,0.05,0.01,0.3,0.16,5,0.7,20,0.8,,,,,,PRUNED
678,-0.4369421088047426,2026-05-12 14:38:46.965584,2026-05-12 14:38:51.769380,0 days 00:00:04.803796,0.35,0.7,4,0.05,0.02,0.6,0.08,6,0.5,20,0.65,,,,,,PRUNED
679,-0.5179924623587872,2026-05-12 14:38:51.793908,2026-05-12 14:38:52.283949,0 days 00:00:00.490041,0.45,0.7,2,0.05,0.02,0.6,0.08,6,0.5,20,0.8,-0.39108387647623727,-0.030830266507629607,0.2538171717650998,0.36025360996860767,,COMPLETE
680,-0.5825139853896287,2026-05-12 14:38:52.308590,2026-05-12 14:38:55.734254,0 days 00:00:03.425664,0.45,0.7,2,0.03,0.02,0.6,0.08,3,0.5,20,0.5,,,,,,PRUNED
681,-0.4387147179881395,2026-05-12 14:38:55.760929,2026-05-12 14:39:02.311806,0 days 00:00:06.550877,0.45,0.7,2,0.03,0.01,0.6,0.08,6,0.5,5,0.8,,,,,,PRUNED
682,-0.442147038807083,2026-05-12 14:39:02.337175,2026-05-12 14:39:04.188539,0 days 00:00:01.851364,0.35,0.7,2,0.05,0.01,0.45,0.12,4,0.5,20,0.8,,,,,,PRUNED
683,-0.4403794270599254,2026-05-12 14:39:04.211611,2026-05-12 14:39:09.112084,0 days 00:00:04.900473,0.45,0.8,2,0.05,0.01,0.45,0.16,6,0.5,20,0.65,,,,,,PRUNED
684,-0.5415672670686277,2026-05-12 14:39:09.135094,2026-05-12 14:39:12.901220,0 days 00:00:03.766126,0.35,0.9,3,0.05,0.01,0.45,0.08,3,0.5,10,0.65,,,,,,PRUNED
685,-0.5142692083063747,2026-05-12 14:39:12.924509,2026-05-12 14:39:17.658887,0 days 00:00:04.734378,0.25,0.8,3,0.05,0.01,0.45,0.12,5,0.6,20,0.65,,,,,,PRUNED
686,-0.5179924623587872,2026-05-12 14:39:17.684776,2026-05-12 14:39:18.200264,0 days 00:00:00.515488,0.45,0.7,2,0.05,0.02,0.6,0.08,6,0.5,20,0.8,-0.39108387647623727,-0.030830266507629607,0.2538171717650998,0.36025360996860767,,COMPLETE
687,-0.5173595041148906,2026-05-12 14:39:18.227333,2026-05-12 14:39:23.392507,0 days 00:00:05.165174,0.45,0.9,2,0.03,0.02,0.6,0.16,6,0.6,20,0.65,,,,,,PRUNED
688,-0.5133529182693908,2026-05-12 14:39:23.417659,2026-05-12 14:39:27.792192,0 days 00:00:04.374533,0.25,0.8,4,0.05,0.02,0.6,0.12,3,0.5,5,0.5,,,,,,PRUNED
689,-9999.0,2026-05-12 14:39:27.815285,2026-05-12 14:39:28.074141,0 days 00:00:00.258856,0.45,0.7,2,0.03,0.02,0.3,0.12,6,0.7,20,0.8,,,,,BEAR_RATIO < NEUTRAL_RATIO < BULL_RATIO 约束违反: 0.45 / 0.7 / 0.7,COMPLETE
690,-0.5556918475143678,2026-05-12 14:39:28.099717,2026-05-12 14:39:33.120612,0 days 00:00:05.020895,0.25,0.7,4,0.03,0.02,0.45,0.16,6,0.6,20,0.8,,,,,,PRUNED
691,-0.43333909441165963,2026-05-12 14:39:33.148076,2026-05-12 14:39:36.449458,0 days 00:00:03.301382,0.35,0.7,2,0.05,0.02,0.6,0.08,6,0.5,20,0.5,,,,,,PRUNED
692,-0.5493118105021677,2026-05-12 14:39:36.469255,2026-05-12 14:39:40.176827,0 days 00:00:03.707572,0.35,0.7,2,0.03,0.01,0.45,0.12,3,0.5,10,0.65,,,,,,PRUNED
693,-0.5179924623587872,2026-05-12 14:39:40.202076,2026-05-12 14:39:40.681129,0 days 00:00:00.479053,0.45,0.7,2,0.05,0.02,0.6,0.08,6,0.5,20,0.8,-0.39108387647623727,-0.030830266507629607,0.2538171717650998,0.36025360996860767,,COMPLETE
694,-0.46777533474429706,2026-05-12 14:39:40.702451,2026-05-12 14:39:45.312602,0 days 00:00:04.610151,0.45,0.9,4,0.03,0.02,0.6,0.08,5,0.5,20,0.65,,,,,,PRUNED
695,-0.5663606784522847,2026-05-12 14:39:45.333001,2026-05-12 14:39:49.006957,0 days 00:00:03.673956,0.35,0.7,4,0.03,0.01,0.3,0.16,3,0.5,10,0.5,,,,,,PRUNED
696,-0.5144216736066121,2026-05-12 14:39:49.033029,2026-05-12 14:39:54.353371,0 days 00:00:05.320342,0.45,0.8,4,0.03,0.01,0.6,0.16,4,0.7,10,0.5,,,,,,PRUNED
697,-0.4213231947291116,2026-05-12 14:39:54.376547,2026-05-12 14:39:54.686540,0 days 00:00:00.309993,0.45,0.7,2,0.05,0.02,0.6,0.08,4,0.5,20,0.8,,,,,,PRUNED
698,-0.446193649179386,2026-05-12 14:39:54.708436,2026-05-12 14:40:00.540389,0 days 00:00:05.831953,0.35,0.7,2,0.05,0.02,0.6,0.08,6,0.5,5,0.65,,,,,,PRUNED
699,-0.5816299780349075,2026-05-12 14:40:00.562187,2026-05-12 14:40:04.038501,0 days 00:00:03.476314,0.45,0.7,2,0.05,0.02,0.3,0.16,3,0.5,20,0.8,,,,,,PRUNED
700,-0.5161689393191241,2026-05-12 14:40:04.061814,2026-05-12 14:40:07.287182,0 days 00:00:03.225368,0.25,0.9,3,0.05,0.02,0.45,0.12,5,0.5,20,0.8,,,,,,PRUNED
701,-0.5443782191040137,2026-05-12 14:40:07.312596,2026-05-12 14:40:12.349026,0 days 00:00:05.036430,0.25,0.8,3,0.05,0.02,0.6,0.12,4,0.5,5,0.8,,,,,,PRUNED
702,-0.5972850716038076,2026-05-12 14:40:12.373398,2026-05-12 14:40:15.808637,0 days 00:00:03.435239,0.25,0.7,2,0.05,0.02,0.3,0.08,3,0.5,20,0.8,,,,,,PRUNED
703,-0.5179924623587872,2026-05-12 14:40:15.831835,2026-05-12 14:40:16.317117,0 days 00:00:00.485282,0.45,0.7,2,0.05,0.02,0.6,0.08,6,0.5,20,0.8,-0.39108387647623727,-0.030830266507629607,0.2538171717650998,0.36025360996860767,,COMPLETE
704,-0.42357363260304626,2026-05-12 14:40:16.339823,2026-05-12 14:40:16.638765,0 days 00:00:00.298942,0.45,0.7,2,0.05,0.02,0.6,0.08,6,0.6,20,0.8,,,,,,PRUNED
705,-0.4082686481911698,2026-05-12 14:40:16.663845,2026-05-12 14:40:21.913244,0 days 00:00:05.249399,0.45,0.7,2,0.05,0.01,0.45,0.08,6,0.5,10,0.8,,,,,,PRUNED
706,-9999.0,2026-05-12 14:40:21.933937,2026-05-12 14:40:22.193801,0 days 00:00:00.259864,0.45,0.7,2,0.03,0.02,0.45,0.08,6,0.7,10,0.8,,,,,BEAR_RATIO < NEUTRAL_RATIO < BULL_RATIO 约束违反: 0.45 / 0.7 / 0.7,COMPLETE
707,-0.4458112622641619,2026-05-12 14:40:22.217843,2026-05-12 14:40:28.113727,0 days 00:00:05.895884,0.35,0.7,2,0.05,0.02,0.45,0.08,6,0.5,5,0.8,,,,,,PRUNED
