number,value,datetime_start,datetime_complete,duration,params_BEAR_RATIO,params_BULL_RATIO,params_GRID_MAX_LAYER,params_GRID_STEP_MAX,params_GRID_STEP_MIN,params_GRID_STEP_VOL_FACTOR,params_LAYER_FRACTION,params_MAX_HOLD,params_NEUTRAL_RATIO,params_REBALANCE_FREQ,params_VOL_WEIGHT,user_attrs_avg_test_score,user_attrs_avg_train_score,user_attrs_test_score_std,user_attrs_train_test_gap,user_attrs_validation_error,state
9913,-0.43333909441165963,2026-05-12 22:28:10.468999,2026-05-12 22:28:10.944866,0 days 00:00:00.475867,0.35,0.7,2,0.05,0.02,0.6,0.08,6,0.5,20,0.8,,,,,,PRUNED
9914,-0.5380562253272545,2026-05-12 22:28:10.986144,2026-05-12 22:28:15.928889,0 days 00:00:04.942745,0.25,0.7,4,0.05,0.02,0.3,0.16,4,0.5,5,0.65,,,,,,PRUNED
9915,-0.4213231947291116,2026-05-12 22:28:15.958701,2026-05-12 22:28:16.407987,0 days 00:00:00.449286,0.45,0.7,2,0.05,0.02,0.6,0.08,4,0.5,20,0.65,,,,,,PRUNED
9916,-0.5373135475622217,2026-05-12 22:28:16.438407,2026-05-12 22:28:20.854699,0 days 00:00:04.416292,0.35,0.8,3,0.03,0.01,0.45,0.16,3,0.7,5,0.8,,,,,,PRUNED
9917,-0.49063991989691846,2026-05-12 22:28:20.900078,2026-05-12 22:28:27.171868,0 days 00:00:06.271790,0.35,0.9,4,0.05,0.02,0.45,0.12,6,0.6,10,0.8,,,,,,PRUNED
9918,-0.5179924623587872,2026-05-12 22:28:27.201099,2026-05-12 22:28:27.861656,0 days 00:00:00.660557,0.45,0.7,2,0.05,0.02,0.6,0.08,6,0.5,20,0.8,-0.39108387647623727,-0.030830266507629607,0.2538171717650998,0.36025360996860767,,COMPLETE
9919,-0.5379018845453659,2026-05-12 22:28:27.893730,2026-05-12 22:28:33.656364,0 days 00:00:05.762634,0.25,0.9,3,0.05,0.01,0.3,0.08,6,0.6,5,0.5,,,,,,PRUNED
9920,-0.51331637934279,2026-05-12 22:28:33.686196,2026-05-12 22:28:38.694580,0 days 00:00:05.008384,0.35,0.7,2,0.05,0.01,0.45,0.16,4,0.6,5,0.8,,,,,,PRUNED
9921,-0.5179924623587872,2026-05-12 22:28:38.723396,2026-05-12 22:28:39.365915,0 days 00:00:00.642519,0.45,0.7,2,0.05,0.02,0.6,0.08,6,0.5,20,0.8,-0.39108387647623727,-0.030830266507629607,0.2538171717650998,0.36025360996860767,,COMPLETE
9922,-9999.0,2026-05-12 22:28:39.396252,2026-05-12 22:28:39.777298,0 days 00:00:00.381046,0.45,0.7,2,0.05,0.02,0.6,0.08,6,0.7,20,0.8,,,,,BEAR_RATIO < NEUTRAL_RATIO < BULL_RATIO 约束违反: 0.45 / 0.7 / 0.7,COMPLETE
9923,-0.4082686481911698,2026-05-12 22:28:39.806416,2026-05-12 22:28:40.243443,0 days 00:00:00.437027,0.45,0.7,2,0.05,0.02,0.45,0.08,6,0.5,10,0.5,,,,,,PRUNED
9924,-0.484885205731975,2026-05-12 22:28:40.273830,2026-05-12 22:28:45.620586,0 days 00:00:05.346756,0.35,0.9,4,0.03,0.02,0.3,0.08,6,0.5,10,0.8,,,,,,PRUNED
9925,-0.4213231947291116,2026-05-12 22:28:45.657676,2026-05-12 22:28:46.108571,0 days 00:00:00.450895,0.45,0.7,2,0.05,0.02,0.6,0.08,4,0.5,20,0.5,,,,,,PRUNED
9926,-0.5687583803817668,2026-05-12 22:28:46.136284,2026-05-12 22:28:49.891742,0 days 00:00:03.755458,0.35,0.9,4,0.03,0.02,0.6,0.12,3,0.5,10,0.5,,,,,,PRUNED
9927,-0.5501922733047022,2026-05-12 22:28:49.920609,2026-05-12 22:28:55.453987,0 days 00:00:05.533378,0.25,0.9,3,0.03,0.02,0.6,0.08,5,0.6,5,0.8,,,,,,PRUNED
9928,-0.46606600026479444,2026-05-12 22:28:55.496892,2026-05-12 22:29:00.455057,0 days 00:00:04.958165,0.45,0.7,2,0.05,0.01,0.3,0.08,4,0.5,5,0.5,,,,,,PRUNED
9929,-0.5093654511802586,2026-05-12 22:29:00.479811,2026-05-12 22:29:06.247868,0 days 00:00:05.768057,0.35,0.9,4,0.05,0.02,0.6,0.08,6,0.7,5,0.5,,,,,,PRUNED
9930,-0.6048182922860319,2026-05-12 22:29:06.274735,2026-05-12 22:29:09.703137,0 days 00:00:03.428402,0.35,0.9,3,0.05,0.01,0.3,0.12,3,0.5,20,0.65,,,,,,PRUNED
9931,-0.5182406672588966,2026-05-12 22:29:09.735172,2026-05-12 22:29:10.394386,0 days 00:00:00.659214,0.45,0.7,2,0.05,0.02,0.45,0.08,6,0.5,20,0.8,-0.3910743597599139,-0.030648087966744914,0.25433261499796533,0.360426271793169,,COMPLETE
9932,-0.5429828516333374,2026-05-12 22:29:10.422423,2026-05-12 22:29:15.058176,0 days 00:00:04.635753,0.25,0.9,2,0.03,0.01,0.45,0.12,5,0.5,20,0.8,,,,,,PRUNED
9933,-0.5179924623587872,2026-05-12 22:29:15.086416,2026-05-12 22:29:15.725023,0 days 00:00:00.638607,0.45,0.7,2,0.05,0.02,0.6,0.08,6,0.5,20,0.8,-0.39108387647623727,-0.030830266507629607,0.2538171717650998,0.36025360996860767,,COMPLETE
9934,-0.4257392076995694,2026-05-12 22:29:15.754759,2026-05-12 22:29:16.201966,0 days 00:00:00.447207,0.45,0.7,4,0.05,0.02,0.6,0.08,4,0.5,20,0.8,,,,,,PRUNED
9935,-0.4997955465888503,2026-05-12 22:29:16.233019,2026-05-12 22:29:20.949727,0 days 00:00:04.716708,0.45,0.7,3,0.03,0.02,0.3,0.16,5,0.6,20,0.8,,,,,,PRUNED
9936,-0.4194511448045569,2026-05-12 22:29:20.978385,2026-05-12 22:29:21.455049,0 days 00:00:00.476664,0.45,0.7,2,0.05,0.02,0.6,0.12,6,0.5,20,0.8,,,,,,PRUNED
9937,-0.4543355200239524,2026-05-12 22:29:21.503752,2026-05-12 22:29:27.315775,0 days 00:00:05.812023,0.45,0.9,3,0.05,0.01,0.6,0.16,6,0.5,20,0.65,,,,,,PRUNED
9938,-0.5715107846558711,2026-05-12 22:29:27.347521,2026-05-12 22:29:27.805193,0 days 00:00:00.457672,0.45,0.7,2,0.05,0.02,0.6,0.08,3,0.5,20,0.8,,,,,,PRUNED
9939,-9999.0,2026-05-12 22:29:27.835499,2026-05-12 22:29:28.255168,0 days 00:00:00.419669,0.45,0.7,3,0.03,0.02,0.45,0.12,4,0.7,20,0.65,,,,,BEAR_RATIO < NEUTRAL_RATIO < BULL_RATIO 约束违反: 0.45 / 0.7 / 0.7,COMPLETE
9940,-0.49207537078123437,2026-05-12 22:29:28.285850,2026-05-12 22:29:34.153882,0 days 00:00:05.868032,0.35,0.7,3,0.03,0.02,0.45,0.12,6,0.5,5,0.65,,,,,,PRUNED
9941,-9999.0,2026-05-12 22:29:34.184156,2026-05-12 22:29:34.599791,0 days 00:00:00.415635,0.25,0.7,2,0.05,0.01,0.3,0.16,3,0.7,5,0.5,,,,,BEAR_RATIO < NEUTRAL_RATIO < BULL_RATIO 约束违反: 0.25 / 0.7 / 0.7,COMPLETE
9942,-0.4840955109860205,2026-05-12 22:29:34.631288,2026-05-12 22:29:39.600899,0 days 00:00:04.969611,0.35,0.9,4,0.05,0.01,0.6,0.16,5,0.5,10,0.5,,,,,,PRUNED
9943,-0.4815022208545415,2026-05-12 22:29:39.631800,2026-05-12 22:29:45.203021,0 days 00:00:05.571221,0.45,0.8,3,0.03,0.01,0.3,0.16,5,0.5,5,0.8,,,,,,PRUNED
9944,-9999.0,2026-05-12 22:29:45.235029,2026-05-12 22:29:45.636516,0 days 00:00:00.401487,0.35,0.7,3,0.03,0.02,0.6,0.16,3,0.7,10,0.65,,,,,BEAR_RATIO < NEUTRAL_RATIO < BULL_RATIO 约束违反: 0.35 / 0.7 / 0.7,COMPLETE
9945,-9999.0,2026-05-12 22:29:45.666173,2026-05-12 22:29:46.045197,0 days 00:00:00.379024,0.25,0.7,2,0.05,0.02,0.45,0.12,3,0.7,10,0.8,,,,,BEAR_RATIO < NEUTRAL_RATIO < BULL_RATIO 约束违反: 0.25 / 0.7 / 0.7,COMPLETE
9946,-0.5179924623587872,2026-05-12 22:29:46.075310,2026-05-12 22:29:46.716494,0 days 00:00:00.641184,0.45,0.7,2,0.05,0.02,0.6,0.08,6,0.5,20,0.8,-0.39108387647623727,-0.030830266507629607,0.2538171717650998,0.36025360996860767,,COMPLETE
9947,-0.48517892010227015,2026-05-12 22:29:46.745698,2026-05-12 22:29:51.192313,0 days 00:00:04.446615,0.35,0.8,3,0.05,0.02,0.45,0.08,3,0.6,5,0.5,,,,,,PRUNED
9948,-0.4429247480480498,2026-05-12 22:29:51.227254,2026-05-12 22:29:55.624710,0 days 00:00:04.397456,0.45,0.7,2,0.05,0.02,0.6,0.08,3,0.6,5,0.8,,,,,,PRUNED
9949,-0.4278019617453936,2026-05-12 22:29:55.654114,2026-05-12 22:30:00.066189,0 days 00:00:04.412075,0.45,0.7,2,0.05,0.02,0.6,0.08,4,0.5,10,0.5,,,,,,PRUNED
9950,-0.58343989757325,2026-05-12 22:30:00.101096,2026-05-12 22:30:03.887498,0 days 00:00:03.786402,0.35,0.9,4,0.03,0.02,0.3,0.12,3,0.6,10,0.65,,,,,,PRUNED
9951,-0.565827447988813,2026-05-12 22:30:03.915465,2026-05-12 22:30:07.719726,0 days 00:00:03.804261,0.35,0.8,3,0.05,0.01,0.3,0.12,3,0.7,10,0.65,,,,,,PRUNED
9952,-0.5523964591890418,2026-05-12 22:30:07.747082,2026-05-12 22:30:11.532297,0 days 00:00:03.785215,0.25,0.7,2,0.05,0.01,0.6,0.12,3,0.6,10,0.65,,,,,,PRUNED
9953,-0.42328876156084305,2026-05-12 22:30:11.561640,2026-05-12 22:30:12.017034,0 days 00:00:00.455394,0.45,0.7,2,0.05,0.02,0.6,0.08,3,0.5,5,0.8,,,,,,PRUNED
9954,-0.5910622890072166,2026-05-12 22:30:12.044205,2026-05-12 22:30:12.485828,0 days 00:00:00.441623,0.45,0.7,2,0.05,0.02,0.6,0.08,3,0.6,20,0.8,,,,,,PRUNED
9955,-0.5179924623587872,2026-05-12 22:30:12.517412,2026-05-12 22:30:13.161270,0 days 00:00:00.643858,0.45,0.7,2,0.05,0.01,0.6,0.08,6,0.5,20,0.8,-0.39108387647623727,-0.030830266507629607,0.2538171717650998,0.36025360996860767,,COMPLETE
9956,-0.46189918519147,2026-05-12 22:30:13.188656,2026-05-12 22:30:17.267555,0 days 00:00:04.078899,0.45,0.8,3,0.05,0.02,0.45,0.16,4,0.6,20,0.8,,,,,,PRUNED
9957,-0.4227083328226171,2026-05-12 22:30:17.300344,2026-05-12 22:30:17.781697,0 days 00:00:00.481353,0.45,0.8,2,0.05,0.02,0.6,0.08,6,0.5,10,0.8,,,,,,PRUNED
9958,-0.5565624022756462,2026-05-12 22:30:17.810936,2026-05-12 22:30:21.604199,0 days 00:00:03.793263,0.35,0.9,4,0.03,0.02,0.6,0.08,3,0.5,10,0.5,,,,,,PRUNED
9959,-0.4242910183560481,2026-05-12 22:30:21.634311,2026-05-12 22:30:22.103719,0 days 00:00:00.469408,0.45,0.7,2,0.05,0.02,0.6,0.08,5,0.5,20,0.8,,,,,,PRUNED
9960,-0.5179924623587872,2026-05-12 22:30:22.134630,2026-05-12 22:30:22.866582,0 days 00:00:00.731952,0.45,0.7,2,0.05,0.02,0.6,0.08,6,0.5,20,0.8,-0.39108387647623727,-0.030830266507629607,0.2538171717650998,0.36025360996860767,,COMPLETE
9961,-0.5333824316576149,2026-05-12 22:30:22.894024,2026-05-12 22:30:27.881047,0 days 00:00:04.987023,0.35,0.8,4,0.05,0.02,0.3,0.16,4,0.6,5,0.8,,,,,,PRUNED
9962,-0.4287355409983588,2026-05-12 22:30:27.910391,2026-05-12 22:30:28.373320,0 days 00:00:00.462929,0.45,0.8,2,0.05,0.02,0.6,0.08,6,0.5,5,0.8,,,,,,PRUNED
9963,-0.4771920602352625,2026-05-12 22:30:28.400311,2026-05-12 22:30:34.184051,0 days 00:00:05.783740,0.35,0.8,4,0.05,0.02,0.45,0.08,6,0.7,20,0.5,,,,,,PRUNED
9964,-0.43608096654459877,2026-05-12 22:30:34.211283,2026-05-12 22:30:39.093440,0 days 00:00:04.882157,0.45,0.9,4,0.05,0.01,0.3,0.08,6,0.5,20,0.8,,,,,,PRUNED
9965,-0.6142385185246051,2026-05-12 22:30:39.121802,2026-05-12 22:30:42.609909,0 days 00:00:03.488107,0.35,0.9,2,0.05,0.02,0.3,0.08,3,0.6,20,0.8,,,,,,PRUNED
9966,-0.5179924623587872,2026-05-12 22:30:42.638482,2026-05-12 22:30:43.304687,0 days 00:00:00.666205,0.45,0.7,2,0.05,0.02,0.6,0.08,6,0.5,20,0.5,-0.39108387647623727,-0.030830266507629607,0.2538171717650998,0.36025360996860767,,COMPLETE
9967,-9999.0,2026-05-12 22:30:43.337829,2026-05-12 22:30:43.730279,0 days 00:00:00.392450,0.25,0.7,2,0.03,0.02,0.6,0.12,3,0.7,10,0.5,,,,,BEAR_RATIO < NEUTRAL_RATIO < BULL_RATIO 约束违反: 0.25 / 0.7 / 0.7,COMPLETE
9968,-0.4967823316133506,2026-05-12 22:30:43.762714,2026-05-12 22:30:47.811928,0 days 00:00:04.049214,0.45,0.8,4,0.03,0.02,0.45,0.12,4,0.7,20,0.8,,,,,,PRUNED
9969,-0.5719152221678326,2026-05-12 22:30:47.842035,2026-05-12 22:30:51.661091,0 days 00:00:03.819056,0.25,0.8,3,0.05,0.02,0.6,0.12,3,0.7,10,0.5,,,,,,PRUNED
9970,-0.4846707824214394,2026-05-12 22:30:51.687449,2026-05-12 22:30:56.960950,0 days 00:00:05.273501,0.45,0.8,4,0.03,0.02,0.45,0.12,6,0.6,10,0.5,,,,,,PRUNED
9971,-0.5179924623587872,2026-05-12 22:30:56.989948,2026-05-12 22:30:57.628609,0 days 00:00:00.638661,0.45,0.7,2,0.05,0.02,0.6,0.08,6,0.5,20,0.8,-0.39108387647623727,-0.030830266507629607,0.2538171717650998,0.36025360996860767,,COMPLETE
9972,-9999.0,2026-05-12 22:30:57.660111,2026-05-12 22:30:58.047425,0 days 00:00:00.387314,0.45,0.7,2,0.05,0.01,0.45,0.08,5,0.7,20,0.65,,,,,BEAR_RATIO < NEUTRAL_RATIO < BULL_RATIO 约束违反: 0.45 / 0.7 / 0.7,COMPLETE
9973,-0.410125315542252,2026-05-12 22:30:58.077291,2026-05-12 22:30:58.524869,0 days 00:00:00.447578,0.45,0.7,4,0.05,0.02,0.6,0.08,6,0.5,20,0.8,,,,,,PRUNED
9974,-0.5179924623587872,2026-05-12 22:30:58.555456,2026-05-12 22:30:59.185664,0 days 00:00:00.630208,0.45,0.7,2,0.05,0.02,0.6,0.08,6,0.5,20,0.65,-0.39108387647623727,-0.030830266507629607,0.2538171717650998,0.36025360996860767,,COMPLETE
9975,-0.5601297067962634,2026-05-12 22:30:59.229404,2026-05-12 22:31:05.098050,0 days 00:00:05.868646,0.25,0.8,4,0.05,0.02,0.45,0.16,6,0.7,5,0.8,,,,,,PRUNED
9976,-9999.0,2026-05-12 22:31:05.143876,2026-05-12 22:31:05.566764,0 days 00:00:00.422888,0.35,0.7,3,0.03,0.02,0.3,0.16,6,0.7,10,0.5,,,,,BEAR_RATIO < NEUTRAL_RATIO < BULL_RATIO 约束违反: 0.35 / 0.7 / 0.7,COMPLETE
9977,-0.5736728359291058,2026-05-12 22:31:05.595889,2026-05-12 22:31:09.396916,0 days 00:00:03.801027,0.45,0.8,3,0.03,0.02,0.6,0.16,3,0.6,10,0.65,,,,,,PRUNED
9978,-0.539940909530902,2026-05-12 22:31:09.422688,2026-05-12 22:31:13.346733,0 days 00:00:03.924045,0.45,0.8,4,0.05,0.02,0.45,0.08,3,0.6,10,0.8,,,,,,PRUNED
9979,-0.5369847098968477,2026-05-12 22:31:13.378986,2026-05-12 22:31:18.393816,0 days 00:00:05.014830,0.45,0.9,4,0.05,0.02,0.3,0.16,4,0.7,5,0.5,,,,,,PRUNED
9980,-0.6094177233364708,2026-05-12 22:31:18.423932,2026-05-12 22:31:22.259645,0 days 00:00:03.835713,0.25,0.8,4,0.03,0.01,0.3,0.16,3,0.7,10,0.65,,,,,,PRUNED
9981,-0.549095445030521,2026-05-12 22:31:22.297466,2026-05-12 22:31:27.048481,0 days 00:00:04.751015,0.25,0.8,3,0.03,0.02,0.3,0.12,5,0.7,20,0.65,,,,,,PRUNED
9982,-9999.0,2026-05-12 22:31:27.075886,2026-05-12 22:31:27.492330,0 days 00:00:00.416444,0.25,0.7,4,0.03,0.02,0.45,0.12,6,0.7,5,0.8,,,,,BEAR_RATIO < NEUTRAL_RATIO < BULL_RATIO 约束违反: 0.25 / 0.7 / 0.7,COMPLETE
9983,-9999.0,2026-05-12 22:31:27.523872,2026-05-12 22:31:27.926080,0 days 00:00:00.402208,0.25,0.7,2,0.05,0.02,0.45,0.08,6,0.7,20,0.8,,,,,BEAR_RATIO < NEUTRAL_RATIO < BULL_RATIO 约束违反: 0.25 / 0.7 / 0.7,COMPLETE
9984,-0.4605102609999123,2026-05-12 22:31:27.958938,2026-05-12 22:31:32.852207,0 days 00:00:04.893269,0.45,0.9,2,0.05,0.01,0.45,0.08,6,0.7,20,0.8,,,,,,PRUNED
9985,-0.5181909472293111,2026-05-12 22:31:32.879548,2026-05-12 22:31:39.084582,0 days 00:00:06.205034,0.35,0.7,2,0.03,0.02,0.6,0.16,6,0.6,10,0.8,,,,,,PRUNED
9986,-0.5874358273812148,2026-05-12 22:31:39.115329,2026-05-12 22:31:42.667667,0 days 00:00:03.552338,0.35,0.7,2,0.05,0.01,0.6,0.12,3,0.5,20,0.8,,,,,,PRUNED
9987,-0.5293130628239594,2026-05-12 22:31:42.695508,2026-05-12 22:31:46.801095,0 days 00:00:04.105587,0.25,0.8,4,0.03,0.02,0.6,0.16,4,0.6,20,0.5,,,,,,PRUNED
9988,-0.5350272995140781,2026-05-12 22:31:46.832415,2026-05-12 22:31:52.853398,0 days 00:00:06.020983,0.25,0.8,4,0.05,0.01,0.3,0.08,6,0.7,5,0.5,,,,,,PRUNED
9989,-0.6225728505741596,2026-05-12 22:31:52.884919,2026-05-12 22:31:56.380171,0 days 00:00:03.495252,0.35,0.8,4,0.05,0.02,0.6,0.16,3,0.6,20,0.65,,,,,,PRUNED
9990,-0.6347905751281249,2026-05-12 22:31:56.410544,2026-05-12 22:31:59.890642,0 days 00:00:03.480098,0.25,0.8,3,0.03,0.01,0.45,0.16,3,0.5,20,0.65,,,,,,PRUNED
9991,-9999.0,2026-05-12 22:31:59.919195,2026-05-12 22:32:00.330271,0 days 00:00:00.411076,0.45,0.7,2,0.05,0.02,0.6,0.08,4,0.7,20,0.8,,,,,BEAR_RATIO < NEUTRAL_RATIO < BULL_RATIO 约束违反: 0.45 / 0.7 / 0.7,COMPLETE
9992,-0.49886348863259145,2026-05-12 22:32:00.360280,2026-05-12 22:32:05.973151,0 days 00:00:05.612871,0.45,0.9,3,0.03,0.02,0.3,0.08,5,0.7,5,0.65,,,,,,PRUNED
9993,-0.5179924623587872,2026-05-12 22:32:06.001950,2026-05-12 22:32:06.640174,0 days 00:00:00.638224,0.45,0.7,2,0.05,0.02,0.6,0.08,6,0.5,20,0.8,-0.39108387647623727,-0.030830266507629607,0.2538171717650998,0.36025360996860767,,COMPLETE
9994,-0.5377989069049185,2026-05-12 22:32:06.684119,2026-05-12 22:32:11.383879,0 days 00:00:04.699760,0.35,0.9,4,0.03,0.02,0.3,0.12,5,0.7,20,0.8,,,,,,PRUNED
9995,-0.5305070887863705,2026-05-12 22:32:11.415076,2026-05-12 22:32:16.675361,0 days 00:00:05.260285,0.35,0.8,3,0.03,0.01,0.3,0.16,6,0.6,10,0.8,,,,,,PRUNED
9996,-0.5291651630615976,2026-05-12 22:32:16.730129,2026-05-12 22:32:22.025104,0 days 00:00:05.294975,0.35,0.9,4,0.03,0.01,0.45,0.16,5,0.6,10,0.8,,,,,,PRUNED
9997,-0.5370490836273678,2026-05-12 22:32:22.061793,2026-05-12 22:32:25.901882,0 days 00:00:03.840089,0.35,0.7,3,0.03,0.02,0.3,0.08,3,0.5,10,0.5,,,,,,PRUNED
9998,-0.5179924623587872,2026-05-12 22:32:25.932562,2026-05-12 22:32:26.578898,0 days 00:00:00.646336,0.45,0.7,2,0.05,0.02,0.6,0.08,6,0.5,20,0.8,-0.39108387647623727,-0.030830266507629607,0.2538171717650998,0.36025360996860767,,COMPLETE
9999,-0.5051667484514152,2026-05-12 22:32:26.609661,2026-05-12 22:32:31.197006,0 days 00:00:04.587345,0.25,0.9,3,0.05,0.01,0.45,0.12,4,0.7,10,0.5,,,,,,PRUNED
10000,-0.47572835158785143,2026-05-12 22:32:31.235726,2026-05-12 22:32:37.461580,0 days 00:00:06.225854,0.35,0.9,4,0.05,0.01,0.6,0.12,6,0.5,20,0.5,,,,,,PRUNED
10001,-0.5179924623587872,2026-05-12 22:32:37.488304,2026-05-12 22:32:38.075181,0 days 00:00:00.586877,0.45,0.7,2,0.05,0.02,0.6,0.08,6,0.5,20,0.8,-0.39108387647623727,-0.030830266507629607,0.2538171717650998,0.36025360996860767,,COMPLETE
10002,-0.56657019773712,2026-05-12 22:32:38.103502,2026-05-12 22:32:44.420383,0 days 00:00:06.316881,0.25,0.8,2,0.03,0.01,0.3,0.16,6,0.6,20,0.5,,,,,,PRUNED
10003,-0.46079768554003325,2026-05-12 22:32:44.446025,2026-05-12 22:32:52.061469,0 days 00:00:07.615444,0.45,0.9,4,0.03,0.02,0.3,0.08,5,0.5,5,0.65,,,,,,PRUNED
10004,-0.5179924623587872,2026-05-12 22:32:52.087250,2026-05-12 22:32:52.704123,0 days 00:00:00.616873,0.45,0.7,2,0.05,0.02,0.6,0.08,6,0.5,20,0.8,-0.39108387647623727,-0.030830266507629607,0.2538171717650998,0.36025360996860767,,COMPLETE
10005,-0.5633560360195684,2026-05-12 22:32:52.729804,2026-05-12 22:32:59.526916,0 days 00:00:06.797112,0.25,0.9,2,0.05,0.01,0.6,0.12,4,0.6,5,0.5,,,,,,PRUNED
10006,-0.47434232940502696,2026-05-12 22:32:59.558069,2026-05-12 22:33:05.624204,0 days 00:00:06.066135,0.45,0.8,3,0.05,0.02,0.6,0.12,4,0.7,10,0.65,,,,,,PRUNED
10007,-0.463698498977229,2026-05-12 22:33:05.653167,2026-05-12 22:33:11.085855,0 days 00:00:05.432688,0.35,0.8,2,0.05,0.02,0.6,0.08,4,0.7,20,0.5,,,,,,PRUNED
10008,-0.47202305310514403,2026-05-12 22:33:11.118230,2026-05-12 22:33:18.143470,0 days 00:00:07.025240,0.35,0.8,4,0.03,0.01,0.45,0.08,6,0.5,10,0.65,,,,,,PRUNED
10009,-0.5546519017106017,2026-05-12 22:33:18.171123,2026-05-12 22:33:23.025366,0 days 00:00:04.854243,0.45,0.7,3,0.03,0.01,0.45,0.12,3,0.6,10,0.65,,,,,,PRUNED
10010,-0.5179924623587872,2026-05-12 22:33:23.051448,2026-05-12 22:33:23.691045,0 days 00:00:00.639597,0.45,0.7,2,0.05,0.02,0.6,0.08,6,0.5,20,0.8,-0.39108387647623727,-0.030830266507629607,0.2538171717650998,0.36025360996860767,,COMPLETE
10011,-0.4733079073480342,2026-05-12 22:33:23.715982,2026-05-12 22:33:29.495894,0 days 00:00:05.779912,0.35,0.7,3,0.05,0.02,0.45,0.12,5,0.6,20,0.5,,,,,,PRUNED
10012,-0.5179924623587872,2026-05-12 22:33:29.526851,2026-05-12 22:33:30.163201,0 days 00:00:00.636350,0.45,0.7,2,0.05,0.02,0.6,0.08,6,0.5,20,0.8,-0.39108387647623727,-0.030830266507629607,0.2538171717650998,0.36025360996860767,,COMPLETE
10013,-0.4194511448045569,2026-05-12 22:33:30.190085,2026-05-12 22:33:30.739290,0 days 00:00:00.549205,0.45,0.7,2,0.05,0.02,0.6,0.12,6,0.5,20,0.65,,,,,,PRUNED
10014,-0.46569097115050706,2026-05-12 22:33:30.763723,2026-05-12 22:33:35.316914,0 days 00:00:04.553191,0.45,0.9,2,0.05,0.01,0.45,0.16,4,0.6,20,0.5,,,,,,PRUNED
10015,-9999.0,2026-05-12 22:33:35.344250,2026-05-12 22:33:35.696454,0 days 00:00:00.352204,0.35,0.7,2,0.05,0.02,0.45,0.12,6,0.7,20,0.8,,,,,BEAR_RATIO < NEUTRAL_RATIO < BULL_RATIO 约束违反: 0.35 / 0.7 / 0.7,COMPLETE
10016,-0.47419915373168053,2026-05-12 22:33:35.723743,2026-05-12 22:33:40.496903,0 days 00:00:04.773160,0.45,0.9,4,0.05,0.01,0.6,0.16,4,0.6,20,0.65,,,,,,PRUNED
10017,-0.45828067865594424,2026-05-12 22:33:40.524930,2026-05-12 22:33:46.251553,0 days 00:00:05.726623,0.35,0.7,2,0.03,0.01,0.6,0.08,6,0.5,10,0.8,,,,,,PRUNED
10018,-0.4480545930281673,2026-05-12 22:33:46.281937,2026-05-12 22:33:52.400860,0 days 00:00:06.118923,0.35,0.8,3,0.05,0.01,0.6,0.08,6,0.5,20,0.8,,,,,,PRUNED
10019,-9999.0,2026-05-12 22:33:52.430107,2026-05-12 22:33:52.857417,0 days 00:00:00.427310,0.45,0.7,2,0.05,0.02,0.6,0.08,6,0.7,5,0.5,,,,,BEAR_RATIO < NEUTRAL_RATIO < BULL_RATIO 约束违反: 0.45 / 0.7 / 0.7,COMPLETE
10020,-0.5153093990899892,2026-05-12 22:33:52.886819,2026-05-12 22:33:58.905125,0 days 00:00:06.018306,0.35,0.8,2,0.03,0.02,0.6,0.08,6,0.7,5,0.8,,,,,,PRUNED
10021,-0.46152728035568846,2026-05-12 22:33:58.933157,2026-05-12 22:33:59.376617,0 days 00:00:00.443460,0.45,0.9,2,0.05,0.02,0.6,0.08,6,0.7,20,0.8,,,,,,PRUNED
10022,-0.48836115719547696,2026-05-12 22:33:59.407675,2026-05-12 22:34:03.543534,0 days 00:00:04.135859,0.25,0.9,3,0.05,0.01,0.3,0.12,4,0.5,20,0.65,,,,,,PRUNED
10023,-0.42357363260304626,2026-05-12 22:34:03.573676,2026-05-12 22:34:04.004256,0 days 00:00:00.430580,0.45,0.7,2,0.05,0.02,0.6,0.08,6,0.6,20,0.8,,,,,,PRUNED
10024,-0.48522050020924157,2026-05-12 22:34:04.033625,2026-05-12 22:34:09.303698,0 days 00:00:05.270073,0.35,0.8,2,0.03,0.02,0.3,0.08,6,0.6,10,0.5,,,,,,PRUNED
10025,-0.5220255558677699,2026-05-12 22:34:09.334803,2026-05-12 22:34:14.311071,0 days 00:00:04.976268,0.45,0.9,3,0.05,0.02,0.45,0.08,4,0.7,5,0.5,,,,,,PRUNED
10026,-0.46415129192443694,2026-05-12 22:34:14.342877,2026-05-12 22:34:19.503271,0 days 00:00:05.160394,0.35,0.8,4,0.05,0.02,0.45,0.08,6,0.6,10,0.65,,,,,,PRUNED
10027,-0.540462519259596,2026-05-12 22:34:19.531551,2026-05-12 22:34:24.197768,0 days 00:00:04.666217,0.35,0.9,3,0.03,0.01,0.6,0.16,5,0.6,20,0.65,,,,,,PRUNED
10028,-9999.0,2026-05-12 22:34:24.229737,2026-05-12 22:34:24.634593,0 days 00:00:00.404856,0.35,0.7,3,0.03,0.01,0.3,0.12,3,0.7,20,0.8,,,,,BEAR_RATIO < NEUTRAL_RATIO < BULL_RATIO 约束违反: 0.35 / 0.7 / 0.7,COMPLETE
10029,-0.4745608643969031,2026-05-12 22:34:24.662913,2026-05-12 22:34:29.584281,0 days 00:00:04.921368,0.45,0.9,3,0.05,0.01,0.45,0.12,6,0.7,20,0.5,,,,,,PRUNED
10030,-0.45675056654297275,2026-05-12 22:34:29.614632,2026-05-12 22:34:34.852262,0 days 00:00:05.237630,0.45,0.9,4,0.03,0.02,0.6,0.08,6,0.5,10,0.5,,,,,,PRUNED
10031,-0.45321380839293557,2026-05-12 22:34:34.881694,2026-05-12 22:34:39.266908,0 days 00:00:04.385214,0.35,0.8,2,0.05,0.02,0.3,0.08,4,0.5,10,0.65,,,,,,PRUNED
10032,-0.5241367195898923,2026-05-12 22:34:39.294883,2026-05-12 22:34:45.589733,0 days 00:00:06.294850,0.25,0.7,4,0.03,0.01,0.45,0.12,6,0.5,10,0.8,,,,,,PRUNED
10033,-0.562515361811294,2026-05-12 22:34:45.615104,2026-05-12 22:34:50.290312,0 days 00:00:04.675208,0.25,0.8,4,0.03,0.01,0.3,0.16,5,0.6,20,0.65,,,,,,PRUNED
10034,-0.5548189857309801,2026-05-12 22:34:50.321577,2026-05-12 22:34:55.602427,0 days 00:00:05.280850,0.25,0.8,3,0.03,0.02,0.6,0.16,6,0.5,10,0.65,,,,,,PRUNED
10035,-0.5264042400764266,2026-05-12 22:34:55.632837,2026-05-12 22:35:00.835434,0 days 00:00:05.202597,0.25,0.8,3,0.05,0.02,0.45,0.16,6,0.7,10,0.5,,,,,,PRUNED
10036,-0.542594164932868,2026-05-12 22:35:00.861886,2026-05-12 22:35:05.317377,0 days 00:00:04.455491,0.25,0.9,4,0.03,0.02,0.6,0.16,4,0.7,10,0.5,,,,,,PRUNED
