number,value,datetime_start,datetime_complete,duration,params_BEAR_RATIO,params_BULL_RATIO,params_GRID_MAX_LAYER,params_GRID_STEP_MAX,params_GRID_STEP_MIN,params_GRID_STEP_VOL_FACTOR,params_LAYER_FRACTION,params_MAX_HOLD,params_NEUTRAL_RATIO,params_REBALANCE_FREQ,params_VOL_WEIGHT,user_attrs_avg_test_score,user_attrs_avg_train_score,user_attrs_test_score_std,user_attrs_train_test_gap,user_attrs_validation_error,state
7358,-0.6357630807054999,2026-05-12 20:20:34.870952,2026-05-12 20:20:38.696865,0 days 00:00:03.825913,0.25,0.8,3,0.03,0.02,0.45,0.08,3,0.7,20,0.8,,,,,,PRUNED
7359,-0.5323968826433878,2026-05-12 20:20:39.110601,2026-05-12 20:20:44.155307,0 days 00:00:05.044706,0.45,0.9,4,0.03,0.02,0.3,0.16,4,0.5,5,0.8,,,,,,PRUNED
7360,-0.5179924623587872,2026-05-12 20:20:44.182553,2026-05-12 20:20:44.782672,0 days 00:00:00.600119,0.45,0.7,2,0.05,0.02,0.6,0.08,6,0.5,20,0.8,-0.39108387647623727,-0.030830266507629607,0.2538171717650998,0.36025360996860767,,COMPLETE
7361,-0.48270270745739413,2026-05-12 20:20:44.807117,2026-05-12 20:20:49.571253,0 days 00:00:04.764136,0.25,0.7,2,0.05,0.02,0.3,0.08,5,0.6,10,0.5,,,,,,PRUNED
7362,-0.44222659773842976,2026-05-12 20:20:49.606797,2026-05-12 20:20:50.013822,0 days 00:00:00.407025,0.45,0.8,2,0.05,0.02,0.6,0.16,6,0.5,20,0.8,,,,,,PRUNED
7363,-0.5182406672588966,2026-05-12 20:20:50.041099,2026-05-12 20:20:50.659443,0 days 00:00:00.618344,0.45,0.7,2,0.05,0.02,0.45,0.08,6,0.5,20,0.8,-0.3910743597599139,-0.030648087966744914,0.25433261499796533,0.360426271793169,,COMPLETE
7364,-0.44702449147322787,2026-05-12 20:20:50.686161,2026-05-12 20:20:55.620966,0 days 00:00:04.934805,0.45,0.7,3,0.03,0.02,0.45,0.12,5,0.5,10,0.65,,,,,,PRUNED
7365,-0.5086777404539393,2026-05-12 20:20:55.648950,2026-05-12 20:20:59.124581,0 days 00:00:03.475631,0.25,0.9,3,0.05,0.02,0.45,0.08,6,0.6,20,0.65,,,,,,PRUNED
7366,-0.526019741628445,2026-05-12 20:20:59.155498,2026-05-12 20:21:04.059441,0 days 00:00:04.903943,0.35,0.9,4,0.03,0.02,0.45,0.16,6,0.5,20,0.8,,,,,,PRUNED
7367,-0.43571952340474307,2026-05-12 20:21:04.086635,2026-05-12 20:21:09.001631,0 days 00:00:04.914996,0.45,0.7,3,0.05,0.01,0.6,0.08,4,0.6,20,0.8,,,,,,PRUNED
7368,-0.5179924623587872,2026-05-12 20:21:09.034385,2026-05-12 20:21:09.691097,0 days 00:00:00.656712,0.45,0.7,2,0.05,0.02,0.6,0.08,6,0.5,20,0.8,-0.39108387647623727,-0.030830266507629607,0.2538171717650998,0.36025360996860767,,COMPLETE
7369,-0.6376208115706099,2026-05-12 20:21:09.723123,2026-05-12 20:21:13.476375,0 days 00:00:03.753252,0.45,0.8,2,0.03,0.01,0.45,0.12,3,0.7,20,0.8,,,,,,PRUNED
7370,-0.5179924623587872,2026-05-12 20:21:13.503906,2026-05-12 20:21:14.161722,0 days 00:00:00.657816,0.45,0.7,2,0.05,0.02,0.6,0.08,6,0.5,20,0.8,-0.39108387647623727,-0.030830266507629607,0.2538171717650998,0.36025360996860767,,COMPLETE
7371,-0.43539398241717564,2026-05-12 20:21:14.192206,2026-05-12 20:21:14.647078,0 days 00:00:00.454872,0.45,0.8,2,0.05,0.02,0.6,0.08,6,0.6,20,0.8,,,,,,PRUNED
7372,-0.5610560159760754,2026-05-12 20:21:14.677997,2026-05-12 20:21:20.177919,0 days 00:00:05.499922,0.45,0.9,3,0.03,0.01,0.3,0.16,4,0.7,5,0.5,,,,,,PRUNED
7373,-0.4194511448045569,2026-05-12 20:21:20.207585,2026-05-12 20:21:20.633996,0 days 00:00:00.426411,0.45,0.7,2,0.05,0.02,0.6,0.12,6,0.5,20,0.8,,,,,,PRUNED
7374,-0.4318124553734489,2026-05-12 20:21:20.661846,2026-05-12 20:21:21.115426,0 days 00:00:00.453580,0.45,0.7,2,0.03,0.02,0.6,0.08,6,0.5,20,0.8,,,,,,PRUNED
7375,-0.5179924623587872,2026-05-12 20:21:21.144960,2026-05-12 20:21:21.817157,0 days 00:00:00.672197,0.45,0.7,2,0.05,0.02,0.6,0.08,6,0.5,20,0.5,-0.39108387647623727,-0.030830266507629607,0.2538171717650998,0.36025360996860767,,COMPLETE
7376,-0.5179924623587872,2026-05-12 20:21:21.849647,2026-05-12 20:21:22.522959,0 days 00:00:00.673312,0.45,0.7,2,0.05,0.02,0.6,0.08,6,0.5,20,0.8,-0.39108387647623727,-0.030830266507629607,0.2538171717650998,0.36025360996860767,,COMPLETE
7377,-0.5715107846558711,2026-05-12 20:21:22.552550,2026-05-12 20:21:22.983430,0 days 00:00:00.430880,0.45,0.7,2,0.05,0.02,0.6,0.08,3,0.5,20,0.8,,,,,,PRUNED
7378,-0.48552643916790666,2026-05-12 20:21:23.012675,2026-05-12 20:21:27.929850,0 days 00:00:04.917175,0.35,0.9,2,0.05,0.02,0.3,0.08,5,0.6,20,0.8,,,,,,PRUNED
7379,-0.52641341675032,2026-05-12 20:21:27.959383,2026-05-12 20:21:30.815653,0 days 00:00:02.856270,0.35,0.9,3,0.03,0.02,0.6,0.16,4,0.7,20,0.5,,,,,,PRUNED
7380,-0.4751102756455371,2026-05-12 20:21:30.846881,2026-05-12 20:21:35.073808,0 days 00:00:04.226927,0.45,0.7,4,0.03,0.01,0.6,0.12,4,0.6,20,0.65,,,,,,PRUNED
7381,-0.4569483875356781,2026-05-12 20:21:35.103826,2026-05-12 20:21:41.125520,0 days 00:00:06.021694,0.45,0.7,4,0.03,0.01,0.45,0.08,5,0.6,5,0.65,,,,,,PRUNED
7382,-0.47466290356786556,2026-05-12 20:21:41.152931,2026-05-12 20:21:45.537349,0 days 00:00:04.384418,0.45,0.9,3,0.05,0.02,0.3,0.16,4,0.6,20,0.8,,,,,,PRUNED
7383,-0.45861918986757516,2026-05-12 20:21:45.565449,2026-05-12 20:21:51.356342,0 days 00:00:05.790893,0.45,0.8,2,0.05,0.02,0.45,0.12,5,0.6,5,0.8,,,,,,PRUNED
7384,-0.4870616887626714,2026-05-12 20:21:51.383360,2026-05-12 20:21:57.260901,0 days 00:00:05.877541,0.35,0.8,3,0.05,0.02,0.6,0.16,6,0.5,5,0.5,,,,,,PRUNED
7385,-0.6358797912551888,2026-05-12 20:21:57.291080,2026-05-12 20:21:58.900724,0 days 00:00:01.609644,0.25,0.8,2,0.03,0.01,0.45,0.16,3,0.5,20,0.8,,,,,,PRUNED
7386,-0.46171212233311076,2026-05-12 20:21:58.929554,2026-05-12 20:22:03.771255,0 days 00:00:04.841701,0.35,0.9,2,0.05,0.02,0.3,0.08,6,0.5,20,0.8,,,,,,PRUNED
7387,-0.4476715030619437,2026-05-12 20:22:03.800120,2026-05-12 20:22:09.300410,0 days 00:00:05.500290,0.35,0.7,2,0.05,0.02,0.45,0.08,5,0.5,20,0.8,,,,,,PRUNED
7388,-0.5173159819893243,2026-05-12 20:22:09.330455,2026-05-12 20:22:13.856174,0 days 00:00:04.525719,0.25,0.9,4,0.05,0.02,0.3,0.08,3,0.5,5,0.65,,,,,,PRUNED
7389,-0.4242910183560481,2026-05-12 20:22:13.887798,2026-05-12 20:22:14.323365,0 days 00:00:00.435567,0.45,0.7,2,0.05,0.02,0.6,0.08,5,0.5,20,0.8,,,,,,PRUNED
7390,-9999.0,2026-05-12 20:22:14.353288,2026-05-12 20:22:14.740482,0 days 00:00:00.387194,0.45,0.7,2,0.05,0.02,0.6,0.08,3,0.7,10,0.8,,,,,BEAR_RATIO < NEUTRAL_RATIO < BULL_RATIO 约束违反: 0.45 / 0.7 / 0.7,COMPLETE
7391,-0.5131497503438109,2026-05-12 20:22:14.771303,2026-05-12 20:22:19.768834,0 days 00:00:04.997531,0.45,0.8,2,0.03,0.02,0.3,0.16,5,0.6,20,0.8,,,,,,PRUNED
7392,-0.4861100955648743,2026-05-12 20:22:19.800489,2026-05-12 20:22:25.410957,0 days 00:00:05.610468,0.35,0.7,4,0.03,0.01,0.45,0.12,5,0.5,5,0.8,,,,,,PRUNED
7393,-0.5179924623587872,2026-05-12 20:22:25.441930,2026-05-12 20:22:26.069495,0 days 00:00:00.627565,0.45,0.7,2,0.05,0.02,0.6,0.08,6,0.5,20,0.8,-0.39108387647623727,-0.030830266507629607,0.2538171717650998,0.36025360996860767,,COMPLETE
7394,-0.49878141940690474,2026-05-12 20:22:26.100560,2026-05-12 20:22:29.904926,0 days 00:00:03.804366,0.25,0.9,2,0.05,0.01,0.6,0.08,6,0.5,20,0.65,,,,,,PRUNED
7395,-0.5179924623587872,2026-05-12 20:22:29.932800,2026-05-12 20:22:30.574507,0 days 00:00:00.641707,0.45,0.7,2,0.05,0.02,0.6,0.08,6,0.5,20,0.65,-0.39108387647623727,-0.030830266507629607,0.2538171717650998,0.36025360996860767,,COMPLETE
7396,-0.4827253805965166,2026-05-12 20:22:30.603806,2026-05-12 20:22:35.686979,0 days 00:00:05.083173,0.25,0.7,2,0.05,0.02,0.3,0.08,5,0.5,20,0.8,,,,,,PRUNED
7397,-0.410125315542252,2026-05-12 20:22:35.713937,2026-05-12 20:22:36.165620,0 days 00:00:00.451683,0.45,0.7,4,0.05,0.02,0.6,0.08,6,0.5,20,0.8,,,,,,PRUNED
7398,-0.5179924623587872,2026-05-12 20:22:36.195881,2026-05-12 20:22:36.841883,0 days 00:00:00.646002,0.45,0.7,2,0.05,0.02,0.6,0.08,6,0.5,20,0.8,-0.39108387647623727,-0.030830266507629607,0.2538171717650998,0.36025360996860767,,COMPLETE
7399,-0.44865812817531275,2026-05-12 20:22:36.873736,2026-05-12 20:22:42.337799,0 days 00:00:05.464063,0.35,0.8,3,0.05,0.02,0.45,0.08,6,0.5,10,0.5,,,,,,PRUNED
7400,-0.5179924623587872,2026-05-12 20:22:42.365472,2026-05-12 20:22:43.017117,0 days 00:00:00.651645,0.45,0.7,2,0.05,0.02,0.6,0.08,6,0.5,20,0.8,-0.39108387647623727,-0.030830266507629607,0.2538171717650998,0.36025360996860767,,COMPLETE
7401,-0.4552476356405952,2026-05-12 20:22:43.048348,2026-05-12 20:22:47.690219,0 days 00:00:04.641871,0.45,0.8,2,0.03,0.01,0.45,0.08,4,0.5,10,0.5,,,,,,PRUNED
7402,-0.5179924623587872,2026-05-12 20:22:47.741328,2026-05-12 20:22:48.357769,0 days 00:00:00.616441,0.45,0.7,2,0.05,0.02,0.6,0.08,6,0.5,20,0.8,-0.39108387647623727,-0.030830266507629607,0.2538171717650998,0.36025360996860767,,COMPLETE
7403,-0.501168181244881,2026-05-12 20:22:48.390833,2026-05-12 20:22:52.602307,0 days 00:00:04.211474,0.25,0.9,2,0.05,0.02,0.6,0.16,4,0.7,20,0.8,,,,,,PRUNED
7404,-0.5179924623587872,2026-05-12 20:22:52.632456,2026-05-12 20:22:53.254873,0 days 00:00:00.622417,0.45,0.7,2,0.05,0.02,0.6,0.08,6,0.5,20,0.8,-0.39108387647623727,-0.030830266507629607,0.2538171717650998,0.36025360996860767,,COMPLETE
7405,-0.5249443925915671,2026-05-12 20:22:53.283463,2026-05-12 20:22:58.066199,0 days 00:00:04.782736,0.35,0.9,4,0.03,0.01,0.6,0.12,5,0.6,20,0.8,,,,,,PRUNED
7406,-0.410125315542252,2026-05-12 20:22:58.096398,2026-05-12 20:22:58.521078,0 days 00:00:00.424680,0.45,0.7,4,0.05,0.01,0.6,0.08,6,0.5,20,0.8,,,,,,PRUNED
7407,-0.4213231947291116,2026-05-12 20:22:58.549083,2026-05-12 20:22:58.987732,0 days 00:00:00.438649,0.45,0.7,2,0.05,0.01,0.6,0.08,4,0.5,20,0.8,,,,,,PRUNED
7408,-0.5179924623587872,2026-05-12 20:22:59.017230,2026-05-12 20:22:59.635493,0 days 00:00:00.618263,0.45,0.7,2,0.05,0.02,0.6,0.08,6,0.5,20,0.8,-0.39108387647623727,-0.030830266507629607,0.2538171717650998,0.36025360996860767,,COMPLETE
7409,-0.49933218116375394,2026-05-12 20:22:59.664294,2026-05-12 20:23:04.664378,0 days 00:00:05.000084,0.25,0.7,2,0.05,0.02,0.6,0.16,6,0.5,20,0.65,,,,,,PRUNED
7410,-0.6036682641693858,2026-05-12 20:23:04.691952,2026-05-12 20:23:08.964637,0 days 00:00:04.272685,0.35,0.8,3,0.05,0.02,0.3,0.16,3,0.5,20,0.5,,,,,,PRUNED
7411,-0.5179924623587872,2026-05-12 20:23:08.990815,2026-05-12 20:23:09.611469,0 days 00:00:00.620654,0.45,0.7,2,0.05,0.02,0.6,0.08,6,0.5,20,0.8,-0.39108387647623727,-0.030830266507629607,0.2538171717650998,0.36025360996860767,,COMPLETE
7412,-0.5179924623587872,2026-05-12 20:23:09.640769,2026-05-12 20:23:10.233436,0 days 00:00:00.592667,0.45,0.7,2,0.05,0.02,0.6,0.08,6,0.5,20,0.8,-0.39108387647623727,-0.030830266507629607,0.2538171717650998,0.36025360996860767,,COMPLETE
7413,-0.4478644906728722,2026-05-12 20:23:10.273982,2026-05-12 20:23:14.588347,0 days 00:00:04.314365,0.45,0.8,4,0.05,0.02,0.3,0.12,4,0.5,10,0.65,,,,,,PRUNED
7414,-0.5249376237779739,2026-05-12 20:23:14.615138,2026-05-12 20:23:18.868602,0 days 00:00:04.253464,0.25,0.9,3,0.05,0.02,0.45,0.16,3,0.5,5,0.65,,,,,,PRUNED
7415,-0.482749761235413,2026-05-12 20:23:18.894597,2026-05-12 20:23:24.246420,0 days 00:00:05.351823,0.45,0.9,2,0.03,0.02,0.6,0.08,6,0.6,5,0.8,,,,,,PRUNED
7416,-0.6354224070091099,2026-05-12 20:23:24.272558,2026-05-12 20:23:27.652876,0 days 00:00:03.380318,0.25,0.9,4,0.03,0.01,0.45,0.12,3,0.5,20,0.5,,,,,,PRUNED
7417,-0.4679005222346333,2026-05-12 20:23:27.681828,2026-05-12 20:23:32.588564,0 days 00:00:04.906736,0.35,0.8,3,0.03,0.02,0.3,0.08,5,0.5,10,0.5,,,,,,PRUNED
7418,-0.472076396449335,2026-05-12 20:23:32.617803,2026-05-12 20:23:36.934165,0 days 00:00:04.316362,0.35,0.9,2,0.05,0.02,0.6,0.16,4,0.5,10,0.65,,,,,,PRUNED
7419,-0.5179924623587872,2026-05-12 20:23:36.960483,2026-05-12 20:23:37.544641,0 days 00:00:00.584158,0.45,0.7,2,0.05,0.01,0.6,0.08,6,0.5,20,0.8,-0.39108387647623727,-0.030830266507629607,0.2538171717650998,0.36025360996860767,,COMPLETE
7420,-0.49710370833536494,2026-05-12 20:23:37.572264,2026-05-12 20:23:42.448851,0 days 00:00:04.876587,0.45,0.8,2,0.03,0.02,0.6,0.08,4,0.5,5,0.8,,,,,,PRUNED
7421,-0.5596974451609322,2026-05-12 20:23:42.476126,2026-05-12 20:23:46.762159,0 days 00:00:04.286033,0.25,0.8,3,0.03,0.02,0.45,0.12,3,0.7,5,0.8,,,,,,PRUNED
7422,-0.5179924623587872,2026-05-12 20:23:46.789769,2026-05-12 20:23:47.393384,0 days 00:00:00.603615,0.45,0.7,2,0.05,0.02,0.6,0.08,6,0.5,20,0.8,-0.39108387647623727,-0.030830266507629607,0.2538171717650998,0.36025360996860767,,COMPLETE
7423,-9999.0,2026-05-12 20:23:47.432259,2026-05-12 20:23:47.764652,0 days 00:00:00.332393,0.45,0.7,4,0.05,0.02,0.45,0.12,3,0.7,20,0.8,,,,,BEAR_RATIO < NEUTRAL_RATIO < BULL_RATIO 约束违反: 0.45 / 0.7 / 0.7,COMPLETE
7424,-0.43081053862428115,2026-05-12 20:23:47.791664,2026-05-12 20:23:51.792495,0 days 00:00:04.000831,0.45,0.8,2,0.05,0.02,0.45,0.08,4,0.5,20,0.65,,,,,,PRUNED
7425,-0.4213231947291116,2026-05-12 20:23:51.820989,2026-05-12 20:23:52.278924,0 days 00:00:00.457935,0.45,0.7,2,0.05,0.02,0.6,0.08,4,0.5,20,0.8,,,,,,PRUNED
7426,-0.473996145193724,2026-05-12 20:23:52.306585,2026-05-12 20:23:57.133815,0 days 00:00:04.827230,0.45,0.9,2,0.05,0.02,0.3,0.16,6,0.6,20,0.8,,,,,,PRUNED
7427,-0.4269450729945119,2026-05-12 20:23:57.163499,2026-05-12 20:24:01.167343,0 days 00:00:04.003844,0.45,0.7,4,0.05,0.01,0.3,0.08,4,0.5,20,0.8,,,,,,PRUNED
7428,-0.5179924623587872,2026-05-12 20:24:01.212846,2026-05-12 20:24:01.844429,0 days 00:00:00.631583,0.45,0.7,2,0.05,0.02,0.6,0.08,6,0.5,20,0.8,-0.39108387647623727,-0.030830266507629607,0.2538171717650998,0.36025360996860767,,COMPLETE
7429,-0.44690414702411296,2026-05-12 20:24:01.872042,2026-05-12 20:24:07.818948,0 days 00:00:05.946906,0.35,0.8,2,0.05,0.02,0.45,0.08,6,0.5,10,0.8,,,,,,PRUNED
7430,-0.4459631913366144,2026-05-12 20:24:07.845175,2026-05-12 20:24:10.762517,0 days 00:00:02.917342,0.45,0.7,3,0.03,0.01,0.6,0.08,4,0.5,10,0.5,,,,,,PRUNED
7431,-0.4092788272711371,2026-05-12 20:24:10.792053,2026-05-12 20:24:11.201131,0 days 00:00:00.409078,0.45,0.7,3,0.05,0.02,0.6,0.08,6,0.5,20,0.8,,,,,,PRUNED
7432,-9999.0,2026-05-12 20:24:11.228632,2026-05-12 20:24:11.581199,0 days 00:00:00.352567,0.35,0.7,3,0.05,0.02,0.45,0.12,6,0.7,5,0.5,,,,,BEAR_RATIO < NEUTRAL_RATIO < BULL_RATIO 约束违反: 0.35 / 0.7 / 0.7,COMPLETE
7433,-0.42357363260304626,2026-05-12 20:24:11.608014,2026-05-12 20:24:12.011445,0 days 00:00:00.403431,0.45,0.7,2,0.05,0.02,0.6,0.08,6,0.6,20,0.8,,,,,,PRUNED
7434,-0.4296411080598753,2026-05-12 20:24:12.037596,2026-05-12 20:24:12.454960,0 days 00:00:00.417364,0.45,0.7,2,0.05,0.01,0.6,0.16,6,0.5,20,0.8,,,,,,PRUNED
7435,-0.46946449139662905,2026-05-12 20:24:12.482632,2026-05-12 20:24:17.333331,0 days 00:00:04.850699,0.45,0.9,4,0.05,0.02,0.6,0.08,5,0.7,10,0.5,,,,,,PRUNED
7436,-9999.0,2026-05-12 20:24:17.359814,2026-05-12 20:24:17.696070,0 days 00:00:00.336256,0.25,0.7,3,0.05,0.02,0.3,0.08,5,0.7,5,0.5,,,,,BEAR_RATIO < NEUTRAL_RATIO < BULL_RATIO 约束违反: 0.25 / 0.7 / 0.7,COMPLETE
7437,-0.5179924623587872,2026-05-12 20:24:17.723787,2026-05-12 20:24:18.360141,0 days 00:00:00.636354,0.45,0.7,2,0.05,0.02,0.6,0.08,6,0.5,20,0.8,-0.39108387647623727,-0.030830266507629607,0.2538171717650998,0.36025360996860767,,COMPLETE
7438,-0.5179924623587872,2026-05-12 20:24:18.390861,2026-05-12 20:24:18.998933,0 days 00:00:00.608072,0.45,0.7,2,0.05,0.02,0.6,0.08,6,0.5,20,0.8,-0.39108387647623727,-0.030830266507629607,0.2538171717650998,0.36025360996860767,,COMPLETE
7439,-0.4551557912919232,2026-05-12 20:24:19.023641,2026-05-12 20:24:23.895667,0 days 00:00:04.872026,0.45,0.9,2,0.03,0.02,0.3,0.08,6,0.5,20,0.8,,,,,,PRUNED
7440,-0.4631711915898068,2026-05-12 20:24:23.923757,2026-05-12 20:24:29.068134,0 days 00:00:05.144377,0.45,0.8,3,0.05,0.02,0.45,0.12,6,0.7,10,0.5,,,,,,PRUNED
7441,-0.5708765331951093,2026-05-12 20:24:29.097414,2026-05-12 20:24:33.108351,0 days 00:00:04.010937,0.25,0.9,4,0.03,0.02,0.6,0.08,3,0.5,10,0.5,,,,,,PRUNED
7442,-9999.0,2026-05-12 20:24:33.139221,2026-05-12 20:24:33.532171,0 days 00:00:00.392950,0.25,0.7,4,0.05,0.01,0.45,0.16,6,0.7,10,0.65,,,,,BEAR_RATIO < NEUTRAL_RATIO < BULL_RATIO 约束违反: 0.25 / 0.7 / 0.7,COMPLETE
7443,-0.4351694194242078,2026-05-12 20:24:33.562892,2026-05-12 20:24:38.677144,0 days 00:00:05.114252,0.35,0.7,3,0.05,0.01,0.6,0.08,6,0.5,20,0.5,,,,,,PRUNED
7444,-0.4463653851098104,2026-05-12 20:24:38.709075,2026-05-12 20:24:43.926404,0 days 00:00:05.217329,0.35,0.7,2,0.05,0.02,0.6,0.08,5,0.5,5,0.5,,,,,,PRUNED
7445,-0.5194324255731205,2026-05-12 20:24:43.955695,2026-05-12 20:24:48.940252,0 days 00:00:04.984557,0.25,0.8,4,0.05,0.02,0.3,0.12,5,0.6,20,0.8,,,,,,PRUNED
7446,-0.49003061703516493,2026-05-12 20:24:48.970898,2026-05-12 20:24:53.289754,0 days 00:00:04.318856,0.45,0.9,3,0.03,0.02,0.3,0.12,4,0.6,20,0.8,,,,,,PRUNED
7447,-0.44471695640818704,2026-05-12 20:24:53.320102,2026-05-12 20:24:57.866716,0 days 00:00:04.546614,0.45,0.7,3,0.05,0.02,0.6,0.08,4,0.6,10,0.5,,,,,,PRUNED
7448,-0.5179924623587872,2026-05-12 20:24:57.896703,2026-05-12 20:24:58.536715,0 days 00:00:00.640012,0.45,0.7,2,0.05,0.02,0.6,0.08,6,0.5,20,0.8,-0.39108387647623727,-0.030830266507629607,0.2538171717650998,0.36025360996860767,,COMPLETE
7449,-0.5598263804661598,2026-05-12 20:24:58.566239,2026-05-12 20:25:02.389658,0 days 00:00:03.823419,0.25,0.7,2,0.03,0.02,0.6,0.08,3,0.6,10,0.5,,,,,,PRUNED
7450,-0.5337662100600502,2026-05-12 20:25:02.418211,2026-05-12 20:25:08.185429,0 days 00:00:05.767218,0.25,0.9,4,0.03,0.01,0.6,0.12,5,0.5,10,0.5,,,,,,PRUNED
7451,-0.47441457244516044,2026-05-12 20:25:08.212174,2026-05-12 20:25:08.616627,0 days 00:00:00.404453,0.25,0.7,2,0.05,0.02,0.6,0.08,6,0.5,20,0.8,,,,,,PRUNED
7452,-0.43408083217415294,2026-05-12 20:25:08.643606,2026-05-12 20:25:13.829625,0 days 00:00:05.186019,0.45,0.8,2,0.05,0.02,0.6,0.12,6,0.5,10,0.5,,,,,,PRUNED
7453,-0.48790865984097903,2026-05-12 20:25:13.856318,2026-05-12 20:25:19.024309,0 days 00:00:05.167991,0.45,0.8,3,0.03,0.01,0.6,0.16,6,0.5,10,0.65,,,,,,PRUNED
7454,-0.6595583695251118,2026-05-12 20:25:19.050073,2026-05-12 20:25:22.440730,0 days 00:00:03.390657,0.35,0.9,3,0.03,0.01,0.45,0.16,3,0.7,20,0.65,,,,,,PRUNED
7455,-0.5179924623587872,2026-05-12 20:25:22.466726,2026-05-12 20:25:23.077942,0 days 00:00:00.611216,0.45,0.7,2,0.05,0.02,0.6,0.08,6,0.5,20,0.8,-0.39108387647623727,-0.030830266507629607,0.2538171717650998,0.36025360996860767,,COMPLETE
7456,-0.5641855350590947,2026-05-12 20:25:23.104276,2026-05-12 20:25:25.267085,0 days 00:00:02.162809,0.35,0.9,3,0.03,0.02,0.45,0.12,3,0.5,10,0.8,,,,,,PRUNED
7457,-0.45950186796723963,2026-05-12 20:25:25.293485,2026-05-12 20:25:29.171659,0 days 00:00:03.878174,0.25,0.7,3,0.05,0.01,0.6,0.08,4,0.5,20,0.8,,,,,,PRUNED
7458,-0.5179924623587872,2026-05-12 20:25:29.197002,2026-05-12 20:25:29.818697,0 days 00:00:00.621695,0.45,0.7,2,0.05,0.02,0.6,0.08,6,0.5,20,0.8,-0.39108387647623727,-0.030830266507629607,0.2538171717650998,0.36025360996860767,,COMPLETE
7459,-0.5579741190072577,2026-05-12 20:25:29.869767,2026-05-12 20:25:33.596000,0 days 00:00:03.726233,0.25,0.8,4,0.05,0.01,0.6,0.12,3,0.5,10,0.65,,,,,,PRUNED
7460,-0.4100386278766106,2026-05-12 20:25:33.621241,2026-05-12 20:25:34.037287,0 days 00:00:00.416046,0.45,0.7,2,0.05,0.02,0.3,0.08,6,0.5,20,0.8,,,,,,PRUNED
7461,-0.41425741193738236,2026-05-12 20:25:34.068805,2026-05-12 20:25:34.483429,0 days 00:00:00.414624,0.45,0.7,2,0.05,0.02,0.6,0.08,6,0.5,5,0.8,,,,,,PRUNED
7462,-0.5179924623587872,2026-05-12 20:25:34.527993,2026-05-12 20:25:35.179760,0 days 00:00:00.651767,0.45,0.7,2,0.05,0.02,0.6,0.08,6,0.5,20,0.8,-0.39108387647623727,-0.030830266507629607,0.2538171717650998,0.36025360996860767,,COMPLETE
7463,-0.5451004706623369,2026-05-12 20:25:35.208406,2026-05-12 20:25:39.255665,0 days 00:00:04.047259,0.45,0.9,4,0.03,0.02,0.6,0.08,3,0.5,10,0.8,,,,,,PRUNED
7464,-0.501129276696858,2026-05-12 20:25:39.284500,2026-05-12 20:25:45.502258,0 days 00:00:06.217758,0.35,0.8,2,0.03,0.01,0.45,0.08,6,0.6,5,0.5,,,,,,PRUNED
7465,-0.5045330122396045,2026-05-12 20:25:45.530973,2026-05-12 20:25:51.001398,0 days 00:00:05.470425,0.25,0.9,3,0.05,0.01,0.3,0.08,6,0.5,10,0.65,,,,,,PRUNED
7466,-0.4939568790766944,2026-05-12 20:25:51.028031,2026-05-12 20:25:55.660513,0 days 00:00:04.632482,0.25,0.9,4,0.05,0.02,0.3,0.08,4,0.6,10,0.5,,,,,,PRUNED
7467,-9999.0,2026-05-12 20:25:55.688054,2026-05-12 20:25:56.087847,0 days 00:00:00.399793,0.35,0.7,2,0.03,0.02,0.45,0.12,6,0.7,10,0.8,,,,,BEAR_RATIO < NEUTRAL_RATIO < BULL_RATIO 约束违反: 0.35 / 0.7 / 0.7,COMPLETE
7468,-0.4773940434315259,2026-05-12 20:25:56.115633,2026-05-12 20:26:01.153397,0 days 00:00:05.037764,0.35,0.8,3,0.05,0.02,0.3,0.08,5,0.7,10,0.5,,,,,,PRUNED
7469,-0.4092137988646166,2026-05-12 20:26:01.196384,2026-05-12 20:26:01.593489,0 days 00:00:00.397105,0.45,0.7,2,0.05,0.02,0.6,0.08,6,0.5,10,0.8,,,,,,PRUNED
7470,-0.4446045748101065,2026-05-12 20:26:01.620049,2026-05-12 20:26:08.261209,0 days 00:00:06.641160,0.45,0.8,3,0.05,0.01,0.3,0.12,6,0.5,5,0.5,,,,,,PRUNED
7471,-9999.0,2026-05-12 20:26:08.287448,2026-05-12 20:26:08.731860,0 days 00:00:00.444412,0.45,0.7,2,0.05,0.01,0.3,0.12,3,0.7,5,0.8,,,,,BEAR_RATIO < NEUTRAL_RATIO < BULL_RATIO 约束违反: 0.45 / 0.7 / 0.7,COMPLETE
7472,-0.4567932798505101,2026-05-12 20:26:08.759430,2026-05-12 20:26:11.612325,0 days 00:00:02.852895,0.45,0.9,3,0.05,0.01,0.45,0.12,5,0.5,20,0.5,,,,,,PRUNED
7473,-0.48770918658772294,2026-05-12 20:26:11.638819,2026-05-12 20:26:15.975521,0 days 00:00:04.336702,0.25,0.7,3,0.03,0.02,0.45,0.08,4,0.6,10,0.65,,,,,,PRUNED
7474,-0.5746990716244461,2026-05-12 20:26:15.998817,2026-05-12 20:26:21.199842,0 days 00:00:05.201025,0.25,0.9,2,0.03,0.02,0.6,0.16,6,0.6,10,0.65,,,,,,PRUNED
7475,-0.5131826839363145,2026-05-12 20:26:21.225731,2026-05-12 20:26:26.076364,0 days 00:00:04.850633,0.25,0.9,4,0.05,0.02,0.3,0.08,6,0.6,20,0.65,,,,,,PRUNED
7476,-9999.0,2026-05-12 20:26:26.106896,2026-05-12 20:26:26.495692,0 days 00:00:00.388796,0.45,0.7,2,0.03,0.02,0.6,0.08,5,0.7,5,0.8,,,,,BEAR_RATIO < NEUTRAL_RATIO < BULL_RATIO 约束违反: 0.45 / 0.7 / 0.7,COMPLETE
7477,-0.4778504678193292,2026-05-12 20:26:26.522219,2026-05-12 20:26:30.686895,0 days 00:00:04.164676,0.25,0.7,4,0.03,0.01,0.3,0.08,4,0.5,20,0.65,,,,,,PRUNED
7478,-0.5052302993781603,2026-05-12 20:26:30.715132,2026-05-12 20:26:35.361906,0 days 00:00:04.646774,0.25,0.9,2,0.05,0.02,0.6,0.08,5,0.5,20,0.65,,,,,,PRUNED
7479,-0.5715107846558711,2026-05-12 20:26:35.390141,2026-05-12 20:26:35.783020,0 days 00:00:00.392879,0.45,0.7,2,0.05,0.01,0.6,0.08,3,0.5,20,0.8,,,,,,PRUNED
