number,value,datetime_start,datetime_complete,duration,params_BEAR_RATIO,params_BULL_RATIO,params_GRID_MAX_LAYER,params_GRID_STEP_MAX,params_GRID_STEP_MIN,params_GRID_STEP_VOL_FACTOR,params_LAYER_FRACTION,params_MAX_HOLD,params_NEUTRAL_RATIO,params_REBALANCE_FREQ,params_VOL_WEIGHT,user_attrs_avg_test_score,user_attrs_avg_train_score,user_attrs_test_score_std,user_attrs_train_test_gap,user_attrs_validation_error,state
3570,-0.4100386278766106,2026-05-12 17:10:12.004768,2026-05-12 17:10:17.030827,0 days 00:00:05.026059,0.45,0.7,2,0.05,0.01,0.3,0.08,6,0.5,20,0.65,,,,,,PRUNED
3571,-0.4569106817784575,2026-05-12 17:10:17.057183,2026-05-12 17:10:22.037631,0 days 00:00:04.980448,0.45,0.8,4,0.05,0.02,0.3,0.12,6,0.6,20,0.5,,,,,,PRUNED
3572,-0.4296411080598753,2026-05-12 17:10:22.065887,2026-05-12 17:10:22.449179,0 days 00:00:00.383292,0.45,0.7,2,0.05,0.02,0.6,0.16,6,0.5,20,0.8,,,,,,PRUNED
3573,-0.4486951830510195,2026-05-12 17:10:22.476459,2026-05-12 17:10:28.512879,0 days 00:00:06.036420,0.45,0.8,2,0.05,0.02,0.45,0.16,6,0.5,5,0.8,,,,,,PRUNED
3574,-0.5179924623587872,2026-05-12 17:10:28.543834,2026-05-12 17:10:29.168642,0 days 00:00:00.624808,0.45,0.7,2,0.05,0.02,0.6,0.08,6,0.5,20,0.8,-0.39108387647623727,-0.030830266507629607,0.2538171717650998,0.36025360996860767,,COMPLETE
3575,-0.4408085471343632,2026-05-12 17:10:29.196716,2026-05-12 17:10:33.938123,0 days 00:00:04.741407,0.45,0.7,2,0.05,0.01,0.6,0.08,5,0.6,20,0.8,,,,,,PRUNED
3576,-9999.0,2026-05-12 17:10:33.965950,2026-05-12 17:10:34.273945,0 days 00:00:00.307995,0.45,0.7,2,0.05,0.01,0.45,0.16,5,0.7,20,0.5,,,,,BEAR_RATIO < NEUTRAL_RATIO < BULL_RATIO 约束违反: 0.45 / 0.7 / 0.7,COMPLETE
3577,-0.4921885094699672,2026-05-12 17:10:34.299485,2026-05-12 17:10:38.913538,0 days 00:00:04.614053,0.25,0.7,2,0.05,0.02,0.6,0.12,5,0.5,20,0.8,,,,,,PRUNED
3578,-9999.0,2026-05-12 17:10:38.937724,2026-05-12 17:10:39.226427,0 days 00:00:00.288703,0.45,0.7,2,0.03,0.02,0.3,0.08,6,0.7,20,0.8,,,,,BEAR_RATIO < NEUTRAL_RATIO < BULL_RATIO 约束违反: 0.45 / 0.7 / 0.7,COMPLETE
3579,-0.5404238283083768,2026-05-12 17:10:39.253463,2026-05-12 17:10:43.475976,0 days 00:00:04.222513,0.25,0.8,2,0.05,0.01,0.6,0.12,5,0.7,5,0.5,,,,,,PRUNED
3580,-0.4590955916551555,2026-05-12 17:10:43.503238,2026-05-12 17:10:47.665069,0 days 00:00:04.161831,0.25,0.7,3,0.05,0.01,0.45,0.08,4,0.5,20,0.8,,,,,,PRUNED
3581,-0.5265728298116116,2026-05-12 17:10:47.690588,2026-05-12 17:10:53.279147,0 days 00:00:05.588559,0.35,0.8,4,0.03,0.02,0.6,0.12,5,0.7,20,0.65,,,,,,PRUNED
3582,-0.4826724320820868,2026-05-12 17:10:53.307049,2026-05-12 17:10:57.475648,0 days 00:00:04.168599,0.35,0.7,3,0.03,0.01,0.6,0.12,4,0.6,20,0.65,,,,,,PRUNED
3583,-0.5058255253317627,2026-05-12 17:10:57.502906,2026-05-12 17:11:02.387188,0 days 00:00:04.884282,0.45,0.9,2,0.03,0.01,0.6,0.16,5,0.5,20,0.65,,,,,,PRUNED
3584,-9999.0,2026-05-12 17:11:02.435385,2026-05-12 17:11:02.758547,0 days 00:00:00.323162,0.45,0.7,4,0.03,0.02,0.6,0.12,4,0.7,10,0.5,,,,,BEAR_RATIO < NEUTRAL_RATIO < BULL_RATIO 约束违反: 0.45 / 0.7 / 0.7,COMPLETE
3585,-0.4818955031626636,2026-05-12 17:11:02.784765,2026-05-12 17:11:08.695461,0 days 00:00:05.910696,0.45,0.9,3,0.03,0.01,0.45,0.08,6,0.6,5,0.5,,,,,,PRUNED
3586,-0.4100386278766106,2026-05-12 17:11:08.722187,2026-05-12 17:11:09.106244,0 days 00:00:00.384057,0.45,0.7,2,0.05,0.02,0.3,0.08,6,0.5,20,0.8,,,,,,PRUNED
3587,-0.5179924623587872,2026-05-12 17:11:09.132695,2026-05-12 17:11:09.656533,0 days 00:00:00.523838,0.45,0.7,2,0.05,0.02,0.6,0.08,6,0.5,20,0.8,-0.39108387647623727,-0.030830266507629607,0.2538171717650998,0.36025360996860767,,COMPLETE
3588,-9999.0,2026-05-12 17:11:09.682816,2026-05-12 17:11:09.968860,0 days 00:00:00.286044,0.45,0.7,2,0.05,0.02,0.6,0.12,3,0.7,20,0.8,,,,,BEAR_RATIO < NEUTRAL_RATIO < BULL_RATIO 约束违反: 0.45 / 0.7 / 0.7,COMPLETE
3589,-0.5830868818682412,2026-05-12 17:11:09.996941,2026-05-12 17:11:12.328101,0 days 00:00:02.331160,0.35,0.8,3,0.03,0.02,0.3,0.16,3,0.6,10,0.65,,,,,,PRUNED
3590,-0.43445413452509957,2026-05-12 17:11:12.354140,2026-05-12 17:11:16.399493,0 days 00:00:04.045353,0.45,0.7,4,0.05,0.01,0.6,0.12,4,0.5,20,0.8,,,,,,PRUNED
3591,-0.5179924623587872,2026-05-12 17:11:16.424814,2026-05-12 17:11:16.980760,0 days 00:00:00.555946,0.45,0.7,2,0.05,0.02,0.6,0.08,6,0.5,20,0.8,-0.39108387647623727,-0.030830266507629607,0.2538171717650998,0.36025360996860767,,COMPLETE
3592,-0.4604993392233487,2026-05-12 17:11:17.005181,2026-05-12 17:11:21.717614,0 days 00:00:04.712433,0.35,0.8,2,0.05,0.02,0.6,0.08,5,0.5,20,0.8,,,,,,PRUNED
3593,-0.536809593858718,2026-05-12 17:11:21.746352,2026-05-12 17:11:26.979876,0 days 00:00:05.233524,0.25,0.7,2,0.03,0.02,0.3,0.16,5,0.6,10,0.8,,,,,,PRUNED
3594,-0.44475334578889797,2026-05-12 17:11:27.006339,2026-05-12 17:11:31.873177,0 days 00:00:04.866838,0.45,0.7,3,0.03,0.02,0.6,0.08,5,0.5,20,0.8,,,,,,PRUNED
3595,-0.5017130628748203,2026-05-12 17:11:31.898871,2026-05-12 17:11:36.407393,0 days 00:00:04.508522,0.25,0.7,3,0.03,0.01,0.6,0.12,4,0.6,10,0.5,,,,,,PRUNED
3596,-0.41425741193738236,2026-05-12 17:11:36.433236,2026-05-12 17:11:36.779212,0 days 00:00:00.345976,0.45,0.7,2,0.05,0.02,0.6,0.08,6,0.5,5,0.8,,,,,,PRUNED
3597,-0.5089380021976607,2026-05-12 17:11:36.805588,2026-05-12 17:11:41.750188,0 days 00:00:04.944600,0.35,0.9,3,0.05,0.02,0.6,0.16,5,0.7,10,0.8,,,,,,PRUNED
3598,-0.48638702280254853,2026-05-12 17:11:41.777813,2026-05-12 17:11:46.045734,0 days 00:00:04.267921,0.25,0.7,3,0.05,0.02,0.6,0.08,6,0.6,20,0.8,,,,,,PRUNED
3599,-0.410125315542252,2026-05-12 17:11:46.071864,2026-05-12 17:11:46.473019,0 days 00:00:00.401155,0.45,0.7,4,0.05,0.01,0.6,0.08,6,0.5,20,0.8,,,,,,PRUNED
3600,-0.6140729976730781,2026-05-12 17:11:46.497318,2026-05-12 17:11:50.015555,0 days 00:00:03.518237,0.45,0.9,2,0.05,0.01,0.45,0.16,3,0.6,20,0.65,,,,,,PRUNED
3601,-0.5179924623587872,2026-05-12 17:11:50.053551,2026-05-12 17:11:50.621218,0 days 00:00:00.567667,0.45,0.7,2,0.05,0.02,0.6,0.08,6,0.5,20,0.8,-0.39108387647623727,-0.030830266507629607,0.2538171717650998,0.36025360996860767,,COMPLETE
3602,-0.5643198189446966,2026-05-12 17:11:50.663758,2026-05-12 17:11:55.858828,0 days 00:00:05.195070,0.25,0.9,4,0.05,0.02,0.45,0.16,4,0.5,5,0.8,,,,,,PRUNED
3603,-0.47632621576808276,2026-05-12 17:11:55.888231,2026-05-12 17:12:01.321669,0 days 00:00:05.433438,0.35,0.9,2,0.05,0.02,0.3,0.12,6,0.5,10,0.65,,,,,,PRUNED
3604,-9999.0,2026-05-12 17:12:01.348590,2026-05-12 17:12:01.652051,0 days 00:00:00.303461,0.45,0.7,4,0.03,0.01,0.45,0.16,6,0.7,20,0.8,,,,,BEAR_RATIO < NEUTRAL_RATIO < BULL_RATIO 约束违反: 0.45 / 0.7 / 0.7,COMPLETE
3605,-0.42056632138184724,2026-05-12 17:12:01.704026,2026-05-12 17:12:02.068172,0 days 00:00:00.364146,0.45,0.8,2,0.05,0.02,0.6,0.08,6,0.5,20,0.8,,,,,,PRUNED
3606,-9999.0,2026-05-12 17:12:02.094766,2026-05-12 17:12:02.406099,0 days 00:00:00.311333,0.25,0.7,2,0.05,0.01,0.3,0.16,4,0.7,10,0.65,,,,,BEAR_RATIO < NEUTRAL_RATIO < BULL_RATIO 约束违反: 0.25 / 0.7 / 0.7,COMPLETE
3607,-9999.0,2026-05-12 17:12:02.432951,2026-05-12 17:12:02.730567,0 days 00:00:00.297616,0.45,0.7,3,0.05,0.01,0.6,0.12,4,0.7,20,0.65,,,,,BEAR_RATIO < NEUTRAL_RATIO < BULL_RATIO 约束违反: 0.45 / 0.7 / 0.7,COMPLETE
3608,-0.5730680175705313,2026-05-12 17:12:02.754396,2026-05-12 17:12:08.393838,0 days 00:00:05.639442,0.25,0.8,3,0.03,0.01,0.45,0.16,5,0.6,5,0.8,,,,,,PRUNED
3609,-0.4467619369398962,2026-05-12 17:12:08.419366,2026-05-12 17:12:13.480979,0 days 00:00:05.061613,0.45,0.7,2,0.05,0.02,0.6,0.16,6,0.6,20,0.65,,,,,,PRUNED
3610,-0.4872209058450473,2026-05-12 17:12:13.509029,2026-05-12 17:12:19.277479,0 days 00:00:05.768450,0.35,0.7,4,0.03,0.02,0.3,0.08,5,0.6,5,0.5,,,,,,PRUNED
3611,-0.5870375664596477,2026-05-12 17:12:19.303976,2026-05-12 17:12:22.799160,0 days 00:00:03.495184,0.45,0.9,3,0.05,0.01,0.6,0.08,3,0.5,20,0.5,,,,,,PRUNED
3612,-0.4660835109924683,2026-05-12 17:12:22.824126,2026-05-12 17:12:27.869243,0 days 00:00:05.045117,0.45,0.7,2,0.05,0.02,0.6,0.08,4,0.5,5,0.65,,,,,,PRUNED
3613,-0.4465139651318719,2026-05-12 17:12:27.895531,2026-05-12 17:12:30.961486,0 days 00:00:03.065955,0.45,0.7,2,0.05,0.01,0.6,0.16,5,0.6,10,0.8,,,,,,PRUNED
3614,-0.437966162687104,2026-05-12 17:12:30.988987,2026-05-12 17:12:36.596694,0 days 00:00:05.607707,0.45,0.7,4,0.05,0.02,0.6,0.16,5,0.5,5,0.5,,,,,,PRUNED
3615,-0.43333909441165963,2026-05-12 17:12:36.621740,2026-05-12 17:12:36.982455,0 days 00:00:00.360715,0.35,0.7,2,0.05,0.02,0.6,0.08,6,0.5,20,0.8,,,,,,PRUNED
3616,-0.47644782458814783,2026-05-12 17:12:37.008521,2026-05-12 17:12:41.456788,0 days 00:00:04.448267,0.35,0.8,3,0.03,0.02,0.6,0.08,3,0.5,5,0.8,,,,,,PRUNED
3617,-0.47042574175581375,2026-05-12 17:12:41.480700,2026-05-12 17:12:46.985147,0 days 00:00:05.504447,0.45,0.8,2,0.03,0.02,0.6,0.12,4,0.5,10,0.8,,,,,,PRUNED
3618,-0.42334300270869263,2026-05-12 17:12:47.012226,2026-05-12 17:12:51.464393,0 days 00:00:04.452167,0.45,0.7,2,0.05,0.02,0.3,0.08,3,0.5,5,0.8,,,,,,PRUNED
3619,-0.4455408822694762,2026-05-12 17:12:51.490954,2026-05-12 17:12:55.602118,0 days 00:00:04.111164,0.35,0.8,2,0.05,0.02,0.6,0.08,4,0.5,20,0.8,,,,,,PRUNED
3620,-9999.0,2026-05-12 17:12:55.629344,2026-05-12 17:12:55.961516,0 days 00:00:00.332172,0.25,0.7,3,0.05,0.01,0.3,0.12,3,0.7,5,0.8,,,,,BEAR_RATIO < NEUTRAL_RATIO < BULL_RATIO 约束违反: 0.25 / 0.7 / 0.7,COMPLETE
3621,-0.43223096142417294,2026-05-12 17:12:55.988580,2026-05-12 17:12:56.338795,0 days 00:00:00.350215,0.45,0.9,2,0.05,0.02,0.6,0.08,6,0.5,20,0.8,,,,,,PRUNED
3622,-0.5179924623587872,2026-05-12 17:12:56.365207,2026-05-12 17:12:56.902516,0 days 00:00:00.537309,0.45,0.7,2,0.05,0.02,0.6,0.08,6,0.5,20,0.8,-0.39108387647623727,-0.030830266507629607,0.2538171717650998,0.36025360996860767,,COMPLETE
3623,-9999.0,2026-05-12 17:12:56.931233,2026-05-12 17:12:57.264544,0 days 00:00:00.333311,0.35,0.7,4,0.05,0.02,0.45,0.16,4,0.7,20,0.8,,,,,BEAR_RATIO < NEUTRAL_RATIO < BULL_RATIO 约束违反: 0.35 / 0.7 / 0.7,COMPLETE
3624,-0.5179924623587872,2026-05-12 17:12:57.291969,2026-05-12 17:12:57.833228,0 days 00:00:00.541259,0.45,0.7,2,0.05,0.02,0.6,0.08,6,0.5,20,0.8,-0.39108387647623727,-0.030830266507629607,0.2538171717650998,0.36025360996860767,,COMPLETE
3625,-0.47122744402839417,2026-05-12 17:12:57.861257,2026-05-12 17:13:02.125743,0 days 00:00:04.264486,0.35,0.8,2,0.05,0.02,0.45,0.12,5,0.5,5,0.5,,,,,,PRUNED
3626,-0.4767242287893045,2026-05-12 17:13:02.151383,2026-05-12 17:13:06.572107,0 days 00:00:04.420724,0.45,0.8,4,0.05,0.02,0.3,0.08,3,0.7,5,0.65,,,,,,PRUNED
3627,-0.5496612565200809,2026-05-12 17:13:06.596669,2026-05-12 17:13:10.429258,0 days 00:00:03.832589,0.45,0.7,2,0.03,0.01,0.45,0.16,3,0.5,10,0.8,,,,,,PRUNED
3628,-0.5996586200016736,2026-05-12 17:13:10.455425,2026-05-12 17:13:13.977517,0 days 00:00:03.522092,0.25,0.7,4,0.05,0.02,0.6,0.08,3,0.5,20,0.8,,,,,,PRUNED
3629,-0.6313097249283455,2026-05-12 17:13:14.003868,2026-05-12 17:13:17.637688,0 days 00:00:03.633820,0.35,0.9,4,0.05,0.02,0.3,0.08,3,0.7,20,0.5,,,,,,PRUNED
3630,-9999.0,2026-05-12 17:13:17.663792,2026-05-12 17:13:17.991421,0 days 00:00:00.327629,0.45,0.7,2,0.05,0.01,0.6,0.12,6,0.7,20,0.8,,,,,BEAR_RATIO < NEUTRAL_RATIO < BULL_RATIO 约束违反: 0.45 / 0.7 / 0.7,COMPLETE
3631,-0.4998425288324333,2026-05-12 17:13:18.018997,2026-05-12 17:13:22.493299,0 days 00:00:04.474302,0.45,0.8,4,0.03,0.02,0.45,0.12,4,0.7,10,0.5,,,,,,PRUNED
3632,-0.5715067736823581,2026-05-12 17:13:22.519032,2026-05-12 17:13:28.428162,0 days 00:00:05.909130,0.25,0.9,4,0.05,0.01,0.45,0.16,6,0.7,5,0.65,,,,,,PRUNED
3633,-9999.0,2026-05-12 17:13:28.453639,2026-05-12 17:13:28.822724,0 days 00:00:00.369085,0.45,0.7,2,0.05,0.02,0.6,0.08,6,0.7,20,0.8,,,,,BEAR_RATIO < NEUTRAL_RATIO < BULL_RATIO 约束违反: 0.45 / 0.7 / 0.7,COMPLETE
3634,-0.4959053525605407,2026-05-12 17:13:28.850490,2026-05-12 17:13:31.839905,0 days 00:00:02.989415,0.35,0.8,3,0.03,0.01,0.3,0.08,3,0.6,5,0.65,,,,,,PRUNED
3635,-0.5179924623587872,2026-05-12 17:13:31.869392,2026-05-12 17:13:32.422625,0 days 00:00:00.553233,0.45,0.7,2,0.05,0.02,0.6,0.08,6,0.5,20,0.8,-0.39108387647623727,-0.030830266507629607,0.2538171717650998,0.36025360996860767,,COMPLETE
3636,-0.499474584167828,2026-05-12 17:13:32.448512,2026-05-12 17:13:37.497162,0 days 00:00:05.048650,0.25,0.7,2,0.03,0.02,0.6,0.08,5,0.6,10,0.8,,,,,,PRUNED
3637,-0.5179924623587872,2026-05-12 17:13:37.522132,2026-05-12 17:13:38.052656,0 days 00:00:00.530524,0.45,0.7,2,0.05,0.02,0.6,0.08,6,0.5,20,0.8,-0.39108387647623727,-0.030830266507629607,0.2538171717650998,0.36025360996860767,,COMPLETE
3638,-0.5179924623587872,2026-05-12 17:13:38.077844,2026-05-12 17:13:38.646609,0 days 00:00:00.568765,0.45,0.7,2,0.05,0.02,0.6,0.08,6,0.5,20,0.8,-0.39108387647623727,-0.030830266507629607,0.2538171717650998,0.36025360996860767,,COMPLETE
3639,-0.4578296361284331,2026-05-12 17:13:38.671548,2026-05-12 17:13:43.691242,0 days 00:00:05.019694,0.35,0.7,2,0.03,0.01,0.6,0.08,6,0.5,20,0.8,,,,,,PRUNED
3640,-0.4318124553734489,2026-05-12 17:13:43.717866,2026-05-12 17:13:44.127832,0 days 00:00:00.409966,0.45,0.7,2,0.03,0.02,0.6,0.08,6,0.5,20,0.8,,,,,,PRUNED
3641,-0.5182406672588966,2026-05-12 17:13:44.152767,2026-05-12 17:13:44.682649,0 days 00:00:00.529882,0.45,0.7,2,0.05,0.02,0.45,0.08,6,0.5,20,0.8,-0.3910743597599139,-0.030648087966744914,0.25433261499796533,0.360426271793169,,COMPLETE
3642,-0.5444403089973706,2026-05-12 17:13:44.710348,2026-05-12 17:13:49.514265,0 days 00:00:04.803917,0.45,0.7,4,0.05,0.01,0.3,0.16,3,0.6,10,0.65,,,,,,PRUNED
3643,-0.5465391497043601,2026-05-12 17:13:49.542526,2026-05-12 17:13:53.424900,0 days 00:00:03.882374,0.25,0.7,2,0.05,0.01,0.45,0.08,3,0.6,10,0.8,,,,,,PRUNED
3644,-0.49210028203991346,2026-05-12 17:13:53.447354,2026-05-12 17:13:59.104291,0 days 00:00:05.656937,0.25,0.7,2,0.05,0.02,0.6,0.08,5,0.5,5,0.8,,,,,,PRUNED
3645,-0.4194511448045569,2026-05-12 17:13:59.131444,2026-05-12 17:13:59.495355,0 days 00:00:00.363911,0.45,0.7,2,0.05,0.02,0.6,0.12,6,0.5,20,0.8,,,,,,PRUNED
3646,-0.43788442826779234,2026-05-12 17:13:59.521658,2026-05-12 17:14:02.941143,0 days 00:00:03.419485,0.45,0.8,3,0.05,0.02,0.6,0.08,6,0.6,20,0.8,,,,,,PRUNED
3647,-0.5172065379639643,2026-05-12 17:14:02.966290,2026-05-12 17:14:07.634527,0 days 00:00:04.668237,0.25,0.8,4,0.05,0.01,0.6,0.12,5,0.6,20,0.8,,,,,,PRUNED
3648,-0.5179924623587872,2026-05-12 17:14:07.658785,2026-05-12 17:14:08.201869,0 days 00:00:00.543084,0.45,0.7,2,0.05,0.01,0.6,0.08,6,0.5,20,0.8,-0.39108387647623727,-0.030830266507629607,0.2538171717650998,0.36025360996860767,,COMPLETE
3649,-0.5179924623587872,2026-05-12 17:14:08.227550,2026-05-12 17:14:08.782498,0 days 00:00:00.554948,0.45,0.7,2,0.05,0.02,0.6,0.08,6,0.5,20,0.8,-0.39108387647623727,-0.030830266507629607,0.2538171717650998,0.36025360996860767,,COMPLETE
3650,-0.4242910183560481,2026-05-12 17:14:08.807679,2026-05-12 17:14:09.189731,0 days 00:00:00.382052,0.45,0.7,2,0.05,0.02,0.6,0.08,5,0.5,20,0.8,,,,,,PRUNED
3651,-0.4313006510632476,2026-05-12 17:14:09.216852,2026-05-12 17:14:14.371150,0 days 00:00:05.154298,0.45,0.9,2,0.05,0.02,0.45,0.08,6,0.5,20,0.65,,,,,,PRUNED
3652,-9999.0,2026-05-12 17:14:14.394694,2026-05-12 17:14:14.673510,0 days 00:00:00.278816,0.45,0.7,4,0.05,0.01,0.3,0.08,5,0.7,10,0.8,,,,,BEAR_RATIO < NEUTRAL_RATIO < BULL_RATIO 约束违反: 0.45 / 0.7 / 0.7,COMPLETE
3653,-0.48638960329082537,2026-05-12 17:14:14.696761,2026-05-12 17:14:20.500520,0 days 00:00:05.803759,0.35,0.7,2,0.05,0.01,0.6,0.16,5,0.6,5,0.8,,,,,,PRUNED
3654,-0.5431357308163746,2026-05-12 17:14:20.526295,2026-05-12 17:14:26.551140,0 days 00:00:06.024845,0.35,0.9,2,0.03,0.01,0.3,0.16,6,0.5,5,0.65,,,,,,PRUNED
3655,-0.48496236598380743,2026-05-12 17:14:26.576054,2026-05-12 17:14:31.681876,0 days 00:00:05.105822,0.25,0.7,3,0.05,0.01,0.6,0.12,5,0.5,10,0.8,,,,,,PRUNED
3656,-0.6200127745467684,2026-05-12 17:14:31.709328,2026-05-12 17:14:33.658481,0 days 00:00:01.949153,0.25,0.8,2,0.05,0.02,0.45,0.12,3,0.6,20,0.8,,,,,,PRUNED
3657,-0.49853267824818154,2026-05-12 17:14:33.683081,2026-05-12 17:14:39.440146,0 days 00:00:05.757065,0.45,0.9,3,0.03,0.02,0.45,0.12,5,0.6,5,0.5,,,,,,PRUNED
3658,-0.6051199075096774,2026-05-12 17:14:39.466448,2026-05-12 17:14:43.027691,0 days 00:00:03.561243,0.35,0.9,2,0.05,0.01,0.6,0.16,3,0.5,20,0.8,,,,,,PRUNED
3659,-0.5715107846558711,2026-05-12 17:14:43.053085,2026-05-12 17:14:43.445667,0 days 00:00:00.392582,0.45,0.7,2,0.05,0.02,0.6,0.08,3,0.5,20,0.8,,,,,,PRUNED
3660,-0.519479732047395,2026-05-12 17:14:43.473438,2026-05-12 17:14:49.580151,0 days 00:00:06.106713,0.35,0.7,2,0.03,0.02,0.6,0.16,6,0.6,20,0.8,,,,,,PRUNED
3661,-0.5179924623587872,2026-05-12 17:14:49.605261,2026-05-12 17:14:50.141479,0 days 00:00:00.536218,0.45,0.7,2,0.05,0.02,0.6,0.08,6,0.5,20,0.8,-0.39108387647623727,-0.030830266507629607,0.2538171717650998,0.36025360996860767,,COMPLETE
3662,-0.5209627464573745,2026-05-12 17:14:50.169501,2026-05-12 17:14:55.029226,0 days 00:00:04.859725,0.45,0.9,3,0.03,0.01,0.3,0.16,5,0.6,20,0.8,,,,,,PRUNED
3663,-0.4413208778376437,2026-05-12 17:14:55.055883,2026-05-12 17:14:59.219233,0 days 00:00:04.163350,0.45,0.7,2,0.03,0.01,0.6,0.08,4,0.5,20,0.5,,,,,,PRUNED
3664,-0.5179924623587872,2026-05-12 17:14:59.247960,2026-05-12 17:14:59.801365,0 days 00:00:00.553405,0.45,0.7,2,0.05,0.02,0.6,0.08,6,0.5,20,0.5,-0.39108387647623727,-0.030830266507629607,0.2538171717650998,0.36025360996860767,,COMPLETE
3665,-0.44120123496897135,2026-05-12 17:14:59.830227,2026-05-12 17:15:03.265532,0 days 00:00:03.435305,0.35,0.7,4,0.05,0.01,0.3,0.08,6,0.5,20,0.5,,,,,,PRUNED
3666,-0.49197842247190215,2026-05-12 17:15:03.292368,2026-05-12 17:15:07.750357,0 days 00:00:04.457989,0.35,0.8,3,0.03,0.02,0.6,0.08,4,0.7,10,0.65,,,,,,PRUNED
3667,-0.49878141940690474,2026-05-12 17:15:07.779513,2026-05-12 17:15:12.747738,0 days 00:00:04.968225,0.25,0.9,2,0.05,0.02,0.6,0.08,6,0.5,20,0.5,,,,,,PRUNED
3668,-0.5179924623587872,2026-05-12 17:15:12.771605,2026-05-12 17:15:13.375867,0 days 00:00:00.604262,0.45,0.7,2,0.05,0.02,0.6,0.08,6,0.5,20,0.8,-0.39108387647623727,-0.030830266507629607,0.2538171717650998,0.36025360996860767,,COMPLETE
3669,-0.45768651567995855,2026-05-12 17:15:13.426056,2026-05-12 17:15:18.298608,0 days 00:00:04.872552,0.45,0.8,4,0.05,0.02,0.6,0.16,5,0.5,20,0.5,,,,,,PRUNED
3670,-0.5179924623587872,2026-05-12 17:15:18.328942,2026-05-12 17:15:18.923800,0 days 00:00:00.594858,0.45,0.7,2,0.05,0.02,0.6,0.08,6,0.5,20,0.8,-0.39108387647623727,-0.030830266507629607,0.2538171717650998,0.36025360996860767,,COMPLETE
3671,-0.4646231853299435,2026-05-12 17:15:18.949009,2026-05-12 17:15:23.176629,0 days 00:00:04.227620,0.25,0.7,2,0.05,0.02,0.6,0.12,4,0.5,20,0.8,,,,,,PRUNED
3672,-0.4537447730003592,2026-05-12 17:15:23.197910,2026-05-12 17:15:27.428065,0 days 00:00:04.230155,0.45,0.7,3,0.05,0.01,0.6,0.16,4,0.6,20,0.5,,,,,,PRUNED
3673,-0.4543355200239524,2026-05-12 17:15:27.454138,2026-05-12 17:15:32.437764,0 days 00:00:04.983626,0.45,0.9,3,0.05,0.02,0.6,0.16,6,0.5,20,0.8,,,,,,PRUNED
3674,-9999.0,2026-05-12 17:15:32.466241,2026-05-12 17:15:32.788334,0 days 00:00:00.322093,0.35,0.7,4,0.03,0.02,0.6,0.12,3,0.7,5,0.65,,,,,BEAR_RATIO < NEUTRAL_RATIO < BULL_RATIO 约束违反: 0.35 / 0.7 / 0.7,COMPLETE
3675,-9999.0,2026-05-12 17:15:32.815194,2026-05-12 17:15:33.132235,0 days 00:00:00.317041,0.45,0.7,4,0.05,0.01,0.6,0.08,6,0.7,20,0.65,,,,,BEAR_RATIO < NEUTRAL_RATIO < BULL_RATIO 约束违反: 0.45 / 0.7 / 0.7,COMPLETE
3676,-0.410125315542252,2026-05-12 17:15:33.180552,2026-05-12 17:15:33.537505,0 days 00:00:00.356953,0.45,0.7,4,0.05,0.02,0.6,0.08,6,0.5,20,0.8,,,,,,PRUNED
3677,-0.47793738191736346,2026-05-12 17:15:33.565987,2026-05-12 17:15:38.781410,0 days 00:00:05.215423,0.25,0.7,4,0.05,0.02,0.6,0.08,6,0.5,10,0.8,,,,,,PRUNED
3678,-0.523475148145973,2026-05-12 17:15:38.808942,2026-05-12 17:15:45.588455,0 days 00:00:06.779513,0.25,0.8,3,0.05,0.01,0.45,0.12,6,0.5,5,0.65,,,,,,PRUNED
3679,-0.5611432314989837,2026-05-12 17:15:45.615844,2026-05-12 17:15:48.617839,0 days 00:00:03.001995,0.25,0.9,3,0.05,0.02,0.3,0.16,4,0.5,5,0.5,,,,,,PRUNED
3680,-0.49644607013171194,2026-05-12 17:15:48.643140,2026-05-12 17:15:53.747170,0 days 00:00:05.104030,0.25,0.7,4,0.05,0.01,0.45,0.12,5,0.6,10,0.5,,,,,,PRUNED
3681,-0.5005288132417727,2026-05-12 17:15:53.771863,2026-05-12 17:15:59.708499,0 days 00:00:05.936636,0.35,0.8,2,0.03,0.01,0.6,0.12,5,0.5,5,0.5,,,,,,PRUNED
3682,-0.5261050120771306,2026-05-12 17:15:59.736305,2026-05-12 17:16:04.793915,0 days 00:00:05.057610,0.25,0.8,4,0.03,0.01,0.6,0.08,6,0.7,20,0.65,,,,,,PRUNED
3683,-0.5168600805550772,2026-05-12 17:16:04.822317,2026-05-12 17:16:09.913601,0 days 00:00:05.091284,0.45,0.9,4,0.03,0.01,0.45,0.16,6,0.6,20,0.65,,,,,,PRUNED
3684,-0.5179924623587872,2026-05-12 17:16:09.939617,2026-05-12 17:16:10.454052,0 days 00:00:00.514435,0.45,0.7,2,0.05,0.02,0.6,0.08,6,0.5,20,0.8,-0.39108387647623727,-0.030830266507629607,0.2538171717650998,0.36025360996860767,,COMPLETE
3685,-0.4955147225528318,2026-05-12 17:16:10.478333,2026-05-12 17:16:15.505488,0 days 00:00:05.027155,0.35,0.9,3,0.03,0.02,0.6,0.08,6,0.6,20,0.65,,,,,,PRUNED
3686,-0.4566397936051594,2026-05-12 17:16:15.536208,2026-05-12 17:16:19.882096,0 days 00:00:04.345888,0.35,0.7,2,0.05,0.01,0.3,0.12,3,0.5,5,0.5,,,,,,PRUNED
3687,-0.49506217453949675,2026-05-12 17:16:19.908010,2026-05-12 17:16:25.875235,0 days 00:00:05.967225,0.35,0.8,2,0.05,0.01,0.3,0.12,6,0.6,5,0.8,,,,,,PRUNED
3688,-0.5528133732807274,2026-05-12 17:16:25.901383,2026-05-12 17:16:31.608804,0 days 00:00:05.707421,0.35,0.8,2,0.03,0.01,0.3,0.16,5,0.7,5,0.5,,,,,,PRUNED
3689,-0.41092033298660485,2026-05-12 17:16:31.636033,2026-05-12 17:16:37.660665,0 days 00:00:06.024632,0.45,0.7,4,0.05,0.02,0.45,0.08,6,0.5,10,0.5,,,,,,PRUNED
3690,-0.5435647132417355,2026-05-12 17:16:37.687374,2026-05-12 17:16:42.750245,0 days 00:00:05.062871,0.35,0.9,4,0.03,0.01,0.6,0.12,4,0.5,5,0.65,,,,,,PRUNED
3691,-0.5712964226510471,2026-05-12 17:16:42.776725,2026-05-12 17:16:46.774407,0 days 00:00:03.997682,0.35,0.8,3,0.03,0.01,0.45,0.12,3,0.6,10,0.5,,,,,,PRUNED
3692,-0.5179924623587872,2026-05-12 17:16:46.803645,2026-05-12 17:16:47.352693,0 days 00:00:00.549048,0.45,0.7,2,0.05,0.02,0.6,0.08,6,0.5,20,0.65,-0.39108387647623727,-0.030830266507629607,0.2538171717650998,0.36025360996860767,,COMPLETE
