number,value,datetime_start,datetime_complete,duration,params_BEAR_RATIO,params_BULL_RATIO,params_GRID_MAX_LAYER,params_GRID_STEP_MAX,params_GRID_STEP_MIN,params_GRID_STEP_VOL_FACTOR,params_LAYER_FRACTION,params_MAX_HOLD,params_NEUTRAL_RATIO,params_REBALANCE_FREQ,params_VOL_WEIGHT,user_attrs_avg_test_score,user_attrs_avg_train_score,user_attrs_test_score_std,user_attrs_train_test_gap,user_attrs_validation_error,state
466,-0.5179924623587872,2026-05-12 14:28:41.799985,2026-05-12 14:28:42.308392,0 days 00:00:00.508407,0.45,0.7,2,0.05,0.02,0.6,0.08,6,0.5,20,0.8,-0.39108387647623727,-0.030830266507629607,0.2538171717650998,0.36025360996860767,,COMPLETE
467,-0.4283610173415879,2026-05-12 14:28:42.335809,2026-05-12 14:28:46.865322,0 days 00:00:04.529513,0.45,0.7,4,0.05,0.01,0.3,0.08,5,0.5,20,0.8,,,,,,PRUNED
468,-9999.0,2026-05-12 14:28:46.885667,2026-05-12 14:28:47.099577,0 days 00:00:00.213910,0.35,0.7,4,0.05,0.01,0.6,0.16,3,0.7,10,0.8,,,,,BEAR_RATIO < NEUTRAL_RATIO < BULL_RATIO 约束违反: 0.35 / 0.7 / 0.7,COMPLETE
469,-0.5910622890072166,2026-05-12 14:28:47.120430,2026-05-12 14:28:49.173385,0 days 00:00:02.052955,0.45,0.7,2,0.05,0.02,0.6,0.08,3,0.6,20,0.8,,,,,,PRUNED
470,-0.4764889183318943,2026-05-12 14:28:49.197039,2026-05-12 14:28:54.473033,0 days 00:00:05.275994,0.45,0.8,2,0.05,0.01,0.6,0.16,4,0.7,10,0.5,,,,,,PRUNED
471,-0.5310489519191157,2026-05-12 14:28:54.494865,2026-05-12 14:28:59.406044,0 days 00:00:04.911179,0.35,0.8,3,0.03,0.01,0.3,0.16,6,0.6,20,0.8,,,,,,PRUNED
472,-0.4322626817353953,2026-05-12 14:28:59.429831,2026-05-12 14:29:05.193381,0 days 00:00:05.763550,0.45,0.7,2,0.05,0.02,0.6,0.08,6,0.6,5,0.8,,,,,,PRUNED
473,-0.43588278815153436,2026-05-12 14:29:05.217488,2026-05-12 14:29:09.228650,0 days 00:00:04.011162,0.35,0.7,2,0.05,0.02,0.6,0.08,4,0.5,20,0.8,,,,,,PRUNED
474,-0.5715107846558711,2026-05-12 14:29:09.254079,2026-05-12 14:29:09.591639,0 days 00:00:00.337560,0.45,0.7,2,0.05,0.02,0.6,0.08,3,0.5,20,0.8,,,,,,PRUNED
475,-9999.0,2026-05-12 14:29:09.616645,2026-05-12 14:29:09.881880,0 days 00:00:00.265235,0.45,0.7,2,0.05,0.02,0.6,0.08,6,0.7,20,0.8,,,,,BEAR_RATIO < NEUTRAL_RATIO < BULL_RATIO 约束违反: 0.45 / 0.7 / 0.7,COMPLETE
476,-0.4829500241661813,2026-05-12 14:29:09.907239,2026-05-12 14:29:14.892618,0 days 00:00:04.985379,0.45,0.7,2,0.03,0.02,0.45,0.08,4,0.5,5,0.5,,,,,,PRUNED
477,-0.5182406672588966,2026-05-12 14:29:14.915856,2026-05-12 14:29:15.416792,0 days 00:00:00.500936,0.45,0.7,2,0.05,0.02,0.45,0.08,6,0.5,20,0.8,-0.3910743597599139,-0.030648087966744914,0.25433261499796533,0.360426271793169,,COMPLETE
478,-0.5179924623587872,2026-05-12 14:29:15.440460,2026-05-12 14:29:15.938101,0 days 00:00:00.497641,0.45,0.7,2,0.05,0.02,0.6,0.08,6,0.5,20,0.5,-0.39108387647623727,-0.030830266507629607,0.2538171717650998,0.36025360996860767,,COMPLETE
479,-0.4257392076995694,2026-05-12 14:29:15.960704,2026-05-12 14:29:18.602135,0 days 00:00:02.641431,0.45,0.7,4,0.05,0.02,0.6,0.08,4,0.5,20,0.8,,,,,,PRUNED
480,-0.5335433861251057,2026-05-12 14:29:18.627156,2026-05-12 14:29:23.823963,0 days 00:00:05.196807,0.25,0.9,4,0.05,0.01,0.3,0.16,6,0.5,10,0.65,,,,,,PRUNED
481,-0.4318124553734489,2026-05-12 14:29:23.849120,2026-05-12 14:29:24.146026,0 days 00:00:00.296906,0.45,0.7,2,0.03,0.02,0.6,0.08,6,0.5,20,0.8,,,,,,PRUNED
482,-0.5182406672588966,2026-05-12 14:29:24.171447,2026-05-12 14:29:32.809989,0 days 00:00:08.638542,0.45,0.7,2,0.05,0.02,0.45,0.08,6,0.5,20,0.5,-0.3910743597599139,-0.030648087966744914,0.25433261499796533,0.360426271793169,,COMPLETE
483,-0.43539398241717564,2026-05-12 14:29:32.832393,2026-05-12 14:29:37.722844,0 days 00:00:04.890451,0.45,0.8,2,0.05,0.02,0.6,0.08,6,0.6,20,0.8,,,,,,PRUNED
484,-0.45390282536587445,2026-05-12 14:29:37.747376,2026-05-12 14:29:41.786496,0 days 00:00:04.039120,0.45,0.8,4,0.03,0.02,0.3,0.08,4,0.5,20,0.8,,,,,,PRUNED
485,-0.4857155708936963,2026-05-12 14:29:41.810772,2026-05-12 14:29:47.541279,0 days 00:00:05.730507,0.45,0.8,4,0.03,0.01,0.3,0.12,6,0.6,20,0.5,,,,,,PRUNED
486,-0.4194511448045569,2026-05-12 14:29:47.565157,2026-05-12 14:29:47.883534,0 days 00:00:00.318377,0.45,0.7,2,0.05,0.02,0.6,0.12,6,0.5,20,0.8,,,,,,PRUNED
487,-0.4227083328226171,2026-05-12 14:29:47.908755,2026-05-12 14:29:51.634557,0 days 00:00:03.725802,0.45,0.8,2,0.05,0.02,0.6,0.08,6,0.5,10,0.8,,,,,,PRUNED
488,-0.4242910183560481,2026-05-12 14:29:51.658360,2026-05-12 14:29:51.979866,0 days 00:00:00.321506,0.45,0.7,2,0.05,0.02,0.6,0.08,5,0.5,20,0.8,,,,,,PRUNED
489,-0.5715107846558711,2026-05-12 14:29:52.004611,2026-05-12 14:29:55.403598,0 days 00:00:03.398987,0.45,0.7,2,0.05,0.02,0.6,0.08,3,0.5,20,0.65,,,,,,PRUNED
490,-0.5179924623587872,2026-05-12 14:29:55.431063,2026-05-12 14:29:55.920080,0 days 00:00:00.489017,0.45,0.7,2,0.05,0.02,0.6,0.08,6,0.5,20,0.8,-0.39108387647623727,-0.030830266507629607,0.2538171717650998,0.36025360996860767,,COMPLETE
491,-0.5179924623587872,2026-05-12 14:29:55.944864,2026-05-12 14:29:56.408726,0 days 00:00:00.463862,0.45,0.7,2,0.05,0.02,0.6,0.08,6,0.5,20,0.8,-0.39108387647623727,-0.030830266507629607,0.2538171717650998,0.36025360996860767,,COMPLETE
492,-0.5179924623587872,2026-05-12 14:29:56.435560,2026-05-12 14:29:56.925035,0 days 00:00:00.489475,0.45,0.7,2,0.05,0.01,0.6,0.08,6,0.5,20,0.8,-0.39108387647623727,-0.030830266507629607,0.2538171717650998,0.36025360996860767,,COMPLETE
493,-0.4974583222707743,2026-05-12 14:29:56.949746,2026-05-12 14:30:02.191373,0 days 00:00:05.241627,0.45,0.8,3,0.03,0.02,0.3,0.12,6,0.7,10,0.5,,,,,,PRUNED
494,-0.480896955850613,2026-05-12 14:30:02.214751,2026-05-12 14:30:06.689308,0 days 00:00:04.474557,0.45,0.9,4,0.03,0.01,0.6,0.08,3,0.6,5,0.65,,,,,,PRUNED
495,-0.5179924623587872,2026-05-12 14:30:06.710882,2026-05-12 14:30:07.180478,0 days 00:00:00.469596,0.45,0.7,2,0.05,0.02,0.6,0.08,6,0.5,20,0.8,-0.39108387647623727,-0.030830266507629607,0.2538171717650998,0.36025360996860767,,COMPLETE
496,-0.5179924623587872,2026-05-12 14:30:07.222082,2026-05-12 14:30:07.703503,0 days 00:00:00.481421,0.45,0.7,2,0.05,0.02,0.6,0.08,6,0.5,20,0.65,-0.39108387647623727,-0.030830266507629607,0.2538171717650998,0.36025360996860767,,COMPLETE
497,-0.4925578671718266,2026-05-12 14:30:07.729737,2026-05-12 14:30:11.795373,0 days 00:00:04.065636,0.35,0.9,3,0.05,0.02,0.45,0.16,4,0.7,20,0.65,,,,,,PRUNED
498,-0.410125315542252,2026-05-12 14:30:11.819347,2026-05-12 14:30:12.149150,0 days 00:00:00.329803,0.45,0.7,4,0.05,0.02,0.6,0.08,6,0.5,20,0.8,,,,,,PRUNED
499,-9999.0,2026-05-12 14:30:12.171685,2026-05-12 14:30:12.416956,0 days 00:00:00.245271,0.45,0.7,2,0.05,0.02,0.6,0.08,4,0.7,20,0.8,,,,,BEAR_RATIO < NEUTRAL_RATIO < BULL_RATIO 约束违反: 0.45 / 0.7 / 0.7,COMPLETE
500,-0.4121653833865075,2026-05-12 14:30:12.441739,2026-05-12 14:30:17.309235,0 days 00:00:04.867496,0.45,0.7,4,0.05,0.02,0.3,0.08,6,0.5,20,0.8,,,,,,PRUNED
501,-0.41072198076880906,2026-05-12 14:30:17.333492,2026-05-12 14:30:21.041689,0 days 00:00:03.708197,0.45,0.7,3,0.05,0.02,0.6,0.08,6,0.5,10,0.8,,,,,,PRUNED
502,-0.42743124794033643,2026-05-12 14:30:21.066887,2026-05-12 14:30:26.052174,0 days 00:00:04.985287,0.45,0.7,4,0.05,0.02,0.6,0.08,6,0.6,20,0.8,,,,,,PRUNED
503,-0.5721484789066836,2026-05-12 14:30:26.078040,2026-05-12 14:30:31.880035,0 days 00:00:05.801995,0.25,0.9,4,0.03,0.02,0.6,0.16,5,0.5,5,0.5,,,,,,PRUNED
504,-0.6254093669446171,2026-05-12 14:30:31.905127,2026-05-12 14:30:35.430041,0 days 00:00:03.524914,0.25,0.8,3,0.05,0.02,0.45,0.08,3,0.7,20,0.8,,,,,,PRUNED
505,-0.5179924623587872,2026-05-12 14:30:35.455269,2026-05-12 14:30:35.996958,0 days 00:00:00.541689,0.45,0.7,2,0.05,0.02,0.6,0.08,6,0.5,20,0.8,-0.39108387647623727,-0.030830266507629607,0.2538171717650998,0.36025360996860767,,COMPLETE
506,-0.568297512223408,2026-05-12 14:30:36.021569,2026-05-12 14:30:41.705971,0 days 00:00:05.684402,0.25,0.9,4,0.03,0.01,0.6,0.16,6,0.5,20,0.8,,,,,,PRUNED
507,-9999.0,2026-05-12 14:30:41.731593,2026-05-12 14:30:42.019845,0 days 00:00:00.288252,0.45,0.7,2,0.05,0.02,0.6,0.08,6,0.7,10,0.8,,,,,BEAR_RATIO < NEUTRAL_RATIO < BULL_RATIO 约束违反: 0.45 / 0.7 / 0.7,COMPLETE
508,-0.6376253428340839,2026-05-12 14:30:42.043499,2026-05-12 14:30:45.412165,0 days 00:00:03.368666,0.35,0.9,2,0.03,0.01,0.6,0.08,3,0.7,20,0.8,,,,,,PRUNED
509,-0.5179924623587872,2026-05-12 14:30:45.439294,2026-05-12 14:30:45.935786,0 days 00:00:00.496492,0.45,0.7,2,0.05,0.02,0.6,0.08,6,0.5,20,0.8,-0.39108387647623727,-0.030830266507629607,0.2538171717650998,0.36025360996860767,,COMPLETE
510,-0.488811030608893,2026-05-12 14:30:45.961311,2026-05-12 14:30:50.253387,0 days 00:00:04.292076,0.35,0.7,4,0.03,0.02,0.3,0.12,4,0.6,10,0.5,,,,,,PRUNED
511,-0.4106117209672115,2026-05-12 14:30:50.291845,2026-05-12 14:30:53.621754,0 days 00:00:03.329909,0.45,0.7,2,0.05,0.02,0.6,0.08,5,0.5,10,0.8,,,,,,PRUNED
512,-0.43303418604199423,2026-05-12 14:30:53.647878,2026-05-12 14:30:58.915441,0 days 00:00:05.267563,0.45,0.7,2,0.03,0.02,0.6,0.08,6,0.5,10,0.8,,,,,,PRUNED
513,-0.4603883774162137,2026-05-12 14:30:58.938155,2026-05-12 14:31:02.973556,0 days 00:00:04.035401,0.35,0.8,3,0.05,0.02,0.3,0.08,4,0.6,20,0.8,,,,,,PRUNED
514,-0.4237402173189843,2026-05-12 14:31:03.001962,2026-05-12 14:31:07.021931,0 days 00:00:04.019969,0.45,0.7,3,0.05,0.02,0.6,0.08,4,0.5,20,0.8,,,,,,PRUNED
515,-0.5179924623587872,2026-05-12 14:31:07.045846,2026-05-12 14:31:07.552183,0 days 00:00:00.506337,0.45,0.7,2,0.05,0.02,0.6,0.08,6,0.5,20,0.8,-0.39108387647623727,-0.030830266507629607,0.2538171717650998,0.36025360996860767,,COMPLETE
516,-0.4296411080598753,2026-05-12 14:31:07.578204,2026-05-12 14:31:12.509501,0 days 00:00:04.931297,0.45,0.7,2,0.05,0.02,0.6,0.16,6,0.5,20,0.5,,,,,,PRUNED
517,-0.4809081466613071,2026-05-12 14:31:12.535667,2026-05-12 14:31:17.798603,0 days 00:00:05.262936,0.45,0.9,4,0.03,0.01,0.3,0.12,6,0.5,10,0.8,,,,,,PRUNED
518,-0.47477557343726595,2026-05-12 14:31:17.821695,2026-05-12 14:31:21.831160,0 days 00:00:04.009465,0.45,0.8,3,0.05,0.02,0.45,0.16,4,0.7,20,0.65,,,,,,PRUNED
519,-0.5179924623587872,2026-05-12 14:31:21.854034,2026-05-12 14:31:20.931576,-1 days +23:59:59.077542,0.45,0.7,2,0.05,0.02,0.6,0.08,6,0.5,20,0.8,-0.39108387647623727,-0.030830266507629607,0.2538171717650998,0.36025360996860767,,COMPLETE
520,-0.5179924623587872,2026-05-12 14:31:20.953131,2026-05-12 14:31:21.371350,0 days 00:00:00.418219,0.45,0.7,2,0.05,0.02,0.6,0.08,6,0.5,20,0.8,-0.39108387647623727,-0.030830266507629607,0.2538171717650998,0.36025360996860767,,COMPLETE
521,-0.6223300851712885,2026-05-12 14:31:21.393673,2026-05-12 14:31:24.763738,0 days 00:00:03.370065,0.35,0.7,2,0.03,0.02,0.6,0.12,3,0.6,20,0.65,,,,,,PRUNED
522,-0.5179924623587872,2026-05-12 14:31:24.789866,2026-05-12 14:31:25.307309,0 days 00:00:00.517443,0.45,0.7,2,0.05,0.02,0.6,0.08,6,0.5,20,0.8,-0.39108387647623727,-0.030830266507629607,0.2538171717650998,0.36025360996860767,,COMPLETE
523,-0.41789523230149306,2026-05-12 14:31:25.332422,2026-05-12 14:31:30.220112,0 days 00:00:04.887690,0.45,0.7,2,0.05,0.02,0.45,0.12,6,0.5,20,0.8,,,,,,PRUNED
524,-0.5179924623587872,2026-05-12 14:31:30.248489,2026-05-12 14:31:30.732177,0 days 00:00:00.483688,0.45,0.7,2,0.05,0.02,0.6,0.08,6,0.5,20,0.8,-0.39108387647623727,-0.030830266507629607,0.2538171717650998,0.36025360996860767,,COMPLETE
525,-0.5096150904615067,2026-05-12 14:31:30.758349,2026-05-12 14:31:35.625346,0 days 00:00:04.866997,0.45,0.9,4,0.03,0.01,0.45,0.16,4,0.6,20,0.5,,,,,,PRUNED
526,-0.5179924623587872,2026-05-12 14:31:35.648984,2026-05-12 14:31:36.155222,0 days 00:00:00.506238,0.45,0.7,2,0.05,0.02,0.6,0.08,6,0.5,20,0.8,-0.39108387647623727,-0.030830266507629607,0.2538171717650998,0.36025360996860767,,COMPLETE
527,-0.47956736096663144,2026-05-12 14:31:36.177292,2026-05-12 14:31:41.154401,0 days 00:00:04.977109,0.45,0.8,4,0.03,0.02,0.45,0.12,5,0.6,10,0.8,,,,,,PRUNED
528,-0.5179924623587872,2026-05-12 14:31:41.177110,2026-05-12 14:31:41.706927,0 days 00:00:00.529817,0.45,0.7,2,0.05,0.02,0.6,0.08,6,0.5,20,0.8,-0.39108387647623727,-0.030830266507629607,0.2538171717650998,0.36025360996860767,,COMPLETE
529,-0.648197757760185,2026-05-12 14:31:41.729711,2026-05-12 14:31:45.159539,0 days 00:00:03.429828,0.25,0.9,4,0.03,0.01,0.45,0.12,3,0.6,20,0.65,,,,,,PRUNED
530,-0.48883889976630934,2026-05-12 14:31:45.182908,2026-05-12 14:31:49.277966,0 days 00:00:04.095058,0.35,0.9,2,0.03,0.02,0.45,0.12,4,0.5,20,0.8,,,,,,PRUNED
531,-0.5179924623587872,2026-05-12 14:31:49.302806,2026-05-12 14:31:49.788158,0 days 00:00:00.485352,0.45,0.7,2,0.05,0.02,0.6,0.08,6,0.5,20,0.8,-0.39108387647623727,-0.030830266507629607,0.2538171717650998,0.36025360996860767,,COMPLETE
532,-0.42357363260304626,2026-05-12 14:31:49.811427,2026-05-12 14:31:50.082341,0 days 00:00:00.270914,0.45,0.7,2,0.05,0.02,0.6,0.08,6,0.6,20,0.8,,,,,,PRUNED
533,-9999.0,2026-05-12 14:31:50.101664,2026-05-12 14:31:50.319892,0 days 00:00:00.218228,0.35,0.7,4,0.03,0.01,0.3,0.16,4,0.7,5,0.65,,,,,BEAR_RATIO < NEUTRAL_RATIO < BULL_RATIO 约束违反: 0.35 / 0.7 / 0.7,COMPLETE
534,-0.4495738726787218,2026-05-12 14:31:50.341824,2026-05-12 14:31:54.397737,0 days 00:00:04.055913,0.45,0.8,4,0.03,0.01,0.3,0.08,5,0.5,5,0.65,,,,,,PRUNED
535,-0.5836343245793995,2026-05-12 14:31:54.418415,2026-05-12 14:31:59.368340,0 days 00:00:04.949925,0.35,0.9,4,0.03,0.02,0.45,0.16,4,0.7,5,0.8,,,,,,PRUNED
536,-0.4313006510632476,2026-05-12 14:31:59.391915,2026-05-12 14:32:04.266992,0 days 00:00:04.875077,0.45,0.9,2,0.05,0.02,0.45,0.08,6,0.5,20,0.8,,,,,,PRUNED
537,-9999.0,2026-05-12 14:32:04.310151,2026-05-12 14:32:04.588210,0 days 00:00:00.278059,0.45,0.7,2,0.03,0.02,0.45,0.16,3,0.7,20,0.8,,,,,BEAR_RATIO < NEUTRAL_RATIO < BULL_RATIO 约束违反: 0.45 / 0.7 / 0.7,COMPLETE
538,-0.5915694502553908,2026-05-12 14:32:04.612060,2026-05-12 14:32:10.476919,0 days 00:00:05.864859,0.25,0.9,4,0.03,0.02,0.3,0.12,6,0.7,5,0.8,,,,,,PRUNED
539,-0.6105968529926237,2026-05-12 14:32:10.500130,2026-05-12 14:32:13.899839,0 days 00:00:03.399709,0.45,0.9,2,0.05,0.02,0.3,0.12,3,0.6,20,0.5,,,,,,PRUNED
540,-0.5179924623587872,2026-05-12 14:32:13.923443,2026-05-12 14:32:14.435475,0 days 00:00:00.512032,0.45,0.7,2,0.05,0.01,0.6,0.08,6,0.5,20,0.8,-0.39108387647623727,-0.030830266507629607,0.2538171717650998,0.36025360996860767,,COMPLETE
541,-9999.0,2026-05-12 14:32:14.461807,2026-05-12 14:32:14.731867,0 days 00:00:00.270060,0.35,0.7,4,0.03,0.02,0.6,0.08,6,0.7,20,0.8,,,,,BEAR_RATIO < NEUTRAL_RATIO < BULL_RATIO 约束违反: 0.35 / 0.7 / 0.7,COMPLETE
542,-0.5855496147753049,2026-05-12 14:32:14.755663,2026-05-12 14:32:18.232063,0 days 00:00:03.476400,0.45,0.9,2,0.05,0.02,0.6,0.08,3,0.5,20,0.8,,,,,,PRUNED
543,-0.4213231947291116,2026-05-12 14:32:18.257661,2026-05-12 14:32:22.210476,0 days 00:00:03.952815,0.45,0.7,2,0.05,0.02,0.6,0.08,4,0.5,20,0.65,,,,,,PRUNED
544,-0.6131810860492313,2026-05-12 14:32:22.229543,2026-05-12 14:32:24.193210,0 days 00:00:01.963667,0.45,0.9,3,0.03,0.01,0.3,0.16,3,0.5,20,0.65,,,,,,PRUNED
545,-0.4413208778376437,2026-05-12 14:32:24.215512,2026-05-12 14:32:29.060235,0 days 00:00:04.844723,0.45,0.7,2,0.03,0.02,0.6,0.08,4,0.5,20,0.8,,,,,,PRUNED
546,-0.4775039028511857,2026-05-12 14:32:29.085077,2026-05-12 14:32:34.025716,0 days 00:00:04.940639,0.45,0.7,2,0.03,0.02,0.6,0.16,6,0.5,20,0.8,,,,,,PRUNED
547,-0.5179924623587872,2026-05-12 14:32:34.048766,2026-05-12 14:32:34.542971,0 days 00:00:00.494205,0.45,0.7,2,0.05,0.02,0.6,0.08,6,0.5,20,0.8,-0.39108387647623727,-0.030830266507629607,0.2538171717650998,0.36025360996860767,,COMPLETE
548,-0.4535570290685313,2026-05-12 14:32:34.567199,2026-05-12 14:32:38.605241,0 days 00:00:04.038042,0.45,0.9,2,0.05,0.01,0.6,0.16,4,0.5,20,0.8,,,,,,PRUNED
549,-9999.0,2026-05-12 14:32:38.630004,2026-05-12 14:32:38.885359,0 days 00:00:00.255355,0.25,0.7,3,0.05,0.02,0.6,0.16,5,0.7,10,0.65,,,,,BEAR_RATIO < NEUTRAL_RATIO < BULL_RATIO 约束违反: 0.25 / 0.7 / 0.7,COMPLETE
550,-0.5179924623587872,2026-05-12 14:32:38.908514,2026-05-12 14:32:39.410750,0 days 00:00:00.502236,0.45,0.7,2,0.05,0.02,0.6,0.08,6,0.5,20,0.8,-0.39108387647623727,-0.030830266507629607,0.2538171717650998,0.36025360996860767,,COMPLETE
551,-0.43923189093640774,2026-05-12 14:32:39.434468,2026-05-12 14:32:44.346367,0 days 00:00:04.911899,0.45,0.7,4,0.05,0.02,0.45,0.12,6,0.6,20,0.8,,,,,,PRUNED
552,-0.4324364259573655,2026-05-12 14:32:44.369707,2026-05-12 14:32:49.304040,0 days 00:00:04.934333,0.45,0.7,2,0.03,0.02,0.3,0.08,6,0.5,20,0.8,,,,,,PRUNED
553,-0.5179924623587872,2026-05-12 14:32:49.329209,2026-05-12 14:32:49.835929,0 days 00:00:00.506720,0.45,0.7,2,0.05,0.02,0.6,0.08,6,0.5,20,0.8,-0.39108387647623727,-0.030830266507629607,0.2538171717650998,0.36025360996860767,,COMPLETE
554,-0.5119411255673495,2026-05-12 14:32:49.859472,2026-05-12 14:32:53.608351,0 days 00:00:03.748879,0.45,0.7,2,0.05,0.02,0.6,0.08,3,0.5,10,0.8,,,,,,PRUNED
555,-0.4213231947291116,2026-05-12 14:32:53.630870,2026-05-12 14:32:53.976755,0 days 00:00:00.345885,0.45,0.7,2,0.05,0.02,0.6,0.08,4,0.5,20,0.8,,,,,,PRUNED
556,-0.613885913826025,2026-05-12 14:32:54.000714,2026-05-12 14:32:55.938331,0 days 00:00:01.937617,0.25,0.8,4,0.05,0.01,0.6,0.12,3,0.5,20,0.65,,,,,,PRUNED
557,-0.5145989314988659,2026-05-12 14:32:55.966285,2026-05-12 14:33:00.335042,0 days 00:00:04.368757,0.25,0.9,4,0.03,0.01,0.45,0.12,4,0.5,10,0.5,,,,,,PRUNED
558,-0.49878141940690474,2026-05-12 14:33:00.360687,2026-05-12 14:33:05.218935,0 days 00:00:04.858248,0.25,0.9,2,0.05,0.02,0.6,0.08,6,0.5,20,0.8,,,,,,PRUNED
559,-0.4814222877295103,2026-05-12 14:33:05.247094,2026-05-12 14:33:11.208226,0 days 00:00:05.961132,0.45,0.9,3,0.05,0.02,0.45,0.16,5,0.6,5,0.5,,,,,,PRUNED
560,-0.4805782856205968,2026-05-12 14:33:11.233000,2026-05-12 14:33:16.300816,0 days 00:00:05.067816,0.35,0.9,2,0.03,0.02,0.6,0.08,6,0.5,20,0.65,,,,,,PRUNED
561,-0.42509425747705676,2026-05-12 14:33:16.326678,2026-05-12 14:33:20.344899,0 days 00:00:04.018221,0.45,0.7,4,0.05,0.01,0.45,0.08,4,0.5,20,0.8,,,,,,PRUNED
562,-0.5179924623587872,2026-05-12 14:33:20.369940,2026-05-12 14:33:20.894175,0 days 00:00:00.524235,0.45,0.7,2,0.05,0.02,0.6,0.08,6,0.5,20,0.8,-0.39108387647623727,-0.030830266507629607,0.2538171717650998,0.36025360996860767,,COMPLETE
563,-0.42224768267245916,2026-05-12 14:33:20.919450,2026-05-12 14:33:25.021988,0 days 00:00:04.102538,0.45,0.8,2,0.05,0.02,0.3,0.08,6,0.5,20,0.8,,,,,,PRUNED
564,-0.42314434753360175,2026-05-12 14:33:25.046692,2026-05-12 14:33:29.900874,0 days 00:00:04.854182,0.45,0.7,2,0.05,0.02,0.45,0.08,6,0.6,20,0.8,,,,,,PRUNED
565,-0.4550491770897389,2026-05-12 14:33:29.923484,2026-05-12 14:33:35.472857,0 days 00:00:05.549373,0.45,0.7,2,0.03,0.02,0.3,0.12,5,0.5,5,0.8,,,,,,PRUNED
566,-0.49822804637207285,2026-05-12 14:33:35.495970,2026-05-12 14:33:40.633544,0 days 00:00:05.137574,0.45,0.7,4,0.03,0.02,0.6,0.08,4,0.6,5,0.65,,,,,,PRUNED
567,-0.4708757276482046,2026-05-12 14:33:40.656870,2026-05-12 14:33:45.094914,0 days 00:00:04.438044,0.35,0.9,3,0.05,0.02,0.3,0.12,4,0.5,10,0.65,,,,,,PRUNED
568,-0.45668145532858223,2026-05-12 14:33:45.117159,2026-05-12 14:33:50.009050,0 days 00:00:04.891891,0.45,0.8,4,0.05,0.01,0.3,0.08,6,0.7,20,0.5,,,,,,PRUNED
569,-0.421366069161807,2026-05-12 14:33:50.031925,2026-05-12 14:33:54.967974,0 days 00:00:04.936049,0.45,0.7,3,0.05,0.02,0.6,0.12,6,0.5,20,0.8,,,,,,PRUNED
570,-0.5179924623587872,2026-05-12 14:33:54.993764,2026-05-12 14:33:55.470418,0 days 00:00:00.476654,0.45,0.7,2,0.05,0.02,0.6,0.08,6,0.5,20,0.8,-0.39108387647623727,-0.030830266507629607,0.2538171717650998,0.36025360996860767,,COMPLETE
571,-0.47441457244516044,2026-05-12 14:33:55.492438,2026-05-12 14:33:55.852341,0 days 00:00:00.359903,0.25,0.7,2,0.05,0.02,0.6,0.08,6,0.5,20,0.8,,,,,,PRUNED
572,-0.4081111993881487,2026-05-12 14:33:55.878451,2026-05-12 14:33:59.163199,0 days 00:00:03.284748,0.45,0.7,3,0.05,0.02,0.45,0.08,6,0.5,20,0.8,,,,,,PRUNED
573,-0.5179924623587872,2026-05-12 14:33:59.187523,2026-05-12 14:33:59.719041,0 days 00:00:00.531518,0.45,0.7,2,0.05,0.02,0.6,0.08,6,0.5,20,0.8,-0.39108387647623727,-0.030830266507629607,0.2538171717650998,0.36025360996860767,,COMPLETE
574,-0.41610686693884014,2026-05-12 14:33:59.766445,2026-05-12 14:34:05.532222,0 days 00:00:05.765777,0.45,0.7,3,0.05,0.02,0.6,0.08,6,0.5,5,0.8,,,,,,PRUNED
575,-0.5730010624940768,2026-05-12 14:34:05.556808,2026-05-12 14:34:09.085620,0 days 00:00:03.528812,0.45,0.7,3,0.05,0.02,0.6,0.08,3,0.5,20,0.8,,,,,,PRUNED
576,-0.4675620327059678,2026-05-12 14:34:09.109519,2026-05-12 14:34:13.095410,0 days 00:00:03.985891,0.25,0.7,4,0.05,0.02,0.6,0.08,4,0.6,20,0.65,,,,,,PRUNED
577,-0.5210271825699901,2026-05-12 14:34:13.119590,2026-05-12 14:34:17.698543,0 days 00:00:04.578953,0.45,0.7,2,0.05,0.02,0.6,0.16,3,0.5,10,0.65,,,,,,PRUNED
578,-0.4757310524677019,2026-05-12 14:34:17.724476,2026-05-12 14:34:22.557178,0 days 00:00:04.832702,0.25,0.7,3,0.05,0.02,0.6,0.08,6,0.5,20,0.8,,,,,,PRUNED
579,-0.4806945078613154,2026-05-12 14:34:22.580504,2026-05-12 14:34:27.601509,0 days 00:00:05.021005,0.35,0.9,3,0.03,0.01,0.6,0.08,6,0.5,20,0.5,,,,,,PRUNED
580,-0.5179924623587872,2026-05-12 14:34:27.625840,2026-05-12 14:34:26.675360,-1 days +23:59:59.049520,0.45,0.7,2,0.05,0.02,0.6,0.08,6,0.5,20,0.8,-0.39108387647623727,-0.030830266507629607,0.2538171717650998,0.36025360996860767,,COMPLETE
581,-0.5171668833155848,2026-05-12 14:34:26.700057,2026-05-12 14:34:31.559470,0 days 00:00:04.859413,0.25,0.9,4,0.05,0.02,0.6,0.12,6,0.5,20,0.8,,,,,,PRUNED
582,-0.5179924623587872,2026-05-12 14:34:31.584945,2026-05-12 14:34:32.079911,0 days 00:00:00.494966,0.45,0.7,2,0.05,0.02,0.6,0.08,6,0.5,20,0.8,-0.39108387647623727,-0.030830266507629607,0.2538171717650998,0.36025360996860767,,COMPLETE
583,-0.43155661162383707,2026-05-12 14:34:32.103552,2026-05-12 14:34:36.988563,0 days 00:00:04.885011,0.45,0.7,3,0.05,0.01,0.6,0.16,6,0.5,20,0.8,,,,,,PRUNED
584,-0.5179924623587872,2026-05-12 14:34:37.032726,2026-05-12 14:34:37.526335,0 days 00:00:00.493609,0.45,0.7,2,0.05,0.02,0.6,0.08,6,0.5,20,0.8,-0.39108387647623727,-0.030830266507629607,0.2538171717650998,0.36025360996860767,,COMPLETE
585,-0.4092137988646166,2026-05-12 14:34:37.549359,2026-05-12 14:34:37.874364,0 days 00:00:00.325005,0.45,0.7,2,0.05,0.02,0.6,0.08,6,0.5,10,0.8,,,,,,PRUNED
