number,value,datetime_start,datetime_complete,duration,params_BEAR_RATIO,params_BULL_RATIO,params_GRID_MAX_LAYER,params_GRID_STEP_MAX,params_GRID_STEP_MIN,params_GRID_STEP_VOL_FACTOR,params_LAYER_FRACTION,params_MAX_HOLD,params_NEUTRAL_RATIO,params_REBALANCE_FREQ,params_VOL_WEIGHT,user_attrs_avg_test_score,user_attrs_avg_train_score,user_attrs_test_score_std,user_attrs_train_test_gap,user_attrs_validation_error,state
1830,-9999.0,2026-05-12 15:42:16.340891,2026-05-12 15:42:16.614201,0 days 00:00:00.273310,0.25,0.7,3,0.05,0.01,0.6,0.12,6,0.7,10,0.5,,,,,BEAR_RATIO < NEUTRAL_RATIO < BULL_RATIO 约束违反: 0.25 / 0.7 / 0.7,COMPLETE
1831,-0.49539692967639737,2026-05-12 15:42:16.638315,2026-05-12 15:42:21.032842,0 days 00:00:04.394527,0.35,0.8,3,0.03,0.01,0.45,0.16,4,0.5,10,0.5,,,,,,PRUNED
1832,-0.4296411080598753,2026-05-12 15:42:21.060974,2026-05-12 15:42:26.187794,0 days 00:00:05.126820,0.45,0.7,2,0.05,0.01,0.6,0.16,6,0.5,20,0.5,,,,,,PRUNED
1833,-0.5419374781888324,2026-05-12 15:42:26.214200,2026-05-12 15:42:32.307573,0 days 00:00:06.093373,0.35,0.9,4,0.03,0.01,0.45,0.16,6,0.5,5,0.5,,,,,,PRUNED
1834,-0.5002754781596084,2026-05-12 15:42:32.335326,2026-05-12 15:42:37.236710,0 days 00:00:04.901384,0.25,0.7,3,0.03,0.01,0.3,0.08,5,0.6,10,0.5,,,,,,PRUNED
1835,-0.42425391176419913,2026-05-12 15:42:37.260930,2026-05-12 15:42:42.556624,0 days 00:00:05.295694,0.45,0.7,2,0.05,0.02,0.3,0.12,6,0.5,10,0.8,,,,,,PRUNED
1836,-0.43588147116932807,2026-05-12 15:42:42.581847,2026-05-12 15:42:45.169849,0 days 00:00:02.588002,0.45,0.7,2,0.05,0.02,0.6,0.16,4,0.5,20,0.65,,,,,,PRUNED
1837,-0.42357363260304626,2026-05-12 15:42:45.190247,2026-05-12 15:42:45.469267,0 days 00:00:00.279020,0.45,0.7,2,0.05,0.02,0.6,0.08,6,0.6,20,0.8,,,,,,PRUNED
1838,-0.5507539117388138,2026-05-12 15:42:45.491296,2026-05-12 15:42:51.196694,0 days 00:00:05.705398,0.25,0.8,4,0.05,0.02,0.45,0.16,6,0.6,5,0.65,,,,,,PRUNED
1839,-0.5179924623587872,2026-05-12 15:42:51.222474,2026-05-12 15:42:51.725364,0 days 00:00:00.502890,0.45,0.7,2,0.05,0.02,0.6,0.08,6,0.5,20,0.8,-0.39108387647623727,-0.030830266507629607,0.2538171717650998,0.36025360996860767,,COMPLETE
1840,-0.44643599667831646,2026-05-12 15:42:51.748593,2026-05-12 15:42:58.018998,0 days 00:00:06.270405,0.45,0.7,2,0.05,0.02,0.6,0.16,6,0.6,10,0.8,,,,,,PRUNED
1841,-0.5179924623587872,2026-05-12 15:42:58.042515,2026-05-12 15:42:58.544553,0 days 00:00:00.502038,0.45,0.7,2,0.05,0.02,0.6,0.08,6,0.5,20,0.8,-0.39108387647623727,-0.030830266507629607,0.2538171717650998,0.36025360996860767,,COMPLETE
1842,-0.5179924623587872,2026-05-12 15:42:58.567527,2026-05-12 15:42:59.064685,0 days 00:00:00.497158,0.45,0.7,2,0.05,0.02,0.6,0.08,6,0.5,20,0.8,-0.39108387647623727,-0.030830266507629607,0.2538171717650998,0.36025360996860767,,COMPLETE
1843,-0.46152728035568846,2026-05-12 15:42:59.088702,2026-05-12 15:43:04.180500,0 days 00:00:05.091798,0.45,0.9,2,0.05,0.01,0.6,0.08,6,0.7,20,0.8,,,,,,PRUNED
1844,-0.44937793059985887,2026-05-12 15:43:04.208504,2026-05-12 15:43:08.224661,0 days 00:00:04.016157,0.45,0.7,2,0.05,0.02,0.6,0.16,4,0.6,20,0.8,,,,,,PRUNED
1845,-9999.0,2026-05-12 15:43:08.251928,2026-05-12 15:43:08.533060,0 days 00:00:00.281132,0.25,0.7,4,0.03,0.02,0.6,0.12,6,0.7,20,0.8,,,,,BEAR_RATIO < NEUTRAL_RATIO < BULL_RATIO 约束违反: 0.25 / 0.7 / 0.7,COMPLETE
1846,-0.5179781924860154,2026-05-12 15:43:08.559711,2026-05-12 15:43:13.619411,0 days 00:00:05.059700,0.25,0.7,3,0.03,0.01,0.3,0.12,5,0.6,10,0.8,,,,,,PRUNED
1847,-0.4167185686265585,2026-05-12 15:43:13.645690,2026-05-12 15:43:17.965773,0 days 00:00:04.320083,0.45,0.7,2,0.05,0.01,0.3,0.08,6,0.5,5,0.8,,,,,,PRUNED
1848,-0.4578521702905508,2026-05-12 15:43:17.993388,2026-05-12 15:43:22.952551,0 days 00:00:04.959163,0.45,0.9,2,0.05,0.01,0.45,0.12,6,0.6,20,0.65,,,,,,PRUNED
1849,-0.4466594733856591,2026-05-12 15:43:22.978494,2026-05-12 15:43:28.942581,0 days 00:00:05.964087,0.45,0.8,2,0.05,0.02,0.6,0.08,6,0.6,5,0.8,,,,,,PRUNED
1850,-0.42056632138184724,2026-05-12 15:43:28.970506,2026-05-12 15:43:29.334469,0 days 00:00:00.363963,0.45,0.8,2,0.05,0.01,0.6,0.08,6,0.5,20,0.8,,,,,,PRUNED
1851,-0.5179924623587872,2026-05-12 15:43:29.359597,2026-05-12 15:43:29.902011,0 days 00:00:00.542414,0.45,0.7,2,0.05,0.02,0.6,0.08,6,0.5,20,0.8,-0.39108387647623727,-0.030830266507629607,0.2538171717650998,0.36025360996860767,,COMPLETE
1852,-0.45969620443855796,2026-05-12 15:43:29.924661,2026-05-12 15:43:34.215570,0 days 00:00:04.290909,0.45,0.8,2,0.03,0.01,0.6,0.12,3,0.5,5,0.5,,,,,,PRUNED
1853,-0.4213231947291116,2026-05-12 15:43:34.240114,2026-05-12 15:43:34.608165,0 days 00:00:00.368051,0.45,0.7,2,0.05,0.02,0.6,0.08,4,0.5,20,0.8,,,,,,PRUNED
1854,-0.44657159004934954,2026-05-12 15:43:34.634449,2026-05-12 15:43:38.676118,0 days 00:00:04.041669,0.35,0.7,2,0.05,0.02,0.6,0.08,4,0.6,20,0.8,,,,,,PRUNED
1855,-0.44401654507116617,2026-05-12 15:43:38.702064,2026-05-12 15:43:44.618938,0 days 00:00:05.916874,0.45,0.7,2,0.05,0.02,0.6,0.12,6,0.6,5,0.8,,,,,,PRUNED
1856,-0.6225013656153864,2026-05-12 15:43:44.643381,2026-05-12 15:43:46.601466,0 days 00:00:01.958085,0.25,0.7,4,0.03,0.01,0.3,0.08,3,0.6,20,0.5,,,,,,PRUNED
1857,-0.44132560848440905,2026-05-12 15:43:46.627122,2026-05-12 15:43:52.204771,0 days 00:00:05.577649,0.45,0.7,2,0.05,0.02,0.6,0.16,5,0.5,20,0.5,,,,,,PRUNED
1858,-0.5001643039969732,2026-05-12 15:43:52.232441,2026-05-12 15:43:56.490897,0 days 00:00:04.258456,0.45,0.9,2,0.03,0.01,0.6,0.16,3,0.6,5,0.8,,,,,,PRUNED
1859,-0.45293623103908653,2026-05-12 15:43:56.514577,2026-05-12 15:44:01.687381,0 days 00:00:05.172804,0.45,0.7,4,0.05,0.02,0.6,0.16,6,0.6,20,0.8,,,,,,PRUNED
1860,-0.637594684226864,2026-05-12 15:44:01.715523,2026-05-12 15:44:05.087043,0 days 00:00:03.371520,0.45,0.9,4,0.05,0.01,0.45,0.16,3,0.7,20,0.8,,,,,,PRUNED
1861,-0.5179924623587872,2026-05-12 15:44:05.114646,2026-05-12 15:44:05.651824,0 days 00:00:00.537178,0.45,0.7,2,0.05,0.02,0.6,0.08,6,0.5,20,0.8,-0.39108387647623727,-0.030830266507629607,0.2538171717650998,0.36025360996860767,,COMPLETE
1862,-0.5105096453817187,2026-05-12 15:44:05.679135,2026-05-12 15:44:10.421731,0 days 00:00:04.742596,0.25,0.8,2,0.05,0.01,0.3,0.08,5,0.7,20,0.8,,,,,,PRUNED
1863,-0.4974073281927062,2026-05-12 15:44:10.445386,2026-05-12 15:44:15.368578,0 days 00:00:04.923192,0.25,0.7,2,0.03,0.02,0.45,0.08,6,0.5,20,0.8,,,,,,PRUNED
1864,-0.5179924623587872,2026-05-12 15:44:15.394290,2026-05-12 15:44:15.988526,0 days 00:00:00.594236,0.45,0.7,2,0.05,0.02,0.6,0.08,6,0.5,20,0.8,-0.39108387647623727,-0.030830266507629607,0.2538171717650998,0.36025360996860767,,COMPLETE
1865,-0.4366801865000989,2026-05-12 15:44:16.014326,2026-05-12 15:44:16.362152,0 days 00:00:00.347826,0.45,0.8,2,0.05,0.02,0.6,0.08,5,0.5,20,0.8,,,,,,PRUNED
1866,-0.480549152514629,2026-05-12 15:44:16.389430,2026-05-12 15:44:20.673462,0 days 00:00:04.284032,0.45,0.8,2,0.03,0.01,0.45,0.12,3,0.6,5,0.65,,,,,,PRUNED
1867,-0.5078618313258879,2026-05-12 15:44:20.696521,2026-05-12 15:44:25.879884,0 days 00:00:05.183363,0.45,0.7,2,0.03,0.02,0.3,0.16,4,0.5,5,0.65,,,,,,PRUNED
1868,-0.5420089799421203,2026-05-12 15:44:25.919428,2026-05-12 15:44:30.857791,0 days 00:00:04.938363,0.35,0.9,4,0.03,0.01,0.6,0.16,5,0.7,10,0.65,,,,,,PRUNED
1869,-0.6043251889807786,2026-05-12 15:44:30.886033,2026-05-12 15:44:34.470408,0 days 00:00:03.584375,0.25,0.8,2,0.05,0.02,0.6,0.08,3,0.5,20,0.8,,,,,,PRUNED
1870,-0.45728031320268825,2026-05-12 15:44:34.493661,2026-05-12 15:44:40.390918,0 days 00:00:05.897257,0.45,0.7,4,0.03,0.01,0.6,0.08,6,0.6,5,0.8,,,,,,PRUNED
1871,-0.6434076853136408,2026-05-12 15:44:40.414864,2026-05-12 15:44:43.827857,0 days 00:00:03.412993,0.45,0.9,2,0.03,0.01,0.3,0.12,3,0.7,20,0.65,,,,,,PRUNED
1872,-0.47441457244516044,2026-05-12 15:44:43.850344,2026-05-12 15:44:44.181534,0 days 00:00:00.331190,0.25,0.7,2,0.05,0.02,0.6,0.08,6,0.5,20,0.8,,,,,,PRUNED
1873,-0.5951667046631096,2026-05-12 15:44:44.206164,2026-05-12 15:44:50.109609,0 days 00:00:05.903445,0.25,0.9,3,0.03,0.02,0.45,0.16,4,0.6,5,0.5,,,,,,PRUNED
1874,-0.4566194039439988,2026-05-12 15:44:50.133731,2026-05-12 15:44:51.344834,0 days 00:00:01.211103,0.25,0.7,2,0.05,0.02,0.45,0.08,4,0.5,20,0.8,,,,,,PRUNED
1875,-0.45460828864946595,2026-05-12 15:44:51.370809,2026-05-12 15:44:56.484191,0 days 00:00:05.113382,0.45,0.9,4,0.03,0.01,0.45,0.08,5,0.5,10,0.8,,,,,,PRUNED
1876,-0.5179924623587872,2026-05-12 15:44:56.512031,2026-05-12 15:44:57.022987,0 days 00:00:00.510956,0.45,0.7,2,0.05,0.02,0.6,0.08,6,0.5,20,0.8,-0.39108387647623727,-0.030830266507629607,0.2538171717650998,0.36025360996860767,,COMPLETE
1877,-0.5792061418857395,2026-05-12 15:44:57.046551,2026-05-12 15:45:00.445767,0 days 00:00:03.399216,0.45,0.8,2,0.05,0.02,0.45,0.08,3,0.5,20,0.8,,,,,,PRUNED
1878,-0.434017431204229,2026-05-12 15:45:00.474861,2026-05-12 15:45:05.745193,0 days 00:00:05.270332,0.35,0.7,2,0.05,0.02,0.6,0.08,6,0.5,10,0.65,,,,,,PRUNED
1879,-0.5179924623587872,2026-05-12 15:45:05.772376,2026-05-12 15:45:06.265231,0 days 00:00:00.492855,0.45,0.7,2,0.05,0.02,0.6,0.08,6,0.5,20,0.8,-0.39108387647623727,-0.030830266507629607,0.2538171717650998,0.36025360996860767,,COMPLETE
1880,-0.5020190589950159,2026-05-12 15:45:06.289289,2026-05-12 15:45:12.242523,0 days 00:00:05.953234,0.35,0.9,2,0.05,0.01,0.45,0.12,6,0.6,5,0.8,,,,,,PRUNED
1881,-0.5179924623587872,2026-05-12 15:45:12.268677,2026-05-12 15:45:12.816307,0 days 00:00:00.547630,0.45,0.7,2,0.05,0.02,0.6,0.08,6,0.5,20,0.8,-0.39108387647623727,-0.030830266507629607,0.2538171717650998,0.36025360996860767,,COMPLETE
1882,-0.5007538738002514,2026-05-12 15:45:12.843258,2026-05-12 15:45:16.807186,0 days 00:00:03.963928,0.35,0.8,2,0.03,0.02,0.3,0.16,4,0.5,20,0.5,,,,,,PRUNED
1883,-0.46651008662753235,2026-05-12 15:45:16.832744,2026-05-12 15:45:20.987949,0 days 00:00:04.155205,0.45,0.9,4,0.05,0.01,0.6,0.08,4,0.7,20,0.8,,,,,,PRUNED
1884,-0.508296853599998,2026-05-12 15:45:21.012375,2026-05-12 15:45:25.271533,0 days 00:00:04.259158,0.25,0.7,2,0.05,0.02,0.3,0.08,3,0.6,5,0.8,,,,,,PRUNED
1885,-0.5472495359850028,2026-05-12 15:45:25.299071,2026-05-12 15:45:29.147719,0 days 00:00:03.848648,0.45,0.9,4,0.05,0.02,0.6,0.08,3,0.6,10,0.8,,,,,,PRUNED
1886,-0.5752812511464139,2026-05-12 15:45:29.171993,2026-05-12 15:45:35.043263,0 days 00:00:05.871270,0.35,0.9,2,0.03,0.01,0.45,0.16,6,0.7,5,0.8,,,,,,PRUNED
1887,-0.6417286523262732,2026-05-12 15:45:35.070272,2026-05-12 15:45:38.579939,0 days 00:00:03.509667,0.25,0.9,2,0.03,0.02,0.45,0.16,3,0.5,20,0.5,,,,,,PRUNED
1888,-0.42630634949312973,2026-05-12 15:45:38.604002,2026-05-12 15:45:44.445184,0 days 00:00:05.841182,0.45,0.7,2,0.05,0.02,0.6,0.12,6,0.5,5,0.5,,,,,,PRUNED
1889,-9999.0,2026-05-12 15:45:44.495897,2026-05-12 15:45:44.860387,0 days 00:00:00.364490,0.45,0.7,2,0.05,0.01,0.45,0.12,6,0.7,10,0.65,,,,,BEAR_RATIO < NEUTRAL_RATIO < BULL_RATIO 约束违反: 0.45 / 0.7 / 0.7,COMPLETE
1890,-0.4989706466660805,2026-05-12 15:45:44.884136,2026-05-12 15:45:50.089895,0 days 00:00:05.205759,0.35,0.8,2,0.03,0.01,0.45,0.16,3,0.5,5,0.65,,,,,,PRUNED
1891,-0.45432072558684256,2026-05-12 15:45:50.115386,2026-05-12 15:45:55.121284,0 days 00:00:05.005898,0.35,0.7,3,0.03,0.01,0.45,0.08,5,0.5,10,0.8,,,,,,PRUNED
1892,-0.4296411080598753,2026-05-12 15:45:55.148510,2026-05-12 15:45:55.512803,0 days 00:00:00.364293,0.45,0.7,2,0.05,0.02,0.6,0.16,6,0.5,20,0.8,,,,,,PRUNED
1893,-0.5106241669811739,2026-05-12 15:45:55.536371,2026-05-12 15:45:57.622843,0 days 00:00:02.086472,0.25,0.7,4,0.03,0.01,0.6,0.12,5,0.5,10,0.5,,,,,,PRUNED
1894,-0.4092137988646166,2026-05-12 15:45:57.646475,2026-05-12 15:45:57.984888,0 days 00:00:00.338413,0.45,0.7,2,0.05,0.02,0.6,0.08,6,0.5,10,0.8,,,,,,PRUNED
1895,-0.4278019617453936,2026-05-12 15:45:58.007124,2026-05-12 15:46:01.880539,0 days 00:00:03.873415,0.45,0.7,2,0.05,0.01,0.6,0.08,4,0.5,10,0.8,,,,,,PRUNED
1896,-0.49710370833536494,2026-05-12 15:46:01.902930,2026-05-12 15:46:06.320664,0 days 00:00:04.417734,0.45,0.8,2,0.03,0.02,0.3,0.08,4,0.5,5,0.8,,,,,,PRUNED
1897,-0.4941779862521701,2026-05-12 15:46:06.343094,2026-05-12 15:46:10.243638,0 days 00:00:03.900544,0.35,0.9,4,0.03,0.02,0.45,0.12,4,0.5,10,0.65,,,,,,PRUNED
1898,-0.5179924623587872,2026-05-12 15:46:10.265025,2026-05-12 15:46:10.702545,0 days 00:00:00.437520,0.45,0.7,2,0.05,0.02,0.6,0.08,6,0.5,20,0.8,-0.39108387647623727,-0.030830266507629607,0.2538171717650998,0.36025360996860767,,COMPLETE
1899,-0.47401606626100135,2026-05-12 15:46:10.722853,2026-05-12 15:46:15.395587,0 days 00:00:04.672734,0.35,0.7,3,0.05,0.02,0.45,0.16,5,0.6,10,0.65,,,,,,PRUNED
1900,-0.49853122988548093,2026-05-12 15:46:15.423166,2026-05-12 15:46:20.335031,0 days 00:00:04.911865,0.35,0.8,2,0.03,0.01,0.45,0.12,5,0.5,20,0.65,,,,,,PRUNED
1901,-9999.0,2026-05-12 15:46:20.363774,2026-05-12 15:46:20.640252,0 days 00:00:00.276478,0.35,0.7,3,0.05,0.02,0.6,0.12,4,0.7,5,0.8,,,,,BEAR_RATIO < NEUTRAL_RATIO < BULL_RATIO 约束违反: 0.35 / 0.7 / 0.7,COMPLETE
1902,-0.4469511907180099,2026-05-12 15:46:20.691384,2026-05-12 15:46:25.325877,0 days 00:00:04.634493,0.45,0.7,4,0.03,0.01,0.45,0.08,4,0.5,10,0.5,,,,,,PRUNED
1903,-0.41072198076880906,2026-05-12 15:46:25.350921,2026-05-12 15:46:31.221009,0 days 00:00:05.870088,0.45,0.7,3,0.05,0.02,0.6,0.08,6,0.5,10,0.5,,,,,,PRUNED
1904,-0.529062689585345,2026-05-12 15:46:31.243896,2026-05-12 15:46:35.166103,0 days 00:00:03.922207,0.45,0.7,4,0.03,0.01,0.3,0.08,3,0.5,10,0.65,,,,,,PRUNED
1905,-0.5222752808983844,2026-05-12 15:46:35.190985,2026-05-12 15:46:41.014054,0 days 00:00:05.823069,0.25,0.9,4,0.05,0.01,0.3,0.08,5,0.5,5,0.8,,,,,,PRUNED
1906,-0.4413208778376437,2026-05-12 15:46:41.043981,2026-05-12 15:46:46.260136,0 days 00:00:05.216155,0.45,0.7,2,0.03,0.02,0.45,0.08,4,0.5,20,0.8,,,,,,PRUNED
1907,-0.4100386278766106,2026-05-12 15:46:46.283065,2026-05-12 15:46:46.670610,0 days 00:00:00.387545,0.45,0.7,2,0.05,0.02,0.3,0.08,6,0.5,20,0.8,,,,,,PRUNED
1908,-0.41425741193738236,2026-05-12 15:46:46.694979,2026-05-12 15:46:46.964471,0 days 00:00:00.269492,0.45,0.7,2,0.05,0.02,0.6,0.08,6,0.5,5,0.8,,,,,,PRUNED
1909,-0.5179924623587872,2026-05-12 15:46:46.986270,2026-05-12 15:46:47.383270,0 days 00:00:00.397000,0.45,0.7,2,0.05,0.02,0.6,0.08,6,0.5,20,0.8,-0.39108387647623727,-0.030830266507629607,0.2538171717650998,0.36025360996860767,,COMPLETE
1910,-0.6349690183867036,2026-05-12 15:46:47.402040,2026-05-12 15:46:50.564045,0 days 00:00:03.162005,0.45,0.8,4,0.03,0.01,0.6,0.16,3,0.6,20,0.5,,,,,,PRUNED
1911,-9999.0,2026-05-12 15:46:50.587468,2026-05-12 15:46:50.869062,0 days 00:00:00.281594,0.45,0.7,4,0.05,0.01,0.3,0.16,3,0.7,5,0.8,,,,,BEAR_RATIO < NEUTRAL_RATIO < BULL_RATIO 约束违反: 0.45 / 0.7 / 0.7,COMPLETE
1912,-0.42606172854379265,2026-05-12 15:46:50.891827,2026-05-12 15:46:55.516297,0 days 00:00:04.624470,0.45,0.7,3,0.05,0.02,0.6,0.08,6,0.6,20,0.65,,,,,,PRUNED
1913,-0.4920462094385524,2026-05-12 15:46:55.544130,2026-05-12 15:46:59.739978,0 days 00:00:04.195848,0.25,0.9,3,0.05,0.02,0.6,0.12,4,0.5,10,0.5,,,,,,PRUNED
1914,-0.41350553293511805,2026-05-12 15:46:59.764874,2026-05-12 15:47:04.358971,0 days 00:00:04.594097,0.45,0.7,2,0.05,0.02,0.45,0.08,6,0.5,5,0.65,,,,,,PRUNED
1915,-0.4982428710107578,2026-05-12 15:47:04.405557,2026-05-12 15:47:09.305816,0 days 00:00:04.900259,0.45,0.8,4,0.05,0.01,0.3,0.08,4,0.6,5,0.8,,,,,,PRUNED
1916,-0.4221640008750966,2026-05-12 15:47:09.330574,2026-05-12 15:47:14.348165,0 days 00:00:05.017591,0.45,0.8,3,0.05,0.01,0.6,0.08,6,0.5,20,0.8,,,,,,PRUNED
1917,-0.4890985077337807,2026-05-12 15:47:14.375569,2026-05-12 15:47:19.559007,0 days 00:00:05.183438,0.45,0.9,4,0.03,0.02,0.3,0.16,5,0.5,10,0.8,,,,,,PRUNED
1918,-9999.0,2026-05-12 15:47:19.584722,2026-05-12 15:47:19.882344,0 days 00:00:00.297622,0.45,0.7,2,0.05,0.02,0.45,0.08,6,0.7,20,0.65,,,,,BEAR_RATIO < NEUTRAL_RATIO < BULL_RATIO 约束违反: 0.45 / 0.7 / 0.7,COMPLETE
1919,-0.40958866699333357,2026-05-12 15:47:19.907976,2026-05-12 15:47:25.389506,0 days 00:00:05.481530,0.45,0.7,3,0.05,0.02,0.45,0.08,6,0.5,10,0.8,,,,,,PRUNED
1920,-0.5280392500555559,2026-05-12 15:47:25.414362,2026-05-12 15:47:29.414263,0 days 00:00:03.999901,0.25,0.9,2,0.03,0.01,0.3,0.16,4,0.5,20,0.65,,,,,,PRUNED
1921,-0.46052105522966963,2026-05-12 15:47:29.438224,2026-05-12 15:47:33.523313,0 days 00:00:04.085089,0.35,0.8,2,0.05,0.01,0.6,0.08,5,0.5,5,0.5,,,,,,PRUNED
1922,-0.5430837314932081,2026-05-12 15:47:33.548373,2026-05-12 15:47:39.962493,0 days 00:00:06.414120,0.25,0.9,3,0.05,0.01,0.6,0.08,5,0.7,5,0.65,,,,,,PRUNED
1923,-0.42056632138184724,2026-05-12 15:47:39.985904,2026-05-12 15:47:40.345318,0 days 00:00:00.359414,0.45,0.8,2,0.05,0.02,0.6,0.08,6,0.5,20,0.8,,,,,,PRUNED
1924,-0.5179924623587872,2026-05-12 15:47:40.369838,2026-05-12 15:47:40.905909,0 days 00:00:00.536071,0.45,0.7,2,0.05,0.02,0.6,0.08,6,0.5,20,0.8,-0.39108387647623727,-0.030830266507629607,0.2538171717650998,0.36025360996860767,,COMPLETE
1925,-0.5209190067648712,2026-05-12 15:47:40.933871,2026-05-12 15:47:44.604589,0 days 00:00:03.670718,0.45,0.8,2,0.05,0.02,0.6,0.08,3,0.5,10,0.8,,,,,,PRUNED
1926,-0.46067177824036243,2026-05-12 15:47:44.628284,2026-05-12 15:47:50.366619,0 days 00:00:05.738335,0.35,0.8,2,0.05,0.02,0.6,0.08,6,0.5,5,0.8,,,,,,PRUNED
1927,-0.43333909441165963,2026-05-12 15:47:50.392054,2026-05-12 15:47:50.734515,0 days 00:00:00.342461,0.35,0.7,2,0.05,0.02,0.6,0.08,6,0.5,20,0.8,,,,,,PRUNED
1928,-0.4995961746104401,2026-05-12 15:47:50.758470,2026-05-12 15:47:56.029156,0 days 00:00:05.270686,0.35,0.9,4,0.03,0.01,0.3,0.08,6,0.5,5,0.5,,,,,,PRUNED
1929,-0.46395220655622904,2026-05-12 15:47:56.051371,2026-05-12 15:48:01.147155,0 days 00:00:05.095784,0.45,0.9,2,0.05,0.02,0.3,0.08,6,0.7,20,0.5,,,,,,PRUNED
1930,-0.5066501646264182,2026-05-12 15:48:01.172366,2026-05-12 15:48:05.736195,0 days 00:00:04.563829,0.25,0.8,2,0.05,0.02,0.3,0.12,5,0.5,20,0.5,,,,,,PRUNED
1931,-0.4235393629303933,2026-05-12 15:48:05.761272,2026-05-12 15:48:10.688307,0 days 00:00:04.927035,0.45,0.7,4,0.05,0.02,0.6,0.12,6,0.5,20,0.65,,,,,,PRUNED
1932,-0.458066644485657,2026-05-12 15:48:10.714311,2026-05-12 15:48:15.708271,0 days 00:00:04.993960,0.35,0.7,3,0.03,0.02,0.6,0.08,6,0.5,20,0.8,,,,,,PRUNED
1933,-0.4917061043565273,2026-05-12 15:48:15.734927,2026-05-12 15:48:20.242944,0 days 00:00:04.508017,0.45,0.9,3,0.03,0.01,0.6,0.12,4,0.6,10,0.5,,,,,,PRUNED
1934,-0.5179924623587872,2026-05-12 15:48:20.267443,2026-05-12 15:48:20.827026,0 days 00:00:00.559583,0.45,0.7,2,0.05,0.01,0.6,0.08,6,0.5,20,0.8,-0.39108387647623727,-0.030830266507629607,0.2538171717650998,0.36025360996860767,,COMPLETE
1935,-0.4242910183560481,2026-05-12 15:48:20.853066,2026-05-12 15:48:25.506964,0 days 00:00:04.653898,0.45,0.7,2,0.05,0.01,0.6,0.08,5,0.5,20,0.5,,,,,,PRUNED
1936,-0.4413208778376437,2026-05-12 15:48:25.530782,2026-05-12 15:48:30.395356,0 days 00:00:04.864574,0.45,0.7,2,0.03,0.01,0.6,0.08,4,0.5,20,0.8,,,,,,PRUNED
1937,-0.43148900901251575,2026-05-12 15:48:30.421122,2026-05-12 15:48:30.750061,0 days 00:00:00.328939,0.45,0.7,4,0.03,0.02,0.6,0.08,6,0.5,20,0.8,,,,,,PRUNED
1938,-0.577897663271242,2026-05-12 15:48:30.775476,2026-05-12 15:48:35.555061,0 days 00:00:04.779585,0.25,0.9,4,0.03,0.02,0.45,0.12,4,0.5,5,0.5,,,,,,PRUNED
1939,-0.483670770972204,2026-05-12 15:48:35.579738,2026-05-12 15:48:39.355248,0 days 00:00:03.775510,0.35,0.9,3,0.03,0.02,0.3,0.08,6,0.5,10,0.65,,,,,,PRUNED
1940,-0.5179924623587872,2026-05-12 15:48:39.375080,2026-05-12 15:48:39.833429,0 days 00:00:00.458349,0.45,0.7,2,0.05,0.02,0.6,0.08,6,0.5,20,0.8,-0.39108387647623727,-0.030830266507629607,0.2538171717650998,0.36025360996860767,,COMPLETE
1941,-0.4318082255809222,2026-05-12 15:48:39.853240,2026-05-12 15:48:45.539959,0 days 00:00:05.686719,0.45,0.7,2,0.05,0.02,0.45,0.08,6,0.6,5,0.8,,,,,,PRUNED
1942,-0.4908716653649495,2026-05-12 15:48:45.561324,2026-05-12 15:48:50.548383,0 days 00:00:04.987059,0.45,0.9,4,0.05,0.01,0.45,0.16,5,0.7,10,0.8,,,,,,PRUNED
1943,-0.4490541740142235,2026-05-12 15:48:50.577390,2026-05-12 15:48:55.772081,0 days 00:00:05.194691,0.45,0.8,2,0.05,0.02,0.45,0.08,6,0.7,10,0.5,,,,,,PRUNED
1944,-0.5766915889648762,2026-05-12 15:48:55.796330,2026-05-12 15:48:59.108037,0 days 00:00:03.311707,0.45,0.7,2,0.05,0.01,0.6,0.12,3,0.5,20,0.8,,,,,,PRUNED
1945,-0.42566053181256513,2026-05-12 15:48:59.131169,2026-05-12 15:49:03.669559,0 days 00:00:04.538390,0.45,0.7,3,0.05,0.02,0.6,0.08,5,0.5,20,0.65,,,,,,PRUNED
1946,-0.5080677722662125,2026-05-12 15:49:03.693311,2026-05-12 15:49:08.780243,0 days 00:00:05.086932,0.25,0.7,3,0.05,0.02,0.3,0.08,5,0.6,5,0.5,,,,,,PRUNED
1947,-0.5967348816754817,2026-05-12 15:49:08.806577,2026-05-12 15:49:14.621982,0 days 00:00:05.815405,0.25,0.9,2,0.03,0.02,0.3,0.16,5,0.7,5,0.8,,,,,,PRUNED
1948,-0.49081888664641593,2026-05-12 15:49:14.650245,2026-05-12 15:49:19.737986,0 days 00:00:05.087741,0.45,0.9,2,0.03,0.01,0.6,0.12,5,0.6,10,0.5,,,,,,PRUNED
1949,-0.5179924623587872,2026-05-12 15:49:19.761701,2026-05-12 15:49:20.278165,0 days 00:00:00.516464,0.45,0.7,2,0.05,0.02,0.6,0.08,6,0.5,20,0.8,-0.39108387647623727,-0.030830266507629607,0.2538171717650998,0.36025360996860767,,COMPLETE
1950,-0.5351125879710077,2026-05-12 15:49:20.301237,2026-05-12 15:49:26.404338,0 days 00:00:06.103101,0.25,0.8,2,0.03,0.02,0.3,0.12,6,0.5,10,0.65,,,,,,PRUNED
1951,-0.4237402173189843,2026-05-12 15:49:26.431402,2026-05-12 15:49:30.415975,0 days 00:00:03.984573,0.45,0.7,3,0.05,0.01,0.6,0.08,4,0.5,20,0.8,,,,,,PRUNED
1952,-0.5592327064163412,2026-05-12 15:49:30.439729,2026-05-12 15:49:34.111481,0 days 00:00:03.671752,0.35,0.8,3,0.03,0.01,0.6,0.08,3,0.6,10,0.8,,,,,,PRUNED
1953,-0.4602344627210538,2026-05-12 15:49:34.138805,2026-05-12 15:49:38.034198,0 days 00:00:03.895393,0.45,0.8,4,0.03,0.01,0.45,0.08,6,0.6,10,0.65,,,,,,PRUNED
1954,-0.42357363260304626,2026-05-12 15:49:38.256421,2026-05-12 15:49:38.864238,0 days 00:00:00.607817,0.45,0.7,2,0.05,0.02,0.6,0.08,6,0.6,20,0.5,,,,,,PRUNED
1955,-0.5222125218209928,2026-05-12 15:49:38.889844,2026-05-12 15:49:43.703458,0 days 00:00:04.813614,0.45,0.9,4,0.05,0.02,0.45,0.16,4,0.6,5,0.8,,,,,,PRUNED
1956,-0.43906667172029523,2026-05-12 15:49:43.727214,2026-05-12 15:49:47.796362,0 days 00:00:04.069148,0.45,0.9,2,0.05,0.02,0.45,0.08,4,0.5,20,0.8,,,,,,PRUNED
