number,value,datetime_start,datetime_complete,duration,params_BEAR_RATIO,params_BULL_RATIO,params_GRID_MAX_LAYER,params_GRID_STEP_MAX,params_GRID_STEP_MIN,params_GRID_STEP_VOL_FACTOR,params_LAYER_FRACTION,params_MAX_HOLD,params_NEUTRAL_RATIO,params_REBALANCE_FREQ,params_VOL_WEIGHT,user_attrs_avg_test_score,user_attrs_avg_train_score,user_attrs_test_score_std,user_attrs_train_test_gap,user_attrs_validation_error,state
10398,-0.5059547031655727,2026-05-12 22:52:01.186080,2026-05-12 22:52:05.286779,0 days 00:00:04.100699,0.45,0.9,4,0.03,0.01,0.3,0.12,4,0.7,20,0.65,,,,,,PRUNED
10399,-0.4435652276358163,2026-05-12 22:52:05.316254,2026-05-12 22:52:10.298862,0 days 00:00:04.982608,0.45,0.9,2,0.05,0.02,0.45,0.12,5,0.5,10,0.8,,,,,,PRUNED
10400,-0.6266560522972208,2026-05-12 22:52:10.344187,2026-05-12 22:52:13.826664,0 days 00:00:03.482477,0.45,0.8,2,0.03,0.01,0.6,0.08,3,0.7,20,0.65,,,,,,PRUNED
10401,-0.4721553511284385,2026-05-12 22:52:13.857694,2026-05-12 22:52:18.050341,0 days 00:00:04.192647,0.35,0.9,3,0.05,0.02,0.6,0.16,4,0.5,20,0.8,,,,,,PRUNED
10402,-0.5542511647408682,2026-05-12 22:52:18.092465,2026-05-12 22:52:21.859540,0 days 00:00:03.767075,0.45,0.8,4,0.03,0.02,0.6,0.08,3,0.6,10,0.65,,,,,,PRUNED
10403,-0.46812110163155296,2026-05-12 22:52:21.886655,2026-05-12 22:52:26.541090,0 days 00:00:04.654435,0.45,0.9,4,0.05,0.01,0.6,0.16,5,0.5,20,0.8,,,,,,PRUNED
10404,-0.5179924623587872,2026-05-12 22:52:26.568620,2026-05-12 22:52:27.250884,0 days 00:00:00.682264,0.45,0.7,2,0.05,0.02,0.6,0.08,6,0.5,20,0.8,-0.39108387647623727,-0.030830266507629607,0.2538171717650998,0.36025360996860767,,COMPLETE
10405,-0.5332076010139999,2026-05-12 22:52:27.279168,2026-05-12 22:52:30.961548,0 days 00:00:03.682380,0.45,0.7,2,0.05,0.02,0.3,0.12,3,0.6,10,0.5,,,,,,PRUNED
10406,-0.4760096837357841,2026-05-12 22:52:30.989297,2026-05-12 22:52:35.373242,0 days 00:00:04.383945,0.35,0.7,4,0.03,0.01,0.6,0.12,4,0.5,10,0.65,,,,,,PRUNED
10407,-0.44749942195648024,2026-05-12 22:52:35.402170,2026-05-12 22:52:40.597767,0 days 00:00:05.195597,0.45,0.7,2,0.03,0.02,0.45,0.08,6,0.6,10,0.8,,,,,,PRUNED
10408,-0.544584566373208,2026-05-12 22:52:40.627096,2026-05-12 22:52:46.436970,0 days 00:00:05.809874,0.25,0.9,2,0.05,0.01,0.6,0.16,6,0.5,5,0.65,,,,,,PRUNED
10409,-0.5482567905769855,2026-05-12 22:52:46.467453,2026-05-12 22:52:52.420752,0 days 00:00:05.953299,0.25,0.9,3,0.03,0.02,0.3,0.16,5,0.5,10,0.65,,,,,,PRUNED
10410,-0.5179924623587872,2026-05-12 22:52:52.448871,2026-05-12 22:52:53.107101,0 days 00:00:00.658230,0.45,0.7,2,0.05,0.02,0.6,0.08,6,0.5,20,0.8,-0.39108387647623727,-0.030830266507629607,0.2538171717650998,0.36025360996860767,,COMPLETE
10411,-0.4601834664567367,2026-05-12 22:52:53.137062,2026-05-12 22:52:58.023045,0 days 00:00:04.885983,0.35,0.7,2,0.05,0.01,0.45,0.12,5,0.6,10,0.5,,,,,,PRUNED
10412,-0.41610686693884014,2026-05-12 22:52:58.054802,2026-05-12 22:52:58.536357,0 days 00:00:00.481555,0.45,0.7,3,0.05,0.02,0.6,0.08,6,0.5,5,0.8,,,,,,PRUNED
10413,-0.4092137988646166,2026-05-12 22:52:58.579655,2026-05-12 22:52:59.042998,0 days 00:00:00.463343,0.45,0.7,2,0.05,0.02,0.6,0.08,6,0.5,10,0.8,,,,,,PRUNED
10414,-0.4804667832104995,2026-05-12 22:52:59.087614,2026-05-12 22:53:04.989707,0 days 00:00:05.902093,0.35,0.8,3,0.05,0.02,0.6,0.08,6,0.6,5,0.5,,,,,,PRUNED
10415,-0.5074175923628528,2026-05-12 22:53:05.017198,2026-05-12 22:53:09.382051,0 days 00:00:04.364853,0.25,0.9,4,0.03,0.01,0.3,0.08,4,0.6,10,0.5,,,,,,PRUNED
10416,-0.4100386278766106,2026-05-12 22:53:09.413973,2026-05-12 22:53:09.868712,0 days 00:00:00.454739,0.45,0.7,2,0.05,0.02,0.3,0.08,6,0.5,20,0.8,,,,,,PRUNED
10417,-0.5179924623587872,2026-05-12 22:53:09.898258,2026-05-12 22:53:10.550702,0 days 00:00:00.652444,0.45,0.7,2,0.05,0.02,0.6,0.08,6,0.5,20,0.8,-0.39108387647623727,-0.030830266507629607,0.2538171717650998,0.36025360996860767,,COMPLETE
10418,-9999.0,2026-05-12 22:53:10.579266,2026-05-12 22:53:10.990020,0 days 00:00:00.410754,0.25,0.7,4,0.05,0.02,0.45,0.12,3,0.7,10,0.65,,,,,BEAR_RATIO < NEUTRAL_RATIO < BULL_RATIO 约束违反: 0.25 / 0.7 / 0.7,COMPLETE
10419,-0.48253770399654017,2026-05-12 22:53:11.019096,2026-05-12 22:53:16.273430,0 days 00:00:05.254334,0.45,0.8,3,0.03,0.01,0.6,0.12,6,0.6,10,0.5,,,,,,PRUNED
10420,-0.4464943237458341,2026-05-12 22:53:16.302468,2026-05-12 22:53:21.075302,0 days 00:00:04.772834,0.45,0.7,4,0.03,0.02,0.3,0.08,5,0.5,20,0.65,,,,,,PRUNED
10421,-0.42056632138184724,2026-05-12 22:53:21.103396,2026-05-12 22:53:21.559030,0 days 00:00:00.455634,0.45,0.8,2,0.05,0.02,0.6,0.08,6,0.5,20,0.8,,,,,,PRUNED
10422,-0.41425741193738236,2026-05-12 22:53:21.589456,2026-05-12 22:53:22.049190,0 days 00:00:00.459734,0.45,0.7,2,0.05,0.02,0.6,0.08,6,0.5,5,0.8,,,,,,PRUNED
10423,-0.5819290736130859,2026-05-12 22:53:22.077311,2026-05-12 22:53:27.079243,0 days 00:00:05.001932,0.25,0.9,4,0.05,0.02,0.6,0.16,4,0.7,5,0.8,,,,,,PRUNED
10424,-0.5179924623587872,2026-05-12 22:53:27.106908,2026-05-12 22:53:27.784947,0 days 00:00:00.678039,0.45,0.7,2,0.05,0.02,0.6,0.08,6,0.5,20,0.8,-0.39108387647623727,-0.030830266507629607,0.2538171717650998,0.36025360996860767,,COMPLETE
10425,-0.4484318269982979,2026-05-12 22:53:27.812967,2026-05-12 22:53:32.140763,0 days 00:00:04.327796,0.45,0.9,3,0.05,0.02,0.3,0.08,4,0.5,10,0.65,,,,,,PRUNED
10426,-0.45175163146235486,2026-05-12 22:53:32.169422,2026-05-12 22:53:36.228861,0 days 00:00:04.059439,0.45,0.8,2,0.05,0.02,0.6,0.12,4,0.6,20,0.8,,,,,,PRUNED
10427,-0.43333909441165963,2026-05-12 22:53:36.261314,2026-05-12 22:53:36.738874,0 days 00:00:00.477560,0.35,0.7,2,0.05,0.02,0.6,0.08,6,0.5,20,0.8,,,,,,PRUNED
10428,-0.5489131007515853,2026-05-12 22:53:36.767840,2026-05-12 22:53:40.533344,0 days 00:00:03.765504,0.45,0.7,3,0.03,0.01,0.6,0.16,3,0.5,10,0.5,,,,,,PRUNED
10429,-0.4296411080598753,2026-05-12 22:53:40.562109,2026-05-12 22:53:41.034622,0 days 00:00:00.472513,0.45,0.7,2,0.05,0.02,0.6,0.16,6,0.5,20,0.8,,,,,,PRUNED
10430,-0.5630286317491671,2026-05-12 22:53:41.062333,2026-05-12 22:53:45.199091,0 days 00:00:04.136758,0.35,0.8,4,0.05,0.02,0.3,0.16,3,0.6,10,0.5,,,,,,PRUNED
10431,-0.5179924623587872,2026-05-12 22:53:45.230835,2026-05-12 22:53:45.905781,0 days 00:00:00.674946,0.45,0.7,2,0.05,0.02,0.6,0.08,6,0.5,20,0.8,-0.39108387647623727,-0.030830266507629607,0.2538171717650998,0.36025360996860767,,COMPLETE
10432,-0.5066584221714948,2026-05-12 22:53:45.936018,2026-05-12 22:53:50.603357,0 days 00:00:04.667339,0.35,0.9,4,0.03,0.02,0.45,0.16,4,0.5,10,0.5,,,,,,PRUNED
10433,-0.4897900694478523,2026-05-12 22:53:50.634043,2026-05-12 22:53:57.191440,0 days 00:00:06.557397,0.35,0.8,4,0.05,0.01,0.6,0.12,6,0.7,10,0.65,,,,,,PRUNED
10434,-0.41794096959508104,2026-05-12 22:53:57.222170,2026-05-12 22:54:03.360925,0 days 00:00:06.138755,0.45,0.7,3,0.05,0.01,0.3,0.08,6,0.5,5,0.8,,,,,,PRUNED
10435,-0.5063656796018146,2026-05-12 22:54:03.389853,2026-05-12 22:54:08.625214,0 days 00:00:05.235361,0.45,0.8,2,0.03,0.02,0.6,0.16,6,0.6,10,0.5,,,,,,PRUNED
10436,-0.5881044386452069,2026-05-12 22:54:08.652631,2026-05-12 22:54:12.082365,0 days 00:00:03.429734,0.45,0.9,4,0.05,0.02,0.45,0.08,3,0.5,20,0.65,,,,,,PRUNED
10437,-0.5048701165300324,2026-05-12 22:54:12.111048,2026-05-12 22:54:17.046897,0 days 00:00:04.935849,0.35,0.8,3,0.05,0.02,0.45,0.08,4,0.5,5,0.65,,,,,,PRUNED
10438,-0.5558963648302271,2026-05-12 22:54:17.076376,2026-05-12 22:54:22.851663,0 days 00:00:05.775287,0.25,0.9,2,0.03,0.01,0.45,0.08,6,0.6,5,0.65,,,,,,PRUNED
10439,-0.5179924623587872,2026-05-12 22:54:22.881149,2026-05-12 22:54:23.591650,0 days 00:00:00.710501,0.45,0.7,2,0.05,0.02,0.6,0.08,6,0.5,20,0.8,-0.39108387647623727,-0.030830266507629607,0.2538171717650998,0.36025360996860767,,COMPLETE
10440,-0.5771558010163971,2026-05-12 22:54:23.619981,2026-05-12 22:54:27.457219,0 days 00:00:03.837238,0.45,0.8,2,0.03,0.01,0.6,0.12,3,0.7,10,0.8,,,,,,PRUNED
10441,-9999.0,2026-05-12 22:54:27.489076,2026-05-12 22:54:27.877241,0 days 00:00:00.388165,0.35,0.7,3,0.03,0.01,0.45,0.08,5,0.7,10,0.8,,,,,BEAR_RATIO < NEUTRAL_RATIO < BULL_RATIO 约束违反: 0.35 / 0.7 / 0.7,COMPLETE
10442,-0.5179924623587872,2026-05-12 22:54:27.908815,2026-05-12 22:54:28.578519,0 days 00:00:00.669704,0.45,0.7,2,0.05,0.02,0.6,0.08,6,0.5,20,0.8,-0.39108387647623727,-0.030830266507629607,0.2538171717650998,0.36025360996860767,,COMPLETE
10443,-0.47532065191210554,2026-05-12 22:54:28.608236,2026-05-12 22:54:32.629463,0 days 00:00:04.021227,0.35,0.8,2,0.03,0.02,0.3,0.08,4,0.6,20,0.8,,,,,,PRUNED
10444,-0.4840460601420383,2026-05-12 22:54:32.659899,2026-05-12 22:54:37.199778,0 days 00:00:04.539879,0.25,0.7,3,0.05,0.02,0.6,0.08,5,0.5,20,0.5,,,,,,PRUNED
10445,-0.5179924623587872,2026-05-12 22:54:37.230901,2026-05-12 22:54:37.898004,0 days 00:00:00.667103,0.45,0.7,2,0.05,0.02,0.6,0.08,6,0.5,20,0.8,-0.39108387647623727,-0.030830266507629607,0.2538171717650998,0.36025360996860767,,COMPLETE
10446,-0.5052755821239349,2026-05-12 22:54:37.930104,2026-05-12 22:54:41.997422,0 days 00:00:04.067318,0.25,0.9,3,0.05,0.02,0.45,0.16,4,0.7,20,0.5,,,,,,PRUNED
10447,-0.44887729508930246,2026-05-12 22:54:42.025055,2026-05-12 22:54:46.865530,0 days 00:00:04.840475,0.35,0.8,4,0.05,0.01,0.45,0.08,6,0.5,20,0.8,,,,,,PRUNED
10448,-0.49715318685039517,2026-05-12 22:54:46.896727,2026-05-12 22:54:53.021252,0 days 00:00:06.124525,0.25,0.7,2,0.03,0.02,0.6,0.08,6,0.5,10,0.8,,,,,,PRUNED
10449,-0.4359975780076848,2026-05-12 22:54:53.051741,2026-05-12 22:54:58.777243,0 days 00:00:05.725502,0.45,0.7,4,0.05,0.01,0.6,0.08,6,0.6,5,0.65,,,,,,PRUNED
10450,-0.4881454627162851,2026-05-12 22:54:58.805372,2026-05-12 22:55:03.851240,0 days 00:00:05.045868,0.35,0.9,3,0.05,0.02,0.3,0.08,5,0.7,10,0.65,,,,,,PRUNED
10451,-0.5022139540544626,2026-05-12 22:55:03.882862,2026-05-12 22:55:08.339513,0 days 00:00:04.456651,0.25,0.9,2,0.05,0.02,0.45,0.16,4,0.6,10,0.8,,,,,,PRUNED
10452,-9999.0,2026-05-12 22:55:08.373167,2026-05-12 22:55:08.764578,0 days 00:00:00.391411,0.45,0.7,2,0.05,0.02,0.6,0.08,6,0.7,10,0.8,,,,,BEAR_RATIO < NEUTRAL_RATIO < BULL_RATIO 约束违反: 0.45 / 0.7 / 0.7,COMPLETE
10453,-0.5179924623587872,2026-05-12 22:55:08.795590,2026-05-12 22:55:09.437929,0 days 00:00:00.642339,0.45,0.7,2,0.05,0.02,0.6,0.08,6,0.5,20,0.8,-0.39108387647623727,-0.030830266507629607,0.2538171717650998,0.36025360996860767,,COMPLETE
10454,-0.43223096142417294,2026-05-12 22:55:09.468302,2026-05-12 22:55:09.909853,0 days 00:00:00.441551,0.45,0.9,2,0.05,0.02,0.6,0.08,6,0.5,20,0.8,,,,,,PRUNED
10455,-0.47214538094137143,2026-05-12 22:55:09.942005,2026-05-12 22:55:13.991789,0 days 00:00:04.049784,0.45,0.8,4,0.05,0.02,0.3,0.12,4,0.7,20,0.5,,,,,,PRUNED
10456,-9999.0,2026-05-12 22:55:14.019574,2026-05-12 22:55:14.416366,0 days 00:00:00.396792,0.45,0.7,2,0.05,0.02,0.6,0.08,6,0.7,20,0.8,,,,,BEAR_RATIO < NEUTRAL_RATIO < BULL_RATIO 约束违反: 0.45 / 0.7 / 0.7,COMPLETE
10457,-0.4496260814894901,2026-05-12 22:55:14.445974,2026-05-12 22:55:19.465955,0 days 00:00:05.019981,0.45,0.7,4,0.03,0.02,0.6,0.12,5,0.5,10,0.5,,,,,,PRUNED
10458,-0.5179924623587872,2026-05-12 22:55:19.495358,2026-05-12 22:55:20.145036,0 days 00:00:00.649678,0.45,0.7,2,0.05,0.01,0.6,0.08,6,0.5,20,0.8,-0.39108387647623727,-0.030830266507629607,0.2538171717650998,0.36025360996860767,,COMPLETE
10459,-0.4318124553734489,2026-05-12 22:55:20.173798,2026-05-12 22:55:20.733350,0 days 00:00:00.559552,0.45,0.7,2,0.03,0.02,0.6,0.08,6,0.5,20,0.8,,,,,,PRUNED
10460,-9999.0,2026-05-12 22:55:20.762184,2026-05-12 22:55:21.152863,0 days 00:00:00.390679,0.25,0.7,4,0.03,0.02,0.6,0.12,5,0.7,10,0.5,,,,,BEAR_RATIO < NEUTRAL_RATIO < BULL_RATIO 约束违反: 0.25 / 0.7 / 0.7,COMPLETE
10461,-0.4237402173189843,2026-05-12 22:55:21.184388,2026-05-12 22:55:21.667265,0 days 00:00:00.482877,0.45,0.7,3,0.05,0.02,0.6,0.08,4,0.5,20,0.8,,,,,,PRUNED
10462,-0.4413208778376437,2026-05-12 22:55:21.697659,2026-05-12 22:55:22.139241,0 days 00:00:00.441582,0.45,0.7,2,0.03,0.02,0.6,0.08,4,0.5,20,0.8,,,,,,PRUNED
10463,-0.4358742696929134,2026-05-12 22:55:22.167032,2026-05-12 22:55:27.800621,0 days 00:00:05.633589,0.45,0.7,2,0.03,0.02,0.45,0.08,5,0.5,5,0.65,,,,,,PRUNED
10464,-0.5179924623587872,2026-05-12 22:55:27.829712,2026-05-12 22:55:28.499582,0 days 00:00:00.669870,0.45,0.7,2,0.05,0.02,0.6,0.08,6,0.5,20,0.8,-0.39108387647623727,-0.030830266507629607,0.2538171717650998,0.36025360996860767,,COMPLETE
10465,-0.5179924623587872,2026-05-12 22:55:28.527956,2026-05-12 22:55:29.217300,0 days 00:00:00.689344,0.45,0.7,2,0.05,0.02,0.6,0.08,6,0.5,20,0.8,-0.39108387647623727,-0.030830266507629607,0.2538171717650998,0.36025360996860767,,COMPLETE
10466,-0.5182406672588966,2026-05-12 22:55:29.247587,2026-05-12 22:55:29.932995,0 days 00:00:00.685408,0.45,0.7,2,0.05,0.02,0.45,0.08,6,0.5,20,0.8,-0.3910743597599139,-0.030648087966744914,0.25433261499796533,0.360426271793169,,COMPLETE
10467,-0.43148900901251575,2026-05-12 22:55:29.960487,2026-05-12 22:55:34.826090,0 days 00:00:04.865603,0.45,0.7,4,0.03,0.01,0.6,0.08,6,0.5,20,0.65,,,,,,PRUNED
10468,-0.49354409859752435,2026-05-12 22:55:34.856851,2026-05-12 22:55:40.085291,0 days 00:00:05.228440,0.35,0.9,3,0.05,0.02,0.3,0.12,6,0.6,10,0.5,,,,,,PRUNED
10469,-0.5715107846558711,2026-05-12 22:55:40.117277,2026-05-12 22:55:40.557114,0 days 00:00:00.439837,0.45,0.7,2,0.05,0.02,0.6,0.08,3,0.5,20,0.8,,,,,,PRUNED
10470,-0.4194511448045569,2026-05-12 22:55:40.585366,2026-05-12 22:55:41.060395,0 days 00:00:00.475029,0.45,0.7,2,0.05,0.02,0.6,0.12,6,0.5,20,0.8,,,,,,PRUNED
10471,-0.49561240906554793,2026-05-12 22:55:41.087603,2026-05-12 22:55:45.987105,0 days 00:00:04.899502,0.35,0.9,4,0.05,0.02,0.3,0.12,6,0.6,20,0.8,,,,,,PRUNED
10472,-0.5355330521467666,2026-05-12 22:55:46.019938,2026-05-12 22:55:51.891425,0 days 00:00:05.871487,0.35,0.7,2,0.03,0.01,0.3,0.16,6,0.6,5,0.65,,,,,,PRUNED
10473,-0.5179924623587872,2026-05-12 22:55:51.919538,2026-05-12 22:55:52.600335,0 days 00:00:00.680797,0.45,0.7,2,0.05,0.02,0.6,0.08,6,0.5,20,0.8,-0.39108387647623727,-0.030830266507629607,0.2538171717650998,0.36025360996860767,,COMPLETE
10474,-0.562761385075943,2026-05-12 22:55:52.626272,2026-05-12 22:55:57.361423,0 days 00:00:04.735151,0.45,0.8,4,0.03,0.01,0.6,0.16,3,0.5,10,0.8,,,,,,PRUNED
10475,-0.4721892434197768,2026-05-12 22:55:57.391874,2026-05-12 22:56:01.811290,0 days 00:00:04.419416,0.45,0.8,2,0.05,0.02,0.3,0.08,3,0.7,5,0.5,,,,,,PRUNED
10476,-0.5179924623587872,2026-05-12 22:56:01.843784,2026-05-12 22:56:02.518553,0 days 00:00:00.674769,0.45,0.7,2,0.05,0.02,0.6,0.08,6,0.5,20,0.8,-0.39108387647623727,-0.030830266507629607,0.2538171717650998,0.36025360996860767,,COMPLETE
10477,-0.5387063206183775,2026-05-12 22:56:02.548940,2026-05-12 22:56:07.184849,0 days 00:00:04.635909,0.25,0.9,2,0.05,0.02,0.6,0.16,3,0.6,5,0.5,,,,,,PRUNED
10478,-0.4481887220891264,2026-05-12 22:56:07.502047,2026-05-12 22:56:12.470483,0 days 00:00:04.968436,0.45,0.8,4,0.05,0.01,0.45,0.12,5,0.5,20,0.5,,,,,,PRUNED
10479,-0.49034253304504255,2026-05-12 22:56:12.501305,2026-05-12 22:56:17.722308,0 days 00:00:05.221003,0.35,0.8,2,0.05,0.02,0.3,0.16,6,0.6,10,0.65,,,,,,PRUNED
10480,-0.5524208914609645,2026-05-12 22:56:17.751474,2026-05-12 22:56:21.541972,0 days 00:00:03.790498,0.45,0.8,4,0.05,0.02,0.45,0.16,3,0.6,10,0.65,,,,,,PRUNED
10481,-0.5779351667763257,2026-05-12 22:56:21.569684,2026-05-12 22:56:26.639258,0 days 00:00:05.069574,0.25,0.9,4,0.03,0.02,0.45,0.16,6,0.6,20,0.5,,,,,,PRUNED
10482,-0.5246371827627005,2026-05-12 22:56:26.666868,2026-05-12 22:56:31.724241,0 days 00:00:05.057373,0.45,0.8,3,0.03,0.02,0.45,0.08,4,0.7,5,0.5,,,,,,PRUNED
10483,-0.4318124553734489,2026-05-12 22:56:31.755368,2026-05-12 22:56:32.218484,0 days 00:00:00.463116,0.45,0.7,2,0.03,0.01,0.6,0.08,6,0.5,20,0.5,,,,,,PRUNED
10484,-0.5288844621822947,2026-05-12 22:56:32.248473,2026-05-12 22:56:36.926293,0 days 00:00:04.677820,0.35,0.9,4,0.03,0.01,0.3,0.16,5,0.5,20,0.5,,,,,,PRUNED
10485,-0.5179924623587872,2026-05-12 22:56:36.957199,2026-05-12 22:56:37.637279,0 days 00:00:00.680080,0.45,0.7,2,0.05,0.02,0.6,0.08,6,0.5,20,0.5,-0.39108387647623727,-0.030830266507629607,0.2538171717650998,0.36025360996860767,,COMPLETE
10486,-0.592707107458666,2026-05-12 22:56:37.667969,2026-05-12 22:56:41.135347,0 days 00:00:03.467378,0.45,0.8,3,0.05,0.02,0.3,0.16,3,0.5,20,0.65,,,,,,PRUNED
10487,-0.5179924623587872,2026-05-12 22:56:41.166098,2026-05-12 22:56:41.866764,0 days 00:00:00.700666,0.45,0.7,2,0.05,0.02,0.6,0.08,6,0.5,20,0.8,-0.39108387647623727,-0.030830266507629607,0.2538171717650998,0.36025360996860767,,COMPLETE
10488,-0.5564274158700643,2026-05-12 22:56:41.896770,2026-05-12 22:56:47.436274,0 days 00:00:05.539504,0.25,0.8,2,0.03,0.01,0.3,0.12,5,0.6,5,0.8,,,,,,PRUNED
10489,-0.6129411124053432,2026-05-12 22:56:47.463796,2026-05-12 22:56:50.869915,0 days 00:00:03.406119,0.45,0.8,4,0.03,0.02,0.45,0.16,3,0.5,20,0.65,,,,,,PRUNED
10490,-0.5297636958645576,2026-05-12 22:56:50.897765,2026-05-12 22:56:56.031826,0 days 00:00:05.134061,0.25,0.9,2,0.03,0.02,0.45,0.08,6,0.6,10,0.5,,,,,,PRUNED
10491,-9999.0,2026-05-12 22:56:56.062327,2026-05-12 22:56:56.422708,0 days 00:00:00.360381,0.35,0.7,4,0.03,0.02,0.3,0.08,5,0.7,20,0.65,,,,,BEAR_RATIO < NEUTRAL_RATIO < BULL_RATIO 约束违反: 0.35 / 0.7 / 0.7,COMPLETE
10492,-0.4746908999150083,2026-05-12 22:56:56.451132,2026-05-12 22:57:02.236188,0 days 00:00:05.785056,0.45,0.8,2,0.05,0.02,0.6,0.16,6,0.7,20,0.65,,,,,,PRUNED
10493,-0.5242932713254187,2026-05-12 22:57:02.264711,2026-05-12 22:57:06.377624,0 days 00:00:04.112913,0.25,0.9,3,0.03,0.01,0.45,0.16,4,0.5,20,0.5,,,,,,PRUNED
10494,-0.5303534190672307,2026-05-12 22:57:06.406415,2026-05-12 22:57:11.367995,0 days 00:00:04.961580,0.25,0.7,2,0.05,0.02,0.3,0.08,4,0.6,5,0.65,,,,,,PRUNED
10495,-0.41789523230149306,2026-05-12 22:57:11.393552,2026-05-12 22:57:11.816147,0 days 00:00:00.422595,0.45,0.7,2,0.05,0.02,0.45,0.12,6,0.5,20,0.8,,,,,,PRUNED
10496,-0.4679005222346333,2026-05-12 22:57:11.846797,2026-05-12 22:57:16.749463,0 days 00:00:04.902666,0.35,0.8,3,0.03,0.02,0.6,0.08,5,0.5,10,0.8,,,,,,PRUNED
10497,-0.4764799260365544,2026-05-12 22:57:16.776761,2026-05-12 22:57:21.268436,0 days 00:00:04.491675,0.25,0.8,3,0.05,0.02,0.6,0.08,4,0.5,10,0.65,,,,,,PRUNED
10498,-0.49583562256325614,2026-05-12 22:57:21.296818,2026-05-12 22:57:25.949747,0 days 00:00:04.652929,0.25,0.8,3,0.05,0.02,0.45,0.08,5,0.5,20,0.65,,,,,,PRUNED
10499,-0.44541496708508066,2026-05-12 22:57:25.978388,2026-05-12 22:57:26.424085,0 days 00:00:00.445697,0.45,0.9,2,0.05,0.02,0.6,0.12,6,0.5,10,0.8,,,,,,PRUNED
10500,-9999.0,2026-05-12 22:57:26.452544,2026-05-12 22:57:26.836281,0 days 00:00:00.383737,0.35,0.7,3,0.05,0.01,0.3,0.16,4,0.7,10,0.5,,,,,BEAR_RATIO < NEUTRAL_RATIO < BULL_RATIO 约束违反: 0.35 / 0.7 / 0.7,COMPLETE
10501,-0.4242910183560481,2026-05-12 22:57:26.866446,2026-05-12 22:57:27.337378,0 days 00:00:00.470932,0.45,0.7,2,0.05,0.02,0.6,0.08,5,0.5,20,0.8,,,,,,PRUNED
10502,-0.410125315542252,2026-05-12 22:57:27.367494,2026-05-12 22:57:27.814547,0 days 00:00:00.447053,0.45,0.7,4,0.05,0.02,0.6,0.08,6,0.5,20,0.8,,,,,,PRUNED
10503,-0.5532416740270839,2026-05-12 22:57:27.845157,2026-05-12 22:57:32.590444,0 days 00:00:04.745287,0.35,0.9,2,0.03,0.01,0.6,0.16,5,0.7,20,0.5,,,,,,PRUNED
10504,-0.5179924623587872,2026-05-12 22:57:32.620208,2026-05-12 22:57:33.270465,0 days 00:00:00.650257,0.45,0.7,2,0.05,0.02,0.6,0.08,6,0.5,20,0.65,-0.39108387647623727,-0.030830266507629607,0.2538171717650998,0.36025360996860767,,COMPLETE
10505,-0.5179924623587872,2026-05-12 22:57:33.299024,2026-05-12 22:57:33.889489,0 days 00:00:00.590465,0.45,0.7,2,0.05,0.02,0.6,0.08,6,0.5,20,0.8,-0.39108387647623727,-0.030830266507629607,0.2538171717650998,0.36025360996860767,,COMPLETE
10506,-0.6373992596270873,2026-05-12 22:57:33.917281,2026-05-12 22:57:37.405695,0 days 00:00:03.488414,0.25,0.8,2,0.03,0.02,0.3,0.12,3,0.6,20,0.65,,,,,,PRUNED
10507,-0.5080966194097056,2026-05-12 22:57:37.437173,2026-05-12 22:57:42.420155,0 days 00:00:04.982982,0.35,0.7,2,0.05,0.01,0.45,0.12,4,0.6,5,0.65,,,,,,PRUNED
10508,-0.440269911212146,2026-05-12 22:57:42.449172,2026-05-12 22:57:48.028899,0 days 00:00:05.579727,0.45,0.8,3,0.05,0.01,0.3,0.12,5,0.5,5,0.65,,,,,,PRUNED
10509,-0.5179924623587872,2026-05-12 22:57:48.070963,2026-05-12 22:57:48.733103,0 days 00:00:00.662140,0.45,0.7,2,0.05,0.02,0.6,0.08,6,0.5,20,0.8,-0.39108387647623727,-0.030830266507629607,0.2538171717650998,0.36025360996860767,,COMPLETE
10510,-0.5179924623587872,2026-05-12 22:57:48.780110,2026-05-12 22:57:49.420195,0 days 00:00:00.640085,0.45,0.7,2,0.05,0.02,0.6,0.08,6,0.5,20,0.8,-0.39108387647623727,-0.030830266507629607,0.2538171717650998,0.36025360996860767,,COMPLETE
10511,-0.4589647795261808,2026-05-12 22:57:49.448552,2026-05-12 22:57:54.652694,0 days 00:00:05.204142,0.35,0.7,2,0.03,0.01,0.3,0.08,6,0.5,10,0.5,,,,,,PRUNED
10512,-0.46789779090066014,2026-05-12 22:57:54.697823,2026-05-12 22:58:00.228848,0 days 00:00:05.531025,0.35,0.7,2,0.03,0.02,0.6,0.08,5,0.5,5,0.8,,,,,,PRUNED
10513,-0.44353232746255195,2026-05-12 22:58:00.267651,2026-05-12 22:58:05.596809,0 days 00:00:05.329158,0.45,0.8,2,0.05,0.02,0.6,0.12,4,0.5,10,0.65,,,,,,PRUNED
10514,-0.4709679665954133,2026-05-12 22:58:05.625779,2026-05-12 22:58:09.846866,0 days 00:00:04.221087,0.35,0.9,2,0.05,0.01,0.45,0.08,4,0.7,20,0.65,,,,,,PRUNED
10515,-0.5299858877525948,2026-05-12 22:58:09.874898,2026-05-12 22:58:14.941835,0 days 00:00:05.066937,0.25,0.7,3,0.05,0.01,0.45,0.12,4,0.5,5,0.5,,,,,,PRUNED
10516,-0.5179924623587872,2026-05-12 22:58:14.971531,2026-05-12 22:58:15.616612,0 days 00:00:00.645081,0.45,0.7,2,0.05,0.02,0.6,0.08,6,0.5,20,0.8,-0.39108387647623727,-0.030830266507629607,0.2538171717650998,0.36025360996860767,,COMPLETE
10517,-0.5179924623587872,2026-05-12 22:58:15.656839,2026-05-12 22:58:16.307007,0 days 00:00:00.650168,0.45,0.7,2,0.05,0.02,0.6,0.08,6,0.5,20,0.8,-0.39108387647623727,-0.030830266507629607,0.2538171717650998,0.36025360996860767,,COMPLETE
10518,-0.5179924623587872,2026-05-12 22:58:16.355659,2026-05-12 22:58:17.026237,0 days 00:00:00.670578,0.45,0.7,2,0.05,0.02,0.6,0.08,6,0.5,20,0.8,-0.39108387647623727,-0.030830266507629607,0.2538171717650998,0.36025360996860767,,COMPLETE
