number,value,datetime_start,datetime_complete,duration,params_BEAR_RATIO,params_BULL_RATIO,params_GRID_MAX_LAYER,params_GRID_STEP_MAX,params_GRID_STEP_MIN,params_GRID_STEP_VOL_FACTOR,params_LAYER_FRACTION,params_MAX_HOLD,params_NEUTRAL_RATIO,params_REBALANCE_FREQ,params_VOL_WEIGHT,user_attrs_avg_test_score,user_attrs_avg_train_score,user_attrs_test_score_std,user_attrs_train_test_gap,user_attrs_validation_error,state
7116,-0.45538885912008226,2026-05-12 20:08:38.360475,2026-05-12 20:08:42.150589,0 days 00:00:03.790114,0.45,0.7,3,0.05,0.02,0.3,0.16,6,0.6,10,0.8,,,,,,PRUNED
7117,-0.47441457244516044,2026-05-12 20:08:42.174270,2026-05-12 20:08:42.533054,0 days 00:00:00.358784,0.25,0.7,2,0.05,0.02,0.6,0.08,6,0.5,20,0.8,,,,,,PRUNED
7118,-0.5349648907866729,2026-05-12 20:08:42.558311,2026-05-12 20:08:47.260062,0 days 00:00:04.701751,0.25,0.8,4,0.05,0.01,0.45,0.16,5,0.7,20,0.5,,,,,,PRUNED
7119,-0.41425741193738236,2026-05-12 20:08:47.290126,2026-05-12 20:08:47.699776,0 days 00:00:00.409650,0.45,0.7,2,0.05,0.02,0.6,0.08,6,0.5,5,0.8,,,,,,PRUNED
7120,-0.4296411080598753,2026-05-12 20:08:47.729912,2026-05-12 20:08:48.136612,0 days 00:00:00.406700,0.45,0.7,2,0.05,0.02,0.6,0.16,6,0.5,20,0.8,,,,,,PRUNED
7121,-0.47492050423763177,2026-05-12 20:08:48.165849,2026-05-12 20:08:48.655000,0 days 00:00:00.489151,0.45,0.7,3,0.03,0.02,0.6,0.16,6,0.5,20,0.8,,,,,,PRUNED
7122,-0.47113070294806814,2026-05-12 20:08:48.683231,2026-05-12 20:08:54.444659,0 days 00:00:05.761428,0.35,0.8,2,0.05,0.02,0.3,0.12,5,0.5,5,0.8,,,,,,PRUNED
7123,-9999.0,2026-05-12 20:08:54.478898,2026-05-12 20:08:54.860262,0 days 00:00:00.381364,0.45,0.7,2,0.05,0.01,0.6,0.08,6,0.7,20,0.8,,,,,BEAR_RATIO < NEUTRAL_RATIO < BULL_RATIO 约束违反: 0.45 / 0.7 / 0.7,COMPLETE
7124,-9999.0,2026-05-12 20:08:54.898863,2026-05-12 20:08:55.272794,0 days 00:00:00.373931,0.25,0.7,3,0.03,0.01,0.3,0.12,6,0.7,10,0.65,,,,,BEAR_RATIO < NEUTRAL_RATIO < BULL_RATIO 约束违反: 0.25 / 0.7 / 0.7,COMPLETE
7125,-0.5179924623587872,2026-05-12 20:08:55.302187,2026-05-12 20:08:55.936812,0 days 00:00:00.634625,0.45,0.7,2,0.05,0.02,0.6,0.08,6,0.5,20,0.8,-0.39108387647623727,-0.030830266507629607,0.2538171717650998,0.36025360996860767,,COMPLETE
7126,-0.6071969089071163,2026-05-12 20:08:55.965256,2026-05-12 20:09:00.473526,0 days 00:00:04.508270,0.35,0.7,4,0.03,0.02,0.45,0.12,3,0.5,20,0.65,,,,,,PRUNED
7127,-0.5554736634391723,2026-05-12 20:09:00.504245,2026-05-12 20:09:04.485834,0 days 00:00:03.981589,0.25,0.8,2,0.05,0.02,0.6,0.08,3,0.6,10,0.65,,,,,,PRUNED
7128,-0.4798672833251223,2026-05-12 20:09:04.516148,2026-05-12 20:09:09.848766,0 days 00:00:05.332618,0.45,0.8,4,0.05,0.02,0.6,0.16,6,0.7,10,0.65,,,,,,PRUNED
7129,-0.5179924623587872,2026-05-12 20:09:09.877790,2026-05-12 20:09:10.530108,0 days 00:00:00.652318,0.45,0.7,2,0.05,0.02,0.6,0.08,6,0.5,20,0.8,-0.39108387647623727,-0.030830266507629607,0.2538171717650998,0.36025360996860767,,COMPLETE
7130,-0.486200245391527,2026-05-12 20:09:10.578139,2026-05-12 20:09:13.747978,0 days 00:00:03.169839,0.45,0.8,4,0.03,0.01,0.6,0.12,4,0.6,10,0.65,,,,,,PRUNED
7131,-0.4112047835601814,2026-05-12 20:09:13.774491,2026-05-12 20:09:18.879567,0 days 00:00:05.105076,0.45,0.7,3,0.05,0.02,0.6,0.08,5,0.5,10,0.5,,,,,,PRUNED
7132,-0.5102602666796048,2026-05-12 20:09:18.910649,2026-05-12 20:09:24.320480,0 days 00:00:05.409831,0.25,0.9,4,0.05,0.01,0.6,0.08,6,0.6,10,0.5,,,,,,PRUNED
7133,-0.45450265915995536,2026-05-12 20:09:24.351259,2026-05-12 20:09:29.027635,0 days 00:00:04.676376,0.35,0.7,3,0.05,0.01,0.45,0.08,3,0.5,5,0.5,,,,,,PRUNED
7134,-0.4689626589597075,2026-05-12 20:09:29.055150,2026-05-12 20:09:34.120727,0 days 00:00:05.065577,0.35,0.8,4,0.03,0.02,0.45,0.08,5,0.5,10,0.8,,,,,,PRUNED
7135,-0.42056632138184724,2026-05-12 20:09:34.150450,2026-05-12 20:09:34.534332,0 days 00:00:00.383882,0.45,0.8,2,0.05,0.02,0.6,0.08,6,0.5,20,0.8,,,,,,PRUNED
7136,-0.43333909441165963,2026-05-12 20:09:34.561276,2026-05-12 20:09:34.945082,0 days 00:00:00.383806,0.35,0.7,2,0.05,0.02,0.6,0.08,6,0.5,20,0.8,,,,,,PRUNED
7137,-0.5179924623587872,2026-05-12 20:09:34.971644,2026-05-12 20:09:35.523759,0 days 00:00:00.552115,0.45,0.7,2,0.05,0.02,0.6,0.08,6,0.5,20,0.8,-0.39108387647623727,-0.030830266507629607,0.2538171717650998,0.36025360996860767,,COMPLETE
7138,-0.5257274635967507,2026-05-12 20:09:35.549674,2026-05-12 20:09:41.218231,0 days 00:00:05.668557,0.25,0.8,4,0.03,0.01,0.3,0.08,5,0.5,5,0.5,,,,,,PRUNED
7139,-9999.0,2026-05-12 20:09:41.247727,2026-05-12 20:09:41.611268,0 days 00:00:00.363541,0.25,0.7,3,0.05,0.02,0.6,0.12,6,0.7,5,0.8,,,,,BEAR_RATIO < NEUTRAL_RATIO < BULL_RATIO 约束违反: 0.25 / 0.7 / 0.7,COMPLETE
7140,-0.42314434753360175,2026-05-12 20:09:41.639064,2026-05-12 20:09:42.071616,0 days 00:00:00.432552,0.45,0.7,2,0.05,0.02,0.45,0.08,6,0.6,20,0.8,,,,,,PRUNED
7141,-0.5207812548220938,2026-05-12 20:09:42.099926,2026-05-12 20:09:46.566689,0 days 00:00:04.466763,0.25,0.7,4,0.03,0.02,0.6,0.08,6,0.5,5,0.8,,,,,,PRUNED
7142,-0.42961008695878755,2026-05-12 20:09:46.594901,2026-05-12 20:09:51.051348,0 days 00:00:04.456447,0.45,0.7,3,0.05,0.02,0.6,0.08,4,0.5,10,0.8,,,,,,PRUNED
7143,-0.5179924623587872,2026-05-12 20:09:51.079515,2026-05-12 20:09:51.700606,0 days 00:00:00.621091,0.45,0.7,2,0.05,0.02,0.6,0.08,6,0.5,20,0.8,-0.39108387647623727,-0.030830266507629607,0.2538171717650998,0.36025360996860767,,COMPLETE
7144,-0.5376509220645426,2026-05-12 20:09:51.732938,2026-05-12 20:09:57.533741,0 days 00:00:05.800803,0.45,0.9,2,0.03,0.02,0.45,0.16,5,0.7,5,0.5,,,,,,PRUNED
7145,-0.4727681245683665,2026-05-12 20:09:57.563483,2026-05-12 20:10:03.664571,0 days 00:00:06.101088,0.45,0.9,4,0.03,0.02,0.3,0.12,5,0.5,10,0.65,,,,,,PRUNED
7146,-0.46132535076681236,2026-05-12 20:10:03.693713,2026-05-12 20:10:08.809791,0 days 00:00:05.116078,0.35,0.9,4,0.05,0.02,0.6,0.08,6,0.5,20,0.8,,,,,,PRUNED
7147,-0.47138229645907453,2026-05-12 20:10:08.839187,2026-05-12 20:10:12.924711,0 days 00:00:04.085524,0.45,0.7,3,0.03,0.02,0.45,0.12,4,0.6,20,0.65,,,,,,PRUNED
7148,-0.45950186796723963,2026-05-12 20:10:12.955580,2026-05-12 20:10:15.606700,0 days 00:00:02.651120,0.25,0.7,3,0.05,0.02,0.6,0.08,4,0.5,20,0.65,,,,,,PRUNED
7149,-0.4899974377469977,2026-05-12 20:10:15.635190,2026-05-12 20:10:20.664417,0 days 00:00:05.029227,0.35,0.7,3,0.05,0.01,0.45,0.08,4,0.5,5,0.8,,,,,,PRUNED
7150,-0.474132966073207,2026-05-12 20:10:20.691332,2026-05-12 20:10:25.050794,0 days 00:00:04.359462,0.35,0.9,4,0.03,0.02,0.6,0.08,4,0.5,20,0.65,,,,,,PRUNED
7151,-0.5029229170639264,2026-05-12 20:10:25.080065,2026-05-12 20:10:30.545253,0 days 00:00:05.465188,0.25,0.8,2,0.05,0.01,0.3,0.08,6,0.7,10,0.5,,,,,,PRUNED
7152,-0.43223096142417294,2026-05-12 20:10:30.572209,2026-05-12 20:10:31.037810,0 days 00:00:00.465601,0.45,0.9,2,0.05,0.02,0.6,0.08,6,0.5,20,0.8,,,,,,PRUNED
7153,-0.5179924623587872,2026-05-12 20:10:31.066462,2026-05-12 20:10:31.823004,0 days 00:00:00.756542,0.45,0.7,2,0.05,0.02,0.6,0.08,6,0.5,20,0.8,-0.39108387647623727,-0.030830266507629607,0.2538171717650998,0.36025360996860767,,COMPLETE
7154,-0.5069763812688871,2026-05-12 20:10:31.851438,2026-05-12 20:10:36.422375,0 days 00:00:04.570937,0.45,0.9,3,0.03,0.01,0.6,0.12,3,0.7,5,0.8,,,,,,PRUNED
7155,-0.45430423527815744,2026-05-12 20:10:36.445766,2026-05-12 20:10:41.528370,0 days 00:00:05.082604,0.45,0.9,2,0.03,0.02,0.45,0.08,5,0.5,10,0.8,,,,,,PRUNED
7156,-9999.0,2026-05-12 20:10:41.556963,2026-05-12 20:10:41.927318,0 days 00:00:00.370355,0.35,0.7,2,0.05,0.01,0.45,0.12,6,0.7,20,0.8,,,,,BEAR_RATIO < NEUTRAL_RATIO < BULL_RATIO 约束违反: 0.35 / 0.7 / 0.7,COMPLETE
7157,-9999.0,2026-05-12 20:10:41.972648,2026-05-12 20:10:42.337257,0 days 00:00:00.364609,0.45,0.7,2,0.05,0.02,0.6,0.08,6,0.7,20,0.8,,,,,BEAR_RATIO < NEUTRAL_RATIO < BULL_RATIO 约束违反: 0.45 / 0.7 / 0.7,COMPLETE
7158,-0.4478363119705607,2026-05-12 20:10:42.366471,2026-05-12 20:10:45.896464,0 days 00:00:03.529993,0.35,0.7,2,0.05,0.01,0.6,0.12,6,0.5,10,0.8,,,,,,PRUNED
7159,-0.4403479605984736,2026-05-12 20:10:45.942498,2026-05-12 20:10:51.073377,0 days 00:00:05.130879,0.45,0.7,4,0.05,0.01,0.6,0.12,6,0.6,20,0.8,,,,,,PRUNED
7160,-0.4318124553734489,2026-05-12 20:10:51.096538,2026-05-12 20:10:51.477901,0 days 00:00:00.381363,0.45,0.7,2,0.03,0.02,0.6,0.08,6,0.5,20,0.8,,,,,,PRUNED
7161,-0.45601516752108395,2026-05-12 20:10:51.504348,2026-05-12 20:10:57.957631,0 days 00:00:06.453283,0.45,0.9,3,0.03,0.01,0.45,0.08,6,0.5,10,0.5,,,,,,PRUNED
7162,-9999.0,2026-05-12 20:10:57.986710,2026-05-12 20:10:58.335275,0 days 00:00:00.348565,0.25,0.7,2,0.03,0.02,0.3,0.08,4,0.7,10,0.65,,,,,BEAR_RATIO < NEUTRAL_RATIO < BULL_RATIO 约束违反: 0.25 / 0.7 / 0.7,COMPLETE
7163,-0.5179924623587872,2026-05-12 20:10:58.363032,2026-05-12 20:10:59.112842,0 days 00:00:00.749810,0.45,0.7,2,0.05,0.02,0.6,0.08,6,0.5,20,0.8,-0.39108387647623727,-0.030830266507629607,0.2538171717650998,0.36025360996860767,,COMPLETE
7164,-0.5179924623587872,2026-05-12 20:10:59.138227,2026-05-12 20:11:00.019240,0 days 00:00:00.881013,0.45,0.7,2,0.05,0.02,0.6,0.08,6,0.5,20,0.8,-0.39108387647623727,-0.030830266507629607,0.2538171717650998,0.36025360996860767,,COMPLETE
7165,-0.6313664677780196,2026-05-12 20:11:00.046092,2026-05-12 20:11:03.517135,0 days 00:00:03.471043,0.25,0.8,4,0.05,0.02,0.6,0.16,3,0.6,20,0.8,,,,,,PRUNED
7166,-0.5179924623587872,2026-05-12 20:11:03.543116,2026-05-12 20:11:04.245452,0 days 00:00:00.702336,0.45,0.7,2,0.05,0.02,0.6,0.08,6,0.5,20,0.8,-0.39108387647623727,-0.030830266507629607,0.2538171717650998,0.36025360996860767,,COMPLETE
7167,-0.4194511448045569,2026-05-12 20:11:04.270010,2026-05-12 20:11:04.647385,0 days 00:00:00.377375,0.45,0.7,2,0.05,0.02,0.6,0.12,6,0.5,20,0.8,,,,,,PRUNED
7168,-0.5003686127011411,2026-05-12 20:11:04.675152,2026-05-12 20:11:08.848223,0 days 00:00:04.173071,0.25,0.9,3,0.05,0.01,0.45,0.16,4,0.6,20,0.8,,,,,,PRUNED
7169,-0.5566472833974895,2026-05-12 20:11:08.875796,2026-05-12 20:11:14.044021,0 days 00:00:05.168225,0.25,0.8,4,0.05,0.02,0.6,0.12,4,0.6,5,0.5,,,,,,PRUNED
7170,-0.49177883867109123,2026-05-12 20:11:14.069285,2026-05-12 20:11:19.060895,0 days 00:00:04.991610,0.35,0.7,4,0.03,0.02,0.3,0.16,5,0.5,10,0.5,,,,,,PRUNED
7171,-0.4802252241877484,2026-05-12 20:11:19.089995,2026-05-12 20:11:23.633753,0 days 00:00:04.543758,0.35,0.8,3,0.05,0.02,0.6,0.16,4,0.6,10,0.5,,,,,,PRUNED
7172,-0.440965976168464,2026-05-12 20:11:23.664658,2026-05-12 20:11:28.633184,0 days 00:00:04.968526,0.45,0.8,2,0.05,0.01,0.3,0.08,5,0.6,10,0.65,,,,,,PRUNED
7173,-0.46937665319253236,2026-05-12 20:11:28.661809,2026-05-12 20:11:34.046675,0 days 00:00:05.384866,0.45,0.8,2,0.03,0.02,0.3,0.12,6,0.5,10,0.65,,,,,,PRUNED
7174,-0.6023381098954808,2026-05-12 20:11:34.075364,2026-05-12 20:11:37.644125,0 days 00:00:03.568761,0.35,0.9,2,0.05,0.01,0.3,0.12,3,0.5,20,0.8,,,,,,PRUNED
7175,-0.42444070072515644,2026-05-12 20:11:37.672657,2026-05-12 20:11:42.653613,0 days 00:00:04.980956,0.45,0.8,4,0.05,0.02,0.3,0.08,6,0.5,20,0.5,,,,,,PRUNED
7176,-0.5379379771949755,2026-05-12 20:11:42.680868,2026-05-12 20:11:48.397677,0 days 00:00:05.716809,0.25,0.9,2,0.05,0.01,0.3,0.16,5,0.5,5,0.65,,,,,,PRUNED
7177,-0.47185647840269546,2026-05-12 20:11:48.426382,2026-05-12 20:11:51.030953,0 days 00:00:02.604571,0.45,0.8,4,0.05,0.02,0.6,0.08,5,0.7,5,0.8,,,,,,PRUNED
7178,-9999.0,2026-05-12 20:11:51.060737,2026-05-12 20:11:51.411608,0 days 00:00:00.350871,0.45,0.7,3,0.03,0.01,0.45,0.12,5,0.7,20,0.8,,,,,BEAR_RATIO < NEUTRAL_RATIO < BULL_RATIO 约束违反: 0.45 / 0.7 / 0.7,COMPLETE
7179,-0.482853385893102,2026-05-12 20:11:51.439903,2026-05-12 20:11:57.343465,0 days 00:00:05.903562,0.45,0.8,3,0.05,0.02,0.3,0.16,6,0.7,20,0.8,,,,,,PRUNED
7180,-0.5179924623587872,2026-05-12 20:11:57.371670,2026-05-12 20:11:57.998885,0 days 00:00:00.627215,0.45,0.7,2,0.05,0.01,0.6,0.08,6,0.5,20,0.8,-0.39108387647623727,-0.030830266507629607,0.2538171717650998,0.36025360996860767,,COMPLETE
7181,-0.5182406672588966,2026-05-12 20:11:58.026014,2026-05-12 20:11:58.644250,0 days 00:00:00.618236,0.45,0.7,2,0.05,0.02,0.45,0.08,6,0.5,20,0.8,-0.3910743597599139,-0.030648087966744914,0.25433261499796533,0.360426271793169,,COMPLETE
7182,-9999.0,2026-05-12 20:11:58.671333,2026-05-12 20:11:59.026929,0 days 00:00:00.355596,0.35,0.7,3,0.05,0.01,0.3,0.16,3,0.7,10,0.5,,,,,BEAR_RATIO < NEUTRAL_RATIO < BULL_RATIO 约束违反: 0.35 / 0.7 / 0.7,COMPLETE
7183,-0.6106913263655002,2026-05-12 20:11:59.053682,2026-05-12 20:12:02.722935,0 days 00:00:03.669253,0.35,0.9,4,0.05,0.02,0.6,0.16,3,0.5,20,0.65,,,,,,PRUNED
7184,-0.5015021967205195,2026-05-12 20:12:02.752492,2026-05-12 20:12:07.103148,0 days 00:00:04.350656,0.35,0.8,3,0.03,0.01,0.6,0.12,4,0.7,20,0.65,,,,,,PRUNED
7185,-0.48125572370122965,2026-05-12 20:12:07.127687,2026-05-12 20:12:12.996031,0 days 00:00:05.868344,0.35,0.7,4,0.05,0.01,0.3,0.12,5,0.6,5,0.5,,,,,,PRUNED
7186,-0.5179924623587872,2026-05-12 20:12:13.025564,2026-05-12 20:12:13.687484,0 days 00:00:00.661920,0.45,0.7,2,0.05,0.02,0.6,0.08,6,0.5,20,0.8,-0.39108387647623727,-0.030830266507629607,0.2538171717650998,0.36025360996860767,,COMPLETE
7187,-0.5405074719277664,2026-05-12 20:12:13.715193,2026-05-12 20:12:17.622842,0 days 00:00:03.907649,0.45,0.9,3,0.05,0.02,0.3,0.16,3,0.5,10,0.8,,,,,,PRUNED
7188,-0.45199662287492115,2026-05-12 20:12:17.649271,2026-05-12 20:12:21.051690,0 days 00:00:03.402419,0.45,0.8,3,0.05,0.02,0.45,0.08,6,0.7,20,0.5,,,,,,PRUNED
7189,-0.4708321098077353,2026-05-12 20:12:21.080356,2026-05-12 20:12:27.122580,0 days 00:00:06.042224,0.45,0.8,2,0.03,0.02,0.3,0.08,6,0.6,5,0.65,,,,,,PRUNED
7190,-9999.0,2026-05-12 20:12:27.153969,2026-05-12 20:12:27.511435,0 days 00:00:00.357466,0.25,0.7,3,0.03,0.01,0.45,0.08,6,0.7,5,0.5,,,,,BEAR_RATIO < NEUTRAL_RATIO < BULL_RATIO 约束违反: 0.25 / 0.7 / 0.7,COMPLETE
7191,-0.5182406672588966,2026-05-12 20:12:27.543602,2026-05-12 20:12:28.167116,0 days 00:00:00.623514,0.45,0.7,2,0.05,0.02,0.45,0.08,6,0.5,20,0.65,-0.3910743597599139,-0.030648087966744914,0.25433261499796533,0.360426271793169,,COMPLETE
7192,-0.4318124553734489,2026-05-12 20:12:28.198097,2026-05-12 20:12:28.626408,0 days 00:00:00.428311,0.45,0.7,2,0.03,0.02,0.6,0.08,6,0.5,20,0.65,,,,,,PRUNED
7193,-0.5418971284160485,2026-05-12 20:12:28.656585,2026-05-12 20:12:33.276010,0 days 00:00:04.619425,0.25,0.9,3,0.03,0.02,0.45,0.08,3,0.6,5,0.5,,,,,,PRUNED
7194,-0.5685915195141706,2026-05-12 20:12:33.307052,2026-05-12 20:12:38.736659,0 days 00:00:05.429607,0.25,0.9,2,0.03,0.02,0.3,0.16,6,0.5,10,0.5,,,,,,PRUNED
7195,-0.5715107846558711,2026-05-12 20:12:38.763470,2026-05-12 20:12:39.182619,0 days 00:00:00.419149,0.45,0.7,2,0.05,0.02,0.6,0.08,3,0.5,20,0.8,,,,,,PRUNED
7196,-9999.0,2026-05-12 20:12:39.211775,2026-05-12 20:12:39.550252,0 days 00:00:00.338477,0.45,0.7,3,0.03,0.01,0.3,0.16,3,0.7,20,0.65,,,,,BEAR_RATIO < NEUTRAL_RATIO < BULL_RATIO 约束违反: 0.45 / 0.7 / 0.7,COMPLETE
7197,-0.5182406672588966,2026-05-12 20:12:39.577172,2026-05-12 20:12:40.192005,0 days 00:00:00.614833,0.45,0.7,2,0.05,0.01,0.45,0.08,6,0.5,20,0.8,-0.3910743597599139,-0.030648087966744914,0.25433261499796533,0.360426271793169,,COMPLETE
7198,-0.5179924623587872,2026-05-12 20:12:40.222535,2026-05-12 20:12:40.851973,0 days 00:00:00.629438,0.45,0.7,2,0.05,0.02,0.6,0.08,6,0.5,20,0.8,-0.39108387647623727,-0.030830266507629607,0.2538171717650998,0.36025360996860767,,COMPLETE
7199,-0.47766436217980807,2026-05-12 20:12:40.884248,2026-05-12 20:12:47.007427,0 days 00:00:06.123179,0.45,0.9,3,0.05,0.01,0.3,0.12,6,0.6,5,0.5,,,,,,PRUNED
7200,-0.5179924623587872,2026-05-12 20:12:47.036350,2026-05-12 20:12:47.608444,0 days 00:00:00.572094,0.45,0.7,2,0.05,0.02,0.6,0.08,6,0.5,20,0.8,-0.39108387647623727,-0.030830266507629607,0.2538171717650998,0.36025360996860767,,COMPLETE
7201,-0.44968679089875,2026-05-12 20:12:47.635594,2026-05-12 20:12:52.143843,0 days 00:00:04.508249,0.35,0.7,4,0.05,0.01,0.6,0.08,6,0.5,5,0.5,,,,,,PRUNED
7202,-0.4558234173638169,2026-05-12 20:12:52.172292,2026-05-12 20:12:57.161771,0 days 00:00:04.989479,0.35,0.8,3,0.05,0.01,0.45,0.12,4,0.5,20,0.8,,,,,,PRUNED
7203,-0.5952546354960121,2026-05-12 20:12:57.191555,2026-05-12 20:13:00.859343,0 days 00:00:03.667788,0.45,0.9,2,0.05,0.02,0.3,0.16,3,0.5,20,0.5,,,,,,PRUNED
7204,-9999.0,2026-05-12 20:13:00.891617,2026-05-12 20:13:01.257609,0 days 00:00:00.365992,0.45,0.7,3,0.05,0.02,0.45,0.16,3,0.7,20,0.5,,,,,BEAR_RATIO < NEUTRAL_RATIO < BULL_RATIO 约束违反: 0.45 / 0.7 / 0.7,COMPLETE
7205,-0.5179924623587872,2026-05-12 20:13:01.287807,2026-05-12 20:13:02.053649,0 days 00:00:00.765842,0.45,0.7,2,0.05,0.02,0.6,0.08,6,0.5,20,0.5,-0.39108387647623727,-0.030830266507629607,0.2538171717650998,0.36025360996860767,,COMPLETE
7206,-0.5007421488210246,2026-05-12 20:13:02.084468,2026-05-12 20:13:06.936842,0 days 00:00:04.852374,0.35,0.9,4,0.05,0.02,0.3,0.08,5,0.7,20,0.5,,,,,,PRUNED
7207,-0.4938384579348088,2026-05-12 20:13:06.964358,2026-05-12 20:13:12.014013,0 days 00:00:05.049655,0.35,0.7,2,0.05,0.02,0.6,0.12,4,0.5,5,0.65,,,,,,PRUNED
7208,-0.4211524445063394,2026-05-12 20:13:12.043049,2026-05-12 20:13:12.462233,0 days 00:00:00.419184,0.45,0.7,2,0.05,0.02,0.45,0.08,4,0.5,20,0.65,,,,,,PRUNED
7209,-0.5179924623587872,2026-05-12 20:13:12.490707,2026-05-12 20:13:13.116880,0 days 00:00:00.626173,0.45,0.7,2,0.05,0.02,0.6,0.08,6,0.5,20,0.65,-0.39108387647623727,-0.030830266507629607,0.2538171717650998,0.36025360996860767,,COMPLETE
7210,-0.49274339932903444,2026-05-12 20:13:13.146897,2026-05-12 20:13:19.254039,0 days 00:00:06.107142,0.45,0.8,4,0.05,0.01,0.45,0.16,6,0.7,5,0.8,,,,,,PRUNED
7211,-0.46918701805927904,2026-05-12 20:13:19.282366,2026-05-12 20:13:22.285914,0 days 00:00:03.003548,0.45,0.9,3,0.05,0.01,0.3,0.12,4,0.6,10,0.65,,,,,,PRUNED
7212,-0.5179924623587872,2026-05-12 20:13:22.316534,2026-05-12 20:13:22.966236,0 days 00:00:00.649702,0.45,0.7,2,0.05,0.02,0.6,0.08,6,0.5,20,0.8,-0.39108387647623727,-0.030830266507629607,0.2538171717650998,0.36025360996860767,,COMPLETE
7213,-0.5179924623587872,2026-05-12 20:13:22.994549,2026-05-12 20:13:23.667561,0 days 00:00:00.673012,0.45,0.7,2,0.05,0.02,0.6,0.08,6,0.5,20,0.8,-0.39108387647623727,-0.030830266507629607,0.2538171717650998,0.36025360996860767,,COMPLETE
7214,-9999.0,2026-05-12 20:13:23.697875,2026-05-12 20:13:24.095397,0 days 00:00:00.397522,0.45,0.7,2,0.05,0.01,0.6,0.12,5,0.7,5,0.5,,,,,BEAR_RATIO < NEUTRAL_RATIO < BULL_RATIO 约束违反: 0.45 / 0.7 / 0.7,COMPLETE
7215,-0.4949858024838183,2026-05-12 20:13:24.125426,2026-05-12 20:13:28.603905,0 days 00:00:04.478479,0.35,0.9,3,0.05,0.01,0.3,0.08,3,0.6,5,0.8,,,,,,PRUNED
7216,-0.5333132264208015,2026-05-12 20:13:28.633336,2026-05-12 20:13:33.344642,0 days 00:00:04.711306,0.25,0.9,4,0.05,0.01,0.3,0.08,3,0.6,5,0.8,,,,,,PRUNED
7217,-0.5179924623587872,2026-05-12 20:13:33.375361,2026-05-12 20:13:34.010507,0 days 00:00:00.635146,0.45,0.7,2,0.05,0.02,0.6,0.08,6,0.5,20,0.8,-0.39108387647623727,-0.030830266507629607,0.2538171717650998,0.36025360996860767,,COMPLETE
7218,-0.511102223583747,2026-05-12 20:13:34.038004,2026-05-12 20:13:40.153105,0 days 00:00:06.115101,0.45,0.9,2,0.03,0.01,0.3,0.16,6,0.5,5,0.65,,,,,,PRUNED
7219,-9999.0,2026-05-12 20:13:40.181362,2026-05-12 20:13:40.583900,0 days 00:00:00.402538,0.35,0.7,3,0.05,0.02,0.3,0.12,4,0.7,5,0.8,,,,,BEAR_RATIO < NEUTRAL_RATIO < BULL_RATIO 约束违反: 0.35 / 0.7 / 0.7,COMPLETE
7220,-0.4242910183560481,2026-05-12 20:13:40.616227,2026-05-12 20:13:41.056496,0 days 00:00:00.440269,0.45,0.7,2,0.05,0.02,0.6,0.08,5,0.5,20,0.8,,,,,,PRUNED
7221,-0.4340420236156212,2026-05-12 20:13:41.085538,2026-05-12 20:13:46.061754,0 days 00:00:04.976216,0.45,0.8,3,0.05,0.02,0.6,0.12,6,0.5,20,0.5,,,,,,PRUNED
7222,-0.5377435881665927,2026-05-12 20:13:46.092018,2026-05-12 20:13:51.217477,0 days 00:00:05.125459,0.25,0.7,4,0.03,0.02,0.6,0.08,4,0.5,5,0.5,,,,,,PRUNED
7223,-0.42116217588576055,2026-05-12 20:13:51.246861,2026-05-12 20:13:56.417605,0 days 00:00:05.170744,0.45,0.7,2,0.05,0.02,0.3,0.12,5,0.5,10,0.65,,,,,,PRUNED
7224,-0.5428288023947461,2026-05-12 20:13:56.446730,2026-05-12 20:14:00.753740,0 days 00:00:04.307010,0.25,0.9,2,0.05,0.01,0.45,0.08,3,0.7,5,0.5,,,,,,PRUNED
7225,-0.48548272034542295,2026-05-12 20:14:00.782842,2026-05-12 20:14:06.810772,0 days 00:00:06.027930,0.35,0.9,3,0.05,0.01,0.6,0.12,5,0.6,10,0.8,,,,,,PRUNED
7226,-0.6003610551640693,2026-05-12 20:14:06.840994,2026-05-12 20:14:08.343326,0 days 00:00:01.502332,0.25,0.8,4,0.03,0.02,0.3,0.16,3,0.6,10,0.8,,,,,,PRUNED
7227,-0.4984877907075534,2026-05-12 20:14:08.371179,2026-05-12 20:14:13.071323,0 days 00:00:04.700144,0.35,0.8,4,0.03,0.01,0.45,0.12,4,0.6,10,0.65,,,,,,PRUNED
7228,-9999.0,2026-05-12 20:14:13.099979,2026-05-12 20:14:13.484207,0 days 00:00:00.384228,0.25,0.7,2,0.03,0.02,0.3,0.08,6,0.7,20,0.8,,,,,BEAR_RATIO < NEUTRAL_RATIO < BULL_RATIO 约束违反: 0.25 / 0.7 / 0.7,COMPLETE
7229,-0.5903926369142987,2026-05-12 20:14:13.515086,2026-05-12 20:14:16.980256,0 days 00:00:03.465170,0.35,0.8,2,0.05,0.01,0.3,0.08,3,0.5,20,0.5,,,,,,PRUNED
7230,-0.5438164968111365,2026-05-12 20:14:17.007785,2026-05-12 20:14:22.254261,0 days 00:00:05.246476,0.35,0.9,2,0.03,0.01,0.3,0.08,4,0.6,5,0.8,,,,,,PRUNED
7231,-0.428017334084608,2026-05-12 20:14:22.280045,2026-05-12 20:14:26.769362,0 days 00:00:04.489317,0.45,0.7,2,0.05,0.02,0.3,0.08,4,0.5,10,0.8,,,,,,PRUNED
7232,-0.410125315542252,2026-05-12 20:14:26.797472,2026-05-12 20:14:27.230514,0 days 00:00:00.433042,0.45,0.7,4,0.05,0.02,0.6,0.08,6,0.5,20,0.8,,,,,,PRUNED
7233,-0.4447242653065977,2026-05-12 20:14:27.258715,2026-05-12 20:14:31.793272,0 days 00:00:04.534557,0.45,0.7,3,0.05,0.02,0.3,0.08,3,0.6,5,0.65,,,,,,PRUNED
7234,-9999.0,2026-05-12 20:14:31.820680,2026-05-12 20:14:32.159832,0 days 00:00:00.339152,0.25,0.7,4,0.05,0.01,0.3,0.08,4,0.7,20,0.5,,,,,BEAR_RATIO < NEUTRAL_RATIO < BULL_RATIO 约束违反: 0.25 / 0.7 / 0.7,COMPLETE
7235,-9999.0,2026-05-12 20:14:32.188324,2026-05-12 20:14:32.520458,0 days 00:00:00.332134,0.35,0.7,4,0.03,0.02,0.45,0.08,3,0.7,20,0.8,,,,,BEAR_RATIO < NEUTRAL_RATIO < BULL_RATIO 约束违反: 0.35 / 0.7 / 0.7,COMPLETE
7236,-0.5537345252909726,2026-05-12 20:14:32.548312,2026-05-12 20:14:36.670334,0 days 00:00:04.122022,0.35,0.7,4,0.05,0.02,0.45,0.16,3,0.6,10,0.65,,,,,,PRUNED
