number,value,datetime_start,datetime_complete,duration,params_BEAR_RATIO,params_BULL_RATIO,params_GRID_MAX_LAYER,params_GRID_STEP_MAX,params_GRID_STEP_MIN,params_GRID_STEP_VOL_FACTOR,params_LAYER_FRACTION,params_MAX_HOLD,params_NEUTRAL_RATIO,params_REBALANCE_FREQ,params_VOL_WEIGHT,user_attrs_avg_test_score,user_attrs_avg_train_score,user_attrs_test_score_std,user_attrs_train_test_gap,user_attrs_validation_error,state
9548,-0.5179924623587872,2026-05-12 22:11:08.530106,2026-05-12 22:11:09.159159,0 days 00:00:00.629053,0.45,0.7,2,0.05,0.02,0.6,0.08,6,0.5,20,0.8,-0.39108387647623727,-0.030830266507629607,0.2538171717650998,0.36025360996860767,,COMPLETE
9549,-0.49774410950152237,2026-05-12 22:11:09.187228,2026-05-12 22:11:13.208385,0 days 00:00:04.021157,0.25,0.9,3,0.03,0.02,0.6,0.08,4,0.6,20,0.8,,,,,,PRUNED
9550,-0.5179924623587872,2026-05-12 22:11:13.240386,2026-05-12 22:11:13.876970,0 days 00:00:00.636584,0.45,0.7,2,0.05,0.02,0.6,0.08,6,0.5,20,0.8,-0.39108387647623727,-0.030830266507629607,0.2538171717650998,0.36025360996860767,,COMPLETE
9551,-0.4318124553734489,2026-05-12 22:11:13.904302,2026-05-12 22:11:14.312193,0 days 00:00:00.407891,0.45,0.7,2,0.03,0.02,0.6,0.08,6,0.5,20,0.8,,,,,,PRUNED
9552,-0.5179924623587872,2026-05-12 22:11:14.339530,2026-05-12 22:11:14.909904,0 days 00:00:00.570374,0.45,0.7,2,0.05,0.02,0.6,0.08,6,0.5,20,0.8,-0.39108387647623727,-0.030830266507629607,0.2538171717650998,0.36025360996860767,,COMPLETE
9553,-0.5800800945924067,2026-05-12 22:11:14.935511,2026-05-12 22:11:15.337050,0 days 00:00:00.401539,0.45,0.7,2,0.05,0.02,0.6,0.16,3,0.5,20,0.8,,,,,,PRUNED
9554,-9999.0,2026-05-12 22:11:15.364263,2026-05-12 22:11:15.701763,0 days 00:00:00.337500,0.25,0.7,3,0.05,0.02,0.45,0.08,3,0.7,5,0.8,,,,,BEAR_RATIO < NEUTRAL_RATIO < BULL_RATIO 约束违反: 0.25 / 0.7 / 0.7,COMPLETE
9555,-9999.0,2026-05-12 22:11:15.728507,2026-05-12 22:11:16.068217,0 days 00:00:00.339710,0.45,0.7,3,0.05,0.01,0.3,0.08,4,0.7,5,0.5,,,,,BEAR_RATIO < NEUTRAL_RATIO < BULL_RATIO 约束违反: 0.45 / 0.7 / 0.7,COMPLETE
9556,-0.6178372483043713,2026-05-12 22:11:16.092847,2026-05-12 22:11:19.462957,0 days 00:00:03.370110,0.25,0.7,2,0.03,0.01,0.45,0.12,3,0.5,20,0.65,,,,,,PRUNED
9557,-9999.0,2026-05-12 22:11:19.491686,2026-05-12 22:11:19.832012,0 days 00:00:00.340326,0.45,0.7,2,0.05,0.02,0.6,0.16,4,0.7,20,0.8,,,,,BEAR_RATIO < NEUTRAL_RATIO < BULL_RATIO 约束违反: 0.45 / 0.7 / 0.7,COMPLETE
9558,-0.6433806247161721,2026-05-12 22:11:19.861567,2026-05-12 22:11:23.215388,0 days 00:00:03.353821,0.35,0.8,3,0.03,0.02,0.45,0.12,3,0.7,20,0.65,,,,,,PRUNED
9559,-0.5088967920137192,2026-05-12 22:11:23.242732,2026-05-12 22:11:27.534245,0 days 00:00:04.291513,0.25,0.9,4,0.05,0.01,0.3,0.16,4,0.6,10,0.5,,,,,,PRUNED
9560,-0.4320934571947899,2026-05-12 22:11:27.563055,2026-05-12 22:11:32.444945,0 days 00:00:04.881890,0.45,0.7,4,0.05,0.02,0.3,0.08,5,0.6,10,0.8,,,,,,PRUNED
9561,-0.5179924623587872,2026-05-12 22:11:32.473100,2026-05-12 22:11:33.109134,0 days 00:00:00.636034,0.45,0.7,2,0.05,0.02,0.6,0.08,6,0.5,20,0.8,-0.39108387647623727,-0.030830266507629607,0.2538171717650998,0.36025360996860767,,COMPLETE
9562,-0.48883801249294623,2026-05-12 22:11:33.135940,2026-05-12 22:11:37.956654,0 days 00:00:04.820714,0.25,0.7,2,0.05,0.01,0.6,0.12,6,0.5,20,0.5,,,,,,PRUNED
9563,-0.49853267824818154,2026-05-12 22:11:37.983882,2026-05-12 22:11:43.514117,0 days 00:00:05.530235,0.45,0.9,3,0.03,0.02,0.3,0.12,5,0.6,5,0.5,,,,,,PRUNED
9564,-0.4625998862818611,2026-05-12 22:11:43.546489,2026-05-12 22:11:47.864980,0 days 00:00:04.318491,0.45,0.9,3,0.05,0.01,0.3,0.08,4,0.6,10,0.5,,,,,,PRUNED
9565,-9999.0,2026-05-12 22:11:47.892727,2026-05-12 22:11:48.295837,0 days 00:00:00.403110,0.45,0.7,4,0.05,0.01,0.3,0.12,5,0.7,20,0.8,,,,,BEAR_RATIO < NEUTRAL_RATIO < BULL_RATIO 约束违反: 0.45 / 0.7 / 0.7,COMPLETE
9566,-0.5179924623587872,2026-05-12 22:11:48.324105,2026-05-12 22:11:49.005423,0 days 00:00:00.681318,0.45,0.7,2,0.05,0.02,0.6,0.08,6,0.5,20,0.8,-0.39108387647623727,-0.030830266507629607,0.2538171717650998,0.36025360996860767,,COMPLETE
9567,-0.4351021185526789,2026-05-12 22:11:49.036506,2026-05-12 22:11:53.099677,0 days 00:00:04.063171,0.45,0.7,3,0.05,0.02,0.45,0.08,4,0.6,20,0.8,,,,,,PRUNED
9568,-0.49411896004612055,2026-05-12 22:11:53.127335,2026-05-12 22:11:57.972119,0 days 00:00:04.844784,0.25,0.8,2,0.05,0.01,0.45,0.08,5,0.6,10,0.65,,,,,,PRUNED
9569,-0.4516769230997847,2026-05-12 22:11:57.999239,2026-05-12 22:12:03.737164,0 days 00:00:05.737925,0.35,0.7,3,0.05,0.02,0.3,0.08,6,0.5,5,0.65,,,,,,PRUNED
9570,-0.5182406672588966,2026-05-12 22:12:03.769032,2026-05-12 22:12:04.431673,0 days 00:00:00.662641,0.45,0.7,2,0.05,0.02,0.45,0.08,6,0.5,20,0.8,-0.3910743597599139,-0.030648087966744914,0.25433261499796533,0.360426271793169,,COMPLETE
9571,-0.49996642873352304,2026-05-12 22:12:04.460625,2026-05-12 22:12:09.709554,0 days 00:00:05.248929,0.25,0.8,2,0.05,0.01,0.45,0.16,4,0.7,10,0.5,,,,,,PRUNED
9572,-0.4776527554223633,2026-05-12 22:12:09.737426,2026-05-12 22:12:14.352208,0 days 00:00:04.614782,0.35,0.8,4,0.05,0.01,0.6,0.08,5,0.6,20,0.8,,,,,,PRUNED
9573,-0.4194511448045569,2026-05-12 22:12:14.379797,2026-05-12 22:12:14.821634,0 days 00:00:00.441837,0.45,0.7,2,0.05,0.02,0.6,0.12,6,0.5,20,0.8,,,,,,PRUNED
9574,-0.4309812888470534,2026-05-12 22:12:14.850210,2026-05-12 22:12:15.270396,0 days 00:00:00.420186,0.45,0.8,2,0.05,0.02,0.6,0.08,4,0.5,20,0.8,,,,,,PRUNED
9575,-9999.0,2026-05-12 22:12:15.300360,2026-05-12 22:12:15.715757,0 days 00:00:00.415397,0.25,0.7,2,0.03,0.01,0.45,0.16,3,0.7,5,0.5,,,,,BEAR_RATIO < NEUTRAL_RATIO < BULL_RATIO 约束违反: 0.25 / 0.7 / 0.7,COMPLETE
9576,-0.5031820939351356,2026-05-12 22:12:15.745742,2026-05-12 22:12:20.061987,0 days 00:00:04.316245,0.35,0.7,4,0.03,0.02,0.3,0.16,4,0.6,10,0.5,,,,,,PRUNED
9577,-0.434307923993398,2026-05-12 22:12:20.091262,2026-05-12 22:12:20.551192,0 days 00:00:00.459930,0.45,0.7,2,0.05,0.02,0.3,0.16,6,0.5,20,0.8,,,,,,PRUNED
9578,-0.5179924623587872,2026-05-12 22:12:20.581385,2026-05-12 22:12:21.199203,0 days 00:00:00.617818,0.45,0.7,2,0.05,0.02,0.6,0.08,6,0.5,20,0.8,-0.39108387647623727,-0.030830266507629607,0.2538171717650998,0.36025360996860767,,COMPLETE
9579,-0.5179924623587872,2026-05-12 22:12:21.230818,2026-05-12 22:12:21.866282,0 days 00:00:00.635464,0.45,0.7,2,0.05,0.02,0.6,0.08,6,0.5,20,0.8,-0.39108387647623727,-0.030830266507629607,0.2538171717650998,0.36025360996860767,,COMPLETE
9580,-0.490044401024466,2026-05-12 22:12:21.892927,2026-05-12 22:12:26.249056,0 days 00:00:04.356129,0.35,0.9,3,0.03,0.02,0.6,0.08,4,0.6,10,0.8,,,,,,PRUNED
9581,-0.5715107846558711,2026-05-12 22:12:26.275854,2026-05-12 22:12:26.721262,0 days 00:00:00.445408,0.45,0.7,2,0.05,0.02,0.6,0.08,3,0.5,20,0.8,,,,,,PRUNED
9582,-9999.0,2026-05-12 22:12:26.749354,2026-05-12 22:12:27.150237,0 days 00:00:00.400883,0.25,0.7,3,0.05,0.01,0.3,0.12,6,0.7,20,0.8,,,,,BEAR_RATIO < NEUTRAL_RATIO < BULL_RATIO 约束违反: 0.25 / 0.7 / 0.7,COMPLETE
9583,-9999.0,2026-05-12 22:12:27.180860,2026-05-12 22:12:27.570509,0 days 00:00:00.389649,0.35,0.7,2,0.03,0.02,0.6,0.16,6,0.7,5,0.5,,,,,BEAR_RATIO < NEUTRAL_RATIO < BULL_RATIO 约束违反: 0.35 / 0.7 / 0.7,COMPLETE
9584,-0.5095911228391372,2026-05-12 22:12:27.599675,2026-05-12 22:12:32.431228,0 days 00:00:04.831553,0.25,0.8,2,0.05,0.01,0.45,0.16,6,0.5,20,0.8,,,,,,PRUNED
9585,-0.4755837925873924,2026-05-12 22:12:32.461103,2026-05-12 22:12:36.806977,0 days 00:00:04.345874,0.35,0.7,3,0.03,0.01,0.45,0.12,3,0.5,5,0.65,,,,,,PRUNED
9586,-0.474532058331672,2026-05-12 22:12:36.840388,2026-05-12 22:12:41.194525,0 days 00:00:04.354137,0.45,0.9,3,0.05,0.02,0.6,0.08,4,0.7,10,0.65,,,,,,PRUNED
9587,-0.6142385185246051,2026-05-12 22:12:41.222520,2026-05-12 22:12:44.608595,0 days 00:00:03.386075,0.35,0.9,2,0.05,0.02,0.3,0.08,3,0.6,20,0.5,,,,,,PRUNED
9588,-0.5607601911275246,2026-05-12 22:12:44.638223,2026-05-12 22:12:50.213180,0 days 00:00:05.574957,0.25,0.9,4,0.03,0.02,0.6,0.08,5,0.7,5,0.8,,,,,,PRUNED
9589,-0.5179924623587872,2026-05-12 22:12:50.239970,2026-05-12 22:12:50.873601,0 days 00:00:00.633631,0.45,0.7,2,0.05,0.02,0.6,0.08,6,0.5,20,0.8,-0.39108387647623727,-0.030830266507629607,0.2538171717650998,0.36025360996860767,,COMPLETE
9590,-0.5179924623587872,2026-05-12 22:12:50.904017,2026-05-12 22:12:51.559714,0 days 00:00:00.655697,0.45,0.7,2,0.05,0.02,0.6,0.08,6,0.5,20,0.65,-0.39108387647623727,-0.030830266507629607,0.2538171717650998,0.36025360996860767,,COMPLETE
9591,-0.5322120468047008,2026-05-12 22:12:51.587901,2026-05-12 22:12:55.930744,0 days 00:00:04.342843,0.25,0.8,2,0.03,0.01,0.45,0.16,4,0.7,10,0.65,,,,,,PRUNED
9592,-0.47706500652742845,2026-05-12 22:12:55.958304,2026-05-12 22:13:01.269052,0 days 00:00:05.310748,0.45,0.8,3,0.05,0.02,0.6,0.16,6,0.7,10,0.65,,,,,,PRUNED
9593,-0.47986528891066105,2026-05-12 22:13:01.296366,2026-05-12 22:13:05.596097,0 days 00:00:04.299731,0.45,0.8,3,0.05,0.02,0.6,0.12,3,0.7,5,0.5,,,,,,PRUNED
9594,-0.410125315542252,2026-05-12 22:13:05.627741,2026-05-12 22:13:06.075189,0 days 00:00:00.447448,0.45,0.7,4,0.05,0.02,0.6,0.08,6,0.5,20,0.8,,,,,,PRUNED
9595,-0.4242910183560481,2026-05-12 22:13:06.117895,2026-05-12 22:13:06.577489,0 days 00:00:00.459594,0.45,0.7,2,0.05,0.02,0.6,0.08,5,0.5,20,0.8,,,,,,PRUNED
9596,-0.44719969144063537,2026-05-12 22:13:06.605401,2026-05-12 22:13:07.038252,0 days 00:00:00.432851,0.35,0.7,2,0.05,0.02,0.6,0.12,6,0.5,20,0.8,,,,,,PRUNED
9597,-0.5179924623587872,2026-05-12 22:13:07.067414,2026-05-12 22:13:07.716918,0 days 00:00:00.649504,0.45,0.7,2,0.05,0.01,0.6,0.08,6,0.5,20,0.65,-0.39108387647623727,-0.030830266507629607,0.2538171717650998,0.36025360996860767,,COMPLETE
9598,-0.5179924623587872,2026-05-12 22:13:07.745456,2026-05-12 22:13:08.441169,0 days 00:00:00.695713,0.45,0.7,2,0.05,0.02,0.6,0.08,6,0.5,20,0.5,-0.39108387647623727,-0.030830266507629607,0.2538171717650998,0.36025360996860767,,COMPLETE
9599,-0.5212697847208665,2026-05-12 22:13:08.471674,2026-05-12 22:13:14.541703,0 days 00:00:06.070029,0.25,0.7,3,0.03,0.01,0.45,0.12,6,0.5,10,0.65,,,,,,PRUNED
9600,-0.5179924623587872,2026-05-12 22:13:14.569582,2026-05-12 22:13:15.209059,0 days 00:00:00.639477,0.45,0.7,2,0.05,0.02,0.6,0.08,6,0.5,20,0.8,-0.39108387647623727,-0.030830266507629607,0.2538171717650998,0.36025360996860767,,COMPLETE
9601,-9999.0,2026-05-12 22:13:15.240234,2026-05-12 22:13:15.632759,0 days 00:00:00.392525,0.35,0.7,2,0.05,0.02,0.6,0.08,6,0.7,20,0.8,,,,,BEAR_RATIO < NEUTRAL_RATIO < BULL_RATIO 约束违反: 0.35 / 0.7 / 0.7,COMPLETE
9602,-0.5011744971939777,2026-05-12 22:13:15.661116,2026-05-12 22:13:20.521066,0 days 00:00:04.859950,0.25,0.7,4,0.03,0.01,0.45,0.08,5,0.6,10,0.5,,,,,,PRUNED
9603,-0.4979856906887713,2026-05-12 22:13:20.548237,2026-05-12 22:13:25.749851,0 days 00:00:05.201614,0.45,0.8,2,0.03,0.02,0.6,0.12,6,0.7,10,0.8,,,,,,PRUNED
9604,-0.5257680099161963,2026-05-12 22:13:25.780394,2026-05-12 22:13:31.501185,0 days 00:00:05.720791,0.25,0.8,2,0.05,0.02,0.3,0.12,6,0.5,5,0.65,,,,,,PRUNED
9605,-0.5179924623587872,2026-05-12 22:13:31.527577,2026-05-12 22:13:32.163649,0 days 00:00:00.636072,0.45,0.7,2,0.05,0.02,0.6,0.08,6,0.5,20,0.8,-0.39108387647623727,-0.030830266507629607,0.2538171717650998,0.36025360996860767,,COMPLETE
9606,-0.5179924623587872,2026-05-12 22:13:32.194947,2026-05-12 22:13:32.824737,0 days 00:00:00.629790,0.45,0.7,2,0.05,0.01,0.6,0.08,6,0.5,20,0.8,-0.39108387647623727,-0.030830266507629607,0.2538171717650998,0.36025360996860767,,COMPLETE
9607,-0.4855109771513465,2026-05-12 22:13:32.852369,2026-05-12 22:13:38.033403,0 days 00:00:05.181034,0.35,0.9,3,0.05,0.02,0.6,0.16,6,0.5,10,0.5,,,,,,PRUNED
9608,-0.5179924623587872,2026-05-12 22:13:38.061276,2026-05-12 22:13:38.739804,0 days 00:00:00.678528,0.45,0.7,2,0.05,0.02,0.6,0.08,6,0.5,20,0.8,-0.39108387647623727,-0.030830266507629607,0.2538171717650998,0.36025360996860767,,COMPLETE
9609,-0.4684321958501062,2026-05-12 22:13:38.767742,2026-05-12 22:13:43.089269,0 days 00:00:04.321527,0.35,0.8,2,0.05,0.02,0.3,0.12,3,0.5,5,0.5,,,,,,PRUNED
9610,-0.5179924623587872,2026-05-12 22:13:43.116347,2026-05-12 22:13:43.768847,0 days 00:00:00.652500,0.45,0.7,2,0.05,0.02,0.6,0.08,6,0.5,20,0.8,-0.39108387647623727,-0.030830266507629607,0.2538171717650998,0.36025360996860767,,COMPLETE
9611,-0.42756359809491007,2026-05-12 22:13:43.796220,2026-05-12 22:13:48.656847,0 days 00:00:04.860627,0.45,0.7,2,0.05,0.01,0.3,0.08,6,0.6,20,0.65,,,,,,PRUNED
9612,-0.5179924623587872,2026-05-12 22:13:48.686182,2026-05-12 22:13:49.348798,0 days 00:00:00.662616,0.45,0.7,2,0.05,0.02,0.6,0.08,6,0.5,20,0.8,-0.39108387647623727,-0.030830266507629607,0.2538171717650998,0.36025360996860767,,COMPLETE
9613,-0.48883801249294623,2026-05-12 22:13:49.376166,2026-05-12 22:13:49.820219,0 days 00:00:00.444053,0.25,0.7,2,0.05,0.01,0.6,0.12,6,0.5,20,0.8,,,,,,PRUNED
9614,-0.48232730373916866,2026-05-12 22:13:49.848163,2026-05-12 22:13:53.891917,0 days 00:00:04.043754,0.35,0.8,4,0.05,0.01,0.3,0.12,4,0.7,20,0.5,,,,,,PRUNED
9615,-0.5179924623587872,2026-05-12 22:13:53.921318,2026-05-12 22:13:54.551478,0 days 00:00:00.630160,0.45,0.7,2,0.05,0.02,0.6,0.08,6,0.5,20,0.8,-0.39108387647623727,-0.030830266507629607,0.2538171717650998,0.36025360996860767,,COMPLETE
9616,-0.4777602420290139,2026-05-12 22:13:54.578482,2026-05-12 22:13:58.850435,0 days 00:00:04.271953,0.45,0.9,4,0.05,0.02,0.3,0.16,4,0.6,20,0.5,,,,,,PRUNED
9617,-0.5437625325216537,2026-05-12 22:13:58.877632,2026-05-12 22:14:03.778446,0 days 00:00:04.900814,0.35,0.9,2,0.03,0.01,0.6,0.12,4,0.5,5,0.5,,,,,,PRUNED
9618,-9999.0,2026-05-12 22:14:03.805224,2026-05-12 22:14:04.208820,0 days 00:00:00.403596,0.45,0.7,2,0.05,0.02,0.6,0.08,5,0.7,20,0.8,,,,,BEAR_RATIO < NEUTRAL_RATIO < BULL_RATIO 约束违反: 0.45 / 0.7 / 0.7,COMPLETE
9619,-0.5231501058705457,2026-05-12 22:14:04.239878,2026-05-12 22:14:09.211812,0 days 00:00:04.971934,0.25,0.8,4,0.03,0.01,0.45,0.12,5,0.5,10,0.5,,,,,,PRUNED
9620,-0.5179924623587872,2026-05-12 22:14:09.240857,2026-05-12 22:14:09.891646,0 days 00:00:00.650789,0.45,0.7,2,0.05,0.02,0.6,0.08,6,0.5,20,0.8,-0.39108387647623727,-0.030830266507629607,0.2538171717650998,0.36025360996860767,,COMPLETE
9621,-0.5100988310228842,2026-05-12 22:14:09.920348,2026-05-12 22:14:15.738724,0 days 00:00:05.818376,0.35,0.9,3,0.05,0.01,0.3,0.16,5,0.7,10,0.8,,,,,,PRUNED
9622,-0.5390421496182065,2026-05-12 22:14:15.766226,2026-05-12 22:14:20.066800,0 days 00:00:04.300574,0.25,0.8,2,0.05,0.02,0.6,0.12,3,0.7,5,0.8,,,,,,PRUNED
9623,-0.47441457244516044,2026-05-12 22:14:20.097532,2026-05-12 22:14:20.555235,0 days 00:00:00.457703,0.25,0.7,2,0.05,0.02,0.6,0.08,6,0.5,20,0.65,,,,,,PRUNED
9624,-0.5831097076342093,2026-05-12 22:14:20.584520,2026-05-12 22:14:25.854878,0 days 00:00:05.270358,0.25,0.9,4,0.03,0.02,0.3,0.16,6,0.7,10,0.8,,,,,,PRUNED
9625,-0.5207376120186762,2026-05-12 22:14:25.882192,2026-05-12 22:14:30.797128,0 days 00:00:04.914936,0.25,0.9,3,0.03,0.01,0.45,0.08,6,0.5,20,0.65,,,,,,PRUNED
9626,-0.45010400881395296,2026-05-12 22:14:30.827258,2026-05-12 22:14:35.780589,0 days 00:00:04.953331,0.35,0.7,4,0.05,0.01,0.45,0.12,5,0.5,10,0.8,,,,,,PRUNED
9627,-0.5246732210216009,2026-05-12 22:14:35.808036,2026-05-12 22:14:40.966924,0 days 00:00:05.158888,0.25,0.8,4,0.03,0.02,0.3,0.08,6,0.7,10,0.5,,,,,,PRUNED
9628,-0.42357363260304626,2026-05-12 22:14:40.994195,2026-05-12 22:14:41.429450,0 days 00:00:00.435255,0.45,0.7,2,0.05,0.02,0.6,0.08,6,0.6,20,0.8,,,,,,PRUNED
9629,-0.5179924623587872,2026-05-12 22:14:41.460304,2026-05-12 22:14:42.115046,0 days 00:00:00.654742,0.45,0.7,2,0.05,0.02,0.6,0.08,6,0.5,20,0.8,-0.39108387647623727,-0.030830266507629607,0.2538171717650998,0.36025360996860767,,COMPLETE
9630,-0.4092788272711371,2026-05-12 22:14:42.162607,2026-05-12 22:14:42.626772,0 days 00:00:00.464165,0.45,0.7,3,0.05,0.02,0.6,0.08,6,0.5,20,0.8,,,,,,PRUNED
9631,-0.5179924623587872,2026-05-12 22:14:42.656232,2026-05-12 22:14:43.331634,0 days 00:00:00.675402,0.45,0.7,2,0.05,0.02,0.6,0.08,6,0.5,20,0.8,-0.39108387647623727,-0.030830266507629607,0.2538171717650998,0.36025360996860767,,COMPLETE
9632,-0.5323592786123448,2026-05-12 22:14:43.363778,2026-05-12 22:14:48.036280,0 days 00:00:04.672502,0.25,0.8,2,0.03,0.02,0.6,0.12,5,0.5,20,0.8,,,,,,PRUNED
9633,-0.5179924623587872,2026-05-12 22:14:48.067841,2026-05-12 22:14:48.721756,0 days 00:00:00.653915,0.45,0.7,2,0.05,0.02,0.6,0.08,6,0.5,20,0.8,-0.39108387647623727,-0.030830266507629607,0.2538171717650998,0.36025360996860767,,COMPLETE
9634,-0.5566025697971666,2026-05-12 22:14:48.764652,2026-05-12 22:14:52.531467,0 days 00:00:03.766815,0.25,0.9,3,0.05,0.02,0.6,0.08,3,0.5,10,0.5,,,,,,PRUNED
9635,-0.5179924623587872,2026-05-12 22:14:52.560218,2026-05-12 22:14:53.208665,0 days 00:00:00.648447,0.45,0.7,2,0.05,0.02,0.6,0.08,6,0.5,20,0.8,-0.39108387647623727,-0.030830266507629607,0.2538171717650998,0.36025360996860767,,COMPLETE
9636,-0.4213231947291116,2026-05-12 22:14:53.238870,2026-05-12 22:14:53.706275,0 days 00:00:00.467405,0.45,0.7,2,0.05,0.02,0.6,0.08,4,0.5,20,0.8,,,,,,PRUNED
9637,-0.4446163185911246,2026-05-12 22:14:53.733727,2026-05-12 22:14:58.853115,0 days 00:00:05.119388,0.45,0.7,2,0.05,0.02,0.45,0.16,6,0.6,10,0.65,,,,,,PRUNED
9638,-9999.0,2026-05-12 22:14:58.881329,2026-05-12 22:14:59.252730,0 days 00:00:00.371401,0.35,0.7,2,0.03,0.02,0.6,0.16,3,0.7,20,0.5,,,,,BEAR_RATIO < NEUTRAL_RATIO < BULL_RATIO 约束违反: 0.35 / 0.7 / 0.7,COMPLETE
9639,-0.5480854355925712,2026-05-12 22:14:59.283207,2026-05-12 22:15:04.815905,0 days 00:00:05.532698,0.25,0.7,4,0.03,0.02,0.45,0.16,5,0.5,5,0.8,,,,,,PRUNED
9640,-0.4211524445063394,2026-05-12 22:15:04.856502,2026-05-12 22:15:05.320336,0 days 00:00:00.463834,0.45,0.7,2,0.05,0.02,0.45,0.08,4,0.5,20,0.8,,,,,,PRUNED
9641,-0.45015826177664364,2026-05-12 22:15:05.349594,2026-05-12 22:15:09.665899,0 days 00:00:04.316305,0.45,0.7,2,0.05,0.02,0.45,0.16,3,0.6,5,0.8,,,,,,PRUNED
9642,-0.5179924623587872,2026-05-12 22:15:09.695479,2026-05-12 22:15:10.364025,0 days 00:00:00.668546,0.45,0.7,2,0.05,0.02,0.6,0.08,6,0.5,20,0.8,-0.39108387647623727,-0.030830266507629607,0.2538171717650998,0.36025360996860767,,COMPLETE
9643,-0.5119734277663622,2026-05-12 22:15:10.389880,2026-05-12 22:15:14.730804,0 days 00:00:04.340924,0.25,0.9,3,0.03,0.01,0.6,0.12,4,0.5,10,0.5,,,,,,PRUNED
9644,-0.5179924623587872,2026-05-12 22:15:14.757859,2026-05-12 22:15:15.391034,0 days 00:00:00.633175,0.45,0.7,2,0.05,0.02,0.6,0.08,6,0.5,20,0.8,-0.39108387647623727,-0.030830266507629607,0.2538171717650998,0.36025360996860767,,COMPLETE
9645,-0.4997367334978302,2026-05-12 22:15:15.423259,2026-05-12 22:15:20.291218,0 days 00:00:04.867959,0.25,0.8,4,0.05,0.02,0.3,0.16,4,0.6,20,0.5,,,,,,PRUNED
9646,-0.41425741193738236,2026-05-12 22:15:20.321371,2026-05-12 22:15:20.748397,0 days 00:00:00.427026,0.45,0.7,2,0.05,0.02,0.6,0.08,6,0.5,5,0.65,,,,,,PRUNED
9647,-0.49225611598885965,2026-05-12 22:15:20.776195,2026-05-12 22:15:25.112005,0 days 00:00:04.335810,0.35,0.8,2,0.03,0.01,0.45,0.08,4,0.7,10,0.8,,,,,,PRUNED
9648,-0.4668260017530414,2026-05-12 22:15:25.138962,2026-05-12 22:15:29.144722,0 days 00:00:04.005760,0.25,0.7,2,0.05,0.02,0.3,0.12,4,0.5,20,0.5,,,,,,PRUNED
9649,-0.5559152086734199,2026-05-12 22:15:29.175965,2026-05-12 22:15:34.164262,0 days 00:00:04.988297,0.35,0.9,4,0.03,0.01,0.45,0.08,4,0.7,5,0.5,,,,,,PRUNED
9650,-0.6043251889807786,2026-05-12 22:15:34.192428,2026-05-12 22:15:37.651576,0 days 00:00:03.459148,0.25,0.8,2,0.05,0.01,0.6,0.08,3,0.5,20,0.8,,,,,,PRUNED
9651,-0.6151802137145564,2026-05-12 22:15:37.681362,2026-05-12 22:15:41.109099,0 days 00:00:03.427737,0.35,0.7,4,0.05,0.01,0.6,0.16,3,0.6,20,0.5,,,,,,PRUNED
9652,-0.49747704729014347,2026-05-12 22:15:41.138226,2026-05-12 22:15:46.248862,0 days 00:00:05.110636,0.35,0.9,3,0.05,0.01,0.45,0.16,6,0.6,10,0.5,,,,,,PRUNED
9653,-9999.0,2026-05-12 22:15:46.277873,2026-05-12 22:15:46.664602,0 days 00:00:00.386729,0.45,0.7,2,0.05,0.01,0.6,0.16,3,0.7,5,0.8,,,,,BEAR_RATIO < NEUTRAL_RATIO < BULL_RATIO 约束违反: 0.45 / 0.7 / 0.7,COMPLETE
9654,-0.566522212456812,2026-05-12 22:15:46.692970,2026-05-12 22:15:52.193519,0 days 00:00:05.500549,0.25,0.8,2,0.03,0.01,0.45,0.12,5,0.7,5,0.5,,,,,,PRUNED
9655,-0.4962849684696171,2026-05-12 22:15:52.221371,2026-05-12 22:15:57.375118,0 days 00:00:05.153747,0.35,0.8,4,0.03,0.02,0.45,0.08,6,0.7,10,0.65,,,,,,PRUNED
9656,-0.529737252326601,2026-05-12 22:15:57.405391,2026-05-12 22:16:02.046185,0 days 00:00:04.640794,0.25,0.8,3,0.05,0.02,0.3,0.16,5,0.6,20,0.5,,,,,,PRUNED
9657,-0.5279452956458742,2026-05-12 22:16:02.075675,2026-05-12 22:16:07.008869,0 days 00:00:04.933194,0.45,0.9,3,0.05,0.02,0.3,0.12,4,0.7,5,0.8,,,,,,PRUNED
9658,-0.5321366928554948,2026-05-12 22:16:07.037705,2026-05-12 22:16:11.601158,0 days 00:00:04.563453,0.25,0.9,3,0.03,0.01,0.45,0.08,5,0.6,20,0.65,,,,,,PRUNED
9659,-0.47240991675713423,2026-05-12 22:16:11.629035,2026-05-12 22:16:17.667656,0 days 00:00:06.038621,0.35,0.9,2,0.05,0.02,0.6,0.12,6,0.5,10,0.5,,,,,,PRUNED
9660,-0.47441457244516044,2026-05-12 22:16:17.696888,2026-05-12 22:16:18.129541,0 days 00:00:00.432653,0.25,0.7,2,0.05,0.02,0.6,0.08,6,0.5,20,0.8,,,,,,PRUNED
9661,-0.6069929837343321,2026-05-12 22:16:18.157765,2026-05-12 22:16:21.904213,0 days 00:00:03.746448,0.25,0.9,4,0.03,0.01,0.45,0.16,3,0.6,10,0.65,,,,,,PRUNED
9662,-0.4092137988646166,2026-05-12 22:16:21.934992,2026-05-12 22:16:22.410829,0 days 00:00:00.475837,0.45,0.7,2,0.05,0.02,0.6,0.08,6,0.5,10,0.8,,,,,,PRUNED
9663,-0.4100386278766106,2026-05-12 22:16:22.440387,2026-05-12 22:16:22.885348,0 days 00:00:00.444961,0.45,0.7,2,0.05,0.02,0.3,0.08,6,0.5,20,0.8,,,,,,PRUNED
9664,-0.4775039028511857,2026-05-12 22:16:22.912406,2026-05-12 22:16:27.745488,0 days 00:00:04.833082,0.45,0.7,2,0.03,0.01,0.6,0.16,6,0.5,20,0.5,,,,,,PRUNED
9665,-0.458338520875979,2026-05-12 22:16:27.775003,2026-05-12 22:16:31.811276,0 days 00:00:04.036273,0.45,0.7,3,0.03,0.02,0.6,0.12,4,0.5,20,0.8,,,,,,PRUNED
9666,-0.533152091647443,2026-05-12 22:16:31.838757,2026-05-12 22:16:37.534964,0 days 00:00:05.696207,0.35,0.9,4,0.05,0.02,0.45,0.16,6,0.7,5,0.65,,,,,,PRUNED
9667,-0.5021501775583257,2026-05-12 22:16:37.565446,2026-05-12 22:16:43.323766,0 days 00:00:05.758320,0.35,0.8,2,0.03,0.01,0.3,0.08,6,0.6,5,0.8,,,,,,PRUNED
