number,value,datetime_start,datetime_complete,duration,params_BEAR_RATIO,params_BULL_RATIO,params_GRID_MAX_LAYER,params_GRID_STEP_MAX,params_GRID_STEP_MIN,params_GRID_STEP_VOL_FACTOR,params_LAYER_FRACTION,params_MAX_HOLD,params_NEUTRAL_RATIO,params_REBALANCE_FREQ,params_VOL_WEIGHT,user_attrs_avg_test_score,user_attrs_avg_train_score,user_attrs_test_score_std,user_attrs_train_test_gap,user_attrs_validation_error,state
8327,-9999.0,2026-05-12 21:09:48.354051,2026-05-12 21:09:48.661154,0 days 00:00:00.307103,0.45,0.7,2,0.05,0.01,0.3,0.12,6,0.7,5,0.65,,,,,BEAR_RATIO < NEUTRAL_RATIO < BULL_RATIO 约束违反: 0.45 / 0.7 / 0.7,COMPLETE
8328,-0.5560834630233603,2026-05-12 21:09:48.685708,2026-05-12 21:09:54.524515,0 days 00:00:05.838807,0.25,0.7,4,0.03,0.01,0.6,0.12,6,0.6,5,0.8,,,,,,PRUNED
8329,-0.4240955692015966,2026-05-12 21:09:54.551498,2026-05-12 21:10:00.249115,0 days 00:00:05.697617,0.45,0.7,2,0.05,0.01,0.45,0.12,5,0.5,5,0.5,,,,,,PRUNED
8330,-0.5182406672588966,2026-05-12 21:10:00.279935,2026-05-12 21:10:00.891415,0 days 00:00:00.611480,0.45,0.7,2,0.05,0.02,0.45,0.08,6,0.5,20,0.8,-0.3910743597599139,-0.030648087966744914,0.25433261499796533,0.360426271793169,,COMPLETE
8331,-0.5715107846558711,2026-05-12 21:10:00.917971,2026-05-12 21:10:01.323652,0 days 00:00:00.405681,0.45,0.7,2,0.05,0.02,0.6,0.08,3,0.5,20,0.8,,,,,,PRUNED
8332,-0.4318124553734489,2026-05-12 21:10:01.350165,2026-05-12 21:10:01.743481,0 days 00:00:00.393316,0.45,0.7,2,0.03,0.02,0.6,0.08,6,0.5,20,0.8,,,,,,PRUNED
8333,-0.5179924623587872,2026-05-12 21:10:01.772479,2026-05-12 21:10:02.376470,0 days 00:00:00.603991,0.45,0.7,2,0.05,0.02,0.6,0.08,6,0.5,20,0.8,-0.39108387647623727,-0.030830266507629607,0.2538171717650998,0.36025360996860767,,COMPLETE
8334,-0.41598452756275883,2026-05-12 21:10:02.407973,2026-05-12 21:10:08.161765,0 days 00:00:05.753792,0.45,0.7,2,0.05,0.02,0.3,0.08,5,0.5,5,0.8,,,,,,PRUNED
8335,-0.470449326013458,2026-05-12 21:10:08.188778,2026-05-12 21:10:12.560030,0 days 00:00:04.371252,0.35,0.9,3,0.05,0.02,0.6,0.12,4,0.5,10,0.65,,,,,,PRUNED
8336,-0.43675733852516285,2026-05-12 21:10:12.585786,2026-05-12 21:10:16.778580,0 days 00:00:04.192794,0.45,0.8,4,0.05,0.01,0.3,0.08,4,0.5,20,0.65,,,,,,PRUNED
8337,-0.552978198505073,2026-05-12 21:10:16.804288,2026-05-12 21:10:20.544350,0 days 00:00:03.740062,0.35,0.9,3,0.03,0.01,0.45,0.08,3,0.5,10,0.65,,,,,,PRUNED
8338,-0.4242910183560481,2026-05-12 21:10:20.572887,2026-05-12 21:10:21.014413,0 days 00:00:00.441526,0.45,0.7,2,0.05,0.02,0.6,0.08,5,0.5,20,0.8,,,,,,PRUNED
8339,-0.5286755184354845,2026-05-12 21:10:21.048137,2026-05-12 21:10:27.587914,0 days 00:00:06.539777,0.25,0.7,3,0.03,0.01,0.45,0.12,5,0.5,5,0.5,,,,,,PRUNED
8340,-0.5179924623587872,2026-05-12 21:10:27.618677,2026-05-12 21:10:28.260032,0 days 00:00:00.641355,0.45,0.7,2,0.05,0.02,0.6,0.08,6,0.5,20,0.8,-0.39108387647623727,-0.030830266507629607,0.2538171717650998,0.36025360996860767,,COMPLETE
8341,-0.5066205771365508,2026-05-12 21:10:28.293439,2026-05-12 21:10:32.754792,0 days 00:00:04.461353,0.25,0.9,3,0.05,0.01,0.6,0.16,4,0.7,20,0.65,,,,,,PRUNED
8342,-0.5179924623587872,2026-05-12 21:10:32.781237,2026-05-12 21:10:33.361721,0 days 00:00:00.580484,0.45,0.7,2,0.05,0.01,0.6,0.08,6,0.5,20,0.8,-0.39108387647623727,-0.030830266507629607,0.2538171717650998,0.36025360996860767,,COMPLETE
8343,-0.515865619504307,2026-05-12 21:10:33.387471,2026-05-12 21:10:38.620958,0 days 00:00:05.233487,0.35,0.7,3,0.03,0.02,0.6,0.12,4,0.5,5,0.65,,,,,,PRUNED
8344,-0.4235393629303933,2026-05-12 21:10:38.648598,2026-05-12 21:10:39.044850,0 days 00:00:00.396252,0.45,0.7,4,0.05,0.02,0.6,0.12,6,0.5,20,0.8,,,,,,PRUNED
8345,-0.519695712665094,2026-05-12 21:10:39.071827,2026-05-12 21:10:44.321972,0 days 00:00:05.250145,0.25,0.9,2,0.03,0.01,0.45,0.12,4,0.6,10,0.5,,,,,,PRUNED
8346,-0.6260399564533643,2026-05-12 21:10:44.351091,2026-05-12 21:10:47.846451,0 days 00:00:03.495360,0.35,0.8,2,0.05,0.02,0.6,0.12,3,0.7,20,0.8,,,,,,PRUNED
8347,-0.5179924623587872,2026-05-12 21:10:48.033983,2026-05-12 21:10:48.860663,0 days 00:00:00.826680,0.45,0.7,2,0.05,0.02,0.6,0.08,6,0.5,20,0.8,-0.39108387647623727,-0.030830266507629607,0.2538171717650998,0.36025360996860767,,COMPLETE
8348,-9999.0,2026-05-12 21:10:48.889254,2026-05-12 21:10:49.258529,0 days 00:00:00.369275,0.45,0.7,2,0.05,0.02,0.3,0.08,6,0.7,20,0.5,,,,,BEAR_RATIO < NEUTRAL_RATIO < BULL_RATIO 约束违反: 0.45 / 0.7 / 0.7,COMPLETE
8349,-0.5983699398467377,2026-05-12 21:10:49.288633,2026-05-12 21:10:52.666334,0 days 00:00:03.377701,0.25,0.7,3,0.05,0.02,0.45,0.08,3,0.5,20,0.8,,,,,,PRUNED
8350,-0.5179924623587872,2026-05-12 21:10:52.695163,2026-05-12 21:10:53.309068,0 days 00:00:00.613905,0.45,0.7,2,0.05,0.02,0.6,0.08,6,0.5,20,0.5,-0.39108387647623727,-0.030830266507629607,0.2538171717650998,0.36025360996860767,,COMPLETE
8351,-0.5243908895857908,2026-05-12 21:10:53.337687,2026-05-12 21:10:58.276313,0 days 00:00:04.938626,0.35,0.9,4,0.05,0.01,0.6,0.12,4,0.5,5,0.65,,,,,,PRUNED
8352,-0.410125315542252,2026-05-12 21:10:58.303496,2026-05-12 21:10:58.725245,0 days 00:00:00.421749,0.45,0.7,4,0.05,0.02,0.6,0.08,6,0.5,20,0.5,,,,,,PRUNED
8353,-0.5312540640289318,2026-05-12 21:10:58.765243,2026-05-12 21:11:03.339913,0 days 00:00:04.574670,0.35,0.8,2,0.03,0.02,0.45,0.16,5,0.6,20,0.5,,,,,,PRUNED
8354,-0.5179924623587872,2026-05-12 21:11:03.364514,2026-05-12 21:11:03.890903,0 days 00:00:00.526389,0.45,0.7,2,0.05,0.02,0.6,0.08,6,0.5,20,0.65,-0.39108387647623727,-0.030830266507629607,0.2538171717650998,0.36025360996860767,,COMPLETE
8355,-0.5010682774026383,2026-05-12 21:11:03.917039,2026-05-12 21:11:08.534390,0 days 00:00:04.617351,0.45,0.9,4,0.05,0.02,0.6,0.16,5,0.7,20,0.8,,,,,,PRUNED
8356,-9999.0,2026-05-12 21:11:08.561234,2026-05-12 21:11:08.881075,0 days 00:00:00.319841,0.25,0.7,3,0.05,0.02,0.45,0.12,4,0.7,10,0.8,,,,,BEAR_RATIO < NEUTRAL_RATIO < BULL_RATIO 约束违反: 0.25 / 0.7 / 0.7,COMPLETE
8357,-0.5123224787901258,2026-05-12 21:11:08.905118,2026-05-12 21:11:13.405065,0 days 00:00:04.499947,0.35,0.8,4,0.03,0.02,0.45,0.16,4,0.6,10,0.65,,,,,,PRUNED
8358,-0.5830868818682412,2026-05-12 21:11:13.431554,2026-05-12 21:11:17.231373,0 days 00:00:03.799819,0.35,0.8,3,0.03,0.02,0.45,0.16,3,0.6,10,0.5,,,,,,PRUNED
8359,-0.5631661908185839,2026-05-12 21:11:17.260262,2026-05-12 21:11:21.057119,0 days 00:00:03.796857,0.45,0.8,2,0.03,0.01,0.6,0.12,3,0.6,10,0.5,,,,,,PRUNED
8360,-9999.0,2026-05-12 21:11:21.085707,2026-05-12 21:11:21.432089,0 days 00:00:00.346382,0.25,0.7,2,0.03,0.01,0.3,0.12,6,0.7,10,0.8,,,,,BEAR_RATIO < NEUTRAL_RATIO < BULL_RATIO 约束违反: 0.25 / 0.7 / 0.7,COMPLETE
8361,-0.4853258467076413,2026-05-12 21:11:21.457456,2026-05-12 21:11:26.410540,0 days 00:00:04.953084,0.25,0.8,2,0.05,0.02,0.6,0.08,5,0.5,10,0.5,,,,,,PRUNED
8362,-0.5179924623587872,2026-05-12 21:11:26.439764,2026-05-12 21:11:27.049190,0 days 00:00:00.609426,0.45,0.7,2,0.05,0.02,0.6,0.08,6,0.5,20,0.8,-0.39108387647623727,-0.030830266507629607,0.2538171717650998,0.36025360996860767,,COMPLETE
8363,-0.410125315542252,2026-05-12 21:11:27.077207,2026-05-12 21:11:27.475414,0 days 00:00:00.398207,0.45,0.7,4,0.05,0.02,0.6,0.08,6,0.5,20,0.8,,,,,,PRUNED
8364,-0.4836997258628163,2026-05-12 21:11:27.501856,2026-05-12 21:11:32.929141,0 days 00:00:05.427285,0.35,0.8,4,0.05,0.01,0.45,0.08,5,0.6,5,0.5,,,,,,PRUNED
8365,-0.5155641691021811,2026-05-12 21:11:32.959003,2026-05-12 21:11:36.965794,0 days 00:00:04.006791,0.25,0.9,3,0.03,0.01,0.45,0.12,4,0.6,20,0.65,,,,,,PRUNED
8366,-0.5066268543982392,2026-05-12 21:11:37.006475,2026-05-12 21:11:41.256157,0 days 00:00:04.249682,0.25,0.8,4,0.03,0.02,0.45,0.12,4,0.5,10,0.5,,,,,,PRUNED
8367,-0.5639601772675713,2026-05-12 21:11:41.285855,2026-05-12 21:11:43.531358,0 days 00:00:02.245503,0.45,0.8,2,0.03,0.01,0.3,0.08,3,0.7,10,0.8,,,,,,PRUNED
8368,-0.4956862352922218,2026-05-12 21:11:43.557256,2026-05-12 21:11:49.291229,0 days 00:00:05.733973,0.35,0.8,2,0.05,0.01,0.45,0.16,6,0.7,20,0.5,,,,,,PRUNED
8369,-0.5179924623587872,2026-05-12 21:11:49.318913,2026-05-12 21:11:49.973779,0 days 00:00:00.654866,0.45,0.7,2,0.05,0.02,0.6,0.08,6,0.5,20,0.8,-0.39108387647623727,-0.030830266507629607,0.2538171717650998,0.36025360996860767,,COMPLETE
8370,-0.5063351543366993,2026-05-12 21:11:50.004310,2026-05-12 21:11:54.665444,0 days 00:00:04.661134,0.25,0.8,3,0.05,0.01,0.6,0.08,3,0.5,5,0.65,,,,,,PRUNED
8371,-0.5275789400278778,2026-05-12 21:11:54.696337,2026-05-12 21:12:00.983664,0 days 00:00:06.287327,0.35,0.9,2,0.03,0.02,0.6,0.08,6,0.7,5,0.8,,,,,,PRUNED
8372,-0.4785960961122302,2026-05-12 21:12:01.017828,2026-05-12 21:12:07.169682,0 days 00:00:06.151854,0.35,0.7,3,0.05,0.02,0.3,0.16,6,0.5,5,0.8,,,,,,PRUNED
8373,-0.5576843229133418,2026-05-12 21:12:07.200899,2026-05-12 21:12:11.569773,0 days 00:00:04.368874,0.25,0.7,4,0.03,0.02,0.3,0.12,6,0.6,5,0.8,,,,,,PRUNED
8374,-9999.0,2026-05-12 21:12:11.597735,2026-05-12 21:12:11.955194,0 days 00:00:00.357459,0.35,0.7,4,0.05,0.01,0.45,0.08,4,0.7,10,0.8,,,,,BEAR_RATIO < NEUTRAL_RATIO < BULL_RATIO 约束违反: 0.35 / 0.7 / 0.7,COMPLETE
8375,-0.5179924623587872,2026-05-12 21:12:11.984395,2026-05-12 21:12:12.597861,0 days 00:00:00.613466,0.45,0.7,2,0.05,0.02,0.6,0.08,6,0.5,20,0.8,-0.39108387647623727,-0.030830266507629607,0.2538171717650998,0.36025360996860767,,COMPLETE
8376,-0.4666196125751657,2026-05-12 21:12:12.624523,2026-05-12 21:12:18.084796,0 days 00:00:05.460273,0.35,0.7,2,0.05,0.02,0.6,0.08,5,0.6,5,0.65,,,,,,PRUNED
8377,-0.5423817196269758,2026-05-12 21:12:18.111538,2026-05-12 21:12:23.553217,0 days 00:00:05.441679,0.35,0.8,4,0.03,0.01,0.45,0.16,6,0.7,10,0.8,,,,,,PRUNED
8378,-0.5538938908574029,2026-05-12 21:12:23.582993,2026-05-12 21:12:29.145869,0 days 00:00:05.562876,0.25,0.8,3,0.05,0.01,0.45,0.12,4,0.6,5,0.65,,,,,,PRUNED
8379,-0.605864298575118,2026-05-12 21:12:29.175334,2026-05-12 21:12:32.830060,0 days 00:00:03.654726,0.45,0.9,2,0.03,0.02,0.3,0.12,3,0.5,20,0.5,,,,,,PRUNED
8380,-0.5348856909525191,2026-05-12 21:12:32.859875,2026-05-12 21:12:38.754330,0 days 00:00:05.894455,0.35,0.8,4,0.03,0.01,0.6,0.16,5,0.6,5,0.65,,,,,,PRUNED
8381,-0.5278056795895798,2026-05-12 21:12:38.785563,2026-05-12 21:12:45.375587,0 days 00:00:06.590024,0.35,0.9,3,0.03,0.02,0.3,0.16,6,0.5,10,0.5,,,,,,PRUNED
8382,-0.5179924623587872,2026-05-12 21:12:45.405648,2026-05-12 21:12:46.047472,0 days 00:00:00.641824,0.45,0.7,2,0.05,0.02,0.6,0.08,6,0.5,20,0.8,-0.39108387647623727,-0.030830266507629607,0.2538171717650998,0.36025360996860767,,COMPLETE
8383,-0.5179924623587872,2026-05-12 21:12:46.076862,2026-05-12 21:12:46.714316,0 days 00:00:00.637454,0.45,0.7,2,0.05,0.02,0.6,0.08,6,0.5,20,0.8,-0.39108387647623727,-0.030830266507629607,0.2538171717650998,0.36025360996860767,,COMPLETE
8384,-0.5215974531369937,2026-05-12 21:12:46.740073,2026-05-12 21:12:51.621109,0 days 00:00:04.881036,0.25,0.9,4,0.05,0.01,0.3,0.16,5,0.5,10,0.8,,,,,,PRUNED
8385,-0.5573515090661835,2026-05-12 21:12:51.646681,2026-05-12 21:12:55.315778,0 days 00:00:03.669097,0.45,0.9,4,0.03,0.02,0.45,0.12,3,0.5,10,0.8,,,,,,PRUNED
8386,-0.48555756418220786,2026-05-12 21:12:55.343215,2026-05-12 21:12:57.666362,0 days 00:00:02.323147,0.25,0.8,2,0.05,0.01,0.45,0.16,4,0.5,10,0.8,,,,,,PRUNED
8387,-0.5179924623587872,2026-05-12 21:12:57.694766,2026-05-12 21:12:58.294444,0 days 00:00:00.599678,0.45,0.7,2,0.05,0.02,0.6,0.08,6,0.5,20,0.8,-0.39108387647623727,-0.030830266507629607,0.2538171717650998,0.36025360996860767,,COMPLETE
8388,-0.4275002594624362,2026-05-12 21:12:58.319787,2026-05-12 21:13:03.508755,0 days 00:00:05.188968,0.45,0.7,2,0.05,0.02,0.3,0.08,6,0.6,10,0.8,,,,,,PRUNED
8389,-0.4786710254060206,2026-05-12 21:13:03.530524,2026-05-12 21:13:08.068221,0 days 00:00:04.537697,0.35,0.8,3,0.05,0.02,0.3,0.08,6,0.7,20,0.8,,,,,,PRUNED
8390,-0.5230033557659506,2026-05-12 21:13:08.095961,2026-05-12 21:13:13.823127,0 days 00:00:05.727166,0.25,0.9,3,0.05,0.01,0.6,0.08,6,0.5,5,0.65,,,,,,PRUNED
8391,-9999.0,2026-05-12 21:13:13.849003,2026-05-12 21:13:14.195911,0 days 00:00:00.346908,0.45,0.7,2,0.05,0.02,0.3,0.08,6,0.7,10,0.5,,,,,BEAR_RATIO < NEUTRAL_RATIO < BULL_RATIO 约束违反: 0.45 / 0.7 / 0.7,COMPLETE
8392,-0.5179924623587872,2026-05-12 21:13:14.225646,2026-05-12 21:13:14.816932,0 days 00:00:00.591286,0.45,0.7,2,0.05,0.02,0.6,0.08,6,0.5,20,0.8,-0.39108387647623727,-0.030830266507629607,0.2538171717650998,0.36025360996860767,,COMPLETE
8393,-0.43080537961669585,2026-05-12 21:13:14.844088,2026-05-12 21:13:20.063603,0 days 00:00:05.219515,0.45,0.7,2,0.05,0.02,0.6,0.16,6,0.5,10,0.5,,,,,,PRUNED
8394,-0.5934188568381858,2026-05-12 21:13:20.091134,2026-05-12 21:13:23.450697,0 days 00:00:03.359563,0.45,0.8,4,0.05,0.01,0.45,0.16,3,0.5,20,0.5,,,,,,PRUNED
8395,-0.4569223683011577,2026-05-12 21:13:23.478689,2026-05-12 21:13:27.380785,0 days 00:00:03.902096,0.25,0.7,2,0.05,0.02,0.6,0.08,4,0.5,20,0.5,,,,,,PRUNED
8396,-0.5574281448291266,2026-05-12 21:13:27.408540,2026-05-12 21:13:31.228973,0 days 00:00:03.820433,0.35,0.8,2,0.03,0.01,0.6,0.12,3,0.5,10,0.5,,,,,,PRUNED
8397,-9999.0,2026-05-12 21:13:31.257406,2026-05-12 21:13:31.618334,0 days 00:00:00.360928,0.35,0.7,2,0.03,0.01,0.45,0.08,4,0.7,20,0.65,,,,,BEAR_RATIO < NEUTRAL_RATIO < BULL_RATIO 约束违反: 0.35 / 0.7 / 0.7,COMPLETE
8398,-9999.0,2026-05-12 21:13:31.648673,2026-05-12 21:13:31.995675,0 days 00:00:00.347002,0.35,0.7,4,0.03,0.01,0.45,0.08,3,0.7,5,0.5,,,,,BEAR_RATIO < NEUTRAL_RATIO < BULL_RATIO 约束违反: 0.35 / 0.7 / 0.7,COMPLETE
8399,-0.42357363260304626,2026-05-12 21:13:32.023826,2026-05-12 21:13:32.465189,0 days 00:00:00.441363,0.45,0.7,2,0.05,0.02,0.6,0.08,6,0.6,20,0.8,,,,,,PRUNED
8400,-0.44390442002332425,2026-05-12 21:13:32.493823,2026-05-12 21:13:37.716901,0 days 00:00:05.223078,0.45,0.8,2,0.03,0.02,0.6,0.08,6,0.5,20,0.5,,,,,,PRUNED
8401,-0.5179924623587872,2026-05-12 21:13:37.745700,2026-05-12 21:13:38.494031,0 days 00:00:00.748331,0.45,0.7,2,0.05,0.02,0.6,0.08,6,0.5,20,0.8,-0.39108387647623727,-0.030830266507629607,0.2538171717650998,0.36025360996860767,,COMPLETE
8402,-0.5792061418857395,2026-05-12 21:13:38.544932,2026-05-12 21:13:42.305652,0 days 00:00:03.760720,0.45,0.8,2,0.05,0.02,0.45,0.08,3,0.5,20,0.65,,,,,,PRUNED
8403,-0.4950597362084641,2026-05-12 21:13:42.336472,2026-05-12 21:13:47.745762,0 days 00:00:05.409290,0.45,0.9,4,0.03,0.02,0.6,0.16,4,0.5,20,0.8,,,,,,PRUNED
8404,-0.5776328073655383,2026-05-12 21:13:47.778575,2026-05-12 21:13:53.587873,0 days 00:00:05.809298,0.25,0.8,4,0.03,0.02,0.3,0.16,4,0.5,5,0.5,,,,,,PRUNED
8405,-0.4092788272711371,2026-05-12 21:13:53.632117,2026-05-12 21:13:54.064175,0 days 00:00:00.432058,0.45,0.7,3,0.05,0.02,0.6,0.08,6,0.5,20,0.8,,,,,,PRUNED
8406,-0.4100386278766106,2026-05-12 21:13:54.093189,2026-05-12 21:13:54.512715,0 days 00:00:00.419526,0.45,0.7,2,0.05,0.02,0.3,0.08,6,0.5,20,0.65,,,,,,PRUNED
8407,-0.5179924623587872,2026-05-12 21:13:54.543210,2026-05-12 21:13:55.127625,0 days 00:00:00.584415,0.45,0.7,2,0.05,0.02,0.6,0.08,6,0.5,20,0.8,-0.39108387647623727,-0.030830266507629607,0.2538171717650998,0.36025360996860767,,COMPLETE
8408,-0.4387147179881395,2026-05-12 21:13:55.154526,2026-05-12 21:14:00.923919,0 days 00:00:05.769393,0.45,0.7,2,0.03,0.02,0.6,0.08,6,0.5,5,0.5,,,,,,PRUNED
8409,-0.4213231947291116,2026-05-12 21:14:00.955066,2026-05-12 21:14:01.353318,0 days 00:00:00.398252,0.45,0.7,2,0.05,0.02,0.6,0.08,4,0.5,20,0.8,,,,,,PRUNED
8410,-0.6086709058758382,2026-05-12 21:14:01.384277,2026-05-12 21:14:05.011489,0 days 00:00:03.627212,0.25,0.9,3,0.03,0.02,0.3,0.16,3,0.7,10,0.65,,,,,,PRUNED
8411,-0.5179924623587872,2026-05-12 21:14:05.039409,2026-05-12 21:14:05.652772,0 days 00:00:00.613363,0.45,0.7,2,0.05,0.02,0.6,0.08,6,0.5,20,0.8,-0.39108387647623727,-0.030830266507629607,0.2538171717650998,0.36025360996860767,,COMPLETE
8412,-0.49553664321150614,2026-05-12 21:14:05.682544,2026-05-12 21:14:11.288004,0 days 00:00:05.605460,0.25,0.7,3,0.05,0.01,0.6,0.08,6,0.5,5,0.8,,,,,,PRUNED
8413,-0.5179924623587872,2026-05-12 21:14:11.316001,2026-05-12 21:14:11.938637,0 days 00:00:00.622636,0.45,0.7,2,0.05,0.02,0.6,0.08,6,0.5,20,0.8,-0.39108387647623727,-0.030830266507629607,0.2538171717650998,0.36025360996860767,,COMPLETE
8414,-0.4771230504263469,2026-05-12 21:14:11.966261,2026-05-12 21:14:16.223781,0 days 00:00:04.257520,0.35,0.8,2,0.03,0.02,0.45,0.08,3,0.5,5,0.8,,,,,,PRUNED
8415,-9999.0,2026-05-12 21:14:16.251276,2026-05-12 21:14:16.593669,0 days 00:00:00.342393,0.45,0.7,2,0.05,0.01,0.6,0.08,6,0.7,5,0.65,,,,,BEAR_RATIO < NEUTRAL_RATIO < BULL_RATIO 约束违反: 0.45 / 0.7 / 0.7,COMPLETE
8416,-0.45344149639117937,2026-05-12 21:14:16.622286,2026-05-12 21:14:19.313161,0 days 00:00:02.690875,0.35,0.7,2,0.05,0.02,0.3,0.16,4,0.5,20,0.65,,,,,,PRUNED
8417,-0.5179924623587872,2026-05-12 21:14:19.344206,2026-05-12 21:14:19.933409,0 days 00:00:00.589203,0.45,0.7,2,0.05,0.02,0.6,0.08,6,0.5,20,0.8,-0.39108387647623727,-0.030830266507629607,0.2538171717650998,0.36025360996860767,,COMPLETE
8418,-9999.0,2026-05-12 21:14:19.964279,2026-05-12 21:14:20.339967,0 days 00:00:00.375688,0.25,0.7,2,0.05,0.02,0.6,0.08,3,0.7,5,0.8,,,,,BEAR_RATIO < NEUTRAL_RATIO < BULL_RATIO 约束违反: 0.25 / 0.7 / 0.7,COMPLETE
8419,-0.43922621830884545,2026-05-12 21:14:20.366123,2026-05-12 21:14:25.451071,0 days 00:00:05.084948,0.45,0.7,4,0.05,0.02,0.3,0.12,5,0.5,20,0.8,,,,,,PRUNED
8420,-0.5178202042453943,2026-05-12 21:14:25.480144,2026-05-12 21:14:30.874172,0 days 00:00:05.394028,0.35,0.7,4,0.03,0.02,0.45,0.12,4,0.5,5,0.5,,,,,,PRUNED
8421,-0.47441457244516044,2026-05-12 21:14:30.898468,2026-05-12 21:14:31.300244,0 days 00:00:00.401776,0.25,0.7,2,0.05,0.02,0.6,0.08,6,0.5,20,0.8,,,,,,PRUNED
8422,-0.539696612414672,2026-05-12 21:14:31.328836,2026-05-12 21:14:38.289171,0 days 00:00:06.960335,0.35,0.9,4,0.05,0.01,0.3,0.16,6,0.7,5,0.8,,,,,,PRUNED
8423,-0.5557438509380591,2026-05-12 21:14:38.322637,2026-05-12 21:14:44.671016,0 days 00:00:06.348379,0.25,0.9,3,0.03,0.02,0.45,0.08,6,0.6,5,0.5,,,,,,PRUNED
8424,-0.4495738726787218,2026-05-12 21:14:44.702008,2026-05-12 21:14:52.278918,0 days 00:00:07.576910,0.45,0.8,4,0.03,0.02,0.45,0.08,5,0.5,5,0.65,,,,,,PRUNED
8425,-0.49537842101291457,2026-05-12 21:14:52.307292,2026-05-12 21:14:57.276253,0 days 00:00:04.968961,0.25,0.9,2,0.05,0.02,0.45,0.08,4,0.7,10,0.65,,,,,,PRUNED
8426,-0.5179924623587872,2026-05-12 21:14:57.306734,2026-05-12 21:14:57.987424,0 days 00:00:00.680690,0.45,0.7,2,0.05,0.01,0.6,0.08,6,0.5,20,0.8,-0.39108387647623727,-0.030830266507629607,0.2538171717650998,0.36025360996860767,,COMPLETE
8427,-0.5213047051235119,2026-05-12 21:14:58.019410,2026-05-12 21:15:02.667381,0 days 00:00:04.647971,0.35,0.8,2,0.03,0.01,0.3,0.16,4,0.7,20,0.65,,,,,,PRUNED
8428,-9999.0,2026-05-12 21:15:02.694066,2026-05-12 21:15:03.089516,0 days 00:00:00.395450,0.45,0.7,3,0.05,0.01,0.6,0.08,3,0.7,20,0.5,,,,,BEAR_RATIO < NEUTRAL_RATIO < BULL_RATIO 约束违反: 0.45 / 0.7 / 0.7,COMPLETE
8429,-0.4744323012802413,2026-05-12 21:15:03.121353,2026-05-12 21:15:10.192536,0 days 00:00:07.071183,0.35,0.8,2,0.05,0.01,0.6,0.12,6,0.5,5,0.5,,,,,,PRUNED
8430,-0.5179924623587872,2026-05-12 21:15:10.232806,2026-05-12 21:15:10.905973,0 days 00:00:00.673167,0.45,0.7,2,0.05,0.02,0.6,0.08,6,0.5,20,0.8,-0.39108387647623727,-0.030830266507629607,0.2538171717650998,0.36025360996860767,,COMPLETE
8431,-0.4092137988646166,2026-05-12 21:15:10.932412,2026-05-12 21:15:11.440162,0 days 00:00:00.507750,0.45,0.7,2,0.05,0.02,0.6,0.08,6,0.5,10,0.8,,,,,,PRUNED
8432,-0.4885033815942096,2026-05-12 21:15:11.468137,2026-05-12 21:15:17.362232,0 days 00:00:05.894095,0.35,0.8,2,0.05,0.01,0.6,0.12,5,0.6,5,0.5,,,,,,PRUNED
8433,-0.5179924623587872,2026-05-12 21:15:17.392075,2026-05-12 21:15:18.003375,0 days 00:00:00.611300,0.45,0.7,2,0.05,0.02,0.6,0.08,6,0.5,20,0.8,-0.39108387647623727,-0.030830266507629607,0.2538171717650998,0.36025360996860767,,COMPLETE
8434,-0.4296411080598753,2026-05-12 21:15:18.025856,2026-05-12 21:15:18.398463,0 days 00:00:00.372607,0.45,0.7,2,0.05,0.02,0.6,0.16,6,0.5,20,0.8,,,,,,PRUNED
8435,-0.48386234220238644,2026-05-12 21:15:18.424036,2026-05-12 21:15:24.260853,0 days 00:00:05.836817,0.45,0.9,2,0.03,0.01,0.45,0.08,6,0.7,10,0.5,,,,,,PRUNED
8436,-0.4336117606841386,2026-05-12 21:15:24.288523,2026-05-12 21:15:28.730044,0 days 00:00:04.441521,0.45,0.7,2,0.05,0.01,0.6,0.12,4,0.5,10,0.8,,,,,,PRUNED
8437,-0.5268644991270229,2026-05-12 21:15:28.756710,2026-05-12 21:15:33.870360,0 days 00:00:05.113650,0.35,0.7,3,0.03,0.01,0.45,0.16,4,0.5,5,0.5,,,,,,PRUNED
8438,-0.5179924623587872,2026-05-12 21:15:33.897103,2026-05-12 21:15:34.507716,0 days 00:00:00.610613,0.45,0.7,2,0.05,0.02,0.6,0.08,6,0.5,20,0.8,-0.39108387647623727,-0.030830266507629607,0.2538171717650998,0.36025360996860767,,COMPLETE
8439,-0.5179924623587872,2026-05-12 21:15:34.536796,2026-05-12 21:15:35.163484,0 days 00:00:00.626688,0.45,0.7,2,0.05,0.02,0.6,0.08,6,0.5,20,0.8,-0.39108387647623727,-0.030830266507629607,0.2538171717650998,0.36025360996860767,,COMPLETE
8440,-0.5811884033729569,2026-05-12 21:15:35.190816,2026-05-12 21:15:41.558328,0 days 00:00:06.367512,0.25,0.7,4,0.03,0.02,0.3,0.16,6,0.6,5,0.65,,,,,,PRUNED
8441,-0.4842586243031282,2026-05-12 21:15:41.596680,2026-05-12 21:15:48.912799,0 days 00:00:07.316119,0.45,0.7,2,0.03,0.01,0.6,0.16,6,0.5,5,0.8,,,,,,PRUNED
8442,-0.5179924623587872,2026-05-12 21:15:48.945573,2026-05-12 21:15:49.558618,0 days 00:00:00.613045,0.45,0.7,2,0.05,0.02,0.6,0.08,6,0.5,20,0.8,-0.39108387647623727,-0.030830266507629607,0.2538171717650998,0.36025360996860767,,COMPLETE
8443,-0.4100386278766106,2026-05-12 21:15:49.585369,2026-05-12 21:15:49.955366,0 days 00:00:00.369997,0.45,0.7,2,0.05,0.02,0.3,0.08,6,0.5,20,0.8,,,,,,PRUNED
8444,-0.4424938249970894,2026-05-12 21:15:49.979601,2026-05-12 21:15:53.946633,0 days 00:00:03.967032,0.45,0.9,3,0.05,0.02,0.3,0.08,5,0.5,5,0.8,,,,,,PRUNED
8445,-0.48950446473592135,2026-05-12 21:15:53.970185,2026-05-12 21:15:59.279473,0 days 00:00:05.309288,0.45,0.9,3,0.03,0.01,0.3,0.08,4,0.7,10,0.5,,,,,,PRUNED
8446,-0.4496185807744371,2026-05-12 21:15:59.309104,2026-05-12 21:16:03.349020,0 days 00:00:04.039916,0.45,0.9,2,0.05,0.01,0.3,0.12,4,0.5,20,0.5,,,,,,PRUNED
