number,value,datetime_start,datetime_complete,duration,params_BEAR_RATIO,params_BULL_RATIO,params_GRID_MAX_LAYER,params_GRID_STEP_MAX,params_GRID_STEP_MIN,params_GRID_STEP_VOL_FACTOR,params_LAYER_FRACTION,params_MAX_HOLD,params_NEUTRAL_RATIO,params_REBALANCE_FREQ,params_VOL_WEIGHT,user_attrs_avg_test_score,user_attrs_avg_train_score,user_attrs_test_score_std,user_attrs_train_test_gap,user_attrs_validation_error,state
5025,-0.5240182653279818,2026-05-12 18:23:47.264462,2026-05-12 18:23:53.028141,0 days 00:00:05.763679,0.45,0.8,3,0.03,0.02,0.45,0.16,5,0.7,20,0.65,,,,,,PRUNED
5026,-0.5420855660755134,2026-05-12 18:23:53.058674,2026-05-12 18:23:58.134674,0 days 00:00:05.076000,0.25,0.8,3,0.03,0.02,0.45,0.12,6,0.6,20,0.8,,,,,,PRUNED
5027,-0.4092788272711371,2026-05-12 18:23:58.163871,2026-05-12 18:23:58.536018,0 days 00:00:00.372147,0.45,0.7,3,0.05,0.02,0.6,0.08,6,0.5,20,0.8,,,,,,PRUNED
5028,-9999.0,2026-05-12 18:23:58.563558,2026-05-12 18:23:58.868377,0 days 00:00:00.304819,0.45,0.7,3,0.03,0.02,0.3,0.12,3,0.7,5,0.65,,,,,BEAR_RATIO < NEUTRAL_RATIO < BULL_RATIO 约束违反: 0.45 / 0.7 / 0.7,COMPLETE
5029,-0.5179924623587872,2026-05-12 18:23:58.894129,2026-05-12 18:23:59.465622,0 days 00:00:00.571493,0.45,0.7,2,0.05,0.02,0.6,0.08,6,0.5,20,0.65,-0.39108387647623727,-0.030830266507629607,0.2538171717650998,0.36025360996860767,,COMPLETE
5030,-0.4949594652829915,2026-05-12 18:23:59.493850,2026-05-12 18:24:04.023295,0 days 00:00:04.529445,0.25,0.8,2,0.05,0.01,0.6,0.08,5,0.5,20,0.65,,,,,,PRUNED
5031,-0.49377035223442656,2026-05-12 18:24:04.050166,2026-05-12 18:24:09.195650,0 days 00:00:05.145484,0.35,0.8,2,0.03,0.01,0.6,0.08,6,0.7,10,0.5,,,,,,PRUNED
5032,-0.566247961122019,2026-05-12 18:24:09.220924,2026-05-12 18:24:12.892834,0 days 00:00:03.671910,0.25,0.8,2,0.05,0.01,0.45,0.16,3,0.6,10,0.5,,,,,,PRUNED
5033,-9999.0,2026-05-12 18:24:12.932059,2026-05-12 18:24:13.253611,0 days 00:00:00.321552,0.25,0.7,2,0.03,0.01,0.45,0.12,5,0.7,20,0.8,,,,,BEAR_RATIO < NEUTRAL_RATIO < BULL_RATIO 约束违反: 0.25 / 0.7 / 0.7,COMPLETE
5034,-0.5147597870693144,2026-05-12 18:24:13.278154,2026-05-12 18:24:16.517412,0 days 00:00:03.239258,0.35,0.8,3,0.05,0.01,0.3,0.16,4,0.5,5,0.65,,,,,,PRUNED
5035,-0.4366801865000989,2026-05-12 18:24:16.544705,2026-05-12 18:24:20.903803,0 days 00:00:04.359098,0.45,0.8,2,0.05,0.02,0.6,0.08,5,0.5,20,0.5,,,,,,PRUNED
5036,-0.43588147116932807,2026-05-12 18:24:20.927319,2026-05-12 18:24:21.290164,0 days 00:00:00.362845,0.45,0.7,2,0.05,0.02,0.6,0.16,4,0.5,20,0.8,,,,,,PRUNED
5037,-0.42357363260304626,2026-05-12 18:24:21.315031,2026-05-12 18:24:21.681388,0 days 00:00:00.366357,0.45,0.7,2,0.05,0.02,0.6,0.08,6,0.6,20,0.8,,,,,,PRUNED
5038,-9999.0,2026-05-12 18:24:21.707860,2026-05-12 18:24:22.047832,0 days 00:00:00.339972,0.45,0.7,2,0.05,0.02,0.6,0.08,5,0.7,10,0.8,,,,,BEAR_RATIO < NEUTRAL_RATIO < BULL_RATIO 约束违反: 0.45 / 0.7 / 0.7,COMPLETE
5039,-0.43415400353148426,2026-05-12 18:24:22.070048,2026-05-12 18:24:27.196484,0 days 00:00:05.126436,0.45,0.7,4,0.05,0.02,0.45,0.16,6,0.5,10,0.5,,,,,,PRUNED
5040,-9999.0,2026-05-12 18:24:27.222406,2026-05-12 18:24:27.637351,0 days 00:00:00.414945,0.45,0.7,2,0.05,0.01,0.3,0.08,3,0.7,20,0.8,,,,,BEAR_RATIO < NEUTRAL_RATIO < BULL_RATIO 约束违反: 0.45 / 0.7 / 0.7,COMPLETE
5041,-0.4413208778376437,2026-05-12 18:24:27.665906,2026-05-12 18:24:31.767084,0 days 00:00:04.101178,0.45,0.7,2,0.03,0.02,0.6,0.08,4,0.5,20,0.65,,,,,,PRUNED
5042,-0.46417181254276546,2026-05-12 18:24:31.793759,2026-05-12 18:24:36.874272,0 days 00:00:05.080513,0.35,0.9,4,0.05,0.01,0.45,0.08,5,0.5,10,0.8,,,,,,PRUNED
5043,-9999.0,2026-05-12 18:24:36.901870,2026-05-12 18:24:37.253776,0 days 00:00:00.351906,0.45,0.7,3,0.03,0.01,0.45,0.12,5,0.7,5,0.5,,,,,BEAR_RATIO < NEUTRAL_RATIO < BULL_RATIO 约束违反: 0.45 / 0.7 / 0.7,COMPLETE
5044,-0.46430454053144354,2026-05-12 18:24:37.283474,2026-05-12 18:24:41.911200,0 days 00:00:04.627726,0.45,0.9,3,0.03,0.01,0.45,0.08,4,0.5,10,0.65,,,,,,PRUNED
5045,-0.5179924623587872,2026-05-12 18:24:41.939536,2026-05-12 18:24:42.570685,0 days 00:00:00.631149,0.45,0.7,2,0.05,0.02,0.6,0.08,6,0.5,20,0.8,-0.39108387647623727,-0.030830266507629607,0.2538171717650998,0.36025360996860767,,COMPLETE
5046,-0.5179924623587872,2026-05-12 18:24:42.600211,2026-05-12 18:24:43.187995,0 days 00:00:00.587784,0.45,0.7,2,0.05,0.02,0.6,0.08,6,0.5,20,0.8,-0.39108387647623727,-0.030830266507629607,0.2538171717650998,0.36025360996860767,,COMPLETE
5047,-0.5810493145084609,2026-05-12 18:24:43.214517,2026-05-12 18:24:46.373716,0 days 00:00:03.159199,0.25,0.8,2,0.03,0.01,0.3,0.12,3,0.6,10,0.8,,,,,,PRUNED
5048,-0.5322304511908245,2026-05-12 18:24:46.401119,2026-05-12 18:24:53.109985,0 days 00:00:06.708866,0.25,0.8,3,0.05,0.01,0.3,0.12,5,0.6,5,0.65,,,,,,PRUNED
5049,-0.44571915124082373,2026-05-12 18:24:53.138834,2026-05-12 18:24:58.277894,0 days 00:00:05.139060,0.45,0.9,4,0.05,0.01,0.45,0.12,6,0.5,20,0.65,,,,,,PRUNED
5050,-0.5179924623587872,2026-05-12 18:24:58.305386,2026-05-12 18:24:58.896041,0 days 00:00:00.590655,0.45,0.7,2,0.05,0.02,0.6,0.08,6,0.5,20,0.8,-0.39108387647623727,-0.030830266507629607,0.2538171717650998,0.36025360996860767,,COMPLETE
5051,-0.4194511448045569,2026-05-12 18:24:58.926335,2026-05-12 18:24:59.297944,0 days 00:00:00.371609,0.45,0.7,2,0.05,0.01,0.6,0.12,6,0.5,20,0.8,,,,,,PRUNED
5052,-0.46660010214396885,2026-05-12 18:24:59.326387,2026-05-12 18:25:03.828949,0 days 00:00:04.502562,0.35,0.8,3,0.05,0.01,0.45,0.08,3,0.5,5,0.5,,,,,,PRUNED
5053,-0.5203149380048767,2026-05-12 18:25:03.855892,2026-05-12 18:25:08.794477,0 days 00:00:04.938585,0.45,0.9,3,0.03,0.01,0.3,0.16,5,0.7,10,0.65,,,,,,PRUNED
5054,-0.5182406672588966,2026-05-12 18:25:08.822461,2026-05-12 18:25:09.384614,0 days 00:00:00.562153,0.45,0.7,2,0.05,0.01,0.45,0.08,6,0.5,20,0.8,-0.3910743597599139,-0.030648087966744914,0.25433261499796533,0.360426271793169,,COMPLETE
5055,-0.5254677550423238,2026-05-12 18:25:09.432052,2026-05-12 18:25:14.619291,0 days 00:00:05.187239,0.25,0.7,4,0.03,0.01,0.3,0.12,6,0.5,10,0.8,,,,,,PRUNED
5056,-0.4366801865000989,2026-05-12 18:25:14.646062,2026-05-12 18:25:15.033259,0 days 00:00:00.387197,0.45,0.8,2,0.05,0.02,0.6,0.08,5,0.5,20,0.8,,,,,,PRUNED
5057,-0.4644875641123515,2026-05-12 18:25:15.061322,2026-05-12 18:25:17.485007,0 days 00:00:02.423685,0.25,0.7,2,0.05,0.02,0.3,0.08,4,0.6,20,0.8,,,,,,PRUNED
5058,-0.4935871510407141,2026-05-12 18:25:17.510960,2026-05-12 18:25:21.744568,0 days 00:00:04.233608,0.25,0.9,4,0.05,0.02,0.45,0.08,4,0.6,10,0.65,,,,,,PRUNED
5059,-0.4902678666525616,2026-05-12 18:25:21.773297,2026-05-12 18:25:26.644858,0 days 00:00:04.871561,0.25,0.8,2,0.05,0.01,0.3,0.08,6,0.5,20,0.8,,,,,,PRUNED
5060,-0.5179924623587872,2026-05-12 18:25:26.670346,2026-05-12 18:25:27.228110,0 days 00:00:00.557764,0.45,0.7,2,0.05,0.02,0.6,0.08,6,0.5,20,0.8,-0.39108387647623727,-0.030830266507629607,0.2538171717650998,0.36025360996860767,,COMPLETE
5061,-0.4213231947291116,2026-05-12 18:25:27.255964,2026-05-12 18:25:27.612934,0 days 00:00:00.356970,0.45,0.7,2,0.05,0.02,0.6,0.08,4,0.5,20,0.8,,,,,,PRUNED
5062,-0.5179924623587872,2026-05-12 18:25:27.638421,2026-05-12 18:25:28.191920,0 days 00:00:00.553499,0.45,0.7,2,0.05,0.02,0.6,0.08,6,0.5,20,0.8,-0.39108387647623727,-0.030830266507629607,0.2538171717650998,0.36025360996860767,,COMPLETE
5063,-0.44952081324912785,2026-05-12 18:25:28.217339,2026-05-12 18:25:32.428306,0 days 00:00:04.210967,0.35,0.8,4,0.05,0.02,0.6,0.08,4,0.5,20,0.5,,,,,,PRUNED
5064,-0.5239652904212537,2026-05-12 18:25:32.459868,2026-05-12 18:25:37.635820,0 days 00:00:05.175952,0.45,0.9,4,0.05,0.01,0.45,0.08,4,0.7,5,0.65,,,,,,PRUNED
5065,-0.4764388462708929,2026-05-12 18:25:37.664093,2026-05-12 18:25:42.155020,0 days 00:00:04.490927,0.45,0.8,4,0.05,0.01,0.6,0.12,4,0.7,10,0.8,,,,,,PRUNED
5066,-0.410125315542252,2026-05-12 18:25:42.183076,2026-05-12 18:25:42.580689,0 days 00:00:00.397613,0.45,0.7,4,0.05,0.02,0.6,0.08,6,0.5,20,0.65,,,,,,PRUNED
5067,-0.5218192717455522,2026-05-12 18:25:42.607806,2026-05-12 18:25:47.912118,0 days 00:00:05.304312,0.25,0.7,2,0.03,0.02,0.45,0.12,6,0.5,10,0.8,,,,,,PRUNED
5068,-0.5409242882661971,2026-05-12 18:25:47.941962,2026-05-12 18:25:53.263239,0 days 00:00:05.321277,0.25,0.9,3,0.03,0.01,0.6,0.12,5,0.6,10,0.5,,,,,,PRUNED
5069,-0.48616872759582624,2026-05-12 18:25:53.290380,2026-05-12 18:25:57.713927,0 days 00:00:04.423547,0.25,0.9,2,0.05,0.02,0.3,0.08,4,0.7,20,0.5,,,,,,PRUNED
5070,-0.4658095877872663,2026-05-12 18:25:57.737990,2026-05-12 18:26:02.258920,0 days 00:00:04.520930,0.35,0.8,2,0.05,0.02,0.3,0.08,4,0.6,10,0.5,,,,,,PRUNED
5071,-0.5179924623587872,2026-05-12 18:26:02.286796,2026-05-12 18:26:02.928993,0 days 00:00:00.642197,0.45,0.7,2,0.05,0.02,0.6,0.08,6,0.5,20,0.8,-0.39108387647623727,-0.030830266507629607,0.2538171717650998,0.36025360996860767,,COMPLETE
5072,-0.4723580891398939,2026-05-12 18:26:02.960193,2026-05-12 18:26:07.619581,0 days 00:00:04.659388,0.35,0.7,3,0.03,0.02,0.45,0.08,4,0.6,10,0.8,,,,,,PRUNED
5073,-0.4825468718409362,2026-05-12 18:26:07.647231,2026-05-12 18:26:12.608395,0 days 00:00:04.961164,0.35,0.9,3,0.05,0.01,0.3,0.16,5,0.5,10,0.8,,,,,,PRUNED
5074,-0.5241367195898923,2026-05-12 18:26:12.637370,2026-05-12 18:26:17.932065,0 days 00:00:05.294695,0.25,0.7,4,0.03,0.02,0.45,0.12,6,0.5,10,0.5,,,,,,PRUNED
5075,-0.49695665656286325,2026-05-12 18:26:17.959484,2026-05-12 18:26:21.199110,0 days 00:00:03.239626,0.45,0.9,3,0.03,0.02,0.6,0.08,5,0.7,20,0.5,,,,,,PRUNED
5076,-0.4460413013310782,2026-05-12 18:26:21.227382,2026-05-12 18:26:26.056638,0 days 00:00:04.829256,0.35,0.8,2,0.05,0.02,0.6,0.08,6,0.5,20,0.5,,,,,,PRUNED
5077,-0.42914406823333484,2026-05-12 18:26:26.087416,2026-05-12 18:26:31.529107,0 days 00:00:05.441691,0.45,0.7,2,0.05,0.02,0.45,0.16,6,0.5,10,0.8,,,,,,PRUNED
5078,-0.5029393656458969,2026-05-12 18:26:31.554875,2026-05-12 18:26:36.841401,0 days 00:00:05.286526,0.25,0.7,3,0.05,0.01,0.3,0.12,6,0.6,10,0.65,,,,,,PRUNED
5079,-0.45595677320427763,2026-05-12 18:26:36.870841,2026-05-12 18:26:43.067451,0 days 00:00:06.196610,0.45,0.8,4,0.05,0.01,0.3,0.08,6,0.7,10,0.8,,,,,,PRUNED
5080,-0.4112047835601814,2026-05-12 18:26:43.097610,2026-05-12 18:26:48.189334,0 days 00:00:05.091724,0.45,0.7,3,0.05,0.01,0.6,0.08,5,0.5,10,0.8,,,,,,PRUNED
5081,-0.5179924623587872,2026-05-12 18:26:48.214736,2026-05-12 18:26:48.815959,0 days 00:00:00.601223,0.45,0.7,2,0.05,0.01,0.6,0.08,6,0.5,20,0.8,-0.39108387647623727,-0.030830266507629607,0.2538171717650998,0.36025360996860767,,COMPLETE
5082,-0.5722572022619214,2026-05-12 18:26:48.843829,2026-05-12 18:26:52.636506,0 days 00:00:03.792677,0.25,0.7,2,0.03,0.01,0.6,0.16,4,0.6,5,0.5,,,,,,PRUNED
5083,-0.6139469835852749,2026-05-12 18:26:52.664665,2026-05-12 18:26:56.147452,0 days 00:00:03.482787,0.45,0.9,4,0.05,0.01,0.45,0.12,3,0.6,20,0.5,,,,,,PRUNED
5084,-0.5179924623587872,2026-05-12 18:26:56.172528,2026-05-12 18:26:56.704152,0 days 00:00:00.531624,0.45,0.7,2,0.05,0.02,0.6,0.08,6,0.5,20,0.8,-0.39108387647623727,-0.030830266507629607,0.2538171717650998,0.36025360996860767,,COMPLETE
5085,-0.4972549061210848,2026-05-12 18:26:56.726836,2026-05-12 18:27:01.934293,0 days 00:00:05.207457,0.45,0.7,3,0.03,0.01,0.45,0.08,4,0.6,5,0.8,,,,,,PRUNED
5086,-0.4359975780076848,2026-05-12 18:27:01.962021,2026-05-12 18:27:08.085843,0 days 00:00:06.123822,0.45,0.7,4,0.05,0.02,0.6,0.08,6,0.6,5,0.8,,,,,,PRUNED
5087,-0.5179924623587872,2026-05-12 18:27:08.116050,2026-05-12 18:27:08.719647,0 days 00:00:00.603597,0.45,0.7,2,0.05,0.02,0.6,0.08,6,0.5,20,0.8,-0.39108387647623727,-0.030830266507629607,0.2538171717650998,0.36025360996860767,,COMPLETE
5088,-0.550886514197347,2026-05-12 18:27:08.746011,2026-05-12 18:27:12.627294,0 days 00:00:03.881283,0.45,0.8,2,0.03,0.01,0.45,0.08,3,0.6,10,0.5,,,,,,PRUNED
5089,-0.5707839622323392,2026-05-12 18:27:12.652685,2026-05-12 18:27:16.402840,0 days 00:00:03.750155,0.25,0.9,3,0.05,0.01,0.45,0.08,3,0.7,10,0.5,,,,,,PRUNED
5090,-0.5031531636236267,2026-05-12 18:27:16.434116,2026-05-12 18:27:21.529450,0 days 00:00:05.095334,0.45,0.9,3,0.03,0.01,0.45,0.12,5,0.7,10,0.8,,,,,,PRUNED
5091,-0.4100386278766106,2026-05-12 18:27:21.555753,2026-05-12 18:27:21.922727,0 days 00:00:00.366974,0.45,0.7,2,0.05,0.02,0.3,0.08,6,0.5,20,0.8,,,,,,PRUNED
5092,-0.4092137988646166,2026-05-12 18:27:21.950788,2026-05-12 18:27:22.317376,0 days 00:00:00.366588,0.45,0.7,2,0.05,0.02,0.6,0.08,6,0.5,10,0.8,,,,,,PRUNED
5093,-0.43223096142417294,2026-05-12 18:27:22.345626,2026-05-12 18:27:22.716420,0 days 00:00:00.370794,0.45,0.9,2,0.05,0.01,0.6,0.08,6,0.5,20,0.8,,,,,,PRUNED
5094,-0.4850222894968968,2026-05-12 18:27:22.760086,2026-05-12 18:27:27.366401,0 days 00:00:04.606315,0.35,0.8,2,0.05,0.02,0.6,0.08,5,0.7,20,0.65,,,,,,PRUNED
5095,-0.4569483875356781,2026-05-12 18:27:27.393352,2026-05-12 18:27:33.120299,0 days 00:00:05.726947,0.45,0.7,4,0.03,0.01,0.6,0.08,5,0.6,5,0.65,,,,,,PRUNED
5096,-0.5102268412702193,2026-05-12 18:27:33.147836,2026-05-12 18:27:36.246740,0 days 00:00:03.098904,0.45,0.9,2,0.03,0.01,0.3,0.12,6,0.7,10,0.65,,,,,,PRUNED
5097,-0.5368222283252873,2026-05-12 18:27:36.274182,2026-05-12 18:27:40.921156,0 days 00:00:04.646974,0.35,0.7,2,0.05,0.01,0.6,0.08,3,0.6,10,0.65,,,,,,PRUNED
5098,-0.4194511448045569,2026-05-12 18:27:40.950583,2026-05-12 18:27:41.373770,0 days 00:00:00.423187,0.45,0.7,2,0.05,0.02,0.6,0.12,6,0.5,20,0.5,,,,,,PRUNED
5099,-0.48587918488636417,2026-05-12 18:27:41.399391,2026-05-12 18:27:46.162663,0 days 00:00:04.763272,0.35,0.8,2,0.05,0.01,0.3,0.12,5,0.6,20,0.65,,,,,,PRUNED
5100,-0.4318124553734489,2026-05-12 18:27:46.190927,2026-05-12 18:27:46.563230,0 days 00:00:00.372303,0.45,0.7,2,0.03,0.02,0.6,0.08,6,0.5,20,0.5,,,,,,PRUNED
5101,-0.5179924623587872,2026-05-12 18:27:46.590460,2026-05-12 18:27:47.178150,0 days 00:00:00.587690,0.45,0.7,2,0.05,0.02,0.6,0.08,6,0.5,20,0.8,-0.39108387647623727,-0.030830266507629607,0.2538171717650998,0.36025360996860767,,COMPLETE
5102,-0.41145313209857104,2026-05-12 18:27:47.217539,2026-05-12 18:27:47.599385,0 days 00:00:00.381846,0.45,0.7,2,0.05,0.02,0.3,0.08,6,0.5,10,0.8,,,,,,PRUNED
5103,-0.42056632138184724,2026-05-12 18:27:47.627976,2026-05-12 18:27:48.029247,0 days 00:00:00.401271,0.45,0.8,2,0.05,0.02,0.6,0.08,6,0.5,20,0.8,,,,,,PRUNED
5104,-9999.0,2026-05-12 18:27:48.058235,2026-05-12 18:27:48.376637,0 days 00:00:00.318402,0.45,0.7,4,0.05,0.02,0.6,0.12,6,0.7,20,0.8,,,,,BEAR_RATIO < NEUTRAL_RATIO < BULL_RATIO 约束违反: 0.45 / 0.7 / 0.7,COMPLETE
5105,-0.4296411080598753,2026-05-12 18:27:48.405991,2026-05-12 18:27:48.781096,0 days 00:00:00.375105,0.45,0.7,2,0.05,0.02,0.6,0.16,6,0.5,20,0.8,,,,,,PRUNED
5106,-0.432980707092909,2026-05-12 18:27:48.809168,2026-05-12 18:27:49.236063,0 days 00:00:00.426895,0.45,0.7,2,0.05,0.02,0.6,0.12,5,0.5,20,0.8,,,,,,PRUNED
5107,-0.5864268693495549,2026-05-12 18:27:49.261802,2026-05-12 18:27:53.135995,0 days 00:00:03.874193,0.25,0.8,4,0.03,0.02,0.6,0.12,3,0.6,10,0.65,,,,,,PRUNED
5108,-0.5179924623587872,2026-05-12 18:27:53.162277,2026-05-12 18:27:53.741088,0 days 00:00:00.578811,0.45,0.7,2,0.05,0.02,0.6,0.08,6,0.5,20,0.8,-0.39108387647623727,-0.030830266507629607,0.2538171717650998,0.36025360996860767,,COMPLETE
5109,-9999.0,2026-05-12 18:27:53.769742,2026-05-12 18:27:54.073201,0 days 00:00:00.303459,0.45,0.7,2,0.05,0.02,0.45,0.08,6,0.7,20,0.5,,,,,BEAR_RATIO < NEUTRAL_RATIO < BULL_RATIO 约束违反: 0.45 / 0.7 / 0.7,COMPLETE
5110,-0.512335912368104,2026-05-12 18:27:54.098773,2026-05-12 18:27:59.306003,0 days 00:00:05.207230,0.35,0.8,4,0.05,0.02,0.45,0.12,4,0.5,5,0.5,,,,,,PRUNED
5111,-0.43303418604199423,2026-05-12 18:27:59.333153,2026-05-12 18:28:04.657843,0 days 00:00:05.324690,0.45,0.7,2,0.03,0.01,0.45,0.08,6,0.5,10,0.8,,,,,,PRUNED
5112,-0.41425741193738236,2026-05-12 18:28:04.685691,2026-05-12 18:28:05.064164,0 days 00:00:00.378473,0.45,0.7,2,0.05,0.02,0.6,0.08,6,0.5,5,0.8,,,,,,PRUNED
5113,-0.568769170938308,2026-05-12 18:28:05.096357,2026-05-12 18:28:07.582071,0 days 00:00:02.485714,0.25,0.8,2,0.05,0.01,0.3,0.12,3,0.7,10,0.5,,,,,,PRUNED
5114,-0.47441457244516044,2026-05-12 18:28:07.635061,2026-05-12 18:28:08.031493,0 days 00:00:00.396432,0.25,0.7,2,0.05,0.02,0.6,0.08,6,0.5,20,0.8,,,,,,PRUNED
5115,-0.43333909441165963,2026-05-12 18:28:08.058819,2026-05-12 18:28:08.453580,0 days 00:00:00.394761,0.35,0.7,2,0.05,0.02,0.6,0.08,6,0.5,20,0.8,,,,,,PRUNED
5116,-0.5179924623587872,2026-05-12 18:28:08.480740,2026-05-12 18:28:09.065547,0 days 00:00:00.584807,0.45,0.7,2,0.05,0.02,0.6,0.08,6,0.5,20,0.8,-0.39108387647623727,-0.030830266507629607,0.2538171717650998,0.36025360996860767,,COMPLETE
5117,-0.49170903283442774,2026-05-12 18:28:09.091984,2026-05-12 18:28:13.575347,0 days 00:00:04.483363,0.35,0.7,4,0.03,0.01,0.3,0.16,3,0.5,5,0.8,,,,,,PRUNED
5118,-0.5179924623587872,2026-05-12 18:28:13.629377,2026-05-12 18:28:14.227346,0 days 00:00:00.597969,0.45,0.7,2,0.05,0.02,0.6,0.08,6,0.5,20,0.8,-0.39108387647623727,-0.030830266507629607,0.2538171717650998,0.36025360996860767,,COMPLETE
5119,-0.500409203353409,2026-05-12 18:28:14.272810,2026-05-12 18:28:18.995205,0 days 00:00:04.722395,0.25,0.7,2,0.03,0.02,0.6,0.08,5,0.5,20,0.8,,,,,,PRUNED
5120,-0.5504370881397886,2026-05-12 18:28:19.022942,2026-05-12 18:28:24.282164,0 days 00:00:05.259222,0.25,0.9,3,0.05,0.01,0.6,0.08,4,0.5,5,0.8,,,,,,PRUNED
5121,-0.5179924623587872,2026-05-12 18:28:24.307043,2026-05-12 18:28:24.851471,0 days 00:00:00.544428,0.45,0.7,2,0.05,0.02,0.6,0.08,6,0.5,20,0.8,-0.39108387647623727,-0.030830266507629607,0.2538171717650998,0.36025360996860767,,COMPLETE
5122,-0.43223096142417294,2026-05-12 18:28:24.877559,2026-05-12 18:28:25.233479,0 days 00:00:00.355920,0.45,0.9,2,0.05,0.02,0.6,0.08,6,0.5,20,0.8,,,,,,PRUNED
5123,-0.47805350515034273,2026-05-12 18:28:25.260408,2026-05-12 18:28:30.556058,0 days 00:00:05.295650,0.25,0.7,2,0.05,0.02,0.3,0.08,6,0.5,10,0.8,,,,,,PRUNED
5124,-0.5179924623587872,2026-05-12 18:28:30.582676,2026-05-12 18:28:31.180628,0 days 00:00:00.597952,0.45,0.7,2,0.05,0.02,0.6,0.08,6,0.5,20,0.8,-0.39108387647623727,-0.030830266507629607,0.2538171717650998,0.36025360996860767,,COMPLETE
5125,-9999.0,2026-05-12 18:28:31.206725,2026-05-12 18:28:31.550109,0 days 00:00:00.343384,0.45,0.7,2,0.05,0.02,0.6,0.08,6,0.7,20,0.8,,,,,BEAR_RATIO < NEUTRAL_RATIO < BULL_RATIO 约束违反: 0.45 / 0.7 / 0.7,COMPLETE
5126,-0.5179924623587872,2026-05-12 18:28:31.576257,2026-05-12 18:28:32.187807,0 days 00:00:00.611550,0.45,0.7,2,0.05,0.02,0.6,0.08,6,0.5,20,0.8,-0.39108387647623727,-0.030830266507629607,0.2538171717650998,0.36025360996860767,,COMPLETE
5127,-0.5802962691269907,2026-05-12 18:28:32.210045,2026-05-12 18:28:36.049887,0 days 00:00:03.839842,0.45,0.8,4,0.03,0.01,0.3,0.16,3,0.6,10,0.5,,,,,,PRUNED
5128,-0.5256927450854343,2026-05-12 18:28:36.079357,2026-05-12 18:28:40.305217,0 days 00:00:04.225860,0.25,0.8,2,0.03,0.02,0.45,0.08,5,0.5,5,0.8,,,,,,PRUNED
5129,-0.4901476596500799,2026-05-12 18:28:40.332294,2026-05-12 18:28:44.446744,0 days 00:00:04.114450,0.25,0.9,4,0.05,0.01,0.3,0.12,4,0.5,20,0.5,,,,,,PRUNED
5130,-0.5082753343555432,2026-05-12 18:28:44.473033,2026-05-12 18:28:49.965391,0 days 00:00:05.492358,0.25,0.7,2,0.05,0.02,0.45,0.08,3,0.6,5,0.5,,,,,,PRUNED
5131,-0.48963807134967263,2026-05-12 18:28:49.992087,2026-05-12 18:28:54.461821,0 days 00:00:04.469734,0.35,0.9,3,0.03,0.02,0.45,0.12,4,0.5,20,0.8,,,,,,PRUNED
5132,-0.4844565041272776,2026-05-12 18:28:54.486770,2026-05-12 18:28:59.440301,0 days 00:00:04.953531,0.45,0.8,2,0.05,0.02,0.3,0.12,4,0.5,5,0.8,,,,,,PRUNED
5133,-0.46758085832021695,2026-05-12 18:28:59.467731,2026-05-12 18:29:04.054472,0 days 00:00:04.586741,0.45,0.8,3,0.03,0.01,0.6,0.08,3,0.6,5,0.5,,,,,,PRUNED
5134,-0.6270972600420889,2026-05-12 18:29:04.081979,2026-05-12 18:29:07.446392,0 days 00:00:03.364413,0.35,0.8,2,0.05,0.02,0.3,0.12,3,0.7,20,0.8,,,,,,PRUNED
5135,-0.5175407037577614,2026-05-12 18:29:07.472864,2026-05-12 18:29:11.881950,0 days 00:00:04.409086,0.35,0.8,4,0.03,0.01,0.6,0.08,3,0.7,5,0.8,,,,,,PRUNED
5136,-0.5915836026260454,2026-05-12 18:29:11.908029,2026-05-12 18:29:15.337460,0 days 00:00:03.429431,0.35,0.8,3,0.05,0.02,0.6,0.08,3,0.5,20,0.8,,,,,,PRUNED
5137,-0.5058296987998596,2026-05-12 18:29:15.362144,2026-05-12 18:29:20.146311,0 days 00:00:04.784167,0.35,0.8,4,0.03,0.01,0.45,0.08,5,0.7,20,0.8,,,,,,PRUNED
5138,-0.5179924623587872,2026-05-12 18:29:20.173470,2026-05-12 18:29:20.744191,0 days 00:00:00.570721,0.45,0.7,2,0.05,0.02,0.6,0.08,6,0.5,20,0.8,-0.39108387647623727,-0.030830266507629607,0.2538171717650998,0.36025360996860767,,COMPLETE
5139,-0.4194511448045569,2026-05-12 18:29:20.770903,2026-05-12 18:29:21.135304,0 days 00:00:00.364401,0.45,0.7,2,0.05,0.02,0.6,0.12,6,0.5,20,0.8,,,,,,PRUNED
5140,-0.5179924623587872,2026-05-12 18:29:21.160912,2026-05-12 18:29:21.718036,0 days 00:00:00.557124,0.45,0.7,2,0.05,0.02,0.6,0.08,6,0.5,20,0.8,-0.39108387647623727,-0.030830266507629607,0.2538171717650998,0.36025360996860767,,COMPLETE
5141,-0.516235565381685,2026-05-12 18:29:21.753608,2026-05-12 18:29:23.876242,0 days 00:00:02.122634,0.35,0.9,3,0.03,0.01,0.6,0.16,4,0.6,20,0.65,,,,,,PRUNED
5142,-0.5247073302028964,2026-05-12 18:29:23.903365,2026-05-12 18:29:28.936943,0 days 00:00:05.033578,0.45,0.8,2,0.03,0.01,0.3,0.12,4,0.6,5,0.8,,,,,,PRUNED
5143,-0.45847989528411515,2026-05-12 18:29:28.963554,2026-05-12 18:29:33.393987,0 days 00:00:04.430433,0.45,0.9,2,0.03,0.01,0.3,0.08,3,0.5,5,0.65,,,,,,PRUNED
5144,-0.5022461481843602,2026-05-12 18:29:33.423443,2026-05-12 18:29:38.517071,0 days 00:00:05.093628,0.35,0.8,2,0.05,0.01,0.3,0.16,6,0.7,20,0.5,,,,,,PRUNED
5145,-0.4318124553734489,2026-05-12 18:29:38.543312,2026-05-12 18:29:38.914783,0 days 00:00:00.371471,0.45,0.7,2,0.03,0.02,0.6,0.08,6,0.5,20,0.8,,,,,,PRUNED
5146,-0.5722378789383502,2026-05-12 18:29:38.940630,2026-05-12 18:29:42.533842,0 days 00:00:03.593212,0.45,0.7,2,0.05,0.02,0.3,0.08,3,0.5,20,0.5,,,,,,PRUNED
5147,-0.4957258135815304,2026-05-12 18:29:42.561133,2026-05-12 18:29:48.800688,0 days 00:00:06.239555,0.45,0.7,4,0.03,0.01,0.3,0.16,6,0.6,10,0.65,,,,,,PRUNED
5148,-0.5581902519727479,2026-05-12 18:29:48.827286,2026-05-12 18:29:54.101473,0 days 00:00:05.274187,0.25,0.9,2,0.03,0.02,0.3,0.12,6,0.7,10,0.5,,,,,,PRUNED
