number,value,datetime_start,datetime_complete,duration,params_BEAR_RATIO,params_BULL_RATIO,params_GRID_MAX_LAYER,params_GRID_STEP_MAX,params_GRID_STEP_MIN,params_GRID_STEP_VOL_FACTOR,params_LAYER_FRACTION,params_MAX_HOLD,params_NEUTRAL_RATIO,params_REBALANCE_FREQ,params_VOL_WEIGHT,user_attrs_avg_test_score,user_attrs_avg_train_score,user_attrs_test_score_std,user_attrs_train_test_gap,user_attrs_validation_error,state
3450,-9999.0,2026-05-12 17:04:27.402096,2026-05-12 17:04:27.690262,0 days 00:00:00.288166,0.45,0.7,2,0.05,0.01,0.6,0.08,6,0.7,20,0.5,,,,,BEAR_RATIO < NEUTRAL_RATIO < BULL_RATIO 约束违反: 0.45 / 0.7 / 0.7,COMPLETE
3451,-9999.0,2026-05-12 17:04:27.717165,2026-05-12 17:04:27.996963,0 days 00:00:00.279798,0.45,0.7,4,0.05,0.02,0.6,0.08,6,0.7,10,0.8,,,,,BEAR_RATIO < NEUTRAL_RATIO < BULL_RATIO 约束违反: 0.45 / 0.7 / 0.7,COMPLETE
3452,-0.5182406672588966,2026-05-12 17:04:28.035530,2026-05-12 17:04:28.560477,0 days 00:00:00.524947,0.45,0.7,2,0.05,0.02,0.45,0.08,6,0.5,20,0.8,-0.3910743597599139,-0.030648087966744914,0.25433261499796533,0.360426271793169,,COMPLETE
3453,-0.49735366599320907,2026-05-12 17:04:28.583731,2026-05-12 17:04:33.064718,0 days 00:00:04.480987,0.35,0.9,2,0.03,0.02,0.3,0.12,3,0.5,5,0.5,,,,,,PRUNED
3454,-0.5730010624940768,2026-05-12 17:04:33.090570,2026-05-12 17:04:33.496113,0 days 00:00:00.405543,0.45,0.7,3,0.05,0.02,0.6,0.08,3,0.5,20,0.8,,,,,,PRUNED
3455,-0.56657019773712,2026-05-12 17:04:33.522695,2026-05-12 17:04:35.886405,0 days 00:00:02.363710,0.25,0.8,2,0.03,0.01,0.3,0.16,6,0.6,20,0.8,,,,,,PRUNED
3456,-9999.0,2026-05-12 17:04:35.912735,2026-05-12 17:04:36.226327,0 days 00:00:00.313592,0.25,0.7,3,0.03,0.02,0.6,0.08,5,0.7,10,0.5,,,,,BEAR_RATIO < NEUTRAL_RATIO < BULL_RATIO 约束违反: 0.25 / 0.7 / 0.7,COMPLETE
3457,-0.5910622890072166,2026-05-12 17:04:36.254913,2026-05-12 17:04:39.399290,0 days 00:00:03.144377,0.45,0.7,2,0.05,0.02,0.6,0.08,3,0.6,20,0.5,,,,,,PRUNED
3458,-0.4481101710792979,2026-05-12 17:04:39.422411,2026-05-12 17:04:43.539794,0 days 00:00:04.117383,0.35,0.7,2,0.05,0.01,0.6,0.08,5,0.5,20,0.5,,,,,,PRUNED
3459,-0.46722963495523917,2026-05-12 17:04:43.561235,2026-05-12 17:04:47.804952,0 days 00:00:04.243717,0.45,0.9,3,0.03,0.01,0.45,0.08,5,0.5,20,0.8,,,,,,PRUNED
3460,-0.5688833868456927,2026-05-12 17:04:47.826484,2026-05-12 17:04:53.157196,0 days 00:00:05.330712,0.25,0.9,4,0.03,0.01,0.3,0.12,5,0.6,5,0.8,,,,,,PRUNED
3461,-0.5179924623587872,2026-05-12 17:04:53.351155,2026-05-12 17:04:54.484427,0 days 00:00:01.133272,0.45,0.7,2,0.05,0.02,0.6,0.08,6,0.5,20,0.8,-0.39108387647623727,-0.030830266507629607,0.2538171717650998,0.36025360996860767,,COMPLETE
3462,-0.432980707092909,2026-05-12 17:04:54.508287,2026-05-12 17:05:00.269060,0 days 00:00:05.760773,0.45,0.7,2,0.05,0.01,0.6,0.12,5,0.5,20,0.8,,,,,,PRUNED
3463,-0.5715107846558711,2026-05-12 17:05:00.294363,2026-05-12 17:05:00.674043,0 days 00:00:00.379680,0.45,0.7,2,0.05,0.02,0.6,0.08,3,0.5,20,0.8,,,,,,PRUNED
3464,-0.4460413013310782,2026-05-12 17:05:00.703105,2026-05-12 17:05:05.888883,0 days 00:00:05.185778,0.35,0.8,2,0.05,0.01,0.6,0.08,6,0.5,20,0.8,,,,,,PRUNED
3465,-0.5620851822371744,2026-05-12 17:05:05.917908,2026-05-12 17:05:10.040387,0 days 00:00:04.122479,0.35,0.8,4,0.03,0.01,0.45,0.12,3,0.5,10,0.5,,,,,,PRUNED
3466,-0.4242910183560481,2026-05-12 17:05:10.066109,2026-05-12 17:05:10.478675,0 days 00:00:00.412566,0.45,0.7,2,0.05,0.02,0.6,0.08,5,0.5,20,0.8,,,,,,PRUNED
3467,-0.5179924623587872,2026-05-12 17:05:10.506141,2026-05-12 17:05:11.086716,0 days 00:00:00.580575,0.45,0.7,2,0.05,0.02,0.6,0.08,6,0.5,20,0.8,-0.39108387647623727,-0.030830266507629607,0.2538171717650998,0.36025360996860767,,COMPLETE
3468,-0.5179924623587872,2026-05-12 17:05:11.114635,2026-05-12 17:05:11.673469,0 days 00:00:00.558834,0.45,0.7,2,0.05,0.02,0.6,0.08,6,0.5,20,0.5,-0.39108387647623727,-0.030830266507629607,0.2538171717650998,0.36025360996860767,,COMPLETE
3469,-0.49170903283442774,2026-05-12 17:05:11.702354,2026-05-12 17:05:16.434884,0 days 00:00:04.732530,0.35,0.7,4,0.03,0.02,0.45,0.16,3,0.5,5,0.8,,,,,,PRUNED
3470,-0.5179924623587872,2026-05-12 17:05:16.462991,2026-05-12 17:05:17.177532,0 days 00:00:00.714541,0.45,0.7,2,0.05,0.02,0.6,0.08,6,0.5,20,0.8,-0.39108387647623727,-0.030830266507629607,0.2538171717650998,0.36025360996860767,,COMPLETE
3471,-0.5232042778208196,2026-05-12 17:05:17.203644,2026-05-12 17:05:23.397191,0 days 00:00:06.193547,0.25,0.7,4,0.05,0.01,0.45,0.16,6,0.5,5,0.5,,,,,,PRUNED
3472,-0.4368156743372665,2026-05-12 17:05:23.425297,2026-05-12 17:05:28.199360,0 days 00:00:04.774063,0.45,0.9,3,0.05,0.01,0.3,0.08,5,0.5,10,0.5,,,,,,PRUNED
3473,-0.4453372005663059,2026-05-12 17:05:28.234945,2026-05-12 17:05:32.851094,0 days 00:00:04.616149,0.45,0.7,2,0.03,0.02,0.45,0.08,5,0.5,20,0.8,,,,,,PRUNED
3474,-0.476731577555802,2026-05-12 17:05:32.876022,2026-05-12 17:05:37.679135,0 days 00:00:04.803113,0.35,0.9,3,0.05,0.02,0.3,0.12,6,0.5,20,0.5,,,,,,PRUNED
3475,-9999.0,2026-05-12 17:05:37.707809,2026-05-12 17:05:38.008303,0 days 00:00:00.300494,0.35,0.7,4,0.05,0.02,0.45,0.08,5,0.7,20,0.5,,,,,BEAR_RATIO < NEUTRAL_RATIO < BULL_RATIO 约束违反: 0.35 / 0.7 / 0.7,COMPLETE
3476,-0.562488206552837,2026-05-12 17:05:38.032938,2026-05-12 17:05:40.562915,0 days 00:00:02.529977,0.25,0.9,3,0.05,0.02,0.45,0.12,3,0.5,10,0.65,,,,,,PRUNED
3477,-0.5369044332163851,2026-05-12 17:05:40.586939,2026-05-12 17:05:44.713645,0 days 00:00:04.126706,0.25,0.9,3,0.03,0.01,0.6,0.16,4,0.7,20,0.65,,,,,,PRUNED
3478,-0.5179924623587872,2026-05-12 17:05:44.739324,2026-05-12 17:05:45.288200,0 days 00:00:00.548876,0.45,0.7,2,0.05,0.02,0.6,0.08,6,0.5,20,0.65,-0.39108387647623727,-0.030830266507629607,0.2538171717650998,0.36025360996860767,,COMPLETE
3479,-0.5179924623587872,2026-05-12 17:05:45.316864,2026-05-12 17:05:45.922349,0 days 00:00:00.605485,0.45,0.7,2,0.05,0.01,0.6,0.08,6,0.5,20,0.8,-0.39108387647623727,-0.030830266507629607,0.2538171717650998,0.36025360996860767,,COMPLETE
3480,-0.5058255253317627,2026-05-12 17:05:45.950438,2026-05-12 17:05:50.742916,0 days 00:00:04.792478,0.45,0.9,2,0.03,0.02,0.6,0.16,5,0.5,20,0.8,,,,,,PRUNED
3481,-0.48479981328959365,2026-05-12 17:05:50.767295,2026-05-12 17:05:56.091866,0 days 00:00:05.324571,0.45,0.8,2,0.05,0.01,0.6,0.12,4,0.5,5,0.5,,,,,,PRUNED
3482,-9999.0,2026-05-12 17:05:56.113972,2026-05-12 17:05:56.385946,0 days 00:00:00.271974,0.35,0.7,4,0.05,0.01,0.6,0.08,5,0.7,20,0.65,,,,,BEAR_RATIO < NEUTRAL_RATIO < BULL_RATIO 约束违反: 0.35 / 0.7 / 0.7,COMPLETE
3483,-0.4242910183560481,2026-05-12 17:05:56.408526,2026-05-12 17:05:56.715371,0 days 00:00:00.306845,0.45,0.7,2,0.05,0.01,0.6,0.08,5,0.5,20,0.8,,,,,,PRUNED
3484,-0.5784422982780535,2026-05-12 17:05:56.739750,2026-05-12 17:06:00.769518,0 days 00:00:04.029768,0.25,0.7,4,0.03,0.02,0.6,0.12,3,0.6,10,0.5,,,,,,PRUNED
3485,-9999.0,2026-05-12 17:06:00.796679,2026-05-12 17:06:01.104598,0 days 00:00:00.307919,0.45,0.7,2,0.05,0.02,0.6,0.08,4,0.7,5,0.8,,,,,BEAR_RATIO < NEUTRAL_RATIO < BULL_RATIO 约束违反: 0.45 / 0.7 / 0.7,COMPLETE
3486,-0.5179924623587872,2026-05-12 17:06:01.129528,2026-05-12 17:06:01.669403,0 days 00:00:00.539875,0.45,0.7,2,0.05,0.02,0.6,0.08,6,0.5,20,0.8,-0.39108387647623727,-0.030830266507629607,0.2538171717650998,0.36025360996860767,,COMPLETE
3487,-9999.0,2026-05-12 17:06:01.697053,2026-05-12 17:06:01.992587,0 days 00:00:00.295534,0.25,0.7,2,0.05,0.01,0.3,0.16,3,0.7,5,0.8,,,,,BEAR_RATIO < NEUTRAL_RATIO < BULL_RATIO 约束违反: 0.25 / 0.7 / 0.7,COMPLETE
3488,-0.5179924623587872,2026-05-12 17:06:02.018611,2026-05-12 17:06:02.563905,0 days 00:00:00.545294,0.45,0.7,2,0.05,0.02,0.6,0.08,6,0.5,20,0.8,-0.39108387647623727,-0.030830266507629607,0.2538171717650998,0.36025360996860767,,COMPLETE
3489,-0.496077172506674,2026-05-12 17:06:02.593454,2026-05-12 17:06:07.797450,0 days 00:00:05.203996,0.35,0.8,2,0.03,0.01,0.3,0.12,4,0.6,10,0.5,,,,,,PRUNED
3490,-0.5578604765497198,2026-05-12 17:06:07.827890,2026-05-12 17:06:12.171774,0 days 00:00:04.343884,0.25,0.9,3,0.05,0.02,0.45,0.16,3,0.7,5,0.8,,,,,,PRUNED
3491,-0.410125315542252,2026-05-12 17:06:12.198374,2026-05-12 17:06:12.586892,0 days 00:00:00.388518,0.45,0.7,4,0.05,0.02,0.6,0.08,6,0.5,20,0.8,,,,,,PRUNED
3492,-0.4092788272711371,2026-05-12 17:06:12.613390,2026-05-12 17:06:12.962851,0 days 00:00:00.349461,0.45,0.7,3,0.05,0.02,0.6,0.08,6,0.5,20,0.65,,,,,,PRUNED
3493,-0.5179924623587872,2026-05-12 17:06:12.988927,2026-05-12 17:06:13.529755,0 days 00:00:00.540828,0.45,0.7,2,0.05,0.02,0.6,0.08,6,0.5,20,0.8,-0.39108387647623727,-0.030830266507629607,0.2538171717650998,0.36025360996860767,,COMPLETE
3494,-0.5179924623587872,2026-05-12 17:06:13.554831,2026-05-12 17:06:14.071756,0 days 00:00:00.516925,0.45,0.7,2,0.05,0.02,0.6,0.08,6,0.5,20,0.8,-0.39108387647623727,-0.030830266507629607,0.2538171717650998,0.36025360996860767,,COMPLETE
3495,-0.5459986033319262,2026-05-12 17:06:14.097199,2026-05-12 17:06:18.930085,0 days 00:00:04.832886,0.25,0.7,4,0.03,0.02,0.6,0.16,6,0.5,20,0.8,,,,,,PRUNED
3496,-0.5738443596561548,2026-05-12 17:06:18.957110,2026-05-12 17:06:23.240683,0 days 00:00:04.283573,0.25,0.9,4,0.03,0.01,0.45,0.12,3,0.7,5,0.5,,,,,,PRUNED
3497,-0.44330448101464204,2026-05-12 17:06:23.263920,2026-05-12 17:06:28.067194,0 days 00:00:04.803274,0.45,0.8,2,0.03,0.02,0.3,0.08,5,0.5,10,0.65,,,,,,PRUNED
3498,-0.47241750146792677,2026-05-12 17:06:28.106008,2026-05-12 17:06:34.035590,0 days 00:00:05.929582,0.35,0.7,4,0.03,0.01,0.45,0.08,6,0.5,5,0.5,,,,,,PRUNED
3499,-0.4092788272711371,2026-05-12 17:06:34.059704,2026-05-12 17:06:34.419463,0 days 00:00:00.359759,0.45,0.7,3,0.05,0.02,0.6,0.08,6,0.5,20,0.8,,,,,,PRUNED
3500,-9999.0,2026-05-12 17:06:34.443666,2026-05-12 17:06:34.725069,0 days 00:00:00.281403,0.45,0.7,4,0.03,0.02,0.6,0.16,3,0.7,20,0.8,,,,,BEAR_RATIO < NEUTRAL_RATIO < BULL_RATIO 约束违反: 0.45 / 0.7 / 0.7,COMPLETE
3501,-0.49556776528053587,2026-05-12 17:06:34.750712,2026-05-12 17:06:39.554520,0 days 00:00:04.803808,0.35,0.8,2,0.03,0.02,0.6,0.08,6,0.7,20,0.5,,,,,,PRUNED
3502,-0.545835306280475,2026-05-12 17:06:39.578696,2026-05-12 17:06:43.267292,0 days 00:00:03.688596,0.45,0.8,2,0.05,0.01,0.45,0.16,3,0.6,10,0.65,,,,,,PRUNED
3503,-0.5179924623587872,2026-05-12 17:06:43.292558,2026-05-12 17:06:43.821758,0 days 00:00:00.529200,0.45,0.7,2,0.05,0.02,0.6,0.08,6,0.5,20,0.8,-0.39108387647623727,-0.030830266507629607,0.2538171717650998,0.36025360996860767,,COMPLETE
3504,-0.5179924623587872,2026-05-12 17:06:43.846879,2026-05-12 17:06:44.390551,0 days 00:00:00.543672,0.45,0.7,2,0.05,0.02,0.6,0.08,6,0.5,20,0.8,-0.39108387647623727,-0.030830266507629607,0.2538171717650998,0.36025360996860767,,COMPLETE
3505,-0.5179924623587872,2026-05-12 17:06:44.415785,2026-05-12 17:06:44.940672,0 days 00:00:00.524887,0.45,0.7,2,0.05,0.02,0.6,0.08,6,0.5,20,0.8,-0.39108387647623727,-0.030830266507629607,0.2538171717650998,0.36025360996860767,,COMPLETE
3506,-0.5179924623587872,2026-05-12 17:06:44.968938,2026-05-12 17:06:44.291965,-1 days +23:59:59.323027,0.45,0.7,2,0.05,0.02,0.6,0.08,6,0.5,20,0.8,-0.39108387647623727,-0.030830266507629607,0.2538171717650998,0.36025360996860767,,COMPLETE
3507,-0.519770895652039,2026-05-12 17:06:44.316589,2026-05-12 17:06:49.440298,0 days 00:00:05.123709,0.35,0.8,4,0.03,0.01,0.6,0.12,6,0.7,10,0.5,,,,,,PRUNED
3508,-0.5179924623587872,2026-05-12 17:06:49.464913,2026-05-12 17:06:49.911047,0 days 00:00:00.446134,0.45,0.7,2,0.05,0.02,0.6,0.08,6,0.5,20,0.8,-0.39108387647623727,-0.030830266507629607,0.2538171717650998,0.36025360996860767,,COMPLETE
3509,-0.5342687666616455,2026-05-12 17:06:49.931359,2026-05-12 17:06:54.843322,0 days 00:00:04.911963,0.45,0.9,3,0.03,0.01,0.3,0.12,4,0.6,5,0.5,,,,,,PRUNED
3510,-0.5201891241734118,2026-05-12 17:06:54.893542,2026-05-12 17:07:00.443420,0 days 00:00:05.549878,0.35,0.9,4,0.03,0.01,0.6,0.12,6,0.6,10,0.8,,,,,,PRUNED
3511,-0.5298114140195777,2026-05-12 17:07:00.470022,2026-05-12 17:07:07.543481,0 days 00:00:07.073459,0.25,0.7,3,0.03,0.02,0.6,0.08,6,0.6,5,0.8,,,,,,PRUNED
3512,-0.5179924623587872,2026-05-12 17:07:07.571032,2026-05-12 17:07:08.174879,0 days 00:00:00.603847,0.45,0.7,2,0.05,0.02,0.6,0.08,6,0.5,20,0.8,-0.39108387647623727,-0.030830266507629607,0.2538171717650998,0.36025360996860767,,COMPLETE
3513,-0.5106241669811739,2026-05-12 17:07:08.204680,2026-05-12 17:07:13.293224,0 days 00:00:05.088544,0.25,0.7,4,0.03,0.02,0.3,0.12,5,0.5,10,0.5,,,,,,PRUNED
3514,-0.5839983596945459,2026-05-12 17:07:13.320313,2026-05-12 17:07:15.408269,0 days 00:00:02.087956,0.45,0.7,4,0.03,0.02,0.6,0.08,3,0.5,20,0.8,,,,,,PRUNED
3515,-0.47138229645907453,2026-05-12 17:07:15.448486,2026-05-12 17:07:19.570158,0 days 00:00:04.121672,0.45,0.7,3,0.03,0.02,0.6,0.12,4,0.6,20,0.5,,,,,,PRUNED
3516,-0.5821062871620122,2026-05-12 17:07:19.596825,2026-05-12 17:07:24.640814,0 days 00:00:05.043989,0.25,0.8,4,0.03,0.02,0.6,0.12,4,0.7,5,0.8,,,,,,PRUNED
3517,-0.5546519017106017,2026-05-12 17:07:24.665144,2026-05-12 17:07:28.539890,0 days 00:00:03.874746,0.45,0.7,3,0.03,0.02,0.3,0.12,3,0.6,10,0.5,,,,,,PRUNED
3518,-0.4642405182337249,2026-05-12 17:07:28.563998,2026-05-12 17:07:32.777919,0 days 00:00:04.213921,0.35,0.9,3,0.05,0.02,0.6,0.12,4,0.5,20,0.5,,,,,,PRUNED
3519,-0.4213231947291116,2026-05-12 17:07:32.805597,2026-05-12 17:07:33.170593,0 days 00:00:00.364996,0.45,0.7,2,0.05,0.02,0.6,0.08,4,0.5,20,0.8,,,,,,PRUNED
3520,-0.5196770990379711,2026-05-12 17:07:33.196308,2026-05-12 17:07:37.223836,0 days 00:00:04.027528,0.25,0.8,2,0.05,0.02,0.45,0.08,3,0.6,5,0.65,,,,,,PRUNED
3521,-0.5555423206810313,2026-05-12 17:07:37.245177,2026-05-12 17:07:41.753654,0 days 00:00:04.508477,0.25,0.8,4,0.05,0.01,0.3,0.08,4,0.7,5,0.5,,,,,,PRUNED
3522,-0.5642368819307634,2026-05-12 17:07:41.780150,2026-05-12 17:07:46.932291,0 days 00:00:05.152141,0.25,0.9,2,0.03,0.01,0.45,0.16,5,0.7,10,0.8,,,,,,PRUNED
3523,-0.4985364670005943,2026-05-12 17:07:46.961789,2026-05-12 17:07:51.995643,0 days 00:00:05.033854,0.35,0.9,3,0.05,0.02,0.45,0.12,6,0.7,20,0.5,,,,,,PRUNED
3524,-0.5838621269559264,2026-05-12 17:07:52.024015,2026-05-12 17:07:57.324156,0 days 00:00:05.300141,0.25,0.8,3,0.03,0.02,0.6,0.16,4,0.6,5,0.5,,,,,,PRUNED
3525,-0.5402464935899383,2026-05-12 17:07:57.349533,2026-05-12 17:08:03.517707,0 days 00:00:06.168174,0.25,0.8,2,0.03,0.01,0.45,0.16,5,0.5,10,0.5,,,,,,PRUNED
3526,-0.6200127745467684,2026-05-12 17:08:03.545268,2026-05-12 17:08:07.160486,0 days 00:00:03.615218,0.25,0.8,2,0.05,0.01,0.6,0.12,3,0.6,20,0.8,,,,,,PRUNED
3527,-0.4463756214455503,2026-05-12 17:08:07.187054,2026-05-12 17:08:11.440130,0 days 00:00:04.253076,0.45,0.9,3,0.05,0.02,0.6,0.08,3,0.5,5,0.65,,,,,,PRUNED
3528,-0.5179924623587872,2026-05-12 17:08:11.465308,2026-05-12 17:08:12.019628,0 days 00:00:00.554320,0.45,0.7,2,0.05,0.02,0.6,0.08,6,0.5,20,0.8,-0.39108387647623727,-0.030830266507629607,0.2538171717650998,0.36025360996860767,,COMPLETE
3529,-0.5320448384852111,2026-05-12 17:08:12.047173,2026-05-12 17:08:17.692546,0 days 00:00:05.645373,0.25,0.8,2,0.05,0.02,0.6,0.16,6,0.5,5,0.65,,,,,,PRUNED
3530,-0.5201891241734118,2026-05-12 17:08:17.715309,2026-05-12 17:08:21.334760,0 days 00:00:03.619451,0.35,0.9,4,0.03,0.02,0.45,0.12,6,0.6,10,0.5,,,,,,PRUNED
3531,-0.4674476428432066,2026-05-12 17:08:21.357057,2026-05-12 17:08:25.758800,0 days 00:00:04.401743,0.45,0.8,3,0.05,0.01,0.3,0.16,6,0.6,20,0.65,,,,,,PRUNED
3532,-9999.0,2026-05-12 17:08:25.780773,2026-05-12 17:08:26.057269,0 days 00:00:00.276496,0.25,0.7,3,0.03,0.02,0.45,0.12,5,0.7,20,0.8,,,,,BEAR_RATIO < NEUTRAL_RATIO < BULL_RATIO 约束违反: 0.25 / 0.7 / 0.7,COMPLETE
3533,-0.5025519765211133,2026-05-12 17:08:26.084575,2026-05-12 17:08:30.971480,0 days 00:00:04.886905,0.25,0.8,2,0.03,0.01,0.45,0.08,5,0.5,10,0.65,,,,,,PRUNED
3534,-0.5179924623587872,2026-05-12 17:08:30.998094,2026-05-12 17:08:31.634191,0 days 00:00:00.636097,0.45,0.7,2,0.05,0.02,0.6,0.08,6,0.5,20,0.8,-0.39108387647623727,-0.030830266507629607,0.2538171717650998,0.36025360996860767,,COMPLETE
3535,-0.5179924623587872,2026-05-12 17:08:31.662340,2026-05-12 17:08:32.259184,0 days 00:00:00.596844,0.45,0.7,2,0.05,0.01,0.6,0.08,6,0.5,20,0.8,-0.39108387647623727,-0.030830266507629607,0.2538171717650998,0.36025360996860767,,COMPLETE
3536,-0.47671073491192023,2026-05-12 17:08:32.287142,2026-05-12 17:08:36.643999,0 days 00:00:04.356857,0.45,0.7,2,0.03,0.01,0.45,0.16,4,0.5,20,0.65,,,,,,PRUNED
3537,-0.47441457244516044,2026-05-12 17:08:36.673165,2026-05-12 17:08:37.267547,0 days 00:00:00.594382,0.25,0.7,2,0.05,0.02,0.6,0.08,6,0.5,20,0.8,,,,,,PRUNED
3538,-0.5058260506702629,2026-05-12 17:08:37.294160,2026-05-12 17:08:41.926039,0 days 00:00:04.631879,0.45,0.9,2,0.03,0.01,0.45,0.12,4,0.7,10,0.65,,,,,,PRUNED
3539,-0.5617880123430247,2026-05-12 17:08:41.952651,2026-05-12 17:08:45.960493,0 days 00:00:04.007842,0.45,0.9,2,0.05,0.02,0.6,0.12,3,0.7,10,0.5,,,,,,PRUNED
3540,-0.5234051918200502,2026-05-12 17:08:45.989424,2026-05-12 17:08:50.656584,0 days 00:00:04.667160,0.35,0.8,4,0.03,0.02,0.6,0.16,4,0.7,10,0.65,,,,,,PRUNED
3541,-9999.0,2026-05-12 17:08:50.683237,2026-05-12 17:08:50.992221,0 days 00:00:00.308984,0.35,0.7,3,0.05,0.01,0.3,0.12,5,0.7,20,0.5,,,,,BEAR_RATIO < NEUTRAL_RATIO < BULL_RATIO 约束违反: 0.35 / 0.7 / 0.7,COMPLETE
3542,-0.49873473672188007,2026-05-12 17:08:51.017443,2026-05-12 17:08:53.979009,0 days 00:00:02.961566,0.45,0.8,2,0.03,0.02,0.45,0.16,4,0.6,20,0.65,,,,,,PRUNED
3543,-0.47202305310514403,2026-05-12 17:08:54.004378,2026-05-12 17:09:00.067542,0 days 00:00:06.063164,0.35,0.8,4,0.03,0.01,0.6,0.08,6,0.5,10,0.5,,,,,,PRUNED
3544,-0.47171657295035546,2026-05-12 17:09:00.094303,2026-05-12 17:09:04.553059,0 days 00:00:04.458756,0.25,0.7,2,0.05,0.02,0.45,0.08,4,0.6,10,0.65,,,,,,PRUNED
3545,-0.593720838076755,2026-05-12 17:09:04.580033,2026-05-12 17:09:10.757959,0 days 00:00:06.177926,0.25,0.9,4,0.03,0.02,0.3,0.16,6,0.5,5,0.5,,,,,,PRUNED
3546,-0.4107809201109101,2026-05-12 17:09:10.786122,2026-05-12 17:09:15.986912,0 days 00:00:05.200790,0.45,0.7,3,0.05,0.01,0.3,0.08,6,0.5,20,0.8,,,,,,PRUNED
3547,-0.4082686481911698,2026-05-12 17:09:16.011184,2026-05-12 17:09:21.426304,0 days 00:00:05.415120,0.45,0.7,2,0.05,0.02,0.45,0.08,6,0.5,10,0.65,,,,,,PRUNED
3548,-0.6057425842781478,2026-05-12 17:09:21.453134,2026-05-12 17:09:23.254183,0 days 00:00:01.801049,0.25,0.7,2,0.05,0.02,0.45,0.16,3,0.5,20,0.8,,,,,,PRUNED
3549,-0.4602128244079706,2026-05-12 17:09:23.278981,2026-05-12 17:09:27.737274,0 days 00:00:04.458293,0.45,0.7,4,0.05,0.02,0.6,0.16,4,0.6,10,0.5,,,,,,PRUNED
3550,-0.44602921817502894,2026-05-12 17:09:27.761231,2026-05-12 17:09:32.843566,0 days 00:00:05.082335,0.45,0.9,2,0.05,0.02,0.45,0.08,6,0.6,20,0.8,,,,,,PRUNED
3551,-0.42357363260304626,2026-05-12 17:09:32.868750,2026-05-12 17:09:33.222351,0 days 00:00:00.353601,0.45,0.7,2,0.05,0.02,0.6,0.08,6,0.6,20,0.8,,,,,,PRUNED
3552,-0.4790520330510987,2026-05-12 17:09:33.249451,2026-05-12 17:09:38.673477,0 days 00:00:05.424026,0.45,0.8,2,0.05,0.01,0.3,0.16,6,0.7,10,0.8,,,,,,PRUNED
3553,-9999.0,2026-05-12 17:09:38.702099,2026-05-12 17:09:39.009610,0 days 00:00:00.307511,0.35,0.7,3,0.05,0.01,0.6,0.08,5,0.7,5,0.5,,,,,BEAR_RATIO < NEUTRAL_RATIO < BULL_RATIO 约束违反: 0.35 / 0.7 / 0.7,COMPLETE
3554,-0.5179781924860154,2026-05-12 17:09:39.039252,2026-05-12 17:09:44.165759,0 days 00:00:05.126507,0.25,0.7,3,0.03,0.02,0.45,0.12,5,0.6,10,0.8,,,,,,PRUNED
3555,-0.4841156836932291,2026-05-12 17:09:44.190698,2026-05-12 17:09:49.248882,0 days 00:00:05.058184,0.45,0.9,3,0.03,0.01,0.45,0.08,6,0.7,20,0.65,,,,,,PRUNED
3556,-0.5179924623587872,2026-05-12 17:09:49.277085,2026-05-12 17:09:49.809476,0 days 00:00:00.532391,0.45,0.7,2,0.05,0.02,0.6,0.08,6,0.5,20,0.8,-0.39108387647623727,-0.030830266507629607,0.2538171717650998,0.36025360996860767,,COMPLETE
3557,-0.5715107846558711,2026-05-12 17:09:49.838010,2026-05-12 17:09:50.178922,0 days 00:00:00.340912,0.45,0.7,2,0.05,0.01,0.6,0.08,3,0.5,20,0.8,,,,,,PRUNED
3558,-9999.0,2026-05-12 17:09:50.204259,2026-05-12 17:09:50.521091,0 days 00:00:00.316832,0.45,0.7,2,0.05,0.02,0.6,0.16,5,0.7,20,0.8,,,,,BEAR_RATIO < NEUTRAL_RATIO < BULL_RATIO 约束违反: 0.45 / 0.7 / 0.7,COMPLETE
3559,-0.4424938249970894,2026-05-12 17:09:50.549288,2026-05-12 17:09:57.129954,0 days 00:00:06.580666,0.45,0.9,3,0.05,0.02,0.3,0.08,5,0.5,5,0.5,,,,,,PRUNED
3560,-9999.0,2026-05-12 17:09:57.156312,2026-05-12 17:09:57.466327,0 days 00:00:00.310015,0.35,0.7,3,0.03,0.02,0.6,0.16,6,0.7,10,0.8,,,,,BEAR_RATIO < NEUTRAL_RATIO < BULL_RATIO 约束违反: 0.35 / 0.7 / 0.7,COMPLETE
3561,-0.5179924623587872,2026-05-12 17:09:57.491046,2026-05-12 17:09:57.994567,0 days 00:00:00.503521,0.45,0.7,2,0.05,0.02,0.6,0.08,6,0.5,20,0.8,-0.39108387647623727,-0.030830266507629607,0.2538171717650998,0.36025360996860767,,COMPLETE
3562,-0.5883143427094326,2026-05-12 17:09:58.016652,2026-05-12 17:10:03.203780,0 days 00:00:05.187128,0.25,0.9,2,0.03,0.01,0.45,0.16,4,0.5,5,0.65,,,,,,PRUNED
3563,-0.5637229497323871,2026-05-12 17:10:03.229785,2026-05-12 17:10:07.058205,0 days 00:00:03.828420,0.25,0.8,4,0.03,0.01,0.3,0.08,3,0.5,10,0.5,,,,,,PRUNED
3564,-0.4092137988646166,2026-05-12 17:10:07.084321,2026-05-12 17:10:07.451838,0 days 00:00:00.367517,0.45,0.7,2,0.05,0.02,0.6,0.08,6,0.5,10,0.8,,,,,,PRUNED
3565,-0.4202429218174437,2026-05-12 17:10:07.480191,2026-05-12 17:10:10.362374,0 days 00:00:02.882183,0.45,0.7,2,0.05,0.02,0.6,0.12,5,0.5,10,0.8,,,,,,PRUNED
3566,-0.5179924623587872,2026-05-12 17:10:10.386865,2026-05-12 17:10:10.922666,0 days 00:00:00.535801,0.45,0.7,2,0.05,0.02,0.6,0.08,6,0.5,20,0.8,-0.39108387647623727,-0.030830266507629607,0.2538171717650998,0.36025360996860767,,COMPLETE
3567,-9999.0,2026-05-12 17:10:10.949220,2026-05-12 17:10:11.226118,0 days 00:00:00.276898,0.35,0.7,4,0.05,0.02,0.45,0.12,5,0.7,10,0.5,,,,,BEAR_RATIO < NEUTRAL_RATIO < BULL_RATIO 约束违反: 0.35 / 0.7 / 0.7,COMPLETE
3568,-0.5179924623587872,2026-05-12 17:10:11.249565,2026-05-12 17:10:11.707244,0 days 00:00:00.457679,0.45,0.7,2,0.05,0.01,0.6,0.08,6,0.5,20,0.65,-0.39108387647623727,-0.030830266507629607,0.2538171717650998,0.36025360996860767,,COMPLETE
3569,-9999.0,2026-05-12 17:10:11.730310,2026-05-12 17:10:11.981572,0 days 00:00:00.251262,0.25,0.7,4,0.05,0.02,0.3,0.16,3,0.7,10,0.65,,,,,BEAR_RATIO < NEUTRAL_RATIO < BULL_RATIO 约束违反: 0.25 / 0.7 / 0.7,COMPLETE
