number,value,datetime_start,datetime_complete,duration,params_BEAR_RATIO,params_BULL_RATIO,params_GRID_MAX_LAYER,params_GRID_STEP_MAX,params_GRID_STEP_MIN,params_GRID_STEP_VOL_FACTOR,params_LAYER_FRACTION,params_MAX_HOLD,params_NEUTRAL_RATIO,params_REBALANCE_FREQ,params_VOL_WEIGHT,user_attrs_avg_test_score,user_attrs_avg_train_score,user_attrs_test_score_std,user_attrs_train_test_gap,user_attrs_validation_error,state
4543,-0.5194986752997807,2026-05-12 18:00:16.915955,2026-05-12 18:00:21.725738,0 days 00:00:04.809783,0.35,0.7,3,0.03,0.01,0.3,0.16,6,0.6,20,0.65,,,,,,PRUNED
4544,-0.42357363260304626,2026-05-12 18:00:21.751590,2026-05-12 18:00:22.101622,0 days 00:00:00.350032,0.45,0.7,2,0.05,0.02,0.6,0.08,6,0.6,20,0.8,,,,,,PRUNED
4545,-0.5179924623587872,2026-05-12 18:00:22.144225,2026-05-12 18:00:22.668814,0 days 00:00:00.524589,0.45,0.7,2,0.05,0.02,0.6,0.08,6,0.5,20,0.8,-0.39108387647623727,-0.030830266507629607,0.2538171717650998,0.36025360996860767,,COMPLETE
4546,-0.4213231947291116,2026-05-12 18:00:22.694561,2026-05-12 18:00:23.055852,0 days 00:00:00.361291,0.45,0.7,2,0.05,0.02,0.6,0.08,4,0.5,20,0.8,,,,,,PRUNED
4547,-0.5179924623587872,2026-05-12 18:00:23.081313,2026-05-12 18:00:23.608925,0 days 00:00:00.527612,0.45,0.7,2,0.05,0.02,0.6,0.08,6,0.5,20,0.8,-0.39108387647623727,-0.030830266507629607,0.2538171717650998,0.36025360996860767,,COMPLETE
4548,-0.4414523581792496,2026-05-12 18:00:23.633346,2026-05-12 18:00:30.218385,0 days 00:00:06.585039,0.45,0.9,2,0.05,0.01,0.6,0.08,6,0.5,5,0.5,,,,,,PRUNED
4549,-0.47441457244516044,2026-05-12 18:00:30.242132,2026-05-12 18:00:30.583696,0 days 00:00:00.341564,0.25,0.7,2,0.05,0.02,0.6,0.08,6,0.5,20,0.8,,,,,,PRUNED
4550,-9999.0,2026-05-12 18:00:30.605474,2026-05-12 18:00:30.868925,0 days 00:00:00.263451,0.45,0.7,2,0.05,0.02,0.6,0.16,6,0.7,5,0.5,,,,,BEAR_RATIO < NEUTRAL_RATIO < BULL_RATIO 约束违反: 0.45 / 0.7 / 0.7,COMPLETE
4551,-0.46789779090066014,2026-05-12 18:00:30.892301,2026-05-12 18:00:36.483069,0 days 00:00:05.590768,0.35,0.7,2,0.03,0.01,0.6,0.08,5,0.5,5,0.8,,,,,,PRUNED
4552,-9999.0,2026-05-12 18:00:36.507531,2026-05-12 18:00:36.797475,0 days 00:00:00.289944,0.45,0.7,2,0.05,0.02,0.45,0.16,6,0.7,20,0.8,,,,,BEAR_RATIO < NEUTRAL_RATIO < BULL_RATIO 约束违反: 0.45 / 0.7 / 0.7,COMPLETE
4553,-0.45997549125102033,2026-05-12 18:00:36.823762,2026-05-12 18:00:42.225682,0 days 00:00:05.401920,0.35,0.9,2,0.05,0.02,0.6,0.08,6,0.5,10,0.8,,,,,,PRUNED
4554,-0.4757676629772992,2026-05-12 18:00:42.259173,2026-05-12 18:00:47.131553,0 days 00:00:04.872380,0.35,0.8,4,0.05,0.01,0.3,0.12,5,0.5,20,0.5,,,,,,PRUNED
4555,-0.4490515048873401,2026-05-12 18:00:47.159386,2026-05-12 18:00:52.011861,0 days 00:00:04.852475,0.45,0.7,2,0.05,0.02,0.6,0.12,5,0.6,20,0.8,,,,,,PRUNED
4556,-0.5179924623587872,2026-05-12 18:00:52.040551,2026-05-12 18:00:52.640690,0 days 00:00:00.600139,0.45,0.7,2,0.05,0.02,0.6,0.08,6,0.5,20,0.8,-0.39108387647623727,-0.030830266507629607,0.2538171717650998,0.36025360996860767,,COMPLETE
4557,-0.5054982872520865,2026-05-12 18:00:52.669221,2026-05-12 18:00:55.795409,0 days 00:00:03.126188,0.35,0.9,3,0.03,0.01,0.6,0.08,3,0.6,5,0.5,,,,,,PRUNED
4558,-0.5179924623587872,2026-05-12 18:00:55.821425,2026-05-12 18:00:56.390577,0 days 00:00:00.569152,0.45,0.7,2,0.05,0.02,0.6,0.08,6,0.5,20,0.8,-0.39108387647623727,-0.030830266507629607,0.2538171717650998,0.36025360996860767,,COMPLETE
4559,-0.5457914671070704,2026-05-12 18:00:56.418302,2026-05-12 18:01:02.329704,0 days 00:00:05.911402,0.25,0.8,3,0.05,0.02,0.45,0.12,6,0.7,5,0.65,,,,,,PRUNED
4560,-0.5323850971751927,2026-05-12 18:01:02.373614,2026-05-12 18:01:07.880558,0 days 00:00:05.506944,0.25,0.9,4,0.05,0.01,0.45,0.12,5,0.5,5,0.5,,,,,,PRUNED
4561,-0.42566053181256513,2026-05-12 18:01:07.912210,2026-05-12 18:01:08.280299,0 days 00:00:00.368089,0.45,0.7,3,0.05,0.02,0.6,0.08,5,0.5,20,0.8,,,,,,PRUNED
4562,-0.4092137988646166,2026-05-12 18:01:08.307037,2026-05-12 18:01:08.669977,0 days 00:00:00.362940,0.45,0.7,2,0.05,0.02,0.6,0.08,6,0.5,10,0.8,,,,,,PRUNED
4563,-0.5722378789383502,2026-05-12 18:01:08.696342,2026-05-12 18:01:12.242136,0 days 00:00:03.545794,0.45,0.7,2,0.05,0.01,0.3,0.08,3,0.5,20,0.8,,,,,,PRUNED
4564,-0.5179924623587872,2026-05-12 18:01:12.272226,2026-05-12 18:01:12.851806,0 days 00:00:00.579580,0.45,0.7,2,0.05,0.02,0.6,0.08,6,0.5,20,0.8,-0.39108387647623727,-0.030830266507629607,0.2538171717650998,0.36025360996860767,,COMPLETE
4565,-0.5179924623587872,2026-05-12 18:01:12.879065,2026-05-12 18:01:13.443328,0 days 00:00:00.564263,0.45,0.7,2,0.05,0.02,0.6,0.08,6,0.5,20,0.8,-0.39108387647623727,-0.030830266507629607,0.2538171717650998,0.36025360996860767,,COMPLETE
4566,-0.4502344127466249,2026-05-12 18:01:13.472465,2026-05-12 18:01:19.088069,0 days 00:00:05.615604,0.45,0.7,4,0.05,0.01,0.45,0.12,5,0.6,5,0.5,,,,,,PRUNED
4567,-0.4810201956058652,2026-05-12 18:01:19.114313,2026-05-12 18:01:25.804692,0 days 00:00:06.690379,0.45,0.7,2,0.03,0.02,0.6,0.12,6,0.6,5,0.65,,,,,,PRUNED
4568,-0.4296411080598753,2026-05-12 18:01:25.830041,2026-05-12 18:01:26.211973,0 days 00:00:00.381932,0.45,0.7,2,0.05,0.02,0.6,0.16,6,0.5,20,0.8,,,,,,PRUNED
4569,-0.4100386278766106,2026-05-12 18:01:26.236109,2026-05-12 18:01:26.596143,0 days 00:00:00.360034,0.45,0.7,2,0.05,0.02,0.3,0.08,6,0.5,20,0.8,,,,,,PRUNED
4570,-0.5224930674915248,2026-05-12 18:01:26.623099,2026-05-12 18:01:31.304604,0 days 00:00:04.681505,0.35,0.9,3,0.03,0.01,0.6,0.12,5,0.6,20,0.5,,,,,,PRUNED
4571,-0.4897326134403525,2026-05-12 18:01:31.332407,2026-05-12 18:01:36.926859,0 days 00:00:05.594452,0.45,0.8,4,0.03,0.01,0.3,0.12,5,0.6,5,0.5,,,,,,PRUNED
4572,-0.41425741193738236,2026-05-12 18:01:36.951518,2026-05-12 18:01:37.330775,0 days 00:00:00.379257,0.45,0.7,2,0.05,0.02,0.6,0.08,6,0.5,5,0.8,,,,,,PRUNED
4573,-0.4944868419482662,2026-05-12 18:01:37.357112,2026-05-12 18:01:42.246481,0 days 00:00:04.889369,0.35,0.8,4,0.03,0.02,0.3,0.08,5,0.7,10,0.65,,,,,,PRUNED
4574,-0.5179924623587872,2026-05-12 18:01:42.274004,2026-05-12 18:01:42.841425,0 days 00:00:00.567421,0.45,0.7,2,0.05,0.02,0.6,0.08,6,0.5,20,0.8,-0.39108387647623727,-0.030830266507629607,0.2538171717650998,0.36025360996860767,,COMPLETE
4575,-0.47077017331851756,2026-05-12 18:01:42.890931,2026-05-12 18:01:47.413483,0 days 00:00:04.522552,0.35,0.9,2,0.05,0.02,0.6,0.08,5,0.5,20,0.5,,,,,,PRUNED
4576,-0.5152785411899309,2026-05-12 18:01:47.438214,2026-05-12 18:01:52.051656,0 days 00:00:04.613442,0.35,0.9,2,0.03,0.01,0.6,0.16,5,0.5,10,0.5,,,,,,PRUNED
4577,-0.46526680315403757,2026-05-12 18:01:52.075697,2026-05-12 18:01:55.879654,0 days 00:00:03.803957,0.45,0.8,2,0.05,0.02,0.3,0.12,4,0.7,20,0.65,,,,,,PRUNED
4578,-0.5179924623587872,2026-05-12 18:01:55.907009,2026-05-12 18:01:56.493007,0 days 00:00:00.585998,0.45,0.7,2,0.05,0.01,0.6,0.08,6,0.5,20,0.8,-0.39108387647623727,-0.030830266507629607,0.2538171717650998,0.36025360996860767,,COMPLETE
4579,-0.650106004817805,2026-05-12 18:01:56.517507,2026-05-12 18:01:59.886271,0 days 00:00:03.368764,0.35,0.9,4,0.03,0.01,0.6,0.16,3,0.6,20,0.65,,,,,,PRUNED
4580,-0.5047020936389135,2026-05-12 18:01:59.911893,2026-05-12 18:02:04.695331,0 days 00:00:04.783438,0.35,0.9,2,0.03,0.02,0.45,0.12,6,0.5,20,0.5,,,,,,PRUNED
4581,-0.42056632138184724,2026-05-12 18:02:04.720733,2026-05-12 18:02:05.085478,0 days 00:00:00.364745,0.45,0.8,2,0.05,0.02,0.6,0.08,6,0.5,20,0.8,,,,,,PRUNED
4582,-0.5273479817625899,2026-05-12 18:02:05.111814,2026-05-12 18:02:09.647428,0 days 00:00:04.535614,0.45,0.8,2,0.03,0.02,0.6,0.16,5,0.7,20,0.8,,,,,,PRUNED
4583,-0.5219598680946149,2026-05-12 18:02:09.673599,2026-05-12 18:02:14.466324,0 days 00:00:04.792725,0.45,0.9,3,0.05,0.02,0.3,0.08,4,0.7,5,0.5,,,,,,PRUNED
4584,-0.48098587702631973,2026-05-12 18:02:14.491000,2026-05-12 18:02:19.254276,0 days 00:00:04.763276,0.45,0.8,2,0.05,0.01,0.6,0.08,4,0.5,5,0.8,,,,,,PRUNED
4585,-0.5687736828577687,2026-05-12 18:02:19.278824,2026-05-12 18:02:23.797904,0 days 00:00:04.519080,0.25,0.7,4,0.03,0.01,0.45,0.12,3,0.5,10,0.5,,,,,,PRUNED
4586,-0.49731697060991165,2026-05-12 18:02:23.824324,2026-05-12 18:02:29.309639,0 days 00:00:05.485315,0.45,0.9,2,0.03,0.01,0.6,0.16,5,0.5,5,0.8,,,,,,PRUNED
4587,-0.5179924623587872,2026-05-12 18:02:29.337266,2026-05-12 18:02:29.903132,0 days 00:00:00.565866,0.45,0.7,2,0.05,0.02,0.6,0.08,6,0.5,20,0.8,-0.39108387647623727,-0.030830266507629607,0.2538171717650998,0.36025360996860767,,COMPLETE
4588,-0.5361014097294563,2026-05-12 18:02:29.928803,2026-05-12 18:02:33.565110,0 days 00:00:03.636307,0.35,0.8,4,0.05,0.02,0.3,0.08,3,0.5,10,0.5,,,,,,PRUNED
4589,-0.48934276150777306,2026-05-12 18:02:33.592618,2026-05-12 18:02:38.419349,0 days 00:00:04.826731,0.45,0.9,4,0.05,0.01,0.45,0.16,6,0.7,20,0.5,,,,,,PRUNED
4590,-0.5179924623587872,2026-05-12 18:02:38.444350,2026-05-12 18:02:39.010625,0 days 00:00:00.566275,0.45,0.7,2,0.05,0.02,0.6,0.08,6,0.5,20,0.8,-0.39108387647623727,-0.030830266507629607,0.2538171717650998,0.36025360996860767,,COMPLETE
4591,-0.43303418604199423,2026-05-12 18:02:39.034389,2026-05-12 18:02:44.083963,0 days 00:00:05.049574,0.45,0.7,2,0.03,0.02,0.45,0.08,6,0.5,10,0.8,,,,,,PRUNED
4592,-0.4338764564691239,2026-05-12 18:02:44.108590,2026-05-12 18:02:48.866510,0 days 00:00:04.757920,0.45,0.9,2,0.05,0.02,0.3,0.08,6,0.5,20,0.65,,,,,,PRUNED
4593,-9999.0,2026-05-12 18:02:48.893350,2026-05-12 18:02:49.197898,0 days 00:00:00.304548,0.35,0.7,4,0.05,0.02,0.3,0.08,3,0.7,5,0.5,,,,,BEAR_RATIO < NEUTRAL_RATIO < BULL_RATIO 约束违反: 0.35 / 0.7 / 0.7,COMPLETE
4594,-0.5179924623587872,2026-05-12 18:02:49.225058,2026-05-12 18:02:49.803701,0 days 00:00:00.578643,0.45,0.7,2,0.05,0.02,0.6,0.08,6,0.5,20,0.8,-0.39108387647623727,-0.030830266507629607,0.2538171717650998,0.36025360996860767,,COMPLETE
4595,-0.48725476283525115,2026-05-12 18:02:49.830962,2026-05-12 18:02:54.334607,0 days 00:00:04.503645,0.45,0.9,2,0.03,0.02,0.45,0.12,5,0.5,20,0.8,,,,,,PRUNED
4596,-0.4428856209950638,2026-05-12 18:02:54.359989,2026-05-12 18:02:57.027496,0 days 00:00:02.667507,0.45,0.8,2,0.05,0.01,0.6,0.08,4,0.6,20,0.8,,,,,,PRUNED
4597,-0.5715107846558711,2026-05-12 18:02:57.051676,2026-05-12 18:03:00.365720,0 days 00:00:03.314044,0.45,0.7,2,0.05,0.02,0.45,0.08,3,0.5,20,0.5,,,,,,PRUNED
4598,-0.46992160077830836,2026-05-12 18:03:00.391326,2026-05-12 18:03:05.612609,0 days 00:00:05.221283,0.35,0.8,2,0.03,0.02,0.6,0.08,6,0.5,20,0.65,,,,,,PRUNED
4599,-0.5179924623587872,2026-05-12 18:03:05.639944,2026-05-12 18:03:06.240421,0 days 00:00:00.600477,0.45,0.7,2,0.05,0.02,0.6,0.08,6,0.5,20,0.8,-0.39108387647623727,-0.030830266507629607,0.2538171717650998,0.36025360996860767,,COMPLETE
4600,-0.43223096142417294,2026-05-12 18:03:06.267333,2026-05-12 18:03:06.647292,0 days 00:00:00.379959,0.45,0.9,2,0.05,0.02,0.6,0.08,6,0.5,20,0.8,,,,,,PRUNED
4601,-9999.0,2026-05-12 18:03:06.676048,2026-05-12 18:03:06.996391,0 days 00:00:00.320343,0.45,0.7,2,0.05,0.02,0.6,0.08,6,0.7,10,0.5,,,,,BEAR_RATIO < NEUTRAL_RATIO < BULL_RATIO 约束违反: 0.45 / 0.7 / 0.7,COMPLETE
4602,-0.46645339001689934,2026-05-12 18:03:07.026353,2026-05-12 18:03:11.563452,0 days 00:00:04.537099,0.45,0.8,3,0.05,0.02,0.45,0.08,4,0.7,10,0.65,,,,,,PRUNED
4603,-0.5246371827627005,2026-05-12 18:03:11.617637,2026-05-12 18:03:18.066721,0 days 00:00:06.449084,0.45,0.8,3,0.03,0.02,0.45,0.08,4,0.7,5,0.65,,,,,,PRUNED
4604,-9999.0,2026-05-12 18:03:18.091193,2026-05-12 18:03:18.418917,0 days 00:00:00.327724,0.45,0.7,2,0.05,0.02,0.3,0.12,3,0.7,10,0.8,,,,,BEAR_RATIO < NEUTRAL_RATIO < BULL_RATIO 约束违反: 0.45 / 0.7 / 0.7,COMPLETE
4605,-0.4248849607391425,2026-05-12 18:03:18.444584,2026-05-12 18:03:23.045218,0 days 00:00:04.600634,0.45,0.7,2,0.05,0.02,0.3,0.08,5,0.5,20,0.65,,,,,,PRUNED
4606,-9999.0,2026-05-12 18:03:23.070199,2026-05-12 18:03:23.378735,0 days 00:00:00.308536,0.45,0.7,2,0.05,0.02,0.6,0.08,6,0.7,20,0.8,,,,,BEAR_RATIO < NEUTRAL_RATIO < BULL_RATIO 约束违反: 0.45 / 0.7 / 0.7,COMPLETE
4607,-0.5952546354960121,2026-05-12 18:03:23.405621,2026-05-12 18:03:25.320610,0 days 00:00:01.914989,0.45,0.9,2,0.05,0.02,0.3,0.16,3,0.5,20,0.8,,,,,,PRUNED
4608,-0.5630780473114566,2026-05-12 18:03:25.348991,2026-05-12 18:03:29.061156,0 days 00:00:03.712165,0.35,0.9,2,0.05,0.01,0.6,0.08,3,0.7,10,0.5,,,,,,PRUNED
4609,-0.538863901161388,2026-05-12 18:03:29.089082,2026-05-12 18:03:33.928909,0 days 00:00:04.839827,0.35,0.9,4,0.05,0.02,0.45,0.12,4,0.6,5,0.65,,,,,,PRUNED
4610,-0.6058271026128077,2026-05-12 18:03:33.955240,2026-05-12 18:03:37.558027,0 days 00:00:03.602787,0.45,0.7,4,0.03,0.01,0.6,0.16,3,0.5,20,0.65,,,,,,PRUNED
4611,-9999.0,2026-05-12 18:03:37.588203,2026-05-12 18:03:37.947657,0 days 00:00:00.359454,0.45,0.7,3,0.05,0.01,0.3,0.12,6,0.7,10,0.65,,,,,BEAR_RATIO < NEUTRAL_RATIO < BULL_RATIO 约束违反: 0.45 / 0.7 / 0.7,COMPLETE
4612,-0.4858148930950557,2026-05-12 18:03:37.978075,2026-05-12 18:03:42.875345,0 days 00:00:04.897270,0.45,0.9,2,0.05,0.02,0.6,0.12,5,0.7,20,0.8,,,,,,PRUNED
4613,-0.484023607826813,2026-05-12 18:03:42.903811,2026-05-12 18:03:48.382237,0 days 00:00:05.478426,0.35,0.8,4,0.05,0.01,0.3,0.12,6,0.6,10,0.5,,,,,,PRUNED
4614,-0.46346783547999937,2026-05-12 18:03:48.413027,2026-05-12 18:03:52.634933,0 days 00:00:04.221906,0.45,0.9,4,0.05,0.02,0.3,0.16,4,0.5,20,0.65,,,,,,PRUNED
4615,-0.48355134011837797,2026-05-12 18:03:52.661871,2026-05-12 18:03:57.059599,0 days 00:00:04.397728,0.45,0.9,2,0.03,0.02,0.3,0.08,6,0.6,5,0.8,,,,,,PRUNED
4616,-0.4856016247291437,2026-05-12 18:03:57.088146,2026-05-12 18:04:02.810058,0 days 00:00:05.721912,0.35,0.8,4,0.03,0.01,0.45,0.08,6,0.5,5,0.65,,,,,,PRUNED
4617,-0.43539398241717564,2026-05-12 18:04:02.831095,2026-05-12 18:04:07.640624,0 days 00:00:04.809529,0.45,0.8,2,0.05,0.02,0.6,0.08,6,0.6,20,0.5,,,,,,PRUNED
4618,-0.43333909441165963,2026-05-12 18:04:07.668673,2026-05-12 18:04:08.045224,0 days 00:00:00.376551,0.35,0.7,2,0.05,0.02,0.6,0.08,6,0.5,20,0.8,,,,,,PRUNED
4619,-9999.0,2026-05-12 18:04:08.080491,2026-05-12 18:04:08.423032,0 days 00:00:00.342541,0.35,0.7,2,0.03,0.01,0.6,0.08,4,0.7,20,0.8,,,,,BEAR_RATIO < NEUTRAL_RATIO < BULL_RATIO 约束违反: 0.35 / 0.7 / 0.7,COMPLETE
4620,-0.4902678666525616,2026-05-12 18:04:08.448385,2026-05-12 18:04:14.459557,0 days 00:00:06.011172,0.25,0.8,2,0.05,0.01,0.3,0.08,6,0.5,20,0.5,,,,,,PRUNED
4621,-0.5179924623587872,2026-05-12 18:04:14.486348,2026-05-12 18:04:15.068908,0 days 00:00:00.582560,0.45,0.7,2,0.05,0.02,0.6,0.08,6,0.5,20,0.8,-0.39108387647623727,-0.030830266507629607,0.2538171717650998,0.36025360996860767,,COMPLETE
4622,-0.4251944733628661,2026-05-12 18:04:15.095364,2026-05-12 18:04:20.529537,0 days 00:00:05.434173,0.45,0.7,3,0.05,0.02,0.6,0.08,6,0.6,10,0.8,,,,,,PRUNED
4623,-0.5812530835646166,2026-05-12 18:04:20.555190,2026-05-12 18:04:24.457638,0 days 00:00:03.902448,0.25,0.9,2,0.03,0.02,0.6,0.08,3,0.7,10,0.65,,,,,,PRUNED
4624,-0.4844565796410619,2026-05-12 18:04:24.483517,2026-05-12 18:04:27.415533,0 days 00:00:02.932016,0.45,0.9,4,0.05,0.02,0.45,0.12,4,0.7,10,0.8,,,,,,PRUNED
4625,-0.5903926369142987,2026-05-12 18:04:27.440869,2026-05-12 18:04:30.912579,0 days 00:00:03.471710,0.35,0.8,2,0.05,0.02,0.3,0.08,3,0.5,20,0.8,,,,,,PRUNED
4626,-0.5179924623587872,2026-05-12 18:04:30.938171,2026-05-12 18:04:31.504307,0 days 00:00:00.566136,0.45,0.7,2,0.05,0.02,0.6,0.08,6,0.5,20,0.8,-0.39108387647623727,-0.030830266507629607,0.2538171717650998,0.36025360996860767,,COMPLETE
4627,-0.5131050457038927,2026-05-12 18:04:31.553641,2026-05-12 18:04:37.133493,0 days 00:00:05.579852,0.25,0.7,2,0.05,0.02,0.3,0.16,5,0.5,5,0.5,,,,,,PRUNED
4628,-0.4401778783046881,2026-05-12 18:04:37.159510,2026-05-12 18:04:41.606389,0 days 00:00:04.446879,0.45,0.8,3,0.05,0.01,0.45,0.12,3,0.5,5,0.5,,,,,,PRUNED
4629,-0.5074175923628528,2026-05-12 18:04:41.632484,2026-05-12 18:04:46.153006,0 days 00:00:04.520522,0.25,0.9,4,0.03,0.02,0.3,0.08,4,0.6,10,0.8,,,,,,PRUNED
4630,-0.5227977312379994,2026-05-12 18:04:46.176413,2026-05-12 18:04:51.997761,0 days 00:00:05.821348,0.25,0.8,3,0.05,0.01,0.6,0.08,6,0.6,5,0.8,,,,,,PRUNED
4631,-0.4318124553734489,2026-05-12 18:04:52.024817,2026-05-12 18:04:52.403587,0 days 00:00:00.378770,0.45,0.7,2,0.03,0.02,0.6,0.08,6,0.5,20,0.8,,,,,,PRUNED
4632,-0.5075915821327327,2026-05-12 18:04:52.432722,2026-05-12 18:04:57.594674,0 days 00:00:05.161952,0.25,0.7,4,0.05,0.02,0.45,0.16,5,0.5,20,0.5,,,,,,PRUNED
4633,-0.5010769743902378,2026-05-12 18:04:57.617849,2026-05-12 18:05:00.948419,0 days 00:00:03.330570,0.25,0.7,2,0.05,0.01,0.6,0.12,5,0.6,20,0.5,,,,,,PRUNED
4634,-0.5179924623587872,2026-05-12 18:05:00.974644,2026-05-12 18:05:01.527048,0 days 00:00:00.552404,0.45,0.7,2,0.05,0.02,0.6,0.08,6,0.5,20,0.8,-0.39108387647623727,-0.030830266507629607,0.2538171717650998,0.36025360996860767,,COMPLETE
4635,-0.450579251241312,2026-05-12 18:05:01.553264,2026-05-12 18:05:06.506667,0 days 00:00:04.953403,0.45,0.8,2,0.05,0.01,0.3,0.12,5,0.6,10,0.5,,,,,,PRUNED
4636,-0.6249118818275291,2026-05-12 18:05:06.535099,2026-05-12 18:05:11.923486,0 days 00:00:05.388387,0.25,0.8,2,0.05,0.02,0.6,0.16,3,0.6,20,0.5,,,,,,PRUNED
4637,-0.5179924623587872,2026-05-12 18:05:11.949786,2026-05-12 18:05:12.502789,0 days 00:00:00.553003,0.45,0.7,2,0.05,0.02,0.6,0.08,6,0.5,20,0.8,-0.39108387647623727,-0.030830266507629607,0.2538171717650998,0.36025360996860767,,COMPLETE
4638,-0.4194511448045569,2026-05-12 18:05:12.531063,2026-05-12 18:05:12.929604,0 days 00:00:00.398541,0.45,0.7,2,0.05,0.02,0.6,0.12,6,0.5,20,0.8,,,,,,PRUNED
4639,-0.6203482722188914,2026-05-12 18:05:12.956423,2026-05-12 18:05:16.527214,0 days 00:00:03.570791,0.45,0.8,2,0.03,0.01,0.6,0.12,3,0.6,20,0.8,,,,,,PRUNED
4640,-0.5299414357201297,2026-05-12 18:05:16.553306,2026-05-12 18:05:21.622327,0 days 00:00:05.069021,0.45,0.9,3,0.03,0.02,0.3,0.16,4,0.5,5,0.5,,,,,,PRUNED
4641,-0.4259713883734444,2026-05-12 18:05:21.648087,2026-05-12 18:05:27.247864,0 days 00:00:05.599777,0.45,0.7,3,0.05,0.02,0.45,0.12,5,0.5,5,0.65,,,,,,PRUNED
4642,-0.4942485904934711,2026-05-12 18:05:27.272800,2026-05-12 18:05:30.342356,0 days 00:00:03.069556,0.25,0.7,3,0.05,0.01,0.3,0.08,3,0.5,5,0.5,,,,,,PRUNED
4643,-0.46002055831252664,2026-05-12 18:05:30.370747,2026-05-12 18:05:34.774344,0 days 00:00:04.403597,0.35,0.7,2,0.05,0.02,0.6,0.16,3,0.5,5,0.65,,,,,,PRUNED
4644,-0.499509927058471,2026-05-12 18:05:34.801257,2026-05-12 18:05:40.064302,0 days 00:00:05.263045,0.25,0.7,4,0.03,0.01,0.6,0.08,6,0.5,10,0.5,,,,,,PRUNED
4645,-0.5182406672588966,2026-05-12 18:05:40.092746,2026-05-12 18:05:40.731992,0 days 00:00:00.639246,0.45,0.7,2,0.05,0.02,0.45,0.08,6,0.5,20,0.8,-0.3910743597599139,-0.030648087966744914,0.25433261499796533,0.360426271793169,,COMPLETE
4646,-9999.0,2026-05-12 18:05:40.758438,2026-05-12 18:05:41.055850,0 days 00:00:00.297412,0.45,0.7,3,0.03,0.02,0.6,0.16,4,0.7,5,0.65,,,,,BEAR_RATIO < NEUTRAL_RATIO < BULL_RATIO 约束违反: 0.45 / 0.7 / 0.7,COMPLETE
4647,-0.5179924623587872,2026-05-12 18:05:41.081620,2026-05-12 18:05:41.639953,0 days 00:00:00.558333,0.45,0.7,2,0.05,0.02,0.6,0.08,6,0.5,20,0.8,-0.39108387647623727,-0.030830266507629607,0.2538171717650998,0.36025360996860767,,COMPLETE
4648,-0.4825279161644918,2026-05-12 18:05:41.680490,2026-05-12 18:05:46.810655,0 days 00:00:05.130165,0.35,0.7,4,0.03,0.01,0.45,0.12,6,0.5,20,0.8,,,,,,PRUNED
4649,-9999.0,2026-05-12 18:05:46.839242,2026-05-12 18:05:47.195689,0 days 00:00:00.356447,0.25,0.7,2,0.03,0.02,0.3,0.16,3,0.7,10,0.65,,,,,BEAR_RATIO < NEUTRAL_RATIO < BULL_RATIO 约束违反: 0.25 / 0.7 / 0.7,COMPLETE
4650,-0.448224862181558,2026-05-12 18:05:47.221584,2026-05-12 18:05:52.385533,0 days 00:00:05.163949,0.45,0.7,4,0.03,0.02,0.45,0.08,6,0.6,20,0.65,,,,,,PRUNED
4651,-0.446193649179386,2026-05-12 18:05:52.413986,2026-05-12 18:05:58.290318,0 days 00:00:05.876332,0.35,0.7,2,0.05,0.01,0.6,0.08,6,0.5,5,0.5,,,,,,PRUNED
4652,-0.508286685025817,2026-05-12 18:05:58.316281,2026-05-12 18:06:01.192784,0 days 00:00:02.876503,0.35,0.9,2,0.03,0.02,0.45,0.12,4,0.7,20,0.65,,,,,,PRUNED
4653,-0.5489670095987699,2026-05-12 18:06:01.220034,2026-05-12 18:06:06.381834,0 days 00:00:05.161800,0.45,0.9,3,0.03,0.01,0.3,0.12,4,0.7,5,0.65,,,,,,PRUNED
4654,-0.5179924623587872,2026-05-12 18:06:06.411455,2026-05-12 18:06:07.012275,0 days 00:00:00.600820,0.45,0.7,2,0.05,0.02,0.6,0.08,6,0.5,20,0.8,-0.39108387647623727,-0.030830266507629607,0.2538171717650998,0.36025360996860767,,COMPLETE
4655,-0.4242910183560481,2026-05-12 18:06:07.040452,2026-05-12 18:06:07.415519,0 days 00:00:00.375067,0.45,0.7,2,0.05,0.02,0.6,0.08,5,0.5,20,0.8,,,,,,PRUNED
4656,-9999.0,2026-05-12 18:06:07.443873,2026-05-12 18:06:07.782778,0 days 00:00:00.338905,0.25,0.7,4,0.05,0.02,0.6,0.12,5,0.7,10,0.65,,,,,BEAR_RATIO < NEUTRAL_RATIO < BULL_RATIO 约束违反: 0.25 / 0.7 / 0.7,COMPLETE
4657,-0.48076581545182967,2026-05-12 18:06:07.814911,2026-05-12 18:06:13.350160,0 days 00:00:05.535249,0.35,0.7,2,0.05,0.01,0.45,0.16,5,0.6,20,0.5,,,,,,PRUNED
4658,-0.5715107846558711,2026-05-12 18:06:13.376289,2026-05-12 18:06:13.745508,0 days 00:00:00.369219,0.45,0.7,2,0.05,0.02,0.6,0.08,3,0.5,20,0.8,,,,,,PRUNED
4659,-0.5605159766160228,2026-05-12 18:06:13.771216,2026-05-12 18:06:18.579112,0 days 00:00:04.807896,0.25,0.8,4,0.03,0.02,0.45,0.16,5,0.6,20,0.5,,,,,,PRUNED
4660,-0.5641855350590947,2026-05-12 18:06:18.606878,2026-05-12 18:06:22.545891,0 days 00:00:03.939013,0.35,0.9,3,0.03,0.01,0.45,0.12,3,0.5,10,0.5,,,,,,PRUNED
4661,-0.5530052591027685,2026-05-12 18:06:22.573085,2026-05-12 18:06:28.230752,0 days 00:00:05.657667,0.25,0.9,2,0.05,0.02,0.3,0.12,5,0.7,5,0.65,,,,,,PRUNED
4662,-0.5133639404786982,2026-05-12 18:06:28.258013,2026-05-12 18:06:32.453016,0 days 00:00:04.195003,0.35,0.9,4,0.03,0.02,0.6,0.12,4,0.7,20,0.5,,,,,,PRUNED
4663,-0.48076581545182967,2026-05-12 18:06:32.481445,2026-05-12 18:06:37.260368,0 days 00:00:04.778923,0.35,0.7,2,0.05,0.01,0.45,0.16,5,0.6,20,0.8,,,,,,PRUNED
4664,-0.5179924623587872,2026-05-12 18:06:37.287364,2026-05-12 18:06:37.873417,0 days 00:00:00.586053,0.45,0.7,2,0.05,0.02,0.6,0.08,6,0.5,20,0.8,-0.39108387647623727,-0.030830266507629607,0.2538171717650998,0.36025360996860767,,COMPLETE
