number,value,datetime_start,datetime_complete,duration,params_BEAR_RATIO,params_BULL_RATIO,params_GRID_MAX_LAYER,params_GRID_STEP_MAX,params_GRID_STEP_MIN,params_GRID_STEP_VOL_FACTOR,params_LAYER_FRACTION,params_MAX_HOLD,params_NEUTRAL_RATIO,params_REBALANCE_FREQ,params_VOL_WEIGHT,user_attrs_avg_test_score,user_attrs_avg_train_score,user_attrs_test_score_std,user_attrs_train_test_gap,user_attrs_validation_error,state
2083,-0.41145313209857104,2026-05-12 15:56:48.025923,2026-05-12 15:56:48.349445,0 days 00:00:00.323522,0.45,0.7,2,0.05,0.02,0.3,0.08,6,0.5,10,0.8,,,,,,PRUNED
2084,-0.43517185891140797,2026-05-12 15:56:48.375241,2026-05-12 15:56:53.767374,0 days 00:00:05.392133,0.45,0.9,2,0.05,0.02,0.6,0.08,6,0.5,10,0.65,,,,,,PRUNED
2085,-0.5031965733035434,2026-05-12 15:56:53.795337,2026-05-12 15:56:58.002024,0 days 00:00:04.206687,0.35,0.8,3,0.03,0.01,0.3,0.12,4,0.7,20,0.5,,,,,,PRUNED
2086,-0.5766915889648762,2026-05-12 15:56:58.028553,2026-05-12 15:56:58.380565,0 days 00:00:00.352012,0.45,0.7,2,0.05,0.02,0.6,0.12,3,0.5,20,0.8,,,,,,PRUNED
2087,-0.5444967444624679,2026-05-12 15:56:58.405784,2026-05-12 15:57:03.802528,0 days 00:00:05.396744,0.25,0.8,4,0.03,0.02,0.3,0.12,6,0.6,10,0.5,,,,,,PRUNED
2088,-9999.0,2026-05-12 15:57:03.825609,2026-05-12 15:57:04.094808,0 days 00:00:00.269199,0.35,0.7,2,0.05,0.01,0.3,0.08,5,0.7,5,0.8,,,,,BEAR_RATIO < NEUTRAL_RATIO < BULL_RATIO 约束违反: 0.35 / 0.7 / 0.7,COMPLETE
2089,-0.45456110486561263,2026-05-12 15:57:04.118585,2026-05-12 15:57:09.924329,0 days 00:00:05.805744,0.45,0.9,2,0.03,0.02,0.6,0.08,6,0.5,20,0.5,,,,,,PRUNED
2090,-0.43223096142417294,2026-05-12 15:57:09.949875,2026-05-12 15:57:10.291329,0 days 00:00:00.341454,0.45,0.9,2,0.05,0.02,0.6,0.08,6,0.5,20,0.65,,,,,,PRUNED
2091,-0.5101683503153952,2026-05-12 15:57:10.335690,2026-05-12 15:57:15.553655,0 days 00:00:05.217965,0.35,0.8,4,0.03,0.01,0.3,0.12,6,0.6,10,0.65,,,,,,PRUNED
2092,-0.605864298575118,2026-05-12 15:57:15.579016,2026-05-12 15:57:19.033677,0 days 00:00:03.454661,0.45,0.9,2,0.03,0.01,0.6,0.12,3,0.5,20,0.8,,,,,,PRUNED
2093,-0.4092788272711371,2026-05-12 15:57:19.058525,2026-05-12 15:57:19.397073,0 days 00:00:00.338548,0.45,0.7,3,0.05,0.02,0.6,0.08,6,0.5,20,0.8,,,,,,PRUNED
2094,-0.4621003659969164,2026-05-12 15:57:19.420247,2026-05-12 15:57:24.139882,0 days 00:00:04.719635,0.35,0.8,2,0.05,0.02,0.6,0.08,6,0.6,20,0.8,,,,,,PRUNED
2095,-0.5739853679128459,2026-05-12 15:57:24.164286,2026-05-12 15:57:24.490488,0 days 00:00:00.326202,0.45,0.7,4,0.05,0.02,0.6,0.08,3,0.5,20,0.8,,,,,,PRUNED
2096,-0.48295275816950994,2026-05-12 15:57:24.515216,2026-05-12 15:57:29.480983,0 days 00:00:04.965767,0.45,0.7,3,0.03,0.01,0.6,0.16,5,0.6,10,0.8,,,,,,PRUNED
2097,-0.434017431204229,2026-05-12 15:57:29.503840,2026-05-12 15:57:29.830213,0 days 00:00:00.326373,0.35,0.7,2,0.05,0.02,0.6,0.08,6,0.5,10,0.8,,,,,,PRUNED
2098,-0.4753972547380694,2026-05-12 15:57:29.858200,2026-05-12 15:57:33.885407,0 days 00:00:04.027207,0.25,0.7,3,0.05,0.01,0.6,0.12,4,0.6,20,0.65,,,,,,PRUNED
2099,-0.410125315542252,2026-05-12 15:57:33.909266,2026-05-12 15:57:34.264552,0 days 00:00:00.355286,0.45,0.7,4,0.05,0.02,0.6,0.08,6,0.5,20,0.65,,,,,,PRUNED
2100,-0.4542540227270405,2026-05-12 15:57:34.289840,2026-05-12 15:57:39.240633,0 days 00:00:04.950793,0.45,0.7,4,0.03,0.01,0.6,0.12,6,0.5,20,0.65,,,,,,PRUNED
2101,-0.635658507083373,2026-05-12 15:57:39.266466,2026-05-12 15:57:42.949148,0 days 00:00:03.682682,0.35,0.8,4,0.03,0.02,0.6,0.08,3,0.7,20,0.65,,,,,,PRUNED
2102,-0.5179924623587872,2026-05-12 15:57:42.975601,2026-05-12 15:57:43.506647,0 days 00:00:00.531046,0.45,0.7,2,0.05,0.01,0.6,0.08,6,0.5,20,0.8,-0.39108387647623727,-0.030830266507629607,0.2538171717650998,0.36025360996860767,,COMPLETE
2103,-0.4748662438748998,2026-05-12 15:57:43.531021,2026-05-12 15:57:48.074451,0 days 00:00:04.543430,0.35,0.8,2,0.05,0.02,0.3,0.08,5,0.6,20,0.5,,,,,,PRUNED
2104,-0.47942790867721596,2026-05-12 15:57:48.099694,2026-05-12 15:57:49.938493,0 days 00:00:01.838799,0.45,0.9,4,0.03,0.02,0.45,0.08,4,0.6,10,0.5,,,,,,PRUNED
2105,-9999.0,2026-05-12 15:57:49.963079,2026-05-12 15:57:50.240998,0 days 00:00:00.277919,0.45,0.7,3,0.05,0.02,0.6,0.12,6,0.7,20,0.65,,,,,BEAR_RATIO < NEUTRAL_RATIO < BULL_RATIO 约束违反: 0.45 / 0.7 / 0.7,COMPLETE
2106,-0.42290957988043265,2026-05-12 15:57:50.265182,2026-05-12 15:57:50.602733,0 days 00:00:00.337551,0.45,0.7,2,0.05,0.02,0.6,0.08,6,0.6,10,0.8,,,,,,PRUNED
2107,-0.55267251229643,2026-05-12 15:57:50.629131,2026-05-12 15:57:57.270324,0 days 00:00:06.641193,0.25,0.8,3,0.03,0.02,0.45,0.08,6,0.7,5,0.8,,,,,,PRUNED
2108,-0.43906711850777125,2026-05-12 15:57:57.296702,2026-05-12 15:58:01.473178,0 days 00:00:04.176476,0.45,0.7,4,0.05,0.01,0.3,0.08,4,0.6,20,0.65,,,,,,PRUNED
2109,-0.4464090857388337,2026-05-12 15:58:01.500172,2026-05-12 15:58:06.371674,0 days 00:00:04.871502,0.45,0.7,4,0.05,0.02,0.6,0.16,5,0.5,20,0.65,,,,,,PRUNED
2110,-0.5241054316492093,2026-05-12 15:58:06.398906,2026-05-12 15:58:10.695347,0 days 00:00:04.296441,0.35,0.8,4,0.03,0.02,0.45,0.16,4,0.7,20,0.65,,,,,,PRUNED
2111,-0.46554085148044305,2026-05-12 15:58:10.720647,2026-05-12 15:58:15.792972,0 days 00:00:05.072325,0.45,0.8,4,0.03,0.01,0.45,0.12,6,0.5,20,0.8,,,,,,PRUNED
2112,-0.48555756418220786,2026-05-12 15:58:15.820204,2026-05-12 15:58:20.070179,0 days 00:00:04.249975,0.25,0.8,2,0.05,0.02,0.45,0.16,4,0.5,10,0.65,,,,,,PRUNED
2113,-0.5332296899985449,2026-05-12 15:58:20.096140,2026-05-12 15:58:23.860575,0 days 00:00:03.764435,0.35,0.7,4,0.05,0.02,0.6,0.12,3,0.5,10,0.8,,,,,,PRUNED
2114,-0.48397165528127967,2026-05-12 15:58:23.883527,2026-05-12 15:58:24.191445,0 days 00:00:00.307918,0.25,0.7,2,0.05,0.02,0.6,0.08,6,0.6,20,0.8,,,,,,PRUNED
2115,-0.47446153127391005,2026-05-12 15:58:24.215518,2026-05-12 15:58:29.056996,0 days 00:00:04.841478,0.45,0.7,4,0.05,0.01,0.3,0.12,4,0.5,5,0.8,,,,,,PRUNED
2116,-0.47111197326805565,2026-05-12 15:58:29.078656,2026-05-12 15:58:33.423125,0 days 00:00:04.344469,0.45,0.8,4,0.03,0.01,0.45,0.12,4,0.5,10,0.5,,,,,,PRUNED
2117,-0.5179924623587872,2026-05-12 15:58:33.447969,2026-05-12 15:58:32.087990,-1 days +23:59:58.640021,0.45,0.7,2,0.05,0.02,0.6,0.08,6,0.5,20,0.8,-0.39108387647623727,-0.030830266507629607,0.2538171717650998,0.36025360996860767,,COMPLETE
2118,-0.5513734524652921,2026-05-12 15:58:32.114114,2026-05-12 15:58:37.699054,0 days 00:00:05.584940,0.25,0.9,2,0.05,0.01,0.3,0.16,5,0.6,5,0.8,,,,,,PRUNED
2119,-0.6147277332032801,2026-05-12 15:58:37.744742,2026-05-12 15:58:41.273803,0 days 00:00:03.529061,0.25,0.8,4,0.05,0.02,0.3,0.12,3,0.5,20,0.8,,,,,,PRUNED
2120,-0.44328603688297663,2026-05-12 15:58:41.296576,2026-05-12 15:58:46.265397,0 days 00:00:04.968821,0.45,0.9,2,0.05,0.02,0.6,0.12,6,0.5,20,0.65,,,,,,PRUNED
2121,-0.49251473451475863,2026-05-12 15:58:46.293860,2026-05-12 15:58:51.964182,0 days 00:00:05.670322,0.25,0.7,2,0.05,0.02,0.3,0.12,6,0.5,20,0.8,,,,,,PRUNED
2122,-0.5717960450958951,2026-05-12 15:58:51.990167,2026-05-12 15:58:56.504114,0 days 00:00:04.513947,0.25,0.8,3,0.03,0.02,0.3,0.16,3,0.7,5,0.65,,,,,,PRUNED
2123,-0.5179924623587872,2026-05-12 15:58:56.528294,2026-05-12 15:58:57.036199,0 days 00:00:00.507905,0.45,0.7,2,0.05,0.02,0.6,0.08,6,0.5,20,0.8,-0.39108387647623727,-0.030830266507629607,0.2538171717650998,0.36025360996860767,,COMPLETE
2124,-0.42357363260304626,2026-05-12 15:58:57.059874,2026-05-12 15:58:57.391982,0 days 00:00:00.332108,0.45,0.7,2,0.05,0.02,0.6,0.08,6,0.6,20,0.8,,,,,,PRUNED
2125,-0.48295275816950994,2026-05-12 15:58:57.418111,2026-05-12 15:59:02.361138,0 days 00:00:04.943027,0.45,0.7,3,0.03,0.02,0.45,0.16,5,0.6,10,0.65,,,,,,PRUNED
2126,-0.5306835459869904,2026-05-12 15:59:02.406588,2026-05-12 15:59:05.959452,0 days 00:00:03.552864,0.25,0.7,3,0.03,0.02,0.6,0.12,6,0.6,20,0.5,,,,,,PRUNED
2127,-0.49163315175920747,2026-05-12 15:59:05.981838,2026-05-12 15:59:10.044094,0 days 00:00:04.062256,0.25,0.8,4,0.05,0.02,0.45,0.12,4,0.7,20,0.5,,,,,,PRUNED
2128,-9999.0,2026-05-12 15:59:10.073170,2026-05-12 15:59:10.377273,0 days 00:00:00.304103,0.45,0.7,4,0.05,0.02,0.3,0.16,4,0.7,10,0.5,,,,,BEAR_RATIO < NEUTRAL_RATIO < BULL_RATIO 约束违反: 0.45 / 0.7 / 0.7,COMPLETE
2129,-0.5180982163829158,2026-05-12 15:59:10.403016,2026-05-12 15:59:15.770994,0 days 00:00:05.367978,0.35,0.8,2,0.03,0.01,0.3,0.16,6,0.5,10,0.5,,,,,,PRUNED
2130,-0.5179924623587872,2026-05-12 15:59:15.797633,2026-05-12 15:59:16.318632,0 days 00:00:00.520999,0.45,0.7,2,0.05,0.02,0.6,0.08,6,0.5,20,0.8,-0.39108387647623727,-0.030830266507629607,0.2538171717650998,0.36025360996860767,,COMPLETE
2131,-0.5179924623587872,2026-05-12 15:59:16.465795,2026-05-12 15:59:16.942299,0 days 00:00:00.476504,0.45,0.7,2,0.05,0.02,0.6,0.08,6,0.5,20,0.8,-0.39108387647623727,-0.030830266507629607,0.2538171717650998,0.36025360996860767,,COMPLETE
2132,-0.5179924623587872,2026-05-12 15:59:16.964204,2026-05-12 15:59:17.414015,0 days 00:00:00.449811,0.45,0.7,2,0.05,0.02,0.6,0.08,6,0.5,20,0.8,-0.39108387647623727,-0.030830266507629607,0.2538171717650998,0.36025360996860767,,COMPLETE
2133,-0.5180274069596594,2026-05-12 15:59:17.435459,2026-05-12 15:59:22.863175,0 days 00:00:05.427716,0.35,0.8,4,0.03,0.01,0.3,0.16,6,0.5,10,0.8,,,,,,PRUNED
2134,-0.5558963648302271,2026-05-12 15:59:22.889516,2026-05-12 15:59:28.806600,0 days 00:00:05.917084,0.25,0.9,2,0.03,0.02,0.6,0.08,6,0.6,5,0.8,,,,,,PRUNED
2135,-0.5179924623587872,2026-05-12 15:59:28.829833,2026-05-12 15:59:29.351493,0 days 00:00:00.521660,0.45,0.7,2,0.05,0.02,0.6,0.08,6,0.5,20,0.8,-0.39108387647623727,-0.030830266507629607,0.2538171717650998,0.36025360996860767,,COMPLETE
2136,-0.5615913614404618,2026-05-12 15:59:29.375354,2026-05-12 15:59:33.018897,0 days 00:00:03.643543,0.25,0.8,2,0.05,0.02,0.45,0.08,3,0.7,10,0.65,,,,,,PRUNED
2137,-9999.0,2026-05-12 15:59:33.043504,2026-05-12 15:59:33.316301,0 days 00:00:00.272797,0.25,0.7,4,0.05,0.02,0.3,0.08,3,0.7,20,0.5,,,,,BEAR_RATIO < NEUTRAL_RATIO < BULL_RATIO 约束违反: 0.25 / 0.7 / 0.7,COMPLETE
2138,-0.45456110486561263,2026-05-12 15:59:33.343484,2026-05-12 15:59:33.665400,0 days 00:00:00.321916,0.45,0.9,2,0.03,0.02,0.6,0.08,6,0.5,20,0.8,,,,,,PRUNED
2139,-0.4577059413734039,2026-05-12 15:59:33.689444,2026-05-12 15:59:37.165791,0 days 00:00:03.476347,0.35,0.9,2,0.05,0.02,0.6,0.08,6,0.5,20,0.5,,,,,,PRUNED
2140,-0.5179924623587872,2026-05-12 15:59:37.208129,2026-05-12 15:59:37.718261,0 days 00:00:00.510132,0.45,0.7,2,0.05,0.02,0.6,0.08,6,0.5,20,0.8,-0.39108387647623727,-0.030830266507629607,0.2538171717650998,0.36025360996860767,,COMPLETE
2141,-0.5179924623587872,2026-05-12 15:59:37.741734,2026-05-12 15:59:38.234264,0 days 00:00:00.492530,0.45,0.7,2,0.05,0.02,0.6,0.08,6,0.5,20,0.8,-0.39108387647623727,-0.030830266507629607,0.2538171717650998,0.36025360996860767,,COMPLETE
2142,-0.4455304405241618,2026-05-12 15:59:38.258024,2026-05-12 15:59:42.714940,0 days 00:00:04.456916,0.45,0.7,2,0.03,0.02,0.3,0.08,4,0.5,10,0.5,,,,,,PRUNED
2143,-0.47112866201111886,2026-05-12 15:59:42.741305,2026-05-12 15:59:48.595155,0 days 00:00:05.853850,0.45,0.9,2,0.03,0.01,0.45,0.08,5,0.6,10,0.5,,,,,,PRUNED
2144,-0.4978633661570781,2026-05-12 15:59:48.619439,2026-05-12 15:59:54.552553,0 days 00:00:05.933114,0.35,0.9,2,0.03,0.02,0.6,0.08,6,0.5,5,0.5,,,,,,PRUNED
2145,-0.4340420236156212,2026-05-12 15:59:54.576120,2026-05-12 15:59:59.610201,0 days 00:00:05.034081,0.45,0.8,3,0.05,0.02,0.6,0.12,6,0.5,20,0.8,,,,,,PRUNED
2146,-0.5298381211850296,2026-05-12 15:59:59.632302,2026-05-12 16:00:04.460601,0 days 00:00:04.828299,0.35,0.8,3,0.03,0.01,0.3,0.12,4,0.5,5,0.8,,,,,,PRUNED
2147,-0.44719969144063537,2026-05-12 16:00:04.486093,2026-05-12 16:00:09.480468,0 days 00:00:04.994375,0.35,0.7,2,0.05,0.01,0.6,0.12,6,0.5,20,0.8,,,,,,PRUNED
2148,-0.4213231947291116,2026-05-12 16:00:09.501832,2026-05-12 16:00:09.843152,0 days 00:00:00.341320,0.45,0.7,2,0.05,0.02,0.6,0.08,4,0.5,20,0.8,,,,,,PRUNED
2149,-0.4479159107761399,2026-05-12 16:00:09.865914,2026-05-12 16:00:15.399027,0 days 00:00:05.533113,0.35,0.7,3,0.05,0.01,0.6,0.08,5,0.5,5,0.8,,,,,,PRUNED
2150,-0.50213363937389,2026-05-12 16:00:15.426525,2026-05-12 16:00:19.737169,0 days 00:00:04.310644,0.25,0.7,2,0.03,0.01,0.6,0.12,4,0.6,10,0.8,,,,,,PRUNED
2151,-0.4359975780076848,2026-05-12 16:00:19.762083,2026-05-12 16:00:23.799659,0 days 00:00:04.037576,0.45,0.7,4,0.05,0.02,0.6,0.08,6,0.6,5,0.5,,,,,,PRUNED
2152,-0.49150492248854444,2026-05-12 16:00:23.826737,2026-05-12 16:00:28.473682,0 days 00:00:04.646945,0.35,0.9,4,0.03,0.01,0.3,0.08,5,0.5,20,0.65,,,,,,PRUNED
2153,-0.4242910183560481,2026-05-12 16:00:28.498234,2026-05-12 16:00:28.885419,0 days 00:00:00.387185,0.45,0.7,2,0.05,0.02,0.6,0.08,5,0.5,20,0.5,,,,,,PRUNED
2154,-0.48130406009156107,2026-05-12 16:00:28.911268,2026-05-12 16:00:33.370268,0 days 00:00:04.459000,0.25,0.8,2,0.05,0.02,0.6,0.08,4,0.6,10,0.65,,,,,,PRUNED
2155,-0.484255710666019,2026-05-12 16:00:33.394072,2026-05-12 16:00:38.382420,0 days 00:00:04.988348,0.35,0.8,2,0.03,0.01,0.45,0.08,6,0.6,20,0.5,,,,,,PRUNED
2156,-0.49038344846558,2026-05-12 16:00:38.425847,2026-05-12 16:00:44.190618,0 days 00:00:05.764771,0.45,0.7,2,0.05,0.01,0.45,0.16,4,0.6,5,0.5,,,,,,PRUNED
2157,-9999.0,2026-05-12 16:00:44.217258,2026-05-12 16:00:44.505932,0 days 00:00:00.288674,0.45,0.7,2,0.05,0.01,0.45,0.08,6,0.7,20,0.8,,,,,BEAR_RATIO < NEUTRAL_RATIO < BULL_RATIO 约束违反: 0.45 / 0.7 / 0.7,COMPLETE
2158,-0.4805595612689505,2026-05-12 16:00:44.530467,2026-05-12 16:00:49.678863,0 days 00:00:05.148396,0.45,0.7,2,0.05,0.02,0.6,0.08,4,0.6,5,0.8,,,,,,PRUNED
2159,-0.41966843205749144,2026-05-12 16:00:49.705588,2026-05-12 16:00:50.046199,0 days 00:00:00.340611,0.45,0.8,2,0.05,0.02,0.45,0.08,6,0.5,20,0.8,,,,,,PRUNED
2160,-0.45327157140753815,2026-05-12 16:00:50.069112,2026-05-12 16:00:54.954383,0 days 00:00:04.885271,0.45,0.8,2,0.05,0.02,0.3,0.08,6,0.7,20,0.8,,,,,,PRUNED
2161,-0.5819638576325634,2026-05-12 16:00:54.978825,2026-05-12 16:00:55.322265,0 days 00:00:00.343440,0.35,0.7,2,0.05,0.02,0.6,0.08,3,0.5,20,0.8,,,,,,PRUNED
2162,-9999.0,2026-05-12 16:00:55.346970,2026-05-12 16:00:55.616759,0 days 00:00:00.269789,0.45,0.7,3,0.03,0.02,0.3,0.08,5,0.7,10,0.5,,,,,BEAR_RATIO < NEUTRAL_RATIO < BULL_RATIO 约束违反: 0.45 / 0.7 / 0.7,COMPLETE
2163,-0.5235182998415652,2026-05-12 16:00:55.643266,2026-05-12 16:01:00.519494,0 days 00:00:04.876228,0.45,0.9,2,0.03,0.01,0.6,0.08,4,0.6,5,0.5,,,,,,PRUNED
2164,-9999.0,2026-05-12 16:01:00.543571,2026-05-12 16:01:00.811520,0 days 00:00:00.267949,0.45,0.7,4,0.03,0.01,0.3,0.08,3,0.7,10,0.5,,,,,BEAR_RATIO < NEUTRAL_RATIO < BULL_RATIO 约束违反: 0.45 / 0.7 / 0.7,COMPLETE
2165,-0.49933218116375394,2026-05-12 16:01:00.838866,2026-05-12 16:01:01.127050,0 days 00:00:00.288184,0.25,0.7,2,0.05,0.02,0.6,0.16,6,0.5,20,0.8,,,,,,PRUNED
2166,-0.47441457244516044,2026-05-12 16:01:01.149262,2026-05-12 16:01:01.424158,0 days 00:00:00.274896,0.25,0.7,2,0.05,0.02,0.6,0.08,6,0.5,20,0.8,,,,,,PRUNED
2167,-9999.0,2026-05-12 16:01:01.443277,2026-05-12 16:01:01.658079,0 days 00:00:00.214802,0.45,0.7,3,0.03,0.01,0.6,0.12,4,0.7,10,0.65,,,,,BEAR_RATIO < NEUTRAL_RATIO < BULL_RATIO 约束违反: 0.45 / 0.7 / 0.7,COMPLETE
2168,-0.4914789155608679,2026-05-12 16:01:01.678595,2026-05-12 16:01:06.432874,0 days 00:00:04.754279,0.35,0.7,4,0.05,0.02,0.6,0.08,4,0.5,5,0.5,,,,,,PRUNED
2169,-0.43663457210592366,2026-05-12 16:01:06.473817,2026-05-12 16:01:09.942088,0 days 00:00:03.468271,0.45,0.9,3,0.05,0.02,0.6,0.08,6,0.5,10,0.8,,,,,,PRUNED
2170,-9999.0,2026-05-12 16:01:09.968724,2026-05-12 16:01:10.243326,0 days 00:00:00.274602,0.35,0.7,2,0.03,0.02,0.3,0.12,4,0.7,5,0.65,,,,,BEAR_RATIO < NEUTRAL_RATIO < BULL_RATIO 约束违反: 0.35 / 0.7 / 0.7,COMPLETE
2171,-0.44719969144063537,2026-05-12 16:01:10.268570,2026-05-12 16:01:10.583231,0 days 00:00:00.314661,0.35,0.7,2,0.05,0.02,0.6,0.12,6,0.5,20,0.8,,,,,,PRUNED
2172,-9999.0,2026-05-12 16:01:10.608657,2026-05-12 16:01:10.891879,0 days 00:00:00.283222,0.45,0.7,4,0.05,0.01,0.6,0.16,4,0.7,20,0.5,,,,,BEAR_RATIO < NEUTRAL_RATIO < BULL_RATIO 约束违反: 0.45 / 0.7 / 0.7,COMPLETE
2173,-0.42630634949312973,2026-05-12 16:01:10.913854,2026-05-12 16:01:11.224375,0 days 00:00:00.310521,0.45,0.7,2,0.05,0.02,0.6,0.12,6,0.5,5,0.8,,,,,,PRUNED
2174,-0.4822903620064686,2026-05-12 16:01:11.247737,2026-05-12 16:01:15.705185,0 days 00:00:04.457448,0.45,0.7,4,0.03,0.02,0.45,0.16,5,0.5,20,0.5,,,,,,PRUNED
2175,-0.4242910183560481,2026-05-12 16:01:15.727742,2026-05-12 16:01:16.082654,0 days 00:00:00.354912,0.45,0.7,2,0.05,0.02,0.6,0.08,5,0.5,20,0.65,,,,,,PRUNED
2176,-0.47637002701430087,2026-05-12 16:01:16.106958,2026-05-12 16:01:20.404408,0 days 00:00:04.297450,0.25,0.7,3,0.05,0.02,0.6,0.16,4,0.5,20,0.5,,,,,,PRUNED
2177,-0.42743124794033643,2026-05-12 16:01:20.430682,2026-05-12 16:01:25.499427,0 days 00:00:05.068745,0.45,0.7,4,0.05,0.01,0.6,0.08,6,0.6,20,0.8,,,,,,PRUNED
2178,-0.4576284152292912,2026-05-12 16:01:25.528355,2026-05-12 16:01:29.699942,0 days 00:00:04.171587,0.45,0.8,4,0.05,0.01,0.6,0.12,4,0.6,20,0.65,,,,,,PRUNED
2179,-0.5179924623587872,2026-05-12 16:01:29.726421,2026-05-12 16:01:30.266772,0 days 00:00:00.540351,0.45,0.7,2,0.05,0.02,0.6,0.08,6,0.5,20,0.8,-0.39108387647623727,-0.030830266507629607,0.2538171717650998,0.36025360996860767,,COMPLETE
2180,-0.4092137988646166,2026-05-12 16:01:30.293894,2026-05-12 16:01:30.672287,0 days 00:00:00.378393,0.45,0.7,2,0.05,0.02,0.6,0.08,6,0.5,10,0.8,,,,,,PRUNED
2181,-0.46660099071859085,2026-05-12 16:01:30.700306,2026-05-12 16:01:34.878321,0 days 00:00:04.178015,0.35,0.9,3,0.05,0.01,0.3,0.12,4,0.5,20,0.8,,,,,,PRUNED
2182,-0.43076574008516644,2026-05-12 16:01:34.903309,2026-05-12 16:01:39.248315,0 days 00:00:04.345006,0.45,0.7,3,0.03,0.02,0.45,0.08,6,0.5,20,0.8,,,,,,PRUNED
2183,-0.6147895678856595,2026-05-12 16:01:39.274306,2026-05-12 16:01:42.680180,0 days 00:00:03.405874,0.45,0.8,2,0.05,0.02,0.6,0.08,3,0.7,20,0.8,,,,,,PRUNED
2184,-0.5574839464240224,2026-05-12 16:01:42.705312,2026-05-12 16:01:48.267543,0 days 00:00:05.562231,0.25,0.8,4,0.05,0.02,0.3,0.16,5,0.7,5,0.5,,,,,,PRUNED
2185,-0.5186990444004056,2026-05-12 16:01:48.293753,2026-05-12 16:01:53.870933,0 days 00:00:05.577180,0.25,0.8,3,0.05,0.02,0.45,0.12,5,0.5,5,0.8,,,,,,PRUNED
2186,-0.5122709106134906,2026-05-12 16:01:53.897306,2026-05-12 16:01:59.126548,0 days 00:00:05.229242,0.25,0.9,3,0.05,0.02,0.45,0.08,6,0.7,10,0.5,,,,,,PRUNED
2187,-0.5318915032362425,2026-05-12 16:01:59.154934,2026-05-12 16:02:04.180739,0 days 00:00:05.025805,0.35,0.8,4,0.03,0.01,0.3,0.16,5,0.7,10,0.65,,,,,,PRUNED
2188,-0.4296411080598753,2026-05-12 16:02:04.204841,2026-05-12 16:02:04.559486,0 days 00:00:00.354645,0.45,0.7,2,0.05,0.02,0.6,0.16,6,0.5,20,0.8,,,,,,PRUNED
2189,-0.5086362290354483,2026-05-12 16:02:04.584626,2026-05-12 16:02:08.420343,0 days 00:00:03.835717,0.25,0.7,3,0.03,0.02,0.45,0.12,5,0.5,10,0.65,,,,,,PRUNED
2190,-0.4632912439001292,2026-05-12 16:02:08.445575,2026-05-12 16:02:12.496886,0 days 00:00:04.051311,0.35,0.8,2,0.05,0.01,0.45,0.08,4,0.7,20,0.65,,,,,,PRUNED
2191,-0.6384185748794681,2026-05-12 16:02:12.522111,2026-05-12 16:02:15.944227,0 days 00:00:03.422116,0.25,0.9,4,0.05,0.01,0.3,0.16,3,0.6,20,0.5,,,,,,PRUNED
2192,-0.40932570196215795,2026-05-12 16:02:15.970981,2026-05-12 16:02:20.776503,0 days 00:00:04.805522,0.45,0.7,4,0.05,0.02,0.45,0.08,6,0.5,20,0.5,,,,,,PRUNED
2193,-9999.0,2026-05-12 16:02:20.800536,2026-05-12 16:02:21.106898,0 days 00:00:00.306362,0.35,0.7,2,0.03,0.02,0.6,0.16,3,0.7,10,0.5,,,,,BEAR_RATIO < NEUTRAL_RATIO < BULL_RATIO 约束违反: 0.35 / 0.7 / 0.7,COMPLETE
2194,-0.4464754396709185,2026-05-12 16:02:21.133599,2026-05-12 16:02:21.459508,0 days 00:00:00.325909,0.45,0.9,2,0.05,0.02,0.6,0.08,6,0.6,20,0.8,,,,,,PRUNED
2195,-0.6353179595801469,2026-05-12 16:02:21.484492,2026-05-12 16:02:24.920138,0 days 00:00:03.435646,0.25,0.8,4,0.05,0.02,0.45,0.12,3,0.7,20,0.65,,,,,,PRUNED
2196,-0.49878141940690474,2026-05-12 16:02:24.948238,2026-05-12 16:02:29.884103,0 days 00:00:04.935865,0.25,0.9,2,0.05,0.01,0.6,0.08,6,0.5,20,0.8,,,,,,PRUNED
2197,-0.4235393629303933,2026-05-12 16:02:29.924556,2026-05-12 16:02:35.679351,0 days 00:00:05.754795,0.45,0.7,4,0.05,0.02,0.6,0.12,6,0.5,20,0.5,,,,,,PRUNED
2198,-9999.0,2026-05-12 16:02:35.705285,2026-05-12 16:02:36.012753,0 days 00:00:00.307468,0.45,0.7,2,0.05,0.02,0.6,0.12,6,0.7,20,0.8,,,,,BEAR_RATIO < NEUTRAL_RATIO < BULL_RATIO 约束违反: 0.45 / 0.7 / 0.7,COMPLETE
2199,-0.6244356290165394,2026-05-12 16:02:36.036250,2026-05-12 16:02:39.450723,0 days 00:00:03.414473,0.25,0.9,4,0.03,0.01,0.3,0.08,3,0.5,20,0.5,,,,,,PRUNED
2200,-0.5181138948239802,2026-05-12 16:02:39.474366,2026-05-12 16:02:43.543517,0 days 00:00:04.069151,0.35,0.8,2,0.03,0.01,0.45,0.12,6,0.7,10,0.8,,,,,,PRUNED
2201,-9999.0,2026-05-12 16:02:43.567889,2026-05-12 16:02:43.914835,0 days 00:00:00.346946,0.35,0.7,3,0.05,0.02,0.6,0.08,4,0.7,10,0.8,,,,,BEAR_RATIO < NEUTRAL_RATIO < BULL_RATIO 约束违反: 0.35 / 0.7 / 0.7,COMPLETE
2202,-0.4907800811972503,2026-05-12 16:02:43.937988,2026-05-12 16:02:48.325708,0 days 00:00:04.387720,0.25,0.7,4,0.05,0.02,0.45,0.16,4,0.6,10,0.8,,,,,,PRUNED
2203,-0.5179924623587872,2026-05-12 16:02:48.350497,2026-05-12 16:02:48.854471,0 days 00:00:00.503974,0.45,0.7,2,0.05,0.02,0.6,0.08,6,0.5,20,0.8,-0.39108387647623727,-0.030830266507629607,0.2538171717650998,0.36025360996860767,,COMPLETE
2204,-0.4937819395028533,2026-05-12 16:02:48.879307,2026-05-12 16:02:53.840238,0 days 00:00:04.960931,0.35,0.8,3,0.03,0.01,0.3,0.12,6,0.5,20,0.65,,,,,,PRUNED
2205,-0.4598158671070155,2026-05-12 16:02:53.866316,2026-05-12 16:02:59.531367,0 days 00:00:05.665051,0.45,0.9,3,0.05,0.02,0.45,0.16,5,0.5,5,0.8,,,,,,PRUNED
2206,-0.5195419115111064,2026-05-12 16:02:59.557788,2026-05-12 16:03:04.550285,0 days 00:00:04.992497,0.25,0.9,4,0.05,0.02,0.6,0.12,5,0.6,10,0.8,,,,,,PRUNED
2207,-0.4435735794932846,2026-05-12 16:03:04.577378,2026-05-12 16:03:10.417901,0 days 00:00:05.840523,0.45,0.9,3,0.05,0.02,0.6,0.08,6,0.5,5,0.8,,,,,,PRUNED
2208,-0.44786475625500555,2026-05-12 16:03:10.441555,2026-05-12 16:03:10.768914,0 days 00:00:00.327359,0.45,0.7,2,0.03,0.02,0.6,0.08,6,0.6,20,0.8,,,,,,PRUNED
2209,-0.41145313209857104,2026-05-12 16:03:10.796076,2026-05-12 16:03:14.747183,0 days 00:00:03.951107,0.45,0.7,2,0.05,0.02,0.3,0.08,6,0.5,10,0.65,,,,,,PRUNED
