number,value,datetime_start,datetime_complete,duration,params_BEAR_RATIO,params_BULL_RATIO,params_GRID_MAX_LAYER,params_GRID_STEP_MAX,params_GRID_STEP_MIN,params_GRID_STEP_VOL_FACTOR,params_LAYER_FRACTION,params_MAX_HOLD,params_NEUTRAL_RATIO,params_REBALANCE_FREQ,params_VOL_WEIGHT,user_attrs_avg_test_score,user_attrs_avg_train_score,user_attrs_test_score_std,user_attrs_train_test_gap,user_attrs_validation_error,state
9668,-0.5825139853896287,2026-05-12 22:16:43.351135,2026-05-12 22:16:43.794219,0 days 00:00:00.443084,0.45,0.7,2,0.03,0.02,0.6,0.08,3,0.5,20,0.8,,,,,,PRUNED
9669,-0.4296411080598753,2026-05-12 22:16:43.822455,2026-05-12 22:16:44.274642,0 days 00:00:00.452187,0.45,0.7,2,0.05,0.02,0.6,0.16,6,0.5,20,0.8,,,,,,PRUNED
9670,-0.5179924623587872,2026-05-12 22:16:44.305829,2026-05-12 22:16:45.010565,0 days 00:00:00.704736,0.45,0.7,2,0.05,0.02,0.6,0.08,6,0.5,20,0.8,-0.39108387647623727,-0.030830266507629607,0.2538171717650998,0.36025360996860767,,COMPLETE
9671,-0.48883801249294623,2026-05-12 22:16:45.038476,2026-05-12 22:16:45.459970,0 days 00:00:00.421494,0.25,0.7,2,0.05,0.02,0.6,0.12,6,0.5,20,0.8,,,,,,PRUNED
9672,-0.41425741193738236,2026-05-12 22:16:45.488998,2026-05-12 22:16:45.933745,0 days 00:00:00.444747,0.45,0.7,2,0.05,0.02,0.6,0.08,6,0.5,5,0.8,,,,,,PRUNED
9673,-0.47042574175581375,2026-05-12 22:16:45.975871,2026-05-12 22:16:50.323217,0 days 00:00:04.347346,0.45,0.8,2,0.03,0.01,0.45,0.12,4,0.5,10,0.65,,,,,,PRUNED
9674,-0.47985387869180185,2026-05-12 22:16:50.351973,2026-05-12 22:16:54.939556,0 days 00:00:04.587583,0.45,0.9,4,0.05,0.01,0.45,0.08,5,0.7,20,0.8,,,,,,PRUNED
9675,-0.5014624618569532,2026-05-12 22:16:54.967646,2026-05-12 22:17:00.609944,0 days 00:00:05.642298,0.25,0.7,4,0.05,0.01,0.3,0.08,6,0.5,5,0.65,,,,,,PRUNED
9676,-0.4396707434457767,2026-05-12 22:17:00.640884,2026-05-12 22:17:04.615487,0 days 00:00:03.974603,0.35,0.7,3,0.05,0.02,0.3,0.08,4,0.5,20,0.65,,,,,,PRUNED
9677,-0.5179924623587872,2026-05-12 22:17:04.648809,2026-05-12 22:17:05.273449,0 days 00:00:00.624640,0.45,0.7,2,0.05,0.01,0.6,0.08,6,0.5,20,0.8,-0.39108387647623727,-0.030830266507629607,0.2538171717650998,0.36025360996860767,,COMPLETE
9678,-0.5179924623587872,2026-05-12 22:17:05.304849,2026-05-12 22:17:05.945239,0 days 00:00:00.640390,0.45,0.7,2,0.05,0.02,0.6,0.08,6,0.5,20,0.8,-0.39108387647623727,-0.030830266507629607,0.2538171717650998,0.36025360996860767,,COMPLETE
9679,-0.5375246146880641,2026-05-12 22:17:05.973211,2026-05-12 22:17:10.583223,0 days 00:00:04.610012,0.25,0.7,3,0.03,0.01,0.45,0.16,5,0.5,20,0.8,,,,,,PRUNED
9680,-0.566738780126697,2026-05-12 22:17:10.615882,2026-05-12 22:17:14.266470,0 days 00:00:03.650588,0.25,0.8,4,0.05,0.01,0.6,0.12,3,0.6,10,0.8,,,,,,PRUNED
9681,-0.6249704791380863,2026-05-12 22:17:14.295944,2026-05-12 22:17:18.641142,0 days 00:00:04.345198,0.45,0.9,4,0.05,0.01,0.6,0.08,3,0.7,20,0.8,,,,,,PRUNED
9682,-0.6069133716086845,2026-05-12 22:17:18.671056,2026-05-12 22:17:22.132637,0 days 00:00:03.461581,0.25,0.7,2,0.03,0.01,0.6,0.08,3,0.5,20,0.8,,,,,,PRUNED
9683,-0.45867425874539186,2026-05-12 22:17:22.162950,2026-05-12 22:17:26.217994,0 days 00:00:04.055044,0.45,0.9,3,0.03,0.01,0.45,0.08,4,0.5,20,0.5,,,,,,PRUNED
9684,-0.4465483562128834,2026-05-12 22:17:26.252033,2026-05-12 22:17:30.573027,0 days 00:00:04.320994,0.45,0.7,2,0.05,0.02,0.6,0.12,3,0.6,5,0.5,,,,,,PRUNED
9685,-0.5330748554979281,2026-05-12 22:17:30.603555,2026-05-12 22:17:35.543199,0 days 00:00:04.939644,0.45,0.9,2,0.03,0.02,0.3,0.16,4,0.5,5,0.8,,,,,,PRUNED
9686,-0.5253215581278894,2026-05-12 22:17:35.573236,2026-05-12 22:17:40.487556,0 days 00:00:04.914320,0.25,0.9,2,0.05,0.01,0.6,0.16,5,0.6,10,0.8,,,,,,PRUNED
9687,-0.42056632138184724,2026-05-12 22:17:40.515935,2026-05-12 22:17:40.975071,0 days 00:00:00.459136,0.45,0.8,2,0.05,0.02,0.6,0.08,6,0.5,20,0.8,,,,,,PRUNED
9688,-0.5179924623587872,2026-05-12 22:17:41.002897,2026-05-12 22:17:41.641432,0 days 00:00:00.638535,0.45,0.7,2,0.05,0.02,0.6,0.08,6,0.5,20,0.8,-0.39108387647623727,-0.030830266507629607,0.2538171717650998,0.36025360996860767,,COMPLETE
9689,-0.43333909441165963,2026-05-12 22:17:41.672813,2026-05-12 22:17:42.105284,0 days 00:00:00.432471,0.35,0.7,2,0.05,0.02,0.6,0.08,6,0.5,20,0.8,,,,,,PRUNED
9690,-0.48319762955571705,2026-05-12 22:17:42.134626,2026-05-12 22:17:47.444181,0 days 00:00:05.309555,0.35,0.7,2,0.03,0.01,0.3,0.12,6,0.5,10,0.65,,,,,,PRUNED
9691,-0.5179924623587872,2026-05-12 22:17:47.474320,2026-05-12 22:17:48.066529,0 days 00:00:00.592209,0.45,0.7,2,0.05,0.02,0.6,0.08,6,0.5,20,0.8,-0.39108387647623727,-0.030830266507629607,0.2538171717650998,0.36025360996860767,,COMPLETE
9692,-0.4170964359595015,2026-05-12 22:17:48.092534,2026-05-12 22:17:48.492719,0 days 00:00:00.400185,0.45,0.7,4,0.05,0.02,0.6,0.08,6,0.5,5,0.8,,,,,,PRUNED
9693,-0.5261050120771306,2026-05-12 22:17:48.517306,2026-05-12 22:17:53.321648,0 days 00:00:04.804342,0.25,0.8,4,0.03,0.02,0.45,0.08,6,0.7,20,0.5,,,,,,PRUNED
9694,-0.6016811167799435,2026-05-12 22:17:53.351867,2026-05-12 22:17:57.078278,0 days 00:00:03.726411,0.35,0.9,2,0.03,0.02,0.3,0.16,3,0.7,10,0.8,,,,,,PRUNED
9695,-0.43223096142417294,2026-05-12 22:17:57.109365,2026-05-12 22:17:57.570193,0 days 00:00:00.460828,0.45,0.9,2,0.05,0.02,0.6,0.08,6,0.5,20,0.8,,,,,,PRUNED
9696,-9999.0,2026-05-12 22:17:57.599654,2026-05-12 22:17:57.975252,0 days 00:00:00.375598,0.45,0.7,2,0.03,0.02,0.6,0.08,6,0.7,20,0.8,,,,,BEAR_RATIO < NEUTRAL_RATIO < BULL_RATIO 约束违反: 0.45 / 0.7 / 0.7,COMPLETE
9697,-0.4976795717566107,2026-05-12 22:17:58.008046,2026-05-12 22:18:02.503859,0 days 00:00:04.495813,0.25,0.9,3,0.05,0.01,0.6,0.16,4,0.5,10,0.8,,,,,,PRUNED
9698,-0.5914952500485726,2026-05-12 22:18:02.532075,2026-05-12 22:18:05.965800,0 days 00:00:03.433725,0.35,0.7,2,0.05,0.02,0.6,0.16,3,0.5,20,0.8,,,,,,PRUNED
9699,-0.5179924623587872,2026-05-12 22:18:05.995007,2026-05-12 22:18:06.617248,0 days 00:00:00.622241,0.45,0.7,2,0.05,0.02,0.6,0.08,6,0.5,20,0.8,-0.39108387647623727,-0.030830266507629607,0.2538171717650998,0.36025360996860767,,COMPLETE
9700,-0.5709583239135815,2026-05-12 22:18:06.647097,2026-05-12 22:18:11.578966,0 days 00:00:04.931869,0.25,0.7,3,0.03,0.01,0.45,0.16,4,0.6,5,0.5,,,,,,PRUNED
9701,-0.4467619369398962,2026-05-12 22:18:11.610049,2026-05-12 22:18:12.057080,0 days 00:00:00.447031,0.45,0.7,2,0.05,0.02,0.6,0.16,6,0.6,20,0.8,,,,,,PRUNED
9702,-0.4750711618387721,2026-05-12 22:18:12.085532,2026-05-12 22:18:16.335567,0 days 00:00:04.250035,0.25,0.7,4,0.05,0.02,0.6,0.12,4,0.5,10,0.8,,,,,,PRUNED
9703,-0.45339360346082486,2026-05-12 22:18:16.363822,2026-05-12 22:18:16.833328,0 days 00:00:00.469506,0.45,0.9,3,0.03,0.02,0.6,0.08,6,0.5,20,0.8,,,,,,PRUNED
9704,-0.5394444572538463,2026-05-12 22:18:16.861366,2026-05-12 22:18:21.784501,0 days 00:00:04.923135,0.45,0.8,2,0.03,0.02,0.3,0.12,4,0.7,5,0.5,,,,,,PRUNED
9705,-0.5684917468768771,2026-05-12 22:18:21.815805,2026-05-12 22:18:27.051902,0 days 00:00:05.236097,0.25,0.9,3,0.03,0.02,0.6,0.12,3,0.7,5,0.65,,,,,,PRUNED
9706,-0.5191066323886888,2026-05-12 22:18:27.082127,2026-05-12 22:18:32.651997,0 days 00:00:05.569870,0.45,0.9,2,0.03,0.01,0.3,0.16,5,0.6,5,0.8,,,,,,PRUNED
9707,-0.43076574008516644,2026-05-12 22:18:32.680762,2026-05-12 22:18:33.108199,0 days 00:00:00.427437,0.45,0.7,3,0.03,0.02,0.6,0.08,6,0.5,20,0.8,,,,,,PRUNED
9708,-0.5643496605030226,2026-05-12 22:18:33.137344,2026-05-12 22:18:36.887341,0 days 00:00:03.749997,0.35,0.9,2,0.03,0.02,0.3,0.12,3,0.5,10,0.8,,,,,,PRUNED
9709,-0.5179924623587872,2026-05-12 22:18:36.913987,2026-05-12 22:18:37.586220,0 days 00:00:00.672233,0.45,0.7,2,0.05,0.02,0.6,0.08,6,0.5,20,0.8,-0.39108387647623727,-0.030830266507629607,0.2538171717650998,0.36025360996860767,,COMPLETE
9710,-9999.0,2026-05-12 22:18:37.614685,2026-05-12 22:18:37.998212,0 days 00:00:00.383527,0.45,0.7,2,0.05,0.02,0.6,0.08,6,0.7,20,0.65,,,,,BEAR_RATIO < NEUTRAL_RATIO < BULL_RATIO 约束违反: 0.45 / 0.7 / 0.7,COMPLETE
9711,-9999.0,2026-05-12 22:18:38.029496,2026-05-12 22:18:38.402905,0 days 00:00:00.373409,0.45,0.7,2,0.05,0.02,0.6,0.08,6,0.7,20,0.8,,,,,BEAR_RATIO < NEUTRAL_RATIO < BULL_RATIO 约束违反: 0.45 / 0.7 / 0.7,COMPLETE
9712,-0.5179924623587872,2026-05-12 22:18:38.441552,2026-05-12 22:18:39.093698,0 days 00:00:00.652146,0.45,0.7,2,0.05,0.02,0.6,0.08,6,0.5,20,0.8,-0.39108387647623727,-0.030830266507629607,0.2538171717650998,0.36025360996860767,,COMPLETE
9713,-0.49848169343900317,2026-05-12 22:18:39.120929,2026-05-12 22:18:43.196703,0 days 00:00:04.075774,0.45,0.8,4,0.03,0.02,0.3,0.12,4,0.7,20,0.65,,,,,,PRUNED
9714,-0.4742403833419749,2026-05-12 22:18:43.227996,2026-05-12 22:18:49.036100,0 days 00:00:05.808104,0.45,0.8,4,0.05,0.02,0.45,0.16,6,0.6,5,0.5,,,,,,PRUNED
9715,-0.4538873781164564,2026-05-12 22:18:49.085478,2026-05-12 22:18:54.563510,0 days 00:00:05.478032,0.45,0.9,4,0.05,0.01,0.45,0.12,5,0.5,5,0.65,,,,,,PRUNED
9716,-0.4913079000816881,2026-05-12 22:18:54.592854,2026-05-12 22:18:59.497749,0 days 00:00:04.904895,0.45,0.9,2,0.03,0.02,0.45,0.16,5,0.5,10,0.5,,,,,,PRUNED
9717,-0.6226200900776714,2026-05-12 22:18:59.526746,2026-05-12 22:19:03.016215,0 days 00:00:03.489469,0.25,0.9,3,0.05,0.02,0.45,0.16,3,0.5,20,0.65,,,,,,PRUNED
9718,-0.5179924623587872,2026-05-12 22:19:03.044599,2026-05-12 22:19:03.693070,0 days 00:00:00.648471,0.45,0.7,2,0.05,0.02,0.6,0.08,6,0.5,20,0.8,-0.39108387647623727,-0.030830266507629607,0.2538171717650998,0.36025360996860767,,COMPLETE
9719,-0.4318124553734489,2026-05-12 22:19:03.721907,2026-05-12 22:19:04.152554,0 days 00:00:00.430647,0.45,0.7,2,0.03,0.02,0.6,0.08,6,0.5,20,0.8,,,,,,PRUNED
9720,-0.6010774300894761,2026-05-12 22:19:04.181306,2026-05-12 22:19:07.928424,0 days 00:00:03.747118,0.25,0.9,4,0.03,0.01,0.6,0.12,3,0.7,10,0.8,,,,,,PRUNED
9721,-0.4858675317276667,2026-05-12 22:19:07.971808,2026-05-12 22:19:12.027099,0 days 00:00:04.055291,0.45,0.9,4,0.05,0.01,0.45,0.16,4,0.7,20,0.5,,,,,,PRUNED
9722,-0.5179924623587872,2026-05-12 22:19:12.057429,2026-05-12 22:19:12.688837,0 days 00:00:00.631408,0.45,0.7,2,0.05,0.02,0.6,0.08,6,0.5,20,0.8,-0.39108387647623727,-0.030830266507629607,0.2538171717650998,0.36025360996860767,,COMPLETE
9723,-0.5179924623587872,2026-05-12 22:19:12.716828,2026-05-12 22:19:13.406890,0 days 00:00:00.690062,0.45,0.7,2,0.05,0.02,0.6,0.08,6,0.5,20,0.8,-0.39108387647623727,-0.030830266507629607,0.2538171717650998,0.36025360996860767,,COMPLETE
9724,-9999.0,2026-05-12 22:19:13.436541,2026-05-12 22:19:13.840872,0 days 00:00:00.404331,0.45,0.7,3,0.05,0.02,0.45,0.12,3,0.7,10,0.65,,,,,BEAR_RATIO < NEUTRAL_RATIO < BULL_RATIO 约束违反: 0.45 / 0.7 / 0.7,COMPLETE
9725,-0.5399620252639379,2026-05-12 22:19:13.870342,2026-05-12 22:19:18.197666,0 days 00:00:04.327324,0.25,0.9,4,0.05,0.01,0.3,0.12,3,0.6,5,0.65,,,,,,PRUNED
9726,-0.4872033126028948,2026-05-12 22:19:18.227767,2026-05-12 22:19:22.494360,0 days 00:00:04.266593,0.25,0.7,2,0.03,0.01,0.6,0.08,4,0.6,10,0.5,,,,,,PRUNED
9727,-0.45984099909319626,2026-05-12 22:19:22.521963,2026-05-12 22:19:27.410162,0 days 00:00:04.888199,0.45,0.8,3,0.03,0.01,0.45,0.08,5,0.6,10,0.65,,,,,,PRUNED
9728,-0.47395597549916996,2026-05-12 22:19:27.440370,2026-05-12 22:19:33.150295,0 days 00:00:05.709925,0.35,0.8,2,0.05,0.02,0.6,0.08,6,0.7,20,0.8,,,,,,PRUNED
9729,-0.5182406672588966,2026-05-12 22:19:33.179898,2026-05-12 22:19:33.823949,0 days 00:00:00.644051,0.45,0.7,2,0.05,0.02,0.45,0.08,6,0.5,20,0.5,-0.3910743597599139,-0.030648087966744914,0.25433261499796533,0.360426271793169,,COMPLETE
9730,-0.4599764091623692,2026-05-12 22:19:33.862720,2026-05-12 22:19:39.504200,0 days 00:00:05.641480,0.45,0.9,3,0.03,0.02,0.3,0.08,4,0.5,20,0.65,,,,,,PRUNED
9731,-0.42056632138184724,2026-05-12 22:19:39.539317,2026-05-12 22:19:40.019682,0 days 00:00:00.480365,0.45,0.8,2,0.05,0.01,0.6,0.08,6,0.5,20,0.8,,,,,,PRUNED
9732,-0.4092137988646166,2026-05-12 22:19:40.046750,2026-05-12 22:19:40.449078,0 days 00:00:00.402328,0.45,0.7,2,0.05,0.01,0.6,0.08,6,0.5,10,0.8,,,,,,PRUNED
9733,-0.47743017966404405,2026-05-12 22:19:40.474119,2026-05-12 22:19:45.132806,0 days 00:00:04.658687,0.45,0.9,4,0.05,0.02,0.6,0.16,3,0.6,5,0.65,,,,,,PRUNED
9734,-0.5797681634761255,2026-05-12 22:19:45.163035,2026-05-12 22:19:51.468985,0 days 00:00:06.305950,0.25,0.9,2,0.03,0.02,0.45,0.12,6,0.6,5,0.8,,,,,,PRUNED
9735,-9999.0,2026-05-12 22:19:51.498770,2026-05-12 22:19:51.875401,0 days 00:00:00.376631,0.35,0.7,3,0.05,0.02,0.6,0.12,5,0.7,5,0.65,,,,,BEAR_RATIO < NEUTRAL_RATIO < BULL_RATIO 约束违反: 0.35 / 0.7 / 0.7,COMPLETE
9736,-0.4904931407033393,2026-05-12 22:19:51.903397,2026-05-12 22:19:56.046137,0 days 00:00:04.142740,0.25,0.9,2,0.05,0.01,0.3,0.12,4,0.6,20,0.5,,,,,,PRUNED
9737,-0.5276877860469034,2026-05-12 22:19:56.073560,2026-05-12 22:20:01.005827,0 days 00:00:04.932267,0.25,0.7,2,0.05,0.02,0.6,0.12,4,0.5,5,0.5,,,,,,PRUNED
9738,-0.5160899383700508,2026-05-12 22:20:01.047881,2026-05-12 22:20:05.324811,0 days 00:00:04.276930,0.35,0.9,3,0.03,0.01,0.6,0.12,3,0.6,5,0.65,,,,,,PRUNED
9739,-0.4167185686265585,2026-05-12 22:20:05.354229,2026-05-12 22:20:11.192098,0 days 00:00:05.837869,0.45,0.7,2,0.05,0.01,0.3,0.08,6,0.5,5,0.65,,,,,,PRUNED
9740,-0.5179924623587872,2026-05-12 22:20:11.222611,2026-05-12 22:20:11.849437,0 days 00:00:00.626826,0.45,0.7,2,0.05,0.02,0.6,0.08,6,0.5,20,0.8,-0.39108387647623727,-0.030830266507629607,0.2538171717650998,0.36025360996860767,,COMPLETE
9741,-0.43450855750432177,2026-05-12 22:20:11.878208,2026-05-12 22:20:12.294551,0 days 00:00:00.416343,0.45,0.9,4,0.05,0.02,0.6,0.08,6,0.5,20,0.8,,,,,,PRUNED
9742,-0.5576843229133418,2026-05-12 22:20:12.323329,2026-05-12 22:20:18.264951,0 days 00:00:05.941622,0.25,0.7,4,0.03,0.01,0.3,0.12,6,0.6,5,0.5,,,,,,PRUNED
9743,-0.5780625718889983,2026-05-12 22:20:18.292513,2026-05-12 22:20:24.072466,0 days 00:00:05.779953,0.25,0.8,3,0.03,0.01,0.6,0.16,6,0.5,5,0.5,,,,,,PRUNED
9744,-0.4818585669051721,2026-05-12 22:20:24.100418,2026-05-12 22:20:28.068670,0 days 00:00:03.968252,0.45,0.9,2,0.03,0.01,0.45,0.08,4,0.7,20,0.8,,,,,,PRUNED
9745,-0.5141336702054927,2026-05-12 22:20:28.095831,2026-05-12 22:20:32.444961,0 days 00:00:04.349130,0.35,0.7,4,0.03,0.01,0.3,0.16,3,0.6,5,0.8,,,,,,PRUNED
9746,-0.4293044368137132,2026-05-12 22:20:32.472119,2026-05-12 22:20:32.885759,0 days 00:00:00.413640,0.45,0.7,2,0.05,0.02,0.6,0.12,4,0.5,20,0.8,,,,,,PRUNED
9747,-0.5064581991345616,2026-05-12 22:20:32.913203,2026-05-12 22:20:38.682502,0 days 00:00:05.769299,0.35,0.9,2,0.03,0.02,0.6,0.08,6,0.7,20,0.65,,,,,,PRUNED
9748,-0.5864268693495549,2026-05-12 22:20:38.711341,2026-05-12 22:20:42.476159,0 days 00:00:03.764818,0.25,0.8,4,0.03,0.01,0.45,0.12,3,0.6,10,0.5,,,,,,PRUNED
9749,-0.5179924623587872,2026-05-12 22:20:42.503925,2026-05-12 22:20:43.141533,0 days 00:00:00.637608,0.45,0.7,2,0.05,0.02,0.6,0.08,6,0.5,20,0.8,-0.39108387647623727,-0.030830266507629607,0.2538171717650998,0.36025360996860767,,COMPLETE
9750,-9999.0,2026-05-12 22:20:43.171355,2026-05-12 22:20:43.573329,0 days 00:00:00.401974,0.25,0.7,2,0.05,0.01,0.6,0.08,4,0.7,20,0.8,,,,,BEAR_RATIO < NEUTRAL_RATIO < BULL_RATIO 约束违反: 0.25 / 0.7 / 0.7,COMPLETE
9751,-0.5182406672588966,2026-05-12 22:20:43.603800,2026-05-12 22:20:44.273462,0 days 00:00:00.669662,0.45,0.7,2,0.05,0.02,0.45,0.08,6,0.5,20,0.8,-0.3910743597599139,-0.030648087966744914,0.25433261499796533,0.360426271793169,,COMPLETE
9752,-0.48380713650192425,2026-05-12 22:20:44.300480,2026-05-12 22:20:48.694737,0 days 00:00:04.394257,0.35,0.8,2,0.03,0.01,0.45,0.12,4,0.5,10,0.65,,,,,,PRUNED
9753,-0.4194511448045569,2026-05-12 22:20:48.725308,2026-05-12 22:20:49.168094,0 days 00:00:00.442786,0.45,0.7,2,0.05,0.02,0.6,0.12,6,0.5,20,0.8,,,,,,PRUNED
9754,-0.4408085471343632,2026-05-12 22:20:49.196545,2026-05-12 22:20:49.684874,0 days 00:00:00.488329,0.45,0.7,2,0.05,0.02,0.6,0.08,5,0.6,20,0.8,,,,,,PRUNED
9755,-0.4242910183560481,2026-05-12 22:20:49.713828,2026-05-12 22:20:50.145772,0 days 00:00:00.431944,0.45,0.7,2,0.05,0.02,0.6,0.08,5,0.5,20,0.8,,,,,,PRUNED
9756,-0.4882077637399743,2026-05-12 22:20:50.173920,2026-05-12 22:20:54.484871,0 days 00:00:04.310951,0.35,0.8,2,0.03,0.02,0.6,0.12,3,0.5,5,0.65,,,,,,PRUNED
9757,-0.5115845631825812,2026-05-12 22:20:54.512775,2026-05-12 22:20:59.904204,0 days 00:00:05.391429,0.25,0.9,2,0.05,0.02,0.45,0.08,5,0.7,10,0.8,,,,,,PRUNED
9758,-0.4772174597987071,2026-05-12 22:20:59.934259,2026-05-12 22:21:04.740025,0 days 00:00:04.805766,0.25,0.9,3,0.05,0.02,0.6,0.08,4,0.5,20,0.8,,,,,,PRUNED
9759,-0.5016994334721383,2026-05-12 22:21:04.777960,2026-05-12 22:21:09.837917,0 days 00:00:05.059957,0.35,0.8,4,0.05,0.02,0.45,0.16,5,0.7,10,0.65,,,,,,PRUNED
9760,-0.5179924623587872,2026-05-12 22:21:09.868217,2026-05-12 22:21:10.520844,0 days 00:00:00.652627,0.45,0.7,2,0.05,0.01,0.6,0.08,6,0.5,20,0.5,-0.39108387647623727,-0.030830266507629607,0.2538171717650998,0.36025360996860767,,COMPLETE
9761,-0.4949345931049659,2026-05-12 22:21:10.551133,2026-05-12 22:21:16.367435,0 days 00:00:05.816302,0.45,0.9,4,0.03,0.01,0.6,0.16,5,0.5,5,0.5,,,,,,PRUNED
9762,-9999.0,2026-05-12 22:21:16.395276,2026-05-12 22:21:16.762678,0 days 00:00:00.367402,0.35,0.7,2,0.05,0.01,0.3,0.12,6,0.7,5,0.5,,,,,BEAR_RATIO < NEUTRAL_RATIO < BULL_RATIO 约束违反: 0.35 / 0.7 / 0.7,COMPLETE
9763,-9999.0,2026-05-12 22:21:16.791293,2026-05-12 22:21:17.192202,0 days 00:00:00.400909,0.35,0.7,2,0.05,0.02,0.3,0.16,6,0.7,20,0.65,,,,,BEAR_RATIO < NEUTRAL_RATIO < BULL_RATIO 约束违反: 0.35 / 0.7 / 0.7,COMPLETE
9764,-0.5020944325231729,2026-05-12 22:21:17.222509,2026-05-12 22:21:22.110492,0 days 00:00:04.887983,0.35,0.9,4,0.05,0.01,0.45,0.16,4,0.7,10,0.65,,,,,,PRUNED
9765,-0.5202470639168004,2026-05-12 22:21:22.141917,2026-05-12 22:21:28.319061,0 days 00:00:06.177144,0.25,0.8,2,0.05,0.02,0.45,0.12,6,0.5,5,0.65,,,,,,PRUNED
9766,-9999.0,2026-05-12 22:21:28.353071,2026-05-12 22:21:28.742756,0 days 00:00:00.389685,0.45,0.7,4,0.05,0.01,0.6,0.16,6,0.7,5,0.8,,,,,BEAR_RATIO < NEUTRAL_RATIO < BULL_RATIO 约束违反: 0.45 / 0.7 / 0.7,COMPLETE
9767,-0.4319439890559278,2026-05-12 22:21:28.773865,2026-05-12 22:21:29.240699,0 days 00:00:00.466834,0.45,0.8,2,0.05,0.02,0.6,0.12,6,0.5,20,0.8,,,,,,PRUNED
9768,-0.5620851822371744,2026-05-12 22:21:29.271800,2026-05-12 22:21:33.350958,0 days 00:00:04.079158,0.35,0.8,4,0.03,0.02,0.45,0.12,3,0.5,10,0.8,,,,,,PRUNED
9769,-0.5179924623587872,2026-05-12 22:21:33.379609,2026-05-12 22:21:34.019062,0 days 00:00:00.639453,0.45,0.7,2,0.05,0.02,0.6,0.08,6,0.5,20,0.8,-0.39108387647623727,-0.030830266507629607,0.2538171717650998,0.36025360996860767,,COMPLETE
9770,-0.4721374769345193,2026-05-12 22:21:34.047070,2026-05-12 22:21:38.045438,0 days 00:00:03.998368,0.25,0.8,2,0.05,0.01,0.6,0.08,4,0.6,20,0.65,,,,,,PRUNED
9771,-0.434307923993398,2026-05-12 22:21:38.072573,2026-05-12 22:21:38.506001,0 days 00:00:00.433428,0.45,0.7,2,0.05,0.01,0.3,0.16,6,0.5,20,0.8,,,,,,PRUNED
9772,-0.5179924623587872,2026-05-12 22:21:38.532993,2026-05-12 22:21:39.177481,0 days 00:00:00.644488,0.45,0.7,2,0.05,0.02,0.6,0.08,6,0.5,20,0.65,-0.39108387647623727,-0.030830266507629607,0.2538171717650998,0.36025360996860767,,COMPLETE
9773,-0.47970117038899984,2026-05-12 22:21:39.207763,2026-05-12 22:21:45.323722,0 days 00:00:06.115959,0.45,0.9,2,0.03,0.02,0.6,0.12,6,0.5,10,0.65,,,,,,PRUNED
9774,-0.5179924623587872,2026-05-12 22:21:45.355700,2026-05-12 22:21:46.010758,0 days 00:00:00.655058,0.45,0.7,2,0.05,0.01,0.6,0.08,6,0.5,20,0.8,-0.39108387647623727,-0.030830266507629607,0.2538171717650998,0.36025360996860767,,COMPLETE
9775,-0.4752628611311498,2026-05-12 22:21:46.052847,2026-05-12 22:21:50.893482,0 days 00:00:04.840635,0.45,0.9,2,0.05,0.02,0.45,0.12,5,0.7,10,0.65,,,,,,PRUNED
9776,-0.5097644912004891,2026-05-12 22:21:50.920764,2026-05-12 22:21:55.780287,0 days 00:00:04.859523,0.25,0.8,2,0.05,0.02,0.6,0.12,6,0.6,20,0.8,,,,,,PRUNED
9777,-0.5097155458198612,2026-05-12 22:21:55.805991,2026-05-12 22:22:00.929106,0 days 00:00:05.123115,0.25,0.7,4,0.05,0.01,0.3,0.16,6,0.5,10,0.5,,,,,,PRUNED
9778,-0.4460413013310782,2026-05-12 22:22:00.959110,2026-05-12 22:22:05.878135,0 days 00:00:04.919025,0.35,0.8,2,0.05,0.01,0.6,0.08,6,0.5,20,0.65,,,,,,PRUNED
9779,-0.5715107846558711,2026-05-12 22:22:05.906353,2026-05-12 22:22:06.368249,0 days 00:00:00.461896,0.45,0.7,2,0.05,0.02,0.6,0.08,3,0.5,20,0.8,,,,,,PRUNED
9780,-0.5212568257466714,2026-05-12 22:22:06.396538,2026-05-12 22:22:11.619712,0 days 00:00:05.223174,0.25,0.8,3,0.03,0.02,0.6,0.12,5,0.5,10,0.8,,,,,,PRUNED
9781,-0.49267066734568765,2026-05-12 22:22:11.696091,2026-05-12 22:22:16.091596,0 days 00:00:04.395505,0.25,0.9,3,0.05,0.02,0.3,0.12,4,0.5,10,0.8,,,,,,PRUNED
9782,-0.410125315542252,2026-05-12 22:22:16.119778,2026-05-12 22:22:16.580834,0 days 00:00:00.461056,0.45,0.7,4,0.05,0.02,0.6,0.08,6,0.5,20,0.8,,,,,,PRUNED
9783,-0.4739555424244232,2026-05-12 22:22:16.609172,2026-05-12 22:22:21.210815,0 days 00:00:04.601643,0.35,0.8,4,0.05,0.01,0.6,0.12,5,0.5,20,0.5,,,,,,PRUNED
9784,-0.43333909441165963,2026-05-12 22:22:21.241082,2026-05-12 22:22:21.720790,0 days 00:00:00.479708,0.35,0.7,2,0.05,0.02,0.6,0.08,6,0.5,20,0.65,,,,,,PRUNED
9785,-0.5179924623587872,2026-05-12 22:22:21.748845,2026-05-12 22:22:22.383640,0 days 00:00:00.634795,0.45,0.7,2,0.05,0.02,0.6,0.08,6,0.5,20,0.8,-0.39108387647623727,-0.030830266507629607,0.2538171717650998,0.36025360996860767,,COMPLETE
9786,-0.5648936031567312,2026-05-12 22:22:22.413917,2026-05-12 22:22:27.596930,0 days 00:00:05.183013,0.25,0.9,3,0.05,0.01,0.6,0.08,4,0.7,5,0.5,,,,,,PRUNED
9787,-9999.0,2026-05-12 22:22:27.627847,2026-05-12 22:22:28.014819,0 days 00:00:00.386972,0.45,0.7,2,0.05,0.02,0.6,0.08,6,0.7,20,0.5,,,,,BEAR_RATIO < NEUTRAL_RATIO < BULL_RATIO 约束违反: 0.45 / 0.7 / 0.7,COMPLETE
9788,-0.5179924623587872,2026-05-12 22:22:28.046823,2026-05-12 22:22:28.766871,0 days 00:00:00.720048,0.45,0.7,2,0.05,0.02,0.6,0.08,6,0.5,20,0.5,-0.39108387647623727,-0.030830266507629607,0.2538171717650998,0.36025360996860767,,COMPLETE
9789,-0.5179924623587872,2026-05-12 22:22:28.814121,2026-05-12 22:22:29.456368,0 days 00:00:00.642247,0.45,0.7,2,0.05,0.02,0.6,0.08,6,0.5,20,0.8,-0.39108387647623727,-0.030830266507629607,0.2538171717650998,0.36025360996860767,,COMPLETE
