number,value,datetime_start,datetime_complete,duration,params_BEAR_RATIO,params_BULL_RATIO,params_GRID_MAX_LAYER,params_GRID_STEP_MAX,params_GRID_STEP_MIN,params_GRID_STEP_VOL_FACTOR,params_LAYER_FRACTION,params_MAX_HOLD,params_NEUTRAL_RATIO,params_REBALANCE_FREQ,params_VOL_WEIGHT,user_attrs_avg_test_score,user_attrs_avg_train_score,user_attrs_test_score_std,user_attrs_train_test_gap,user_attrs_validation_error,state
4297,-0.4721374769345193,2026-05-12 17:46:42.188236,2026-05-12 17:46:46.297723,0 days 00:00:04.109487,0.25,0.8,2,0.05,0.02,0.6,0.08,4,0.6,20,0.5,,,,,,PRUNED
4298,-0.5179924623587872,2026-05-12 17:46:46.323567,2026-05-12 17:46:46.930055,0 days 00:00:00.606488,0.45,0.7,2,0.05,0.01,0.6,0.08,6,0.5,20,0.8,-0.39108387647623727,-0.030830266507629607,0.2538171717650998,0.36025360996860767,,COMPLETE
4299,-0.5179924623587872,2026-05-12 17:46:46.957914,2026-05-12 17:46:47.589298,0 days 00:00:00.631384,0.45,0.7,2,0.05,0.02,0.6,0.08,6,0.5,20,0.8,-0.39108387647623727,-0.030830266507629607,0.2538171717650998,0.36025360996860767,,COMPLETE
4300,-9999.0,2026-05-12 17:46:47.616117,2026-05-12 17:46:47.928780,0 days 00:00:00.312663,0.45,0.7,3,0.03,0.02,0.6,0.08,6,0.7,5,0.65,,,,,BEAR_RATIO < NEUTRAL_RATIO < BULL_RATIO 约束违反: 0.45 / 0.7 / 0.7,COMPLETE
4301,-9999.0,2026-05-12 17:46:47.956575,2026-05-12 17:46:48.289669,0 days 00:00:00.333094,0.35,0.7,2,0.03,0.01,0.6,0.12,5,0.7,10,0.8,,,,,BEAR_RATIO < NEUTRAL_RATIO < BULL_RATIO 约束违反: 0.35 / 0.7 / 0.7,COMPLETE
4302,-0.6073193975174596,2026-05-12 17:46:48.315476,2026-05-12 17:46:51.959695,0 days 00:00:03.644219,0.25,0.8,4,0.05,0.01,0.6,0.08,3,0.5,20,0.8,,,,,,PRUNED
4303,-0.5383104838884518,2026-05-12 17:46:51.988234,2026-05-12 17:46:57.214327,0 days 00:00:05.226093,0.25,0.8,3,0.05,0.02,0.3,0.08,4,0.5,5,0.5,,,,,,PRUNED
4304,-0.5002099918759456,2026-05-12 17:46:57.242009,2026-05-12 17:47:02.197554,0 days 00:00:04.955545,0.45,0.9,2,0.05,0.01,0.3,0.16,4,0.5,5,0.5,,,,,,PRUNED
4305,-0.5985915428292987,2026-05-12 17:47:02.227098,2026-05-12 17:47:05.692646,0 days 00:00:03.465548,0.45,0.8,2,0.05,0.02,0.6,0.08,3,0.6,20,0.8,,,,,,PRUNED
4306,-0.5179924623587872,2026-05-12 17:47:05.720606,2026-05-12 17:47:06.301476,0 days 00:00:00.580870,0.45,0.7,2,0.05,0.02,0.6,0.08,6,0.5,20,0.8,-0.39108387647623727,-0.030830266507629607,0.2538171717650998,0.36025360996860767,,COMPLETE
4307,-0.4627985368077332,2026-05-12 17:47:06.327642,2026-05-12 17:47:13.036601,0 days 00:00:06.708959,0.45,0.9,2,0.05,0.02,0.6,0.16,6,0.5,5,0.8,,,,,,PRUNED
4308,-0.42357363260304626,2026-05-12 17:47:13.062766,2026-05-12 17:47:13.458736,0 days 00:00:00.395970,0.45,0.7,2,0.05,0.02,0.6,0.08,6,0.6,20,0.8,,,,,,PRUNED
4309,-0.4531490794026706,2026-05-12 17:47:13.485267,2026-05-12 17:47:18.717568,0 days 00:00:05.232301,0.35,0.8,3,0.05,0.02,0.3,0.08,6,0.5,10,0.8,,,,,,PRUNED
4310,-0.5206696037974196,2026-05-12 17:47:18.747270,2026-05-12 17:47:23.783029,0 days 00:00:05.035759,0.25,0.9,4,0.05,0.01,0.3,0.12,6,0.5,20,0.65,,,,,,PRUNED
4311,-0.5864268693495549,2026-05-12 17:47:23.808536,2026-05-12 17:47:27.477905,0 days 00:00:03.669369,0.25,0.8,4,0.03,0.02,0.3,0.12,3,0.6,10,0.5,,,,,,PRUNED
4312,-9999.0,2026-05-12 17:47:27.504612,2026-05-12 17:47:27.812919,0 days 00:00:00.308307,0.45,0.7,3,0.05,0.02,0.45,0.12,6,0.7,20,0.8,,,,,BEAR_RATIO < NEUTRAL_RATIO < BULL_RATIO 约束违反: 0.45 / 0.7 / 0.7,COMPLETE
4313,-0.45206469876378197,2026-05-12 17:47:27.840642,2026-05-12 17:47:33.532088,0 days 00:00:05.691446,0.45,0.8,3,0.05,0.02,0.3,0.08,6,0.6,5,0.8,,,,,,PRUNED
4314,-9999.0,2026-05-12 17:47:33.555761,2026-05-12 17:47:33.840877,0 days 00:00:00.285116,0.45,0.7,4,0.05,0.01,0.45,0.08,4,0.7,10,0.8,,,,,BEAR_RATIO < NEUTRAL_RATIO < BULL_RATIO 约束违反: 0.45 / 0.7 / 0.7,COMPLETE
4315,-0.48445359246707453,2026-05-12 17:47:33.863678,2026-05-12 17:47:38.285327,0 days 00:00:04.421649,0.45,0.9,3,0.03,0.02,0.6,0.08,5,0.7,10,0.5,,,,,,PRUNED
4316,-0.5179924623587872,2026-05-12 17:47:38.308127,2026-05-12 17:47:38.800324,0 days 00:00:00.492197,0.45,0.7,2,0.05,0.02,0.6,0.08,6,0.5,20,0.8,-0.39108387647623727,-0.030830266507629607,0.2538171717650998,0.36025360996860767,,COMPLETE
4317,-0.5179924623587872,2026-05-12 17:47:38.823016,2026-05-12 17:47:39.289774,0 days 00:00:00.466758,0.45,0.7,2,0.05,0.02,0.6,0.08,6,0.5,20,0.8,-0.39108387647623727,-0.030830266507629607,0.2538171717650998,0.36025360996860767,,COMPLETE
4318,-0.484956531919219,2026-05-12 17:47:39.311406,2026-05-12 17:47:41.828690,0 days 00:00:02.517284,0.35,0.8,4,0.03,0.01,0.6,0.12,4,0.5,20,0.8,,,,,,PRUNED
4319,-0.6039380121510023,2026-05-12 17:47:41.868496,2026-05-12 17:47:45.245222,0 days 00:00:03.376726,0.25,0.7,3,0.05,0.02,0.45,0.12,3,0.5,20,0.5,,,,,,PRUNED
4320,-0.501408949591588,2026-05-12 17:47:45.269943,2026-05-12 17:47:50.211577,0 days 00:00:04.941634,0.45,0.9,2,0.03,0.01,0.3,0.16,6,0.5,20,0.8,,,,,,PRUNED
4321,-0.5179924623587872,2026-05-12 17:47:50.238228,2026-05-12 17:47:50.848544,0 days 00:00:00.610316,0.45,0.7,2,0.05,0.02,0.6,0.08,6,0.5,20,0.8,-0.39108387647623727,-0.030830266507629607,0.2538171717650998,0.36025360996860767,,COMPLETE
4322,-0.5472640485192012,2026-05-12 17:47:50.875370,2026-05-12 17:47:55.478932,0 days 00:00:04.603562,0.25,0.9,4,0.05,0.01,0.3,0.08,3,0.7,5,0.65,,,,,,PRUNED
4323,-0.44290294113065753,2026-05-12 17:47:55.506175,2026-05-12 17:48:00.682608,0 days 00:00:05.176433,0.45,0.8,2,0.05,0.01,0.3,0.16,5,0.5,10,0.65,,,,,,PRUNED
4324,-0.4723996752741672,2026-05-12 17:48:00.711585,2026-05-12 17:48:06.786025,0 days 00:00:06.074440,0.45,0.8,2,0.05,0.02,0.45,0.16,6,0.7,20,0.8,,,,,,PRUNED
4325,-0.4543265127304778,2026-05-12 17:48:06.813954,2026-05-12 17:48:11.152161,0 days 00:00:04.338207,0.45,0.8,2,0.05,0.02,0.6,0.08,3,0.6,5,0.8,,,,,,PRUNED
4326,-0.4521611491482174,2026-05-12 17:48:11.177339,2026-05-12 17:48:15.400791,0 days 00:00:04.223452,0.45,0.8,2,0.03,0.01,0.6,0.08,6,0.5,5,0.5,,,,,,PRUNED
4327,-0.5179924623587872,2026-05-12 17:48:15.427004,2026-05-12 17:48:15.992119,0 days 00:00:00.565115,0.45,0.7,2,0.05,0.02,0.6,0.08,6,0.5,20,0.8,-0.39108387647623727,-0.030830266507629607,0.2538171717650998,0.36025360996860767,,COMPLETE
4328,-0.4738149431554526,2026-05-12 17:48:16.026981,2026-05-12 17:48:20.841996,0 days 00:00:04.815015,0.45,0.9,2,0.05,0.02,0.6,0.12,6,0.7,20,0.8,,,,,,PRUNED
4329,-0.5338035116968347,2026-05-12 17:48:20.866864,2026-05-12 17:48:25.728616,0 days 00:00:04.861752,0.25,0.8,4,0.03,0.02,0.45,0.12,5,0.5,20,0.8,,,,,,PRUNED
4330,-0.5179924623587872,2026-05-12 17:48:25.755149,2026-05-12 17:48:26.356112,0 days 00:00:00.600963,0.45,0.7,2,0.05,0.02,0.6,0.08,6,0.5,20,0.8,-0.39108387647623727,-0.030830266507629607,0.2538171717650998,0.36025360996860767,,COMPLETE
4331,-0.5641426452328919,2026-05-12 17:48:26.383955,2026-05-12 17:48:31.593354,0 days 00:00:05.209399,0.25,0.8,2,0.03,0.02,0.6,0.12,4,0.5,5,0.5,,,,,,PRUNED
4332,-0.45250751422887103,2026-05-12 17:48:31.619856,2026-05-12 17:48:35.817791,0 days 00:00:04.197935,0.45,0.9,3,0.05,0.01,0.3,0.12,4,0.5,20,0.65,,,,,,PRUNED
4333,-0.4576860451898764,2026-05-12 17:48:35.844623,2026-05-12 17:48:40.310322,0 days 00:00:04.465699,0.35,0.7,3,0.05,0.01,0.6,0.08,4,0.6,10,0.8,,,,,,PRUNED
4334,-0.4746908999150083,2026-05-12 17:48:40.335409,2026-05-12 17:48:45.352146,0 days 00:00:05.016737,0.45,0.8,2,0.05,0.02,0.6,0.16,6,0.7,20,0.8,,,,,,PRUNED
4335,-0.5179924623587872,2026-05-12 17:48:45.379641,2026-05-12 17:48:45.909007,0 days 00:00:00.529366,0.45,0.7,2,0.05,0.02,0.6,0.08,6,0.5,20,0.8,-0.39108387647623727,-0.030830266507629607,0.2538171717650998,0.36025360996860767,,COMPLETE
4336,-0.4318124553734489,2026-05-12 17:48:45.933638,2026-05-12 17:48:50.746492,0 days 00:00:04.812854,0.45,0.7,2,0.03,0.02,0.45,0.08,6,0.5,20,0.5,,,,,,PRUNED
4337,-0.6543500170942134,2026-05-12 17:48:50.771887,2026-05-12 17:48:54.159796,0 days 00:00:03.387909,0.25,0.8,4,0.03,0.02,0.3,0.16,3,0.6,20,0.8,,,,,,PRUNED
4338,-0.5179924623587872,2026-05-12 17:48:54.185416,2026-05-12 17:48:54.746906,0 days 00:00:00.561490,0.45,0.7,2,0.05,0.02,0.6,0.08,6,0.5,20,0.8,-0.39108387647623727,-0.030830266507629607,0.2538171717650998,0.36025360996860767,,COMPLETE
4339,-0.4092137988646166,2026-05-12 17:48:54.771575,2026-05-12 17:48:55.142335,0 days 00:00:00.370760,0.45,0.7,2,0.05,0.02,0.6,0.08,6,0.5,10,0.8,,,,,,PRUNED
4340,-0.4524922313933547,2026-05-12 17:48:55.167230,2026-05-12 17:48:58.451273,0 days 00:00:03.284043,0.45,0.9,2,0.05,0.01,0.6,0.16,6,0.5,20,0.8,,,,,,PRUNED
4341,-0.4464754396709185,2026-05-12 17:48:58.476125,2026-05-12 17:49:03.916026,0 days 00:00:05.439901,0.45,0.9,2,0.05,0.01,0.6,0.08,6,0.6,20,0.8,,,,,,PRUNED
4342,-0.47647365873070696,2026-05-12 17:49:03.940213,2026-05-12 17:49:09.606188,0 days 00:00:05.665975,0.45,0.8,4,0.03,0.02,0.3,0.12,6,0.5,5,0.5,,,,,,PRUNED
4343,-0.47441457244516044,2026-05-12 17:49:09.631609,2026-05-12 17:49:09.992601,0 days 00:00:00.360992,0.25,0.7,2,0.05,0.02,0.6,0.08,6,0.5,20,0.8,,,,,,PRUNED
4344,-0.5179924623587872,2026-05-12 17:49:10.041279,2026-05-12 17:49:10.561090,0 days 00:00:00.519811,0.45,0.7,2,0.05,0.02,0.6,0.08,6,0.5,20,0.8,-0.39108387647623727,-0.030830266507629607,0.2538171717650998,0.36025360996860767,,COMPLETE
4345,-0.5179924623587872,2026-05-12 17:49:10.586292,2026-05-12 17:49:11.128759,0 days 00:00:00.542467,0.45,0.7,2,0.05,0.02,0.6,0.08,6,0.5,20,0.8,-0.39108387647623727,-0.030830266507629607,0.2538171717650998,0.36025360996860767,,COMPLETE
4346,-0.5179924623587872,2026-05-12 17:49:11.153202,2026-05-12 17:49:11.710155,0 days 00:00:00.556953,0.45,0.7,2,0.05,0.02,0.6,0.08,6,0.5,20,0.8,-0.39108387647623727,-0.030830266507629607,0.2538171717650998,0.36025360996860767,,COMPLETE
4347,-0.4433457636113256,2026-05-12 17:49:11.746179,2026-05-12 17:49:17.110417,0 days 00:00:05.364238,0.45,0.9,4,0.05,0.01,0.6,0.08,5,0.5,5,0.8,,,,,,PRUNED
4348,-0.49467836886689226,2026-05-12 17:49:17.135276,2026-05-12 17:49:21.391436,0 days 00:00:04.256160,0.25,0.9,2,0.05,0.01,0.3,0.16,4,0.5,10,0.5,,,,,,PRUNED
4349,-0.4213231947291116,2026-05-12 17:49:21.417312,2026-05-12 17:49:21.783322,0 days 00:00:00.366010,0.45,0.7,2,0.05,0.02,0.6,0.08,4,0.5,20,0.8,,,,,,PRUNED
4350,-0.4296411080598753,2026-05-12 17:49:21.808120,2026-05-12 17:49:22.151884,0 days 00:00:00.343764,0.45,0.7,2,0.05,0.02,0.6,0.16,6,0.5,20,0.8,,,,,,PRUNED
4351,-0.5650079397981908,2026-05-12 17:49:22.175657,2026-05-12 17:49:25.818332,0 days 00:00:03.642675,0.25,0.8,4,0.05,0.01,0.3,0.16,3,0.5,10,0.5,,,,,,PRUNED
4352,-0.4454511047651585,2026-05-12 17:49:25.845661,2026-05-12 17:49:30.863166,0 days 00:00:05.017505,0.35,0.8,2,0.05,0.01,0.45,0.08,6,0.5,20,0.8,,,,,,PRUNED
4353,-0.5184836677335186,2026-05-12 17:49:30.890103,2026-05-12 17:49:36.002573,0 days 00:00:05.112470,0.35,0.8,4,0.03,0.02,0.6,0.16,5,0.6,10,0.65,,,,,,PRUNED
4354,-0.4100386278766106,2026-05-12 17:49:36.032927,2026-05-12 17:49:36.421113,0 days 00:00:00.388186,0.45,0.7,2,0.05,0.02,0.3,0.08,6,0.5,20,0.8,,,,,,PRUNED
4355,-0.46140218705436153,2026-05-12 17:49:36.447859,2026-05-12 17:49:40.681670,0 days 00:00:04.233811,0.45,0.9,2,0.05,0.02,0.6,0.08,4,0.7,20,0.8,,,,,,PRUNED
4356,-0.42606172854379265,2026-05-12 17:49:40.729417,2026-05-12 17:49:46.009498,0 days 00:00:05.280081,0.45,0.7,3,0.05,0.01,0.6,0.08,6,0.6,20,0.8,,,,,,PRUNED
4357,-0.6007935870964172,2026-05-12 17:49:46.037993,2026-05-12 17:49:49.681059,0 days 00:00:03.643066,0.35,0.8,2,0.05,0.01,0.3,0.16,3,0.5,20,0.5,,,,,,PRUNED
4358,-0.41425741193738236,2026-05-12 17:49:49.708837,2026-05-12 17:49:50.093136,0 days 00:00:00.384299,0.45,0.7,2,0.05,0.02,0.6,0.08,6,0.5,5,0.8,,,,,,PRUNED
4359,-0.4877878830756992,2026-05-12 17:49:50.121204,2026-05-12 17:49:54.256091,0 days 00:00:04.134887,0.35,0.9,4,0.05,0.01,0.3,0.16,3,0.5,5,0.8,,,,,,PRUNED
4360,-0.4269450729945119,2026-05-12 17:49:54.283796,2026-05-12 17:49:59.080245,0 days 00:00:04.796449,0.45,0.7,4,0.05,0.02,0.3,0.08,4,0.5,20,0.8,,,,,,PRUNED
4361,-0.4658684972953878,2026-05-12 17:49:59.106598,2026-05-12 17:50:01.825294,0 days 00:00:02.718696,0.35,0.8,4,0.03,0.02,0.45,0.08,4,0.5,20,0.8,,,,,,PRUNED
4362,-0.5179924623587872,2026-05-12 17:50:01.850740,2026-05-12 17:50:02.376246,0 days 00:00:00.525506,0.45,0.7,2,0.05,0.02,0.6,0.08,6,0.5,20,0.8,-0.39108387647623727,-0.030830266507629607,0.2538171717650998,0.36025360996860767,,COMPLETE
4363,-0.42056632138184724,2026-05-12 17:50:02.400889,2026-05-12 17:50:02.743882,0 days 00:00:00.342993,0.45,0.8,2,0.05,0.02,0.6,0.08,6,0.5,20,0.8,,,,,,PRUNED
4364,-0.5325405012012308,2026-05-12 17:50:02.771400,2026-05-12 17:50:07.069374,0 days 00:00:04.297974,0.25,0.9,3,0.03,0.01,0.45,0.16,4,0.6,10,0.5,,,,,,PRUNED
4365,-0.5504958006768298,2026-05-12 17:50:07.093134,2026-05-12 17:50:12.543241,0 days 00:00:05.450107,0.25,0.8,2,0.05,0.02,0.6,0.16,5,0.7,5,0.5,,,,,,PRUNED
4366,-0.4523557157667518,2026-05-12 17:50:12.567540,2026-05-12 17:50:17.036413,0 days 00:00:04.468873,0.45,0.9,4,0.05,0.02,0.45,0.12,3,0.5,5,0.8,,,,,,PRUNED
4367,-0.4868147954267496,2026-05-12 17:50:17.065627,2026-05-12 17:50:22.283011,0 days 00:00:05.217384,0.35,0.8,2,0.05,0.02,0.3,0.12,5,0.7,10,0.5,,,,,,PRUNED
4368,-0.5175571046684994,2026-05-12 17:50:22.310614,2026-05-12 17:50:27.454755,0 days 00:00:05.144141,0.25,0.8,3,0.03,0.01,0.6,0.08,5,0.7,10,0.5,,,,,,PRUNED
4369,-0.5641574345652414,2026-05-12 17:50:27.480961,2026-05-12 17:50:31.496504,0 days 00:00:04.015543,0.45,0.8,3,0.05,0.02,0.6,0.16,3,0.7,10,0.5,,,,,,PRUNED
4370,-0.5780625718889983,2026-05-12 17:50:31.524144,2026-05-12 17:50:36.366414,0 days 00:00:04.842270,0.25,0.8,3,0.03,0.01,0.6,0.16,6,0.5,5,0.65,,,,,,PRUNED
4371,-0.43333909441165963,2026-05-12 17:50:36.398363,2026-05-12 17:50:36.769945,0 days 00:00:00.371582,0.35,0.7,2,0.05,0.02,0.6,0.08,6,0.5,20,0.8,,,,,,PRUNED
4372,-0.5179924623587872,2026-05-12 17:50:36.795812,2026-05-12 17:50:37.340812,0 days 00:00:00.545000,0.45,0.7,2,0.05,0.01,0.6,0.08,6,0.5,20,0.8,-0.39108387647623727,-0.030830266507629607,0.2538171717650998,0.36025360996860767,,COMPLETE
4373,-0.4984068762269969,2026-05-12 17:50:37.368234,2026-05-12 17:50:42.416039,0 days 00:00:05.047805,0.35,0.9,4,0.03,0.02,0.6,0.08,6,0.6,20,0.8,,,,,,PRUNED
4374,-0.542077900825548,2026-05-12 17:50:42.442968,2026-05-12 17:50:47.646051,0 days 00:00:05.203083,0.25,0.7,2,0.05,0.01,0.3,0.16,4,0.6,5,0.5,,,,,,PRUNED
4375,-9999.0,2026-05-12 17:50:47.697433,2026-05-12 17:50:48.036021,0 days 00:00:00.338588,0.45,0.7,2,0.05,0.01,0.45,0.12,4,0.7,5,0.5,,,,,BEAR_RATIO < NEUTRAL_RATIO < BULL_RATIO 约束违反: 0.45 / 0.7 / 0.7,COMPLETE
4376,-0.5179924623587872,2026-05-12 17:50:48.064922,2026-05-12 17:50:48.627214,0 days 00:00:00.562292,0.45,0.7,2,0.05,0.02,0.6,0.08,6,0.5,20,0.8,-0.39108387647623727,-0.030830266507629607,0.2538171717650998,0.36025360996860767,,COMPLETE
4377,-0.472894918725985,2026-05-12 17:50:48.653114,2026-05-12 17:50:53.259343,0 days 00:00:04.606229,0.45,0.9,2,0.05,0.02,0.3,0.08,4,0.7,10,0.65,,,,,,PRUNED
4378,-0.555793213296965,2026-05-12 17:50:53.291447,2026-05-12 17:50:59.695564,0 days 00:00:06.404117,0.25,0.9,4,0.05,0.01,0.45,0.16,5,0.6,5,0.5,,,,,,PRUNED
4379,-0.43155661162383707,2026-05-12 17:50:59.725725,2026-05-12 17:51:04.641791,0 days 00:00:04.916066,0.45,0.7,3,0.05,0.02,0.6,0.16,6,0.5,20,0.65,,,,,,PRUNED
4380,-0.48863931597399035,2026-05-12 17:51:04.669227,2026-05-12 17:51:09.028759,0 days 00:00:04.359532,0.35,0.7,2,0.03,0.02,0.3,0.08,6,0.6,5,0.65,,,,,,PRUNED
4381,-0.5582950671847863,2026-05-12 17:51:09.055243,2026-05-12 17:51:13.474238,0 days 00:00:04.418995,0.25,0.9,4,0.03,0.01,0.6,0.12,3,0.6,5,0.8,,,,,,PRUNED
4382,-0.5179924623587872,2026-05-12 17:51:13.501670,2026-05-12 17:51:14.121259,0 days 00:00:00.619589,0.45,0.7,2,0.05,0.02,0.6,0.08,6,0.5,20,0.8,-0.39108387647623727,-0.030830266507629607,0.2538171717650998,0.36025360996860767,,COMPLETE
4383,-0.6397479862056192,2026-05-12 17:51:14.148947,2026-05-12 17:51:17.706709,0 days 00:00:03.557762,0.35,0.8,2,0.03,0.01,0.45,0.16,3,0.6,20,0.5,,,,,,PRUNED
4384,-0.5179924623587872,2026-05-12 17:51:17.734536,2026-05-12 17:51:18.325034,0 days 00:00:00.590498,0.45,0.7,2,0.05,0.02,0.6,0.08,6,0.5,20,0.8,-0.39108387647623727,-0.030830266507629607,0.2538171717650998,0.36025360996860767,,COMPLETE
4385,-0.5179924623587872,2026-05-12 17:51:18.349770,2026-05-12 17:51:18.920917,0 days 00:00:00.571147,0.45,0.7,2,0.05,0.02,0.6,0.08,6,0.5,20,0.8,-0.39108387647623727,-0.030830266507629607,0.2538171717650998,0.36025360996860767,,COMPLETE
4386,-0.46285831432796964,2026-05-12 17:51:18.949952,2026-05-12 17:51:24.143865,0 days 00:00:05.193913,0.45,0.8,2,0.05,0.02,0.6,0.12,6,0.7,20,0.8,,,,,,PRUNED
4387,-0.441580790665866,2026-05-12 17:51:24.171636,2026-05-12 17:51:29.878348,0 days 00:00:05.706712,0.45,0.9,2,0.05,0.02,0.6,0.08,5,0.5,5,0.8,,,,,,PRUNED
4388,-0.5565386418693287,2026-05-12 17:51:29.905883,2026-05-12 17:51:34.406504,0 days 00:00:04.500621,0.25,0.8,2,0.03,0.02,0.6,0.16,3,0.6,5,0.65,,,,,,PRUNED
4389,-0.5190947331384259,2026-05-12 17:51:34.431319,2026-05-12 17:51:37.301507,0 days 00:00:02.870188,0.35,0.8,3,0.03,0.01,0.6,0.16,4,0.7,20,0.8,,,,,,PRUNED
4390,-0.4283610173415879,2026-05-12 17:51:37.325948,2026-05-12 17:51:42.081547,0 days 00:00:04.755599,0.45,0.7,4,0.05,0.02,0.3,0.08,5,0.5,20,0.8,,,,,,PRUNED
4391,-0.4318124553734489,2026-05-12 17:51:42.111561,2026-05-12 17:51:42.493851,0 days 00:00:00.382290,0.45,0.7,2,0.03,0.02,0.6,0.08,6,0.5,20,0.8,,,,,,PRUNED
4392,-0.4896739612511304,2026-05-12 17:51:42.519912,2026-05-12 17:51:48.645240,0 days 00:00:06.125328,0.35,0.7,3,0.03,0.01,0.3,0.08,6,0.6,5,0.5,,,,,,PRUNED
4393,-0.44120123496897135,2026-05-12 17:51:48.672929,2026-05-12 17:51:54.735651,0 days 00:00:06.062722,0.35,0.7,4,0.05,0.02,0.3,0.08,6,0.5,20,0.8,,,,,,PRUNED
4394,-0.5243988237211507,2026-05-12 17:51:54.762121,2026-05-12 17:52:00.631436,0 days 00:00:05.869315,0.25,0.7,4,0.05,0.01,0.6,0.16,6,0.5,5,0.5,,,,,,PRUNED
4395,-0.484956531919219,2026-05-12 17:52:00.659424,2026-05-12 17:52:04.780161,0 days 00:00:04.120737,0.35,0.8,4,0.03,0.02,0.6,0.12,4,0.5,20,0.65,,,,,,PRUNED
4396,-0.47844267547168995,2026-05-12 17:52:04.804542,2026-05-12 17:52:10.020192,0 days 00:00:05.215650,0.45,0.7,2,0.03,0.02,0.6,0.16,6,0.5,10,0.8,,,,,,PRUNED
4397,-0.5179924623587872,2026-05-12 17:52:10.044327,2026-05-12 17:52:10.572906,0 days 00:00:00.528579,0.45,0.7,2,0.05,0.02,0.6,0.08,6,0.5,20,0.8,-0.39108387647623727,-0.030830266507629607,0.2538171717650998,0.36025360996860767,,COMPLETE
4398,-0.4671007290430552,2026-05-12 17:52:10.597004,2026-05-12 17:52:16.352579,0 days 00:00:05.755575,0.45,0.9,2,0.05,0.02,0.3,0.16,6,0.5,5,0.5,,,,,,PRUNED
4399,-9999.0,2026-05-12 17:52:16.391346,2026-05-12 17:52:16.707072,0 days 00:00:00.315726,0.35,0.7,2,0.05,0.01,0.6,0.16,6,0.7,5,0.65,,,,,BEAR_RATIO < NEUTRAL_RATIO < BULL_RATIO 约束违反: 0.35 / 0.7 / 0.7,COMPLETE
4400,-0.4752705065019749,2026-05-12 17:52:16.732176,2026-05-12 17:52:20.620123,0 days 00:00:03.887947,0.25,0.7,3,0.05,0.02,0.45,0.16,4,0.5,20,0.65,,,,,,PRUNED
4401,-0.5563963156076748,2026-05-12 17:52:20.645243,2026-05-12 17:52:25.327273,0 days 00:00:04.682030,0.35,0.9,4,0.03,0.01,0.3,0.16,6,0.7,20,0.65,,,,,,PRUNED
4402,-0.4218661732846212,2026-05-12 17:52:25.352872,2026-05-12 17:52:29.810295,0 days 00:00:04.457423,0.45,0.7,4,0.05,0.02,0.45,0.12,6,0.5,20,0.8,,,,,,PRUNED
4403,-0.5149998634900683,2026-05-12 17:52:29.852605,2026-05-12 17:52:34.399858,0 days 00:00:04.547253,0.25,0.9,3,0.05,0.02,0.6,0.08,5,0.6,20,0.5,,,,,,PRUNED
4404,-0.45639875259170154,2026-05-12 17:52:34.425194,2026-05-12 17:52:39.187609,0 days 00:00:04.762415,0.35,0.7,2,0.05,0.02,0.45,0.16,6,0.5,20,0.8,,,,,,PRUNED
4405,-0.4639459779885469,2026-05-12 17:52:39.212674,2026-05-12 17:52:42.481084,0 days 00:00:03.268410,0.45,0.7,4,0.05,0.02,0.6,0.16,5,0.6,20,0.5,,,,,,PRUNED
4406,-9999.0,2026-05-12 17:52:42.508320,2026-05-12 17:52:42.812676,0 days 00:00:00.304356,0.35,0.7,2,0.05,0.01,0.3,0.12,3,0.7,20,0.5,,,,,BEAR_RATIO < NEUTRAL_RATIO < BULL_RATIO 约束违反: 0.35 / 0.7 / 0.7,COMPLETE
4407,-0.5342119705995918,2026-05-12 17:52:42.836264,2026-05-12 17:52:48.789134,0 days 00:00:05.952870,0.45,0.9,2,0.03,0.01,0.3,0.16,6,0.7,10,0.5,,,,,,PRUNED
4408,-0.5262418684354611,2026-05-12 17:52:48.813041,2026-05-12 17:52:54.243577,0 days 00:00:05.430536,0.35,0.9,2,0.05,0.01,0.6,0.16,5,0.7,5,0.5,,,,,,PRUNED
4409,-0.5636918199279275,2026-05-12 17:52:54.270895,2026-05-12 17:52:57.997168,0 days 00:00:03.726273,0.25,0.7,4,0.03,0.02,0.3,0.08,3,0.6,10,0.8,,,,,,PRUNED
4410,-0.4630327924242669,2026-05-12 17:52:58.023024,2026-05-12 17:53:03.141292,0 days 00:00:05.118268,0.45,0.8,4,0.05,0.01,0.6,0.16,5,0.6,10,0.5,,,,,,PRUNED
4411,-0.6002149276977219,2026-05-12 17:53:03.188589,2026-05-12 17:53:06.748282,0 days 00:00:03.559693,0.25,0.7,4,0.05,0.01,0.3,0.08,3,0.5,20,0.8,,,,,,PRUNED
4412,-0.4502344127466249,2026-05-12 17:53:06.776800,2026-05-12 17:53:12.605239,0 days 00:00:05.828439,0.45,0.7,4,0.05,0.02,0.45,0.12,5,0.6,5,0.65,,,,,,PRUNED
4413,-0.43223096142417294,2026-05-12 17:53:12.635547,2026-05-12 17:53:13.018321,0 days 00:00:00.382774,0.45,0.9,2,0.05,0.02,0.6,0.08,6,0.5,20,0.8,,,,,,PRUNED
4414,-9999.0,2026-05-12 17:53:13.045351,2026-05-12 17:53:13.370045,0 days 00:00:00.324694,0.45,0.7,2,0.03,0.01,0.6,0.16,3,0.7,10,0.8,,,,,BEAR_RATIO < NEUTRAL_RATIO < BULL_RATIO 约束违反: 0.45 / 0.7 / 0.7,COMPLETE
4415,-0.5272339100649379,2026-05-12 17:53:13.397258,2026-05-12 17:53:18.665886,0 days 00:00:05.268628,0.35,0.8,2,0.05,0.02,0.45,0.16,4,0.6,5,0.8,,,,,,PRUNED
4416,-0.42328876156084305,2026-05-12 17:53:18.713469,2026-05-12 17:53:23.039426,0 days 00:00:04.325957,0.45,0.7,2,0.05,0.01,0.6,0.08,3,0.5,5,0.8,,,,,,PRUNED
4417,-0.4358742696929134,2026-05-12 17:53:23.064632,2026-05-12 17:53:28.414825,0 days 00:00:05.350193,0.45,0.7,2,0.03,0.01,0.45,0.08,5,0.5,5,0.65,,,,,,PRUNED
4418,-0.47393575001157273,2026-05-12 17:53:28.440121,2026-05-12 17:53:31.718381,0 days 00:00:03.278260,0.45,0.7,4,0.03,0.01,0.3,0.12,6,0.6,10,0.8,,,,,,PRUNED
4419,-0.5203149380048767,2026-05-12 17:53:31.743199,2026-05-12 17:53:36.596421,0 days 00:00:04.853222,0.45,0.9,3,0.03,0.02,0.6,0.16,5,0.7,10,0.8,,,,,,PRUNED
4420,-0.511717992606118,2026-05-12 17:53:36.641748,2026-05-12 17:53:42.739859,0 days 00:00:06.098111,0.25,0.8,4,0.03,0.01,0.45,0.08,6,0.5,20,0.5,,,,,,PRUNED
