number,value,datetime_start,datetime_complete,duration,params_BEAR_RATIO,params_BULL_RATIO,params_GRID_MAX_LAYER,params_GRID_STEP_MAX,params_GRID_STEP_MIN,params_GRID_STEP_VOL_FACTOR,params_LAYER_FRACTION,params_MAX_HOLD,params_NEUTRAL_RATIO,params_REBALANCE_FREQ,params_VOL_WEIGHT,user_attrs_avg_test_score,user_attrs_avg_train_score,user_attrs_test_score_std,user_attrs_train_test_gap,user_attrs_validation_error,state
7962,-0.5179924623587872,2026-05-12 20:50:21.407894,2026-05-12 20:50:21.997522,0 days 00:00:00.589628,0.45,0.7,2,0.05,0.02,0.6,0.08,6,0.5,20,0.8,-0.39108387647623727,-0.030830266507629607,0.2538171717650998,0.36025360996860767,,COMPLETE
7963,-0.4354717371617008,2026-05-12 20:50:22.043364,2026-05-12 20:50:28.112884,0 days 00:00:06.069520,0.45,0.7,2,0.05,0.02,0.6,0.12,6,0.6,10,0.5,,,,,,PRUNED
7964,-0.5256845380525784,2026-05-12 20:50:28.136645,2026-05-12 20:50:32.201514,0 days 00:00:04.064869,0.25,0.9,2,0.03,0.02,0.45,0.16,4,0.5,20,0.65,,,,,,PRUNED
7965,-0.545797803197235,2026-05-12 20:50:32.229848,2026-05-12 20:50:35.947366,0 days 00:00:03.717518,0.45,0.7,4,0.03,0.02,0.45,0.08,3,0.6,10,0.5,,,,,,PRUNED
7966,-0.4318124553734489,2026-05-12 20:50:35.975995,2026-05-12 20:50:36.396138,0 days 00:00:00.420143,0.45,0.7,2,0.03,0.02,0.6,0.08,6,0.5,20,0.8,,,,,,PRUNED
7967,-0.47114187571580224,2026-05-12 20:50:36.424999,2026-05-12 20:50:39.018470,0 days 00:00:02.593471,0.35,0.9,2,0.05,0.02,0.3,0.16,4,0.5,20,0.5,,,,,,PRUNED
7968,-9999.0,2026-05-12 20:50:39.047368,2026-05-12 20:50:39.533037,0 days 00:00:00.485669,0.45,0.7,2,0.05,0.02,0.6,0.08,6,0.7,20,0.8,,,,,BEAR_RATIO < NEUTRAL_RATIO < BULL_RATIO 约束违反: 0.45 / 0.7 / 0.7,COMPLETE
7969,-0.4540606325167463,2026-05-12 20:50:39.561819,2026-05-12 20:50:44.168791,0 days 00:00:04.606972,0.45,0.8,3,0.05,0.02,0.45,0.16,5,0.5,20,0.65,,,,,,PRUNED
7970,-0.5567059308353819,2026-05-12 20:50:44.198540,2026-05-12 20:50:47.910432,0 days 00:00:03.711892,0.35,0.9,4,0.05,0.02,0.6,0.08,3,0.6,10,0.65,,,,,,PRUNED
7971,-0.5179924623587872,2026-05-12 20:50:47.936396,2026-05-12 20:50:48.548560,0 days 00:00:00.612164,0.45,0.7,2,0.05,0.02,0.6,0.08,6,0.5,20,0.8,-0.39108387647623727,-0.030830266507629607,0.2538171717650998,0.36025360996860767,,COMPLETE
7972,-0.4981333780248386,2026-05-12 20:50:48.576401,2026-05-12 20:50:53.385392,0 days 00:00:04.808991,0.35,0.9,4,0.05,0.01,0.6,0.12,5,0.6,20,0.8,,,,,,PRUNED
7973,-0.5994399000762398,2026-05-12 20:50:53.415629,2026-05-12 20:50:57.140210,0 days 00:00:03.724581,0.35,0.9,4,0.05,0.01,0.6,0.08,3,0.5,20,0.5,,,,,,PRUNED
7974,-0.4194511448045569,2026-05-12 20:50:57.169619,2026-05-12 20:50:57.614470,0 days 00:00:00.444851,0.45,0.7,2,0.05,0.02,0.6,0.12,6,0.5,20,0.8,,,,,,PRUNED
7975,-0.5737378507101638,2026-05-12 20:50:57.643977,2026-05-12 20:51:01.314328,0 days 00:00:03.670351,0.45,0.7,3,0.05,0.02,0.3,0.08,3,0.5,20,0.8,,,,,,PRUNED
7976,-0.550886514197347,2026-05-12 20:51:01.343447,2026-05-12 20:51:05.342343,0 days 00:00:03.998896,0.45,0.8,2,0.03,0.01,0.6,0.08,3,0.6,10,0.65,,,,,,PRUNED
7977,-0.5817811201895245,2026-05-12 20:51:05.372227,2026-05-12 20:51:09.322830,0 days 00:00:03.950603,0.35,0.9,4,0.05,0.01,0.6,0.16,3,0.7,10,0.5,,,,,,PRUNED
7978,-0.5787810955671507,2026-05-12 20:51:09.354523,2026-05-12 20:51:13.041473,0 days 00:00:03.686950,0.45,0.7,3,0.05,0.01,0.6,0.12,3,0.5,20,0.5,,,,,,PRUNED
7979,-0.5782171629249917,2026-05-12 20:51:13.070448,2026-05-12 20:51:17.017471,0 days 00:00:03.947023,0.35,0.9,2,0.03,0.01,0.3,0.12,3,0.6,10,0.8,,,,,,PRUNED
7980,-0.5087509571178306,2026-05-12 20:51:17.045522,2026-05-12 20:51:21.695365,0 days 00:00:04.649843,0.25,0.7,2,0.03,0.02,0.6,0.16,4,0.5,10,0.65,,,,,,PRUNED
7981,-0.4512146038378438,2026-05-12 20:51:21.726251,2026-05-12 20:51:26.625636,0 days 00:00:04.899385,0.45,0.7,3,0.05,0.02,0.3,0.12,4,0.6,10,0.65,,,,,,PRUNED
7982,-0.5182406672588966,2026-05-12 20:51:26.649429,2026-05-12 20:51:27.191127,0 days 00:00:00.541698,0.45,0.7,2,0.05,0.02,0.45,0.08,6,0.5,20,0.8,-0.3910743597599139,-0.030648087966744914,0.25433261499796533,0.360426271793169,,COMPLETE
7983,-0.5709628052742406,2026-05-12 20:51:27.215706,2026-05-12 20:51:30.628185,0 days 00:00:03.412479,0.35,0.8,3,0.03,0.01,0.6,0.08,3,0.7,10,0.8,,,,,,PRUNED
7984,-0.5179924623587872,2026-05-12 20:51:30.657045,2026-05-12 20:51:31.245825,0 days 00:00:00.588780,0.45,0.7,2,0.05,0.02,0.6,0.08,6,0.5,20,0.8,-0.39108387647623727,-0.030830266507629607,0.2538171717650998,0.36025360996860767,,COMPLETE
7985,-0.5663915797466786,2026-05-12 20:51:31.272157,2026-05-12 20:51:34.958076,0 days 00:00:03.685919,0.35,0.9,3,0.03,0.02,0.6,0.08,3,0.6,10,0.65,,,,,,PRUNED
7986,-0.44598756893166347,2026-05-12 20:51:34.984357,2026-05-12 20:51:40.419149,0 days 00:00:05.434792,0.45,0.8,2,0.05,0.02,0.45,0.16,5,0.5,5,0.5,,,,,,PRUNED
7987,-0.4679827410172783,2026-05-12 20:51:40.447654,2026-05-12 20:51:44.447437,0 days 00:00:03.999783,0.45,0.9,4,0.05,0.01,0.3,0.08,4,0.7,20,0.5,,,,,,PRUNED
7988,-0.5179924623587872,2026-05-12 20:51:44.474127,2026-05-12 20:51:45.095245,0 days 00:00:00.621118,0.45,0.7,2,0.05,0.02,0.6,0.08,6,0.5,20,0.8,-0.39108387647623727,-0.030830266507629607,0.2538171717650998,0.36025360996860767,,COMPLETE
7989,-0.5179924623587872,2026-05-12 20:51:45.124076,2026-05-12 20:51:45.738201,0 days 00:00:00.614125,0.45,0.7,2,0.05,0.02,0.6,0.08,6,0.5,20,0.8,-0.39108387647623727,-0.030830266507629607,0.2538171717650998,0.36025360996860767,,COMPLETE
7990,-0.4685249935435805,2026-05-12 20:51:45.766820,2026-05-12 20:51:50.622957,0 days 00:00:04.856137,0.35,0.7,4,0.05,0.02,0.6,0.12,6,0.6,20,0.5,,,,,,PRUNED
7991,-0.5179924623587872,2026-05-12 20:51:50.652591,2026-05-12 20:51:51.244959,0 days 00:00:00.592368,0.45,0.7,2,0.05,0.02,0.6,0.08,6,0.5,20,0.5,-0.39108387647623727,-0.030830266507629607,0.2538171717650998,0.36025360996860767,,COMPLETE
7992,-0.4846803466114492,2026-05-12 20:51:51.273783,2026-05-12 20:51:56.222705,0 days 00:00:04.948922,0.35,0.9,2,0.05,0.01,0.45,0.12,6,0.6,20,0.8,,,,,,PRUNED
7993,-0.6073193975174596,2026-05-12 20:51:56.250901,2026-05-12 20:51:59.645819,0 days 00:00:03.394918,0.25,0.8,4,0.05,0.01,0.45,0.08,3,0.5,20,0.65,,,,,,PRUNED
7994,-0.4242910183560481,2026-05-12 20:51:59.672674,2026-05-12 20:52:00.093205,0 days 00:00:00.420531,0.45,0.7,2,0.05,0.02,0.6,0.08,5,0.5,20,0.8,,,,,,PRUNED
7995,-0.48589985898822485,2026-05-12 20:52:00.119527,2026-05-12 20:52:04.443455,0 days 00:00:04.323928,0.25,0.8,4,0.05,0.01,0.3,0.08,4,0.6,10,0.65,,,,,,PRUNED
7996,-0.5277719595840226,2026-05-12 20:52:04.469162,2026-05-12 20:52:09.350968,0 days 00:00:04.881806,0.25,0.7,2,0.03,0.01,0.6,0.16,5,0.5,10,0.65,,,,,,PRUNED
7997,-0.5715107846558711,2026-05-12 20:52:09.378607,2026-05-12 20:52:09.789398,0 days 00:00:00.410791,0.45,0.7,2,0.05,0.02,0.6,0.08,3,0.5,20,0.8,,,,,,PRUNED
7998,-0.5101083291927537,2026-05-12 20:52:09.818969,2026-05-12 20:52:14.144060,0 days 00:00:04.325091,0.45,0.8,3,0.03,0.01,0.6,0.16,4,0.7,10,0.65,,,,,,PRUNED
7999,-0.5588589686931269,2026-05-12 20:52:14.175599,2026-05-12 20:52:19.059478,0 days 00:00:04.883879,0.25,0.8,2,0.03,0.02,0.6,0.08,4,0.6,5,0.8,,,,,,PRUNED
8000,-0.502968187797181,2026-05-12 20:52:19.087877,2026-05-12 20:52:23.704452,0 days 00:00:04.616575,0.35,0.7,2,0.03,0.01,0.6,0.12,5,0.6,20,0.5,,,,,,PRUNED
8001,-0.5582273378015395,2026-05-12 20:52:23.731480,2026-05-12 20:52:26.923608,0 days 00:00:03.192128,0.45,0.8,3,0.05,0.02,0.45,0.12,3,0.7,10,0.5,,,,,,PRUNED
8002,-0.4481039464005251,2026-05-12 20:52:26.951683,2026-05-12 20:52:32.466643,0 days 00:00:05.514960,0.45,0.8,3,0.05,0.02,0.45,0.16,5,0.5,5,0.8,,,,,,PRUNED
8003,-0.5179924623587872,2026-05-12 20:52:32.493838,2026-05-12 20:52:33.106095,0 days 00:00:00.612257,0.45,0.7,2,0.05,0.02,0.6,0.08,6,0.5,20,0.8,-0.39108387647623727,-0.030830266507629607,0.2538171717650998,0.36025360996860767,,COMPLETE
8004,-0.4683437871252323,2026-05-12 20:52:33.131479,2026-05-12 20:52:37.944129,0 days 00:00:04.812650,0.35,0.7,2,0.03,0.02,0.6,0.08,5,0.5,20,0.8,,,,,,PRUNED
8005,-0.410125315542252,2026-05-12 20:52:37.972879,2026-05-12 20:52:38.436152,0 days 00:00:00.463273,0.45,0.7,4,0.05,0.02,0.6,0.08,6,0.5,20,0.8,,,,,,PRUNED
8006,-0.5179924623587872,2026-05-12 20:52:38.465234,2026-05-12 20:52:39.122252,0 days 00:00:00.657018,0.45,0.7,2,0.05,0.02,0.6,0.08,6,0.5,20,0.8,-0.39108387647623727,-0.030830266507629607,0.2538171717650998,0.36025360996860767,,COMPLETE
8007,-0.5542511647408682,2026-05-12 20:52:39.152456,2026-05-12 20:52:43.188803,0 days 00:00:04.036347,0.45,0.8,4,0.03,0.01,0.3,0.08,3,0.6,10,0.5,,,,,,PRUNED
8008,-0.6202276756524595,2026-05-12 20:52:43.217636,2026-05-12 20:52:46.912665,0 days 00:00:03.695029,0.35,0.8,3,0.05,0.01,0.6,0.16,3,0.6,20,0.8,,,,,,PRUNED
8009,-0.5179924623587872,2026-05-12 20:52:46.942062,2026-05-12 20:52:47.601085,0 days 00:00:00.659023,0.45,0.7,2,0.05,0.02,0.6,0.08,6,0.5,20,0.8,-0.39108387647623727,-0.030830266507629607,0.2538171717650998,0.36025360996860767,,COMPLETE
8010,-0.5179924623587872,2026-05-12 20:52:47.656867,2026-05-12 20:52:48.323745,0 days 00:00:00.666878,0.45,0.7,2,0.05,0.02,0.6,0.08,6,0.5,20,0.8,-0.39108387647623727,-0.030830266507629607,0.2538171717650998,0.36025360996860767,,COMPLETE
8011,-0.5179924623587872,2026-05-12 20:52:48.373940,2026-05-12 20:52:49.017136,0 days 00:00:00.643196,0.45,0.7,2,0.05,0.02,0.6,0.08,6,0.5,20,0.8,-0.39108387647623727,-0.030830266507629607,0.2538171717650998,0.36025360996860767,,COMPLETE
8012,-0.5188571022127724,2026-05-12 20:52:49.047009,2026-05-12 20:52:53.686453,0 days 00:00:04.639444,0.25,0.7,4,0.05,0.02,0.3,0.12,3,0.6,5,0.8,,,,,,PRUNED
8013,-0.4740930689198491,2026-05-12 20:52:53.717771,2026-05-12 20:52:58.075412,0 days 00:00:04.357641,0.25,0.7,2,0.03,0.02,0.6,0.08,4,0.5,20,0.5,,,,,,PRUNED
8014,-0.5179924623587872,2026-05-12 20:52:58.101603,2026-05-12 20:52:58.703546,0 days 00:00:00.601943,0.45,0.7,2,0.05,0.02,0.6,0.08,6,0.5,20,0.65,-0.39108387647623727,-0.030830266507629607,0.2538171717650998,0.36025360996860767,,COMPLETE
8015,-0.5540561131039234,2026-05-12 20:52:58.734548,2026-05-12 20:53:04.302586,0 days 00:00:05.568038,0.25,0.8,3,0.05,0.01,0.45,0.16,5,0.7,5,0.5,,,,,,PRUNED
8016,-0.5111188272210135,2026-05-12 20:53:04.332295,2026-05-12 20:53:09.990638,0 days 00:00:05.658343,0.35,0.8,4,0.05,0.01,0.6,0.12,6,0.7,5,0.8,,,,,,PRUNED
8017,-9999.0,2026-05-12 20:53:10.017001,2026-05-12 20:53:10.362055,0 days 00:00:00.345054,0.25,0.7,3,0.03,0.01,0.3,0.16,3,0.7,10,0.65,,,,,BEAR_RATIO < NEUTRAL_RATIO < BULL_RATIO 约束违反: 0.25 / 0.7 / 0.7,COMPLETE
8018,-0.5179924623587872,2026-05-12 20:53:10.388459,2026-05-12 20:53:10.965855,0 days 00:00:00.577396,0.45,0.7,2,0.05,0.01,0.6,0.08,6,0.5,20,0.8,-0.39108387647623727,-0.030830266507629607,0.2538171717650998,0.36025360996860767,,COMPLETE
8019,-0.5179924623587872,2026-05-12 20:53:10.995106,2026-05-12 20:53:11.669131,0 days 00:00:00.674025,0.45,0.7,2,0.05,0.02,0.6,0.08,6,0.5,20,0.8,-0.39108387647623727,-0.030830266507629607,0.2538171717650998,0.36025360996860767,,COMPLETE
8020,-0.5179924623587872,2026-05-12 20:53:11.695736,2026-05-12 20:53:12.305445,0 days 00:00:00.609709,0.45,0.7,2,0.05,0.02,0.6,0.08,6,0.5,20,0.8,-0.39108387647623727,-0.030830266507629607,0.2538171717650998,0.36025360996860767,,COMPLETE
8021,-0.48744598672591,2026-05-12 20:53:12.330909,2026-05-12 20:53:16.238059,0 days 00:00:03.907150,0.35,0.9,4,0.05,0.02,0.6,0.12,4,0.7,20,0.65,,,,,,PRUNED
8022,-0.5179924623587872,2026-05-12 20:53:16.261221,2026-05-12 20:53:16.828639,0 days 00:00:00.567418,0.45,0.7,2,0.05,0.02,0.6,0.08,6,0.5,20,0.8,-0.39108387647623727,-0.030830266507629607,0.2538171717650998,0.36025360996860767,,COMPLETE
8023,-9999.0,2026-05-12 20:53:16.852704,2026-05-12 20:53:17.162021,0 days 00:00:00.309317,0.25,0.7,3,0.05,0.02,0.45,0.08,4,0.7,20,0.5,,,,,BEAR_RATIO < NEUTRAL_RATIO < BULL_RATIO 约束违反: 0.25 / 0.7 / 0.7,COMPLETE
8024,-0.5597857055952619,2026-05-12 20:53:17.186275,2026-05-12 20:53:21.726677,0 days 00:00:04.540402,0.25,0.9,4,0.03,0.01,0.6,0.12,5,0.7,20,0.8,,,,,,PRUNED
8025,-0.4753231893507477,2026-05-12 20:53:21.752953,2026-05-12 20:53:27.506499,0 days 00:00:05.753546,0.45,0.8,2,0.05,0.02,0.6,0.12,6,0.7,5,0.5,,,,,,PRUNED
8026,-0.43421872833545394,2026-05-12 20:53:27.533206,2026-05-12 20:53:34.246660,0 days 00:00:06.713454,0.45,0.9,2,0.05,0.02,0.45,0.08,6,0.5,10,0.8,,,,,,PRUNED
8027,-9999.0,2026-05-12 20:53:34.274275,2026-05-12 20:53:34.641721,0 days 00:00:00.367446,0.35,0.7,4,0.03,0.01,0.3,0.12,6,0.7,5,0.65,,,,,BEAR_RATIO < NEUTRAL_RATIO < BULL_RATIO 约束违反: 0.35 / 0.7 / 0.7,COMPLETE
8028,-9999.0,2026-05-12 20:53:34.668026,2026-05-12 20:53:35.008793,0 days 00:00:00.340767,0.35,0.7,3,0.05,0.01,0.45,0.16,4,0.7,10,0.8,,,,,BEAR_RATIO < NEUTRAL_RATIO < BULL_RATIO 约束违反: 0.35 / 0.7 / 0.7,COMPLETE
8029,-0.6237672818601517,2026-05-12 20:53:35.036528,2026-05-12 20:53:38.626842,0 days 00:00:03.590314,0.45,0.9,3,0.05,0.01,0.3,0.08,3,0.7,20,0.65,,,,,,PRUNED
8030,-9999.0,2026-05-12 20:53:38.653189,2026-05-12 20:53:38.966394,0 days 00:00:00.313205,0.45,0.7,2,0.03,0.01,0.45,0.08,6,0.7,5,0.65,,,,,BEAR_RATIO < NEUTRAL_RATIO < BULL_RATIO 约束违反: 0.45 / 0.7 / 0.7,COMPLETE
8031,-0.5966298317509102,2026-05-12 20:53:38.989984,2026-05-12 20:53:41.148162,0 days 00:00:02.158178,0.25,0.7,2,0.05,0.02,0.6,0.08,3,0.5,20,0.65,,,,,,PRUNED
8032,-0.4902270133429936,2026-05-12 20:53:41.173964,2026-05-12 20:53:45.457476,0 days 00:00:04.283512,0.35,0.9,2,0.03,0.01,0.6,0.08,4,0.7,20,0.5,,,,,,PRUNED
8033,-0.47119754972919226,2026-05-12 20:53:45.484020,2026-05-12 20:53:50.404069,0 days 00:00:04.920049,0.35,0.8,4,0.03,0.02,0.6,0.08,6,0.5,20,0.8,,,,,,PRUNED
8034,-0.48692166230430073,2026-05-12 20:53:50.433309,2026-05-12 20:53:55.284374,0 days 00:00:04.851065,0.35,0.8,4,0.03,0.01,0.6,0.08,6,0.6,20,0.5,,,,,,PRUNED
8035,-0.42357363260304626,2026-05-12 20:53:55.310465,2026-05-12 20:53:55.734690,0 days 00:00:00.424225,0.45,0.7,2,0.05,0.02,0.6,0.08,6,0.6,20,0.8,,,,,,PRUNED
8036,-0.4333600775936791,2026-05-12 20:53:55.772320,2026-05-12 20:53:59.793114,0 days 00:00:04.020794,0.45,0.8,3,0.05,0.02,0.6,0.08,4,0.5,20,0.8,,,,,,PRUNED
8037,-0.5179924623587872,2026-05-12 20:53:59.823718,2026-05-12 20:54:00.452206,0 days 00:00:00.628488,0.45,0.7,2,0.05,0.02,0.6,0.08,6,0.5,20,0.8,-0.39108387647623727,-0.030830266507629607,0.2538171717650998,0.36025360996860767,,COMPLETE
8038,-0.44638232374696835,2026-05-12 20:54:00.481920,2026-05-12 20:54:04.769455,0 days 00:00:04.287535,0.35,0.7,4,0.05,0.01,0.45,0.08,4,0.5,10,0.5,,,,,,PRUNED
8039,-0.5069488167373445,2026-05-12 20:54:04.797433,2026-05-12 20:54:08.857997,0 days 00:00:04.060564,0.45,0.9,3,0.03,0.01,0.3,0.16,4,0.6,20,0.8,,,,,,PRUNED
8040,-0.4092788272711371,2026-05-12 20:54:08.886537,2026-05-12 20:54:09.303960,0 days 00:00:00.417423,0.45,0.7,3,0.05,0.02,0.6,0.08,6,0.5,20,0.8,,,,,,PRUNED
8041,-0.4403466834437159,2026-05-12 20:54:09.330692,2026-05-12 20:54:14.151458,0 days 00:00:04.820766,0.45,0.7,2,0.05,0.02,0.45,0.08,5,0.6,20,0.65,,,,,,PRUNED
8042,-0.45414393556531407,2026-05-12 20:54:14.182920,2026-05-12 20:54:20.367764,0 days 00:00:06.184844,0.45,0.7,4,0.05,0.02,0.3,0.12,6,0.6,5,0.5,,,,,,PRUNED
8043,-0.5175996720282894,2026-05-12 20:54:20.399341,2026-05-12 20:54:25.343814,0 days 00:00:04.944473,0.25,0.8,3,0.05,0.02,0.3,0.12,5,0.6,20,0.65,,,,,,PRUNED
8044,-0.5179924623587872,2026-05-12 20:54:25.373294,2026-05-12 20:54:26.012221,0 days 00:00:00.638927,0.45,0.7,2,0.05,0.02,0.6,0.08,6,0.5,20,0.8,-0.39108387647623727,-0.030830266507629607,0.2538171717650998,0.36025360996860767,,COMPLETE
8045,-0.5650050564001818,2026-05-12 20:54:26.059548,2026-05-12 20:54:32.124589,0 days 00:00:06.065041,0.25,0.9,3,0.05,0.02,0.3,0.08,4,0.7,5,0.5,,,,,,PRUNED
8046,-0.5179924623587872,2026-05-12 20:54:32.150677,2026-05-12 20:54:32.681239,0 days 00:00:00.530562,0.45,0.7,2,0.05,0.02,0.6,0.08,6,0.5,20,0.8,-0.39108387647623727,-0.030830266507629607,0.2538171717650998,0.36025360996860767,,COMPLETE
8047,-0.5312917595536754,2026-05-12 20:54:32.705707,2026-05-12 20:54:37.594493,0 days 00:00:04.888786,0.35,0.9,4,0.03,0.01,0.3,0.08,4,0.5,5,0.8,,,,,,PRUNED
8048,-0.5326439178818123,2026-05-12 20:54:37.622530,2026-05-12 20:54:42.805415,0 days 00:00:05.182885,0.35,0.9,4,0.03,0.02,0.3,0.12,6,0.7,10,0.8,,,,,,PRUNED
8049,-0.4733885954212532,2026-05-12 20:54:42.833116,2026-05-12 20:54:48.652806,0 days 00:00:05.819690,0.35,0.9,2,0.05,0.01,0.6,0.08,6,0.5,5,0.8,,,,,,PRUNED
8050,-0.5274775436287559,2026-05-12 20:54:48.679160,2026-05-12 20:54:52.985132,0 days 00:00:04.305972,0.35,0.9,4,0.05,0.02,0.3,0.12,6,0.7,5,0.8,,,,,,PRUNED
8051,-0.48845334910963867,2026-05-12 20:54:53.012943,2026-05-12 20:54:57.904860,0 days 00:00:04.891917,0.45,0.8,2,0.05,0.01,0.3,0.16,4,0.5,5,0.5,,,,,,PRUNED
8052,-0.4611987115685921,2026-05-12 20:54:57.932471,2026-05-12 20:55:02.875378,0 days 00:00:04.942907,0.35,0.8,3,0.05,0.01,0.3,0.12,5,0.5,10,0.8,,,,,,PRUNED
8053,-0.460383538643085,2026-05-12 20:55:02.901521,2026-05-12 20:55:08.792728,0 days 00:00:05.891207,0.35,0.7,2,0.05,0.02,0.6,0.12,6,0.5,5,0.8,,,,,,PRUNED
8054,-0.44598756893166347,2026-05-12 20:55:08.820983,2026-05-12 20:55:14.658659,0 days 00:00:05.837676,0.45,0.8,2,0.05,0.01,0.6,0.16,5,0.5,5,0.5,,,,,,PRUNED
8055,-0.4282130297974064,2026-05-12 20:55:14.692324,2026-05-12 20:55:20.080001,0 days 00:00:05.387677,0.45,0.7,3,0.05,0.02,0.6,0.12,6,0.5,5,0.8,,,,,,PRUNED
8056,-0.6480932692721079,2026-05-12 20:55:20.107643,2026-05-12 20:55:23.840873,0 days 00:00:03.733230,0.45,0.8,2,0.03,0.01,0.3,0.16,3,0.7,20,0.8,,,,,,PRUNED
8057,-0.5179924623587872,2026-05-12 20:55:23.871814,2026-05-12 20:55:24.547012,0 days 00:00:00.675198,0.45,0.7,2,0.05,0.02,0.6,0.08,6,0.5,20,0.8,-0.39108387647623727,-0.030830266507629607,0.2538171717650998,0.36025360996860767,,COMPLETE
8058,-0.4213231947291116,2026-05-12 20:55:24.574831,2026-05-12 20:55:25.002560,0 days 00:00:00.427729,0.45,0.7,2,0.05,0.02,0.6,0.08,4,0.5,20,0.8,,,,,,PRUNED
8059,-0.5441702406150507,2026-05-12 20:55:25.032170,2026-05-12 20:55:31.264319,0 days 00:00:06.232149,0.35,0.8,2,0.03,0.02,0.45,0.16,4,0.5,5,0.65,,,,,,PRUNED
8060,-0.5179924623587872,2026-05-12 20:55:31.292889,2026-05-12 20:55:31.950432,0 days 00:00:00.657543,0.45,0.7,2,0.05,0.02,0.6,0.08,6,0.5,20,0.8,-0.39108387647623727,-0.030830266507629607,0.2538171717650998,0.36025360996860767,,COMPLETE
8061,-0.44499757553648933,2026-05-12 20:55:31.983000,2026-05-12 20:55:37.254373,0 days 00:00:05.271373,0.45,0.9,3,0.05,0.02,0.6,0.12,5,0.5,10,0.8,,,,,,PRUNED
8062,-0.5179924623587872,2026-05-12 20:55:37.284960,2026-05-12 20:55:37.944007,0 days 00:00:00.659047,0.45,0.7,2,0.05,0.02,0.6,0.08,6,0.5,20,0.8,-0.39108387647623727,-0.030830266507629607,0.2538171717650998,0.36025360996860767,,COMPLETE
8063,-0.5646266691018748,2026-05-12 20:55:37.973399,2026-05-12 20:55:43.012148,0 days 00:00:05.038749,0.45,0.9,4,0.03,0.01,0.3,0.16,4,0.7,5,0.65,,,,,,PRUNED
8064,-0.5526436923210395,2026-05-12 20:55:43.040657,2026-05-12 20:55:48.147473,0 days 00:00:05.106816,0.25,0.9,3,0.03,0.01,0.6,0.12,6,0.6,20,0.8,,,,,,PRUNED
8065,-9999.0,2026-05-12 20:55:48.174884,2026-05-12 20:55:48.530082,0 days 00:00:00.355198,0.25,0.7,2,0.05,0.02,0.6,0.16,3,0.7,10,0.5,,,,,BEAR_RATIO < NEUTRAL_RATIO < BULL_RATIO 约束违反: 0.25 / 0.7 / 0.7,COMPLETE
8066,-0.4902678666525616,2026-05-12 20:55:48.558940,2026-05-12 20:55:51.726637,0 days 00:00:03.167697,0.25,0.8,2,0.05,0.02,0.3,0.08,6,0.5,20,0.8,,,,,,PRUNED
8067,-0.6542248134301141,2026-05-12 20:55:51.760334,2026-05-12 20:55:55.132299,0 days 00:00:03.371965,0.35,0.9,4,0.03,0.01,0.45,0.12,3,0.7,20,0.8,,,,,,PRUNED
8068,-0.4617083155952517,2026-05-12 20:55:55.162268,2026-05-12 20:56:00.813497,0 days 00:00:05.651229,0.35,0.7,4,0.05,0.01,0.45,0.12,5,0.5,5,0.65,,,,,,PRUNED
8069,-0.5179924623587872,2026-05-12 20:56:00.841901,2026-05-12 20:56:01.467042,0 days 00:00:00.625141,0.45,0.7,2,0.05,0.02,0.6,0.08,6,0.5,20,0.8,-0.39108387647623727,-0.030830266507629607,0.2538171717650998,0.36025360996860767,,COMPLETE
8070,-0.5275040895271254,2026-05-12 20:56:01.500215,2026-05-12 20:56:07.559672,0 days 00:00:06.059457,0.35,0.9,2,0.05,0.02,0.6,0.16,6,0.7,5,0.65,,,,,,PRUNED
8071,-0.513028802929313,2026-05-12 20:56:07.588367,2026-05-12 20:56:12.892747,0 days 00:00:05.304380,0.35,0.7,2,0.05,0.01,0.3,0.16,4,0.6,5,0.65,,,,,,PRUNED
8072,-0.5244407744149442,2026-05-12 20:56:12.924823,2026-05-12 20:56:18.826529,0 days 00:00:05.901706,0.25,0.8,3,0.03,0.02,0.45,0.08,5,0.5,5,0.5,,,,,,PRUNED
8073,-0.4997955465888503,2026-05-12 20:56:18.853658,2026-05-12 20:56:23.570556,0 days 00:00:04.716898,0.45,0.7,3,0.03,0.01,0.3,0.16,5,0.6,20,0.8,,,,,,PRUNED
8074,-0.4981097486430177,2026-05-12 20:56:23.599888,2026-05-12 20:56:29.528157,0 days 00:00:05.928269,0.25,0.7,3,0.03,0.02,0.6,0.08,6,0.5,20,0.65,,,,,,PRUNED
8075,-9999.0,2026-05-12 20:56:29.552206,2026-05-12 20:56:29.909446,0 days 00:00:00.357240,0.35,0.7,4,0.03,0.02,0.3,0.08,6,0.7,10,0.8,,,,,BEAR_RATIO < NEUTRAL_RATIO < BULL_RATIO 约束违反: 0.35 / 0.7 / 0.7,COMPLETE
8076,-0.497886089421679,2026-05-12 20:56:29.934557,2026-05-12 20:56:34.730890,0 days 00:00:04.796333,0.45,0.7,3,0.03,0.01,0.45,0.16,5,0.6,20,0.65,,,,,,PRUNED
8077,-0.5418418980906364,2026-05-12 20:56:34.758951,2026-05-12 20:56:38.671278,0 days 00:00:03.912327,0.25,0.9,2,0.05,0.01,0.3,0.12,5,0.6,5,0.65,,,,,,PRUNED
8078,-0.4596331979105748,2026-05-12 20:56:38.698832,2026-05-12 20:56:43.986334,0 days 00:00:05.287502,0.35,0.7,3,0.03,0.01,0.3,0.08,6,0.5,10,0.65,,,,,,PRUNED
8079,-9999.0,2026-05-12 20:56:44.011658,2026-05-12 20:56:44.411522,0 days 00:00:00.399864,0.35,0.7,3,0.03,0.02,0.45,0.08,6,0.7,20,0.65,,,,,BEAR_RATIO < NEUTRAL_RATIO < BULL_RATIO 约束违反: 0.35 / 0.7 / 0.7,COMPLETE
8080,-0.432980707092909,2026-05-12 20:56:44.441586,2026-05-12 20:56:49.438451,0 days 00:00:04.996865,0.45,0.7,2,0.05,0.01,0.6,0.12,5,0.5,20,0.65,,,,,,PRUNED
8081,-0.4885477138674294,2026-05-12 20:56:49.470552,2026-05-12 20:56:53.851550,0 days 00:00:04.380998,0.25,0.8,4,0.05,0.01,0.45,0.16,4,0.5,20,0.5,,,,,,PRUNED
8082,-0.47441457244516044,2026-05-12 20:56:53.879753,2026-05-12 20:56:54.324028,0 days 00:00:00.444275,0.25,0.7,2,0.05,0.02,0.6,0.08,6,0.5,20,0.8,,,,,,PRUNED
8083,-0.4100386278766106,2026-05-12 20:56:54.365267,2026-05-12 20:56:54.800297,0 days 00:00:00.435030,0.45,0.7,2,0.05,0.02,0.3,0.08,6,0.5,20,0.8,,,,,,PRUNED
