number,value,datetime_start,datetime_complete,duration,params_BEAR_RATIO,params_BULL_RATIO,params_GRID_MAX_LAYER,params_GRID_STEP_MAX,params_GRID_STEP_MIN,params_GRID_STEP_VOL_FACTOR,params_LAYER_FRACTION,params_MAX_HOLD,params_NEUTRAL_RATIO,params_REBALANCE_FREQ,params_VOL_WEIGHT,user_attrs_avg_test_score,user_attrs_avg_train_score,user_attrs_test_score_std,user_attrs_train_test_gap,user_attrs_validation_error,state
708,-0.5179924623587872,2026-05-12 14:40:28.139381,2026-05-12 14:40:28.625154,0 days 00:00:00.485773,0.45,0.7,2,0.05,0.02,0.6,0.08,6,0.5,20,0.8,-0.39108387647623727,-0.030830266507629607,0.2538171717650998,0.36025360996860767,,COMPLETE
709,-0.48198304053408125,2026-05-12 14:40:28.651428,2026-05-12 14:40:34.582919,0 days 00:00:05.931491,0.35,0.7,4,0.05,0.01,0.3,0.16,6,0.5,5,0.8,,,,,,PRUNED
710,-0.5179924623587872,2026-05-12 14:40:34.605423,2026-05-12 14:40:35.148657,0 days 00:00:00.543234,0.45,0.7,2,0.05,0.02,0.6,0.08,6,0.5,20,0.8,-0.39108387647623727,-0.030830266507629607,0.2538171717650998,0.36025360996860767,,COMPLETE
711,-0.5379468871996147,2026-05-12 14:40:35.173099,2026-05-12 14:40:37.483159,0 days 00:00:02.310060,0.45,0.8,4,0.03,0.01,0.3,0.08,3,0.5,10,0.8,,,,,,PRUNED
712,-0.5226152911975486,2026-05-12 14:40:37.509437,2026-05-12 14:40:42.439038,0 days 00:00:04.929601,0.25,0.9,4,0.03,0.01,0.45,0.08,6,0.5,20,0.8,,,,,,PRUNED
713,-0.5715107846558711,2026-05-12 14:40:42.465434,2026-05-12 14:40:45.855102,0 days 00:00:03.389668,0.45,0.7,2,0.05,0.01,0.6,0.08,3,0.5,20,0.5,,,,,,PRUNED
714,-0.41145313209857104,2026-05-12 14:40:45.878929,2026-05-12 14:40:51.955547,0 days 00:00:06.076618,0.45,0.7,2,0.05,0.01,0.3,0.08,6,0.5,10,0.65,,,,,,PRUNED
715,-0.4318124553734489,2026-05-12 14:40:51.979816,2026-05-12 14:40:56.974359,0 days 00:00:04.994543,0.45,0.7,2,0.03,0.02,0.6,0.08,6,0.5,20,0.65,,,,,,PRUNED
716,-0.5127136063560087,2026-05-12 14:40:57.000397,2026-05-12 14:41:01.699912,0 days 00:00:04.699515,0.35,0.9,4,0.05,0.01,0.3,0.16,5,0.6,20,0.5,,,,,,PRUNED
717,-0.5158042499921339,2026-05-12 14:41:01.727031,2026-05-12 14:41:06.185097,0 days 00:00:04.458066,0.25,0.9,3,0.05,0.02,0.3,0.08,3,0.5,5,0.8,,,,,,PRUNED
718,-0.42274706040872767,2026-05-12 14:41:06.208952,2026-05-12 14:41:09.619527,0 days 00:00:03.410575,0.45,0.7,2,0.05,0.01,0.3,0.12,6,0.5,20,0.8,,,,,,PRUNED
719,-0.4974073281927062,2026-05-12 14:41:09.641826,2026-05-12 14:41:14.556727,0 days 00:00:04.914901,0.25,0.7,2,0.03,0.01,0.45,0.08,6,0.5,20,0.8,,,,,,PRUNED
720,-0.6244356290165394,2026-05-12 14:41:14.580110,2026-05-12 14:41:18.048931,0 days 00:00:03.468821,0.25,0.9,4,0.03,0.02,0.3,0.08,3,0.5,20,0.65,,,,,,PRUNED
721,-9999.0,2026-05-12 14:41:18.074747,2026-05-12 14:41:18.359660,0 days 00:00:00.284913,0.45,0.7,3,0.05,0.01,0.6,0.08,6,0.7,20,0.8,,,,,BEAR_RATIO < NEUTRAL_RATIO < BULL_RATIO 约束违反: 0.45 / 0.7 / 0.7,COMPLETE
722,-0.43303418604199423,2026-05-12 14:41:18.400923,2026-05-12 14:41:23.748878,0 days 00:00:05.347955,0.45,0.7,2,0.03,0.01,0.6,0.08,6,0.5,10,0.65,,,,,,PRUNED
723,-0.4628566561848417,2026-05-12 14:41:23.776108,2026-05-12 14:41:28.360974,0 days 00:00:04.584866,0.45,0.9,2,0.05,0.01,0.6,0.08,5,0.6,20,0.5,,,,,,PRUNED
724,-0.5047748761130697,2026-05-12 14:41:28.387304,2026-05-12 14:41:32.437556,0 days 00:00:04.050252,0.25,0.9,4,0.05,0.01,0.6,0.16,4,0.6,20,0.5,,,,,,PRUNED
725,-0.5489131007515853,2026-05-12 14:41:32.461120,2026-05-12 14:41:36.307247,0 days 00:00:03.846127,0.45,0.7,3,0.03,0.01,0.3,0.16,3,0.5,10,0.65,,,,,,PRUNED
726,-0.5179924623587872,2026-05-12 14:41:36.329464,2026-05-12 14:41:36.814430,0 days 00:00:00.484966,0.45,0.7,2,0.05,0.02,0.6,0.08,6,0.5,20,0.8,-0.39108387647623727,-0.030830266507629607,0.2538171717650998,0.36025360996860767,,COMPLETE
727,-9999.0,2026-05-12 14:41:36.841867,2026-05-12 14:41:37.090840,0 days 00:00:00.248973,0.25,0.7,2,0.05,0.02,0.6,0.08,3,0.7,20,0.8,,,,,BEAR_RATIO < NEUTRAL_RATIO < BULL_RATIO 约束违反: 0.25 / 0.7 / 0.7,COMPLETE
728,-0.47441457244516044,2026-05-12 14:41:37.115343,2026-05-12 14:41:37.434013,0 days 00:00:00.318670,0.25,0.7,2,0.05,0.02,0.6,0.08,6,0.5,20,0.8,,,,,,PRUNED
729,-0.5664286818649026,2026-05-12 14:41:37.457561,2026-05-12 14:41:42.693910,0 days 00:00:05.236349,0.35,0.8,4,0.03,0.02,0.3,0.16,6,0.7,5,0.5,,,,,,PRUNED
730,-9999.0,2026-05-12 14:41:42.717739,2026-05-12 14:41:43.002836,0 days 00:00:00.285097,0.25,0.7,3,0.05,0.01,0.6,0.12,4,0.7,5,0.65,,,,,BEAR_RATIO < NEUTRAL_RATIO < BULL_RATIO 约束违反: 0.25 / 0.7 / 0.7,COMPLETE
731,-0.5179924623587872,2026-05-12 14:41:43.026012,2026-05-12 14:41:43.544949,0 days 00:00:00.518937,0.45,0.7,2,0.05,0.02,0.6,0.08,6,0.5,20,0.8,-0.39108387647623727,-0.030830266507629607,0.2538171717650998,0.36025360996860767,,COMPLETE
732,-0.6337025519321703,2026-05-12 14:41:43.572741,2026-05-12 14:41:46.957126,0 days 00:00:03.384385,0.25,0.9,4,0.05,0.02,0.45,0.08,3,0.7,20,0.5,,,,,,PRUNED
733,-0.4092137988646166,2026-05-12 14:41:46.977154,2026-05-12 14:41:47.255514,0 days 00:00:00.278360,0.45,0.7,2,0.05,0.02,0.6,0.08,6,0.5,10,0.8,,,,,,PRUNED
734,-0.5566515624055451,2026-05-12 14:41:47.276613,2026-05-12 14:41:52.233159,0 days 00:00:04.956546,0.25,0.9,2,0.05,0.01,0.3,0.08,4,0.6,5,0.65,,,,,,PRUNED
735,-0.4939957696819767,2026-05-12 14:41:52.257008,2026-05-12 14:41:57.817079,0 days 00:00:05.560071,0.45,0.9,4,0.05,0.02,0.45,0.12,5,0.7,5,0.5,,,,,,PRUNED
736,-0.5388734519671852,2026-05-12 14:41:57.838146,2026-05-12 14:42:03.076877,0 days 00:00:05.238731,0.25,0.9,3,0.05,0.01,0.6,0.16,6,0.7,10,0.5,,,,,,PRUNED
737,-0.44222659773842976,2026-05-12 14:42:03.119028,2026-05-12 14:42:08.153896,0 days 00:00:05.034868,0.45,0.8,2,0.05,0.02,0.6,0.16,6,0.5,20,0.8,,,,,,PRUNED
738,-9999.0,2026-05-12 14:42:08.176871,2026-05-12 14:42:08.450638,0 days 00:00:00.273767,0.45,0.7,2,0.05,0.02,0.6,0.16,6,0.7,10,0.8,,,,,BEAR_RATIO < NEUTRAL_RATIO < BULL_RATIO 约束违反: 0.45 / 0.7 / 0.7,COMPLETE
739,-0.4526584250777631,2026-05-12 14:42:08.477282,2026-05-12 14:42:11.734255,0 days 00:00:03.256973,0.45,0.8,2,0.05,0.01,0.3,0.08,5,0.6,20,0.5,,,,,,PRUNED
740,-0.5695354852311324,2026-05-12 14:42:11.758550,2026-05-12 14:42:16.479793,0 days 00:00:04.721243,0.25,0.9,3,0.03,0.02,0.45,0.16,5,0.6,20,0.5,,,,,,PRUNED
741,-0.6244856336478017,2026-05-12 14:42:16.502329,2026-05-12 14:42:19.950673,0 days 00:00:03.448344,0.45,0.8,4,0.03,0.01,0.45,0.12,3,0.6,20,0.5,,,,,,PRUNED
742,-0.5179924623587872,2026-05-12 14:42:19.975621,2026-05-12 14:42:20.444274,0 days 00:00:00.468653,0.45,0.7,2,0.05,0.02,0.6,0.08,6,0.5,20,0.8,-0.39108387647623727,-0.030830266507629607,0.2538171717650998,0.36025360996860767,,COMPLETE
743,-0.4100386278766106,2026-05-12 14:42:20.488652,2026-05-12 14:42:20.820300,0 days 00:00:00.331648,0.45,0.7,2,0.05,0.02,0.3,0.08,6,0.5,20,0.8,,,,,,PRUNED
744,-0.434307923993398,2026-05-12 14:42:20.843207,2026-05-12 14:42:25.802812,0 days 00:00:04.959605,0.45,0.7,2,0.05,0.01,0.3,0.16,6,0.5,20,0.8,,,,,,PRUNED
745,-0.47305248744803785,2026-05-12 14:42:25.825689,2026-05-12 14:42:30.748404,0 days 00:00:04.922715,0.45,0.8,2,0.03,0.01,0.6,0.08,6,0.7,20,0.8,,,,,,PRUNED
746,-0.48552313281778275,2026-05-12 14:42:30.773332,2026-05-12 14:42:36.650148,0 days 00:00:05.876816,0.45,0.9,2,0.03,0.01,0.3,0.08,5,0.7,10,0.5,,,,,,PRUNED
747,-0.4309812888470534,2026-05-12 14:42:36.676016,2026-05-12 14:42:39.249642,0 days 00:00:02.573626,0.45,0.8,2,0.05,0.01,0.6,0.08,4,0.5,20,0.5,,,,,,PRUNED
748,-0.5179924623587872,2026-05-12 14:42:39.288503,2026-05-12 14:42:39.791032,0 days 00:00:00.502529,0.45,0.7,2,0.05,0.02,0.6,0.08,6,0.5,20,0.8,-0.39108387647623727,-0.030830266507629607,0.2538171717650998,0.36025360996860767,,COMPLETE
749,-0.4343432273598666,2026-05-12 14:42:39.818324,2026-05-12 14:42:45.086659,0 days 00:00:05.268335,0.45,0.7,2,0.05,0.02,0.45,0.12,6,0.6,10,0.8,,,,,,PRUNED
750,-0.4318124553734489,2026-05-12 14:42:45.110524,2026-05-12 14:42:50.130444,0 days 00:00:05.019920,0.45,0.7,2,0.03,0.01,0.6,0.08,6,0.5,20,0.5,,,,,,PRUNED
751,-0.535628001015383,2026-05-12 14:42:50.157151,2026-05-12 14:42:56.072870,0 days 00:00:05.915719,0.35,0.7,4,0.03,0.02,0.45,0.16,6,0.6,5,0.8,,,,,,PRUNED
752,-0.5214861855032183,2026-05-12 14:42:56.095661,2026-05-12 14:43:00.466755,0 days 00:00:04.371094,0.25,0.8,3,0.05,0.02,0.6,0.08,3,0.6,5,0.8,,,,,,PRUNED
753,-0.4577059413734039,2026-05-12 14:43:00.491178,2026-05-12 14:43:05.461410,0 days 00:00:04.970232,0.35,0.9,2,0.05,0.01,0.6,0.08,6,0.5,20,0.8,,,,,,PRUNED
754,-0.6079658457655867,2026-05-12 14:43:05.487172,2026-05-12 14:43:09.047713,0 days 00:00:03.560541,0.45,0.7,4,0.05,0.01,0.3,0.16,3,0.6,20,0.65,,,,,,PRUNED
755,-0.5208738761593623,2026-05-12 14:43:09.073032,2026-05-12 14:43:12.267434,0 days 00:00:03.194402,0.35,0.9,3,0.05,0.02,0.3,0.16,5,0.7,20,0.8,,,,,,PRUNED
756,-0.41425741193738236,2026-05-12 14:43:12.291991,2026-05-12 14:43:12.627522,0 days 00:00:00.335531,0.45,0.7,2,0.05,0.02,0.6,0.08,6,0.5,5,0.8,,,,,,PRUNED
757,-0.5179924623587872,2026-05-12 14:43:12.653676,2026-05-12 14:43:13.151166,0 days 00:00:00.497490,0.45,0.7,2,0.05,0.02,0.6,0.08,6,0.5,20,0.8,-0.39108387647623727,-0.030830266507629607,0.2538171717650998,0.36025360996860767,,COMPLETE
758,-0.4772204309874144,2026-05-12 14:43:13.174235,2026-05-12 14:43:18.165463,0 days 00:00:04.991228,0.45,0.9,2,0.03,0.02,0.6,0.12,6,0.5,20,0.8,,,,,,PRUNED
759,-0.4974151588869584,2026-05-12 14:43:18.187982,2026-05-12 14:43:24.314526,0 days 00:00:06.126544,0.35,0.9,2,0.03,0.01,0.3,0.08,6,0.6,10,0.5,,,,,,PRUNED
760,-0.4647076607012641,2026-05-12 14:43:24.336612,2026-05-12 14:43:29.319648,0 days 00:00:04.983036,0.35,0.8,4,0.05,0.02,0.6,0.12,6,0.5,20,0.65,,,,,,PRUNED
761,-0.4467619369398962,2026-05-12 14:43:29.345138,2026-05-12 14:43:34.341476,0 days 00:00:04.996338,0.45,0.7,2,0.05,0.01,0.6,0.16,6,0.6,20,0.8,,,,,,PRUNED
762,-0.4685855872361263,2026-05-12 14:43:34.366142,2026-05-12 14:43:38.461893,0 days 00:00:04.095751,0.35,0.7,4,0.05,0.02,0.45,0.16,4,0.6,20,0.8,,,,,,PRUNED
763,-9999.0,2026-05-12 14:43:38.486960,2026-05-12 14:43:38.770100,0 days 00:00:00.283140,0.25,0.7,2,0.05,0.01,0.45,0.16,6,0.7,10,0.8,,,,,BEAR_RATIO < NEUTRAL_RATIO < BULL_RATIO 约束违反: 0.25 / 0.7 / 0.7,COMPLETE
764,-0.5850641736637084,2026-05-12 14:43:38.806736,2026-05-12 14:43:41.069636,0 days 00:00:02.262900,0.25,0.7,2,0.03,0.01,0.6,0.16,3,0.6,10,0.5,,,,,,PRUNED
765,-0.5374227242716864,2026-05-12 14:43:41.095001,2026-05-12 14:43:46.062188,0 days 00:00:04.967187,0.45,0.8,2,0.03,0.01,0.45,0.16,4,0.6,5,0.5,,,,,,PRUNED
766,-0.5008554673091578,2026-05-12 14:43:46.103033,2026-05-12 14:43:51.409624,0 days 00:00:05.306591,0.35,0.8,2,0.05,0.01,0.3,0.16,6,0.7,10,0.8,,,,,,PRUNED
767,-9999.0,2026-05-12 14:43:51.433951,2026-05-12 14:43:51.694504,0 days 00:00:00.260553,0.25,0.7,3,0.03,0.02,0.6,0.16,5,0.7,20,0.8,,,,,BEAR_RATIO < NEUTRAL_RATIO < BULL_RATIO 约束违反: 0.25 / 0.7 / 0.7,COMPLETE
768,-0.478318878565105,2026-05-12 14:43:51.717163,2026-05-12 14:43:56.828264,0 days 00:00:05.111101,0.45,0.8,4,0.03,0.02,0.45,0.16,5,0.5,10,0.8,,,,,,PRUNED
769,-9999.0,2026-05-12 14:43:56.850907,2026-05-12 14:43:57.158425,0 days 00:00:00.307518,0.25,0.7,4,0.05,0.01,0.6,0.16,5,0.7,10,0.5,,,,,BEAR_RATIO < NEUTRAL_RATIO < BULL_RATIO 约束违反: 0.25 / 0.7 / 0.7,COMPLETE
770,-0.48214637975395325,2026-05-12 14:43:57.182396,2026-05-12 14:44:01.323337,0 days 00:00:04.140941,0.45,0.8,3,0.03,0.01,0.3,0.12,4,0.6,20,0.5,,,,,,PRUNED
771,-0.5297001390708693,2026-05-12 14:44:01.349335,2026-05-12 14:44:06.626032,0 days 00:00:05.276697,0.35,0.9,2,0.03,0.02,0.3,0.16,6,0.5,10,0.5,,,,,,PRUNED
772,-0.4296411080598753,2026-05-12 14:44:06.649238,2026-05-12 14:44:06.972188,0 days 00:00:00.322950,0.45,0.7,2,0.05,0.02,0.6,0.16,6,0.5,20,0.8,,,,,,PRUNED
773,-0.5376153209699349,2026-05-12 14:44:06.998984,2026-05-12 14:44:10.365795,0 days 00:00:03.366811,0.25,0.9,4,0.05,0.02,0.45,0.16,5,0.7,10,0.8,,,,,,PRUNED
774,-0.5417623544412756,2026-05-12 14:44:10.389236,2026-05-12 14:44:14.111875,0 days 00:00:03.722639,0.45,0.9,2,0.03,0.02,0.6,0.08,3,0.5,10,0.8,,,,,,PRUNED
775,-0.5122709106134906,2026-05-12 14:44:14.136425,2026-05-12 14:44:20.175009,0 days 00:00:06.038584,0.25,0.9,3,0.05,0.01,0.45,0.08,6,0.7,10,0.8,,,,,,PRUNED
776,-0.46994000505002326,2026-05-12 14:44:20.198940,2026-05-12 14:44:25.305129,0 days 00:00:05.106189,0.35,0.7,3,0.05,0.02,0.3,0.12,6,0.6,20,0.5,,,,,,PRUNED
777,-9999.0,2026-05-12 14:44:25.352292,2026-05-12 14:44:25.629053,0 days 00:00:00.276761,0.45,0.7,4,0.05,0.01,0.3,0.08,6,0.7,20,0.8,,,,,BEAR_RATIO < NEUTRAL_RATIO < BULL_RATIO 约束违反: 0.45 / 0.7 / 0.7,COMPLETE
778,-0.45456110486561263,2026-05-12 14:44:25.652615,2026-05-12 14:44:30.688914,0 days 00:00:05.036299,0.45,0.9,2,0.03,0.01,0.6,0.08,6,0.5,20,0.8,,,,,,PRUNED
779,-0.4566194039439988,2026-05-12 14:44:30.735545,2026-05-12 14:44:34.774425,0 days 00:00:04.038880,0.25,0.7,2,0.05,0.01,0.45,0.08,4,0.5,20,0.5,,,,,,PRUNED
780,-0.4714797128013872,2026-05-12 14:44:34.799878,2026-05-12 14:44:40.708560,0 days 00:00:05.908682,0.35,0.7,2,0.03,0.02,0.6,0.08,6,0.5,5,0.8,,,,,,PRUNED
781,-0.43870626614888275,2026-05-12 14:44:40.732683,2026-05-12 14:44:45.083420,0 days 00:00:04.350737,0.45,0.7,2,0.05,0.02,0.6,0.16,4,0.5,10,0.8,,,,,,PRUNED
782,-0.4522586347491676,2026-05-12 14:44:45.108408,2026-05-12 14:44:49.179474,0 days 00:00:04.071066,0.45,0.9,3,0.05,0.02,0.45,0.08,4,0.6,20,0.65,,,,,,PRUNED
783,-0.5835768737019633,2026-05-12 14:44:49.203561,2026-05-12 14:44:52.968291,0 days 00:00:03.764730,0.35,0.8,2,0.03,0.02,0.45,0.16,3,0.6,10,0.65,,,,,,PRUNED
784,-0.5135173105714892,2026-05-12 14:44:52.994299,2026-05-12 14:44:57.721439,0 days 00:00:04.727140,0.25,0.8,3,0.03,0.01,0.45,0.08,5,0.5,20,0.5,,,,,,PRUNED
785,-0.6076962362516609,2026-05-12 14:44:57.758611,2026-05-12 14:44:58.992579,0 days 00:00:01.233968,0.25,0.7,2,0.05,0.01,0.45,0.08,3,0.6,20,0.8,,,,,,PRUNED
786,-0.524911330084846,2026-05-12 14:44:59.016568,2026-05-12 14:45:03.066636,0 days 00:00:04.050068,0.25,0.9,4,0.03,0.02,0.6,0.12,4,0.7,20,0.8,,,,,,PRUNED
787,-0.46968716009319667,2026-05-12 14:45:03.090360,2026-05-12 14:45:08.555501,0 days 00:00:05.465141,0.45,0.8,4,0.05,0.01,0.45,0.08,5,0.7,20,0.8,,,,,,PRUNED
788,-0.474726528919285,2026-05-12 14:45:08.580692,2026-05-12 14:45:13.551084,0 days 00:00:04.970392,0.45,0.8,4,0.03,0.01,0.45,0.08,6,0.7,20,0.65,,,,,,PRUNED
789,-0.43223096142417294,2026-05-12 14:45:13.585532,2026-05-12 14:45:13.938442,0 days 00:00:00.352910,0.45,0.9,2,0.05,0.02,0.6,0.08,6,0.5,20,0.8,,,,,,PRUNED
790,-0.5853208293438789,2026-05-12 14:45:13.960884,2026-05-12 14:45:17.504888,0 days 00:00:03.544004,0.35,0.7,4,0.05,0.02,0.6,0.08,3,0.5,20,0.8,,,,,,PRUNED
791,-0.471834514792838,2026-05-12 14:45:17.529560,2026-05-12 14:45:22.509379,0 days 00:00:04.979819,0.35,0.9,3,0.05,0.01,0.6,0.12,5,0.5,10,0.65,,,,,,PRUNED
792,-0.6030392820392654,2026-05-12 14:45:22.532403,2026-05-12 14:45:27.573384,0 days 00:00:05.040981,0.25,0.9,3,0.03,0.02,0.6,0.16,4,0.7,5,0.5,,,,,,PRUNED
793,-0.42056632138184724,2026-05-12 14:45:27.597922,2026-05-12 14:45:26.508704,-1 days +23:59:58.910782,0.45,0.8,2,0.05,0.02,0.6,0.08,6,0.5,20,0.8,,,,,,PRUNED
794,-0.5078883156032887,2026-05-12 14:45:26.535015,2026-05-12 14:45:31.009167,0 days 00:00:04.474152,0.45,0.9,2,0.03,0.01,0.6,0.12,3,0.7,5,0.5,,,,,,PRUNED
795,-9999.0,2026-05-12 14:45:31.032811,2026-05-12 14:45:31.290819,0 days 00:00:00.258008,0.45,0.7,2,0.05,0.02,0.6,0.08,6,0.7,20,0.8,,,,,BEAR_RATIO < NEUTRAL_RATIO < BULL_RATIO 约束违反: 0.45 / 0.7 / 0.7,COMPLETE
796,-0.5221235827163357,2026-05-12 14:45:31.313266,2026-05-12 14:45:36.247239,0 days 00:00:04.933973,0.25,0.7,2,0.03,0.02,0.6,0.12,6,0.5,20,0.8,,,,,,PRUNED
797,-0.4318124553734489,2026-05-12 14:45:36.271302,2026-05-12 14:45:36.572835,0 days 00:00:00.301533,0.45,0.7,2,0.03,0.02,0.6,0.08,6,0.5,20,0.8,,,,,,PRUNED
798,-0.4582593276971239,2026-05-12 14:45:36.597788,2026-05-12 14:45:41.633168,0 days 00:00:05.035380,0.45,0.8,2,0.05,0.01,0.6,0.16,5,0.6,10,0.65,,,,,,PRUNED
799,-0.5179924623587872,2026-05-12 14:45:41.658957,2026-05-12 14:45:42.152262,0 days 00:00:00.493305,0.45,0.7,2,0.05,0.02,0.6,0.08,6,0.5,20,0.8,-0.39108387647623727,-0.030830266507629607,0.2538171717650998,0.36025360996860767,,COMPLETE
800,-0.49122583422636434,2026-05-12 14:45:42.175774,2026-05-12 14:45:47.791262,0 days 00:00:05.615488,0.35,0.8,3,0.05,0.01,0.45,0.12,5,0.6,5,0.5,,,,,,PRUNED
801,-0.43333909441165963,2026-05-12 14:45:47.815611,2026-05-12 14:45:48.128646,0 days 00:00:00.313035,0.35,0.7,2,0.05,0.02,0.6,0.08,6,0.5,20,0.8,,,,,,PRUNED
802,-0.4931998825977158,2026-05-12 14:45:48.155292,2026-05-12 14:45:53.795032,0 days 00:00:05.639740,0.35,0.9,2,0.03,0.01,0.6,0.08,5,0.5,5,0.5,,,,,,PRUNED
803,-0.4228254687038583,2026-05-12 14:45:53.819861,2026-05-12 14:45:57.866557,0 days 00:00:04.046696,0.45,0.7,2,0.05,0.02,0.3,0.08,4,0.5,20,0.65,,,,,,PRUNED
804,-0.5216090418164214,2026-05-12 14:45:57.891538,2026-05-12 14:46:00.737090,0 days 00:00:02.845552,0.35,0.9,4,0.03,0.01,0.3,0.12,3,0.6,5,0.5,,,,,,PRUNED
805,-0.5179924623587872,2026-05-12 14:46:00.760417,2026-05-12 14:46:01.258556,0 days 00:00:00.498139,0.45,0.7,2,0.05,0.01,0.6,0.08,6,0.5,20,0.8,-0.39108387647623727,-0.030830266507629607,0.2538171717650998,0.36025360996860767,,COMPLETE
806,-0.4600606712059945,2026-05-12 14:46:01.281308,2026-05-12 14:46:06.666478,0 days 00:00:05.385170,0.35,0.8,2,0.05,0.02,0.45,0.08,5,0.5,20,0.5,,,,,,PRUNED
807,-9999.0,2026-05-12 14:46:06.689120,2026-05-12 14:46:06.949790,0 days 00:00:00.260670,0.35,0.7,4,0.03,0.01,0.45,0.12,5,0.7,20,0.5,,,,,BEAR_RATIO < NEUTRAL_RATIO < BULL_RATIO 约束违反: 0.35 / 0.7 / 0.7,COMPLETE
808,-0.5040112936227961,2026-05-12 14:46:06.974991,2026-05-12 14:46:11.116416,0 days 00:00:04.141425,0.25,0.8,4,0.03,0.01,0.45,0.12,4,0.5,20,0.65,,,,,,PRUNED
809,-0.5179924623587872,2026-05-12 14:46:11.139828,2026-05-12 14:46:11.646391,0 days 00:00:00.506563,0.45,0.7,2,0.05,0.02,0.6,0.08,6,0.5,20,0.8,-0.39108387647623727,-0.030830266507629607,0.2538171717650998,0.36025360996860767,,COMPLETE
810,-0.5282826139226048,2026-05-12 14:46:11.670815,2026-05-12 14:46:15.863738,0 days 00:00:04.192923,0.35,0.9,2,0.03,0.01,0.3,0.16,4,0.7,20,0.5,,,,,,PRUNED
811,-0.5182406672588966,2026-05-12 14:46:15.888482,2026-05-12 14:46:16.376908,0 days 00:00:00.488426,0.45,0.7,2,0.05,0.02,0.45,0.08,6,0.5,20,0.8,-0.3910743597599139,-0.030648087966744914,0.25433261499796533,0.360426271793169,,COMPLETE
812,-0.4194511448045569,2026-05-12 14:46:16.403273,2026-05-12 14:46:16.730016,0 days 00:00:00.326743,0.45,0.7,2,0.05,0.02,0.6,0.12,6,0.5,20,0.8,,,,,,PRUNED
813,-0.47161115994689295,2026-05-12 14:46:16.756621,2026-05-12 14:46:21.739986,0 days 00:00:04.983365,0.25,0.7,2,0.05,0.02,0.6,0.08,5,0.5,10,0.8,,,,,,PRUNED
814,-0.4213231947291116,2026-05-12 14:46:21.762926,2026-05-12 14:46:26.072402,0 days 00:00:04.309476,0.45,0.7,2,0.05,0.01,0.6,0.08,4,0.5,20,0.65,,,,,,PRUNED
815,-0.49735172515394493,2026-05-12 14:46:26.097047,2026-05-12 14:46:29.533488,0 days 00:00:03.436441,0.25,0.8,4,0.05,0.01,0.45,0.08,5,0.6,10,0.5,,,,,,PRUNED
816,-0.5448852831037653,2026-05-12 14:46:29.557893,2026-05-12 14:46:34.684300,0 days 00:00:05.126407,0.35,0.9,2,0.05,0.01,0.45,0.12,4,0.7,5,0.5,,,,,,PRUNED
817,-0.49170245922615335,2026-05-12 14:46:34.709695,2026-05-12 14:46:39.117285,0 days 00:00:04.407590,0.25,0.9,3,0.05,0.01,0.6,0.08,4,0.6,10,0.65,,,,,,PRUNED
818,-0.5179924623587872,2026-05-12 14:46:39.143645,2026-05-12 14:46:39.665873,0 days 00:00:00.522228,0.45,0.7,2,0.05,0.02,0.6,0.08,6,0.5,20,0.5,-0.39108387647623727,-0.030830266507629607,0.2538171717650998,0.36025360996860767,,COMPLETE
819,-0.4777602420290139,2026-05-12 14:46:39.705613,2026-05-12 14:46:43.815171,0 days 00:00:04.109558,0.45,0.9,4,0.05,0.02,0.3,0.16,4,0.6,20,0.65,,,,,,PRUNED
820,-0.5157050058769878,2026-05-12 14:46:43.839972,2026-05-12 14:46:49.507464,0 days 00:00:05.667492,0.25,0.7,2,0.05,0.02,0.45,0.12,5,0.6,5,0.65,,,,,,PRUNED
821,-9999.0,2026-05-12 14:46:49.531464,2026-05-12 14:46:49.817751,0 days 00:00:00.286287,0.35,0.7,3,0.03,0.02,0.3,0.16,6,0.7,20,0.5,,,,,BEAR_RATIO < NEUTRAL_RATIO < BULL_RATIO 约束违反: 0.35 / 0.7 / 0.7,COMPLETE
822,-0.6351079472866547,2026-05-12 14:46:49.845226,2026-05-12 14:46:53.334696,0 days 00:00:03.489470,0.25,0.7,4,0.03,0.02,0.45,0.12,3,0.6,20,0.65,,,,,,PRUNED
823,-0.46436069866939733,2026-05-12 14:46:53.358506,2026-05-12 14:46:59.194012,0 days 00:00:05.835506,0.45,0.9,3,0.05,0.02,0.3,0.08,6,0.6,5,0.65,,,,,,PRUNED
824,-9999.0,2026-05-12 14:46:59.215174,2026-05-12 14:46:59.484831,0 days 00:00:00.269657,0.25,0.7,2,0.05,0.01,0.6,0.08,6,0.7,20,0.8,,,,,BEAR_RATIO < NEUTRAL_RATIO < BULL_RATIO 约束违反: 0.25 / 0.7 / 0.7,COMPLETE
825,-0.48700489637112393,2026-05-12 14:46:59.509333,2026-05-12 14:47:04.894980,0 days 00:00:05.385647,0.45,0.9,4,0.03,0.02,0.6,0.12,6,0.5,5,0.5,,,,,,PRUNED
826,-0.5179924623587872,2026-05-12 14:47:04.918741,2026-05-12 14:47:05.460014,0 days 00:00:00.541273,0.45,0.7,2,0.05,0.02,0.6,0.08,6,0.5,20,0.8,-0.39108387647623727,-0.030830266507629607,0.2538171717650998,0.36025360996860767,,COMPLETE
827,-0.4362590341378299,2026-05-12 14:47:05.483444,2026-05-12 14:47:10.115213,0 days 00:00:04.631769,0.45,0.8,2,0.05,0.01,0.45,0.08,5,0.5,20,0.8,,,,,,PRUNED
828,-0.5715107846558711,2026-05-12 14:47:10.141305,2026-05-12 14:47:10.483923,0 days 00:00:00.342618,0.45,0.7,2,0.05,0.02,0.6,0.08,3,0.5,20,0.8,,,,,,PRUNED
829,-0.5162052184194652,2026-05-12 14:47:10.509459,2026-05-12 14:47:15.748724,0 days 00:00:05.239265,0.25,0.8,4,0.05,0.01,0.45,0.16,6,0.5,10,0.8,,,,,,PRUNED
830,-0.5141067096806814,2026-05-12 14:47:15.773875,2026-05-12 14:47:20.220452,0 days 00:00:04.446577,0.25,0.8,4,0.03,0.02,0.45,0.12,4,0.6,10,0.65,,,,,,PRUNED
831,-0.5361014097294563,2026-05-12 14:47:20.258563,2026-05-12 14:47:24.101018,0 days 00:00:03.842455,0.35,0.8,4,0.05,0.01,0.3,0.08,3,0.5,10,0.65,,,,,,PRUNED
832,-0.4662812105021472,2026-05-12 14:47:24.124602,2026-05-12 14:47:29.808983,0 days 00:00:05.684381,0.35,0.7,3,0.03,0.02,0.3,0.08,5,0.5,5,0.65,,,,,,PRUNED
833,-0.410125315542252,2026-05-12 14:47:29.838800,2026-05-12 14:47:30.152489,0 days 00:00:00.313689,0.45,0.7,4,0.05,0.02,0.6,0.08,6,0.5,20,0.8,,,,,,PRUNED
834,-0.43728061135760793,2026-05-12 14:47:30.176769,2026-05-12 14:47:33.033794,0 days 00:00:02.857025,0.45,0.7,2,0.03,0.02,0.6,0.08,3,0.5,5,0.8,,,,,,PRUNED
