number,value,datetime_start,datetime_complete,duration,params_BEAR_RATIO,params_BULL_RATIO,params_GRID_MAX_LAYER,params_GRID_STEP_MAX,params_GRID_STEP_MIN,params_GRID_STEP_VOL_FACTOR,params_LAYER_FRACTION,params_MAX_HOLD,params_NEUTRAL_RATIO,params_REBALANCE_FREQ,params_VOL_WEIGHT,user_attrs_avg_test_score,user_attrs_avg_train_score,user_attrs_test_score_std,user_attrs_train_test_gap,user_attrs_validation_error,state
5149,-9999.0,2026-05-12 18:29:54.149024,2026-05-12 18:29:54.453943,0 days 00:00:00.304919,0.45,0.7,4,0.03,0.02,0.3,0.12,4,0.7,20,0.8,,,,,BEAR_RATIO < NEUTRAL_RATIO < BULL_RATIO 约束违反: 0.45 / 0.7 / 0.7,COMPLETE
5150,-0.44457978992275277,2026-05-12 18:29:54.480979,2026-05-12 18:29:59.536790,0 days 00:00:05.055811,0.45,0.8,2,0.03,0.02,0.3,0.08,6,0.5,20,0.8,,,,,,PRUNED
5151,-0.5066841012541374,2026-05-12 18:29:59.566469,2026-05-12 18:30:05.374105,0 days 00:00:05.807636,0.35,0.9,3,0.05,0.02,0.6,0.08,6,0.7,5,0.8,,,,,,PRUNED
5152,-0.4922405327748646,2026-05-12 18:30:05.403962,2026-05-12 18:30:08.464828,0 days 00:00:03.060866,0.25,0.7,4,0.05,0.02,0.45,0.12,6,0.5,20,0.5,,,,,,PRUNED
5153,-0.49267079799935837,2026-05-12 18:30:08.489290,2026-05-12 18:30:13.367123,0 days 00:00:04.877833,0.25,0.7,2,0.05,0.02,0.3,0.08,5,0.6,20,0.8,,,,,,PRUNED
5154,-0.5331614979668312,2026-05-12 18:30:13.390845,2026-05-12 18:30:19.126035,0 days 00:00:05.735190,0.25,0.8,4,0.05,0.01,0.45,0.08,5,0.7,5,0.5,,,,,,PRUNED
5155,-0.4805782856205968,2026-05-12 18:30:19.151303,2026-05-12 18:30:24.285886,0 days 00:00:05.134583,0.35,0.9,2,0.03,0.02,0.6,0.08,6,0.5,20,0.8,,,,,,PRUNED
5156,-0.4211524445063394,2026-05-12 18:30:24.313882,2026-05-12 18:30:28.337321,0 days 00:00:04.023439,0.45,0.7,2,0.05,0.02,0.45,0.08,4,0.5,20,0.5,,,,,,PRUNED
5157,-0.5155058152892837,2026-05-12 18:30:28.363855,2026-05-12 18:30:33.075330,0 days 00:00:04.711475,0.25,0.7,3,0.03,0.01,0.45,0.16,4,0.6,10,0.8,,,,,,PRUNED
5158,-0.506678440072635,2026-05-12 18:30:33.102395,2026-05-12 18:30:37.113350,0 days 00:00:04.010955,0.25,0.8,2,0.03,0.01,0.45,0.12,4,0.6,20,0.8,,,,,,PRUNED
5159,-0.49164217608028127,2026-05-12 18:30:37.136947,2026-05-12 18:30:42.147196,0 days 00:00:05.010249,0.35,0.8,3,0.03,0.02,0.45,0.12,4,0.6,20,0.65,,,,,,PRUNED
5160,-9999.0,2026-05-12 18:30:42.172206,2026-05-12 18:30:42.489552,0 days 00:00:00.317346,0.35,0.7,4,0.03,0.02,0.3,0.08,6,0.7,5,0.65,,,,,BEAR_RATIO < NEUTRAL_RATIO < BULL_RATIO 约束违反: 0.35 / 0.7 / 0.7,COMPLETE
5161,-0.5182406672588966,2026-05-12 18:30:42.513645,2026-05-12 18:30:43.091645,0 days 00:00:00.578000,0.45,0.7,2,0.05,0.02,0.45,0.08,6,0.5,20,0.8,-0.3910743597599139,-0.030648087966744914,0.25433261499796533,0.360426271793169,,COMPLETE
5162,-0.5179924623587872,2026-05-12 18:30:43.117214,2026-05-12 18:30:43.669034,0 days 00:00:00.551820,0.45,0.7,2,0.05,0.01,0.6,0.08,6,0.5,20,0.8,-0.39108387647623727,-0.030830266507629607,0.2538171717650998,0.36025360996860767,,COMPLETE
5163,-0.5179924623587872,2026-05-12 18:30:43.693568,2026-05-12 18:30:44.246346,0 days 00:00:00.552778,0.45,0.7,2,0.05,0.02,0.6,0.08,6,0.5,20,0.8,-0.39108387647623727,-0.030830266507629607,0.2538171717650998,0.36025360996860767,,COMPLETE
5164,-0.43223096142417294,2026-05-12 18:30:44.272686,2026-05-12 18:30:44.645054,0 days 00:00:00.372368,0.45,0.9,2,0.05,0.02,0.6,0.08,6,0.5,20,0.65,,,,,,PRUNED
5165,-0.44751196516222946,2026-05-12 18:30:44.674042,2026-05-12 18:30:49.962231,0 days 00:00:05.288189,0.35,0.8,2,0.05,0.02,0.6,0.08,6,0.5,10,0.8,,,,,,PRUNED
5166,-0.4242910183560481,2026-05-12 18:30:49.989056,2026-05-12 18:30:50.375599,0 days 00:00:00.386543,0.45,0.7,2,0.05,0.02,0.6,0.08,5,0.5,20,0.8,,,,,,PRUNED
5167,-0.4936488433155249,2026-05-12 18:30:50.402612,2026-05-12 18:30:55.655921,0 days 00:00:05.253309,0.45,0.9,3,0.03,0.01,0.45,0.12,6,0.6,10,0.8,,,,,,PRUNED
5168,-0.48478960084004463,2026-05-12 18:30:55.684484,2026-05-12 18:31:00.596445,0 days 00:00:04.911961,0.35,0.8,2,0.05,0.02,0.3,0.16,5,0.6,10,0.65,,,,,,PRUNED
5169,-0.5715107846558711,2026-05-12 18:31:00.620091,2026-05-12 18:31:00.968544,0 days 00:00:00.348453,0.45,0.7,2,0.05,0.02,0.6,0.08,3,0.5,20,0.8,,,,,,PRUNED
5170,-0.450280016182787,2026-05-12 18:31:00.990941,2026-05-12 18:31:05.388276,0 days 00:00:04.397335,0.35,0.7,2,0.05,0.02,0.6,0.08,6,0.6,20,0.5,,,,,,PRUNED
5171,-0.5179924623587872,2026-05-12 18:31:05.412070,2026-05-12 18:31:05.900557,0 days 00:00:00.488487,0.45,0.7,2,0.05,0.02,0.6,0.08,6,0.5,20,0.8,-0.39108387647623727,-0.030830266507629607,0.2538171717650998,0.36025360996860767,,COMPLETE
5172,-0.5739853679128459,2026-05-12 18:31:05.923870,2026-05-12 18:31:06.243957,0 days 00:00:00.320087,0.45,0.7,4,0.05,0.02,0.6,0.08,3,0.5,20,0.8,,,,,,PRUNED
5173,-9999.0,2026-05-12 18:31:06.267983,2026-05-12 18:31:06.555611,0 days 00:00:00.287628,0.45,0.7,2,0.05,0.02,0.45,0.08,3,0.7,20,0.8,,,,,BEAR_RATIO < NEUTRAL_RATIO < BULL_RATIO 约束违反: 0.45 / 0.7 / 0.7,COMPLETE
5174,-0.5179924623587872,2026-05-12 18:31:06.580676,2026-05-12 18:31:07.081653,0 days 00:00:00.500977,0.45,0.7,2,0.05,0.02,0.6,0.08,6,0.5,20,0.8,-0.39108387647623727,-0.030830266507629607,0.2538171717650998,0.36025360996860767,,COMPLETE
5175,-0.5715107846558711,2026-05-12 18:31:07.105455,2026-05-12 18:31:07.442878,0 days 00:00:00.337423,0.45,0.7,2,0.05,0.02,0.6,0.08,3,0.5,20,0.5,,,,,,PRUNED
5176,-0.5179924623587872,2026-05-12 18:31:07.467631,2026-05-12 18:31:08.021692,0 days 00:00:00.554061,0.45,0.7,2,0.05,0.02,0.6,0.08,6,0.5,20,0.65,-0.39108387647623727,-0.030830266507629607,0.2538171717650998,0.36025360996860767,,COMPLETE
5177,-0.5179924623587872,2026-05-12 18:31:08.047906,2026-05-12 18:31:08.645179,0 days 00:00:00.597273,0.45,0.7,2,0.05,0.02,0.6,0.08,6,0.5,20,0.5,-0.39108387647623727,-0.030830266507629607,0.2538171717650998,0.36025360996860767,,COMPLETE
5178,-0.410125315542252,2026-05-12 18:31:08.672519,2026-05-12 18:31:09.044543,0 days 00:00:00.372024,0.45,0.7,4,0.05,0.02,0.6,0.08,6,0.5,20,0.8,,,,,,PRUNED
5179,-9999.0,2026-05-12 18:31:09.073293,2026-05-12 18:31:09.382553,0 days 00:00:00.309260,0.45,0.7,4,0.03,0.02,0.6,0.16,3,0.7,10,0.65,,,,,BEAR_RATIO < NEUTRAL_RATIO < BULL_RATIO 约束违反: 0.45 / 0.7 / 0.7,COMPLETE
5180,-0.5021526785907914,2026-05-12 18:31:09.408923,2026-05-12 18:31:13.870463,0 days 00:00:04.461540,0.25,0.8,2,0.03,0.01,0.6,0.08,4,0.7,10,0.8,,,,,,PRUNED
5181,-0.5179924623587872,2026-05-12 18:31:13.900451,2026-05-12 18:31:14.469012,0 days 00:00:00.568561,0.45,0.7,2,0.05,0.02,0.6,0.08,6,0.5,20,0.8,-0.39108387647623727,-0.030830266507629607,0.2538171717650998,0.36025360996860767,,COMPLETE
5182,-0.47086594909829227,2026-05-12 18:31:14.496712,2026-05-12 18:31:18.022625,0 days 00:00:03.525913,0.35,0.8,2,0.05,0.02,0.6,0.16,6,0.5,20,0.8,,,,,,PRUNED
5183,-0.5752579370912456,2026-05-12 18:31:18.048933,2026-05-12 18:31:21.734156,0 days 00:00:03.685223,0.35,0.9,4,0.05,0.01,0.45,0.12,3,0.7,10,0.8,,,,,,PRUNED
5184,-0.5179924623587872,2026-05-12 18:31:21.760435,2026-05-12 18:31:22.311704,0 days 00:00:00.551269,0.45,0.7,2,0.05,0.02,0.6,0.08,6,0.5,20,0.8,-0.39108387647623727,-0.030830266507629607,0.2538171717650998,0.36025360996860767,,COMPLETE
5185,-0.5179924623587872,2026-05-12 18:31:22.336833,2026-05-12 18:31:22.890721,0 days 00:00:00.553888,0.45,0.7,2,0.05,0.02,0.6,0.08,6,0.5,20,0.8,-0.39108387647623727,-0.030830266507629607,0.2538171717650998,0.36025360996860767,,COMPLETE
5186,-0.4532642020950619,2026-05-12 18:31:22.918727,2026-05-12 18:31:28.055620,0 days 00:00:05.136893,0.45,0.7,3,0.03,0.02,0.6,0.12,6,0.5,20,0.8,,,,,,PRUNED
5187,-0.4578296361284331,2026-05-12 18:31:28.083931,2026-05-12 18:31:33.418376,0 days 00:00:05.334445,0.35,0.7,2,0.03,0.01,0.6,0.08,6,0.5,20,0.5,,,,,,PRUNED
5188,-0.46968955860067857,2026-05-12 18:31:33.444619,2026-05-12 18:31:38.040166,0 days 00:00:04.595547,0.45,0.7,2,0.03,0.01,0.6,0.12,3,0.6,5,0.5,,,,,,PRUNED
5189,-0.5179924623587872,2026-05-12 18:31:38.086936,2026-05-12 18:31:38.699657,0 days 00:00:00.612721,0.45,0.7,2,0.05,0.02,0.6,0.08,6,0.5,20,0.8,-0.39108387647623727,-0.030830266507629607,0.2538171717650998,0.36025360996860767,,COMPLETE
5190,-0.47395597549916996,2026-05-12 18:31:38.726546,2026-05-12 18:31:44.594062,0 days 00:00:05.867516,0.35,0.8,2,0.05,0.01,0.6,0.08,6,0.7,20,0.8,,,,,,PRUNED
5191,-0.44390442002332425,2026-05-12 18:31:44.622923,2026-05-12 18:31:48.154862,0 days 00:00:03.531939,0.45,0.8,2,0.03,0.02,0.45,0.08,6,0.5,20,0.8,,,,,,PRUNED
5192,-0.42654598769439783,2026-05-12 18:31:48.185194,2026-05-12 18:31:53.786197,0 days 00:00:05.601003,0.45,0.7,3,0.05,0.02,0.3,0.12,5,0.5,5,0.5,,,,,,PRUNED
5193,-0.5766915889648762,2026-05-12 18:31:53.811939,2026-05-12 18:31:54.195519,0 days 00:00:00.383580,0.45,0.7,2,0.05,0.02,0.6,0.12,3,0.5,20,0.8,,,,,,PRUNED
5194,-0.5949857240940218,2026-05-12 18:31:54.237475,2026-05-12 18:31:59.827677,0 days 00:00:05.590202,0.25,0.9,3,0.03,0.01,0.3,0.16,5,0.7,5,0.5,,,,,,PRUNED
5195,-0.5179924623587872,2026-05-12 18:31:59.855378,2026-05-12 18:32:00.443768,0 days 00:00:00.588390,0.45,0.7,2,0.05,0.02,0.6,0.08,6,0.5,20,0.8,-0.39108387647623727,-0.030830266507629607,0.2538171717650998,0.36025360996860767,,COMPLETE
5196,-0.44719969144063537,2026-05-12 18:32:00.470301,2026-05-12 18:32:00.850888,0 days 00:00:00.380587,0.35,0.7,2,0.05,0.02,0.6,0.12,6,0.5,20,0.8,,,,,,PRUNED
5197,-0.4318124553734489,2026-05-12 18:32:00.877952,2026-05-12 18:32:01.286780,0 days 00:00:00.408828,0.45,0.7,2,0.03,0.01,0.6,0.08,6,0.5,20,0.8,,,,,,PRUNED
5198,-0.47214430985915473,2026-05-12 18:32:01.312402,2026-05-12 18:32:06.497316,0 days 00:00:05.184914,0.45,0.9,2,0.03,0.01,0.6,0.08,6,0.6,10,0.65,,,,,,PRUNED
5199,-0.5819638576325634,2026-05-12 18:32:06.519710,2026-05-12 18:32:06.882716,0 days 00:00:00.363006,0.35,0.7,2,0.05,0.02,0.6,0.08,3,0.5,20,0.8,,,,,,PRUNED
5200,-0.4544919476022754,2026-05-12 18:32:06.907738,2026-05-12 18:32:07.234334,0 days 00:00:00.326596,0.45,0.7,2,0.03,0.02,0.6,0.12,6,0.5,20,0.8,,,,,,PRUNED
5201,-0.5733225414202792,2026-05-12 18:32:07.260227,2026-05-12 18:32:11.784243,0 days 00:00:04.524016,0.25,0.8,2,0.03,0.01,0.45,0.12,4,0.6,5,0.5,,,,,,PRUNED
5202,-0.6250819194360944,2026-05-12 18:32:11.809330,2026-05-12 18:32:15.263794,0 days 00:00:03.454464,0.25,0.8,2,0.03,0.01,0.3,0.12,3,0.5,20,0.8,,,,,,PRUNED
5203,-9999.0,2026-05-12 18:32:15.291696,2026-05-12 18:32:15.612253,0 days 00:00:00.320557,0.35,0.7,2,0.03,0.01,0.3,0.12,6,0.7,5,0.8,,,,,BEAR_RATIO < NEUTRAL_RATIO < BULL_RATIO 约束违反: 0.35 / 0.7 / 0.7,COMPLETE
5204,-0.4092788272711371,2026-05-12 18:32:15.639166,2026-05-12 18:32:16.011231,0 days 00:00:00.372065,0.45,0.7,3,0.05,0.02,0.6,0.08,6,0.5,20,0.8,,,,,,PRUNED
5205,-9999.0,2026-05-12 18:32:16.039209,2026-05-12 18:32:16.362991,0 days 00:00:00.323782,0.45,0.7,4,0.03,0.02,0.6,0.08,6,0.7,20,0.8,,,,,BEAR_RATIO < NEUTRAL_RATIO < BULL_RATIO 约束违反: 0.45 / 0.7 / 0.7,COMPLETE
5206,-0.43076574008516644,2026-05-12 18:32:16.390926,2026-05-12 18:32:16.771329,0 days 00:00:00.380403,0.45,0.7,3,0.03,0.01,0.6,0.08,6,0.5,20,0.8,,,,,,PRUNED
5207,-9999.0,2026-05-12 18:32:16.798608,2026-05-12 18:32:17.136690,0 days 00:00:00.338082,0.35,0.7,2,0.05,0.01,0.3,0.08,6,0.7,20,0.5,,,,,BEAR_RATIO < NEUTRAL_RATIO < BULL_RATIO 约束违反: 0.35 / 0.7 / 0.7,COMPLETE
5208,-0.5179924623587872,2026-05-12 18:32:17.164728,2026-05-12 18:32:17.764800,0 days 00:00:00.600072,0.45,0.7,2,0.05,0.02,0.6,0.08,6,0.5,20,0.8,-0.39108387647623727,-0.030830266507629607,0.2538171717650998,0.36025360996860767,,COMPLETE
5209,-0.5179924623587872,2026-05-12 18:32:17.792901,2026-05-12 18:32:18.371539,0 days 00:00:00.578638,0.45,0.7,2,0.05,0.02,0.6,0.08,6,0.5,20,0.8,-0.39108387647623727,-0.030830266507629607,0.2538171717650998,0.36025360996860767,,COMPLETE
5210,-0.49853267824818154,2026-05-12 18:32:18.396846,2026-05-12 18:32:24.011547,0 days 00:00:05.614701,0.45,0.9,3,0.03,0.01,0.45,0.12,5,0.6,5,0.65,,,,,,PRUNED
5211,-0.47319709608915794,2026-05-12 18:32:24.037984,2026-05-12 18:32:29.799767,0 days 00:00:05.761783,0.45,0.9,3,0.05,0.01,0.3,0.12,5,0.6,5,0.65,,,,,,PRUNED
5212,-0.4719742174062059,2026-05-12 18:32:29.827329,2026-05-12 18:32:34.952494,0 days 00:00:05.125165,0.25,0.7,2,0.05,0.02,0.3,0.08,5,0.5,10,0.8,,,,,,PRUNED
5213,-0.48446941585581926,2026-05-12 18:32:34.989157,2026-05-12 18:32:40.899885,0 days 00:00:05.910728,0.45,0.9,3,0.05,0.01,0.6,0.16,6,0.6,5,0.8,,,,,,PRUNED
5214,-0.4675371238319268,2026-05-12 18:32:40.927581,2026-05-12 18:32:47.294011,0 days 00:00:06.366430,0.35,0.7,2,0.05,0.01,0.3,0.08,5,0.6,5,0.8,,,,,,PRUNED
5215,-0.5042921400263584,2026-05-12 18:32:47.319147,2026-05-12 18:32:50.415524,0 days 00:00:03.096377,0.35,0.7,3,0.03,0.01,0.3,0.16,5,0.5,20,0.8,,,,,,PRUNED
5216,-0.42357363260304626,2026-05-12 18:32:50.442553,2026-05-12 18:32:50.820497,0 days 00:00:00.377944,0.45,0.7,2,0.05,0.02,0.6,0.08,6,0.6,20,0.8,,,,,,PRUNED
5217,-9999.0,2026-05-12 18:32:50.849816,2026-05-12 18:32:51.147958,0 days 00:00:00.298142,0.45,0.7,4,0.05,0.02,0.6,0.08,3,0.7,20,0.65,,,,,BEAR_RATIO < NEUTRAL_RATIO < BULL_RATIO 约束违反: 0.45 / 0.7 / 0.7,COMPLETE
5218,-0.5331179086547548,2026-05-12 18:32:51.173906,2026-05-12 18:32:55.896248,0 days 00:00:04.722342,0.25,0.7,4,0.03,0.02,0.6,0.12,6,0.6,20,0.65,,,,,,PRUNED
5219,-0.47277630725868514,2026-05-12 18:32:55.920708,2026-05-12 18:33:00.502210,0 days 00:00:04.581502,0.35,0.9,3,0.05,0.02,0.6,0.08,5,0.5,20,0.8,,,,,,PRUNED
5220,-0.530754667038473,2026-05-12 18:33:00.530483,2026-05-12 18:33:04.327461,0 days 00:00:03.796978,0.45,0.8,4,0.05,0.01,0.3,0.12,3,0.5,10,0.5,,,,,,PRUNED
5221,-0.5133639404786982,2026-05-12 18:33:04.375099,2026-05-12 18:33:08.554730,0 days 00:00:04.179631,0.35,0.9,4,0.03,0.01,0.45,0.12,4,0.7,20,0.5,,,,,,PRUNED
5222,-9999.0,2026-05-12 18:33:08.581309,2026-05-12 18:33:08.905262,0 days 00:00:00.323953,0.45,0.7,2,0.05,0.02,0.45,0.08,3,0.7,10,0.8,,,,,BEAR_RATIO < NEUTRAL_RATIO < BULL_RATIO 约束违反: 0.45 / 0.7 / 0.7,COMPLETE
5223,-0.5115434218237176,2026-05-12 18:33:08.931038,2026-05-12 18:33:13.799948,0 days 00:00:04.868910,0.25,0.7,2,0.05,0.01,0.45,0.16,5,0.6,20,0.65,,,,,,PRUNED
5224,-0.5342580699800599,2026-05-12 18:33:13.826481,2026-05-12 18:33:19.322645,0 days 00:00:05.496164,0.25,0.9,3,0.05,0.01,0.6,0.16,6,0.6,10,0.65,,,,,,PRUNED
5225,-0.42357363260304626,2026-05-12 18:33:19.350148,2026-05-12 18:33:19.784262,0 days 00:00:00.434114,0.45,0.7,2,0.05,0.01,0.6,0.08,6,0.6,20,0.8,,,,,,PRUNED
5226,-9999.0,2026-05-12 18:33:19.812518,2026-05-12 18:33:20.164226,0 days 00:00:00.351708,0.45,0.7,2,0.05,0.02,0.3,0.08,4,0.7,5,0.8,,,,,BEAR_RATIO < NEUTRAL_RATIO < BULL_RATIO 约束违反: 0.45 / 0.7 / 0.7,COMPLETE
5227,-0.43080537961669585,2026-05-12 18:33:20.192239,2026-05-12 18:33:20.581010,0 days 00:00:00.388771,0.45,0.7,2,0.05,0.02,0.6,0.16,6,0.5,10,0.8,,,,,,PRUNED
5228,-0.43846964786855236,2026-05-12 18:33:20.608784,2026-05-12 18:33:25.932487,0 days 00:00:05.323703,0.35,0.7,2,0.05,0.02,0.3,0.08,6,0.5,10,0.8,,,,,,PRUNED
5229,-0.5065674088851215,2026-05-12 18:33:25.959935,2026-05-12 18:33:30.855568,0 days 00:00:04.895633,0.35,0.9,2,0.05,0.01,0.6,0.16,5,0.7,10,0.5,,,,,,PRUNED
5230,-0.5253796423084747,2026-05-12 18:33:30.881243,2026-05-12 18:33:35.228083,0 days 00:00:04.346840,0.25,0.9,3,0.03,0.01,0.3,0.08,3,0.5,5,0.5,,,,,,PRUNED
5231,-0.5179924623587872,2026-05-12 18:33:35.255030,2026-05-12 18:33:35.849605,0 days 00:00:00.594575,0.45,0.7,2,0.05,0.02,0.6,0.08,6,0.5,20,0.8,-0.39108387647623727,-0.030830266507629607,0.2538171717650998,0.36025360996860767,,COMPLETE
5232,-0.5179924623587872,2026-05-12 18:33:35.875288,2026-05-12 18:33:36.426862,0 days 00:00:00.551574,0.45,0.7,2,0.05,0.02,0.6,0.08,6,0.5,20,0.8,-0.39108387647623727,-0.030830266507629607,0.2538171717650998,0.36025360996860767,,COMPLETE
5233,-0.5358901958475917,2026-05-12 18:33:36.454429,2026-05-12 18:33:42.814496,0 days 00:00:06.360067,0.25,0.9,3,0.03,0.01,0.3,0.08,5,0.5,5,0.8,,,,,,PRUNED
5234,-0.4213231947291116,2026-05-12 18:33:42.842542,2026-05-12 18:33:43.225897,0 days 00:00:00.383355,0.45,0.7,2,0.05,0.02,0.6,0.08,4,0.5,20,0.8,,,,,,PRUNED
5235,-0.5538822223472626,2026-05-12 18:33:43.252887,2026-05-12 18:33:47.862640,0 days 00:00:04.609753,0.25,0.8,4,0.03,0.01,0.3,0.16,5,0.5,20,0.8,,,,,,PRUNED
5236,-0.6190666168457515,2026-05-12 18:33:47.888863,2026-05-12 18:33:51.130683,0 days 00:00:03.241820,0.25,0.7,2,0.03,0.01,0.6,0.08,3,0.6,20,0.8,,,,,,PRUNED
5237,-9999.0,2026-05-12 18:33:51.155531,2026-05-12 18:33:51.455674,0 days 00:00:00.300143,0.45,0.7,2,0.05,0.02,0.6,0.12,6,0.7,20,0.8,,,,,BEAR_RATIO < NEUTRAL_RATIO < BULL_RATIO 约束违反: 0.45 / 0.7 / 0.7,COMPLETE
5238,-0.5179924623587872,2026-05-12 18:33:51.480530,2026-05-12 18:33:51.985423,0 days 00:00:00.504893,0.45,0.7,2,0.05,0.02,0.6,0.08,6,0.5,20,0.8,-0.39108387647623727,-0.030830266507629607,0.2538171717650998,0.36025360996860767,,COMPLETE
5239,-0.532393783525353,2026-05-12 18:33:52.007867,2026-05-12 18:33:56.365353,0 days 00:00:04.357486,0.35,0.8,4,0.03,0.01,0.3,0.16,6,0.5,5,0.8,,,,,,PRUNED
5240,-0.5317087388717561,2026-05-12 18:33:56.392520,2026-05-12 18:34:01.826020,0 days 00:00:05.433500,0.25,0.9,2,0.05,0.02,0.6,0.08,5,0.6,5,0.8,,,,,,PRUNED
5241,-0.5179924623587872,2026-05-12 18:34:01.868368,2026-05-12 18:34:02.406327,0 days 00:00:00.537959,0.45,0.7,2,0.05,0.02,0.6,0.08,6,0.5,20,0.8,-0.39108387647623727,-0.030830266507629607,0.2538171717650998,0.36025360996860767,,COMPLETE
5242,-0.4379296006819924,2026-05-12 18:34:02.431671,2026-05-12 18:34:06.777984,0 days 00:00:04.346313,0.45,0.8,2,0.05,0.02,0.6,0.08,4,0.5,10,0.8,,,,,,PRUNED
5243,-0.5064037167384469,2026-05-12 18:34:06.805930,2026-05-12 18:34:12.382918,0 days 00:00:05.576988,0.35,0.9,2,0.03,0.01,0.6,0.12,6,0.5,10,0.5,,,,,,PRUNED
5244,-0.5684781783145554,2026-05-12 18:34:12.412438,2026-05-12 18:34:16.384891,0 days 00:00:03.972453,0.25,0.8,2,0.05,0.01,0.45,0.12,3,0.7,10,0.8,,,,,,PRUNED
5245,-0.6184410618571969,2026-05-12 18:34:16.412147,2026-05-12 18:34:20.017724,0 days 00:00:03.605577,0.35,0.8,4,0.05,0.01,0.3,0.12,3,0.6,20,0.65,,,,,,PRUNED
5246,-0.5179924623587872,2026-05-12 18:34:20.048411,2026-05-12 18:34:20.692186,0 days 00:00:00.643775,0.45,0.7,2,0.05,0.01,0.6,0.08,6,0.5,20,0.8,-0.39108387647623727,-0.030830266507629607,0.2538171717650998,0.36025360996860767,,COMPLETE
5247,-0.5934188568381858,2026-05-12 18:34:20.721946,2026-05-12 18:34:24.294180,0 days 00:00:03.572234,0.45,0.8,4,0.05,0.01,0.6,0.16,3,0.5,20,0.8,,,,,,PRUNED
5248,-0.5578378394319955,2026-05-12 18:34:24.323858,2026-05-12 18:34:26.611140,0 days 00:00:02.287282,0.45,0.8,2,0.03,0.02,0.45,0.16,3,0.5,10,0.65,,,,,,PRUNED
5249,-0.5053301808152615,2026-05-12 18:34:26.638280,2026-05-12 18:34:31.482593,0 days 00:00:04.844313,0.35,0.7,4,0.03,0.02,0.45,0.16,5,0.5,20,0.65,,,,,,PRUNED
5250,-0.5229928271288153,2026-05-12 18:34:31.509825,2026-05-12 18:34:35.354391,0 days 00:00:03.844566,0.35,0.7,2,0.05,0.02,0.6,0.08,3,0.5,10,0.8,,,,,,PRUNED
5251,-0.47441457244516044,2026-05-12 18:34:35.382260,2026-05-12 18:34:35.816710,0 days 00:00:00.434450,0.25,0.7,2,0.05,0.02,0.6,0.08,6,0.5,20,0.8,,,,,,PRUNED
5252,-9999.0,2026-05-12 18:34:35.842709,2026-05-12 18:34:36.159356,0 days 00:00:00.316647,0.25,0.7,2,0.03,0.02,0.6,0.16,3,0.7,10,0.8,,,,,BEAR_RATIO < NEUTRAL_RATIO < BULL_RATIO 约束违反: 0.25 / 0.7 / 0.7,COMPLETE
5253,-0.5397390482510669,2026-05-12 18:34:36.202477,2026-05-12 18:34:43.177664,0 days 00:00:06.975187,0.25,0.8,4,0.05,0.01,0.45,0.12,6,0.6,5,0.5,,,,,,PRUNED
5254,-0.47639969100839935,2026-05-12 18:34:43.206751,2026-05-12 18:34:49.278926,0 days 00:00:06.072175,0.45,0.9,2,0.05,0.01,0.6,0.08,6,0.7,5,0.8,,,,,,PRUNED
5255,-0.49295263162543806,2026-05-12 18:34:49.308423,2026-05-12 18:34:54.341819,0 days 00:00:05.033396,0.45,0.9,2,0.05,0.02,0.6,0.08,4,0.5,5,0.65,,,,,,PRUNED
5256,-0.6165056230816673,2026-05-12 18:34:54.372529,2026-05-12 18:34:57.885877,0 days 00:00:03.513348,0.35,0.7,4,0.05,0.01,0.3,0.16,3,0.6,20,0.8,,,,,,PRUNED
5257,-0.5297636958645576,2026-05-12 18:34:57.914412,2026-05-12 18:35:01.580701,0 days 00:00:03.666289,0.25,0.9,2,0.03,0.01,0.6,0.08,6,0.6,10,0.5,,,,,,PRUNED
5258,-0.44786475625500555,2026-05-12 18:35:01.607227,2026-05-12 18:35:02.002116,0 days 00:00:00.394889,0.45,0.7,2,0.03,0.02,0.6,0.08,6,0.6,20,0.8,,,,,,PRUNED
5259,-0.4569223683011577,2026-05-12 18:35:02.030078,2026-05-12 18:35:02.390823,0 days 00:00:00.360745,0.25,0.7,2,0.05,0.02,0.6,0.08,4,0.5,20,0.8,,,,,,PRUNED
5260,-0.5960026877519973,2026-05-12 18:35:02.420329,2026-05-12 18:35:06.119314,0 days 00:00:03.698985,0.35,0.9,2,0.05,0.02,0.6,0.08,3,0.5,20,0.8,,,,,,PRUNED
5261,-0.43573028946402204,2026-05-12 18:35:06.147704,2026-05-12 18:35:11.237373,0 days 00:00:05.089669,0.45,0.7,2,0.05,0.01,0.6,0.12,6,0.6,20,0.8,,,,,,PRUNED
5262,-0.43588278815153436,2026-05-12 18:35:11.266651,2026-05-12 18:35:15.655544,0 days 00:00:04.388893,0.35,0.7,2,0.05,0.01,0.6,0.08,4,0.5,20,0.5,,,,,,PRUNED
5263,-0.558737335679841,2026-05-12 18:35:15.797044,2026-05-12 18:35:21.330632,0 days 00:00:05.533588,0.25,0.9,4,0.05,0.01,0.3,0.12,4,0.5,5,0.8,,,,,,PRUNED
5264,-0.5422909301517155,2026-05-12 18:35:21.356885,2026-05-12 18:35:26.437994,0 days 00:00:05.081109,0.35,0.9,4,0.03,0.01,0.45,0.16,6,0.6,20,0.5,,,,,,PRUNED
5265,-9999.0,2026-05-12 18:35:26.463897,2026-05-12 18:35:26.806584,0 days 00:00:00.342687,0.25,0.7,2,0.05,0.02,0.45,0.08,6,0.7,5,0.5,,,,,BEAR_RATIO < NEUTRAL_RATIO < BULL_RATIO 约束违反: 0.25 / 0.7 / 0.7,COMPLETE
5266,-0.5179924623587872,2026-05-12 18:35:26.833283,2026-05-12 18:35:27.431857,0 days 00:00:00.598574,0.45,0.7,2,0.05,0.02,0.6,0.08,6,0.5,20,0.8,-0.39108387647623727,-0.030830266507629607,0.2538171717650998,0.36025360996860767,,COMPLETE
5267,-0.4344584134011046,2026-05-12 18:35:27.457815,2026-05-12 18:35:30.818436,0 days 00:00:03.360621,0.45,0.7,2,0.05,0.02,0.45,0.12,6,0.6,20,0.8,,,,,,PRUNED
5268,-0.5344654460116944,2026-05-12 18:35:30.843552,2026-05-12 18:35:36.830450,0 days 00:00:05.986898,0.25,0.7,4,0.05,0.02,0.3,0.08,4,0.6,5,0.65,,,,,,PRUNED
5269,-0.47475087240004277,2026-05-12 18:35:36.855476,2026-05-12 18:35:40.982890,0 days 00:00:04.127414,0.25,0.8,2,0.05,0.02,0.6,0.12,4,0.5,20,0.65,,,,,,PRUNED
5270,-0.4092137988646166,2026-05-12 18:35:41.025827,2026-05-12 18:35:41.421117,0 days 00:00:00.395290,0.45,0.7,2,0.05,0.02,0.6,0.08,6,0.5,10,0.8,,,,,,PRUNED
