number,value,datetime_start,datetime_complete,duration,params_BEAR_RATIO,params_BULL_RATIO,params_GRID_MAX_LAYER,params_GRID_STEP_MAX,params_GRID_STEP_MIN,params_GRID_STEP_VOL_FACTOR,params_LAYER_FRACTION,params_MAX_HOLD,params_NEUTRAL_RATIO,params_REBALANCE_FREQ,params_VOL_WEIGHT,user_attrs_avg_test_score,user_attrs_avg_train_score,user_attrs_test_score_std,user_attrs_train_test_gap,user_attrs_validation_error,state
2834,-9999.0,2026-05-12 16:34:14.611771,2026-05-12 16:34:14.914005,0 days 00:00:00.302234,0.45,0.7,2,0.05,0.02,0.6,0.08,6,0.7,10,0.8,,,,,BEAR_RATIO < NEUTRAL_RATIO < BULL_RATIO 约束违反: 0.45 / 0.7 / 0.7,COMPLETE
2835,-0.5289166330093996,2026-05-12 16:34:14.939601,2026-05-12 16:34:19.932531,0 days 00:00:04.992930,0.35,0.8,3,0.03,0.01,0.6,0.16,6,0.6,20,0.65,,,,,,PRUNED
2836,-0.5194014064224455,2026-05-12 16:34:19.959261,2026-05-12 16:34:24.864264,0 days 00:00:04.905003,0.25,0.9,4,0.05,0.02,0.3,0.08,6,0.7,20,0.65,,,,,,PRUNED
2837,-0.5661097050181505,2026-05-12 16:34:24.890449,2026-05-12 16:34:30.473018,0 days 00:00:05.582569,0.25,0.9,3,0.03,0.02,0.6,0.16,6,0.5,10,0.8,,,,,,PRUNED
2838,-0.48031192558918434,2026-05-12 16:34:30.498165,2026-05-12 16:34:36.004505,0 days 00:00:05.506340,0.35,0.8,3,0.03,0.02,0.6,0.08,5,0.5,5,0.5,,,,,,PRUNED
2839,-9999.0,2026-05-12 16:34:36.027878,2026-05-12 16:34:36.310938,0 days 00:00:00.283060,0.45,0.7,3,0.05,0.01,0.6,0.12,3,0.7,20,0.5,,,,,BEAR_RATIO < NEUTRAL_RATIO < BULL_RATIO 约束违反: 0.45 / 0.7 / 0.7,COMPLETE
2840,-0.4293044368137132,2026-05-12 16:34:36.335358,2026-05-12 16:34:36.690107,0 days 00:00:00.354749,0.45,0.7,2,0.05,0.02,0.6,0.12,4,0.5,20,0.8,,,,,,PRUNED
2841,-0.45875576527580775,2026-05-12 16:34:36.716500,2026-05-12 16:34:41.621522,0 days 00:00:04.905022,0.35,0.9,3,0.05,0.02,0.45,0.08,6,0.5,20,0.5,,,,,,PRUNED
2842,-9999.0,2026-05-12 16:34:41.647760,2026-05-12 16:34:42.071696,0 days 00:00:00.423936,0.45,0.7,2,0.05,0.02,0.45,0.08,6,0.7,20,0.8,,,,,BEAR_RATIO < NEUTRAL_RATIO < BULL_RATIO 约束违反: 0.45 / 0.7 / 0.7,COMPLETE
2843,-0.4092788272711371,2026-05-12 16:34:42.098472,2026-05-12 16:34:42.444554,0 days 00:00:00.346082,0.45,0.7,3,0.05,0.02,0.6,0.08,6,0.5,20,0.5,,,,,,PRUNED
2844,-0.4578296361284331,2026-05-12 16:34:42.470310,2026-05-12 16:34:47.446864,0 days 00:00:04.976554,0.35,0.7,2,0.03,0.02,0.6,0.08,6,0.5,20,0.5,,,,,,PRUNED
2845,-0.4946167612931193,2026-05-12 16:34:47.472075,2026-05-12 16:34:52.393995,0 days 00:00:04.921920,0.45,0.7,4,0.03,0.02,0.6,0.16,6,0.6,20,0.5,,,,,,PRUNED
2846,-0.5179924623587872,2026-05-12 16:34:52.421622,2026-05-12 16:34:52.947925,0 days 00:00:00.526303,0.45,0.7,2,0.05,0.02,0.6,0.08,6,0.5,20,0.8,-0.39108387647623727,-0.030830266507629607,0.2538171717650998,0.36025360996860767,,COMPLETE
2847,-0.5179924623587872,2026-05-12 16:34:52.973781,2026-05-12 16:34:53.502601,0 days 00:00:00.528820,0.45,0.7,2,0.05,0.02,0.6,0.08,6,0.5,20,0.8,-0.39108387647623727,-0.030830266507629607,0.2538171717650998,0.36025360996860767,,COMPLETE
2848,-0.47792527670287044,2026-05-12 16:34:53.540028,2026-05-12 16:34:53.886420,0 days 00:00:00.346392,0.25,0.7,4,0.05,0.02,0.6,0.08,6,0.5,20,0.8,,,,,,PRUNED
2849,-0.43517185891140797,2026-05-12 16:34:53.930775,2026-05-12 16:34:57.887172,0 days 00:00:03.956397,0.45,0.9,2,0.05,0.02,0.6,0.08,6,0.5,10,0.5,,,,,,PRUNED
2850,-0.4575292560755777,2026-05-12 16:34:57.913120,2026-05-12 16:35:01.903725,0 days 00:00:03.990605,0.35,0.9,3,0.05,0.02,0.3,0.08,4,0.5,20,0.8,,,,,,PRUNED
2851,-9999.0,2026-05-12 16:35:01.929883,2026-05-12 16:35:02.186544,0 days 00:00:00.256661,0.25,0.7,4,0.03,0.02,0.45,0.08,5,0.7,10,0.65,,,,,BEAR_RATIO < NEUTRAL_RATIO < BULL_RATIO 约束违反: 0.25 / 0.7 / 0.7,COMPLETE
2852,-0.5715107846558711,2026-05-12 16:35:02.206739,2026-05-12 16:35:02.495929,0 days 00:00:00.289190,0.45,0.7,2,0.05,0.02,0.6,0.08,3,0.5,20,0.8,,,,,,PRUNED
2853,-0.4242910183560481,2026-05-12 16:35:02.518591,2026-05-12 16:35:02.810067,0 days 00:00:00.291476,0.45,0.7,2,0.05,0.02,0.6,0.08,5,0.5,20,0.8,,,,,,PRUNED
2854,-0.6204535665230715,2026-05-12 16:35:02.832604,2026-05-12 16:35:06.167711,0 days 00:00:03.335107,0.25,0.9,2,0.03,0.02,0.3,0.08,3,0.5,20,0.8,,,,,,PRUNED
2855,-0.43303418604199423,2026-05-12 16:35:06.193504,2026-05-12 16:35:11.501842,0 days 00:00:05.308338,0.45,0.7,2,0.03,0.02,0.6,0.08,6,0.5,10,0.5,,,,,,PRUNED
2856,-0.5179924623587872,2026-05-12 16:35:11.526783,2026-05-12 16:35:12.101331,0 days 00:00:00.574548,0.45,0.7,2,0.05,0.02,0.6,0.08,6,0.5,20,0.8,-0.39108387647623727,-0.030830266507629607,0.2538171717650998,0.36025360996860767,,COMPLETE
2857,-0.48770959265948066,2026-05-12 16:35:12.125665,2026-05-12 16:35:16.934376,0 days 00:00:04.808711,0.45,0.9,3,0.05,0.02,0.45,0.12,5,0.7,20,0.65,,,,,,PRUNED
2858,-9999.0,2026-05-12 16:35:16.963812,2026-05-12 16:35:17.258394,0 days 00:00:00.294582,0.45,0.7,2,0.05,0.01,0.6,0.16,6,0.7,20,0.8,,,,,BEAR_RATIO < NEUTRAL_RATIO < BULL_RATIO 约束违反: 0.45 / 0.7 / 0.7,COMPLETE
2859,-9999.0,2026-05-12 16:35:17.286150,2026-05-12 16:35:17.582658,0 days 00:00:00.296508,0.45,0.7,2,0.03,0.02,0.3,0.12,3,0.7,5,0.8,,,,,BEAR_RATIO < NEUTRAL_RATIO < BULL_RATIO 约束违反: 0.45 / 0.7 / 0.7,COMPLETE
2860,-0.4194511448045569,2026-05-12 16:35:17.609491,2026-05-12 16:35:18.011616,0 days 00:00:00.402125,0.45,0.7,2,0.05,0.02,0.6,0.12,6,0.5,20,0.8,,,,,,PRUNED
2861,-0.4213231947291116,2026-05-12 16:35:18.034280,2026-05-12 16:35:18.415062,0 days 00:00:00.380782,0.45,0.7,2,0.05,0.02,0.6,0.08,4,0.5,20,0.65,,,,,,PRUNED
2862,-0.42293370088728216,2026-05-12 16:35:18.439442,2026-05-12 16:35:18.790610,0 days 00:00:00.351168,0.45,0.8,4,0.05,0.02,0.6,0.08,6,0.5,20,0.8,,,,,,PRUNED
2863,-0.47602897243183917,2026-05-12 16:35:18.818015,2026-05-12 16:35:23.146926,0 days 00:00:04.328911,0.45,0.9,3,0.03,0.02,0.45,0.16,3,0.5,5,0.65,,,,,,PRUNED
2864,-0.4473850439039705,2026-05-12 16:35:23.173667,2026-05-12 16:35:28.124368,0 days 00:00:04.950701,0.45,0.9,4,0.05,0.02,0.6,0.12,6,0.5,20,0.8,,,,,,PRUNED
2865,-0.45661476622955943,2026-05-12 16:35:28.150550,2026-05-12 16:35:31.369655,0 days 00:00:03.219105,0.35,0.7,2,0.05,0.02,0.45,0.12,3,0.5,5,0.5,,,,,,PRUNED
2866,-0.5687736828577687,2026-05-12 16:35:31.396489,2026-05-12 16:35:35.240772,0 days 00:00:03.844283,0.25,0.7,4,0.03,0.01,0.3,0.12,3,0.5,10,0.5,,,,,,PRUNED
2867,-0.4660399486806541,2026-05-12 16:35:35.265010,2026-05-12 16:35:41.189509,0 days 00:00:05.924499,0.35,0.7,3,0.05,0.01,0.6,0.08,6,0.6,5,0.65,,,,,,PRUNED
2868,-0.5179924623587872,2026-05-12 16:35:41.215223,2026-05-12 16:35:41.777264,0 days 00:00:00.562041,0.45,0.7,2,0.05,0.02,0.6,0.08,6,0.5,20,0.8,-0.39108387647623727,-0.030830266507629607,0.2538171717650998,0.36025360996860767,,COMPLETE
2869,-0.43473824374072884,2026-05-12 16:35:41.806349,2026-05-12 16:35:46.655742,0 days 00:00:04.849393,0.45,0.8,3,0.05,0.02,0.3,0.12,5,0.5,10,0.65,,,,,,PRUNED
2870,-9999.0,2026-05-12 16:35:46.682525,2026-05-12 16:35:46.992671,0 days 00:00:00.310146,0.35,0.7,4,0.03,0.01,0.6,0.08,5,0.7,10,0.65,,,,,BEAR_RATIO < NEUTRAL_RATIO < BULL_RATIO 约束违反: 0.35 / 0.7 / 0.7,COMPLETE
2871,-0.5179924623587872,2026-05-12 16:35:47.018399,2026-05-12 16:35:47.574081,0 days 00:00:00.555682,0.45,0.7,2,0.05,0.02,0.6,0.08,6,0.5,20,0.65,-0.39108387647623727,-0.030830266507629607,0.2538171717650998,0.36025360996860767,,COMPLETE
2872,-0.5179924623587872,2026-05-12 16:35:47.601508,2026-05-12 16:35:48.155344,0 days 00:00:00.553836,0.45,0.7,2,0.05,0.02,0.6,0.08,6,0.5,20,0.5,-0.39108387647623727,-0.030830266507629607,0.2538171717650998,0.36025360996860767,,COMPLETE
2873,-9999.0,2026-05-12 16:35:48.182266,2026-05-12 16:35:48.500284,0 days 00:00:00.318018,0.25,0.7,2,0.03,0.01,0.3,0.16,4,0.7,20,0.5,,,,,BEAR_RATIO < NEUTRAL_RATIO < BULL_RATIO 约束违反: 0.25 / 0.7 / 0.7,COMPLETE
2874,-0.5179924623587872,2026-05-12 16:35:48.526530,2026-05-12 16:35:49.085080,0 days 00:00:00.558550,0.45,0.7,2,0.05,0.02,0.6,0.08,6,0.5,20,0.8,-0.39108387647623727,-0.030830266507629607,0.2538171717650998,0.36025360996860767,,COMPLETE
2875,-0.5033937919573851,2026-05-12 16:35:49.112159,2026-05-12 16:35:54.118611,0 days 00:00:05.006452,0.35,0.7,4,0.05,0.01,0.3,0.16,4,0.5,5,0.65,,,,,,PRUNED
2876,-0.45293623103908653,2026-05-12 16:35:54.145448,2026-05-12 16:36:00.274723,0 days 00:00:06.129275,0.45,0.7,4,0.05,0.01,0.6,0.16,6,0.6,20,0.65,,,,,,PRUNED
2877,-0.5583627619877565,2026-05-12 16:36:00.303888,2026-05-12 16:36:03.750571,0 days 00:00:03.446683,0.25,0.7,3,0.03,0.01,0.6,0.12,4,0.6,5,0.65,,,,,,PRUNED
2878,-0.4318124553734489,2026-05-12 16:36:03.777628,2026-05-12 16:36:08.644117,0 days 00:00:04.866489,0.45,0.7,2,0.03,0.01,0.6,0.08,6,0.5,20,0.65,,,,,,PRUNED
2879,-0.5741288705921013,2026-05-12 16:36:08.668973,2026-05-12 16:36:13.905435,0 days 00:00:05.236462,0.25,0.9,3,0.03,0.02,0.45,0.16,6,0.6,10,0.5,,,,,,PRUNED
2880,-0.43517185891140797,2026-05-12 16:36:13.931087,2026-05-12 16:36:19.149762,0 days 00:00:05.218675,0.45,0.9,2,0.05,0.01,0.6,0.08,6,0.5,10,0.8,,,,,,PRUNED
2881,-0.628286228110548,2026-05-12 16:36:19.177373,2026-05-12 16:36:22.665442,0 days 00:00:03.488069,0.35,0.8,3,0.03,0.01,0.45,0.12,3,0.6,20,0.65,,,,,,PRUNED
2882,-0.5179924623587872,2026-05-12 16:36:22.693020,2026-05-12 16:36:23.215817,0 days 00:00:00.522797,0.45,0.7,2,0.05,0.01,0.6,0.08,6,0.5,20,0.8,-0.39108387647623727,-0.030830266507629607,0.2538171717650998,0.36025360996860767,,COMPLETE
2883,-0.410125315542252,2026-05-12 16:36:23.239625,2026-05-12 16:36:23.584419,0 days 00:00:00.344794,0.45,0.7,4,0.05,0.02,0.6,0.08,6,0.5,20,0.8,,,,,,PRUNED
2884,-0.5117016821541288,2026-05-12 16:36:23.612196,2026-05-12 16:36:29.256158,0 days 00:00:05.643962,0.35,0.9,2,0.03,0.02,0.45,0.12,5,0.5,5,0.8,,,,,,PRUNED
2885,-0.4706708345623838,2026-05-12 16:36:29.280566,2026-05-12 16:36:33.876035,0 days 00:00:04.595469,0.35,0.7,2,0.05,0.02,0.6,0.16,6,0.5,5,0.8,,,,,,PRUNED
2886,-0.4742836939261093,2026-05-12 16:36:33.901073,2026-05-12 16:36:34.243117,0 days 00:00:00.342044,0.25,0.7,2,0.05,0.02,0.6,0.08,6,0.5,10,0.8,,,,,,PRUNED
2887,-0.4603551091399473,2026-05-12 16:36:34.270671,2026-05-12 16:36:38.662992,0 days 00:00:04.392321,0.45,0.9,4,0.03,0.01,0.6,0.08,3,0.5,5,0.5,,,,,,PRUNED
2888,-0.4221640008750966,2026-05-12 16:36:38.687956,2026-05-12 16:36:39.030616,0 days 00:00:00.342660,0.45,0.8,3,0.05,0.02,0.6,0.08,6,0.5,20,0.8,,,,,,PRUNED
2889,-0.43573028946402204,2026-05-12 16:36:39.056832,2026-05-12 16:36:39.403045,0 days 00:00:00.346213,0.45,0.7,2,0.05,0.02,0.6,0.12,6,0.6,20,0.8,,,,,,PRUNED
2890,-9999.0,2026-05-12 16:36:39.430029,2026-05-12 16:36:39.746029,0 days 00:00:00.316000,0.45,0.7,2,0.03,0.01,0.6,0.08,4,0.7,10,0.65,,,,,BEAR_RATIO < NEUTRAL_RATIO < BULL_RATIO 约束违反: 0.45 / 0.7 / 0.7,COMPLETE
2891,-0.4313006510632476,2026-05-12 16:36:39.773603,2026-05-12 16:36:40.111793,0 days 00:00:00.338190,0.45,0.9,2,0.05,0.02,0.45,0.08,6,0.5,20,0.8,,,,,,PRUNED
2892,-0.5179924623587872,2026-05-12 16:36:40.136471,2026-05-12 16:36:40.672131,0 days 00:00:00.535660,0.45,0.7,2,0.05,0.02,0.6,0.08,6,0.5,20,0.8,-0.39108387647623727,-0.030830266507629607,0.2538171717650998,0.36025360996860767,,COMPLETE
2893,-0.48285633254757704,2026-05-12 16:36:40.699728,2026-05-12 16:36:45.738513,0 days 00:00:05.038785,0.35,0.8,2,0.03,0.01,0.6,0.08,5,0.6,10,0.5,,,,,,PRUNED
2894,-0.4962560989980601,2026-05-12 16:36:45.764250,2026-05-12 16:36:50.715673,0 days 00:00:04.951423,0.25,0.9,2,0.05,0.01,0.6,0.08,5,0.5,10,0.5,,,,,,PRUNED
2895,-0.45010400881395296,2026-05-12 16:36:50.742252,2026-05-12 16:36:56.666681,0 days 00:00:05.924429,0.35,0.7,4,0.05,0.01,0.6,0.12,5,0.5,10,0.65,,,,,,PRUNED
2896,-0.46008802222213807,2026-05-12 16:36:56.694895,2026-05-12 16:37:01.156812,0 days 00:00:04.461917,0.45,0.7,2,0.03,0.02,0.45,0.08,4,0.6,10,0.8,,,,,,PRUNED
2897,-0.48939516019767176,2026-05-12 16:37:01.184439,2026-05-12 16:37:05.632935,0 days 00:00:04.448496,0.45,0.9,2,0.03,0.02,0.6,0.12,3,0.6,5,0.8,,,,,,PRUNED
2898,-0.5954601500845411,2026-05-12 16:37:05.660182,2026-05-12 16:37:09.460539,0 days 00:00:03.800357,0.35,0.8,2,0.03,0.01,0.3,0.16,3,0.7,10,0.8,,,,,,PRUNED
2899,-0.4554186231949528,2026-05-12 16:37:09.485500,2026-05-12 16:37:13.504802,0 days 00:00:04.019302,0.45,0.8,4,0.05,0.02,0.3,0.16,4,0.5,20,0.5,,,,,,PRUNED
2900,-0.4092788272711371,2026-05-12 16:37:13.529033,2026-05-12 16:37:13.867654,0 days 00:00:00.338621,0.45,0.7,3,0.05,0.02,0.6,0.08,6,0.5,20,0.8,,,,,,PRUNED
2901,-0.5819638576325634,2026-05-12 16:37:13.896071,2026-05-12 16:37:15.335326,0 days 00:00:01.439255,0.35,0.7,2,0.05,0.02,0.45,0.08,3,0.5,20,0.8,,,,,,PRUNED
2902,-0.5179924623587872,2026-05-12 16:37:15.360356,2026-05-12 16:37:15.902776,0 days 00:00:00.542420,0.45,0.7,2,0.05,0.02,0.6,0.08,6,0.5,20,0.8,-0.39108387647623727,-0.030830266507629607,0.2538171717650998,0.36025360996860767,,COMPLETE
2903,-0.4426886655341169,2026-05-12 16:37:15.928624,2026-05-12 16:37:20.895699,0 days 00:00:04.967075,0.45,0.8,3,0.03,0.02,0.6,0.08,6,0.5,20,0.65,,,,,,PRUNED
2904,-0.5179924623587872,2026-05-12 16:37:20.921672,2026-05-12 16:37:21.472389,0 days 00:00:00.550717,0.45,0.7,2,0.05,0.02,0.6,0.08,6,0.5,20,0.8,-0.39108387647623727,-0.030830266507629607,0.2538171717650998,0.36025360996860767,,COMPLETE
2905,-0.46825207909559896,2026-05-12 16:37:21.497802,2026-05-12 16:37:25.584991,0 days 00:00:04.087189,0.45,0.8,2,0.03,0.01,0.45,0.12,4,0.5,20,0.65,,,,,,PRUNED
2906,-0.5179924623587872,2026-05-12 16:37:25.610233,2026-05-12 16:37:26.162188,0 days 00:00:00.551955,0.45,0.7,2,0.05,0.02,0.6,0.08,6,0.5,20,0.8,-0.39108387647623727,-0.030830266507629607,0.2538171717650998,0.36025360996860767,,COMPLETE
2907,-0.5891222925878644,2026-05-12 16:37:26.186906,2026-05-12 16:37:29.649541,0 days 00:00:03.462635,0.45,0.8,3,0.03,0.02,0.3,0.08,3,0.5,20,0.5,,,,,,PRUNED
2908,-0.5192256088274068,2026-05-12 16:37:29.676650,2026-05-12 16:37:35.571475,0 days 00:00:05.894825,0.45,0.8,2,0.03,0.01,0.3,0.16,6,0.6,5,0.8,,,,,,PRUNED
2909,-0.49690431243611116,2026-05-12 16:37:35.598083,2026-05-12 16:37:39.948374,0 days 00:00:04.350291,0.25,0.8,2,0.03,0.01,0.3,0.08,4,0.6,10,0.65,,,,,,PRUNED
2910,-0.4106117209672115,2026-05-12 16:37:39.972947,2026-05-12 16:37:40.342856,0 days 00:00:00.369909,0.45,0.7,2,0.05,0.02,0.6,0.08,5,0.5,10,0.8,,,,,,PRUNED
2911,-0.5910622890072166,2026-05-12 16:37:40.368518,2026-05-12 16:37:40.710545,0 days 00:00:00.342027,0.45,0.7,2,0.05,0.02,0.6,0.08,3,0.6,20,0.8,,,,,,PRUNED
2912,-0.5140471149363043,2026-05-12 16:37:40.735794,2026-05-12 16:37:46.233217,0 days 00:00:05.497423,0.25,0.7,3,0.05,0.01,0.6,0.16,5,0.5,5,0.65,,,,,,PRUNED
2913,-0.5938176404010683,2026-05-12 16:37:46.259812,2026-05-12 16:37:48.466577,0 days 00:00:02.206765,0.45,0.7,3,0.05,0.02,0.3,0.08,3,0.6,20,0.8,,,,,,PRUNED
2914,-0.5179924623587872,2026-05-12 16:37:48.490088,2026-05-12 16:37:49.018210,0 days 00:00:00.528122,0.45,0.7,2,0.05,0.02,0.6,0.08,6,0.5,20,0.8,-0.39108387647623727,-0.030830266507629607,0.2538171717650998,0.36025360996860767,,COMPLETE
2915,-0.48198304053408125,2026-05-12 16:37:49.047503,2026-05-12 16:37:55.669677,0 days 00:00:06.622174,0.35,0.7,4,0.05,0.01,0.3,0.16,6,0.5,5,0.5,,,,,,PRUNED
2916,-0.44328603688297663,2026-05-12 16:37:55.690880,2026-05-12 16:37:56.010081,0 days 00:00:00.319201,0.45,0.9,2,0.05,0.02,0.6,0.12,6,0.5,20,0.8,,,,,,PRUNED
2917,-0.47229255815717497,2026-05-12 16:37:56.034343,2026-05-12 16:38:01.471207,0 days 00:00:05.436864,0.45,0.8,2,0.03,0.02,0.45,0.08,6,0.7,10,0.65,,,,,,PRUNED
2918,-0.4257392076995694,2026-05-12 16:38:01.499286,2026-05-12 16:38:01.854164,0 days 00:00:00.354878,0.45,0.7,4,0.05,0.02,0.6,0.08,4,0.5,20,0.8,,,,,,PRUNED
2919,-0.49878141940690474,2026-05-12 16:38:01.881666,2026-05-12 16:38:02.258904,0 days 00:00:00.377238,0.25,0.9,2,0.05,0.02,0.6,0.08,6,0.5,20,0.8,,,,,,PRUNED
2920,-0.5179924623587872,2026-05-12 16:38:02.284645,2026-05-12 16:38:02.848451,0 days 00:00:00.563806,0.45,0.7,2,0.05,0.02,0.6,0.08,6,0.5,20,0.8,-0.39108387647623727,-0.030830266507629607,0.2538171717650998,0.36025360996860767,,COMPLETE
2921,-0.5458894163954606,2026-05-12 16:38:02.874232,2026-05-12 16:38:08.418196,0 days 00:00:05.543964,0.25,0.9,2,0.03,0.01,0.45,0.12,6,0.5,10,0.65,,,,,,PRUNED
2922,-0.46971396295913487,2026-05-12 16:38:08.446044,2026-05-12 16:38:13.108519,0 days 00:00:04.662475,0.45,0.8,2,0.03,0.02,0.3,0.16,3,0.5,5,0.65,,,,,,PRUNED
2923,-0.42357363260304626,2026-05-12 16:38:13.135792,2026-05-12 16:38:13.508234,0 days 00:00:00.372442,0.45,0.7,2,0.05,0.02,0.6,0.08,6,0.6,20,0.8,,,,,,PRUNED
2924,-9999.0,2026-05-12 16:38:13.536629,2026-05-12 16:38:13.833347,0 days 00:00:00.296718,0.35,0.7,2,0.05,0.01,0.3,0.12,4,0.7,5,0.65,,,,,BEAR_RATIO < NEUTRAL_RATIO < BULL_RATIO 约束违反: 0.35 / 0.7 / 0.7,COMPLETE
2925,-0.5179924623587872,2026-05-12 16:38:13.861512,2026-05-12 16:38:14.331862,0 days 00:00:00.470350,0.45,0.7,2,0.05,0.02,0.6,0.08,6,0.5,20,0.8,-0.39108387647623727,-0.030830266507629607,0.2538171717650998,0.36025360996860767,,COMPLETE
2926,-0.43362061482938863,2026-05-12 16:38:14.354539,2026-05-12 16:38:14.662051,0 days 00:00:00.307512,0.45,0.9,3,0.05,0.02,0.6,0.08,6,0.5,20,0.8,,,,,,PRUNED
2927,-0.5487803029783628,2026-05-12 16:38:14.685284,2026-05-12 16:38:17.208837,0 days 00:00:02.523553,0.25,0.9,2,0.05,0.01,0.3,0.12,3,0.7,5,0.65,,,,,,PRUNED
2928,-0.49090792513065884,2026-05-12 16:38:17.237709,2026-05-12 16:38:21.319425,0 days 00:00:04.081716,0.35,0.9,3,0.03,0.02,0.6,0.08,4,0.7,20,0.8,,,,,,PRUNED
2929,-0.5306742986953051,2026-05-12 16:38:21.342668,2026-05-12 16:38:25.939593,0 days 00:00:04.596925,0.25,0.9,4,0.05,0.02,0.3,0.16,5,0.6,10,0.65,,,,,,PRUNED
2930,-0.5662071686119812,2026-05-12 16:38:25.966517,2026-05-12 16:38:31.780595,0 days 00:00:05.814078,0.25,0.8,3,0.03,0.01,0.45,0.12,5,0.7,5,0.8,,,,,,PRUNED
2931,-0.5107686418131957,2026-05-12 16:38:31.806330,2026-05-12 16:38:36.403479,0 days 00:00:04.597149,0.25,0.8,3,0.05,0.01,0.3,0.12,3,0.5,5,0.8,,,,,,PRUNED
2932,-0.4248369373792278,2026-05-12 16:38:36.429529,2026-05-12 16:38:42.002776,0 days 00:00:05.573247,0.45,0.7,4,0.05,0.02,0.6,0.12,6,0.5,10,0.8,,,,,,PRUNED
2933,-9999.0,2026-05-12 16:38:42.029794,2026-05-12 16:38:42.333079,0 days 00:00:00.303285,0.25,0.7,4,0.05,0.01,0.3,0.08,4,0.7,5,0.8,,,,,BEAR_RATIO < NEUTRAL_RATIO < BULL_RATIO 约束违反: 0.25 / 0.7 / 0.7,COMPLETE
2934,-0.4578296361284331,2026-05-12 16:38:42.361488,2026-05-12 16:38:47.395330,0 days 00:00:05.033842,0.35,0.7,2,0.03,0.02,0.6,0.08,6,0.5,20,0.65,,,,,,PRUNED
2935,-0.4507958114649815,2026-05-12 16:38:47.421773,2026-05-12 16:38:51.640696,0 days 00:00:04.218923,0.45,0.8,2,0.05,0.01,0.6,0.08,6,0.7,20,0.8,,,,,,PRUNED
2936,-0.4213231947291116,2026-05-12 16:38:51.665883,2026-05-12 16:38:52.022856,0 days 00:00:00.356973,0.45,0.7,2,0.05,0.02,0.6,0.08,4,0.5,20,0.8,,,,,,PRUNED
2937,-0.48401249148258746,2026-05-12 16:38:52.047022,2026-05-12 16:38:56.197058,0 days 00:00:04.150036,0.25,0.8,3,0.05,0.02,0.45,0.12,4,0.6,20,0.8,,,,,,PRUNED
2938,-0.5179924623587872,2026-05-12 16:38:56.228331,2026-05-12 16:38:56.777086,0 days 00:00:00.548755,0.45,0.7,2,0.05,0.02,0.6,0.08,6,0.5,20,0.8,-0.39108387647623727,-0.030830266507629607,0.2538171717650998,0.36025360996860767,,COMPLETE
2939,-0.44330448101464204,2026-05-12 16:38:56.802578,2026-05-12 16:39:01.910982,0 days 00:00:05.108404,0.45,0.8,2,0.03,0.01,0.45,0.08,5,0.5,10,0.8,,,,,,PRUNED
2940,-0.5690296410588545,2026-05-12 16:39:01.938463,2026-05-12 16:39:08.100149,0 days 00:00:06.161686,0.25,0.9,2,0.03,0.02,0.3,0.12,6,0.5,5,0.8,,,,,,PRUNED
2941,-0.5203978867930111,2026-05-12 16:39:08.126432,2026-05-12 16:39:12.639096,0 days 00:00:04.512664,0.25,0.9,3,0.05,0.01,0.45,0.12,3,0.5,5,0.8,,,,,,PRUNED
2942,-0.5179924623587872,2026-05-12 16:39:12.666984,2026-05-12 16:39:13.193828,0 days 00:00:00.526844,0.45,0.7,2,0.05,0.02,0.6,0.08,6,0.5,20,0.8,-0.39108387647623727,-0.030830266507629607,0.2538171717650998,0.36025360996860767,,COMPLETE
2943,-0.5179924623587872,2026-05-12 16:39:13.240497,2026-05-12 16:39:13.799300,0 days 00:00:00.558803,0.45,0.7,2,0.05,0.02,0.6,0.08,6,0.5,20,0.8,-0.39108387647623727,-0.030830266507629607,0.2538171717650998,0.36025360996860767,,COMPLETE
2944,-0.5047155732716113,2026-05-12 16:39:13.827228,2026-05-12 16:39:18.878696,0 days 00:00:05.051468,0.35,0.7,2,0.03,0.02,0.6,0.16,6,0.5,20,0.8,,,,,,PRUNED
2945,-0.47441457244516044,2026-05-12 16:39:18.905737,2026-05-12 16:39:19.267801,0 days 00:00:00.362064,0.25,0.7,2,0.05,0.02,0.6,0.08,6,0.5,20,0.8,,,,,,PRUNED
2946,-0.446193649179386,2026-05-12 16:39:19.294729,2026-05-12 16:39:23.481747,0 days 00:00:04.187018,0.35,0.7,2,0.05,0.01,0.6,0.08,6,0.5,5,0.8,,,,,,PRUNED
2947,-0.593377685357972,2026-05-12 16:39:23.509343,2026-05-12 16:39:27.028395,0 days 00:00:03.519052,0.45,0.9,3,0.05,0.02,0.3,0.12,3,0.5,20,0.5,,,,,,PRUNED
2948,-0.4121653833865075,2026-05-12 16:39:27.052454,2026-05-12 16:39:27.393810,0 days 00:00:00.341356,0.45,0.7,4,0.05,0.02,0.3,0.08,6,0.5,20,0.8,,,,,,PRUNED
2949,-0.4278019617453936,2026-05-12 16:39:27.417863,2026-05-12 16:39:27.779904,0 days 00:00:00.362041,0.45,0.7,2,0.05,0.02,0.6,0.08,4,0.5,10,0.8,,,,,,PRUNED
2950,-0.5179924623587872,2026-05-12 16:39:27.808794,2026-05-12 16:39:28.330757,0 days 00:00:00.521963,0.45,0.7,2,0.05,0.02,0.6,0.08,6,0.5,20,0.8,-0.39108387647623727,-0.030830266507629607,0.2538171717650998,0.36025360996860767,,COMPLETE
2951,-0.45393386401858815,2026-05-12 16:39:28.355116,2026-05-12 16:39:33.373310,0 days 00:00:05.018194,0.45,0.8,4,0.05,0.02,0.6,0.08,6,0.7,20,0.65,,,,,,PRUNED
2952,-0.5194234895869079,2026-05-12 16:39:33.402095,2026-05-12 16:39:38.643170,0 days 00:00:05.241075,0.35,0.8,4,0.03,0.01,0.45,0.08,4,0.5,5,0.8,,,,,,PRUNED
2953,-0.5119411255673495,2026-05-12 16:39:38.671341,2026-05-12 16:39:39.093750,0 days 00:00:00.422409,0.45,0.7,2,0.05,0.02,0.6,0.08,3,0.5,10,0.8,,,,,,PRUNED
2954,-0.42606172854379265,2026-05-12 16:39:39.121405,2026-05-12 16:39:44.075923,0 days 00:00:04.954518,0.45,0.7,3,0.05,0.02,0.6,0.08,6,0.6,20,0.5,,,,,,PRUNED
2955,-0.5187125925960195,2026-05-12 16:39:44.101241,2026-05-12 16:39:50.089304,0 days 00:00:05.988063,0.25,0.7,2,0.03,0.02,0.6,0.08,6,0.5,5,0.8,,,,,,PRUNED
2956,-0.5855496147753049,2026-05-12 16:39:50.374830,2026-05-12 16:39:49.470257,-1 days +23:59:59.095427,0.45,0.9,2,0.05,0.02,0.6,0.08,3,0.5,20,0.8,,,,,,PRUNED
