number,value,datetime_start,datetime_complete,duration,params_BEAR_RATIO,params_BULL_RATIO,params_GRID_MAX_LAYER,params_GRID_STEP_MAX,params_GRID_STEP_MIN,params_GRID_STEP_VOL_FACTOR,params_LAYER_FRACTION,params_MAX_HOLD,params_NEUTRAL_RATIO,params_REBALANCE_FREQ,params_VOL_WEIGHT,user_attrs_avg_test_score,user_attrs_avg_train_score,user_attrs_test_score_std,user_attrs_train_test_gap,user_attrs_validation_error,state
8934,-0.5819638576325634,2026-05-12 21:41:56.597968,2026-05-12 21:41:57.031163,0 days 00:00:00.433195,0.35,0.7,2,0.05,0.02,0.6,0.08,3,0.5,20,0.8,,,,,,PRUNED
8935,-0.5107038004003456,2026-05-12 21:41:57.057490,2026-05-12 21:42:02.302611,0 days 00:00:05.245121,0.45,0.9,4,0.03,0.01,0.3,0.12,6,0.7,10,0.5,,,,,,PRUNED
8936,-0.5516939683245307,2026-05-12 21:42:02.330912,2026-05-12 21:42:06.947732,0 days 00:00:04.616820,0.25,0.7,4,0.03,0.02,0.3,0.16,5,0.6,20,0.8,,,,,,PRUNED
8937,-9999.0,2026-05-12 21:42:06.977899,2026-05-12 21:42:07.364452,0 days 00:00:00.386553,0.35,0.7,4,0.03,0.02,0.6,0.08,3,0.7,5,0.8,,,,,BEAR_RATIO < NEUTRAL_RATIO < BULL_RATIO 约束违反: 0.35 / 0.7 / 0.7,COMPLETE
8938,-0.6109655637228406,2026-05-12 21:42:07.395664,2026-05-12 21:42:10.825854,0 days 00:00:03.430190,0.35,0.8,2,0.03,0.01,0.6,0.12,3,0.5,20,0.65,,,,,,PRUNED
8939,-0.5268890756765532,2026-05-12 21:42:10.854672,2026-05-12 21:42:15.525324,0 days 00:00:04.670652,0.45,0.8,4,0.03,0.02,0.6,0.16,5,0.7,20,0.5,,,,,,PRUNED
8940,-0.4939736871913899,2026-05-12 21:42:15.551755,2026-05-12 21:42:21.294083,0 days 00:00:05.742328,0.35,0.8,3,0.05,0.02,0.6,0.12,6,0.6,5,0.5,,,,,,PRUNED
8941,-0.4100386278766106,2026-05-12 21:42:21.321940,2026-05-12 21:42:21.773465,0 days 00:00:00.451525,0.45,0.7,2,0.05,0.02,0.3,0.08,6,0.5,20,0.8,,,,,,PRUNED
8942,-0.5666082288088127,2026-05-12 21:42:21.801261,2026-05-12 21:42:26.708206,0 days 00:00:04.906945,0.25,0.8,3,0.03,0.02,0.3,0.08,4,0.7,5,0.65,,,,,,PRUNED
8943,-0.4407441396333942,2026-05-12 21:42:26.737312,2026-05-12 21:42:30.760105,0 days 00:00:04.022793,0.45,0.7,3,0.03,0.02,0.6,0.08,4,0.5,20,0.8,,,,,,PRUNED
8944,-0.4242910183560481,2026-05-12 21:42:30.790602,2026-05-12 21:42:31.198168,0 days 00:00:00.407566,0.45,0.7,2,0.05,0.02,0.6,0.08,5,0.5,20,0.65,,,,,,PRUNED
8945,-9999.0,2026-05-12 21:42:31.226672,2026-05-12 21:42:31.592386,0 days 00:00:00.365714,0.35,0.7,2,0.03,0.02,0.3,0.08,3,0.7,5,0.8,,,,,BEAR_RATIO < NEUTRAL_RATIO < BULL_RATIO 约束违反: 0.35 / 0.7 / 0.7,COMPLETE
8946,-0.47127791227655247,2026-05-12 21:42:31.619837,2026-05-12 21:42:36.464649,0 days 00:00:04.844812,0.45,0.9,4,0.03,0.01,0.45,0.08,6,0.6,20,0.5,,,,,,PRUNED
8947,-0.48257029713894073,2026-05-12 21:42:36.494065,2026-05-12 21:42:36.925222,0 days 00:00:00.431157,0.25,0.7,2,0.05,0.02,0.6,0.08,5,0.5,20,0.65,,,,,,PRUNED
8948,-0.5179924623587872,2026-05-12 21:42:36.954105,2026-05-12 21:42:37.622030,0 days 00:00:00.667925,0.45,0.7,2,0.05,0.02,0.6,0.08,6,0.5,20,0.8,-0.39108387647623727,-0.030830266507629607,0.2538171717650998,0.36025360996860767,,COMPLETE
8949,-0.41425741193738236,2026-05-12 21:42:37.649914,2026-05-12 21:42:38.060818,0 days 00:00:00.410904,0.45,0.7,2,0.05,0.02,0.6,0.08,6,0.5,5,0.8,,,,,,PRUNED
8950,-0.4092137988646166,2026-05-12 21:42:38.090569,2026-05-12 21:42:38.531355,0 days 00:00:00.440786,0.45,0.7,2,0.05,0.02,0.6,0.08,6,0.5,10,0.8,,,,,,PRUNED
8951,-0.5179924623587872,2026-05-12 21:42:38.559903,2026-05-12 21:42:39.163586,0 days 00:00:00.603683,0.45,0.7,2,0.05,0.02,0.6,0.08,6,0.5,20,0.8,-0.39108387647623727,-0.030830266507629607,0.2538171717650998,0.36025360996860767,,COMPLETE
8952,-0.44320591104355034,2026-05-12 21:42:39.194236,2026-05-12 21:42:44.059535,0 days 00:00:04.865299,0.45,0.8,4,0.03,0.01,0.45,0.08,6,0.5,20,0.5,,,,,,PRUNED
8953,-0.47473553702053983,2026-05-12 21:42:44.087302,2026-05-12 21:42:48.400093,0 days 00:00:04.312791,0.35,0.8,3,0.05,0.02,0.6,0.16,3,0.5,5,0.8,,,,,,PRUNED
8954,-0.4767165457535313,2026-05-12 21:42:48.429190,2026-05-12 21:42:52.707972,0 days 00:00:04.278782,0.45,0.8,4,0.05,0.02,0.45,0.08,3,0.7,5,0.8,,,,,,PRUNED
8955,-0.48465254307494815,2026-05-12 21:42:52.738527,2026-05-12 21:42:58.527719,0 days 00:00:05.789192,0.45,0.7,4,0.03,0.02,0.3,0.16,5,0.6,10,0.5,,,,,,PRUNED
8956,-0.47442765722248803,2026-05-12 21:42:58.557923,2026-05-12 21:43:03.406172,0 days 00:00:04.848249,0.35,0.9,2,0.05,0.01,0.6,0.08,5,0.6,10,0.5,,,,,,PRUNED
8957,-0.4926752161427336,2026-05-12 21:43:03.433960,2026-05-12 21:43:08.384641,0 days 00:00:04.950681,0.45,0.7,3,0.03,0.01,0.45,0.12,4,0.5,5,0.8,,,,,,PRUNED
8958,-0.4805510607000079,2026-05-12 21:43:08.415922,2026-05-12 21:43:12.737808,0 days 00:00:04.321886,0.35,0.9,3,0.05,0.02,0.6,0.12,3,0.5,5,0.65,,,,,,PRUNED
8959,-0.42056632138184724,2026-05-12 21:43:12.781941,2026-05-12 21:43:13.201852,0 days 00:00:00.419911,0.45,0.8,2,0.05,0.02,0.6,0.08,6,0.5,20,0.8,,,,,,PRUNED
8960,-9999.0,2026-05-12 21:43:13.229962,2026-05-12 21:43:13.602537,0 days 00:00:00.372575,0.45,0.7,2,0.05,0.02,0.6,0.12,6,0.7,20,0.8,,,,,BEAR_RATIO < NEUTRAL_RATIO < BULL_RATIO 约束违反: 0.45 / 0.7 / 0.7,COMPLETE
8961,-0.5179924623587872,2026-05-12 21:43:13.632025,2026-05-12 21:43:14.264293,0 days 00:00:00.632268,0.45,0.7,2,0.05,0.02,0.6,0.08,6,0.5,20,0.8,-0.39108387647623727,-0.030830266507629607,0.2538171717650998,0.36025360996860767,,COMPLETE
8962,-0.609783394066421,2026-05-12 21:43:14.293017,2026-05-12 21:43:17.664772,0 days 00:00:03.371755,0.35,0.7,4,0.05,0.01,0.45,0.12,3,0.6,20,0.65,,,,,,PRUNED
8963,-0.46937665319253236,2026-05-12 21:43:17.691173,2026-05-12 21:43:22.808296,0 days 00:00:05.117123,0.45,0.8,2,0.03,0.01,0.3,0.12,6,0.5,10,0.65,,,,,,PRUNED
8964,-0.4194511448045569,2026-05-12 21:43:22.835679,2026-05-12 21:43:23.250792,0 days 00:00:00.415113,0.45,0.7,2,0.05,0.02,0.6,0.12,6,0.5,20,0.5,,,,,,PRUNED
8965,-0.5431357643781631,2026-05-12 21:43:23.280346,2026-05-12 21:43:28.736251,0 days 00:00:05.455905,0.25,0.7,2,0.03,0.01,0.45,0.12,5,0.6,5,0.65,,,,,,PRUNED
8966,-0.43333909441165963,2026-05-12 21:43:28.764010,2026-05-12 21:43:29.192344,0 days 00:00:00.428334,0.35,0.7,2,0.05,0.02,0.6,0.08,6,0.5,20,0.8,,,,,,PRUNED
8967,-0.43223096142417294,2026-05-12 21:43:29.219680,2026-05-12 21:43:29.658544,0 days 00:00:00.438864,0.45,0.9,2,0.05,0.02,0.6,0.08,6,0.5,20,0.8,,,,,,PRUNED
8968,-0.5179924623587872,2026-05-12 21:43:29.687662,2026-05-12 21:43:30.341868,0 days 00:00:00.654206,0.45,0.7,2,0.05,0.02,0.6,0.08,6,0.5,20,0.8,-0.39108387647623727,-0.030830266507629607,0.2538171717650998,0.36025360996860767,,COMPLETE
8969,-0.4980454706665683,2026-05-12 21:43:30.369294,2026-05-12 21:43:35.233500,0 days 00:00:04.864206,0.25,0.9,3,0.05,0.01,0.45,0.08,5,0.5,10,0.5,,,,,,PRUNED
8970,-0.5179924623587872,2026-05-12 21:43:35.261809,2026-05-12 21:43:35.893403,0 days 00:00:00.631594,0.45,0.7,2,0.05,0.02,0.6,0.08,6,0.5,20,0.8,-0.39108387647623727,-0.030830266507629607,0.2538171717650998,0.36025360996860767,,COMPLETE
8971,-9999.0,2026-05-12 21:43:35.923780,2026-05-12 21:43:36.276902,0 days 00:00:00.353122,0.35,0.7,4,0.05,0.01,0.3,0.16,6,0.7,10,0.65,,,,,BEAR_RATIO < NEUTRAL_RATIO < BULL_RATIO 约束违反: 0.35 / 0.7 / 0.7,COMPLETE
8972,-0.5179924623587872,2026-05-12 21:43:36.304915,2026-05-12 21:43:36.909846,0 days 00:00:00.604931,0.45,0.7,2,0.05,0.02,0.6,0.08,6,0.5,20,0.8,-0.39108387647623727,-0.030830266507629607,0.2538171717650998,0.36025360996860767,,COMPLETE
8973,-9999.0,2026-05-12 21:43:36.938348,2026-05-12 21:43:37.302860,0 days 00:00:00.364512,0.45,0.7,2,0.05,0.02,0.6,0.08,6,0.7,20,0.8,,,,,BEAR_RATIO < NEUTRAL_RATIO < BULL_RATIO 约束违反: 0.45 / 0.7 / 0.7,COMPLETE
8974,-9999.0,2026-05-12 21:43:37.332676,2026-05-12 21:43:37.700042,0 days 00:00:00.367366,0.45,0.7,3,0.03,0.01,0.6,0.12,6,0.7,5,0.65,,,,,BEAR_RATIO < NEUTRAL_RATIO < BULL_RATIO 约束违反: 0.45 / 0.7 / 0.7,COMPLETE
8975,-0.517575260894177,2026-05-12 21:43:37.730957,2026-05-12 21:43:42.058990,0 days 00:00:04.328033,0.25,0.8,2,0.03,0.01,0.6,0.12,4,0.7,10,0.8,,,,,,PRUNED
8976,-0.5179924623587872,2026-05-12 21:43:42.086845,2026-05-12 21:43:42.754829,0 days 00:00:00.667984,0.45,0.7,2,0.05,0.01,0.6,0.08,6,0.5,20,0.8,-0.39108387647623727,-0.030830266507629607,0.2538171717650998,0.36025360996860767,,COMPLETE
8977,-0.4092788272711371,2026-05-12 21:43:42.784032,2026-05-12 21:43:43.193981,0 days 00:00:00.409949,0.45,0.7,3,0.05,0.01,0.6,0.08,6,0.5,20,0.8,,,,,,PRUNED
8978,-0.5179924623587872,2026-05-12 21:43:43.223065,2026-05-12 21:43:43.875873,0 days 00:00:00.652808,0.45,0.7,2,0.05,0.02,0.6,0.08,6,0.5,20,0.8,-0.39108387647623727,-0.030830266507629607,0.2538171717650998,0.36025360996860767,,COMPLETE
8979,-0.48817760726013154,2026-05-12 21:43:43.904438,2026-05-12 21:43:48.496320,0 days 00:00:04.591882,0.35,0.8,4,0.05,0.01,0.6,0.12,5,0.6,20,0.65,,,,,,PRUNED
8980,-0.4984877907075534,2026-05-12 21:43:48.524284,2026-05-12 21:43:52.896038,0 days 00:00:04.371754,0.35,0.8,4,0.03,0.02,0.6,0.12,4,0.6,10,0.8,,,,,,PRUNED
8981,-0.4478572507138575,2026-05-12 21:43:52.923981,2026-05-12 21:43:58.049755,0 days 00:00:05.125774,0.45,0.9,4,0.05,0.01,0.45,0.12,6,0.5,10,0.5,,,,,,PRUNED
8982,-0.47533685908003526,2026-05-12 21:43:58.077549,2026-05-12 21:44:03.552940,0 days 00:00:05.475391,0.45,0.8,2,0.05,0.01,0.45,0.12,5,0.7,20,0.65,,,,,,PRUNED
8983,-0.44786475625500555,2026-05-12 21:44:03.582193,2026-05-12 21:44:04.023620,0 days 00:00:00.441427,0.45,0.7,2,0.03,0.02,0.6,0.08,6,0.6,20,0.8,,,,,,PRUNED
8984,-0.4194511448045569,2026-05-12 21:44:04.054118,2026-05-12 21:44:04.501611,0 days 00:00:00.447493,0.45,0.7,2,0.05,0.02,0.6,0.12,6,0.5,20,0.8,,,,,,PRUNED
8985,-0.5179924623587872,2026-05-12 21:44:04.531035,2026-05-12 21:44:05.152029,0 days 00:00:00.620994,0.45,0.7,2,0.05,0.02,0.6,0.08,6,0.5,20,0.8,-0.39108387647623727,-0.030830266507629607,0.2538171717650998,0.36025360996860767,,COMPLETE
8986,-0.5807325331738512,2026-05-12 21:44:05.180985,2026-05-12 21:44:08.607188,0 days 00:00:03.426203,0.45,0.7,4,0.05,0.02,0.6,0.12,3,0.5,20,0.5,,,,,,PRUNED
8987,-0.5149834997350426,2026-05-12 21:44:08.633094,2026-05-12 21:44:13.439157,0 days 00:00:04.806063,0.25,0.9,3,0.05,0.01,0.6,0.12,6,0.5,20,0.65,,,,,,PRUNED
8988,-0.4481101710792979,2026-05-12 21:44:13.468907,2026-05-12 21:44:13.907009,0 days 00:00:00.438102,0.35,0.7,2,0.05,0.02,0.6,0.08,5,0.5,20,0.8,,,,,,PRUNED
8989,-0.5179924623587872,2026-05-12 21:44:13.935034,2026-05-12 21:44:14.579898,0 days 00:00:00.644864,0.45,0.7,2,0.05,0.02,0.6,0.08,6,0.5,20,0.8,-0.39108387647623727,-0.030830266507629607,0.2538171717650998,0.36025360996860767,,COMPLETE
8990,-0.43333909441165963,2026-05-12 21:44:14.607486,2026-05-12 21:44:14.996339,0 days 00:00:00.388853,0.35,0.7,2,0.05,0.01,0.6,0.08,6,0.5,20,0.8,,,,,,PRUNED
8991,-0.4318124553734489,2026-05-12 21:44:15.023239,2026-05-12 21:44:15.407832,0 days 00:00:00.384593,0.45,0.7,2,0.03,0.02,0.6,0.08,6,0.5,20,0.8,,,,,,PRUNED
8992,-0.540307884152149,2026-05-12 21:44:15.434425,2026-05-12 21:44:20.356992,0 days 00:00:04.922567,0.25,0.8,4,0.05,0.01,0.45,0.08,4,0.5,5,0.5,,,,,,PRUNED
8993,-0.5179924623587872,2026-05-12 21:44:20.384542,2026-05-12 21:44:21.021649,0 days 00:00:00.637107,0.45,0.7,2,0.05,0.02,0.6,0.08,6,0.5,20,0.8,-0.39108387647623727,-0.030830266507629607,0.2538171717650998,0.36025360996860767,,COMPLETE
8994,-0.5001643039969732,2026-05-12 21:44:21.050381,2026-05-12 21:44:25.358377,0 days 00:00:04.307996,0.45,0.9,2,0.03,0.02,0.45,0.16,3,0.6,5,0.8,,,,,,PRUNED
8995,-0.5182406672588966,2026-05-12 21:44:25.385747,2026-05-12 21:44:26.021561,0 days 00:00:00.635814,0.45,0.7,2,0.05,0.02,0.45,0.08,6,0.5,20,0.8,-0.3910743597599139,-0.030648087966744914,0.25433261499796533,0.360426271793169,,COMPLETE
8996,-0.44750358695301296,2026-05-12 21:44:26.052006,2026-05-12 21:44:30.918301,0 days 00:00:04.866295,0.45,0.8,2,0.05,0.02,0.6,0.12,6,0.6,20,0.8,,,,,,PRUNED
8997,-9999.0,2026-05-12 21:44:30.944428,2026-05-12 21:44:31.312829,0 days 00:00:00.368401,0.45,0.7,4,0.05,0.02,0.45,0.16,3,0.7,10,0.8,,,,,BEAR_RATIO < NEUTRAL_RATIO < BULL_RATIO 约束违反: 0.45 / 0.7 / 0.7,COMPLETE
8998,-0.5715107846558711,2026-05-12 21:44:31.341122,2026-05-12 21:44:31.781041,0 days 00:00:00.439919,0.45,0.7,2,0.05,0.02,0.6,0.08,3,0.5,20,0.8,,,,,,PRUNED
8999,-0.5179924623587872,2026-05-12 21:44:31.810991,2026-05-12 21:44:32.476772,0 days 00:00:00.665781,0.45,0.7,2,0.05,0.02,0.6,0.08,6,0.5,20,0.5,-0.39108387647623727,-0.030830266507629607,0.2538171717650998,0.36025360996860767,,COMPLETE
9000,-0.5305920167445265,2026-05-12 21:44:32.509496,2026-05-12 21:44:37.378812,0 days 00:00:04.869316,0.25,0.9,2,0.05,0.02,0.3,0.12,6,0.7,20,0.8,,,,,,PRUNED
9001,-0.5179924623587872,2026-05-12 21:44:37.408825,2026-05-12 21:44:38.048720,0 days 00:00:00.639895,0.45,0.7,2,0.05,0.02,0.6,0.08,6,0.5,20,0.8,-0.39108387647623727,-0.030830266507629607,0.2538171717650998,0.36025360996860767,,COMPLETE
9002,-0.48397165528127967,2026-05-12 21:44:38.078207,2026-05-12 21:44:38.501441,0 days 00:00:00.423234,0.25,0.7,2,0.05,0.02,0.6,0.08,6,0.6,20,0.8,,,,,,PRUNED
9003,-0.5179924623587872,2026-05-12 21:44:38.529018,2026-05-12 21:44:39.179527,0 days 00:00:00.650509,0.45,0.7,2,0.05,0.02,0.6,0.08,6,0.5,20,0.8,-0.39108387647623727,-0.030830266507629607,0.2538171717650998,0.36025360996860767,,COMPLETE
9004,-0.45959622437751313,2026-05-12 21:44:39.209270,2026-05-12 21:44:44.398975,0 days 00:00:05.189705,0.45,0.8,3,0.03,0.02,0.6,0.08,6,0.6,10,0.8,,,,,,PRUNED
9005,-0.4833122634631456,2026-05-12 21:44:44.426276,2026-05-12 21:44:49.371907,0 days 00:00:04.945631,0.35,0.8,2,0.05,0.01,0.45,0.16,5,0.6,10,0.65,,,,,,PRUNED
9006,-0.5370490836273678,2026-05-12 21:44:49.403661,2026-05-12 21:44:53.199512,0 days 00:00:03.795851,0.35,0.7,3,0.03,0.01,0.45,0.08,3,0.5,10,0.65,,,,,,PRUNED
9007,-0.5128546616879478,2026-05-12 21:44:53.243630,2026-05-12 21:44:58.151269,0 days 00:00:04.907639,0.25,0.8,3,0.03,0.01,0.45,0.08,5,0.6,10,0.8,,,,,,PRUNED
9008,-0.5179924623587872,2026-05-12 21:44:58.179152,2026-05-12 21:44:58.792493,0 days 00:00:00.613341,0.45,0.7,2,0.05,0.02,0.6,0.08,6,0.5,20,0.65,-0.39108387647623727,-0.030830266507629607,0.2538171717650998,0.36025360996860767,,COMPLETE
9009,-0.4242910183560481,2026-05-12 21:44:58.826135,2026-05-12 21:44:59.274557,0 days 00:00:00.448422,0.45,0.7,2,0.05,0.02,0.6,0.08,5,0.5,20,0.8,,,,,,PRUNED
9010,-0.4757310524677019,2026-05-12 21:44:59.303056,2026-05-12 21:45:04.083340,0 days 00:00:04.780284,0.25,0.7,3,0.05,0.01,0.6,0.08,6,0.5,20,0.5,,,,,,PRUNED
9011,-0.5179924623587872,2026-05-12 21:45:04.118281,2026-05-12 21:45:04.788499,0 days 00:00:00.670218,0.45,0.7,2,0.05,0.02,0.6,0.08,6,0.5,20,0.8,-0.39108387647623727,-0.030830266507629607,0.2538171717650998,0.36025360996860767,,COMPLETE
9012,-0.4945279678232431,2026-05-12 21:45:04.816671,2026-05-12 21:45:11.016032,0 days 00:00:06.199361,0.25,0.7,3,0.05,0.01,0.3,0.12,6,0.5,10,0.65,,,,,,PRUNED
9013,-0.44410755769610466,2026-05-12 21:45:11.044724,2026-05-12 21:45:16.205780,0 days 00:00:05.161056,0.45,0.8,2,0.05,0.01,0.6,0.16,6,0.5,10,0.5,,,,,,PRUNED
9014,-0.47340491011352653,2026-05-12 21:45:16.234489,2026-05-12 21:45:21.128461,0 days 00:00:04.893972,0.25,0.7,3,0.05,0.02,0.45,0.08,5,0.5,10,0.8,,,,,,PRUNED
9015,-9999.0,2026-05-12 21:45:21.159774,2026-05-12 21:45:21.553511,0 days 00:00:00.393737,0.25,0.7,2,0.03,0.02,0.3,0.12,6,0.7,10,0.5,,,,,BEAR_RATIO < NEUTRAL_RATIO < BULL_RATIO 约束违反: 0.25 / 0.7 / 0.7,COMPLETE
9016,-0.5650932343572007,2026-05-12 21:45:21.583037,2026-05-12 21:45:27.140819,0 days 00:00:05.557782,0.25,0.9,3,0.05,0.02,0.45,0.16,5,0.7,5,0.8,,,,,,PRUNED
9017,-0.5910622890072166,2026-05-12 21:45:27.168780,2026-05-12 21:45:30.555909,0 days 00:00:03.387129,0.45,0.7,2,0.05,0.02,0.6,0.08,3,0.6,20,0.65,,,,,,PRUNED
9018,-0.4527203217292627,2026-05-12 21:45:30.585337,2026-05-12 21:45:34.876035,0 days 00:00:04.290698,0.35,0.7,2,0.05,0.01,0.6,0.08,3,0.5,5,0.8,,,,,,PRUNED
9019,-0.5179924623587872,2026-05-12 21:45:34.903264,2026-05-12 21:45:35.525796,0 days 00:00:00.622532,0.45,0.7,2,0.05,0.02,0.6,0.08,6,0.5,20,0.8,-0.39108387647623727,-0.030830266507629607,0.2538171717650998,0.36025360996860767,,COMPLETE
9020,-9999.0,2026-05-12 21:45:35.555164,2026-05-12 21:45:35.931042,0 days 00:00:00.375878,0.45,0.7,4,0.05,0.01,0.3,0.16,4,0.7,20,0.65,,,,,BEAR_RATIO < NEUTRAL_RATIO < BULL_RATIO 约束违反: 0.45 / 0.7 / 0.7,COMPLETE
9021,-0.46698380368793924,2026-05-12 21:45:35.959602,2026-05-12 21:45:41.206155,0 days 00:00:05.246553,0.45,0.8,3,0.03,0.02,0.6,0.12,6,0.5,10,0.8,,,,,,PRUNED
9022,-0.5254554929938491,2026-05-12 21:45:41.234027,2026-05-12 21:45:46.748448,0 days 00:00:05.514421,0.35,0.9,3,0.03,0.01,0.6,0.08,5,0.7,5,0.8,,,,,,PRUNED
9023,-0.410125315542252,2026-05-12 21:45:46.776473,2026-05-12 21:45:47.189212,0 days 00:00:00.412739,0.45,0.7,4,0.05,0.02,0.6,0.08,6,0.5,20,0.8,,,,,,PRUNED
9024,-0.583064522859254,2026-05-12 21:45:47.218106,2026-05-12 21:45:50.942498,0 days 00:00:03.724392,0.35,0.8,2,0.03,0.02,0.6,0.12,3,0.7,10,0.65,,,,,,PRUNED
9025,-0.5179924623587872,2026-05-12 21:45:50.971285,2026-05-12 21:45:51.611660,0 days 00:00:00.640375,0.45,0.7,2,0.05,0.02,0.6,0.08,6,0.5,20,0.8,-0.39108387647623727,-0.030830266507629607,0.2538171717650998,0.36025360996860767,,COMPLETE
9026,-0.5327585395803995,2026-05-12 21:45:51.640587,2026-05-12 21:45:56.515555,0 days 00:00:04.874968,0.25,0.9,4,0.03,0.01,0.3,0.08,6,0.6,20,0.8,,,,,,PRUNED
9027,-0.4740239335800951,2026-05-12 21:45:56.543621,2026-05-12 21:46:00.909541,0 days 00:00:04.365920,0.45,0.7,3,0.03,0.02,0.45,0.12,4,0.6,10,0.65,,,,,,PRUNED
9028,-0.6060128517773941,2026-05-12 21:46:00.936834,2026-05-12 21:46:04.357998,0 days 00:00:03.421164,0.45,0.8,3,0.05,0.01,0.45,0.12,3,0.6,20,0.5,,,,,,PRUNED
9029,-0.5179924623587872,2026-05-12 21:46:04.386061,2026-05-12 21:46:04.992585,0 days 00:00:00.606524,0.45,0.7,2,0.05,0.02,0.6,0.08,6,0.5,20,0.8,-0.39108387647623727,-0.030830266507629607,0.2538171717650998,0.36025360996860767,,COMPLETE
9030,-9999.0,2026-05-12 21:46:05.021893,2026-05-12 21:46:05.422427,0 days 00:00:00.400534,0.45,0.7,2,0.05,0.01,0.6,0.16,4,0.7,20,0.5,,,,,BEAR_RATIO < NEUTRAL_RATIO < BULL_RATIO 约束违反: 0.45 / 0.7 / 0.7,COMPLETE
9031,-0.5296899617161079,2026-05-12 21:46:05.476708,2026-05-12 21:46:11.299864,0 days 00:00:05.823156,0.35,0.9,4,0.05,0.02,0.45,0.16,4,0.5,5,0.5,,,,,,PRUNED
9032,-0.5120725996889398,2026-05-12 21:46:11.330913,2026-05-12 21:46:15.421630,0 days 00:00:04.090717,0.45,0.9,4,0.03,0.01,0.3,0.16,4,0.6,20,0.65,,,,,,PRUNED
9033,-0.5219954917944546,2026-05-12 21:46:15.448810,2026-05-12 21:46:20.436756,0 days 00:00:04.987946,0.45,0.7,3,0.03,0.01,0.6,0.16,4,0.6,5,0.65,,,,,,PRUNED
9034,-0.4092788272711371,2026-05-12 21:46:20.467704,2026-05-12 21:46:20.922849,0 days 00:00:00.455145,0.45,0.7,3,0.05,0.02,0.6,0.08,6,0.5,20,0.8,,,,,,PRUNED
9035,-0.47437711290085055,2026-05-12 21:46:20.950507,2026-05-12 21:46:25.241915,0 days 00:00:04.291408,0.45,0.7,2,0.03,0.02,0.45,0.16,4,0.5,10,0.5,,,,,,PRUNED
9036,-9999.0,2026-05-12 21:46:25.269848,2026-05-12 21:46:25.626912,0 days 00:00:00.357064,0.35,0.7,3,0.03,0.01,0.3,0.16,5,0.7,20,0.5,,,,,BEAR_RATIO < NEUTRAL_RATIO < BULL_RATIO 约束违反: 0.35 / 0.7 / 0.7,COMPLETE
9037,-0.4859207865451864,2026-05-12 21:46:25.652948,2026-05-12 21:46:29.656759,0 days 00:00:04.003811,0.35,0.7,4,0.03,0.01,0.45,0.12,4,0.6,20,0.65,,,,,,PRUNED
9038,-9999.0,2026-05-12 21:46:29.684682,2026-05-12 21:46:30.055400,0 days 00:00:00.370718,0.45,0.7,2,0.05,0.01,0.6,0.08,6,0.7,20,0.8,,,,,BEAR_RATIO < NEUTRAL_RATIO < BULL_RATIO 约束违反: 0.45 / 0.7 / 0.7,COMPLETE
9039,-0.5179924623587872,2026-05-12 21:46:30.086874,2026-05-12 21:46:30.710383,0 days 00:00:00.623509,0.45,0.7,2,0.05,0.02,0.6,0.08,6,0.5,20,0.8,-0.39108387647623727,-0.030830266507629607,0.2538171717650998,0.36025360996860767,,COMPLETE
9040,-0.5166673063963438,2026-05-12 21:46:30.737495,2026-05-12 21:46:35.854093,0 days 00:00:05.116598,0.25,0.9,4,0.05,0.02,0.45,0.12,6,0.5,10,0.5,,,,,,PRUNED
9041,-0.45333377049012313,2026-05-12 21:46:35.896530,2026-05-12 21:46:39.883442,0 days 00:00:03.986912,0.45,0.8,2,0.05,0.02,0.45,0.08,4,0.7,20,0.65,,,,,,PRUNED
9042,-0.5179924623587872,2026-05-12 21:46:39.911142,2026-05-12 21:46:40.549305,0 days 00:00:00.638163,0.45,0.7,2,0.05,0.02,0.6,0.08,6,0.5,20,0.8,-0.39108387647623727,-0.030830266507629607,0.2538171717650998,0.36025360996860767,,COMPLETE
9043,-0.434017431204229,2026-05-12 21:46:40.579510,2026-05-12 21:46:41.046378,0 days 00:00:00.466868,0.35,0.7,2,0.05,0.02,0.6,0.08,6,0.5,10,0.8,,,,,,PRUNED
9044,-0.5101563547660896,2026-05-12 21:46:41.075949,2026-05-12 21:46:45.437976,0 days 00:00:04.362027,0.25,0.7,3,0.05,0.01,0.45,0.08,3,0.6,5,0.65,,,,,,PRUNED
9045,-0.5179924623587872,2026-05-12 21:46:45.464703,2026-05-12 21:46:46.116995,0 days 00:00:00.652292,0.45,0.7,2,0.05,0.01,0.6,0.08,6,0.5,20,0.8,-0.39108387647623727,-0.030830266507629607,0.2538171717650998,0.36025360996860767,,COMPLETE
9046,-0.4786166310920785,2026-05-12 21:46:46.148507,2026-05-12 21:46:51.168210,0 days 00:00:05.019703,0.35,0.9,3,0.03,0.02,0.45,0.08,5,0.5,10,0.8,,,,,,PRUNED
9047,-0.5525474037231722,2026-05-12 21:46:51.198068,2026-05-12 21:46:56.086090,0 days 00:00:04.888022,0.25,0.8,4,0.05,0.01,0.45,0.16,4,0.5,5,0.8,,,,,,PRUNED
9048,-0.5179924623587872,2026-05-12 21:46:56.114444,2026-05-12 21:46:56.735208,0 days 00:00:00.620764,0.45,0.7,2,0.05,0.02,0.6,0.08,6,0.5,20,0.8,-0.39108387647623727,-0.030830266507629607,0.2538171717650998,0.36025360996860767,,COMPLETE
9049,-9999.0,2026-05-12 21:46:56.765140,2026-05-12 21:46:57.134424,0 days 00:00:00.369284,0.45,0.7,2,0.05,0.02,0.6,0.08,3,0.7,20,0.8,,,,,BEAR_RATIO < NEUTRAL_RATIO < BULL_RATIO 约束违反: 0.45 / 0.7 / 0.7,COMPLETE
9050,-0.5179924623587872,2026-05-12 21:46:57.162934,2026-05-12 21:46:57.807465,0 days 00:00:00.644531,0.45,0.7,2,0.05,0.02,0.6,0.08,6,0.5,20,0.8,-0.39108387647623727,-0.030830266507629607,0.2538171717650998,0.36025360996860767,,COMPLETE
9051,-0.517974098146447,2026-05-12 21:46:57.834209,2026-05-12 21:47:03.580497,0 days 00:00:05.746288,0.45,0.8,4,0.03,0.01,0.6,0.16,6,0.6,5,0.5,,,,,,PRUNED
9052,-0.5480854355925712,2026-05-12 21:47:03.609696,2026-05-12 21:47:09.103785,0 days 00:00:05.494089,0.25,0.7,4,0.03,0.01,0.3,0.16,5,0.5,5,0.65,,,,,,PRUNED
