number,value,datetime_start,datetime_complete,duration,params_BEAR_RATIO,params_BULL_RATIO,params_GRID_MAX_LAYER,params_GRID_STEP_MAX,params_GRID_STEP_MIN,params_GRID_STEP_VOL_FACTOR,params_LAYER_FRACTION,params_MAX_HOLD,params_NEUTRAL_RATIO,params_REBALANCE_FREQ,params_VOL_WEIGHT,user_attrs_avg_test_score,user_attrs_avg_train_score,user_attrs_test_score_std,user_attrs_train_test_gap,user_attrs_validation_error,state
9053,-0.5179924623587872,2026-05-12 21:47:09.130900,2026-05-12 21:47:09.750973,0 days 00:00:00.620073,0.45,0.7,2,0.05,0.02,0.6,0.08,6,0.5,20,0.8,-0.39108387647623727,-0.030830266507629607,0.2538171717650998,0.36025360996860767,,COMPLETE
9054,-0.4809814288368244,2026-05-12 21:47:09.778031,2026-05-12 21:47:16.126168,0 days 00:00:06.348137,0.35,0.7,4,0.05,0.01,0.45,0.12,5,0.6,5,0.5,,,,,,PRUNED
9055,-0.5874358273812148,2026-05-12 21:47:16.154158,2026-05-12 21:47:19.557307,0 days 00:00:03.403149,0.35,0.7,2,0.05,0.01,0.6,0.12,3,0.5,20,0.65,,,,,,PRUNED
9056,-0.4894232571884769,2026-05-12 21:47:19.583981,2026-05-12 21:47:25.100357,0 days 00:00:05.516376,0.45,0.9,2,0.05,0.02,0.45,0.12,5,0.7,5,0.8,,,,,,PRUNED
9057,-0.45456110486561263,2026-05-12 21:47:25.127012,2026-05-12 21:47:25.574578,0 days 00:00:00.447566,0.45,0.9,2,0.03,0.02,0.6,0.08,6,0.5,20,0.8,,,,,,PRUNED
9058,-0.42357363260304626,2026-05-12 21:47:25.601500,2026-05-12 21:47:26.046573,0 days 00:00:00.445073,0.45,0.7,2,0.05,0.02,0.6,0.08,6,0.6,20,0.8,,,,,,PRUNED
9059,-0.4899050398953794,2026-05-12 21:47:26.072888,2026-05-12 21:47:30.053569,0 days 00:00:03.980681,0.45,0.7,2,0.03,0.01,0.6,0.16,4,0.6,20,0.8,,,,,,PRUNED
9060,-0.5360035954482605,2026-05-12 21:47:30.081879,2026-05-12 21:47:34.500463,0 days 00:00:04.418584,0.25,0.9,4,0.03,0.02,0.3,0.16,4,0.6,10,0.8,,,,,,PRUNED
9061,-0.5104100593279071,2026-05-12 21:47:34.527091,2026-05-12 21:47:40.007587,0 days 00:00:05.480496,0.25,0.7,3,0.03,0.01,0.6,0.08,5,0.5,5,0.8,,,,,,PRUNED
9062,-9999.0,2026-05-12 21:47:40.038751,2026-05-12 21:47:40.425681,0 days 00:00:00.386930,0.35,0.7,4,0.03,0.02,0.6,0.16,6,0.7,20,0.5,,,,,BEAR_RATIO < NEUTRAL_RATIO < BULL_RATIO 约束违反: 0.35 / 0.7 / 0.7,COMPLETE
9063,-9999.0,2026-05-12 21:47:40.453623,2026-05-12 21:47:40.818562,0 days 00:00:00.364939,0.35,0.7,2,0.03,0.02,0.3,0.12,5,0.7,10,0.8,,,,,BEAR_RATIO < NEUTRAL_RATIO < BULL_RATIO 约束违反: 0.35 / 0.7 / 0.7,COMPLETE
9064,-0.5473918257324092,2026-05-12 21:47:40.848344,2026-05-12 21:47:46.675603,0 days 00:00:05.827259,0.25,0.9,3,0.05,0.02,0.6,0.16,6,0.5,5,0.5,,,,,,PRUNED
9065,-0.4338764564691239,2026-05-12 21:47:46.703239,2026-05-12 21:47:47.134444,0 days 00:00:00.431205,0.45,0.9,2,0.05,0.02,0.3,0.08,6,0.5,20,0.8,,,,,,PRUNED
9066,-0.5182406672588966,2026-05-12 21:47:47.161931,2026-05-12 21:47:47.786261,0 days 00:00:00.624330,0.45,0.7,2,0.05,0.01,0.45,0.08,6,0.5,20,0.8,-0.3910743597599139,-0.030648087966744914,0.25433261499796533,0.360426271793169,,COMPLETE
9067,-0.4359433191790619,2026-05-12 21:47:47.815458,2026-05-12 21:47:48.233335,0 days 00:00:00.417877,0.35,0.7,3,0.05,0.02,0.6,0.08,6,0.5,10,0.8,,,,,,PRUNED
9068,-0.49538563639477945,2026-05-12 21:47:48.263213,2026-05-12 21:47:52.602901,0 days 00:00:04.339688,0.45,0.8,4,0.03,0.01,0.6,0.16,3,0.6,5,0.8,,,,,,PRUNED
9069,-0.47366436048929406,2026-05-12 21:47:52.629860,2026-05-12 21:47:57.515485,0 days 00:00:04.885625,0.35,0.9,4,0.05,0.02,0.45,0.12,5,0.5,10,0.65,,,,,,PRUNED
9070,-0.4715784841784998,2026-05-12 21:47:57.548112,2026-05-12 21:48:01.635157,0 days 00:00:04.087045,0.45,0.7,2,0.03,0.02,0.6,0.12,4,0.6,20,0.8,,,,,,PRUNED
9071,-0.5048277529729183,2026-05-12 21:48:01.663524,2026-05-12 21:48:05.983798,0 days 00:00:04.320274,0.25,0.8,4,0.03,0.01,0.6,0.08,4,0.7,10,0.65,,,,,,PRUNED
9072,-0.44804382861052683,2026-05-12 21:48:06.013267,2026-05-12 21:48:11.137881,0 days 00:00:05.124614,0.45,0.9,2,0.05,0.02,0.6,0.08,6,0.6,10,0.65,,,,,,PRUNED
9073,-0.5179924623587872,2026-05-12 21:48:11.170168,2026-05-12 21:48:11.793111,0 days 00:00:00.622943,0.45,0.7,2,0.05,0.02,0.6,0.08,6,0.5,20,0.8,-0.39108387647623727,-0.030830266507629607,0.2538171717650998,0.36025360996860767,,COMPLETE
9074,-0.5169803626130779,2026-05-12 21:48:11.824163,2026-05-12 21:48:17.339568,0 days 00:00:05.515405,0.35,0.9,2,0.03,0.01,0.3,0.08,5,0.7,20,0.8,,,,,,PRUNED
9075,-0.43517185891140797,2026-05-12 21:48:17.368125,2026-05-12 21:48:17.795295,0 days 00:00:00.427170,0.45,0.9,2,0.05,0.02,0.6,0.08,6,0.5,10,0.8,,,,,,PRUNED
9076,-0.5183898574409102,2026-05-12 21:48:17.823863,2026-05-12 21:48:22.771796,0 days 00:00:04.947933,0.45,0.8,3,0.03,0.02,0.45,0.16,4,0.5,5,0.8,,,,,,PRUNED
9077,-0.4464754396709185,2026-05-12 21:48:22.799754,2026-05-12 21:48:23.235648,0 days 00:00:00.435894,0.45,0.9,2,0.05,0.02,0.6,0.08,6,0.6,20,0.8,,,,,,PRUNED
9078,-9999.0,2026-05-12 21:48:23.262913,2026-05-12 21:48:23.627471,0 days 00:00:00.364558,0.35,0.7,4,0.05,0.02,0.6,0.08,3,0.7,5,0.65,,,,,BEAR_RATIO < NEUTRAL_RATIO < BULL_RATIO 约束违反: 0.35 / 0.7 / 0.7,COMPLETE
9079,-0.44790776796938486,2026-05-12 21:48:23.659223,2026-05-12 21:48:28.865031,0 days 00:00:05.205808,0.45,0.7,4,0.03,0.02,0.6,0.08,6,0.6,10,0.8,,,,,,PRUNED
9080,-0.4213231947291116,2026-05-12 21:48:28.891912,2026-05-12 21:48:29.290125,0 days 00:00:00.398213,0.45,0.7,2,0.05,0.02,0.6,0.08,4,0.5,20,0.8,,,,,,PRUNED
9081,-0.50390849432196,2026-05-12 21:48:29.316743,2026-05-12 21:48:33.969343,0 days 00:00:04.652600,0.25,0.8,2,0.05,0.01,0.6,0.12,5,0.5,20,0.8,,,,,,PRUNED
9082,-0.5048396641388031,2026-05-12 21:48:33.998631,2026-05-12 21:48:38.669241,0 days 00:00:04.670610,0.35,0.7,4,0.03,0.01,0.3,0.12,5,0.6,20,0.65,,,,,,PRUNED
9083,-0.5289207851246611,2026-05-12 21:48:38.697181,2026-05-12 21:48:43.900849,0 days 00:00:05.203668,0.35,0.9,3,0.03,0.01,0.6,0.12,6,0.7,10,0.8,,,,,,PRUNED
9084,-0.4512775079666582,2026-05-12 21:48:43.929159,2026-05-12 21:48:49.414341,0 days 00:00:05.485182,0.45,0.8,4,0.05,0.02,0.45,0.16,5,0.5,5,0.8,,,,,,PRUNED
9085,-0.4538037359932807,2026-05-12 21:48:49.441602,2026-05-12 21:48:54.384349,0 days 00:00:04.942747,0.45,0.9,2,0.05,0.01,0.3,0.16,5,0.5,10,0.8,,,,,,PRUNED
9086,-0.47026129906048525,2026-05-12 21:48:54.415853,2026-05-12 21:48:59.578811,0 days 00:00:05.162958,0.45,0.9,3,0.03,0.01,0.3,0.12,5,0.5,10,0.65,,,,,,PRUNED
9087,-0.6416772630926162,2026-05-12 21:48:59.607744,2026-05-12 21:49:03.075550,0 days 00:00:03.467806,0.25,0.8,4,0.05,0.01,0.6,0.16,3,0.7,20,0.5,,,,,,PRUNED
9088,-0.48627951555637744,2026-05-12 21:49:03.103532,2026-05-12 21:49:09.755341,0 days 00:00:06.651809,0.35,0.9,2,0.05,0.01,0.45,0.12,6,0.5,5,0.5,,,,,,PRUNED
9089,-0.4930996988273072,2026-05-12 21:49:09.784954,2026-05-12 21:49:14.905111,0 days 00:00:05.120157,0.25,0.7,4,0.05,0.02,0.6,0.12,6,0.5,10,0.8,,,,,,PRUNED
9090,-0.5214560557404283,2026-05-12 21:49:14.933787,2026-05-12 21:49:19.902735,0 days 00:00:04.968948,0.45,0.9,2,0.03,0.01,0.45,0.12,4,0.5,5,0.65,,,,,,PRUNED
9091,-0.42274706040872767,2026-05-12 21:49:19.931047,2026-05-12 21:49:24.783524,0 days 00:00:04.852477,0.45,0.7,2,0.05,0.02,0.3,0.12,6,0.5,20,0.65,,,,,,PRUNED
9092,-0.4408085471343632,2026-05-12 21:49:24.811967,2026-05-12 21:49:29.504294,0 days 00:00:04.692327,0.45,0.7,2,0.05,0.01,0.6,0.08,5,0.6,20,0.5,,,,,,PRUNED
9093,-0.5179924623587872,2026-05-12 21:49:29.533452,2026-05-12 21:49:30.173376,0 days 00:00:00.639924,0.45,0.7,2,0.05,0.02,0.6,0.08,6,0.5,20,0.8,-0.39108387647623727,-0.030830266507629607,0.2538171717650998,0.36025360996860767,,COMPLETE
9094,-0.5179924623587872,2026-05-12 21:49:30.223145,2026-05-12 21:49:30.896000,0 days 00:00:00.672855,0.45,0.7,2,0.05,0.02,0.6,0.08,6,0.5,20,0.8,-0.39108387647623727,-0.030830266507629607,0.2538171717650998,0.36025360996860767,,COMPLETE
9095,-0.5758519731569401,2026-05-12 21:49:30.923335,2026-05-12 21:49:34.647861,0 days 00:00:03.724526,0.25,0.7,2,0.03,0.02,0.3,0.16,3,0.5,10,0.65,,,,,,PRUNED
9096,-0.45605409604372654,2026-05-12 21:49:34.674579,2026-05-12 21:49:38.977580,0 days 00:00:04.303001,0.45,0.8,3,0.05,0.02,0.3,0.08,3,0.6,5,0.65,,,,,,PRUNED
9097,-0.6006895950234669,2026-05-12 21:49:39.013898,2026-05-12 21:49:42.446234,0 days 00:00:03.432336,0.35,0.8,2,0.03,0.02,0.3,0.08,3,0.5,20,0.5,,,,,,PRUNED
9098,-0.5715107846558711,2026-05-12 21:49:42.475937,2026-05-12 21:49:42.936465,0 days 00:00:00.460528,0.45,0.7,2,0.05,0.02,0.45,0.08,3,0.5,20,0.8,,,,,,PRUNED
9099,-0.4673936216316811,2026-05-12 21:49:42.964895,2026-05-12 21:49:47.579223,0 days 00:00:04.614328,0.35,0.7,2,0.05,0.02,0.6,0.16,5,0.5,20,0.65,,,,,,PRUNED
9100,-0.5179924623587872,2026-05-12 21:49:47.607547,2026-05-12 21:49:48.246575,0 days 00:00:00.639028,0.45,0.7,2,0.05,0.02,0.6,0.08,6,0.5,20,0.8,-0.39108387647623727,-0.030830266507629607,0.2538171717650998,0.36025360996860767,,COMPLETE
9101,-0.5179924623587872,2026-05-12 21:49:48.272705,2026-05-12 21:49:48.892804,0 days 00:00:00.620099,0.45,0.7,2,0.05,0.02,0.6,0.08,6,0.5,20,0.8,-0.39108387647623727,-0.030830266507629607,0.2538171717650998,0.36025360996860767,,COMPLETE
9102,-0.506752901082133,2026-05-12 21:49:48.925282,2026-05-12 21:49:53.846121,0 days 00:00:04.920839,0.45,0.9,4,0.03,0.01,0.3,0.16,5,0.6,10,0.65,,,,,,PRUNED
9103,-0.4296411080598753,2026-05-12 21:49:53.876574,2026-05-12 21:49:54.308185,0 days 00:00:00.431611,0.45,0.7,2,0.05,0.02,0.6,0.16,6,0.5,20,0.8,,,,,,PRUNED
9104,-0.47441457244516044,2026-05-12 21:49:54.335981,2026-05-12 21:49:54.764715,0 days 00:00:00.428734,0.25,0.7,2,0.05,0.02,0.6,0.08,6,0.5,20,0.8,,,,,,PRUNED
9105,-0.5179924623587872,2026-05-12 21:49:54.791537,2026-05-12 21:49:55.409593,0 days 00:00:00.618056,0.45,0.7,2,0.05,0.02,0.6,0.08,6,0.5,20,0.8,-0.39108387647623727,-0.030830266507629607,0.2538171717650998,0.36025360996860767,,COMPLETE
9106,-0.48674823091029523,2026-05-12 21:49:55.438229,2026-05-12 21:49:59.764194,0 days 00:00:04.325965,0.45,0.8,2,0.03,0.01,0.6,0.08,3,0.7,5,0.65,,,,,,PRUNED
9107,-0.4679861757431294,2026-05-12 21:49:59.791188,2026-05-12 21:50:04.707354,0 days 00:00:04.916166,0.45,0.7,2,0.03,0.01,0.6,0.12,5,0.6,10,0.65,,,,,,PRUNED
9108,-0.5557608914168152,2026-05-12 21:50:04.735000,2026-05-12 21:50:09.617330,0 days 00:00:04.882330,0.35,0.9,3,0.03,0.02,0.45,0.12,4,0.6,5,0.8,,,,,,PRUNED
9109,-0.44634375699465645,2026-05-12 21:50:09.645875,2026-05-12 21:50:14.913445,0 days 00:00:05.267570,0.45,0.7,3,0.03,0.02,0.45,0.12,3,0.5,5,0.5,,,,,,PRUNED
9110,-0.4578296361284331,2026-05-12 21:50:14.940001,2026-05-12 21:50:15.399356,0 days 00:00:00.459355,0.35,0.7,2,0.03,0.02,0.6,0.08,6,0.5,20,0.8,,,,,,PRUNED
9111,-0.4601834664567367,2026-05-12 21:50:15.426358,2026-05-12 21:50:20.285355,0 days 00:00:04.858997,0.35,0.7,2,0.05,0.02,0.6,0.12,5,0.6,10,0.65,,,,,,PRUNED
9112,-9999.0,2026-05-12 21:50:20.311732,2026-05-12 21:50:20.699219,0 days 00:00:00.387487,0.45,0.7,2,0.03,0.02,0.3,0.16,5,0.7,20,0.5,,,,,BEAR_RATIO < NEUTRAL_RATIO < BULL_RATIO 约束违反: 0.45 / 0.7 / 0.7,COMPLETE
9113,-0.47111197326805565,2026-05-12 21:50:20.728962,2026-05-12 21:50:25.031995,0 days 00:00:04.303033,0.45,0.8,4,0.03,0.01,0.45,0.12,4,0.5,10,0.65,,,,,,PRUNED
9114,-0.48834255994215736,2026-05-12 21:50:25.059773,2026-05-12 21:50:30.032579,0 days 00:00:04.972806,0.45,0.9,3,0.03,0.01,0.3,0.12,5,0.6,10,0.65,,,,,,PRUNED
9115,-0.5179924623587872,2026-05-12 21:50:30.064562,2026-05-12 21:50:30.727038,0 days 00:00:00.662476,0.45,0.7,2,0.05,0.02,0.6,0.08,6,0.5,20,0.8,-0.39108387647623727,-0.030830266507629607,0.2538171717650998,0.36025360996860767,,COMPLETE
9116,-0.41425741193738236,2026-05-12 21:50:30.755203,2026-05-12 21:50:31.191800,0 days 00:00:00.436597,0.45,0.7,2,0.05,0.02,0.6,0.08,6,0.5,5,0.8,,,,,,PRUNED
9117,-0.5044070313704715,2026-05-12 21:50:31.222188,2026-05-12 21:50:36.192237,0 days 00:00:04.970049,0.35,0.8,2,0.03,0.01,0.45,0.16,5,0.5,10,0.8,,,,,,PRUNED
9118,-0.5179924623587872,2026-05-12 21:50:36.221611,2026-05-12 21:50:36.847190,0 days 00:00:00.625579,0.45,0.7,2,0.05,0.02,0.6,0.08,6,0.5,20,0.8,-0.39108387647623727,-0.030830266507629607,0.2538171717650998,0.36025360996860767,,COMPLETE
9119,-0.43223096142417294,2026-05-12 21:50:36.877988,2026-05-12 21:50:37.306118,0 days 00:00:00.428130,0.45,0.9,2,0.05,0.02,0.6,0.08,6,0.5,20,0.65,,,,,,PRUNED
9120,-9999.0,2026-05-12 21:50:37.336056,2026-05-12 21:50:37.739635,0 days 00:00:00.403579,0.35,0.7,2,0.05,0.01,0.6,0.08,5,0.7,10,0.65,,,,,BEAR_RATIO < NEUTRAL_RATIO < BULL_RATIO 约束违反: 0.35 / 0.7 / 0.7,COMPLETE
9121,-0.5486557010633242,2026-05-12 21:50:37.767237,2026-05-12 21:50:42.665851,0 days 00:00:04.898614,0.45,0.9,2,0.03,0.01,0.45,0.16,4,0.6,5,0.8,,,,,,PRUNED
9122,-0.4569223683011577,2026-05-12 21:50:42.710036,2026-05-12 21:50:43.141291,0 days 00:00:00.431255,0.25,0.7,2,0.05,0.02,0.6,0.08,4,0.5,20,0.8,,,,,,PRUNED
9123,-0.4092137988646166,2026-05-12 21:50:43.172518,2026-05-12 21:50:43.626704,0 days 00:00:00.454186,0.45,0.7,2,0.05,0.02,0.6,0.08,6,0.5,10,0.8,,,,,,PRUNED
9124,-0.4194511448045569,2026-05-12 21:50:43.654339,2026-05-12 21:50:44.085959,0 days 00:00:00.431620,0.45,0.7,2,0.05,0.01,0.6,0.12,6,0.5,20,0.8,,,,,,PRUNED
9125,-0.5168600805550772,2026-05-12 21:50:44.115576,2026-05-12 21:50:49.102277,0 days 00:00:04.986701,0.45,0.9,4,0.03,0.01,0.6,0.16,6,0.6,20,0.8,,,,,,PRUNED
9126,-0.4100386278766106,2026-05-12 21:50:49.130559,2026-05-12 21:50:49.591485,0 days 00:00:00.460926,0.45,0.7,2,0.05,0.02,0.3,0.08,6,0.5,20,0.8,,,,,,PRUNED
9127,-0.569057495012891,2026-05-12 21:50:49.618388,2026-05-12 21:50:53.376717,0 days 00:00:03.758329,0.35,0.8,2,0.03,0.02,0.6,0.16,3,0.5,10,0.5,,,,,,PRUNED
9128,-0.5179924623587872,2026-05-12 21:50:53.405286,2026-05-12 21:50:54.956216,0 days 00:00:01.550930,0.45,0.7,2,0.05,0.02,0.6,0.08,6,0.5,20,0.8,-0.39108387647623727,-0.030830266507629607,0.2538171717650998,0.36025360996860767,,COMPLETE
9129,-0.5179924623587872,2026-05-12 21:50:54.984113,2026-05-12 21:50:55.601540,0 days 00:00:00.617427,0.45,0.7,2,0.05,0.01,0.6,0.08,6,0.5,20,0.8,-0.39108387647623727,-0.030830266507629607,0.2538171717650998,0.36025360996860767,,COMPLETE
9130,-0.4363626948110784,2026-05-12 21:50:55.629176,2026-05-12 21:50:59.933970,0 days 00:00:04.304794,0.45,0.7,3,0.05,0.02,0.3,0.12,4,0.5,10,0.5,,,,,,PRUNED
9131,-0.43223096142417294,2026-05-12 21:50:59.987768,2026-05-12 21:51:00.439234,0 days 00:00:00.451466,0.45,0.9,2,0.05,0.02,0.6,0.08,6,0.5,20,0.8,,,,,,PRUNED
9132,-0.5308823901363035,2026-05-12 21:51:00.468714,2026-05-12 21:51:04.778774,0 days 00:00:04.310060,0.35,0.9,4,0.03,0.02,0.45,0.16,4,0.7,10,0.65,,,,,,PRUNED
9133,-9999.0,2026-05-12 21:51:04.808046,2026-05-12 21:51:05.197322,0 days 00:00:00.389276,0.25,0.7,4,0.03,0.02,0.3,0.08,6,0.7,5,0.65,,,,,BEAR_RATIO < NEUTRAL_RATIO < BULL_RATIO 约束违反: 0.25 / 0.7 / 0.7,COMPLETE
9134,-0.5415216906917121,2026-05-12 21:51:05.227702,2026-05-12 21:51:09.811530,0 days 00:00:04.583828,0.35,0.9,2,0.03,0.01,0.45,0.16,5,0.6,20,0.5,,,,,,PRUNED
9135,-9999.0,2026-05-12 21:51:09.840009,2026-05-12 21:51:10.211244,0 days 00:00:00.371235,0.45,0.7,4,0.03,0.02,0.6,0.12,3,0.7,5,0.5,,,,,BEAR_RATIO < NEUTRAL_RATIO < BULL_RATIO 约束违反: 0.45 / 0.7 / 0.7,COMPLETE
9136,-0.42056632138184724,2026-05-12 21:51:10.240929,2026-05-12 21:51:10.695906,0 days 00:00:00.454977,0.45,0.8,2,0.05,0.02,0.6,0.08,6,0.5,20,0.8,,,,,,PRUNED
9137,-0.44822839646976476,2026-05-12 21:51:10.722874,2026-05-12 21:51:15.612093,0 days 00:00:04.889219,0.35,0.7,3,0.05,0.02,0.6,0.12,5,0.5,10,0.5,,,,,,PRUNED
9138,-0.5320365299993824,2026-05-12 21:51:15.640219,2026-05-12 21:51:21.193094,0 days 00:00:05.552875,0.35,0.8,3,0.03,0.01,0.3,0.16,5,0.6,20,0.65,,,,,,PRUNED
9139,-0.49073366204790064,2026-05-12 21:51:21.223178,2026-05-12 21:51:26.057138,0 days 00:00:04.833960,0.25,0.8,4,0.05,0.02,0.6,0.08,6,0.5,20,0.8,,,,,,PRUNED
9140,-0.5477895826166055,2026-05-12 21:51:26.088435,2026-05-12 21:51:29.856886,0 days 00:00:03.768451,0.35,0.8,3,0.05,0.01,0.6,0.08,3,0.6,10,0.5,,,,,,PRUNED
9141,-0.5739853679128459,2026-05-12 21:51:29.882542,2026-05-12 21:51:33.297932,0 days 00:00:03.415390,0.45,0.7,4,0.05,0.01,0.6,0.08,3,0.5,20,0.5,,,,,,PRUNED
9142,-0.5179924623587872,2026-05-12 21:51:33.325092,2026-05-12 21:51:33.948564,0 days 00:00:00.623472,0.45,0.7,2,0.05,0.02,0.6,0.08,6,0.5,20,0.8,-0.39108387647623727,-0.030830266507629607,0.2538171717650998,0.36025360996860767,,COMPLETE
9143,-0.5862767090577841,2026-05-12 21:51:33.975429,2026-05-12 21:51:37.333123,0 days 00:00:03.357694,0.45,0.9,2,0.05,0.01,0.3,0.08,3,0.5,20,0.8,,,,,,PRUNED
9144,-0.5322397951161789,2026-05-12 21:51:37.359611,2026-05-12 21:51:41.976031,0 days 00:00:04.616420,0.25,0.7,2,0.03,0.01,0.3,0.12,5,0.6,20,0.5,,,,,,PRUNED
9145,-0.43333909441165963,2026-05-12 21:51:42.006584,2026-05-12 21:51:42.470716,0 days 00:00:00.464132,0.35,0.7,2,0.05,0.02,0.6,0.08,6,0.5,20,0.8,,,,,,PRUNED
9146,-0.49544005459405965,2026-05-12 21:51:42.500658,2026-05-12 21:51:47.120015,0 days 00:00:04.619357,0.25,0.7,4,0.05,0.02,0.6,0.08,5,0.6,20,0.8,,,,,,PRUNED
9147,-0.4932876962334699,2026-05-12 21:51:47.149461,2026-05-12 21:51:51.249139,0 days 00:00:04.099678,0.25,0.8,2,0.03,0.02,0.6,0.08,4,0.7,20,0.8,,,,,,PRUNED
9148,-0.5000845795736923,2026-05-12 21:51:51.277132,2026-05-12 21:51:56.616713,0 days 00:00:05.339581,0.25,0.7,3,0.05,0.02,0.45,0.16,6,0.5,10,0.8,,,,,,PRUNED
9149,-9999.0,2026-05-12 21:51:56.647127,2026-05-12 21:51:57.031803,0 days 00:00:00.384676,0.45,0.7,4,0.03,0.01,0.45,0.12,4,0.7,5,0.5,,,,,BEAR_RATIO < NEUTRAL_RATIO < BULL_RATIO 约束违反: 0.45 / 0.7 / 0.7,COMPLETE
9150,-0.44722949902200226,2026-05-12 21:51:57.060514,2026-05-12 21:52:01.886686,0 days 00:00:04.826172,0.45,0.8,4,0.05,0.01,0.6,0.16,6,0.5,20,0.8,,,,,,PRUNED
9151,-9999.0,2026-05-12 21:52:01.914807,2026-05-12 21:52:02.288051,0 days 00:00:00.373244,0.45,0.7,2,0.05,0.02,0.6,0.08,6,0.7,20,0.8,,,,,BEAR_RATIO < NEUTRAL_RATIO < BULL_RATIO 约束违反: 0.45 / 0.7 / 0.7,COMPLETE
9152,-0.45763383400576574,2026-05-12 21:52:02.319927,2026-05-12 21:52:06.659967,0 days 00:00:04.340040,0.45,0.8,3,0.03,0.02,0.3,0.12,3,0.5,5,0.8,,,,,,PRUNED
9153,-0.5179924623587872,2026-05-12 21:52:06.689525,2026-05-12 21:52:07.310827,0 days 00:00:00.621302,0.45,0.7,2,0.05,0.02,0.6,0.08,6,0.5,20,0.8,-0.39108387647623727,-0.030830266507629607,0.2538171717650998,0.36025360996860767,,COMPLETE
9154,-0.4971557949007887,2026-05-12 21:52:07.349375,2026-05-12 21:52:11.631882,0 days 00:00:04.282507,0.25,0.8,3,0.05,0.02,0.45,0.12,4,0.7,10,0.65,,,,,,PRUNED
9155,-0.4394600188244098,2026-05-12 21:52:11.658780,2026-05-12 21:52:16.577446,0 days 00:00:04.918666,0.35,0.7,4,0.05,0.02,0.6,0.08,5,0.5,10,0.8,,,,,,PRUNED
9156,-9999.0,2026-05-12 21:52:16.608408,2026-05-12 21:52:17.892323,0 days 00:00:01.283915,0.35,0.7,2,0.05,0.01,0.45,0.08,6,0.7,20,0.65,,,,,BEAR_RATIO < NEUTRAL_RATIO < BULL_RATIO 约束违反: 0.35 / 0.7 / 0.7,COMPLETE
9157,-0.6208923845338004,2026-05-12 21:52:17.922643,2026-05-12 21:52:21.356549,0 days 00:00:03.433906,0.35,0.8,2,0.03,0.01,0.3,0.16,3,0.5,20,0.65,,,,,,PRUNED
9158,-9999.0,2026-05-12 21:52:21.384564,2026-05-12 21:52:21.771563,0 days 00:00:00.386999,0.45,0.7,2,0.05,0.02,0.6,0.12,4,0.7,20,0.5,,,,,BEAR_RATIO < NEUTRAL_RATIO < BULL_RATIO 约束违反: 0.45 / 0.7 / 0.7,COMPLETE
9159,-0.4318124553734489,2026-05-12 21:52:21.799767,2026-05-12 21:52:22.217307,0 days 00:00:00.417540,0.45,0.7,2,0.03,0.02,0.6,0.08,6,0.5,20,0.8,,,,,,PRUNED
9160,-0.4242910183560481,2026-05-12 21:52:22.244645,2026-05-12 21:52:22.669048,0 days 00:00:00.424403,0.45,0.7,2,0.05,0.02,0.6,0.08,5,0.5,20,0.5,,,,,,PRUNED
9161,-0.4900056649852004,2026-05-12 21:52:22.696699,2026-05-12 21:52:27.552126,0 days 00:00:04.855427,0.25,0.7,3,0.05,0.02,0.45,0.12,6,0.5,20,0.5,,,,,,PRUNED
9162,-0.41425741193738236,2026-05-12 21:52:27.581460,2026-05-12 21:52:28.017671,0 days 00:00:00.436211,0.45,0.7,2,0.05,0.01,0.6,0.08,6,0.5,5,0.8,,,,,,PRUNED
9163,-0.434017431204229,2026-05-12 21:52:28.045763,2026-05-12 21:52:33.153868,0 days 00:00:05.108105,0.35,0.7,2,0.05,0.01,0.6,0.08,6,0.5,10,0.5,,,,,,PRUNED
9164,-0.4444792783184943,2026-05-12 21:52:33.181541,2026-05-12 21:52:37.476432,0 days 00:00:04.294891,0.45,0.8,3,0.05,0.02,0.3,0.16,3,0.5,5,0.8,,,,,,PRUNED
9165,-0.49823445220949447,2026-05-12 21:52:37.504470,2026-05-12 21:52:43.012223,0 days 00:00:05.507753,0.35,0.8,3,0.05,0.02,0.3,0.08,5,0.7,5,0.8,,,,,,PRUNED
9166,-0.5001279666264336,2026-05-12 21:52:43.039288,2026-05-12 21:52:47.594184,0 days 00:00:04.554896,0.35,0.9,2,0.03,0.02,0.3,0.08,4,0.7,10,0.5,,,,,,PRUNED
9167,-0.519998929127678,2026-05-12 21:52:47.622287,2026-05-12 21:52:52.534456,0 days 00:00:04.912169,0.25,0.7,4,0.03,0.01,0.3,0.12,5,0.6,10,0.5,,,,,,PRUNED
9168,-0.4228254687038583,2026-05-12 21:52:52.560862,2026-05-12 21:52:53.006767,0 days 00:00:00.445905,0.45,0.7,2,0.05,0.02,0.3,0.08,4,0.5,20,0.8,,,,,,PRUNED
9169,-0.4388876980491039,2026-05-12 21:52:53.036717,2026-05-12 21:52:57.901797,0 days 00:00:04.865080,0.45,0.8,2,0.05,0.02,0.3,0.08,6,0.6,20,0.8,,,,,,PRUNED
9170,-0.5179924623587872,2026-05-12 21:52:57.939187,2026-05-12 21:52:58.574602,0 days 00:00:00.635415,0.45,0.7,2,0.05,0.02,0.6,0.08,6,0.5,20,0.8,-0.39108387647623727,-0.030830266507629607,0.2538171717650998,0.36025360996860767,,COMPLETE
9171,-0.5179924623587872,2026-05-12 21:52:58.604880,2026-05-12 21:52:59.264723,0 days 00:00:00.659843,0.45,0.7,2,0.05,0.02,0.6,0.08,6,0.5,20,0.8,-0.39108387647623727,-0.030830266507629607,0.2538171717650998,0.36025360996860767,,COMPLETE
9172,-0.4194511448045569,2026-05-12 21:52:59.293024,2026-05-12 21:52:59.721347,0 days 00:00:00.428323,0.45,0.7,2,0.05,0.02,0.6,0.12,6,0.5,20,0.8,,,,,,PRUNED
9173,-0.5746085109981225,2026-05-12 21:52:59.749495,2026-05-12 21:53:03.452080,0 days 00:00:03.702585,0.35,0.9,3,0.03,0.02,0.3,0.16,3,0.5,10,0.65,,,,,,PRUNED
9174,-0.5123849140156091,2026-05-12 21:53:03.480259,2026-05-12 21:53:07.829326,0 days 00:00:04.349067,0.45,0.8,2,0.03,0.02,0.45,0.16,4,0.7,10,0.65,,,,,,PRUNED
9175,-0.47825258055720454,2026-05-12 21:53:07.860020,2026-05-12 21:53:12.130770,0 days 00:00:04.270750,0.45,0.9,2,0.03,0.01,0.6,0.08,3,0.6,5,0.8,,,,,,PRUNED
9176,-0.5179924623587872,2026-05-12 21:53:12.159886,2026-05-12 21:53:12.776017,0 days 00:00:00.616131,0.45,0.7,2,0.05,0.02,0.6,0.08,6,0.5,20,0.8,-0.39108387647623727,-0.030830266507629607,0.2538171717650998,0.36025360996860767,,COMPLETE
