number,value,datetime_start,datetime_complete,duration,params_BEAR_RATIO,params_BULL_RATIO,params_GRID_MAX_LAYER,params_GRID_STEP_MAX,params_GRID_STEP_MIN,params_GRID_STEP_VOL_FACTOR,params_LAYER_FRACTION,params_MAX_HOLD,params_NEUTRAL_RATIO,params_REBALANCE_FREQ,params_VOL_WEIGHT,user_attrs_avg_test_score,user_attrs_avg_train_score,user_attrs_test_score_std,user_attrs_train_test_gap,user_attrs_validation_error,state
2709,-0.43333909441165963,2026-05-12 16:28:14.460168,2026-05-12 16:28:14.806118,0 days 00:00:00.345950,0.35,0.7,2,0.05,0.02,0.6,0.08,6,0.5,20,0.65,,,,,,PRUNED
2710,-0.49609963462179907,2026-05-12 16:28:14.834361,2026-05-12 16:28:19.071581,0 days 00:00:04.237220,0.35,0.8,3,0.03,0.02,0.6,0.16,3,0.5,5,0.5,,,,,,PRUNED
2711,-0.48929499948510086,2026-05-12 16:28:19.099685,2026-05-12 16:28:24.553132,0 days 00:00:05.453447,0.45,0.8,4,0.03,0.01,0.6,0.16,6,0.5,10,0.5,,,,,,PRUNED
2712,-0.5347645957082376,2026-05-12 16:28:24.576066,2026-05-12 16:28:29.512223,0 days 00:00:04.936157,0.25,0.9,3,0.05,0.02,0.45,0.16,5,0.7,10,0.5,,,,,,PRUNED
2713,-0.4322626817353953,2026-05-12 16:28:29.539624,2026-05-12 16:28:29.902653,0 days 00:00:00.363029,0.45,0.7,2,0.05,0.02,0.6,0.08,6,0.6,5,0.8,,,,,,PRUNED
2714,-0.5179924623587872,2026-05-12 16:28:29.933722,2026-05-12 16:28:30.509426,0 days 00:00:00.575704,0.45,0.7,2,0.05,0.02,0.6,0.08,6,0.5,20,0.8,-0.39108387647623727,-0.030830266507629607,0.2538171717650998,0.36025360996860767,,COMPLETE
2715,-0.5707546324434303,2026-05-12 16:28:30.545232,2026-05-12 16:28:33.003289,0 days 00:00:02.458057,0.25,0.8,3,0.05,0.02,0.3,0.16,3,0.6,10,0.8,,,,,,PRUNED
2716,-0.4687035250627918,2026-05-12 16:28:33.028429,2026-05-12 16:28:38.975719,0 days 00:00:05.947290,0.45,0.9,4,0.05,0.01,0.6,0.16,6,0.5,5,0.65,,,,,,PRUNED
2717,-0.5231496108127527,2026-05-12 16:28:39.002479,2026-05-12 16:28:44.244778,0 days 00:00:05.242299,0.25,0.9,2,0.05,0.02,0.6,0.16,6,0.5,10,0.5,,,,,,PRUNED
2718,-0.515700341633647,2026-05-12 16:28:44.270171,2026-05-12 16:28:48.498544,0 days 00:00:04.228373,0.35,0.8,4,0.03,0.02,0.3,0.16,4,0.6,20,0.65,,,,,,PRUNED
2719,-9999.0,2026-05-12 16:28:48.541344,2026-05-12 16:28:48.811025,0 days 00:00:00.269681,0.45,0.7,2,0.05,0.02,0.45,0.08,6,0.7,10,0.8,,,,,BEAR_RATIO < NEUTRAL_RATIO < BULL_RATIO 约束违反: 0.45 / 0.7 / 0.7,COMPLETE
2720,-0.4228254687038583,2026-05-12 16:28:48.848295,2026-05-12 16:28:52.931486,0 days 00:00:04.083191,0.45,0.7,2,0.05,0.02,0.3,0.08,4,0.5,20,0.5,,,,,,PRUNED
2721,-0.5436746856649866,2026-05-12 16:28:52.957441,2026-05-12 16:28:56.841743,0 days 00:00:03.884302,0.45,0.7,4,0.05,0.01,0.45,0.16,3,0.6,10,0.5,,,,,,PRUNED
2722,-0.5709544620710867,2026-05-12 16:28:56.865596,2026-05-12 16:29:01.858629,0 days 00:00:04.993033,0.35,0.9,4,0.03,0.01,0.3,0.16,4,0.6,5,0.65,,,,,,PRUNED
2723,-0.5179924623587872,2026-05-12 16:29:01.886786,2026-05-12 16:29:02.443742,0 days 00:00:00.556956,0.45,0.7,2,0.05,0.02,0.6,0.08,6,0.5,20,0.8,-0.39108387647623727,-0.030830266507629607,0.2538171717650998,0.36025360996860767,,COMPLETE
2724,-0.4354717371617008,2026-05-12 16:29:02.471140,2026-05-12 16:29:06.396034,0 days 00:00:03.924894,0.45,0.7,2,0.05,0.02,0.6,0.12,6,0.6,10,0.8,,,,,,PRUNED
2725,-0.4529908866630954,2026-05-12 16:29:06.421725,2026-05-12 16:29:12.672948,0 days 00:00:06.251223,0.35,0.7,4,0.05,0.02,0.6,0.08,6,0.6,20,0.8,,,,,,PRUNED
2726,-0.4913079000816881,2026-05-12 16:29:12.708551,2026-05-12 16:29:17.685360,0 days 00:00:04.976809,0.45,0.9,2,0.03,0.01,0.3,0.16,5,0.5,10,0.65,,,,,,PRUNED
2727,-0.6069929837343321,2026-05-12 16:29:17.706563,2026-05-12 16:29:21.553057,0 days 00:00:03.846494,0.25,0.9,4,0.03,0.02,0.3,0.16,3,0.6,10,0.5,,,,,,PRUNED
2728,-0.4571823475594841,2026-05-12 16:29:21.578726,2026-05-12 16:29:26.000490,0 days 00:00:04.421764,0.35,0.7,3,0.05,0.01,0.3,0.16,4,0.5,10,0.8,,,,,,PRUNED
2729,-0.47441457244516044,2026-05-12 16:29:26.027652,2026-05-12 16:29:26.384701,0 days 00:00:00.357049,0.25,0.7,2,0.05,0.02,0.6,0.08,6,0.5,20,0.8,,,,,,PRUNED
2730,-0.4527203217292627,2026-05-12 16:29:26.410750,2026-05-12 16:29:30.758851,0 days 00:00:04.348101,0.35,0.7,2,0.05,0.01,0.45,0.08,3,0.5,5,0.8,,,,,,PRUNED
2731,-0.5179924623587872,2026-05-12 16:29:30.784392,2026-05-12 16:29:31.292408,0 days 00:00:00.508016,0.45,0.7,2,0.05,0.02,0.6,0.08,6,0.5,20,0.8,-0.39108387647623727,-0.030830266507629607,0.2538171717650998,0.36025360996860767,,COMPLETE
2732,-0.5010578501221125,2026-05-12 16:29:31.315307,2026-05-12 16:29:34.172813,0 days 00:00:02.857506,0.35,0.9,3,0.03,0.02,0.3,0.12,4,0.6,20,0.5,,,,,,PRUNED
2733,-0.5715107846558711,2026-05-12 16:29:34.201388,2026-05-12 16:29:34.551072,0 days 00:00:00.349684,0.45,0.7,2,0.05,0.02,0.6,0.08,3,0.5,20,0.65,,,,,,PRUNED
2734,-0.5446618913239034,2026-05-12 16:29:34.579221,2026-05-12 16:29:39.009006,0 days 00:00:04.429785,0.25,0.9,3,0.05,0.02,0.6,0.08,3,0.7,5,0.8,,,,,,PRUNED
2735,-0.529057240920432,2026-05-12 16:29:39.032869,2026-05-12 16:29:43.832818,0 days 00:00:04.799949,0.25,0.8,3,0.03,0.01,0.3,0.08,5,0.7,20,0.8,,,,,,PRUNED
2736,-0.5163890087876803,2026-05-12 16:29:43.860668,2026-05-12 16:29:48.225508,0 days 00:00:04.364840,0.25,0.7,2,0.03,0.02,0.45,0.12,3,0.5,5,0.8,,,,,,PRUNED
2737,-0.4107809201109101,2026-05-12 16:29:48.249734,2026-05-12 16:29:48.583983,0 days 00:00:00.334249,0.45,0.7,3,0.05,0.02,0.3,0.08,6,0.5,20,0.8,,,,,,PRUNED
2738,-0.5179924623587872,2026-05-12 16:29:48.609303,2026-05-12 16:29:49.181084,0 days 00:00:00.571781,0.45,0.7,2,0.05,0.02,0.6,0.08,6,0.5,20,0.8,-0.39108387647623727,-0.030830266507629607,0.2538171717650998,0.36025360996860767,,COMPLETE
2739,-0.4642370252474226,2026-05-12 16:29:49.204219,2026-05-12 16:29:54.425692,0 days 00:00:05.221473,0.35,0.7,4,0.05,0.02,0.6,0.16,6,0.5,10,0.5,,,,,,PRUNED
2740,-0.46054422008552093,2026-05-12 16:29:54.453552,2026-05-12 16:29:58.860713,0 days 00:00:04.407161,0.45,0.8,3,0.05,0.02,0.45,0.12,4,0.6,10,0.8,,,,,,PRUNED
2741,-9999.0,2026-05-12 16:29:58.884950,2026-05-12 16:29:59.172295,0 days 00:00:00.287345,0.35,0.7,4,0.05,0.02,0.3,0.12,6,0.7,10,0.8,,,,,BEAR_RATIO < NEUTRAL_RATIO < BULL_RATIO 约束违反: 0.35 / 0.7 / 0.7,COMPLETE
2742,-0.48390514981630883,2026-05-12 16:29:59.197194,2026-05-12 16:30:03.366745,0 days 00:00:04.169551,0.35,0.8,4,0.05,0.02,0.6,0.16,5,0.5,5,0.65,,,,,,PRUNED
2743,-0.4524922313933547,2026-05-12 16:30:03.392334,2026-05-12 16:30:09.162901,0 days 00:00:05.770567,0.45,0.9,2,0.05,0.02,0.6,0.16,6,0.5,20,0.65,,,,,,PRUNED
2744,-0.41350553293511805,2026-05-12 16:30:09.190907,2026-05-12 16:30:15.146161,0 days 00:00:05.955254,0.45,0.7,2,0.05,0.01,0.45,0.08,6,0.5,5,0.8,,,,,,PRUNED
2745,-0.5770792109343353,2026-05-12 16:30:15.186963,2026-05-12 16:30:19.073286,0 days 00:00:03.886323,0.45,0.8,3,0.03,0.01,0.3,0.12,3,0.7,10,0.5,,,,,,PRUNED
2746,-0.4351694194242078,2026-05-12 16:30:19.099378,2026-05-12 16:30:19.409842,0 days 00:00:00.310464,0.35,0.7,3,0.05,0.02,0.6,0.08,6,0.5,20,0.8,,,,,,PRUNED
2747,-9999.0,2026-05-12 16:30:19.431186,2026-05-12 16:30:19.672444,0 days 00:00:00.241258,0.45,0.7,4,0.03,0.01,0.3,0.12,4,0.7,20,0.65,,,,,BEAR_RATIO < NEUTRAL_RATIO < BULL_RATIO 约束违反: 0.45 / 0.7 / 0.7,COMPLETE
2748,-0.5325408131880162,2026-05-12 16:30:19.694844,2026-05-12 16:30:25.359295,0 days 00:00:05.664451,0.35,0.8,3,0.03,0.02,0.6,0.12,5,0.7,5,0.8,,,,,,PRUNED
2749,-0.582301318872223,2026-05-12 16:30:25.384582,2026-05-12 16:30:29.165900,0 days 00:00:03.781318,0.35,0.7,4,0.03,0.01,0.45,0.16,3,0.6,10,0.8,,,,,,PRUNED
2750,-0.5179924623587872,2026-05-12 16:30:29.193743,2026-05-12 16:30:29.717700,0 days 00:00:00.523957,0.45,0.7,2,0.05,0.02,0.6,0.08,6,0.5,20,0.8,-0.39108387647623727,-0.030830266507629607,0.2538171717650998,0.36025360996860767,,COMPLETE
2751,-0.4877542213262602,2026-05-12 16:30:29.744982,2026-05-12 16:30:34.659161,0 days 00:00:04.914179,0.25,0.7,2,0.05,0.02,0.3,0.08,6,0.6,20,0.8,,,,,,PRUNED
2752,-0.43450855750432177,2026-05-12 16:30:34.705657,2026-05-12 16:30:35.083693,0 days 00:00:00.378036,0.45,0.9,4,0.05,0.02,0.6,0.08,6,0.5,20,0.8,,,,,,PRUNED
2753,-0.4092137988646166,2026-05-12 16:30:35.108511,2026-05-12 16:30:35.467924,0 days 00:00:00.359413,0.45,0.7,2,0.05,0.02,0.6,0.08,6,0.5,10,0.8,,,,,,PRUNED
2754,-0.4842586243031282,2026-05-12 16:30:35.494777,2026-05-12 16:30:40.025044,0 days 00:00:04.530267,0.45,0.7,2,0.03,0.02,0.6,0.16,6,0.5,5,0.8,,,,,,PRUNED
2755,-0.5121339086176364,2026-05-12 16:30:40.053244,2026-05-12 16:30:44.365275,0 days 00:00:04.312031,0.25,0.7,4,0.05,0.02,0.45,0.08,3,0.6,5,0.65,,,,,,PRUNED
2756,-0.41072198076880906,2026-05-12 16:30:44.389778,2026-05-12 16:30:44.746257,0 days 00:00:00.356479,0.45,0.7,3,0.05,0.02,0.6,0.08,6,0.5,10,0.8,,,,,,PRUNED
2757,-0.5179924623587872,2026-05-12 16:30:44.771478,2026-05-12 16:30:45.308579,0 days 00:00:00.537101,0.45,0.7,2,0.05,0.02,0.6,0.08,6,0.5,20,0.8,-0.39108387647623727,-0.030830266507629607,0.2538171717650998,0.36025360996860767,,COMPLETE
2758,-0.48441516146625213,2026-05-12 16:30:45.334475,2026-05-12 16:30:49.933810,0 days 00:00:04.599335,0.35,0.9,2,0.05,0.02,0.45,0.16,4,0.6,10,0.5,,,,,,PRUNED
2759,-0.5179924623587872,2026-05-12 16:30:49.959776,2026-05-12 16:30:50.519012,0 days 00:00:00.559236,0.45,0.7,2,0.05,0.02,0.6,0.08,6,0.5,20,0.8,-0.39108387647623727,-0.030830266507629607,0.2538171717650998,0.36025360996860767,,COMPLETE
2760,-0.5115247901985971,2026-05-12 16:30:50.545180,2026-05-12 16:30:55.830328,0 days 00:00:05.285148,0.25,0.9,3,0.05,0.02,0.3,0.08,6,0.6,10,0.65,,,,,,PRUNED
2761,-0.5179924623587872,2026-05-12 16:30:55.853870,2026-05-12 16:30:56.404327,0 days 00:00:00.550457,0.45,0.7,2,0.05,0.01,0.6,0.08,6,0.5,20,0.8,-0.39108387647623727,-0.030830266507629607,0.2538171717650998,0.36025360996860767,,COMPLETE
2762,-9999.0,2026-05-12 16:30:56.428000,2026-05-12 16:30:56.718277,0 days 00:00:00.290277,0.25,0.7,3,0.03,0.01,0.45,0.16,6,0.7,20,0.8,,,,,BEAR_RATIO < NEUTRAL_RATIO < BULL_RATIO 约束违反: 0.25 / 0.7 / 0.7,COMPLETE
2763,-0.48892037740010647,2026-05-12 16:30:56.765042,2026-05-12 16:31:01.142808,0 days 00:00:04.377766,0.25,0.8,3,0.05,0.02,0.45,0.08,4,0.7,10,0.5,,,,,,PRUNED
2764,-0.4296411080598753,2026-05-12 16:31:01.169042,2026-05-12 16:31:01.502395,0 days 00:00:00.333353,0.45,0.7,2,0.05,0.02,0.6,0.16,6,0.5,20,0.8,,,,,,PRUNED
2765,-0.4679790048802188,2026-05-12 16:31:01.529959,2026-05-12 16:31:06.006658,0 days 00:00:04.476699,0.45,0.8,3,0.05,0.02,0.3,0.12,5,0.7,10,0.8,,,,,,PRUNED
2766,-0.48132974016452035,2026-05-12 16:31:06.031880,2026-05-12 16:31:11.627616,0 days 00:00:05.595736,0.35,0.8,2,0.05,0.02,0.3,0.08,5,0.6,5,0.8,,,,,,PRUNED
2767,-0.6019543460111356,2026-05-12 16:31:11.675420,2026-05-12 16:31:15.112757,0 days 00:00:03.437337,0.45,0.7,2,0.03,0.02,0.6,0.16,3,0.5,20,0.8,,,,,,PRUNED
2768,-0.4170964359595015,2026-05-12 16:31:15.139275,2026-05-12 16:31:15.491649,0 days 00:00:00.352374,0.45,0.7,4,0.05,0.02,0.6,0.08,6,0.5,5,0.8,,,,,,PRUNED
2769,-0.4100386278766106,2026-05-12 16:31:15.517214,2026-05-12 16:31:15.858518,0 days 00:00:00.341304,0.45,0.7,2,0.05,0.02,0.3,0.08,6,0.5,20,0.8,,,,,,PRUNED
2770,-0.41425741193738236,2026-05-12 16:31:15.884263,2026-05-12 16:31:16.235899,0 days 00:00:00.351636,0.45,0.7,2,0.05,0.02,0.6,0.08,6,0.5,5,0.8,,,,,,PRUNED
2771,-0.5017995210002563,2026-05-12 16:31:16.260476,2026-05-12 16:31:20.443998,0 days 00:00:04.183522,0.45,0.9,2,0.03,0.02,0.3,0.12,4,0.7,20,0.5,,,,,,PRUNED
2772,-0.6527424226718664,2026-05-12 16:31:20.468230,2026-05-12 16:31:24.016138,0 days 00:00:03.547908,0.25,0.9,2,0.03,0.02,0.6,0.12,3,0.7,20,0.8,,,,,,PRUNED
2773,-0.42795376063587454,2026-05-12 16:31:24.040072,2026-05-12 16:31:24.459853,0 days 00:00:00.419781,0.45,0.7,2,0.05,0.02,0.45,0.16,6,0.5,20,0.8,,,,,,PRUNED
2774,-0.4313006510632476,2026-05-12 16:31:24.484124,2026-05-12 16:31:29.396565,0 days 00:00:04.912441,0.45,0.9,2,0.05,0.01,0.45,0.08,6,0.5,20,0.8,,,,,,PRUNED
2775,-0.5179924623587872,2026-05-12 16:31:29.421363,2026-05-12 16:31:29.984992,0 days 00:00:00.563629,0.45,0.7,2,0.05,0.02,0.6,0.08,6,0.5,20,0.8,-0.39108387647623727,-0.030830266507629607,0.2538171717650998,0.36025360996860767,,COMPLETE
2776,-0.45936196245641814,2026-05-12 16:31:30.012418,2026-05-12 16:31:35.749328,0 days 00:00:05.736910,0.45,0.9,2,0.05,0.01,0.3,0.16,5,0.5,5,0.5,,,,,,PRUNED
2777,-0.6405350023353036,2026-05-12 16:31:35.774171,2026-05-12 16:31:37.922008,0 days 00:00:02.147837,0.25,0.9,3,0.03,0.01,0.45,0.16,3,0.5,20,0.8,,,,,,PRUNED
2778,-0.43644494572696835,2026-05-12 16:31:37.946600,2026-05-12 16:31:38.289387,0 days 00:00:00.342787,0.45,0.7,2,0.05,0.02,0.6,0.16,6,0.5,5,0.8,,,,,,PRUNED
2779,-0.5179924623587872,2026-05-12 16:31:38.317064,2026-05-12 16:31:38.856032,0 days 00:00:00.538968,0.45,0.7,2,0.05,0.02,0.6,0.08,6,0.5,20,0.8,-0.39108387647623727,-0.030830266507629607,0.2538171717650998,0.36025360996860767,,COMPLETE
2780,-0.43333909441165963,2026-05-12 16:31:38.881186,2026-05-12 16:31:39.240769,0 days 00:00:00.359583,0.35,0.7,2,0.05,0.02,0.6,0.08,6,0.5,20,0.8,,,,,,PRUNED
2781,-0.47054131795545134,2026-05-12 16:31:39.268050,2026-05-12 16:31:45.057507,0 days 00:00:05.789457,0.45,0.8,3,0.05,0.02,0.45,0.16,6,0.6,5,0.8,,,,,,PRUNED
2782,-0.5146652924810882,2026-05-12 16:31:45.081401,2026-05-12 16:31:50.386552,0 days 00:00:05.305151,0.25,0.8,3,0.05,0.02,0.45,0.12,6,0.7,10,0.8,,,,,,PRUNED
2783,-0.49788989034167985,2026-05-12 16:31:50.416373,2026-05-12 16:31:55.819160,0 days 00:00:05.402787,0.45,0.8,4,0.03,0.01,0.45,0.12,6,0.7,10,0.5,,,,,,PRUNED
2784,-0.5179924623587872,2026-05-12 16:31:55.846341,2026-05-12 16:31:56.437213,0 days 00:00:00.590872,0.45,0.7,2,0.05,0.02,0.6,0.08,6,0.5,20,0.8,-0.39108387647623727,-0.030830266507629607,0.2538171717650998,0.36025360996860767,,COMPLETE
2785,-0.5179924623587872,2026-05-12 16:31:56.459874,2026-05-12 16:31:56.889495,0 days 00:00:00.429621,0.45,0.7,2,0.05,0.02,0.6,0.08,6,0.5,20,0.8,-0.39108387647623727,-0.030830266507629607,0.2538171717650998,0.36025360996860767,,COMPLETE
2786,-0.5127739781863749,2026-05-12 16:31:56.910336,2026-05-12 16:32:01.819280,0 days 00:00:04.908944,0.35,0.7,4,0.05,0.02,0.6,0.12,4,0.6,5,0.5,,,,,,PRUNED
2787,-0.4271696217311971,2026-05-12 16:32:01.846648,2026-05-12 16:32:07.336513,0 days 00:00:05.489865,0.45,0.7,4,0.05,0.02,0.6,0.08,5,0.5,20,0.65,,,,,,PRUNED
2788,-0.5179924623587872,2026-05-12 16:32:07.361326,2026-05-12 16:32:07.890852,0 days 00:00:00.529526,0.45,0.7,2,0.05,0.02,0.6,0.08,6,0.5,20,0.8,-0.39108387647623727,-0.030830266507629607,0.2538171717650998,0.36025360996860767,,COMPLETE
2789,-0.487116779364579,2026-05-12 16:32:07.916196,2026-05-12 16:32:08.243282,0 days 00:00:00.327086,0.25,0.8,2,0.05,0.02,0.6,0.08,6,0.5,20,0.8,,,,,,PRUNED
2790,-9999.0,2026-05-12 16:32:08.287732,2026-05-12 16:32:07.161308,-1 days +23:59:58.873576,0.45,0.7,2,0.05,0.02,0.6,0.08,4,0.7,20,0.8,,,,,BEAR_RATIO < NEUTRAL_RATIO < BULL_RATIO 约束违反: 0.45 / 0.7 / 0.7,COMPLETE
2791,-0.48397165528127967,2026-05-12 16:32:07.186589,2026-05-12 16:32:12.026103,0 days 00:00:04.839514,0.25,0.7,2,0.05,0.01,0.6,0.08,6,0.6,20,0.8,,,,,,PRUNED
2792,-9999.0,2026-05-12 16:32:12.051072,2026-05-12 16:32:12.335699,0 days 00:00:00.284627,0.45,0.7,2,0.05,0.02,0.6,0.08,6,0.7,20,0.8,,,,,BEAR_RATIO < NEUTRAL_RATIO < BULL_RATIO 约束违反: 0.45 / 0.7 / 0.7,COMPLETE
2793,-0.4355605083742402,2026-05-12 16:32:12.361699,2026-05-12 16:32:17.550579,0 days 00:00:05.188880,0.45,0.7,2,0.05,0.02,0.3,0.16,6,0.5,10,0.8,,,,,,PRUNED
2794,-0.43223096142417294,2026-05-12 16:32:17.575982,2026-05-12 16:32:17.912696,0 days 00:00:00.336714,0.45,0.9,2,0.05,0.02,0.6,0.08,6,0.5,20,0.8,,,,,,PRUNED
2795,-0.5179924623587872,2026-05-12 16:32:17.937840,2026-05-12 16:32:18.484936,0 days 00:00:00.547096,0.45,0.7,2,0.05,0.02,0.6,0.08,6,0.5,20,0.8,-0.39108387647623727,-0.030830266507629607,0.2538171717650998,0.36025360996860767,,COMPLETE
2796,-0.4511324719813435,2026-05-12 16:32:18.510140,2026-05-12 16:32:22.944654,0 days 00:00:04.434514,0.45,0.9,2,0.05,0.01,0.3,0.16,3,0.5,5,0.8,,,,,,PRUNED
2797,-0.4878625418902142,2026-05-12 16:32:22.970318,2026-05-12 16:32:28.148003,0 days 00:00:05.177685,0.35,0.9,3,0.05,0.02,0.3,0.16,6,0.5,20,0.8,,,,,,PRUNED
2798,-0.4775039028511857,2026-05-12 16:32:28.185955,2026-05-12 16:32:33.117906,0 days 00:00:04.931951,0.45,0.7,2,0.03,0.02,0.6,0.16,6,0.5,20,0.65,,,,,,PRUNED
2799,-0.6207957275394005,2026-05-12 16:32:33.145484,2026-05-12 16:32:36.626727,0 days 00:00:03.481243,0.35,0.9,3,0.05,0.02,0.6,0.12,3,0.6,20,0.65,,,,,,PRUNED
2800,-0.41966843205749144,2026-05-12 16:32:36.653523,2026-05-12 16:32:40.183411,0 days 00:00:03.529888,0.45,0.8,2,0.05,0.02,0.45,0.08,6,0.5,20,0.5,,,,,,PRUNED
2801,-9999.0,2026-05-12 16:32:40.209334,2026-05-12 16:32:40.526707,0 days 00:00:00.317373,0.45,0.7,2,0.05,0.02,0.6,0.12,6,0.7,5,0.8,,,,,BEAR_RATIO < NEUTRAL_RATIO < BULL_RATIO 约束违反: 0.45 / 0.7 / 0.7,COMPLETE
2802,-0.4753972547380694,2026-05-12 16:32:40.555608,2026-05-12 16:32:44.689082,0 days 00:00:04.133474,0.25,0.7,3,0.05,0.02,0.6,0.12,4,0.6,20,0.8,,,,,,PRUNED
2803,-0.5792061418857395,2026-05-12 16:32:44.716837,2026-05-12 16:32:48.187837,0 days 00:00:03.471000,0.45,0.8,2,0.05,0.02,0.6,0.08,3,0.5,20,0.5,,,,,,PRUNED
2804,-0.5097942661602572,2026-05-12 16:32:48.212707,2026-05-12 16:32:53.686484,0 days 00:00:05.473777,0.25,0.7,4,0.05,0.02,0.6,0.08,5,0.6,5,0.8,,,,,,PRUNED
2805,-0.41425741193738236,2026-05-12 16:32:53.711358,2026-05-12 16:32:54.049693,0 days 00:00:00.338335,0.45,0.7,2,0.05,0.02,0.6,0.08,6,0.5,5,0.5,,,,,,PRUNED
2806,-0.4363377276630066,2026-05-12 16:32:54.076643,2026-05-12 16:33:00.282604,0 days 00:00:06.205961,0.45,0.8,2,0.05,0.02,0.6,0.08,6,0.6,10,0.8,,,,,,PRUNED
2807,-0.47078041076867455,2026-05-12 16:33:00.311695,2026-05-12 16:33:04.399464,0 days 00:00:04.087769,0.45,0.9,2,0.03,0.02,0.6,0.08,4,0.6,20,0.8,,,,,,PRUNED
2808,-0.4318124553734489,2026-05-12 16:33:04.423660,2026-05-12 16:33:04.766267,0 days 00:00:00.342607,0.45,0.7,2,0.03,0.02,0.6,0.08,6,0.5,20,0.8,,,,,,PRUNED
2809,-0.5355427340183807,2026-05-12 16:33:04.790382,2026-05-12 16:33:09.840060,0 days 00:00:05.049678,0.25,0.9,3,0.05,0.02,0.3,0.16,5,0.7,10,0.65,,,,,,PRUNED
2810,-9999.0,2026-05-12 16:33:09.865000,2026-05-12 16:33:10.167955,0 days 00:00:00.302955,0.45,0.7,3,0.05,0.01,0.3,0.16,3,0.7,5,0.65,,,,,BEAR_RATIO < NEUTRAL_RATIO < BULL_RATIO 约束违反: 0.45 / 0.7 / 0.7,COMPLETE
2811,-0.47384908936514136,2026-05-12 16:33:10.192204,2026-05-12 16:33:13.187417,0 days 00:00:02.995213,0.35,0.7,3,0.05,0.01,0.45,0.08,3,0.6,5,0.5,,,,,,PRUNED
2812,-9999.0,2026-05-12 16:33:13.210172,2026-05-12 16:33:13.490864,0 days 00:00:00.280692,0.35,0.7,4,0.03,0.01,0.3,0.16,3,0.7,5,0.8,,,,,BEAR_RATIO < NEUTRAL_RATIO < BULL_RATIO 约束违反: 0.35 / 0.7 / 0.7,COMPLETE
2813,-0.44427444163219293,2026-05-12 16:33:13.519758,2026-05-12 16:33:17.863572,0 days 00:00:04.343814,0.45,0.8,3,0.05,0.02,0.45,0.16,3,0.5,5,0.65,,,,,,PRUNED
2814,-0.5179924623587872,2026-05-12 16:33:17.889312,2026-05-12 16:33:18.413807,0 days 00:00:00.524495,0.45,0.7,2,0.05,0.02,0.6,0.08,6,0.5,20,0.8,-0.39108387647623727,-0.030830266507629607,0.2538171717650998,0.36025360996860767,,COMPLETE
2815,-0.44075531750802616,2026-05-12 16:33:18.459829,2026-05-12 16:33:24.479361,0 days 00:00:06.019532,0.45,0.9,2,0.05,0.02,0.45,0.08,6,0.5,5,0.8,,,,,,PRUNED
2816,-0.4608193283837485,2026-05-12 16:33:24.507416,2026-05-12 16:33:29.431666,0 days 00:00:04.924250,0.35,0.7,3,0.05,0.02,0.6,0.16,6,0.5,20,0.8,,,,,,PRUNED
2817,-0.4677255115031143,2026-05-12 16:33:29.458541,2026-05-12 16:33:33.577272,0 days 00:00:04.118731,0.35,0.7,4,0.03,0.02,0.45,0.08,4,0.6,20,0.65,,,,,,PRUNED
2818,-0.5070313286943765,2026-05-12 16:33:33.602118,2026-05-12 16:33:38.698641,0 days 00:00:05.096523,0.45,0.9,3,0.03,0.01,0.6,0.08,4,0.5,5,0.5,,,,,,PRUNED
2819,-9999.0,2026-05-12 16:33:38.725854,2026-05-12 16:33:39.044806,0 days 00:00:00.318952,0.35,0.7,2,0.03,0.02,0.45,0.16,5,0.7,5,0.65,,,,,BEAR_RATIO < NEUTRAL_RATIO < BULL_RATIO 约束违反: 0.35 / 0.7 / 0.7,COMPLETE
2820,-0.4213231947291116,2026-05-12 16:33:39.069683,2026-05-12 16:33:39.416231,0 days 00:00:00.346548,0.45,0.7,2,0.05,0.02,0.6,0.08,4,0.5,20,0.5,,,,,,PRUNED
2821,-0.4252607615183077,2026-05-12 16:33:39.444776,2026-05-12 16:33:43.063380,0 days 00:00:03.618604,0.45,0.8,2,0.05,0.01,0.3,0.08,5,0.5,10,0.5,,,,,,PRUNED
2822,-0.5182406672588966,2026-05-12 16:33:43.087110,2026-05-12 16:33:43.609266,0 days 00:00:00.522156,0.45,0.7,2,0.05,0.02,0.45,0.08,6,0.5,20,0.8,-0.3910743597599139,-0.030648087966744914,0.25433261499796533,0.360426271793169,,COMPLETE
2823,-0.4257392076995694,2026-05-12 16:33:43.632045,2026-05-12 16:33:47.648678,0 days 00:00:04.016633,0.45,0.7,4,0.05,0.02,0.6,0.08,4,0.5,20,0.65,,,,,,PRUNED
2824,-0.46818271514613763,2026-05-12 16:33:47.673354,2026-05-12 16:33:52.062213,0 days 00:00:04.388859,0.35,0.8,4,0.05,0.02,0.45,0.08,3,0.5,5,0.65,,,,,,PRUNED
2825,-0.4397879495953112,2026-05-12 16:33:52.092267,2026-05-12 16:33:56.631344,0 days 00:00:04.539077,0.45,0.8,3,0.05,0.02,0.6,0.08,4,0.5,10,0.8,,,,,,PRUNED
2826,-0.42056632138184724,2026-05-12 16:33:56.657081,2026-05-12 16:33:57.019876,0 days 00:00:00.362795,0.45,0.8,2,0.05,0.02,0.6,0.08,6,0.5,20,0.8,,,,,,PRUNED
2827,-0.4296411080598753,2026-05-12 16:33:57.048068,2026-05-12 16:33:57.410457,0 days 00:00:00.362389,0.45,0.7,2,0.05,0.02,0.6,0.16,6,0.5,20,0.5,,,,,,PRUNED
2828,-0.4227083328226171,2026-05-12 16:33:57.439765,2026-05-12 16:33:57.808878,0 days 00:00:00.369113,0.45,0.8,2,0.05,0.02,0.6,0.08,6,0.5,10,0.8,,,,,,PRUNED
2829,-0.6486480971697844,2026-05-12 16:33:57.834696,2026-05-12 16:34:02.107294,0 days 00:00:04.272598,0.35,0.8,4,0.03,0.01,0.45,0.12,3,0.7,20,0.8,,,,,,PRUNED
2830,-0.4786334302024694,2026-05-12 16:34:02.128316,2026-05-12 16:34:06.379956,0 days 00:00:04.251640,0.45,0.9,2,0.03,0.01,0.6,0.16,3,0.5,5,0.65,,,,,,PRUNED
2831,-0.620456689792344,2026-05-12 16:34:06.405282,2026-05-12 16:34:09.869193,0 days 00:00:03.463911,0.25,0.9,2,0.05,0.02,0.3,0.16,3,0.5,20,0.65,,,,,,PRUNED
2832,-0.4248849607391425,2026-05-12 16:34:09.894779,2026-05-12 16:34:10.259242,0 days 00:00:00.364463,0.45,0.7,2,0.05,0.02,0.3,0.08,5,0.5,20,0.8,,,,,,PRUNED
2833,-0.5211662051573642,2026-05-12 16:34:10.284364,2026-05-12 16:34:14.581179,0 days 00:00:04.296815,0.35,0.8,4,0.05,0.02,0.6,0.16,5,0.7,5,0.5,,,,,,PRUNED
