number,value,datetime_start,datetime_complete,duration,params_BEAR_RATIO,params_BULL_RATIO,params_GRID_MAX_LAYER,params_GRID_STEP_MAX,params_GRID_STEP_MIN,params_GRID_STEP_VOL_FACTOR,params_LAYER_FRACTION,params_MAX_HOLD,params_NEUTRAL_RATIO,params_REBALANCE_FREQ,params_VOL_WEIGHT,user_attrs_avg_test_score,user_attrs_avg_train_score,user_attrs_test_score_std,user_attrs_train_test_gap,user_attrs_validation_error,state
2336,-0.5722378789383502,2026-05-12 16:09:50.693117,2026-05-12 16:09:50.972215,0 days 00:00:00.279098,0.45,0.7,2,0.05,0.02,0.3,0.08,3,0.5,20,0.8,,,,,,PRUNED
2337,-0.4322626817353953,2026-05-12 16:09:50.993077,2026-05-12 16:09:55.583507,0 days 00:00:04.590430,0.45,0.7,2,0.05,0.01,0.6,0.08,6,0.6,5,0.8,,,,,,PRUNED
2338,-0.45032328062528826,2026-05-12 16:09:55.609682,2026-05-12 16:10:01.322067,0 days 00:00:05.712385,0.45,0.9,4,0.05,0.02,0.6,0.08,6,0.6,20,0.8,,,,,,PRUNED
2339,-0.47161115994689295,2026-05-12 16:10:01.347847,2026-05-12 16:10:06.573067,0 days 00:00:05.225220,0.25,0.7,2,0.05,0.01,0.6,0.08,5,0.5,10,0.65,,,,,,PRUNED
2340,-0.4533984228075829,2026-05-12 16:10:06.600877,2026-05-12 16:10:11.463653,0 days 00:00:04.862776,0.35,0.7,2,0.05,0.02,0.3,0.08,6,0.6,20,0.8,,,,,,PRUNED
2341,-0.4194511448045569,2026-05-12 16:10:11.486139,2026-05-12 16:10:11.824549,0 days 00:00:00.338410,0.45,0.7,2,0.05,0.02,0.6,0.12,6,0.5,20,0.8,,,,,,PRUNED
2342,-0.5179924623587872,2026-05-12 16:10:11.849530,2026-05-12 16:10:12.341823,0 days 00:00:00.492293,0.45,0.7,2,0.05,0.02,0.6,0.08,6,0.5,20,0.8,-0.39108387647623727,-0.030830266507629607,0.2538171717650998,0.36025360996860767,,COMPLETE
2343,-0.4422608300423194,2026-05-12 16:10:12.364843,2026-05-12 16:10:17.800117,0 days 00:00:05.435274,0.45,0.8,4,0.05,0.02,0.6,0.12,5,0.5,5,0.8,,,,,,PRUNED
2344,-0.43573028946402204,2026-05-12 16:10:17.823250,2026-05-12 16:10:22.733727,0 days 00:00:04.910477,0.45,0.7,2,0.05,0.01,0.6,0.12,6,0.6,20,0.65,,,,,,PRUNED
2345,-0.5179924623587872,2026-05-12 16:10:22.757998,2026-05-12 16:10:23.293885,0 days 00:00:00.535887,0.45,0.7,2,0.05,0.02,0.6,0.08,6,0.5,20,0.5,-0.39108387647623727,-0.030830266507629607,0.2538171717650998,0.36025360996860767,,COMPLETE
2346,-0.5179924623587872,2026-05-12 16:10:23.319360,2026-05-12 16:10:23.848192,0 days 00:00:00.528832,0.45,0.7,2,0.05,0.02,0.6,0.08,6,0.5,20,0.65,-0.39108387647623727,-0.030830266507629607,0.2538171717650998,0.36025360996860767,,COMPLETE
2347,-9999.0,2026-05-12 16:10:23.871292,2026-05-12 16:10:24.136101,0 days 00:00:00.264809,0.45,0.7,2,0.05,0.02,0.6,0.08,4,0.7,10,0.8,,,,,BEAR_RATIO < NEUTRAL_RATIO < BULL_RATIO 约束违反: 0.45 / 0.7 / 0.7,COMPLETE
2348,-0.5073253515702467,2026-05-12 16:10:24.159732,2026-05-12 16:10:27.383192,0 days 00:00:03.223460,0.25,0.9,4,0.05,0.02,0.6,0.12,4,0.7,10,0.65,,,,,,PRUNED
2349,-0.6017722470534903,2026-05-12 16:10:27.407843,2026-05-12 16:10:30.851135,0 days 00:00:03.443292,0.45,0.7,2,0.03,0.01,0.45,0.08,3,0.6,20,0.65,,,,,,PRUNED
2350,-0.4469510205952677,2026-05-12 16:10:30.877138,2026-05-12 16:10:31.190783,0 days 00:00:00.313645,0.45,0.9,2,0.05,0.02,0.6,0.08,5,0.5,20,0.8,,,,,,PRUNED
2351,-0.4454740791268369,2026-05-12 16:10:31.216063,2026-05-12 16:10:36.475061,0 days 00:00:05.258998,0.45,0.9,3,0.05,0.01,0.45,0.12,6,0.5,10,0.8,,,,,,PRUNED
2352,-0.5260937424635388,2026-05-12 16:10:36.506754,2026-05-12 16:10:41.235630,0 days 00:00:04.728876,0.45,0.8,3,0.03,0.02,0.3,0.16,5,0.7,20,0.5,,,,,,PRUNED
2353,-0.410125315542252,2026-05-12 16:10:41.263071,2026-05-12 16:10:41.608359,0 days 00:00:00.345288,0.45,0.7,4,0.05,0.02,0.6,0.08,6,0.5,20,0.8,,,,,,PRUNED
2354,-0.5783206808817222,2026-05-12 16:10:41.633615,2026-05-12 16:10:46.712978,0 days 00:00:05.079363,0.25,0.9,3,0.03,0.01,0.3,0.08,4,0.7,5,0.65,,,,,,PRUNED
2355,-0.43644494572696835,2026-05-12 16:10:46.737269,2026-05-12 16:10:52.730349,0 days 00:00:05.993080,0.45,0.7,2,0.05,0.02,0.6,0.16,6,0.5,5,0.65,,,,,,PRUNED
2356,-0.5126743674107729,2026-05-12 16:10:52.755815,2026-05-12 16:10:56.943442,0 days 00:00:04.187627,0.45,0.8,4,0.03,0.01,0.3,0.16,5,0.6,20,0.65,,,,,,PRUNED
2357,-0.4115748956289856,2026-05-12 16:10:56.968223,2026-05-12 16:10:57.302745,0 days 00:00:00.334522,0.45,0.7,4,0.05,0.02,0.6,0.08,6,0.5,10,0.8,,,,,,PRUNED
2358,-0.4626686862172277,2026-05-12 16:10:57.346361,2026-05-12 16:11:02.259069,0 days 00:00:04.912708,0.35,0.7,2,0.05,0.02,0.6,0.12,6,0.6,20,0.8,,,,,,PRUNED
2359,-0.5179924623587872,2026-05-12 16:11:02.303963,2026-05-12 16:11:02.800040,0 days 00:00:00.496077,0.45,0.7,2,0.05,0.02,0.6,0.08,6,0.5,20,0.8,-0.39108387647623727,-0.030830266507629607,0.2538171717650998,0.36025360996860767,,COMPLETE
2360,-0.4495886414713337,2026-05-12 16:11:02.824550,2026-05-12 16:11:08.130215,0 days 00:00:05.305665,0.45,0.8,2,0.05,0.02,0.6,0.08,6,0.7,10,0.8,,,,,,PRUNED
2361,-0.5762161245659969,2026-05-12 16:11:08.155923,2026-05-12 16:11:13.527259,0 days 00:00:05.371336,0.25,0.9,2,0.03,0.02,0.3,0.16,6,0.6,10,0.5,,,,,,PRUNED
2362,-0.5771224630918086,2026-05-12 16:11:13.552051,2026-05-12 16:11:19.114590,0 days 00:00:05.562539,0.25,0.9,3,0.03,0.02,0.3,0.12,5,0.7,5,0.65,,,,,,PRUNED
2363,-9999.0,2026-05-12 16:11:19.138921,2026-05-12 16:11:19.427238,0 days 00:00:00.288317,0.25,0.7,4,0.03,0.02,0.3,0.12,4,0.7,10,0.65,,,,,BEAR_RATIO < NEUTRAL_RATIO < BULL_RATIO 约束违反: 0.25 / 0.7 / 0.7,COMPLETE
2364,-0.5164455110737345,2026-05-12 16:11:19.450738,2026-05-12 16:11:24.400525,0 days 00:00:04.949787,0.45,0.9,4,0.05,0.02,0.6,0.12,4,0.6,5,0.5,,,,,,PRUNED
2365,-0.452576129127807,2026-05-12 16:11:24.447047,2026-05-12 16:11:28.074687,0 days 00:00:03.627640,0.45,0.8,3,0.05,0.02,0.6,0.08,6,0.7,20,0.8,,,,,,PRUNED
2366,-0.5179924623587872,2026-05-12 16:11:28.097933,2026-05-12 16:11:28.600861,0 days 00:00:00.502928,0.45,0.7,2,0.05,0.02,0.6,0.08,6,0.5,20,0.8,-0.39108387647623727,-0.030830266507629607,0.2538171717650998,0.36025360996860767,,COMPLETE
2367,-0.4235393629303933,2026-05-12 16:11:28.628769,2026-05-12 16:11:33.537562,0 days 00:00:04.908793,0.45,0.7,4,0.05,0.01,0.6,0.12,6,0.5,20,0.8,,,,,,PRUNED
2368,-0.4460413013310782,2026-05-12 16:11:33.561649,2026-05-12 16:11:33.897209,0 days 00:00:00.335560,0.35,0.8,2,0.05,0.02,0.6,0.08,6,0.5,20,0.8,,,,,,PRUNED
2369,-0.5179924623587872,2026-05-12 16:11:33.922373,2026-05-12 16:11:34.482211,0 days 00:00:00.559838,0.45,0.7,2,0.05,0.02,0.6,0.08,6,0.5,20,0.8,-0.39108387647623727,-0.030830266507629607,0.2538171717650998,0.36025360996860767,,COMPLETE
2370,-0.48596630088861464,2026-05-12 16:11:34.506217,2026-05-12 16:11:39.087673,0 days 00:00:04.581456,0.25,0.7,4,0.05,0.02,0.6,0.08,5,0.5,20,0.8,,,,,,PRUNED
2371,-0.4460006888724469,2026-05-12 16:11:39.114290,2026-05-12 16:11:44.351176,0 days 00:00:05.236886,0.45,0.8,3,0.05,0.01,0.6,0.16,6,0.5,10,0.65,,,,,,PRUNED
2372,-0.4522747258771822,2026-05-12 16:11:44.376351,2026-05-12 16:11:49.288259,0 days 00:00:04.911908,0.35,0.8,2,0.05,0.02,0.45,0.12,4,0.5,20,0.65,,,,,,PRUNED
2373,-0.4092788272711371,2026-05-12 16:11:49.313875,2026-05-12 16:11:49.654747,0 days 00:00:00.340872,0.45,0.7,3,0.05,0.02,0.6,0.08,6,0.5,20,0.8,,,,,,PRUNED
2374,-9999.0,2026-05-12 16:11:49.681297,2026-05-12 16:11:49.994039,0 days 00:00:00.312742,0.45,0.7,2,0.05,0.02,0.6,0.16,6,0.7,20,0.8,,,,,BEAR_RATIO < NEUTRAL_RATIO < BULL_RATIO 约束违反: 0.45 / 0.7 / 0.7,COMPLETE
2375,-9999.0,2026-05-12 16:11:50.019963,2026-05-12 16:11:50.288858,0 days 00:00:00.268895,0.25,0.7,2,0.05,0.02,0.6,0.08,6,0.7,5,0.8,,,,,BEAR_RATIO < NEUTRAL_RATIO < BULL_RATIO 约束违反: 0.25 / 0.7 / 0.7,COMPLETE
2376,-9999.0,2026-05-12 16:11:50.312560,2026-05-12 16:11:50.601224,0 days 00:00:00.288664,0.35,0.7,2,0.05,0.02,0.6,0.08,6,0.7,20,0.65,,,,,BEAR_RATIO < NEUTRAL_RATIO < BULL_RATIO 约束违反: 0.35 / 0.7 / 0.7,COMPLETE
2377,-0.450280016182787,2026-05-12 16:11:50.628424,2026-05-12 16:11:50.947482,0 days 00:00:00.319058,0.35,0.7,2,0.05,0.02,0.6,0.08,6,0.6,20,0.8,,,,,,PRUNED
2378,-0.5752966488660767,2026-05-12 16:11:50.974633,2026-05-12 16:11:54.763437,0 days 00:00:03.788804,0.45,0.9,4,0.03,0.02,0.3,0.08,3,0.7,10,0.65,,,,,,PRUNED
2379,-0.5179924623587872,2026-05-12 16:11:54.788787,2026-05-12 16:11:55.411957,0 days 00:00:00.623170,0.45,0.7,2,0.05,0.01,0.6,0.08,6,0.5,20,0.8,-0.39108387647623727,-0.030830266507629607,0.2538171717650998,0.36025360996860767,,COMPLETE
2380,-0.5848194637170281,2026-05-12 16:11:55.438272,2026-05-12 16:11:59.203987,0 days 00:00:03.765715,0.25,0.9,2,0.03,0.02,0.6,0.12,4,0.6,5,0.8,,,,,,PRUNED
2381,-0.4955384446726831,2026-05-12 16:11:59.233345,2026-05-12 16:12:03.938341,0 days 00:00:04.704996,0.45,0.8,2,0.03,0.02,0.45,0.16,5,0.5,20,0.8,,,,,,PRUNED
2382,-9999.0,2026-05-12 16:12:03.963991,2026-05-12 16:12:04.266768,0 days 00:00:00.302777,0.35,0.7,2,0.05,0.02,0.6,0.08,6,0.7,20,0.8,,,,,BEAR_RATIO < NEUTRAL_RATIO < BULL_RATIO 约束违反: 0.35 / 0.7 / 0.7,COMPLETE
2383,-0.43477835000817266,2026-05-12 16:12:04.293477,2026-05-12 16:12:04.624149,0 days 00:00:00.330672,0.45,0.7,4,0.05,0.02,0.6,0.16,6,0.5,20,0.8,,,,,,PRUNED
2384,-0.5482733538497307,2026-05-12 16:12:04.650273,2026-05-12 16:12:09.624635,0 days 00:00:04.974362,0.25,0.8,2,0.03,0.02,0.45,0.12,6,0.7,20,0.8,,,,,,PRUNED
2385,-9999.0,2026-05-12 16:12:09.651706,2026-05-12 16:12:09.963811,0 days 00:00:00.312105,0.35,0.7,3,0.03,0.02,0.45,0.12,6,0.7,10,0.8,,,,,BEAR_RATIO < NEUTRAL_RATIO < BULL_RATIO 约束违反: 0.35 / 0.7 / 0.7,COMPLETE
2386,-0.5179924623587872,2026-05-12 16:12:09.988979,2026-05-12 16:12:10.506494,0 days 00:00:00.517515,0.45,0.7,2,0.05,0.02,0.6,0.08,6,0.5,20,0.8,-0.39108387647623727,-0.030830266507629607,0.2538171717650998,0.36025360996860767,,COMPLETE
2387,-0.4759343746050116,2026-05-12 16:12:10.531566,2026-05-12 16:12:14.903245,0 days 00:00:04.371679,0.25,0.7,4,0.05,0.01,0.45,0.08,4,0.6,10,0.5,,,,,,PRUNED
2388,-0.5179924623587872,2026-05-12 16:12:14.926849,2026-05-12 16:12:15.423656,0 days 00:00:00.496807,0.45,0.7,2,0.05,0.02,0.6,0.08,6,0.5,20,0.8,-0.39108387647623727,-0.030830266507629607,0.2538171717650998,0.36025360996860767,,COMPLETE
2389,-0.5052363519393227,2026-05-12 16:12:15.447417,2026-05-12 16:12:20.477752,0 days 00:00:05.030335,0.45,0.9,2,0.03,0.01,0.6,0.12,5,0.7,10,0.8,,,,,,PRUNED
2390,-0.4307846357575294,2026-05-12 16:12:20.502995,2026-05-12 16:12:26.339477,0 days 00:00:05.836482,0.45,0.8,2,0.05,0.02,0.3,0.08,6,0.5,5,0.8,,,,,,PRUNED
2391,-0.5179924623587872,2026-05-12 16:12:26.367806,2026-05-12 16:12:26.899823,0 days 00:00:00.532017,0.45,0.7,2,0.05,0.02,0.6,0.08,6,0.5,20,0.8,-0.39108387647623727,-0.030830266507629607,0.2538171717650998,0.36025360996860767,,COMPLETE
2392,-0.4917305378717922,2026-05-12 16:12:26.922426,2026-05-12 16:12:31.307149,0 days 00:00:04.384723,0.25,0.8,4,0.03,0.01,0.45,0.08,4,0.5,10,0.8,,,,,,PRUNED
2393,-0.42357363260304626,2026-05-12 16:12:31.330869,2026-05-12 16:12:31.705312,0 days 00:00:00.374443,0.45,0.7,2,0.05,0.02,0.6,0.08,6,0.6,20,0.8,,,,,,PRUNED
2394,-0.5103648496723148,2026-05-12 16:12:31.730258,2026-05-12 16:12:36.687366,0 days 00:00:04.957108,0.45,0.8,3,0.05,0.01,0.3,0.08,4,0.7,5,0.8,,,,,,PRUNED
2395,-9999.0,2026-05-12 16:12:36.711759,2026-05-12 16:12:36.991588,0 days 00:00:00.279829,0.25,0.7,3,0.03,0.01,0.3,0.08,6,0.7,5,0.8,,,,,BEAR_RATIO < NEUTRAL_RATIO < BULL_RATIO 约束违反: 0.25 / 0.7 / 0.7,COMPLETE
2396,-0.44222659773842976,2026-05-12 16:12:37.016589,2026-05-12 16:12:41.974462,0 days 00:00:04.957873,0.45,0.8,2,0.05,0.02,0.6,0.16,6,0.5,20,0.65,,,,,,PRUNED
2397,-0.5179924623587872,2026-05-12 16:12:42.000335,2026-05-12 16:12:42.565539,0 days 00:00:00.565204,0.45,0.7,2,0.05,0.02,0.6,0.08,6,0.5,20,0.8,-0.39108387647623727,-0.030830266507629607,0.2538171717650998,0.36025360996860767,,COMPLETE
2398,-0.4319439890559278,2026-05-12 16:12:42.592528,2026-05-12 16:12:42.912806,0 days 00:00:00.320278,0.45,0.8,2,0.05,0.02,0.6,0.12,6,0.5,20,0.8,,,,,,PRUNED
2399,-0.4738221018429511,2026-05-12 16:12:42.937194,2026-05-12 16:12:43.262810,0 days 00:00:00.325616,0.25,0.7,2,0.05,0.02,0.45,0.08,6,0.5,20,0.8,,,,,,PRUNED
2400,-0.5792061418857395,2026-05-12 16:12:43.288306,2026-05-12 16:12:43.610733,0 days 00:00:00.322427,0.45,0.8,2,0.05,0.02,0.6,0.08,3,0.5,20,0.8,,,,,,PRUNED
2401,-0.4867405578401506,2026-05-12 16:12:43.635795,2026-05-12 16:12:47.641146,0 days 00:00:04.005351,0.35,0.9,4,0.05,0.02,0.45,0.12,4,0.7,20,0.8,,,,,,PRUNED
2402,-0.4872174721327184,2026-05-12 16:12:47.665070,2026-05-12 16:12:52.546754,0 days 00:00:04.881684,0.35,0.9,3,0.05,0.02,0.3,0.12,4,0.7,20,0.8,,,,,,PRUNED
2403,-0.47963113652875233,2026-05-12 16:12:52.572131,2026-05-12 16:12:58.112134,0 days 00:00:05.540003,0.45,0.9,2,0.05,0.01,0.45,0.08,5,0.7,5,0.65,,,,,,PRUNED
2404,-0.5094992928425816,2026-05-12 16:12:58.139709,2026-05-12 16:13:02.713864,0 days 00:00:04.574155,0.25,0.8,2,0.03,0.02,0.6,0.08,6,0.5,20,0.8,,,,,,PRUNED
2405,-0.42357363260304626,2026-05-12 16:13:02.734833,2026-05-12 16:13:03.103040,0 days 00:00:00.368207,0.45,0.7,2,0.05,0.02,0.6,0.08,6,0.6,20,0.65,,,,,,PRUNED
2406,-0.478642862681339,2026-05-12 16:13:03.127274,2026-05-12 16:13:07.082312,0 days 00:00:03.955038,0.35,0.9,2,0.03,0.01,0.3,0.08,4,0.5,10,0.65,,,,,,PRUNED
2407,-9999.0,2026-05-12 16:13:07.104396,2026-05-12 16:13:07.346213,0 days 00:00:00.241817,0.45,0.7,2,0.05,0.01,0.6,0.08,6,0.7,10,0.8,,,,,BEAR_RATIO < NEUTRAL_RATIO < BULL_RATIO 约束违反: 0.45 / 0.7 / 0.7,COMPLETE
2408,-9999.0,2026-05-12 16:13:07.383465,2026-05-12 16:13:07.622964,0 days 00:00:00.239499,0.45,0.7,2,0.05,0.02,0.45,0.08,5,0.7,20,0.8,,,,,BEAR_RATIO < NEUTRAL_RATIO < BULL_RATIO 约束违反: 0.45 / 0.7 / 0.7,COMPLETE
2409,-0.5179924623587872,2026-05-12 16:13:07.644904,2026-05-12 16:13:08.096278,0 days 00:00:00.451374,0.45,0.7,2,0.05,0.02,0.6,0.08,6,0.5,20,0.8,-0.39108387647623727,-0.030830266507629607,0.2538171717650998,0.36025360996860767,,COMPLETE
2410,-0.48927283811330735,2026-05-12 16:13:08.120022,2026-05-12 16:13:12.562277,0 days 00:00:04.442255,0.35,0.7,3,0.03,0.01,0.6,0.16,5,0.5,10,0.65,,,,,,PRUNED
2411,-0.4213231947291116,2026-05-12 16:13:12.589292,2026-05-12 16:13:12.954329,0 days 00:00:00.365037,0.45,0.7,2,0.05,0.02,0.6,0.08,4,0.5,20,0.8,,,,,,PRUNED
2412,-0.45698620478183993,2026-05-12 16:13:12.992084,2026-05-12 16:13:16.884507,0 days 00:00:03.892423,0.45,0.8,2,0.05,0.02,0.45,0.16,6,0.6,10,0.65,,,,,,PRUNED
2413,-9999.0,2026-05-12 16:13:16.910117,2026-05-12 16:13:17.202198,0 days 00:00:00.292081,0.45,0.7,2,0.05,0.02,0.6,0.08,5,0.7,20,0.5,,,,,BEAR_RATIO < NEUTRAL_RATIO < BULL_RATIO 约束违反: 0.45 / 0.7 / 0.7,COMPLETE
2414,-0.5179924623587872,2026-05-12 16:13:17.226809,2026-05-12 16:13:17.730187,0 days 00:00:00.503378,0.45,0.7,2,0.05,0.02,0.6,0.08,6,0.5,20,0.8,-0.39108387647623727,-0.030830266507629607,0.2538171717650998,0.36025360996860767,,COMPLETE
2415,-0.4957426166020113,2026-05-12 16:13:17.754920,2026-05-12 16:13:22.785066,0 days 00:00:05.030146,0.35,0.7,2,0.03,0.02,0.6,0.12,6,0.6,10,0.8,,,,,,PRUNED
2416,-0.4825279161644918,2026-05-12 16:13:22.809310,2026-05-12 16:13:28.105260,0 days 00:00:05.295950,0.35,0.7,4,0.03,0.02,0.6,0.12,6,0.5,20,0.5,,,,,,PRUNED
2417,-0.4238698659937791,2026-05-12 16:13:28.131917,2026-05-12 16:13:33.016466,0 days 00:00:04.884549,0.45,0.7,2,0.05,0.02,0.45,0.08,5,0.5,20,0.65,,,,,,PRUNED
2418,-0.5179924623587872,2026-05-12 16:13:33.041157,2026-05-12 16:13:33.570731,0 days 00:00:00.529574,0.45,0.7,2,0.05,0.02,0.6,0.08,6,0.5,20,0.8,-0.39108387647623727,-0.030830266507629607,0.2538171717650998,0.36025360996860767,,COMPLETE
2419,-0.5819638576325634,2026-05-12 16:13:33.595523,2026-05-12 16:13:37.191761,0 days 00:00:03.596238,0.35,0.7,2,0.05,0.01,0.6,0.08,3,0.5,20,0.8,,,,,,PRUNED
2420,-0.5179924623587872,2026-05-12 16:13:37.217121,2026-05-12 16:13:37.767571,0 days 00:00:00.550450,0.45,0.7,2,0.05,0.02,0.6,0.08,6,0.5,20,0.8,-0.39108387647623727,-0.030830266507629607,0.2538171717650998,0.36025360996860767,,COMPLETE
2421,-0.5512843269387853,2026-05-12 16:13:37.792123,2026-05-12 16:13:42.789920,0 days 00:00:04.997797,0.25,0.8,2,0.05,0.01,0.6,0.08,4,0.7,5,0.5,,,,,,PRUNED
2422,-0.48631353112954073,2026-05-12 16:13:42.814681,2026-05-12 16:13:46.587202,0 days 00:00:03.772521,0.45,0.9,4,0.05,0.01,0.45,0.08,3,0.7,5,0.8,,,,,,PRUNED
2423,-0.5373704714269151,2026-05-12 16:13:46.611444,2026-05-12 16:13:50.234465,0 days 00:00:03.623021,0.45,0.9,4,0.05,0.02,0.6,0.12,3,0.5,10,0.65,,,,,,PRUNED
2424,-0.46935576270381696,2026-05-12 16:13:50.257103,2026-05-12 16:13:55.937989,0 days 00:00:05.680886,0.45,0.8,3,0.03,0.02,0.45,0.08,6,0.6,5,0.65,,,,,,PRUNED
2425,-0.4786166310920785,2026-05-12 16:13:55.963786,2026-05-12 16:14:01.233390,0 days 00:00:05.269604,0.35,0.9,3,0.03,0.02,0.6,0.08,5,0.5,10,0.5,,,,,,PRUNED
2426,-0.5179924623587872,2026-05-12 16:14:01.260615,2026-05-12 16:14:01.790081,0 days 00:00:00.529466,0.45,0.7,2,0.05,0.02,0.6,0.08,6,0.5,20,0.8,-0.39108387647623727,-0.030830266507629607,0.2538171717650998,0.36025360996860767,,COMPLETE
2427,-0.47441457244516044,2026-05-12 16:14:01.815215,2026-05-12 16:14:02.159467,0 days 00:00:00.344252,0.25,0.7,2,0.05,0.02,0.6,0.08,6,0.5,20,0.8,,,,,,PRUNED
2428,-0.42056632138184724,2026-05-12 16:14:02.184819,2026-05-12 16:14:02.526185,0 days 00:00:00.341366,0.45,0.8,2,0.05,0.02,0.6,0.08,6,0.5,20,0.65,,,,,,PRUNED
2429,-0.4781966147023707,2026-05-12 16:14:02.552112,2026-05-12 16:14:07.155459,0 days 00:00:04.603347,0.45,0.9,2,0.03,0.01,0.45,0.08,4,0.6,10,0.65,,,,,,PRUNED
2430,-9999.0,2026-05-12 16:14:07.183752,2026-05-12 16:14:07.516903,0 days 00:00:00.333151,0.25,0.7,2,0.05,0.02,0.6,0.08,5,0.7,20,0.8,,,,,BEAR_RATIO < NEUTRAL_RATIO < BULL_RATIO 约束违反: 0.25 / 0.7 / 0.7,COMPLETE
2431,-0.49544005459405965,2026-05-12 16:14:07.542076,2026-05-12 16:14:12.329177,0 days 00:00:04.787101,0.25,0.7,4,0.05,0.01,0.6,0.08,5,0.6,20,0.8,,,,,,PRUNED
2432,-0.5179924623587872,2026-05-12 16:14:12.353433,2026-05-12 16:14:13.073191,0 days 00:00:00.719758,0.45,0.7,2,0.05,0.02,0.6,0.08,6,0.5,20,0.8,-0.39108387647623727,-0.030830266507629607,0.2538171717650998,0.36025360996860767,,COMPLETE
2433,-0.5303402509683752,2026-05-12 16:14:13.098310,2026-05-12 16:14:18.492540,0 days 00:00:05.394230,0.25,0.8,2,0.05,0.02,0.6,0.08,5,0.7,5,0.8,,,,,,PRUNED
2434,-0.5183182534070206,2026-05-12 16:14:18.517776,2026-05-12 16:14:24.008506,0 days 00:00:05.490730,0.35,0.8,4,0.03,0.02,0.6,0.12,5,0.6,5,0.65,,,,,,PRUNED
2435,-0.5179924623587872,2026-05-12 16:14:24.034314,2026-05-12 16:14:24.557846,0 days 00:00:00.523532,0.45,0.7,2,0.05,0.02,0.6,0.08,6,0.5,20,0.8,-0.39108387647623727,-0.030830266507629607,0.2538171717650998,0.36025360996860767,,COMPLETE
2436,-0.6277136872343079,2026-05-12 16:14:24.582793,2026-05-12 16:14:27.982289,0 days 00:00:03.399496,0.25,0.7,3,0.03,0.01,0.3,0.16,3,0.5,20,0.65,,,,,,PRUNED
2437,-0.5273885973704844,2026-05-12 16:14:28.005051,2026-05-12 16:14:33.598802,0 days 00:00:05.593751,0.25,0.7,3,0.05,0.01,0.3,0.16,6,0.5,5,0.65,,,,,,PRUNED
2438,-0.5548387521181173,2026-05-12 16:14:33.622385,2026-05-12 16:14:37.145517,0 days 00:00:03.523132,0.25,0.7,4,0.03,0.01,0.6,0.08,3,0.5,10,0.65,,,,,,PRUNED
2439,-0.47986528891066105,2026-05-12 16:14:37.166753,2026-05-12 16:14:41.335292,0 days 00:00:04.168539,0.45,0.8,3,0.05,0.01,0.45,0.12,3,0.7,5,0.8,,,,,,PRUNED
2440,-0.4170964359595015,2026-05-12 16:14:41.358239,2026-05-12 16:14:47.696897,0 days 00:00:06.338658,0.45,0.7,4,0.05,0.02,0.6,0.08,6,0.5,5,0.5,,,,,,PRUNED
2441,-0.49131270057304377,2026-05-12 16:14:47.723665,2026-05-12 16:14:52.417762,0 days 00:00:04.694097,0.25,0.7,3,0.05,0.01,0.6,0.12,6,0.5,20,0.65,,,,,,PRUNED
2442,-0.4238698659937791,2026-05-12 16:14:52.441302,2026-05-12 16:14:52.788839,0 days 00:00:00.347537,0.45,0.7,2,0.05,0.02,0.45,0.08,5,0.5,20,0.8,,,,,,PRUNED
2443,-9999.0,2026-05-12 16:14:52.813953,2026-05-12 16:14:53.086766,0 days 00:00:00.272813,0.25,0.7,4,0.03,0.01,0.3,0.16,6,0.7,10,0.65,,,,,BEAR_RATIO < NEUTRAL_RATIO < BULL_RATIO 约束违反: 0.25 / 0.7 / 0.7,COMPLETE
2444,-0.5048611987248616,2026-05-12 16:14:53.127837,2026-05-12 16:14:57.573332,0 days 00:00:04.445495,0.35,0.8,2,0.05,0.01,0.6,0.12,6,0.7,5,0.8,,,,,,PRUNED
2445,-0.41658636101566004,2026-05-12 16:14:57.597503,2026-05-12 16:15:03.597415,0 days 00:00:05.999912,0.45,0.7,4,0.05,0.02,0.45,0.08,6,0.5,5,0.8,,,,,,PRUNED
2446,-0.4457780273401262,2026-05-12 16:15:03.625540,2026-05-12 16:15:07.878631,0 days 00:00:04.253091,0.35,0.7,3,0.05,0.02,0.45,0.12,4,0.5,20,0.8,,,,,,PRUNED
2447,-0.4092137988646166,2026-05-12 16:15:07.905171,2026-05-12 16:15:08.249123,0 days 00:00:00.343952,0.45,0.7,2,0.05,0.02,0.6,0.08,6,0.5,10,0.65,,,,,,PRUNED
2448,-0.48700489637112393,2026-05-12 16:15:08.275392,2026-05-12 16:15:14.438507,0 days 00:00:06.163115,0.45,0.9,4,0.03,0.02,0.45,0.12,6,0.5,5,0.65,,,,,,PRUNED
2449,-0.49794222433102014,2026-05-12 16:15:14.480941,2026-05-12 16:15:18.744779,0 days 00:00:04.263838,0.35,0.8,2,0.03,0.02,0.3,0.16,4,0.5,10,0.8,,,,,,PRUNED
2450,-0.42056632138184724,2026-05-12 16:15:18.769915,2026-05-12 16:15:19.111984,0 days 00:00:00.342069,0.45,0.8,2,0.05,0.02,0.6,0.08,6,0.5,20,0.5,,,,,,PRUNED
2451,-0.5331780272196345,2026-05-12 16:15:19.139748,2026-05-12 16:15:24.549947,0 days 00:00:05.410199,0.25,0.9,4,0.05,0.01,0.3,0.12,5,0.5,5,0.5,,,,,,PRUNED
2452,-0.42274706040872767,2026-05-12 16:15:24.576003,2026-05-12 16:15:23.672638,-1 days +23:59:59.096635,0.45,0.7,2,0.05,0.02,0.3,0.12,6,0.5,20,0.8,,,,,,PRUNED
2453,-0.5685449795879122,2026-05-12 16:15:23.697811,2026-05-12 16:15:28.543916,0 days 00:00:04.846105,0.25,0.9,4,0.05,0.02,0.3,0.12,4,0.6,5,0.65,,,,,,PRUNED
2454,-0.5966298317509102,2026-05-12 16:15:28.566442,2026-05-12 16:15:28.903013,0 days 00:00:00.336571,0.25,0.7,2,0.05,0.02,0.6,0.08,3,0.5,20,0.8,,,,,,PRUNED
2455,-0.595232281764886,2026-05-12 16:15:28.929616,2026-05-12 16:15:32.387143,0 days 00:00:03.457527,0.45,0.9,3,0.03,0.01,0.6,0.08,3,0.5,20,0.8,,,,,,PRUNED
2456,-0.5631661908185839,2026-05-12 16:15:32.415691,2026-05-12 16:15:36.337103,0 days 00:00:03.921412,0.45,0.8,2,0.03,0.02,0.6,0.12,3,0.6,10,0.8,,,,,,PRUNED
2457,-0.49277765847375476,2026-05-12 16:15:36.366132,2026-05-12 16:15:41.550592,0 days 00:00:05.184460,0.35,0.8,3,0.03,0.01,0.45,0.08,5,0.7,10,0.65,,,,,,PRUNED
2458,-0.4296411080598753,2026-05-12 16:15:41.578800,2026-05-12 16:15:41.932006,0 days 00:00:00.353206,0.45,0.7,2,0.05,0.02,0.6,0.16,6,0.5,20,0.8,,,,,,PRUNED
