number,value,datetime_start,datetime_complete,duration,params_BEAR_RATIO,params_BULL_RATIO,params_GRID_MAX_LAYER,params_GRID_STEP_MAX,params_GRID_STEP_MIN,params_GRID_STEP_VOL_FACTOR,params_LAYER_FRACTION,params_MAX_HOLD,params_NEUTRAL_RATIO,params_REBALANCE_FREQ,params_VOL_WEIGHT,user_attrs_avg_test_score,user_attrs_avg_train_score,user_attrs_test_score_std,user_attrs_train_test_gap,user_attrs_validation_error,state
4421,-0.4932669874462958,2026-05-12 17:53:42.784492,2026-05-12 17:53:47.700401,0 days 00:00:04.915909,0.35,0.9,2,0.05,0.02,0.45,0.12,5,0.6,20,0.65,,,,,,PRUNED
4422,-0.4657106657699084,2026-05-12 17:53:47.727939,2026-05-12 17:53:53.517791,0 days 00:00:05.789852,0.35,0.7,2,0.05,0.02,0.6,0.16,5,0.5,5,0.8,,,,,,PRUNED
4423,-0.5206202855893916,2026-05-12 17:53:53.547146,2026-05-12 17:53:58.773298,0 days 00:00:05.226152,0.35,0.9,4,0.03,0.02,0.6,0.12,6,0.6,20,0.65,,,,,,PRUNED
4424,-9999.0,2026-05-12 17:53:58.802554,2026-05-12 17:53:59.117100,0 days 00:00:00.314546,0.45,0.7,2,0.05,0.02,0.6,0.08,6,0.7,20,0.8,,,,,BEAR_RATIO < NEUTRAL_RATIO < BULL_RATIO 约束违反: 0.45 / 0.7 / 0.7,COMPLETE
4425,-0.5179924623587872,2026-05-12 17:53:59.160116,2026-05-12 17:53:59.763197,0 days 00:00:00.603081,0.45,0.7,2,0.05,0.02,0.6,0.08,6,0.5,20,0.8,-0.39108387647623727,-0.030830266507629607,0.2538171717650998,0.36025360996860767,,COMPLETE
4426,-0.43618075177990356,2026-05-12 17:53:59.788845,2026-05-12 17:54:04.605691,0 days 00:00:04.816846,0.35,0.7,4,0.05,0.01,0.45,0.08,6,0.5,20,0.8,,,,,,PRUNED
4427,-0.4494752785441729,2026-05-12 17:54:04.629884,2026-05-12 17:54:09.704859,0 days 00:00:05.074975,0.45,0.9,4,0.05,0.02,0.6,0.12,6,0.5,10,0.5,,,,,,PRUNED
4428,-9999.0,2026-05-12 17:54:09.732735,2026-05-12 17:54:10.040111,0 days 00:00:00.307376,0.45,0.7,3,0.05,0.02,0.6,0.16,6,0.7,20,0.8,,,,,BEAR_RATIO < NEUTRAL_RATIO < BULL_RATIO 约束违反: 0.45 / 0.7 / 0.7,COMPLETE
4429,-0.5419369065213016,2026-05-12 17:54:10.080769,2026-05-12 17:54:14.651383,0 days 00:00:04.570614,0.25,0.8,3,0.03,0.01,0.6,0.12,5,0.6,20,0.5,,,,,,PRUNED
4430,-0.4194511448045569,2026-05-12 17:54:14.677994,2026-05-12 17:54:15.059084,0 days 00:00:00.381090,0.45,0.7,2,0.05,0.02,0.6,0.12,6,0.5,20,0.8,,,,,,PRUNED
4431,-9999.0,2026-05-12 17:54:15.101623,2026-05-12 17:54:13.801168,-1 days +23:59:58.699545,0.45,0.7,4,0.05,0.02,0.45,0.08,4,0.7,10,0.65,,,,,BEAR_RATIO < NEUTRAL_RATIO < BULL_RATIO 约束违反: 0.45 / 0.7 / 0.7,COMPLETE
4432,-0.47602897243183917,2026-05-12 17:54:13.828174,2026-05-12 17:54:18.204570,0 days 00:00:04.376396,0.45,0.9,3,0.03,0.01,0.3,0.16,3,0.5,5,0.5,,,,,,PRUNED
4433,-0.4917730273156298,2026-05-12 17:54:18.225954,2026-05-12 17:54:22.661689,0 days 00:00:04.435735,0.35,0.9,4,0.03,0.02,0.45,0.08,4,0.6,10,0.8,,,,,,PRUNED
4434,-0.5179924623587872,2026-05-12 17:54:22.684854,2026-05-12 17:54:23.198908,0 days 00:00:00.514054,0.45,0.7,2,0.05,0.02,0.6,0.08,6,0.5,20,0.8,-0.39108387647623727,-0.030830266507629607,0.2538171717650998,0.36025360996860767,,COMPLETE
4435,-0.5084028823179416,2026-05-12 17:54:23.224267,2026-05-12 17:54:28.663440,0 days 00:00:05.439173,0.45,0.9,4,0.03,0.02,0.6,0.08,4,0.5,5,0.5,,,,,,PRUNED
4436,-0.5816461454286321,2026-05-12 17:54:28.689440,2026-05-12 17:54:32.438364,0 days 00:00:03.748924,0.45,0.8,4,0.05,0.02,0.6,0.08,3,0.5,20,0.8,,,,,,PRUNED
4437,-0.4486233811758404,2026-05-12 17:54:32.465552,2026-05-12 17:54:36.940260,0 days 00:00:04.474708,0.35,0.7,4,0.05,0.01,0.6,0.12,4,0.5,20,0.8,,,,,,PRUNED
4438,-0.453894876451995,2026-05-12 17:54:36.970484,2026-05-12 17:54:43.977764,0 days 00:00:07.007280,0.35,0.7,4,0.05,0.02,0.3,0.08,6,0.5,5,0.8,,,,,,PRUNED
4439,-0.5059416315440213,2026-05-12 17:54:44.005630,2026-05-12 17:54:47.947541,0 days 00:00:03.941911,0.45,0.8,3,0.03,0.02,0.3,0.16,6,0.6,20,0.65,,,,,,PRUNED
4440,-0.4235393629303933,2026-05-12 17:54:47.997257,2026-05-12 17:54:48.464721,0 days 00:00:00.467464,0.45,0.7,4,0.05,0.02,0.6,0.12,6,0.5,20,0.8,,,,,,PRUNED
4441,-0.4649120935606458,2026-05-12 17:54:48.489714,2026-05-12 17:54:53.487388,0 days 00:00:04.997674,0.45,0.8,3,0.03,0.01,0.6,0.12,6,0.5,20,0.8,,,,,,PRUNED
4442,-0.4408085471343632,2026-05-12 17:54:53.514690,2026-05-12 17:54:58.239159,0 days 00:00:04.724469,0.45,0.7,2,0.05,0.02,0.6,0.08,5,0.6,20,0.5,,,,,,PRUNED
4443,-0.49840117334585277,2026-05-12 17:54:58.281364,2026-05-12 17:55:03.569778,0 days 00:00:05.288414,0.45,0.9,3,0.05,0.02,0.6,0.12,4,0.5,5,0.8,,,,,,PRUNED
4444,-0.42606172854379265,2026-05-12 17:55:03.596442,2026-05-12 17:55:03.982389,0 days 00:00:00.385947,0.45,0.7,3,0.05,0.02,0.6,0.08,6,0.6,20,0.8,,,,,,PRUNED
4445,-0.45713602155141575,2026-05-12 17:55:04.008985,2026-05-12 17:55:09.428259,0 days 00:00:05.419274,0.45,0.9,2,0.03,0.02,0.6,0.08,6,0.5,10,0.65,,,,,,PRUNED
4446,-0.6649216211150376,2026-05-12 17:55:09.452937,2026-05-12 17:55:12.974158,0 days 00:00:03.521221,0.25,0.9,3,0.03,0.01,0.3,0.16,3,0.7,20,0.5,,,,,,PRUNED
4447,-0.5182406672588966,2026-05-12 17:55:12.999280,2026-05-12 17:55:13.565150,0 days 00:00:00.565870,0.45,0.7,2,0.05,0.02,0.45,0.08,6,0.5,20,0.8,-0.3910743597599139,-0.030648087966744914,0.25433261499796533,0.360426271793169,,COMPLETE
4448,-0.4688421066917927,2026-05-12 17:55:13.589493,2026-05-12 17:55:17.918087,0 days 00:00:04.328594,0.45,0.9,2,0.03,0.01,0.45,0.12,3,0.5,5,0.5,,,,,,PRUNED
4449,-0.5202764682986015,2026-05-12 17:55:17.946058,2026-05-12 17:55:22.529243,0 days 00:00:04.583185,0.45,0.9,4,0.03,0.01,0.3,0.12,5,0.7,20,0.8,,,,,,PRUNED
4450,-9999.0,2026-05-12 17:55:22.552315,2026-05-12 17:55:22.819155,0 days 00:00:00.266840,0.45,0.7,2,0.03,0.02,0.45,0.08,3,0.7,20,0.65,,,,,BEAR_RATIO < NEUTRAL_RATIO < BULL_RATIO 约束违反: 0.45 / 0.7 / 0.7,COMPLETE
4451,-0.45933607118201675,2026-05-12 17:55:22.841985,2026-05-12 17:55:27.104074,0 days 00:00:04.262089,0.35,0.7,4,0.05,0.01,0.45,0.08,4,0.6,10,0.8,,,,,,PRUNED
4452,-0.42507893853227124,2026-05-12 17:55:27.130702,2026-05-12 17:55:32.189088,0 days 00:00:05.058386,0.45,0.8,4,0.05,0.01,0.6,0.08,6,0.5,10,0.8,,,,,,PRUNED
4453,-0.4242910183560481,2026-05-12 17:55:32.215353,2026-05-12 17:55:32.591569,0 days 00:00:00.376216,0.45,0.7,2,0.05,0.02,0.6,0.08,5,0.5,20,0.8,,,,,,PRUNED
4454,-9999.0,2026-05-12 17:55:32.619143,2026-05-12 17:55:32.968092,0 days 00:00:00.348949,0.25,0.7,4,0.05,0.01,0.3,0.08,6,0.7,5,0.8,,,,,BEAR_RATIO < NEUTRAL_RATIO < BULL_RATIO 约束违反: 0.25 / 0.7 / 0.7,COMPLETE
4455,-0.5248568347049509,2026-05-12 17:55:32.993508,2026-05-12 17:55:38.710410,0 days 00:00:05.716902,0.35,0.9,4,0.03,0.01,0.3,0.12,5,0.7,10,0.8,,,,,,PRUNED
4456,-0.49783621252678784,2026-05-12 17:55:38.734055,2026-05-12 17:55:43.584895,0 days 00:00:04.850840,0.25,0.7,2,0.03,0.02,0.3,0.08,6,0.5,20,0.8,,,,,,PRUNED
4457,-0.44595151750297385,2026-05-12 17:55:43.610519,2026-05-12 17:55:48.191167,0 days 00:00:04.580648,0.35,0.7,2,0.05,0.02,0.45,0.12,6,0.5,20,0.8,,,,,,PRUNED
4458,-0.48832865137339104,2026-05-12 17:55:48.212462,2026-05-12 17:55:52.329972,0 days 00:00:04.117510,0.35,0.9,3,0.05,0.01,0.45,0.16,4,0.6,10,0.8,,,,,,PRUNED
4459,-0.5000158998469125,2026-05-12 17:55:52.356268,2026-05-12 17:55:55.469632,0 days 00:00:03.113364,0.45,0.8,4,0.03,0.02,0.6,0.16,4,0.6,10,0.5,,,,,,PRUNED
4460,-0.5226764381196123,2026-05-12 17:55:55.495719,2026-05-12 17:56:00.026707,0 days 00:00:04.530988,0.25,0.9,2,0.03,0.02,0.6,0.08,5,0.5,20,0.5,,,,,,PRUNED
4461,-0.49210028203991346,2026-05-12 17:56:00.049700,2026-05-12 17:56:05.666510,0 days 00:00:05.616810,0.25,0.7,2,0.05,0.01,0.6,0.08,5,0.5,5,0.8,,,,,,PRUNED
4462,-0.5742549328973152,2026-05-12 17:56:05.690685,2026-05-12 17:56:09.572616,0 days 00:00:03.881931,0.35,0.8,4,0.03,0.01,0.6,0.16,3,0.5,10,0.65,,,,,,PRUNED
4463,-0.5715107846558711,2026-05-12 17:56:09.600259,2026-05-12 17:56:09.983031,0 days 00:00:00.382772,0.45,0.7,2,0.05,0.02,0.6,0.08,3,0.5,20,0.8,,,,,,PRUNED
4464,-0.45728031320268825,2026-05-12 17:56:10.011831,2026-05-12 17:56:16.299559,0 days 00:00:06.287728,0.45,0.7,4,0.03,0.02,0.6,0.08,6,0.6,5,0.65,,,,,,PRUNED
4465,-9999.0,2026-05-12 17:56:16.324352,2026-05-12 17:56:16.632566,0 days 00:00:00.308214,0.35,0.7,2,0.05,0.02,0.3,0.16,5,0.7,20,0.65,,,,,BEAR_RATIO < NEUTRAL_RATIO < BULL_RATIO 约束违反: 0.35 / 0.7 / 0.7,COMPLETE
4466,-0.5680191224224781,2026-05-12 17:56:16.658013,2026-05-12 17:56:20.639022,0 days 00:00:03.981009,0.25,0.9,2,0.05,0.02,0.6,0.12,3,0.6,10,0.8,,,,,,PRUNED
4467,-0.5179924623587872,2026-05-12 17:56:20.667032,2026-05-12 17:56:21.211333,0 days 00:00:00.544301,0.45,0.7,2,0.05,0.02,0.6,0.08,6,0.5,20,0.8,-0.39108387647623727,-0.030830266507629607,0.2538171717650998,0.36025360996860767,,COMPLETE
4468,-0.4423848359456567,2026-05-12 17:56:21.238076,2026-05-12 17:56:26.043497,0 days 00:00:04.805421,0.45,0.7,4,0.05,0.02,0.6,0.16,6,0.5,5,0.65,,,,,,PRUNED
4469,-0.5319707083263371,2026-05-12 17:56:26.068637,2026-05-12 17:56:29.984980,0 days 00:00:03.916343,0.35,0.8,2,0.05,0.02,0.6,0.08,3,0.5,10,0.65,,,,,,PRUNED
4470,-9999.0,2026-05-12 17:56:30.014798,2026-05-12 17:56:30.447656,0 days 00:00:00.432858,0.35,0.7,3,0.03,0.01,0.3,0.08,5,0.7,10,0.8,,,,,BEAR_RATIO < NEUTRAL_RATIO < BULL_RATIO 约束违反: 0.35 / 0.7 / 0.7,COMPLETE
4471,-0.46923882006598217,2026-05-12 17:56:30.474251,2026-05-12 17:56:36.543900,0 days 00:00:06.069649,0.45,0.8,4,0.05,0.02,0.6,0.12,5,0.7,10,0.5,,,,,,PRUNED
4472,-0.43307326910568045,2026-05-12 17:56:36.568827,2026-05-12 17:56:40.802760,0 days 00:00:04.233933,0.45,0.8,3,0.05,0.01,0.45,0.08,4,0.5,20,0.5,,,,,,PRUNED
4473,-0.486561930857566,2026-05-12 17:56:40.827359,2026-05-12 17:56:45.206739,0 days 00:00:04.379380,0.35,0.7,3,0.03,0.02,0.6,0.12,4,0.6,10,0.65,,,,,,PRUNED
4474,-0.5179924623587872,2026-05-12 17:56:45.232665,2026-05-12 17:56:45.809832,0 days 00:00:00.577167,0.45,0.7,2,0.05,0.02,0.6,0.08,6,0.5,20,0.5,-0.39108387647623727,-0.030830266507629607,0.2538171717650998,0.36025360996860767,,COMPLETE
4475,-0.493913578336724,2026-05-12 17:56:45.840785,2026-05-12 17:56:50.301347,0 days 00:00:04.460562,0.25,0.8,2,0.05,0.02,0.3,0.12,4,0.7,10,0.5,,,,,,PRUNED
4476,-0.5179924623587872,2026-05-12 17:56:50.329520,2026-05-12 17:56:50.874358,0 days 00:00:00.544838,0.45,0.7,2,0.05,0.02,0.6,0.08,6,0.5,20,0.8,-0.39108387647623727,-0.030830266507629607,0.2538171717650998,0.36025360996860767,,COMPLETE
4477,-9999.0,2026-05-12 17:56:50.899163,2026-05-12 17:56:51.230267,0 days 00:00:00.331104,0.35,0.7,3,0.03,0.01,0.6,0.12,3,0.7,5,0.8,,,,,BEAR_RATIO < NEUTRAL_RATIO < BULL_RATIO 约束违反: 0.35 / 0.7 / 0.7,COMPLETE
4478,-0.5179924623587872,2026-05-12 17:56:51.256372,2026-05-12 17:56:51.802139,0 days 00:00:00.545767,0.45,0.7,2,0.05,0.02,0.6,0.08,6,0.5,20,0.65,-0.39108387647623727,-0.030830266507629607,0.2538171717650998,0.36025360996860767,,COMPLETE
4479,-0.5897995807488715,2026-05-12 17:56:51.830452,2026-05-12 17:56:56.188769,0 days 00:00:04.358317,0.25,0.9,4,0.03,0.01,0.6,0.12,6,0.7,5,0.8,,,,,,PRUNED
4480,-0.5748593346127908,2026-05-12 17:56:56.216743,2026-05-12 17:57:00.045830,0 days 00:00:03.829087,0.45,0.9,4,0.03,0.01,0.3,0.12,3,0.6,10,0.5,,,,,,PRUNED
4481,-0.5861831120683871,2026-05-12 17:57:00.072686,2026-05-12 17:57:03.989439,0 days 00:00:03.916753,0.25,0.7,3,0.03,0.02,0.6,0.16,3,0.6,10,0.5,,,,,,PRUNED
4482,-0.410125315542252,2026-05-12 17:57:04.015202,2026-05-12 17:57:04.407331,0 days 00:00:00.392129,0.45,0.7,4,0.05,0.02,0.6,0.08,6,0.5,20,0.8,,,,,,PRUNED
4483,-9999.0,2026-05-12 17:57:04.434366,2026-05-12 17:57:04.748313,0 days 00:00:00.313947,0.45,0.7,2,0.05,0.02,0.3,0.16,6,0.7,20,0.5,,,,,BEAR_RATIO < NEUTRAL_RATIO < BULL_RATIO 约束违反: 0.45 / 0.7 / 0.7,COMPLETE
4484,-0.46971396295913487,2026-05-12 17:57:04.773794,2026-05-12 17:57:09.341520,0 days 00:00:04.567726,0.45,0.8,2,0.03,0.01,0.3,0.16,3,0.5,5,0.65,,,,,,PRUNED
4485,-0.5179924623587872,2026-05-12 17:57:09.366551,2026-05-12 17:57:09.983303,0 days 00:00:00.616752,0.45,0.7,2,0.05,0.02,0.6,0.08,6,0.5,20,0.8,-0.39108387647623727,-0.030830266507629607,0.2538171717650998,0.36025360996860767,,COMPLETE
4486,-0.5676143516954865,2026-05-12 17:57:10.019239,2026-05-12 17:57:15.495346,0 days 00:00:05.476107,0.25,0.8,4,0.03,0.01,0.3,0.16,6,0.6,10,0.8,,,,,,PRUNED
4487,-0.451761535367327,2026-05-12 17:57:15.522766,2026-05-12 17:57:20.765233,0 days 00:00:05.242467,0.45,0.8,3,0.05,0.02,0.6,0.08,6,0.7,10,0.5,,,,,,PRUNED
4488,-0.5561488478664081,2026-05-12 17:57:20.791661,2026-05-12 17:57:25.823533,0 days 00:00:05.031872,0.35,0.8,3,0.03,0.02,0.6,0.12,4,0.7,5,0.65,,,,,,PRUNED
4489,-0.5191861062242473,2026-05-12 17:57:25.850300,2026-05-12 17:57:32.527175,0 days 00:00:06.676875,0.25,0.8,2,0.05,0.01,0.45,0.08,6,0.6,5,0.65,,,,,,PRUNED
4490,-0.5179924623587872,2026-05-12 17:57:32.566710,2026-05-12 17:57:33.098521,0 days 00:00:00.531811,0.45,0.7,2,0.05,0.02,0.6,0.08,6,0.5,20,0.8,-0.39108387647623727,-0.030830266507629607,0.2538171717650998,0.36025360996860767,,COMPLETE
4491,-0.49270940758466114,2026-05-12 17:57:33.128714,2026-05-12 17:57:37.209915,0 days 00:00:04.081201,0.45,0.8,3,0.03,0.02,0.6,0.12,4,0.7,20,0.65,,,,,,PRUNED
4492,-0.5179924623587872,2026-05-12 17:57:37.233996,2026-05-12 17:57:37.711827,0 days 00:00:00.477831,0.45,0.7,2,0.05,0.02,0.6,0.08,6,0.5,20,0.8,-0.39108387647623727,-0.030830266507629607,0.2538171717650998,0.36025360996860767,,COMPLETE
4493,-0.5048277529729183,2026-05-12 17:57:37.735820,2026-05-12 17:57:42.055265,0 days 00:00:04.319445,0.25,0.8,4,0.03,0.01,0.6,0.08,4,0.7,10,0.5,,,,,,PRUNED
4494,-9999.0,2026-05-12 17:57:42.081890,2026-05-12 17:57:42.421655,0 days 00:00:00.339765,0.25,0.7,3,0.05,0.01,0.6,0.08,5,0.7,5,0.8,,,,,BEAR_RATIO < NEUTRAL_RATIO < BULL_RATIO 约束违反: 0.25 / 0.7 / 0.7,COMPLETE
4495,-0.46395220655622904,2026-05-12 17:57:42.446217,2026-05-12 17:57:47.261002,0 days 00:00:04.814785,0.45,0.9,2,0.05,0.02,0.3,0.08,6,0.7,20,0.8,,,,,,PRUNED
4496,-0.5179924623587872,2026-05-12 17:57:47.285129,2026-05-12 17:57:47.778974,0 days 00:00:00.493845,0.45,0.7,2,0.05,0.02,0.6,0.08,6,0.5,20,0.8,-0.39108387647623727,-0.030830266507629607,0.2538171717650998,0.36025360996860767,,COMPLETE
4497,-9999.0,2026-05-12 17:57:47.804404,2026-05-12 17:57:48.061740,0 days 00:00:00.257336,0.25,0.7,4,0.05,0.02,0.45,0.16,3,0.7,5,0.65,,,,,BEAR_RATIO < NEUTRAL_RATIO < BULL_RATIO 约束违反: 0.25 / 0.7 / 0.7,COMPLETE
4498,-0.45033163663476383,2026-05-12 17:57:48.088049,2026-05-12 17:57:53.303713,0 days 00:00:05.215664,0.45,0.8,4,0.05,0.01,0.6,0.08,6,0.6,5,0.65,,,,,,PRUNED
4499,-0.5194234895869079,2026-05-12 17:57:53.326925,2026-05-12 17:57:58.331715,0 days 00:00:05.004790,0.35,0.8,4,0.03,0.02,0.3,0.08,4,0.5,5,0.8,,,,,,PRUNED
4500,-0.6030392820392654,2026-05-12 17:57:58.357517,2026-05-12 17:58:03.252022,0 days 00:00:04.894505,0.25,0.9,3,0.03,0.01,0.45,0.16,4,0.7,5,0.65,,,,,,PRUNED
4501,-0.4293044368137132,2026-05-12 17:58:03.276828,2026-05-12 17:58:07.248549,0 days 00:00:03.971721,0.45,0.7,2,0.05,0.02,0.6,0.12,4,0.5,20,0.5,,,,,,PRUNED
4502,-0.5371465693830533,2026-05-12 17:58:07.276998,2026-05-12 17:58:10.955675,0 days 00:00:03.678677,0.35,0.7,2,0.05,0.02,0.3,0.08,3,0.6,10,0.8,,,,,,PRUNED
4503,-0.43527016353134595,2026-05-12 17:58:10.980126,2026-05-12 17:58:15.506310,0 days 00:00:04.526184,0.45,0.7,2,0.05,0.02,0.3,0.12,5,0.5,20,0.8,,,,,,PRUNED
4504,-0.4121653833865075,2026-05-12 17:58:15.531379,2026-05-12 17:58:20.291310,0 days 00:00:04.759931,0.45,0.7,4,0.05,0.01,0.3,0.08,6,0.5,20,0.8,,,,,,PRUNED
4505,-0.46233922145233913,2026-05-12 17:58:20.337643,2026-05-12 17:58:23.452755,0 days 00:00:03.115112,0.45,0.7,4,0.03,0.02,0.3,0.16,3,0.5,5,0.8,,,,,,PRUNED
4506,-9999.0,2026-05-12 17:58:23.477285,2026-05-12 17:58:23.774794,0 days 00:00:00.297509,0.45,0.7,4,0.03,0.01,0.3,0.16,4,0.7,20,0.65,,,,,BEAR_RATIO < NEUTRAL_RATIO < BULL_RATIO 约束违反: 0.45 / 0.7 / 0.7,COMPLETE
4507,-0.4395514628060745,2026-05-12 17:58:23.799663,2026-05-12 17:58:29.134001,0 days 00:00:05.334338,0.45,0.8,4,0.05,0.02,0.6,0.08,5,0.5,20,0.8,,,,,,PRUNED
4508,-9999.0,2026-05-12 17:58:29.161549,2026-05-12 17:58:29.470475,0 days 00:00:00.308926,0.25,0.7,2,0.03,0.01,0.45,0.08,3,0.7,5,0.5,,,,,BEAR_RATIO < NEUTRAL_RATIO < BULL_RATIO 约束违反: 0.25 / 0.7 / 0.7,COMPLETE
4509,-0.48865854710530043,2026-05-12 17:58:29.513675,2026-05-12 17:58:34.607166,0 days 00:00:05.093491,0.35,0.9,3,0.05,0.01,0.6,0.12,6,0.6,10,0.65,,,,,,PRUNED
4510,-0.4296411080598753,2026-05-12 17:58:34.633115,2026-05-12 17:58:35.035272,0 days 00:00:00.402157,0.45,0.7,2,0.05,0.02,0.6,0.16,6,0.5,20,0.65,,,,,,PRUNED
4511,-0.5379018845453659,2026-05-12 17:58:35.078192,2026-05-12 17:58:41.253278,0 days 00:00:06.175086,0.25,0.9,3,0.05,0.02,0.3,0.08,6,0.6,5,0.5,,,,,,PRUNED
4512,-0.4518212752835048,2026-05-12 17:58:41.279830,2026-05-12 17:58:45.565060,0 days 00:00:04.285230,0.45,0.8,4,0.05,0.02,0.45,0.16,4,0.5,20,0.65,,,,,,PRUNED
4513,-0.448224862181558,2026-05-12 17:58:45.592281,2026-05-12 17:58:50.851037,0 days 00:00:05.258756,0.45,0.7,4,0.03,0.02,0.6,0.08,6,0.6,20,0.5,,,,,,PRUNED
4514,-0.4482580834662596,2026-05-12 17:58:50.876275,2026-05-12 17:58:54.284887,0 days 00:00:03.408612,0.45,0.9,2,0.05,0.02,0.3,0.08,5,0.5,20,0.8,,,,,,PRUNED
4515,-0.4645608116175587,2026-05-12 17:58:54.310237,2026-05-12 17:58:58.697665,0 days 00:00:04.387428,0.25,0.7,2,0.05,0.02,0.6,0.08,4,0.5,10,0.8,,,,,,PRUNED
4516,-0.5179924623587872,2026-05-12 17:58:58.726614,2026-05-12 17:58:59.280186,0 days 00:00:00.553572,0.45,0.7,2,0.05,0.01,0.6,0.08,6,0.5,20,0.8,-0.39108387647623727,-0.030830266507629607,0.2538171717650998,0.36025360996860767,,COMPLETE
4517,-0.612791060544943,2026-05-12 17:58:59.305999,2026-05-12 17:59:02.973533,0 days 00:00:03.667534,0.35,0.7,3,0.05,0.01,0.45,0.16,3,0.6,20,0.5,,,,,,PRUNED
4518,-9999.0,2026-05-12 17:59:03.012911,2026-05-12 17:59:03.343436,0 days 00:00:00.330525,0.25,0.7,4,0.05,0.01,0.6,0.08,6,0.7,20,0.8,,,,,BEAR_RATIO < NEUTRAL_RATIO < BULL_RATIO 约束违反: 0.25 / 0.7 / 0.7,COMPLETE
4519,-0.5551572107827686,2026-05-12 17:59:03.370185,2026-05-12 17:59:08.606966,0 days 00:00:05.236781,0.25,0.7,2,0.03,0.02,0.3,0.16,6,0.6,20,0.5,,,,,,PRUNED
4520,-0.5179924623587872,2026-05-12 17:59:08.634741,2026-05-12 17:59:09.222188,0 days 00:00:00.587447,0.45,0.7,2,0.05,0.02,0.6,0.08,6,0.5,20,0.8,-0.39108387647623727,-0.030830266507629607,0.2538171717650998,0.36025360996860767,,COMPLETE
4521,-0.46308422139356886,2026-05-12 17:59:09.249931,2026-05-12 17:59:13.604724,0 days 00:00:04.354793,0.35,0.8,2,0.05,0.01,0.3,0.16,4,0.5,20,0.8,,,,,,PRUNED
4522,-9999.0,2026-05-12 17:59:13.631063,2026-05-12 17:59:13.951582,0 days 00:00:00.320519,0.35,0.7,2,0.03,0.02,0.45,0.16,3,0.7,5,0.65,,,,,BEAR_RATIO < NEUTRAL_RATIO < BULL_RATIO 约束违反: 0.35 / 0.7 / 0.7,COMPLETE
4523,-0.5179924623587872,2026-05-12 17:59:13.977967,2026-05-12 17:59:14.611207,0 days 00:00:00.633240,0.45,0.7,2,0.05,0.02,0.6,0.08,6,0.5,20,0.8,-0.39108387647623727,-0.030830266507629607,0.2538171717650998,0.36025360996860767,,COMPLETE
4524,-9999.0,2026-05-12 17:59:14.639101,2026-05-12 17:59:14.951661,0 days 00:00:00.312560,0.45,0.7,4,0.05,0.01,0.3,0.08,6,0.7,5,0.5,,,,,BEAR_RATIO < NEUTRAL_RATIO < BULL_RATIO 约束违反: 0.45 / 0.7 / 0.7,COMPLETE
4525,-0.5574839464240224,2026-05-12 17:59:14.976907,2026-05-12 17:59:20.678632,0 days 00:00:05.701725,0.25,0.8,4,0.05,0.01,0.3,0.16,5,0.7,5,0.8,,,,,,PRUNED
4526,-0.4613314669139785,2026-05-12 17:59:20.705124,2026-05-12 17:59:24.941442,0 days 00:00:04.236318,0.35,0.7,2,0.05,0.01,0.45,0.08,5,0.6,20,0.65,,,,,,PRUNED
4527,-0.5457567420600995,2026-05-12 17:59:24.968253,2026-05-12 17:59:28.874235,0 days 00:00:03.905982,0.35,0.8,2,0.05,0.02,0.6,0.08,3,0.6,10,0.8,,,,,,PRUNED
4528,-0.4884322371894016,2026-05-12 17:59:28.900992,2026-05-12 17:59:34.322860,0 days 00:00:05.421868,0.35,0.7,2,0.05,0.02,0.6,0.08,4,0.5,5,0.65,,,,,,PRUNED
4529,-0.4092788272711371,2026-05-12 17:59:34.350683,2026-05-12 17:59:34.742478,0 days 00:00:00.391795,0.45,0.7,3,0.05,0.02,0.6,0.08,6,0.5,20,0.8,,,,,,PRUNED
4530,-0.5179924623587872,2026-05-12 17:59:34.770655,2026-05-12 17:59:35.332198,0 days 00:00:00.561543,0.45,0.7,2,0.05,0.02,0.6,0.08,6,0.5,20,0.8,-0.39108387647623727,-0.030830266507629607,0.2538171717650998,0.36025360996860767,,COMPLETE
4531,-0.5179924623587872,2026-05-12 17:59:35.358680,2026-05-12 17:59:35.930269,0 days 00:00:00.571589,0.45,0.7,2,0.05,0.02,0.6,0.08,6,0.5,20,0.8,-0.39108387647623727,-0.030830266507629607,0.2538171717650998,0.36025360996860767,,COMPLETE
4532,-0.5983426006278215,2026-05-12 17:59:35.959785,2026-05-12 17:59:39.597014,0 days 00:00:03.637229,0.45,0.9,3,0.05,0.01,0.3,0.16,3,0.5,20,0.5,,,,,,PRUNED
4533,-0.48269048928461705,2026-05-12 17:59:39.625183,2026-05-12 17:59:44.210806,0 days 00:00:04.585623,0.45,0.8,2,0.03,0.02,0.3,0.08,4,0.7,10,0.65,,,,,,PRUNED
4534,-9999.0,2026-05-12 17:59:44.237589,2026-05-12 17:59:44.564019,0 days 00:00:00.326430,0.45,0.7,3,0.03,0.02,0.3,0.12,5,0.7,20,0.5,,,,,BEAR_RATIO < NEUTRAL_RATIO < BULL_RATIO 约束违反: 0.45 / 0.7 / 0.7,COMPLETE
4535,-0.5259689701789745,2026-05-12 17:59:44.591086,2026-05-12 17:59:48.510415,0 days 00:00:03.919329,0.45,0.7,2,0.03,0.02,0.6,0.08,3,0.5,10,0.5,,,,,,PRUNED
4536,-0.4434250702021845,2026-05-12 17:59:48.537549,2026-05-12 17:59:54.381816,0 days 00:00:05.844267,0.45,0.9,2,0.05,0.02,0.3,0.08,6,0.5,5,0.8,,,,,,PRUNED
4537,-0.4287355409983588,2026-05-12 17:59:54.413363,2026-05-12 18:00:00.100133,0 days 00:00:05.686770,0.45,0.8,2,0.05,0.02,0.6,0.08,6,0.5,5,0.65,,,,,,PRUNED
4538,-0.5109577474891993,2026-05-12 18:00:00.125906,2026-05-12 18:00:04.399021,0 days 00:00:04.273115,0.45,0.8,2,0.03,0.02,0.3,0.16,3,0.7,5,0.65,,,,,,PRUNED
4539,-0.47925728801259465,2026-05-12 18:00:04.424403,2026-05-12 18:00:09.148626,0 days 00:00:04.724223,0.35,0.8,4,0.05,0.02,0.3,0.08,5,0.7,10,0.8,,,,,,PRUNED
4540,-0.5179924623587872,2026-05-12 18:00:09.173479,2026-05-12 18:00:08.144735,-1 days +23:59:58.971256,0.45,0.7,2,0.05,0.02,0.6,0.08,6,0.5,20,0.8,-0.39108387647623727,-0.030830266507629607,0.2538171717650998,0.36025360996860767,,COMPLETE
4541,-0.588548948416898,2026-05-12 18:00:08.169716,2026-05-12 18:00:11.478221,0 days 00:00:03.308505,0.35,0.7,2,0.05,0.02,0.3,0.12,3,0.5,20,0.8,,,,,,PRUNED
4542,-0.5752812511464139,2026-05-12 18:00:11.505100,2026-05-12 18:00:16.869372,0 days 00:00:05.364272,0.35,0.9,2,0.03,0.02,0.6,0.16,6,0.7,5,0.5,,,,,,PRUNED
