number,value,datetime_start,datetime_complete,duration,params_BEAR_RATIO,params_BULL_RATIO,params_GRID_MAX_LAYER,params_GRID_STEP_MAX,params_GRID_STEP_MIN,params_GRID_STEP_VOL_FACTOR,params_LAYER_FRACTION,params_MAX_HOLD,params_NEUTRAL_RATIO,params_REBALANCE_FREQ,params_VOL_WEIGHT,user_attrs_avg_test_score,user_attrs_avg_train_score,user_attrs_test_score_std,user_attrs_train_test_gap,user_attrs_validation_error,state
7842,-0.4603551091399473,2026-05-12 20:44:39.185096,2026-05-12 20:44:43.834494,0 days 00:00:04.649398,0.45,0.9,4,0.03,0.01,0.3,0.08,3,0.5,5,0.8,,,,,,PRUNED
7843,-0.5259380769351516,2026-05-12 20:44:43.863469,2026-05-12 20:44:49.487698,0 days 00:00:05.624229,0.35,0.9,3,0.03,0.02,0.45,0.16,6,0.5,10,0.65,,,,,,PRUNED
7844,-0.5354822915579438,2026-05-12 20:44:49.527624,2026-05-12 20:44:55.221236,0 days 00:00:05.693612,0.25,0.8,3,0.03,0.02,0.3,0.12,6,0.5,10,0.65,,,,,,PRUNED
7845,-0.5487288708644473,2026-05-12 20:44:55.250148,2026-05-12 20:44:59.288747,0 days 00:00:04.038599,0.25,0.7,2,0.05,0.02,0.45,0.16,3,0.5,10,0.5,,,,,,PRUNED
7846,-0.5179924623587872,2026-05-12 20:44:59.319058,2026-05-12 20:44:59.974015,0 days 00:00:00.654957,0.45,0.7,2,0.05,0.02,0.6,0.08,6,0.5,20,0.65,-0.39108387647623727,-0.030830266507629607,0.2538171717650998,0.36025360996860767,,COMPLETE
7847,-0.410125315542252,2026-05-12 20:45:00.004238,2026-05-12 20:45:00.436079,0 days 00:00:00.431841,0.45,0.7,4,0.05,0.02,0.6,0.08,6,0.5,20,0.8,,,,,,PRUNED
7848,-9999.0,2026-05-12 20:45:00.542837,2026-05-12 20:45:00.927231,0 days 00:00:00.384394,0.25,0.7,4,0.03,0.01,0.6,0.12,5,0.7,20,0.5,,,,,BEAR_RATIO < NEUTRAL_RATIO < BULL_RATIO 约束违反: 0.25 / 0.7 / 0.7,COMPLETE
7849,-0.44470069194490197,2026-05-12 20:45:00.960029,2026-05-12 20:45:05.684114,0 days 00:00:04.724085,0.45,0.8,2,0.05,0.02,0.6,0.12,5,0.5,20,0.8,,,,,,PRUNED
7850,-0.44696456074202173,2026-05-12 20:45:05.710683,2026-05-12 20:45:10.565818,0 days 00:00:04.855135,0.45,0.8,2,0.05,0.02,0.3,0.16,6,0.5,20,0.8,,,,,,PRUNED
7851,-0.5134446591327464,2026-05-12 20:45:10.598096,2026-05-12 20:45:16.537023,0 days 00:00:05.938927,0.35,0.9,3,0.05,0.02,0.6,0.16,5,0.6,5,0.65,,,,,,PRUNED
7852,-9999.0,2026-05-12 20:45:16.560991,2026-05-12 20:45:16.899792,0 days 00:00:00.338801,0.25,0.7,2,0.03,0.02,0.6,0.16,6,0.7,20,0.8,,,,,BEAR_RATIO < NEUTRAL_RATIO < BULL_RATIO 约束违反: 0.25 / 0.7 / 0.7,COMPLETE
7853,-0.5179924623587872,2026-05-12 20:45:16.926865,2026-05-12 20:45:17.492246,0 days 00:00:00.565381,0.45,0.7,2,0.05,0.02,0.6,0.08,6,0.5,20,0.8,-0.39108387647623727,-0.030830266507629607,0.2538171717650998,0.36025360996860767,,COMPLETE
7854,-0.5180750498100567,2026-05-12 20:45:17.519365,2026-05-12 20:45:21.842207,0 days 00:00:04.322842,0.45,0.9,3,0.03,0.02,0.3,0.16,3,0.7,5,0.8,,,,,,PRUNED
7855,-0.6270481628927003,2026-05-12 20:45:21.885533,2026-05-12 20:45:25.331805,0 days 00:00:03.446272,0.45,0.9,2,0.05,0.01,0.3,0.12,3,0.7,20,0.8,,,,,,PRUNED
7856,-0.5179924623587872,2026-05-12 20:45:25.357847,2026-05-12 20:45:25.981321,0 days 00:00:00.623474,0.45,0.7,2,0.05,0.02,0.6,0.08,6,0.5,20,0.8,-0.39108387647623727,-0.030830266507629607,0.2538171717650998,0.36025360996860767,,COMPLETE
7857,-9999.0,2026-05-12 20:45:26.008195,2026-05-12 20:45:26.370500,0 days 00:00:00.362305,0.45,0.7,2,0.05,0.01,0.3,0.08,4,0.7,5,0.8,,,,,BEAR_RATIO < NEUTRAL_RATIO < BULL_RATIO 约束违反: 0.45 / 0.7 / 0.7,COMPLETE
7858,-9999.0,2026-05-12 20:45:26.399486,2026-05-12 20:45:26.710337,0 days 00:00:00.310851,0.25,0.7,3,0.03,0.02,0.3,0.12,3,0.7,10,0.8,,,,,BEAR_RATIO < NEUTRAL_RATIO < BULL_RATIO 约束违反: 0.25 / 0.7 / 0.7,COMPLETE
7859,-0.5191066323886888,2026-05-12 20:45:26.736327,2026-05-12 20:45:32.197905,0 days 00:00:05.461578,0.45,0.9,2,0.03,0.01,0.3,0.16,5,0.6,5,0.65,,,,,,PRUNED
7860,-0.5644081609148608,2026-05-12 20:45:32.225406,2026-05-12 20:45:35.978371,0 days 00:00:03.752965,0.25,0.8,4,0.05,0.02,0.45,0.16,3,0.5,10,0.65,,,,,,PRUNED
7861,-9999.0,2026-05-12 20:45:36.020318,2026-05-12 20:45:36.366900,0 days 00:00:00.346582,0.35,0.7,3,0.05,0.02,0.6,0.12,6,0.7,10,0.5,,,,,BEAR_RATIO < NEUTRAL_RATIO < BULL_RATIO 约束违反: 0.35 / 0.7 / 0.7,COMPLETE
7862,-0.4882058625749357,2026-05-12 20:45:36.396505,2026-05-12 20:45:38.955825,0 days 00:00:02.559320,0.25,0.9,2,0.05,0.02,0.6,0.12,4,0.6,20,0.65,,,,,,PRUNED
7863,-0.5179924623587872,2026-05-12 20:45:38.983361,2026-05-12 20:45:39.605695,0 days 00:00:00.622334,0.45,0.7,2,0.05,0.02,0.6,0.08,6,0.5,20,0.8,-0.39108387647623727,-0.030830266507629607,0.2538171717650998,0.36025360996860767,,COMPLETE
7864,-0.5179924623587872,2026-05-12 20:45:39.632530,2026-05-12 20:45:40.217176,0 days 00:00:00.584646,0.45,0.7,2,0.05,0.02,0.6,0.08,6,0.5,20,0.8,-0.39108387647623727,-0.030830266507629607,0.2538171717650998,0.36025360996860767,,COMPLETE
7865,-0.5179924623587872,2026-05-12 20:45:40.243662,2026-05-12 20:45:41.813615,0 days 00:00:01.569953,0.45,0.7,2,0.05,0.01,0.6,0.08,6,0.5,20,0.8,-0.39108387647623727,-0.030830266507629607,0.2538171717650998,0.36025360996860767,,COMPLETE
7866,-0.511045572861163,2026-05-12 20:45:41.841419,2026-05-12 20:45:46.430390,0 days 00:00:04.588971,0.35,0.9,2,0.03,0.02,0.3,0.12,5,0.5,20,0.5,,,,,,PRUNED
7867,-0.5179924623587872,2026-05-12 20:45:46.458403,2026-05-12 20:45:47.061286,0 days 00:00:00.602883,0.45,0.7,2,0.05,0.02,0.6,0.08,6,0.5,20,0.8,-0.39108387647623727,-0.030830266507629607,0.2538171717650998,0.36025360996860767,,COMPLETE
7868,-0.5179924623587872,2026-05-12 20:45:47.088578,2026-05-12 20:45:47.695803,0 days 00:00:00.607225,0.45,0.7,2,0.05,0.02,0.6,0.08,6,0.5,20,0.8,-0.39108387647623727,-0.030830266507629607,0.2538171717650998,0.36025360996860767,,COMPLETE
7869,-9999.0,2026-05-12 20:45:47.723955,2026-05-12 20:45:48.069307,0 days 00:00:00.345352,0.45,0.7,3,0.03,0.01,0.45,0.08,5,0.7,5,0.8,,,,,BEAR_RATIO < NEUTRAL_RATIO < BULL_RATIO 约束违反: 0.45 / 0.7 / 0.7,COMPLETE
7870,-0.5485581015830348,2026-05-12 20:45:48.096354,2026-05-12 20:45:53.057808,0 days 00:00:04.961454,0.25,0.9,4,0.03,0.01,0.3,0.12,6,0.5,20,0.5,,,,,,PRUNED
7871,-0.49251979963175163,2026-05-12 20:45:53.087853,2026-05-12 20:45:59.022525,0 days 00:00:05.934672,0.35,0.9,2,0.05,0.01,0.45,0.08,5,0.6,5,0.8,,,,,,PRUNED
7872,-0.48303585727453446,2026-05-12 20:45:59.055035,2026-05-12 20:46:04.619974,0 days 00:00:05.564939,0.35,0.8,2,0.05,0.02,0.45,0.12,6,0.7,10,0.5,,,,,,PRUNED
7873,-0.5179175464945835,2026-05-12 20:46:04.648712,2026-05-12 20:46:08.577873,0 days 00:00:03.929161,0.35,0.8,4,0.05,0.02,0.6,0.16,4,0.5,5,0.65,,,,,,PRUNED
7874,-0.4948584444121694,2026-05-12 20:46:08.607675,2026-05-12 20:46:13.918635,0 days 00:00:05.310960,0.25,0.7,3,0.05,0.01,0.6,0.16,5,0.5,10,0.5,,,,,,PRUNED
7875,-0.5770792109343353,2026-05-12 20:46:13.950358,2026-05-12 20:46:17.822096,0 days 00:00:03.871738,0.45,0.8,3,0.03,0.02,0.3,0.12,3,0.7,10,0.65,,,,,,PRUNED
7876,-0.4092788272711371,2026-05-12 20:46:17.849271,2026-05-12 20:46:18.279868,0 days 00:00:00.430597,0.45,0.7,3,0.05,0.02,0.6,0.08,6,0.5,20,0.8,,,,,,PRUNED
7877,-0.42430591320457156,2026-05-12 20:46:18.307351,2026-05-12 20:46:24.661102,0 days 00:00:06.353751,0.45,0.8,3,0.05,0.02,0.6,0.08,6,0.5,10,0.8,,,,,,PRUNED
7878,-9999.0,2026-05-12 20:46:24.690412,2026-05-12 20:46:25.077359,0 days 00:00:00.386947,0.25,0.7,2,0.05,0.01,0.3,0.12,4,0.7,5,0.8,,,,,BEAR_RATIO < NEUTRAL_RATIO < BULL_RATIO 约束违反: 0.25 / 0.7 / 0.7,COMPLETE
7879,-0.45668145532858223,2026-05-12 20:46:25.109713,2026-05-12 20:46:30.306373,0 days 00:00:05.196660,0.45,0.8,4,0.05,0.01,0.3,0.08,6,0.7,20,0.65,,,,,,PRUNED
7880,-0.41794096959508104,2026-05-12 20:46:30.336161,2026-05-12 20:46:30.875765,0 days 00:00:00.539604,0.45,0.7,3,0.05,0.02,0.3,0.08,6,0.5,5,0.8,,,,,,PRUNED
7881,-0.5313132283495513,2026-05-12 20:46:30.903821,2026-05-12 20:46:35.354186,0 days 00:00:04.450365,0.25,0.9,3,0.05,0.02,0.45,0.08,3,0.6,5,0.8,,,,,,PRUNED
7882,-0.5817463076572379,2026-05-12 20:46:35.380811,2026-05-12 20:46:39.156281,0 days 00:00:03.775470,0.25,0.7,4,0.03,0.01,0.6,0.16,3,0.5,10,0.65,,,,,,PRUNED
7883,-0.5179924623587872,2026-05-12 20:46:39.181201,2026-05-12 20:46:39.731551,0 days 00:00:00.550350,0.45,0.7,2,0.05,0.02,0.6,0.08,6,0.5,20,0.8,-0.39108387647623727,-0.030830266507629607,0.2538171717650998,0.36025360996860767,,COMPLETE
7884,-9999.0,2026-05-12 20:46:39.757044,2026-05-12 20:46:40.068828,0 days 00:00:00.311784,0.35,0.7,4,0.03,0.02,0.6,0.08,6,0.7,10,0.5,,,,,BEAR_RATIO < NEUTRAL_RATIO < BULL_RATIO 约束违反: 0.35 / 0.7 / 0.7,COMPLETE
7885,-0.519479732047395,2026-05-12 20:46:40.093713,2026-05-12 20:46:43.322212,0 days 00:00:03.228499,0.35,0.7,2,0.03,0.02,0.45,0.16,6,0.6,20,0.8,,,,,,PRUNED
7886,-0.5179924623587872,2026-05-12 20:46:43.350620,2026-05-12 20:46:43.955330,0 days 00:00:00.604710,0.45,0.7,2,0.05,0.02,0.6,0.08,6,0.5,20,0.8,-0.39108387647623727,-0.030830266507629607,0.2538171717650998,0.36025360996860767,,COMPLETE
7887,-0.5466946520513196,2026-05-12 20:46:43.981763,2026-05-12 20:46:47.629566,0 days 00:00:03.647803,0.25,0.7,3,0.05,0.01,0.6,0.12,3,0.5,10,0.65,,,,,,PRUNED
7888,-0.4363626948110784,2026-05-12 20:46:47.658459,2026-05-12 20:46:52.292161,0 days 00:00:04.633702,0.45,0.7,3,0.05,0.01,0.3,0.12,4,0.5,10,0.5,,,,,,PRUNED
7889,-0.5253215581278894,2026-05-12 20:46:52.324008,2026-05-12 20:46:57.615111,0 days 00:00:05.291103,0.25,0.9,2,0.05,0.02,0.6,0.16,5,0.6,10,0.65,,,,,,PRUNED
7890,-0.6422482085989174,2026-05-12 20:46:57.646290,2026-05-12 20:47:01.362238,0 days 00:00:03.715948,0.25,0.8,4,0.03,0.01,0.6,0.12,3,0.6,20,0.8,,,,,,PRUNED
7891,-0.5100915496918846,2026-05-12 20:47:01.390387,2026-05-12 20:47:06.587656,0 days 00:00:05.197269,0.25,0.8,4,0.05,0.02,0.3,0.12,6,0.5,20,0.65,,,,,,PRUNED
7892,-0.4998317708073753,2026-05-12 20:47:06.617252,2026-05-12 20:47:12.444529,0 days 00:00:05.827277,0.45,0.9,2,0.03,0.02,0.45,0.08,5,0.7,5,0.5,,,,,,PRUNED
7893,-0.49815796775691873,2026-05-12 20:47:12.472772,2026-05-12 20:47:16.958341,0 days 00:00:04.485569,0.25,0.9,3,0.03,0.02,0.6,0.08,4,0.5,10,0.5,,,,,,PRUNED
7894,-0.5179924623587872,2026-05-12 20:47:16.987635,2026-05-12 20:47:18.524640,0 days 00:00:01.537005,0.45,0.7,2,0.05,0.02,0.6,0.08,6,0.5,20,0.8,-0.39108387647623727,-0.030830266507629607,0.2538171717650998,0.36025360996860767,,COMPLETE
7895,-0.5537669185952386,2026-05-12 20:47:18.550929,2026-05-12 20:47:23.685759,0 days 00:00:05.134830,0.35,0.9,2,0.03,0.02,0.6,0.16,6,0.7,10,0.5,,,,,,PRUNED
7896,-0.5179924623587872,2026-05-12 20:47:23.712431,2026-05-12 20:47:24.336931,0 days 00:00:00.624500,0.45,0.7,2,0.05,0.02,0.6,0.08,6,0.5,20,0.8,-0.39108387647623727,-0.030830266507629607,0.2538171717650998,0.36025360996860767,,COMPLETE
7897,-0.53874138016181,2026-05-12 20:47:24.361486,2026-05-12 20:47:29.053942,0 days 00:00:04.692456,0.35,0.8,2,0.05,0.01,0.3,0.16,4,0.7,5,0.8,,,,,,PRUNED
7898,-0.5179924623587872,2026-05-12 20:47:29.080029,2026-05-12 20:47:29.620169,0 days 00:00:00.540140,0.45,0.7,2,0.05,0.02,0.6,0.08,6,0.5,20,0.8,-0.39108387647623727,-0.030830266507629607,0.2538171717650998,0.36025360996860767,,COMPLETE
7899,-0.46182178700448384,2026-05-12 20:47:29.644588,2026-05-12 20:47:33.467596,0 days 00:00:03.823008,0.45,0.8,2,0.05,0.01,0.45,0.12,4,0.7,20,0.5,,,,,,PRUNED
7900,-0.552196615333718,2026-05-12 20:47:33.497236,2026-05-12 20:47:38.388147,0 days 00:00:04.890911,0.25,0.9,4,0.05,0.02,0.6,0.08,4,0.5,5,0.8,,,,,,PRUNED
7901,-0.5855781164060422,2026-05-12 20:47:38.416178,2026-05-12 20:47:43.391890,0 days 00:00:04.975712,0.25,0.9,3,0.03,0.02,0.3,0.16,4,0.5,5,0.65,,,,,,PRUNED
7902,-0.43660272281668966,2026-05-12 20:47:43.419392,2026-05-12 20:47:47.680550,0 days 00:00:04.261158,0.45,0.7,2,0.05,0.01,0.3,0.08,6,0.6,5,0.8,,,,,,PRUNED
7903,-9999.0,2026-05-12 20:47:47.709766,2026-05-12 20:47:48.059992,0 days 00:00:00.350226,0.35,0.7,3,0.05,0.02,0.6,0.12,3,0.7,20,0.5,,,,,BEAR_RATIO < NEUTRAL_RATIO < BULL_RATIO 约束违反: 0.35 / 0.7 / 0.7,COMPLETE
7904,-0.6285891614506279,2026-05-12 20:47:48.089590,2026-05-12 20:47:51.656203,0 days 00:00:03.566613,0.35,0.9,4,0.05,0.02,0.45,0.16,3,0.6,20,0.65,,,,,,PRUNED
7905,-0.568643747426498,2026-05-12 20:47:51.684291,2026-05-12 20:47:57.466052,0 days 00:00:05.781761,0.25,0.9,3,0.03,0.02,0.3,0.12,6,0.5,5,0.5,,,,,,PRUNED
7906,-0.42357363260304626,2026-05-12 20:47:57.495402,2026-05-12 20:47:57.910986,0 days 00:00:00.415584,0.45,0.7,2,0.05,0.02,0.6,0.08,6,0.6,20,0.8,,,,,,PRUNED
7907,-0.47441457244516044,2026-05-12 20:47:57.937594,2026-05-12 20:47:58.338529,0 days 00:00:00.400935,0.25,0.7,2,0.05,0.02,0.6,0.08,6,0.5,20,0.8,,,,,,PRUNED
7908,-0.5179924623587872,2026-05-12 20:47:58.378283,2026-05-12 20:47:59.051675,0 days 00:00:00.673392,0.45,0.7,2,0.05,0.02,0.6,0.08,6,0.5,20,0.8,-0.39108387647623727,-0.030830266507629607,0.2538171717650998,0.36025360996860767,,COMPLETE
7909,-0.5355428648671906,2026-05-12 20:47:59.081075,2026-05-12 20:48:03.964566,0 days 00:00:04.883491,0.25,0.8,3,0.03,0.01,0.3,0.12,6,0.5,20,0.5,,,,,,PRUNED
7910,-0.4636247018613672,2026-05-12 20:48:03.990181,2026-05-12 20:48:09.477198,0 days 00:00:05.487017,0.45,0.9,3,0.05,0.01,0.6,0.08,5,0.6,5,0.8,,,,,,PRUNED
7911,-0.5001502801730993,2026-05-12 20:48:09.506450,2026-05-12 20:48:15.369170,0 days 00:00:05.862720,0.35,0.8,4,0.03,0.01,0.45,0.08,5,0.6,5,0.65,,,,,,PRUNED
7912,-0.4213231947291116,2026-05-12 20:48:15.397934,2026-05-12 20:48:15.822297,0 days 00:00:00.424363,0.45,0.7,2,0.05,0.02,0.6,0.08,4,0.5,20,0.8,,,,,,PRUNED
7913,-0.5179924623587872,2026-05-12 20:48:15.851868,2026-05-12 20:48:16.483449,0 days 00:00:00.631581,0.45,0.7,2,0.05,0.02,0.6,0.08,6,0.5,20,0.8,-0.39108387647623727,-0.030830266507629607,0.2538171717650998,0.36025360996860767,,COMPLETE
7914,-9999.0,2026-05-12 20:48:16.514255,2026-05-12 20:48:16.896971,0 days 00:00:00.382716,0.35,0.7,2,0.05,0.01,0.3,0.16,6,0.7,10,0.8,,,,,BEAR_RATIO < NEUTRAL_RATIO < BULL_RATIO 约束违反: 0.35 / 0.7 / 0.7,COMPLETE
7915,-0.5179924623587872,2026-05-12 20:48:16.939617,2026-05-12 20:48:17.576124,0 days 00:00:00.636507,0.45,0.7,2,0.05,0.02,0.6,0.08,6,0.5,20,0.8,-0.39108387647623727,-0.030830266507629607,0.2538171717650998,0.36025360996860767,,COMPLETE
7916,-0.43076574008516644,2026-05-12 20:48:17.608078,2026-05-12 20:48:17.460950,-1 days +23:59:59.852872,0.45,0.7,3,0.03,0.02,0.6,0.08,6,0.5,20,0.5,,,,,,PRUNED
7917,-0.4296411080598753,2026-05-12 20:48:17.493059,2026-05-12 20:48:17.928063,0 days 00:00:00.435004,0.45,0.7,2,0.05,0.02,0.6,0.16,6,0.5,20,0.8,,,,,,PRUNED
7918,-0.5179924623587872,2026-05-12 20:48:17.955902,2026-05-12 20:48:18.666293,0 days 00:00:00.710391,0.45,0.7,2,0.05,0.02,0.6,0.08,6,0.5,20,0.8,-0.39108387647623727,-0.030830266507629607,0.2538171717650998,0.36025360996860767,,COMPLETE
7919,-9999.0,2026-05-12 20:48:18.697798,2026-05-12 20:48:19.060791,0 days 00:00:00.362993,0.45,0.7,3,0.05,0.02,0.6,0.08,4,0.7,20,0.65,,,,,BEAR_RATIO < NEUTRAL_RATIO < BULL_RATIO 约束违反: 0.45 / 0.7 / 0.7,COMPLETE
7920,-0.5061897312553739,2026-05-12 20:48:19.093416,2026-05-12 20:48:25.302696,0 days 00:00:06.209280,0.25,0.7,2,0.05,0.02,0.45,0.16,6,0.6,20,0.5,,,,,,PRUNED
7921,-0.41425741193738236,2026-05-12 20:48:25.329355,2026-05-12 20:48:25.733551,0 days 00:00:00.404196,0.45,0.7,2,0.05,0.02,0.6,0.08,6,0.5,5,0.8,,,,,,PRUNED
7922,-9999.0,2026-05-12 20:48:25.761666,2026-05-12 20:48:26.098888,0 days 00:00:00.337222,0.45,0.7,4,0.03,0.02,0.45,0.12,3,0.7,10,0.65,,,,,BEAR_RATIO < NEUTRAL_RATIO < BULL_RATIO 约束违反: 0.45 / 0.7 / 0.7,COMPLETE
7923,-0.46896045104122275,2026-05-12 20:48:26.124854,2026-05-12 20:48:30.382047,0 days 00:00:04.257193,0.35,0.8,3,0.05,0.01,0.3,0.08,4,0.7,20,0.8,,,,,,PRUNED
7924,-0.44384401434566373,2026-05-12 20:48:30.410725,2026-05-12 20:48:35.072962,0 days 00:00:04.662237,0.45,0.7,4,0.05,0.01,0.6,0.16,4,0.5,10,0.65,,,,,,PRUNED
7925,-0.5129103233801933,2026-05-12 20:48:35.105459,2026-05-12 20:48:40.630139,0 days 00:00:05.524680,0.35,0.9,4,0.05,0.01,0.6,0.16,6,0.7,10,0.5,,,,,,PRUNED
7926,-0.5102461591773043,2026-05-12 20:48:40.658534,2026-05-12 20:48:45.405124,0 days 00:00:04.746590,0.25,0.8,3,0.05,0.02,0.45,0.08,5,0.7,20,0.8,,,,,,PRUNED
7927,-0.47770237006275457,2026-05-12 20:48:45.432090,2026-05-12 20:48:48.314864,0 days 00:00:02.882774,0.35,0.8,4,0.05,0.01,0.3,0.12,5,0.6,10,0.8,,,,,,PRUNED
7928,-0.42914406823333484,2026-05-12 20:48:48.338606,2026-05-12 20:48:53.045748,0 days 00:00:04.707142,0.45,0.7,2,0.05,0.01,0.45,0.16,6,0.5,10,0.8,,,,,,PRUNED
7929,-0.49936126996809443,2026-05-12 20:48:53.070832,2026-05-12 20:48:57.331818,0 days 00:00:04.260986,0.25,0.9,3,0.05,0.01,0.6,0.12,4,0.6,10,0.5,,,,,,PRUNED
7930,-0.5179924623587872,2026-05-12 20:48:57.362521,2026-05-12 20:48:58.020570,0 days 00:00:00.658049,0.45,0.7,2,0.05,0.02,0.6,0.08,6,0.5,20,0.8,-0.39108387647623727,-0.030830266507629607,0.2538171717650998,0.36025360996860767,,COMPLETE
7931,-0.4092137988646166,2026-05-12 20:48:58.050059,2026-05-12 20:48:58.480164,0 days 00:00:00.430105,0.45,0.7,2,0.05,0.02,0.6,0.08,6,0.5,10,0.8,,,,,,PRUNED
7932,-0.5748551190394542,2026-05-12 20:48:58.509053,2026-05-12 20:49:02.515912,0 days 00:00:04.006859,0.25,0.8,4,0.05,0.02,0.45,0.12,3,0.7,10,0.8,,,,,,PRUNED
7933,-0.5183113896314416,2026-05-12 20:49:02.544460,2026-05-12 20:49:07.225506,0 days 00:00:04.681046,0.35,0.9,2,0.03,0.02,0.6,0.16,4,0.6,10,0.8,,,,,,PRUNED
7934,-0.5258762488814321,2026-05-12 20:49:07.255398,2026-05-12 20:49:11.934897,0 days 00:00:04.679499,0.25,0.7,3,0.03,0.02,0.3,0.16,3,0.5,5,0.8,,,,,,PRUNED
7935,-0.5179924623587872,2026-05-12 20:49:11.967314,2026-05-12 20:49:12.627109,0 days 00:00:00.659795,0.45,0.7,2,0.05,0.01,0.6,0.08,6,0.5,20,0.8,-0.39108387647623727,-0.030830266507629607,0.2538171717650998,0.36025360996860767,,COMPLETE
7936,-0.45400719916283055,2026-05-12 20:49:12.655971,2026-05-12 20:49:17.446803,0 days 00:00:04.790832,0.35,0.7,4,0.05,0.01,0.3,0.12,4,0.5,10,0.8,,,,,,PRUNED
7937,-0.5089160971023396,2026-05-12 20:49:17.476451,2026-05-12 20:49:22.634414,0 days 00:00:05.157963,0.45,0.9,3,0.03,0.02,0.3,0.12,6,0.7,20,0.8,,,,,,PRUNED
7938,-0.5645866146440002,2026-05-12 20:49:22.663262,2026-05-12 20:49:26.720928,0 days 00:00:04.057666,0.45,0.8,3,0.03,0.01,0.45,0.08,3,0.7,10,0.5,,,,,,PRUNED
7939,-0.5179924623587872,2026-05-12 20:49:26.750581,2026-05-12 20:49:27.432013,0 days 00:00:00.681432,0.45,0.7,2,0.05,0.02,0.6,0.08,6,0.5,20,0.8,-0.39108387647623727,-0.030830266507629607,0.2538171717650998,0.36025360996860767,,COMPLETE
7940,-0.5928800807718478,2026-05-12 20:49:27.463184,2026-05-12 20:49:32.808010,0 days 00:00:05.344826,0.25,0.8,2,0.03,0.02,0.45,0.16,4,0.7,5,0.5,,,,,,PRUNED
7941,-0.4981876962116392,2026-05-12 20:49:32.838812,2026-05-12 20:49:38.109982,0 days 00:00:05.271170,0.25,0.9,2,0.05,0.02,0.45,0.08,6,0.5,20,0.8,,,,,,PRUNED
7942,-0.488614988196728,2026-05-12 20:49:38.141720,2026-05-12 20:49:42.762612,0 days 00:00:04.620892,0.35,0.7,4,0.03,0.01,0.3,0.08,3,0.6,5,0.65,,,,,,PRUNED
7943,-0.4100386278766106,2026-05-12 20:49:42.792792,2026-05-12 20:49:43.191278,0 days 00:00:00.398486,0.45,0.7,2,0.05,0.02,0.3,0.08,6,0.5,20,0.8,,,,,,PRUNED
7944,-0.4319439890559278,2026-05-12 20:49:43.217830,2026-05-12 20:49:48.249903,0 days 00:00:05.032073,0.45,0.8,2,0.05,0.02,0.6,0.12,6,0.5,20,0.5,,,,,,PRUNED
7945,-0.42056632138184724,2026-05-12 20:49:48.276436,2026-05-12 20:49:48.657810,0 days 00:00:00.381374,0.45,0.8,2,0.05,0.02,0.6,0.08,6,0.5,20,0.8,,,,,,PRUNED
7946,-9999.0,2026-05-12 20:49:48.680945,2026-05-12 20:49:48.983916,0 days 00:00:00.302971,0.45,0.7,4,0.05,0.01,0.6,0.12,3,0.7,5,0.65,,,,,BEAR_RATIO < NEUTRAL_RATIO < BULL_RATIO 约束违反: 0.45 / 0.7 / 0.7,COMPLETE
7947,-0.43333909441165963,2026-05-12 20:49:49.007843,2026-05-12 20:49:49.367031,0 days 00:00:00.359188,0.35,0.7,2,0.05,0.02,0.6,0.08,6,0.5,20,0.8,,,,,,PRUNED
7948,-0.6263789724958109,2026-05-12 20:49:49.391646,2026-05-12 20:49:52.795215,0 days 00:00:03.403569,0.25,0.8,3,0.03,0.01,0.45,0.08,3,0.6,20,0.8,,,,,,PRUNED
7949,-0.6068320323312393,2026-05-12 20:49:52.822488,2026-05-12 20:49:56.220608,0 days 00:00:03.398120,0.25,0.7,2,0.05,0.01,0.3,0.16,3,0.5,20,0.65,,,,,,PRUNED
7950,-0.5263421072018378,2026-05-12 20:49:56.248716,2026-05-12 20:49:59.950821,0 days 00:00:03.702105,0.45,0.7,3,0.03,0.02,0.6,0.08,3,0.5,10,0.8,,,,,,PRUNED
7951,-0.6138333598064708,2026-05-12 20:49:59.990925,2026-05-12 20:50:03.292031,0 days 00:00:03.301106,0.45,0.8,4,0.05,0.01,0.45,0.16,3,0.6,20,0.65,,,,,,PRUNED
7952,-0.5179924623587872,2026-05-12 20:50:03.314317,2026-05-12 20:50:03.797978,0 days 00:00:00.483661,0.45,0.7,2,0.05,0.02,0.6,0.08,6,0.5,20,0.8,-0.39108387647623727,-0.030830266507629607,0.2538171717650998,0.36025360996860767,,COMPLETE
7953,-9999.0,2026-05-12 20:50:03.821531,2026-05-12 20:50:04.094942,0 days 00:00:00.273411,0.25,0.7,4,0.03,0.01,0.3,0.08,4,0.7,10,0.8,,,,,BEAR_RATIO < NEUTRAL_RATIO < BULL_RATIO 约束违反: 0.25 / 0.7 / 0.7,COMPLETE
7954,-0.43223096142417294,2026-05-12 20:50:04.115397,2026-05-12 20:50:04.447560,0 days 00:00:00.332163,0.45,0.9,2,0.05,0.02,0.6,0.08,6,0.5,20,0.8,,,,,,PRUNED
7955,-0.6263814054315263,2026-05-12 20:50:04.470455,2026-05-12 20:50:07.573593,0 days 00:00:03.103138,0.25,0.8,2,0.03,0.02,0.3,0.08,3,0.6,20,0.8,,,,,,PRUNED
7956,-0.6057425842781478,2026-05-12 20:50:07.598989,2026-05-12 20:50:10.792137,0 days 00:00:03.193148,0.25,0.7,2,0.05,0.01,0.45,0.16,3,0.5,20,0.8,,,,,,PRUNED
7957,-0.6382475057127229,2026-05-12 20:50:10.817580,2026-05-12 20:50:14.231097,0 days 00:00:03.413517,0.25,0.9,3,0.05,0.01,0.45,0.12,3,0.7,20,0.5,,,,,,PRUNED
7958,-0.5179924623587872,2026-05-12 20:50:14.261052,2026-05-12 20:50:14.867529,0 days 00:00:00.606477,0.45,0.7,2,0.05,0.02,0.6,0.08,6,0.5,20,0.8,-0.39108387647623727,-0.030830266507629607,0.2538171717650998,0.36025360996860767,,COMPLETE
7959,-0.4936488433155249,2026-05-12 20:50:14.893426,2026-05-12 20:50:20.038163,0 days 00:00:05.144737,0.45,0.9,3,0.03,0.01,0.6,0.12,6,0.6,10,0.65,,,,,,PRUNED
7960,-0.5179924623587872,2026-05-12 20:50:20.065231,2026-05-12 20:50:20.707198,0 days 00:00:00.641967,0.45,0.7,2,0.05,0.02,0.6,0.08,6,0.5,20,0.8,-0.39108387647623727,-0.030830266507629607,0.2538171717650998,0.36025360996860767,,COMPLETE
7961,-0.5179924623587872,2026-05-12 20:50:20.733864,2026-05-12 20:50:21.377084,0 days 00:00:00.643220,0.45,0.7,2,0.05,0.02,0.6,0.08,6,0.5,20,0.8,-0.39108387647623727,-0.030830266507629607,0.2538171717650998,0.36025360996860767,,COMPLETE
