number,value,datetime_start,datetime_complete,duration,params_BEAR_RATIO,params_BULL_RATIO,params_GRID_MAX_LAYER,params_GRID_STEP_MAX,params_GRID_STEP_MIN,params_GRID_STEP_VOL_FACTOR,params_LAYER_FRACTION,params_MAX_HOLD,params_NEUTRAL_RATIO,params_REBALANCE_FREQ,params_VOL_WEIGHT,user_attrs_avg_test_score,user_attrs_avg_train_score,user_attrs_test_score_std,user_attrs_train_test_gap,user_attrs_validation_error,state
5520,-0.4848522533601808,2026-05-12 18:48:29.845991,2026-05-12 18:48:35.894964,0 days 00:00:06.048973,0.35,0.7,3,0.05,0.01,0.3,0.12,6,0.6,5,0.8,,,,,,PRUNED
5521,-0.5179924623587872,2026-05-12 18:48:35.923981,2026-05-12 18:48:36.528718,0 days 00:00:00.604737,0.45,0.7,2,0.05,0.02,0.6,0.08,6,0.5,20,0.8,-0.39108387647623727,-0.030830266507629607,0.2538171717650998,0.36025360996860767,,COMPLETE
5522,-0.47176917751823644,2026-05-12 18:48:36.554221,2026-05-12 18:48:41.486030,0 days 00:00:04.931809,0.45,0.9,2,0.03,0.01,0.3,0.08,6,0.6,20,0.8,,,,,,PRUNED
5523,-0.5179924623587872,2026-05-12 18:48:41.518259,2026-05-12 18:48:42.087578,0 days 00:00:00.569319,0.45,0.7,2,0.05,0.02,0.6,0.08,6,0.5,20,0.8,-0.39108387647623727,-0.030830266507629607,0.2538171717650998,0.36025360996860767,,COMPLETE
5524,-0.46012303789174014,2026-05-12 18:48:42.112101,2026-05-12 18:48:44.791259,0 days 00:00:02.679158,0.35,0.7,2,0.03,0.02,0.6,0.08,4,0.5,10,0.5,,,,,,PRUNED
5525,-0.4100386278766106,2026-05-12 18:48:44.818218,2026-05-12 18:48:45.210745,0 days 00:00:00.392527,0.45,0.7,2,0.05,0.02,0.3,0.08,6,0.5,20,0.8,,,,,,PRUNED
5526,-0.4455304405241618,2026-05-12 18:48:45.239162,2026-05-12 18:48:49.498787,0 days 00:00:04.259625,0.45,0.7,2,0.03,0.02,0.6,0.08,4,0.5,10,0.8,,,,,,PRUNED
5527,-0.4605661571645899,2026-05-12 18:48:49.524692,2026-05-12 18:48:54.797557,0 days 00:00:05.272865,0.45,0.9,2,0.05,0.02,0.45,0.08,6,0.7,10,0.65,,,,,,PRUNED
5528,-0.41425741193738236,2026-05-12 18:48:54.824644,2026-05-12 18:48:55.214917,0 days 00:00:00.390273,0.45,0.7,2,0.05,0.02,0.6,0.08,6,0.5,5,0.8,,,,,,PRUNED
5529,-0.4485995851406357,2026-05-12 18:48:55.242097,2026-05-12 18:49:01.206976,0 days 00:00:05.964879,0.45,0.7,2,0.03,0.02,0.3,0.08,6,0.6,20,0.8,,,,,,PRUNED
5530,-0.4775039028511857,2026-05-12 18:49:01.236745,2026-05-12 18:49:06.424511,0 days 00:00:05.187766,0.45,0.7,2,0.03,0.02,0.45,0.16,6,0.5,20,0.8,,,,,,PRUNED
5531,-0.5094450269287789,2026-05-12 18:49:06.452025,2026-05-12 18:49:12.252057,0 days 00:00:05.800032,0.25,0.7,3,0.05,0.01,0.45,0.12,6,0.5,5,0.8,,,,,,PRUNED
5532,-0.5825139853896287,2026-05-12 18:49:12.276825,2026-05-12 18:49:15.702360,0 days 00:00:03.425535,0.45,0.7,2,0.03,0.01,0.45,0.08,3,0.5,20,0.65,,,,,,PRUNED
5533,-9999.0,2026-05-12 18:49:15.731352,2026-05-12 18:49:16.049589,0 days 00:00:00.318237,0.45,0.7,2,0.03,0.01,0.45,0.08,6,0.7,20,0.8,,,,,BEAR_RATIO < NEUTRAL_RATIO < BULL_RATIO 约束违反: 0.45 / 0.7 / 0.7,COMPLETE
5534,-0.5179924623587872,2026-05-12 18:49:16.094577,2026-05-12 18:49:16.715761,0 days 00:00:00.621184,0.45,0.7,2,0.05,0.02,0.6,0.08,6,0.5,20,0.8,-0.39108387647623727,-0.030830266507629607,0.2538171717650998,0.36025360996860767,,COMPLETE
5535,-0.5261731824983611,2026-05-12 18:49:16.743036,2026-05-12 18:49:19.852278,0 days 00:00:03.109242,0.35,0.8,4,0.03,0.02,0.3,0.16,4,0.7,20,0.8,,,,,,PRUNED
5536,-0.4296411080598753,2026-05-12 18:49:19.879642,2026-05-12 18:49:20.403497,0 days 00:00:00.523855,0.45,0.7,2,0.05,0.02,0.6,0.16,6,0.5,20,0.8,,,,,,PRUNED
5537,-0.6050208575923,2026-05-12 18:49:20.430719,2026-05-12 18:49:23.965468,0 days 00:00:03.534749,0.35,0.8,4,0.05,0.01,0.6,0.16,3,0.5,20,0.65,,,,,,PRUNED
5538,-0.42056632138184724,2026-05-12 18:49:23.992485,2026-05-12 18:49:24.366738,0 days 00:00:00.374253,0.45,0.8,2,0.05,0.02,0.6,0.08,6,0.5,20,0.8,,,,,,PRUNED
5539,-0.46344977605691084,2026-05-12 18:49:24.394051,2026-05-12 18:49:30.527311,0 days 00:00:06.133260,0.35,0.7,3,0.05,0.02,0.6,0.12,6,0.5,5,0.8,,,,,,PRUNED
5540,-0.4950695118769232,2026-05-12 18:49:30.554624,2026-05-12 18:49:35.909332,0 days 00:00:05.354708,0.25,0.8,2,0.05,0.01,0.6,0.08,6,0.6,10,0.65,,,,,,PRUNED
5541,-9999.0,2026-05-12 18:49:35.957806,2026-05-12 18:49:36.292457,0 days 00:00:00.334651,0.25,0.7,2,0.05,0.02,0.6,0.16,4,0.7,5,0.5,,,,,BEAR_RATIO < NEUTRAL_RATIO < BULL_RATIO 约束违反: 0.25 / 0.7 / 0.7,COMPLETE
5542,-0.478850703910616,2026-05-12 18:49:36.322863,2026-05-12 18:49:41.481248,0 days 00:00:05.158385,0.35,0.7,4,0.05,0.02,0.6,0.16,6,0.6,20,0.65,,,,,,PRUNED
5543,-0.5179924623587872,2026-05-12 18:49:41.511287,2026-05-12 18:49:42.125274,0 days 00:00:00.613987,0.45,0.7,2,0.05,0.02,0.6,0.08,6,0.5,20,0.8,-0.39108387647623727,-0.030830266507629607,0.2538171717650998,0.36025360996860767,,COMPLETE
5544,-9999.0,2026-05-12 18:49:42.170766,2026-05-12 18:49:42.530937,0 days 00:00:00.360171,0.45,0.7,4,0.05,0.02,0.3,0.08,6,0.7,20,0.8,,,,,BEAR_RATIO < NEUTRAL_RATIO < BULL_RATIO 约束违反: 0.45 / 0.7 / 0.7,COMPLETE
5545,-0.5179924623587872,2026-05-12 18:49:42.559468,2026-05-12 18:49:43.156511,0 days 00:00:00.597043,0.45,0.7,2,0.05,0.02,0.6,0.08,6,0.5,20,0.8,-0.39108387647623727,-0.030830266507629607,0.2538171717650998,0.36025360996860767,,COMPLETE
5546,-0.43333909441165963,2026-05-12 18:49:43.199888,2026-05-12 18:49:44.155453,0 days 00:00:00.955565,0.35,0.7,2,0.05,0.02,0.6,0.08,6,0.5,20,0.8,,,,,,PRUNED
5547,-0.4317758908181338,2026-05-12 18:49:44.181735,2026-05-12 18:49:47.468866,0 days 00:00:03.287131,0.45,0.7,3,0.03,0.02,0.3,0.08,6,0.5,20,0.8,,,,,,PRUNED
5548,-0.4378742937405975,2026-05-12 18:49:47.493769,2026-05-12 18:49:47.889774,0 days 00:00:00.396005,0.35,0.7,2,0.05,0.02,0.3,0.08,6,0.5,20,0.8,,,,,,PRUNED
5549,-0.5273479817625899,2026-05-12 18:49:47.916836,2026-05-12 18:49:52.487835,0 days 00:00:04.570999,0.45,0.8,2,0.03,0.01,0.45,0.16,5,0.7,20,0.65,,,,,,PRUNED
5550,-0.5831791489102345,2026-05-12 18:49:52.512293,2026-05-12 18:49:56.209913,0 days 00:00:03.697620,0.25,0.9,3,0.03,0.01,0.45,0.08,3,0.7,10,0.65,,,,,,PRUNED
5551,-0.5179924623587872,2026-05-12 18:49:56.234988,2026-05-12 18:49:56.834741,0 days 00:00:00.599753,0.45,0.7,2,0.05,0.02,0.6,0.08,6,0.5,20,0.8,-0.39108387647623727,-0.030830266507629607,0.2538171717650998,0.36025360996860767,,COMPLETE
5552,-0.5179924623587872,2026-05-12 18:49:56.864284,2026-05-12 18:49:57.493330,0 days 00:00:00.629046,0.45,0.7,2,0.05,0.02,0.6,0.08,6,0.5,20,0.8,-0.39108387647623727,-0.030830266507629607,0.2538171717650998,0.36025360996860767,,COMPLETE
5553,-0.450280016182787,2026-05-12 18:49:57.519428,2026-05-12 18:49:57.932074,0 days 00:00:00.412646,0.35,0.7,2,0.05,0.02,0.6,0.08,6,0.6,20,0.8,,,,,,PRUNED
5554,-0.438802543676426,2026-05-12 18:49:57.959076,2026-05-12 18:50:05.067775,0 days 00:00:07.108699,0.45,0.7,4,0.03,0.02,0.6,0.08,6,0.5,5,0.65,,,,,,PRUNED
5555,-0.5208945891940371,2026-05-12 18:50:05.122571,2026-05-12 18:50:10.395412,0 days 00:00:05.272841,0.35,0.8,3,0.03,0.01,0.3,0.12,6,0.7,20,0.8,,,,,,PRUNED
5556,-0.48627208518583703,2026-05-12 18:50:10.424576,2026-05-12 18:50:15.685520,0 days 00:00:05.260944,0.45,0.9,3,0.05,0.02,0.45,0.16,6,0.7,20,0.8,,,,,,PRUNED
5557,-0.43344177261782246,2026-05-12 18:50:15.714400,2026-05-12 18:50:21.075327,0 days 00:00:05.360927,0.35,0.7,2,0.05,0.02,0.45,0.08,6,0.5,10,0.8,,,,,,PRUNED
5558,-0.5360857190213661,2026-05-12 18:50:21.101805,2026-05-12 18:50:25.440527,0 days 00:00:04.338722,0.25,0.8,4,0.03,0.01,0.6,0.08,3,0.6,5,0.65,,,,,,PRUNED
5559,-9999.0,2026-05-12 18:50:25.467324,2026-05-12 18:50:25.805827,0 days 00:00:00.338503,0.45,0.7,2,0.05,0.02,0.6,0.08,6,0.7,20,0.8,,,,,BEAR_RATIO < NEUTRAL_RATIO < BULL_RATIO 约束违反: 0.45 / 0.7 / 0.7,COMPLETE
5560,-0.5466459710842972,2026-05-12 18:50:25.833277,2026-05-12 18:50:30.546163,0 days 00:00:04.712886,0.25,0.9,2,0.03,0.02,0.45,0.12,5,0.7,10,0.8,,,,,,PRUNED
5561,-0.5179924623587872,2026-05-12 18:50:30.570395,2026-05-12 18:50:31.106029,0 days 00:00:00.535634,0.45,0.7,2,0.05,0.02,0.6,0.08,6,0.5,20,0.8,-0.39108387647623727,-0.030830266507629607,0.2538171717650998,0.36025360996860767,,COMPLETE
5562,-0.43608096654459877,2026-05-12 18:50:31.129934,2026-05-12 18:50:35.717270,0 days 00:00:04.587336,0.45,0.9,4,0.05,0.01,0.3,0.08,6,0.5,20,0.65,,,,,,PRUNED
5563,-0.4738221018429511,2026-05-12 18:50:35.749150,2026-05-12 18:50:36.121773,0 days 00:00:00.372623,0.25,0.7,2,0.05,0.02,0.45,0.08,6,0.5,20,0.8,,,,,,PRUNED
5564,-0.6002822452240834,2026-05-12 18:50:36.145011,2026-05-12 18:50:39.780371,0 days 00:00:03.635360,0.25,0.9,3,0.03,0.02,0.45,0.16,3,0.6,10,0.8,,,,,,PRUNED
5565,-0.46404328409992823,2026-05-12 18:50:39.804573,2026-05-12 18:50:44.861628,0 days 00:00:05.057055,0.35,0.8,4,0.05,0.01,0.45,0.08,6,0.6,20,0.5,,,,,,PRUNED
5566,-0.5179924623587872,2026-05-12 18:50:44.890319,2026-05-12 18:50:45.446974,0 days 00:00:00.556655,0.45,0.7,2,0.05,0.02,0.6,0.08,6,0.5,20,0.8,-0.39108387647623727,-0.030830266507629607,0.2538171717650998,0.36025360996860767,,COMPLETE
5567,-0.4318124553734489,2026-05-12 18:50:45.475091,2026-05-12 18:50:45.832226,0 days 00:00:00.357135,0.45,0.7,2,0.03,0.02,0.6,0.08,6,0.5,20,0.8,,,,,,PRUNED
5568,-0.63451166995393,2026-05-12 18:50:45.859728,2026-05-12 18:50:49.343567,0 days 00:00:03.483839,0.45,0.9,3,0.03,0.02,0.6,0.16,3,0.6,20,0.8,,,,,,PRUNED
5569,-0.4866110009128765,2026-05-12 18:50:49.369969,2026-05-12 18:50:53.683832,0 days 00:00:04.313863,0.35,0.7,2,0.03,0.01,0.45,0.12,4,0.6,10,0.5,,,,,,PRUNED
5570,-0.4337598227322236,2026-05-12 18:50:53.711539,2026-05-12 18:50:54.088909,0 days 00:00:00.377370,0.45,0.7,2,0.05,0.02,0.6,0.08,4,0.6,20,0.8,,,,,,PRUNED
5571,-0.5179924623587872,2026-05-12 18:50:54.115916,2026-05-12 18:50:53.349543,-1 days +23:59:59.233627,0.45,0.7,2,0.05,0.02,0.6,0.08,6,0.5,20,0.8,-0.39108387647623727,-0.030830266507629607,0.2538171717650998,0.36025360996860767,,COMPLETE
5572,-0.4844851620029681,2026-05-12 18:50:53.378327,2026-05-12 18:50:58.524518,0 days 00:00:05.146191,0.35,0.8,3,0.05,0.02,0.6,0.12,4,0.7,10,0.5,,,,,,PRUNED
5573,-0.5179924623587872,2026-05-12 18:50:58.549290,2026-05-12 18:50:59.114755,0 days 00:00:00.565465,0.45,0.7,2,0.05,0.01,0.6,0.08,6,0.5,20,0.8,-0.39108387647623727,-0.030830266507629607,0.2538171717650998,0.36025360996860767,,COMPLETE
5574,-0.4922154579253539,2026-05-12 18:50:59.141505,2026-05-12 18:51:03.415122,0 days 00:00:04.273617,0.45,0.9,4,0.03,0.01,0.45,0.16,4,0.5,10,0.8,,,,,,PRUNED
5575,-0.5109861945706096,2026-05-12 18:51:03.440426,2026-05-12 18:51:07.432553,0 days 00:00:03.992127,0.35,0.8,3,0.03,0.02,0.3,0.16,4,0.6,20,0.5,,,,,,PRUNED
5576,-0.434017431204229,2026-05-12 18:51:07.456352,2026-05-12 18:51:07.859334,0 days 00:00:00.402982,0.35,0.7,2,0.05,0.02,0.6,0.08,6,0.5,10,0.8,,,,,,PRUNED
5577,-0.6240468354894974,2026-05-12 18:51:07.885575,2026-05-12 18:51:11.519918,0 days 00:00:03.634343,0.35,0.9,2,0.03,0.01,0.45,0.08,3,0.6,20,0.5,,,,,,PRUNED
5578,-0.49100934217201125,2026-05-12 18:51:11.548453,2026-05-12 18:51:16.094502,0 days 00:00:04.546049,0.25,0.8,3,0.05,0.01,0.6,0.12,4,0.6,10,0.8,,,,,,PRUNED
5579,-0.5182406672588966,2026-05-12 18:51:16.120505,2026-05-12 18:51:16.715699,0 days 00:00:00.595194,0.45,0.7,2,0.05,0.02,0.45,0.08,6,0.5,20,0.8,-0.3910743597599139,-0.030648087966744914,0.25433261499796533,0.360426271793169,,COMPLETE
5580,-0.4632046949078261,2026-05-12 18:51:16.742024,2026-05-12 18:51:22.236105,0 days 00:00:05.494081,0.35,0.9,2,0.05,0.01,0.3,0.08,6,0.5,10,0.65,,,,,,PRUNED
5581,-0.5631069199780491,2026-05-12 18:51:22.262543,2026-05-12 18:51:27.079037,0 days 00:00:04.816494,0.35,0.8,2,0.03,0.02,0.45,0.16,6,0.7,5,0.5,,,,,,PRUNED
5582,-0.42224768267245916,2026-05-12 18:51:27.103602,2026-05-12 18:51:32.198428,0 days 00:00:05.094826,0.45,0.8,2,0.05,0.02,0.3,0.08,6,0.5,20,0.5,,,,,,PRUNED
5583,-0.5179924623587872,2026-05-12 18:51:32.238505,2026-05-12 18:51:32.809531,0 days 00:00:00.571026,0.45,0.7,2,0.05,0.02,0.6,0.08,6,0.5,20,0.8,-0.39108387647623727,-0.030830266507629607,0.2538171717650998,0.36025360996860767,,COMPLETE
5584,-0.506599832674211,2026-05-12 18:51:32.835108,2026-05-12 18:51:38.747630,0 days 00:00:05.912522,0.35,0.8,3,0.03,0.02,0.6,0.12,6,0.5,5,0.65,,,,,,PRUNED
5585,-0.4979911937114982,2026-05-12 18:51:38.773071,2026-05-12 18:51:43.851239,0 days 00:00:05.078168,0.25,0.7,2,0.05,0.02,0.6,0.12,6,0.6,20,0.8,,,,,,PRUNED
5586,-0.4974073281927062,2026-05-12 18:51:43.877016,2026-05-12 18:51:44.297673,0 days 00:00:00.420657,0.25,0.7,2,0.03,0.02,0.6,0.08,6,0.5,20,0.8,,,,,,PRUNED
5587,-9999.0,2026-05-12 18:51:44.326784,2026-05-12 18:51:44.667720,0 days 00:00:00.340936,0.45,0.7,2,0.03,0.02,0.6,0.16,4,0.7,20,0.5,,,,,BEAR_RATIO < NEUTRAL_RATIO < BULL_RATIO 约束违反: 0.45 / 0.7 / 0.7,COMPLETE
5588,-0.49537842101291457,2026-05-12 18:51:44.694078,2026-05-12 18:51:49.275611,0 days 00:00:04.581533,0.25,0.9,2,0.05,0.01,0.6,0.08,4,0.7,10,0.65,,,,,,PRUNED
5589,-0.47523143279758634,2026-05-12 18:51:49.303206,2026-05-12 18:51:55.137064,0 days 00:00:05.833858,0.35,0.9,3,0.05,0.02,0.6,0.08,6,0.6,20,0.65,,,,,,PRUNED
5590,-0.45689033006274743,2026-05-12 18:51:55.163473,2026-05-12 18:51:59.818828,0 days 00:00:04.655355,0.45,0.7,4,0.05,0.02,0.3,0.12,5,0.6,20,0.65,,,,,,PRUNED
5591,-0.5207110342196645,2026-05-12 18:51:59.845019,2026-05-12 18:52:04.757421,0 days 00:00:04.912402,0.45,0.9,4,0.03,0.02,0.45,0.12,4,0.5,5,0.8,,,,,,PRUNED
5592,-9999.0,2026-05-12 18:52:04.782749,2026-05-12 18:52:05.137319,0 days 00:00:00.354570,0.45,0.7,2,0.05,0.02,0.6,0.12,6,0.7,10,0.8,,,,,BEAR_RATIO < NEUTRAL_RATIO < BULL_RATIO 约束违反: 0.45 / 0.7 / 0.7,COMPLETE
5593,-0.45456110486561263,2026-05-12 18:52:05.161482,2026-05-12 18:52:05.542792,0 days 00:00:00.381310,0.45,0.9,2,0.03,0.02,0.6,0.08,6,0.5,20,0.8,,,,,,PRUNED
5594,-0.5997445557865859,2026-05-12 18:52:05.569206,2026-05-12 18:52:08.942485,0 days 00:00:03.373279,0.35,0.7,2,0.05,0.02,0.6,0.08,3,0.6,20,0.8,,,,,,PRUNED
5595,-0.43223096142417294,2026-05-12 18:52:08.967822,2026-05-12 18:52:09.333701,0 days 00:00:00.365879,0.45,0.9,2,0.05,0.02,0.6,0.08,6,0.5,20,0.8,,,,,,PRUNED
5596,-0.5017664072788331,2026-05-12 18:52:09.361854,2026-05-12 18:52:12.630651,0 days 00:00:03.268797,0.25,0.8,2,0.05,0.02,0.6,0.08,6,0.7,20,0.5,,,,,,PRUNED
5597,-0.5179924623587872,2026-05-12 18:52:12.655194,2026-05-12 18:52:13.243439,0 days 00:00:00.588245,0.45,0.7,2,0.05,0.02,0.6,0.08,6,0.5,20,0.8,-0.39108387647623727,-0.030830266507629607,0.2538171717650998,0.36025360996860767,,COMPLETE
5598,-0.5629893878377972,2026-05-12 18:52:13.272086,2026-05-12 18:52:16.756066,0 days 00:00:03.483980,0.35,0.8,4,0.03,0.02,0.3,0.08,3,0.6,10,0.65,,,,,,PRUNED
5599,-0.45828045941973783,2026-05-12 18:52:16.782990,2026-05-12 18:52:21.587134,0 days 00:00:04.804144,0.35,0.7,2,0.05,0.02,0.6,0.16,6,0.5,20,0.5,,,,,,PRUNED
5600,-0.5179924623587872,2026-05-12 18:52:21.616370,2026-05-12 18:52:22.250772,0 days 00:00:00.634402,0.45,0.7,2,0.05,0.02,0.6,0.08,6,0.5,20,0.5,-0.39108387647623727,-0.030830266507629607,0.2538171717650998,0.36025360996860767,,COMPLETE
5601,-9999.0,2026-05-12 18:52:22.276894,2026-05-12 18:52:22.607231,0 days 00:00:00.330337,0.35,0.7,2,0.05,0.02,0.6,0.08,6,0.7,20,0.8,,,,,BEAR_RATIO < NEUTRAL_RATIO < BULL_RATIO 约束违反: 0.35 / 0.7 / 0.7,COMPLETE
5602,-0.4723132066796094,2026-05-12 18:52:22.636158,2026-05-12 18:52:26.843306,0 days 00:00:04.207148,0.25,0.8,4,0.05,0.02,0.3,0.08,4,0.5,20,0.5,,,,,,PRUNED
5603,-0.6106686618703441,2026-05-12 18:52:26.872047,2026-05-12 18:52:30.695010,0 days 00:00:03.822963,0.25,0.9,2,0.05,0.01,0.45,0.08,3,0.5,20,0.65,,,,,,PRUNED
5604,-0.4194511448045569,2026-05-12 18:52:30.723267,2026-05-12 18:52:31.127545,0 days 00:00:00.404278,0.45,0.7,2,0.05,0.02,0.6,0.12,6,0.5,20,0.8,,,,,,PRUNED
5605,-0.49600449594602886,2026-05-12 18:52:31.155824,2026-05-12 18:52:35.459246,0 days 00:00:04.303422,0.25,0.7,4,0.03,0.02,0.3,0.12,4,0.5,20,0.65,,,,,,PRUNED
5606,-0.4395514628060745,2026-05-12 18:52:35.506376,2026-05-12 18:52:40.408151,0 days 00:00:04.901775,0.45,0.8,4,0.05,0.01,0.6,0.08,5,0.5,20,0.8,,,,,,PRUNED
5607,-9999.0,2026-05-12 18:52:40.437543,2026-05-12 18:52:40.794657,0 days 00:00:00.357114,0.45,0.7,4,0.05,0.01,0.6,0.08,3,0.7,20,0.8,,,,,BEAR_RATIO < NEUTRAL_RATIO < BULL_RATIO 约束违反: 0.45 / 0.7 / 0.7,COMPLETE
5608,-0.5715107846558711,2026-05-12 18:52:40.823799,2026-05-12 18:52:41.206893,0 days 00:00:00.383094,0.45,0.7,2,0.05,0.02,0.6,0.08,3,0.5,20,0.8,,,,,,PRUNED
5609,-0.566246201621937,2026-05-12 18:52:41.234906,2026-05-12 18:52:43.740472,0 days 00:00:02.505566,0.25,0.8,4,0.05,0.02,0.6,0.08,3,0.7,10,0.65,,,,,,PRUNED
5610,-0.5284015839043678,2026-05-12 18:52:43.768613,2026-05-12 18:52:49.759425,0 days 00:00:05.990812,0.35,0.8,3,0.03,0.02,0.3,0.16,5,0.7,10,0.5,,,,,,PRUNED
5611,-9999.0,2026-05-12 18:52:49.785229,2026-05-12 18:52:50.105285,0 days 00:00:00.320056,0.45,0.7,2,0.05,0.02,0.6,0.16,6,0.7,20,0.8,,,,,BEAR_RATIO < NEUTRAL_RATIO < BULL_RATIO 约束违反: 0.45 / 0.7 / 0.7,COMPLETE
5612,-0.4842622580921909,2026-05-12 18:52:50.131290,2026-05-12 18:52:55.212319,0 days 00:00:05.081029,0.45,0.7,4,0.05,0.02,0.3,0.08,4,0.6,5,0.8,,,,,,PRUNED
5613,-0.5181072628045208,2026-05-12 18:52:55.238600,2026-05-12 18:52:59.563868,0 days 00:00:04.325268,0.25,0.7,3,0.03,0.01,0.3,0.16,4,0.6,20,0.5,,,,,,PRUNED
5614,-0.5942990912664649,2026-05-12 18:52:59.600811,2026-05-12 18:53:03.249324,0 days 00:00:03.648513,0.45,0.9,4,0.05,0.02,0.6,0.12,3,0.5,20,0.5,,,,,,PRUNED
5615,-0.4981430412804537,2026-05-12 18:53:03.277510,2026-05-12 18:53:08.383017,0 days 00:00:05.105507,0.35,0.7,2,0.05,0.01,0.6,0.16,4,0.5,5,0.8,,,,,,PRUNED
5616,-0.6147895678856595,2026-05-12 18:53:08.410433,2026-05-12 18:53:11.874453,0 days 00:00:03.464020,0.45,0.8,2,0.05,0.02,0.45,0.08,3,0.7,20,0.8,,,,,,PRUNED
5617,-0.5182449822156012,2026-05-12 18:53:11.902065,2026-05-12 18:53:14.702637,0 days 00:00:02.800572,0.35,0.9,2,0.05,0.02,0.45,0.16,3,0.7,5,0.65,,,,,,PRUNED
5618,-0.48891945722005103,2026-05-12 18:53:14.728074,2026-05-12 18:53:19.663295,0 days 00:00:04.935221,0.35,0.9,4,0.05,0.01,0.6,0.08,6,0.7,20,0.65,,,,,,PRUNED
5619,-0.49886348863259145,2026-05-12 18:53:19.692032,2026-05-12 18:53:25.438468,0 days 00:00:05.746436,0.45,0.9,3,0.03,0.02,0.45,0.08,5,0.7,5,0.8,,,,,,PRUNED
5620,-0.46871751749225243,2026-05-12 18:53:25.466413,2026-05-12 18:53:30.689222,0 days 00:00:05.222809,0.45,0.9,2,0.05,0.02,0.45,0.16,5,0.6,10,0.5,,,,,,PRUNED
5621,-0.4242910183560481,2026-05-12 18:53:30.717226,2026-05-12 18:53:31.127402,0 days 00:00:00.410176,0.45,0.7,2,0.05,0.02,0.6,0.08,5,0.5,20,0.8,,,,,,PRUNED
5622,-0.41092033298660485,2026-05-12 18:53:31.156569,2026-05-12 18:53:36.783094,0 days 00:00:05.626525,0.45,0.7,4,0.05,0.02,0.45,0.08,6,0.5,10,0.8,,,,,,PRUNED
5623,-0.5259689701789745,2026-05-12 18:53:36.808436,2026-05-12 18:53:40.562551,0 days 00:00:03.754115,0.45,0.7,2,0.03,0.01,0.6,0.08,3,0.5,10,0.8,,,,,,PRUNED
5624,-0.4650983713438304,2026-05-12 18:53:40.611556,2026-05-12 18:53:45.211324,0 days 00:00:04.599768,0.45,0.9,2,0.03,0.02,0.6,0.08,6,0.5,5,0.8,,,,,,PRUNED
5625,-0.48761315940534733,2026-05-12 18:53:45.240636,2026-05-12 18:53:50.890893,0 days 00:00:05.650257,0.45,0.8,2,0.03,0.01,0.45,0.08,5,0.7,20,0.5,,,,,,PRUNED
5626,-9999.0,2026-05-12 18:53:50.916806,2026-05-12 18:53:51.237833,0 days 00:00:00.321027,0.45,0.7,4,0.05,0.01,0.6,0.08,6,0.7,10,0.8,,,,,BEAR_RATIO < NEUTRAL_RATIO < BULL_RATIO 约束违反: 0.45 / 0.7 / 0.7,COMPLETE
5627,-9999.0,2026-05-12 18:53:51.266977,2026-05-12 18:53:51.593389,0 days 00:00:00.326412,0.45,0.7,3,0.05,0.01,0.3,0.08,4,0.7,10,0.65,,,,,BEAR_RATIO < NEUTRAL_RATIO < BULL_RATIO 约束违反: 0.45 / 0.7 / 0.7,COMPLETE
5628,-0.5242553595995746,2026-05-12 18:53:51.622517,2026-05-12 18:53:56.692864,0 days 00:00:05.070347,0.35,0.9,2,0.05,0.01,0.45,0.16,4,0.5,5,0.8,,,,,,PRUNED
5629,-0.46405026531376065,2026-05-12 18:53:56.719657,2026-05-12 18:54:01.289137,0 days 00:00:04.569480,0.45,0.9,2,0.03,0.02,0.6,0.08,4,0.5,10,0.65,,,,,,PRUNED
5630,-0.5179924623587872,2026-05-12 18:54:01.317227,2026-05-12 18:54:01.940039,0 days 00:00:00.622812,0.45,0.7,2,0.05,0.02,0.6,0.08,6,0.5,20,0.8,-0.39108387647623727,-0.030830266507629607,0.2538171717650998,0.36025360996860767,,COMPLETE
5631,-0.5179924623587872,2026-05-12 18:54:01.967656,2026-05-12 18:54:02.555929,0 days 00:00:00.588273,0.45,0.7,2,0.05,0.02,0.6,0.08,6,0.5,20,0.65,-0.39108387647623727,-0.030830266507629607,0.2538171717650998,0.36025360996860767,,COMPLETE
5632,-0.45714984759719324,2026-05-12 18:54:02.586625,2026-05-12 18:54:07.496049,0 days 00:00:04.909424,0.45,0.8,3,0.03,0.01,0.45,0.08,5,0.5,20,0.5,,,,,,PRUNED
5633,-0.410125315542252,2026-05-12 18:54:07.522238,2026-05-12 18:54:07.899289,0 days 00:00:00.377051,0.45,0.7,4,0.05,0.02,0.6,0.08,6,0.5,20,0.8,,,,,,PRUNED
5634,-0.508336875780538,2026-05-12 18:54:07.926610,2026-05-12 18:54:13.729518,0 days 00:00:05.802908,0.25,0.8,2,0.05,0.02,0.6,0.08,6,0.5,5,0.8,,,,,,PRUNED
5635,-0.5058194793338718,2026-05-12 18:54:13.757089,2026-05-12 18:54:17.527610,0 days 00:00:03.770521,0.25,0.7,3,0.03,0.01,0.45,0.08,6,0.6,10,0.65,,,,,,PRUNED
5636,-0.5641670143080326,2026-05-12 18:54:17.554557,2026-05-12 18:54:23.263477,0 days 00:00:05.708920,0.25,0.8,4,0.05,0.01,0.6,0.12,4,0.7,5,0.8,,,,,,PRUNED
5637,-0.5611795777360817,2026-05-12 18:54:23.295385,2026-05-12 18:54:27.455922,0 days 00:00:04.160537,0.35,0.9,3,0.05,0.01,0.3,0.12,3,0.6,10,0.65,,,,,,PRUNED
5638,-0.47156690089789366,2026-05-12 18:54:27.485753,2026-05-12 18:54:33.050080,0 days 00:00:05.564327,0.35,0.7,2,0.05,0.01,0.45,0.16,5,0.6,10,0.65,,,,,,PRUNED
5639,-0.5465224635034419,2026-05-12 18:54:33.082415,2026-05-12 18:54:37.180148,0 days 00:00:04.097733,0.45,0.8,2,0.03,0.02,0.6,0.12,3,0.5,10,0.65,,,,,,PRUNED
5640,-0.5055022342615785,2026-05-12 18:54:37.209199,2026-05-12 18:54:41.320790,0 days 00:00:04.111591,0.25,0.8,4,0.03,0.01,0.3,0.12,4,0.5,20,0.5,,,,,,PRUNED
5641,-0.47453650948250453,2026-05-12 18:54:41.347522,2026-05-12 18:54:45.543058,0 days 00:00:04.195536,0.35,0.8,2,0.05,0.01,0.3,0.16,4,0.6,20,0.5,,,,,,PRUNED
5642,-0.4830598893702683,2026-05-12 18:54:45.569458,2026-05-12 18:54:49.895605,0 days 00:00:04.326147,0.35,0.9,2,0.03,0.02,0.3,0.08,6,0.5,10,0.5,,,,,,PRUNED
5643,-0.41781777601619446,2026-05-12 18:54:49.921857,2026-05-12 18:54:55.427271,0 days 00:00:05.505414,0.45,0.7,4,0.05,0.02,0.3,0.08,5,0.5,5,0.5,,,,,,PRUNED
