number,value,datetime_start,datetime_complete,duration,params_BEAR_RATIO,params_BULL_RATIO,params_GRID_MAX_LAYER,params_GRID_STEP_MAX,params_GRID_STEP_MIN,params_GRID_STEP_VOL_FACTOR,params_LAYER_FRACTION,params_MAX_HOLD,params_NEUTRAL_RATIO,params_REBALANCE_FREQ,params_VOL_WEIGHT,user_attrs_avg_test_score,user_attrs_avg_train_score,user_attrs_test_score_std,user_attrs_train_test_gap,user_attrs_validation_error,state
11118,-0.5863309925457203,2026-05-12 23:27:36.708456,2026-05-12 23:27:42.300196,0 days 00:00:05.591740,0.25,0.9,2,0.03,0.02,0.45,0.16,5,0.6,5,0.5,,,,,,PRUNED
11119,-0.47489178281133004,2026-05-12 23:27:42.336182,2026-05-12 23:27:46.978231,0 days 00:00:04.642049,0.35,0.7,4,0.05,0.01,0.3,0.16,5,0.5,20,0.65,,,,,,PRUNED
11120,-0.5179924623587872,2026-05-12 23:27:47.008489,2026-05-12 23:27:47.663436,0 days 00:00:00.654947,0.45,0.7,2,0.05,0.02,0.6,0.08,6,0.5,20,0.8,-0.39108387647623727,-0.030830266507629607,0.2538171717650998,0.36025360996860767,,COMPLETE
11121,-0.4092788272711371,2026-05-12 23:27:47.692062,2026-05-12 23:27:48.157403,0 days 00:00:00.465341,0.45,0.7,3,0.05,0.02,0.6,0.08,6,0.5,20,0.8,,,,,,PRUNED
11122,-0.4999644052370205,2026-05-12 23:27:48.186871,2026-05-12 23:27:53.229566,0 days 00:00:05.042695,0.45,0.9,2,0.03,0.01,0.45,0.12,4,0.7,20,0.5,,,,,,PRUNED
11123,-0.5358901958475917,2026-05-12 23:27:53.259657,2026-05-12 23:27:58.783922,0 days 00:00:05.524265,0.25,0.9,3,0.03,0.01,0.45,0.08,5,0.5,5,0.8,,,,,,PRUNED
11124,-0.5090029273455111,2026-05-12 23:27:58.813282,2026-05-12 23:28:06.494823,0 days 00:00:07.681541,0.45,0.8,4,0.03,0.01,0.3,0.12,5,0.7,5,0.65,,,,,,PRUNED
11125,-0.5143726851911894,2026-05-12 23:28:06.591574,2026-05-12 23:28:12.302510,0 days 00:00:05.710936,0.35,0.8,3,0.03,0.01,0.3,0.08,5,0.7,5,0.8,,,,,,PRUNED
11126,-0.4359975780076848,2026-05-12 23:28:12.334380,2026-05-12 23:28:18.095364,0 days 00:00:05.760984,0.45,0.7,4,0.05,0.01,0.6,0.08,6,0.6,5,0.8,,,,,,PRUNED
11127,-0.5551311317383668,2026-05-12 23:28:18.125018,2026-05-12 23:28:21.933921,0 days 00:00:03.808903,0.45,0.7,2,0.03,0.02,0.6,0.12,3,0.6,10,0.8,,,,,,PRUNED
11128,-0.49043385485519553,2026-05-12 23:28:21.961375,2026-05-12 23:28:26.942263,0 days 00:00:04.980888,0.45,0.9,4,0.03,0.01,0.45,0.12,5,0.6,10,0.8,,,,,,PRUNED
11129,-0.4786603480076955,2026-05-12 23:28:26.974511,2026-05-12 23:28:31.346641,0 days 00:00:04.372130,0.45,0.8,3,0.03,0.02,0.45,0.12,3,0.6,5,0.5,,,,,,PRUNED
11130,-9999.0,2026-05-12 23:28:31.377219,2026-05-12 23:28:31.795645,0 days 00:00:00.418426,0.35,0.7,4,0.05,0.02,0.3,0.12,4,0.7,5,0.5,,,,,BEAR_RATIO < NEUTRAL_RATIO < BULL_RATIO 约束违反: 0.35 / 0.7 / 0.7,COMPLETE
11131,-0.49170245922615335,2026-05-12 23:28:31.827978,2026-05-12 23:28:36.198548,0 days 00:00:04.370570,0.25,0.9,3,0.05,0.01,0.45,0.08,4,0.6,10,0.8,,,,,,PRUNED
11132,-0.5314162784136168,2026-05-12 23:28:36.232230,2026-05-12 23:28:39.953894,0 days 00:00:03.721664,0.45,0.7,4,0.05,0.02,0.3,0.08,3,0.6,10,0.65,,,,,,PRUNED
11133,-0.5188379548938603,2026-05-12 23:28:39.983184,2026-05-12 23:28:44.475867,0 days 00:00:04.492683,0.25,0.7,4,0.05,0.01,0.6,0.12,3,0.6,5,0.5,,,,,,PRUNED
11134,-0.4604009296863956,2026-05-12 23:28:44.505436,2026-05-12 23:28:48.849385,0 days 00:00:04.343949,0.45,0.7,4,0.03,0.01,0.6,0.08,3,0.6,5,0.8,,,,,,PRUNED
11135,-0.5179924623587872,2026-05-12 23:28:48.877310,2026-05-12 23:28:49.580505,0 days 00:00:00.703195,0.45,0.7,2,0.05,0.02,0.6,0.08,6,0.5,20,0.8,-0.39108387647623727,-0.030830266507629607,0.2538171717650998,0.36025360996860767,,COMPLETE
11136,-0.5427216641520631,2026-05-12 23:28:49.623485,2026-05-12 23:28:54.756189,0 days 00:00:05.132704,0.25,0.7,3,0.03,0.02,0.6,0.16,6,0.5,10,0.5,,,,,,PRUNED
11137,-0.5496747308301501,2026-05-12 23:28:54.784793,2026-05-12 23:29:00.448444,0 days 00:00:05.663651,0.25,0.7,3,0.03,0.02,0.3,0.16,5,0.6,20,0.65,,,,,,PRUNED
11138,-0.5468712816187099,2026-05-12 23:29:00.477185,2026-05-12 23:29:06.019932,0 days 00:00:05.542747,0.25,0.9,4,0.05,0.01,0.3,0.12,5,0.6,5,0.65,,,,,,PRUNED
11139,-0.4874125984692989,2026-05-12 23:29:06.048256,2026-05-12 23:29:11.019393,0 days 00:00:04.971137,0.45,0.9,3,0.05,0.02,0.45,0.16,5,0.7,10,0.65,,,,,,PRUNED
11140,-0.5187614001078346,2026-05-12 23:29:11.047291,2026-05-12 23:29:15.714571,0 days 00:00:04.667280,0.25,0.7,3,0.05,0.01,0.3,0.16,5,0.6,20,0.5,,,,,,PRUNED
11141,-0.5179924623587872,2026-05-12 23:29:15.744529,2026-05-12 23:29:16.418642,0 days 00:00:00.674113,0.45,0.7,2,0.05,0.02,0.6,0.08,6,0.5,20,0.8,-0.39108387647623727,-0.030830266507629607,0.2538171717650998,0.36025360996860767,,COMPLETE
11142,-0.42357363260304626,2026-05-12 23:29:16.450260,2026-05-12 23:29:16.923068,0 days 00:00:00.472808,0.45,0.7,2,0.05,0.02,0.6,0.08,6,0.6,20,0.8,,,,,,PRUNED
11143,-0.450280016182787,2026-05-12 23:29:16.952141,2026-05-12 23:29:17.411888,0 days 00:00:00.459747,0.35,0.7,2,0.05,0.01,0.6,0.08,6,0.6,20,0.8,,,,,,PRUNED
11144,-0.5179924623587872,2026-05-12 23:29:17.439729,2026-05-12 23:29:18.108096,0 days 00:00:00.668367,0.45,0.7,2,0.05,0.02,0.6,0.08,6,0.5,20,0.8,-0.39108387647623727,-0.030830266507629607,0.2538171717650998,0.36025360996860767,,COMPLETE
11145,-0.4840003760211016,2026-05-12 23:29:18.139798,2026-05-12 23:29:23.335337,0 days 00:00:05.195539,0.35,0.8,2,0.03,0.01,0.45,0.08,6,0.6,10,0.5,,,,,,PRUNED
11146,-0.564643843502792,2026-05-12 23:29:23.364609,2026-05-12 23:29:29.155454,0 days 00:00:05.790845,0.25,0.7,3,0.03,0.02,0.6,0.16,6,0.5,5,0.65,,,,,,PRUNED
11147,-0.5179924623587872,2026-05-12 23:29:29.186514,2026-05-12 23:29:29.876039,0 days 00:00:00.689525,0.45,0.7,2,0.05,0.02,0.6,0.08,6,0.5,20,0.8,-0.39108387647623727,-0.030830266507629607,0.2538171717650998,0.36025360996860767,,COMPLETE
11148,-0.5439020806218929,2026-05-12 23:29:29.907150,2026-05-12 23:29:35.799711,0 days 00:00:05.892561,0.35,0.9,4,0.03,0.01,0.3,0.16,6,0.5,5,0.65,,,,,,PRUNED
11149,-0.4842413192332359,2026-05-12 23:29:35.829482,2026-05-12 23:29:40.465381,0 days 00:00:04.635899,0.35,0.8,4,0.05,0.01,0.6,0.16,5,0.5,20,0.8,,,,,,PRUNED
11150,-0.4920462094385524,2026-05-12 23:29:40.497217,2026-05-12 23:29:44.932419,0 days 00:00:04.435202,0.25,0.9,3,0.05,0.02,0.6,0.12,4,0.5,10,0.65,,,,,,PRUNED
11151,-0.4807200991573123,2026-05-12 23:29:44.960766,2026-05-12 23:29:49.462887,0 days 00:00:04.502121,0.25,0.8,2,0.05,0.02,0.3,0.12,4,0.5,10,0.8,,,,,,PRUNED
11152,-0.4213231947291116,2026-05-12 23:29:49.492658,2026-05-12 23:29:49.965052,0 days 00:00:00.472394,0.45,0.7,2,0.05,0.02,0.6,0.08,4,0.5,20,0.8,,,,,,PRUNED
11153,-0.4887455241984915,2026-05-12 23:29:49.994708,2026-05-12 23:29:55.188863,0 days 00:00:05.194155,0.35,0.9,3,0.05,0.02,0.3,0.08,6,0.7,10,0.8,,,,,,PRUNED
11154,-0.45661476622955943,2026-05-12 23:29:55.218657,2026-05-12 23:30:00.559987,0 days 00:00:05.341330,0.35,0.7,2,0.05,0.02,0.6,0.12,3,0.5,5,0.8,,,,,,PRUNED
11155,-0.5119638007666798,2026-05-12 23:30:00.591862,2026-05-12 23:30:06.516175,0 days 00:00:05.924313,0.35,0.7,2,0.03,0.02,0.6,0.12,6,0.6,5,0.8,,,,,,PRUNED
11156,-0.5179924623587872,2026-05-12 23:30:06.542322,2026-05-12 23:30:07.288137,0 days 00:00:00.745815,0.45,0.7,2,0.05,0.02,0.6,0.08,6,0.5,20,0.8,-0.39108387647623727,-0.030830266507629607,0.2538171717650998,0.36025360996860767,,COMPLETE
11157,-0.5179924623587872,2026-05-12 23:30:07.318925,2026-05-12 23:30:07.964158,0 days 00:00:00.645233,0.45,0.7,2,0.05,0.02,0.6,0.08,6,0.5,20,0.8,-0.39108387647623727,-0.030830266507629607,0.2538171717650998,0.36025360996860767,,COMPLETE
11158,-0.49779663067336266,2026-05-12 23:30:07.989926,2026-05-12 23:30:12.034512,0 days 00:00:04.044586,0.25,0.7,2,0.03,0.02,0.45,0.12,4,0.6,20,0.65,,,,,,PRUNED
11159,-0.5312592298975408,2026-05-12 23:30:12.060746,2026-05-12 23:30:17.906409,0 days 00:00:05.845663,0.45,0.9,2,0.03,0.02,0.3,0.16,6,0.6,5,0.5,,,,,,PRUNED
11160,-0.43644494572696835,2026-05-12 23:30:17.936102,2026-05-12 23:30:18.449457,0 days 00:00:00.513355,0.45,0.7,2,0.05,0.01,0.6,0.16,6,0.5,5,0.8,,,,,,PRUNED
11161,-0.5179924623587872,2026-05-12 23:30:18.480471,2026-05-12 23:30:19.218708,0 days 00:00:00.738237,0.45,0.7,2,0.05,0.02,0.6,0.08,6,0.5,20,0.8,-0.39108387647623727,-0.030830266507629607,0.2538171717650998,0.36025360996860767,,COMPLETE
11162,-9999.0,2026-05-12 23:30:19.251044,2026-05-12 23:30:19.794050,0 days 00:00:00.543006,0.35,0.7,2,0.05,0.02,0.6,0.12,6,0.7,10,0.8,,,,,BEAR_RATIO < NEUTRAL_RATIO < BULL_RATIO 约束违反: 0.35 / 0.7 / 0.7,COMPLETE
11163,-0.435920436508739,2026-05-12 23:30:19.824352,2026-05-12 23:30:25.576259,0 days 00:00:05.751907,0.45,0.7,2,0.05,0.01,0.45,0.08,5,0.6,5,0.8,,,,,,PRUNED
11164,-0.5323850971751927,2026-05-12 23:30:25.604911,2026-05-12 23:30:31.222332,0 days 00:00:05.617421,0.25,0.9,4,0.05,0.01,0.6,0.12,5,0.5,5,0.8,,,,,,PRUNED
11165,-0.47676357568293565,2026-05-12 23:30:31.254148,2026-05-12 23:30:36.093621,0 days 00:00:04.839473,0.25,0.7,4,0.05,0.02,0.45,0.08,6,0.5,20,0.8,,,,,,PRUNED
11166,-0.5179924623587872,2026-05-12 23:30:36.124875,2026-05-12 23:30:36.791876,0 days 00:00:00.667001,0.45,0.7,2,0.05,0.02,0.6,0.08,6,0.5,20,0.8,-0.39108387647623727,-0.030830266507629607,0.2538171717650998,0.36025360996860767,,COMPLETE
11167,-0.5863949021433874,2026-05-12 23:30:36.821119,2026-05-12 23:30:42.353211,0 days 00:00:05.532092,0.25,0.9,4,0.03,0.01,0.3,0.16,5,0.6,5,0.5,,,,,,PRUNED
11168,-0.47441457244516044,2026-05-12 23:30:42.383239,2026-05-12 23:30:42.836408,0 days 00:00:00.453169,0.25,0.7,2,0.05,0.02,0.6,0.08,6,0.5,20,0.8,,,,,,PRUNED
11169,-0.4388876980491039,2026-05-12 23:30:42.864376,2026-05-12 23:30:47.772567,0 days 00:00:04.908191,0.45,0.8,2,0.05,0.02,0.3,0.08,6,0.6,20,0.65,,,,,,PRUNED
11170,-0.5179924623587872,2026-05-12 23:30:47.802945,2026-05-12 23:30:48.584561,0 days 00:00:00.781616,0.45,0.7,2,0.05,0.02,0.6,0.08,6,0.5,20,0.8,-0.39108387647623727,-0.030830266507629607,0.2538171717650998,0.36025360996860767,,COMPLETE
11171,-0.6594170155348098,2026-05-12 23:30:48.614763,2026-05-12 23:30:52.087545,0 days 00:00:03.472782,0.35,0.9,2,0.03,0.01,0.6,0.16,3,0.7,20,0.65,,,,,,PRUNED
11172,-9999.0,2026-05-12 23:30:52.118011,2026-05-12 23:30:52.520595,0 days 00:00:00.402584,0.45,0.7,2,0.03,0.02,0.6,0.08,3,0.7,20,0.65,,,,,BEAR_RATIO < NEUTRAL_RATIO < BULL_RATIO 约束违反: 0.45 / 0.7 / 0.7,COMPLETE
11173,-0.5117918500318648,2026-05-12 23:30:52.552298,2026-05-12 23:30:57.329533,0 days 00:00:04.777235,0.35,0.9,4,0.05,0.02,0.3,0.12,5,0.7,20,0.65,,,,,,PRUNED
11174,-0.4574036135300859,2026-05-12 23:30:57.359053,2026-05-12 23:31:02.404357,0 days 00:00:05.045304,0.35,0.7,4,0.03,0.01,0.3,0.08,4,0.5,20,0.5,,,,,,PRUNED
11175,-0.5331967136631182,2026-05-12 23:31:02.432491,2026-05-12 23:31:06.832084,0 days 00:00:04.399593,0.35,0.9,4,0.03,0.01,0.45,0.16,3,0.6,5,0.65,,,,,,PRUNED
11176,-0.48066844126297986,2026-05-12 23:31:06.885655,2026-05-12 23:31:11.580232,0 days 00:00:04.694577,0.35,0.9,2,0.05,0.02,0.6,0.12,5,0.5,20,0.8,,,,,,PRUNED
11177,-0.44410755769610466,2026-05-12 23:31:11.607900,2026-05-12 23:31:16.875507,0 days 00:00:05.267607,0.45,0.8,2,0.05,0.02,0.6,0.16,6,0.5,10,0.65,,,,,,PRUNED
11178,-0.4092137988646166,2026-05-12 23:31:16.904511,2026-05-12 23:31:17.386317,0 days 00:00:00.481806,0.45,0.7,2,0.05,0.02,0.6,0.08,6,0.5,10,0.8,,,,,,PRUNED
11179,-0.5179924623587872,2026-05-12 23:31:17.416941,2026-05-12 23:31:18.067919,0 days 00:00:00.650978,0.45,0.7,2,0.05,0.02,0.6,0.08,6,0.5,20,0.8,-0.39108387647623727,-0.030830266507629607,0.2538171717650998,0.36025360996860767,,COMPLETE
11180,-0.4644170065508262,2026-05-12 23:31:18.096846,2026-05-12 23:31:22.470622,0 days 00:00:04.373776,0.45,0.8,2,0.05,0.01,0.6,0.08,4,0.7,10,0.65,,,,,,PRUNED
11181,-0.4949345931049659,2026-05-12 23:31:22.500967,2026-05-12 23:31:28.093926,0 days 00:00:05.592959,0.45,0.9,4,0.03,0.02,0.3,0.16,5,0.5,5,0.65,,,,,,PRUNED
11182,-0.5179924623587872,2026-05-12 23:31:28.124331,2026-05-12 23:31:28.823585,0 days 00:00:00.699254,0.45,0.7,2,0.05,0.01,0.6,0.08,6,0.5,20,0.8,-0.39108387647623727,-0.030830266507629607,0.2538171717650998,0.36025360996860767,,COMPLETE
11183,-0.4650983713438304,2026-05-12 23:31:28.853624,2026-05-12 23:31:34.741911,0 days 00:00:05.888287,0.45,0.9,2,0.03,0.02,0.45,0.08,6,0.5,5,0.5,,,,,,PRUNED
11184,-9999.0,2026-05-12 23:31:34.773529,2026-05-12 23:31:35.171633,0 days 00:00:00.398104,0.35,0.7,3,0.03,0.02,0.3,0.08,5,0.7,5,0.8,,,,,BEAR_RATIO < NEUTRAL_RATIO < BULL_RATIO 约束违反: 0.35 / 0.7 / 0.7,COMPLETE
11185,-0.5756061966941234,2026-05-12 23:31:35.203698,2026-05-12 23:31:40.174380,0 days 00:00:04.970682,0.25,0.9,4,0.05,0.01,0.3,0.12,4,0.7,5,0.5,,,,,,PRUNED
11186,-9999.0,2026-05-12 23:31:40.203226,2026-05-12 23:31:40.640659,0 days 00:00:00.437433,0.45,0.7,3,0.05,0.02,0.3,0.16,5,0.7,5,0.5,,,,,BEAR_RATIO < NEUTRAL_RATIO < BULL_RATIO 约束违反: 0.45 / 0.7 / 0.7,COMPLETE
11187,-0.5144216736066121,2026-05-12 23:31:40.670381,2026-05-12 23:31:45.139499,0 days 00:00:04.469118,0.45,0.8,4,0.03,0.02,0.45,0.16,4,0.7,10,0.5,,,,,,PRUNED
11188,-0.5363755124075179,2026-05-12 23:31:45.169993,2026-05-12 23:31:50.280339,0 days 00:00:05.110346,0.35,0.9,3,0.05,0.01,0.3,0.12,4,0.6,5,0.65,,,,,,PRUNED
11189,-0.5101029410049847,2026-05-12 23:31:50.307949,2026-05-12 23:31:54.383192,0 days 00:00:04.075243,0.45,0.8,3,0.03,0.01,0.6,0.16,4,0.7,20,0.8,,,,,,PRUNED
11190,-0.49337789106223834,2026-05-12 23:31:54.413970,2026-05-12 23:31:59.346416,0 days 00:00:04.932446,0.45,0.7,3,0.05,0.01,0.3,0.16,4,0.6,5,0.8,,,,,,PRUNED
11191,-0.5446962959626611,2026-05-12 23:31:59.380941,2026-05-12 23:32:05.038478,0 days 00:00:05.657537,0.25,0.9,4,0.05,0.02,0.45,0.16,5,0.7,20,0.8,,,,,,PRUNED
11192,-9999.0,2026-05-12 23:32:05.068708,2026-05-12 23:32:05.502643,0 days 00:00:00.433935,0.35,0.7,3,0.05,0.02,0.6,0.12,6,0.7,10,0.65,,,,,BEAR_RATIO < NEUTRAL_RATIO < BULL_RATIO 约束违反: 0.35 / 0.7 / 0.7,COMPLETE
11193,-0.5001609166172933,2026-05-12 23:32:05.532894,2026-05-12 23:32:09.941916,0 days 00:00:04.409022,0.25,0.8,4,0.05,0.01,0.6,0.16,4,0.6,10,0.5,,,,,,PRUNED
11194,-0.5817903661450198,2026-05-12 23:32:09.970679,2026-05-12 23:32:13.730009,0 days 00:00:03.759330,0.25,0.9,4,0.05,0.01,0.6,0.12,3,0.7,10,0.5,,,,,,PRUNED
11195,-9999.0,2026-05-12 23:32:13.759102,2026-05-12 23:32:14.177715,0 days 00:00:00.418613,0.45,0.7,2,0.03,0.01,0.45,0.08,5,0.7,5,0.5,,,,,BEAR_RATIO < NEUTRAL_RATIO < BULL_RATIO 约束违反: 0.45 / 0.7 / 0.7,COMPLETE
11196,-9999.0,2026-05-12 23:32:14.216621,2026-05-12 23:32:14.634048,0 days 00:00:00.417427,0.25,0.7,2,0.05,0.02,0.6,0.16,6,0.7,10,0.65,,,,,BEAR_RATIO < NEUTRAL_RATIO < BULL_RATIO 约束违反: 0.25 / 0.7 / 0.7,COMPLETE
11197,-9999.0,2026-05-12 23:32:14.662480,2026-05-12 23:32:15.090346,0 days 00:00:00.427866,0.25,0.7,2,0.05,0.02,0.6,0.12,6,0.7,5,0.8,,,,,BEAR_RATIO < NEUTRAL_RATIO < BULL_RATIO 约束违反: 0.25 / 0.7 / 0.7,COMPLETE
11198,-0.43223096142417294,2026-05-12 23:32:15.118579,2026-05-12 23:32:15.620522,0 days 00:00:00.501943,0.45,0.9,2,0.05,0.01,0.6,0.08,6,0.5,20,0.8,,,,,,PRUNED
11199,-9999.0,2026-05-12 23:32:15.649036,2026-05-12 23:32:16.075717,0 days 00:00:00.426681,0.25,0.7,2,0.03,0.01,0.45,0.08,5,0.7,20,0.65,,,,,BEAR_RATIO < NEUTRAL_RATIO < BULL_RATIO 约束违反: 0.25 / 0.7 / 0.7,COMPLETE
11200,-0.5304410105889257,2026-05-12 23:32:16.103905,2026-05-12 23:32:20.427591,0 days 00:00:04.323686,0.25,0.8,4,0.05,0.01,0.45,0.12,3,0.6,5,0.8,,,,,,PRUNED
11201,-0.5179924623587872,2026-05-12 23:32:20.480386,2026-05-12 23:32:21.156784,0 days 00:00:00.676398,0.45,0.7,2,0.05,0.02,0.6,0.08,6,0.5,20,0.8,-0.39108387647623727,-0.030830266507629607,0.2538171717650998,0.36025360996860767,,COMPLETE
11202,-0.4296411080598753,2026-05-12 23:32:21.187522,2026-05-12 23:32:21.620697,0 days 00:00:00.433175,0.45,0.7,2,0.05,0.02,0.6,0.16,6,0.5,20,0.8,,,,,,PRUNED
11203,-0.48127841706722274,2026-05-12 23:32:21.647115,2026-05-12 23:32:27.430563,0 days 00:00:05.783448,0.45,0.9,2,0.05,0.01,0.6,0.16,6,0.6,5,0.65,,,,,,PRUNED
11204,-0.4100386278766106,2026-05-12 23:32:27.458007,2026-05-12 23:32:27.927638,0 days 00:00:00.469631,0.45,0.7,2,0.05,0.02,0.3,0.08,6,0.5,20,0.8,,,,,,PRUNED
11205,-0.5370713057672232,2026-05-12 23:32:27.960294,2026-05-12 23:32:31.726355,0 days 00:00:03.766061,0.35,0.7,3,0.05,0.01,0.3,0.16,3,0.5,10,0.5,,,,,,PRUNED
11206,-0.5179924623587872,2026-05-12 23:32:31.753443,2026-05-12 23:32:32.359586,0 days 00:00:00.606143,0.45,0.7,2,0.05,0.02,0.6,0.08,6,0.5,20,0.8,-0.39108387647623727,-0.030830266507629607,0.2538171717650998,0.36025360996860767,,COMPLETE
11207,-9999.0,2026-05-12 23:32:32.386034,2026-05-12 23:32:32.754253,0 days 00:00:00.368219,0.45,0.7,2,0.05,0.02,0.6,0.12,6,0.7,10,0.5,,,,,BEAR_RATIO < NEUTRAL_RATIO < BULL_RATIO 约束违反: 0.45 / 0.7 / 0.7,COMPLETE
11208,-0.4676555513919975,2026-05-12 23:32:32.786098,2026-05-12 23:32:37.991571,0 days 00:00:05.205473,0.35,0.8,4,0.05,0.01,0.3,0.08,6,0.6,10,0.8,,,,,,PRUNED
11209,-0.5179924623587872,2026-05-12 23:32:38.021402,2026-05-12 23:32:38.686367,0 days 00:00:00.664965,0.45,0.7,2,0.05,0.02,0.6,0.08,6,0.5,20,0.8,-0.39108387647623727,-0.030830266507629607,0.2538171717650998,0.36025360996860767,,COMPLETE
11210,-0.4827986204844878,2026-05-12 23:32:38.716288,2026-05-12 23:32:44.378296,0 days 00:00:05.662008,0.35,0.9,2,0.05,0.02,0.45,0.12,5,0.5,5,0.5,,,,,,PRUNED
11211,-0.47534245558517135,2026-05-12 23:32:44.408471,2026-05-12 23:32:48.780416,0 days 00:00:04.371945,0.35,0.9,3,0.05,0.01,0.45,0.08,4,0.6,10,0.5,,,,,,PRUNED
11212,-0.42056632138184724,2026-05-12 23:32:48.809071,2026-05-12 23:32:49.300821,0 days 00:00:00.491750,0.45,0.8,2,0.05,0.02,0.6,0.08,6,0.5,20,0.8,,,,,,PRUNED
11213,-9999.0,2026-05-12 23:32:49.329431,2026-05-12 23:32:49.784097,0 days 00:00:00.454666,0.35,0.7,3,0.05,0.02,0.3,0.16,3,0.7,5,0.8,,,,,BEAR_RATIO < NEUTRAL_RATIO < BULL_RATIO 约束违反: 0.35 / 0.7 / 0.7,COMPLETE
11214,-0.4509603278775177,2026-05-12 23:32:49.812857,2026-05-12 23:32:54.691875,0 days 00:00:04.879018,0.35,0.7,2,0.05,0.02,0.45,0.08,5,0.6,10,0.5,,,,,,PRUNED
11215,-9999.0,2026-05-12 23:32:54.721552,2026-05-12 23:32:55.139223,0 days 00:00:00.417671,0.25,0.7,4,0.03,0.02,0.3,0.12,5,0.7,5,0.65,,,,,BEAR_RATIO < NEUTRAL_RATIO < BULL_RATIO 约束违反: 0.25 / 0.7 / 0.7,COMPLETE
11216,-0.46510121593747505,2026-05-12 23:32:55.169009,2026-05-12 23:32:59.843617,0 days 00:00:04.674608,0.45,0.7,4,0.03,0.02,0.45,0.12,5,0.5,20,0.5,,,,,,PRUNED
11217,-0.5441535548262796,2026-05-12 23:32:59.871511,2026-05-12 23:33:04.877906,0 days 00:00:05.006395,0.35,0.8,3,0.03,0.01,0.6,0.12,4,0.6,5,0.65,,,,,,PRUNED
11218,-0.5570604802013432,2026-05-12 23:33:04.906571,2026-05-12 23:33:10.711975,0 days 00:00:05.805404,0.25,0.9,2,0.03,0.02,0.3,0.08,6,0.6,5,0.65,,,,,,PRUNED
11219,-0.4623459899187412,2026-05-12 23:33:10.740036,2026-05-12 23:33:16.685766,0 days 00:00:05.945730,0.45,0.8,2,0.03,0.02,0.6,0.12,5,0.5,10,0.8,,,,,,PRUNED
11220,-9999.0,2026-05-12 23:33:16.732029,2026-05-12 23:33:17.142697,0 days 00:00:00.410668,0.45,0.7,2,0.03,0.02,0.45,0.12,5,0.7,10,0.8,,,,,BEAR_RATIO < NEUTRAL_RATIO < BULL_RATIO 约束违反: 0.45 / 0.7 / 0.7,COMPLETE
11221,-0.5538822223472626,2026-05-12 23:33:17.170658,2026-05-12 23:33:21.845023,0 days 00:00:04.674365,0.25,0.8,4,0.03,0.02,0.3,0.16,5,0.5,20,0.5,,,,,,PRUNED
11222,-0.41425741193738236,2026-05-12 23:33:21.872285,2026-05-12 23:33:22.338707,0 days 00:00:00.466422,0.45,0.7,2,0.05,0.02,0.6,0.08,6,0.5,5,0.8,,,,,,PRUNED
11223,-0.5045975441856552,2026-05-12 23:33:22.369858,2026-05-12 23:33:27.467670,0 days 00:00:05.097812,0.25,0.8,3,0.05,0.02,0.3,0.08,6,0.7,10,0.5,,,,,,PRUNED
11224,-0.5179924623587872,2026-05-12 23:33:27.499129,2026-05-12 23:33:28.147052,0 days 00:00:00.647923,0.45,0.7,2,0.05,0.02,0.6,0.08,6,0.5,20,0.8,-0.39108387647623727,-0.030830266507629607,0.2538171717650998,0.36025360996860767,,COMPLETE
11225,-0.5179924623587872,2026-05-12 23:33:28.177286,2026-05-12 23:33:28.867158,0 days 00:00:00.689872,0.45,0.7,2,0.05,0.02,0.6,0.08,6,0.5,20,0.8,-0.39108387647623727,-0.030830266507629607,0.2538171717650998,0.36025360996860767,,COMPLETE
11226,-0.5179924623587872,2026-05-12 23:33:28.899326,2026-05-12 23:33:29.583222,0 days 00:00:00.683896,0.45,0.7,2,0.05,0.02,0.6,0.08,6,0.5,20,0.8,-0.39108387647623727,-0.030830266507629607,0.2538171717650998,0.36025360996860767,,COMPLETE
11227,-0.43223096142417294,2026-05-12 23:33:29.614196,2026-05-12 23:33:30.095512,0 days 00:00:00.481316,0.45,0.9,2,0.05,0.02,0.6,0.08,6,0.5,20,0.8,,,,,,PRUNED
11228,-0.5210271825699901,2026-05-12 23:33:30.124375,2026-05-12 23:33:33.900975,0 days 00:00:03.776600,0.45,0.7,2,0.05,0.02,0.6,0.16,3,0.5,10,0.5,,,,,,PRUNED
11229,-0.5996586200016736,2026-05-12 23:33:33.930990,2026-05-12 23:33:37.455317,0 days 00:00:03.524327,0.25,0.7,4,0.05,0.01,0.6,0.08,3,0.5,20,0.8,,,,,,PRUNED
11230,-0.5967405779342816,2026-05-12 23:33:37.486255,2026-05-12 23:33:41.028080,0 days 00:00:03.541825,0.45,0.9,3,0.05,0.01,0.45,0.16,3,0.5,20,0.65,,,,,,PRUNED
11231,-0.43333909441165963,2026-05-12 23:33:41.067620,2026-05-12 23:33:41.545727,0 days 00:00:00.478107,0.35,0.7,2,0.05,0.02,0.6,0.08,6,0.5,20,0.8,,,,,,PRUNED
11232,-0.5367247694408798,2026-05-12 23:33:41.576935,2026-05-12 23:33:46.538627,0 days 00:00:04.961692,0.25,0.7,2,0.03,0.02,0.3,0.08,4,0.5,5,0.5,,,,,,PRUNED
11233,-0.43058933128336285,2026-05-12 23:33:46.569165,2026-05-12 23:33:52.450964,0 days 00:00:05.881799,0.45,0.7,4,0.05,0.01,0.6,0.12,6,0.5,5,0.8,,,,,,PRUNED
11234,-0.5179924623587872,2026-05-12 23:33:52.492663,2026-05-12 23:33:53.181093,0 days 00:00:00.688430,0.45,0.7,2,0.05,0.02,0.6,0.08,6,0.5,20,0.8,-0.39108387647623727,-0.030830266507629607,0.2538171717650998,0.36025360996860767,,COMPLETE
11235,-0.5237006319611677,2026-05-12 23:33:53.211519,2026-05-12 23:33:58.231493,0 days 00:00:05.019974,0.45,0.9,4,0.03,0.02,0.6,0.08,4,0.6,5,0.65,,,,,,PRUNED
11236,-0.5323754083644691,2026-05-12 23:33:58.259383,2026-05-12 23:34:03.173704,0 days 00:00:04.914321,0.25,0.8,4,0.05,0.01,0.3,0.16,6,0.6,20,0.65,,,,,,PRUNED
11237,-9999.0,2026-05-12 23:34:03.202872,2026-05-12 23:34:03.606169,0 days 00:00:00.403297,0.35,0.7,2,0.03,0.02,0.6,0.08,3,0.7,5,0.8,,,,,BEAR_RATIO < NEUTRAL_RATIO < BULL_RATIO 约束违反: 0.35 / 0.7 / 0.7,COMPLETE
11238,-0.43049049359479874,2026-05-12 23:34:03.638156,2026-05-12 23:34:08.765900,0 days 00:00:05.127744,0.45,0.7,4,0.05,0.02,0.3,0.08,6,0.6,20,0.8,,,,,,PRUNED
