number,value,datetime_start,datetime_complete,duration,params_BEAR_RATIO,params_BULL_RATIO,params_GRID_MAX_LAYER,params_GRID_STEP_MAX,params_GRID_STEP_MIN,params_GRID_STEP_VOL_FACTOR,params_LAYER_FRACTION,params_MAX_HOLD,params_NEUTRAL_RATIO,params_REBALANCE_FREQ,params_VOL_WEIGHT,user_attrs_avg_test_score,user_attrs_avg_train_score,user_attrs_test_score_std,user_attrs_train_test_gap,user_attrs_validation_error,state
6754,-9999.0,2026-05-12 19:50:48.490919,2026-05-12 19:50:48.859978,0 days 00:00:00.369059,0.45,0.7,3,0.05,0.02,0.6,0.16,4,0.7,10,0.8,,,,,BEAR_RATIO < NEUTRAL_RATIO < BULL_RATIO 约束违反: 0.45 / 0.7 / 0.7,COMPLETE
6755,-0.43303418604199423,2026-05-12 19:50:48.890020,2026-05-12 19:50:49.327328,0 days 00:00:00.437308,0.45,0.7,2,0.03,0.02,0.6,0.08,6,0.5,10,0.8,,,,,,PRUNED
6756,-0.4684654340706312,2026-05-12 19:50:49.355686,2026-05-12 19:50:53.665049,0 days 00:00:04.309363,0.35,0.9,4,0.05,0.02,0.6,0.08,4,0.6,20,0.65,,,,,,PRUNED
6757,-0.4324364259573655,2026-05-12 19:50:53.694556,2026-05-12 19:50:54.141701,0 days 00:00:00.447145,0.45,0.7,2,0.03,0.02,0.3,0.08,6,0.5,20,0.8,,,,,,PRUNED
6758,-0.5179924623587872,2026-05-12 19:50:54.171433,2026-05-12 19:50:54.798311,0 days 00:00:00.626878,0.45,0.7,2,0.05,0.02,0.6,0.08,6,0.5,20,0.8,-0.39108387647623727,-0.030830266507629607,0.2538171717650998,0.36025360996860767,,COMPLETE
6759,-0.4478363119705607,2026-05-12 19:50:54.828711,2026-05-12 19:51:00.347961,0 days 00:00:05.519250,0.35,0.7,2,0.05,0.02,0.6,0.12,6,0.5,10,0.8,,,,,,PRUNED
6760,-0.5361256147555208,2026-05-12 19:51:00.376137,2026-05-12 19:51:04.794758,0 days 00:00:04.418621,0.25,0.8,2,0.03,0.01,0.3,0.12,5,0.7,10,0.5,,,,,,PRUNED
6761,-0.4507958114649815,2026-05-12 19:51:04.823063,2026-05-12 19:51:05.238138,0 days 00:00:00.415075,0.45,0.8,2,0.05,0.02,0.6,0.08,6,0.7,20,0.8,,,,,,PRUNED
6762,-0.5715107846558711,2026-05-12 19:51:05.267920,2026-05-12 19:51:08.966211,0 days 00:00:03.698291,0.45,0.7,2,0.05,0.01,0.45,0.08,3,0.5,20,0.5,,,,,,PRUNED
6763,-0.49272092979564774,2026-05-12 19:51:08.995371,2026-05-12 19:51:14.295094,0 days 00:00:05.299723,0.45,0.9,3,0.03,0.02,0.6,0.12,6,0.6,20,0.65,,,,,,PRUNED
6764,-0.5410719038512856,2026-05-12 19:51:14.323213,2026-05-12 19:51:19.297621,0 days 00:00:04.974408,0.35,0.8,3,0.03,0.02,0.6,0.16,5,0.7,20,0.5,,,,,,PRUNED
6765,-0.5179924623587872,2026-05-12 19:51:19.326715,2026-05-12 19:51:19.966448,0 days 00:00:00.639733,0.45,0.7,2,0.05,0.02,0.6,0.08,6,0.5,20,0.8,-0.39108387647623727,-0.030830266507629607,0.2538171717650998,0.36025360996860767,,COMPLETE
6766,-0.5179924623587872,2026-05-12 19:51:19.993507,2026-05-12 19:51:20.619501,0 days 00:00:00.625994,0.45,0.7,2,0.05,0.02,0.6,0.08,6,0.5,20,0.8,-0.39108387647623727,-0.030830266507629607,0.2538171717650998,0.36025360996860767,,COMPLETE
6767,-0.4641228393033915,2026-05-12 19:51:20.647166,2026-05-12 19:51:24.930382,0 days 00:00:04.283216,0.45,0.9,3,0.05,0.01,0.6,0.08,4,0.7,20,0.65,,,,,,PRUNED
6768,-0.4958691090202987,2026-05-12 19:51:24.961133,2026-05-12 19:51:30.676878,0 days 00:00:05.715745,0.35,0.9,4,0.05,0.01,0.6,0.08,5,0.6,5,0.8,,,,,,PRUNED
6769,-0.4800015649946253,2026-05-12 19:51:30.701931,2026-05-12 19:51:33.266411,0 days 00:00:02.564480,0.35,0.7,2,0.05,0.01,0.3,0.16,3,0.6,5,0.5,,,,,,PRUNED
6770,-0.5179924623587872,2026-05-12 19:51:33.293379,2026-05-12 19:51:33.881536,0 days 00:00:00.588157,0.45,0.7,2,0.05,0.02,0.6,0.08,6,0.5,20,0.8,-0.39108387647623727,-0.030830266507629607,0.2538171717650998,0.36025360996860767,,COMPLETE
6771,-9999.0,2026-05-12 19:51:33.912002,2026-05-12 19:51:34.249171,0 days 00:00:00.337169,0.45,0.7,2,0.05,0.02,0.3,0.08,3,0.7,5,0.65,,,,,BEAR_RATIO < NEUTRAL_RATIO < BULL_RATIO 约束违反: 0.45 / 0.7 / 0.7,COMPLETE
6772,-0.5179924623587872,2026-05-12 19:51:34.275360,2026-05-12 19:51:34.868048,0 days 00:00:00.592688,0.45,0.7,2,0.05,0.01,0.6,0.08,6,0.5,20,0.8,-0.39108387647623727,-0.030830266507629607,0.2538171717650998,0.36025360996860767,,COMPLETE
6773,-9999.0,2026-05-12 19:51:34.894337,2026-05-12 19:51:35.254921,0 days 00:00:00.360584,0.45,0.7,4,0.05,0.02,0.6,0.12,4,0.7,20,0.65,,,,,BEAR_RATIO < NEUTRAL_RATIO < BULL_RATIO 约束违反: 0.45 / 0.7 / 0.7,COMPLETE
6774,-0.4840955109860205,2026-05-12 19:51:35.280481,2026-05-12 19:51:40.404749,0 days 00:00:05.124268,0.35,0.9,4,0.05,0.01,0.45,0.16,5,0.5,10,0.5,,,,,,PRUNED
6775,-0.43588278815153436,2026-05-12 19:51:40.430579,2026-05-12 19:51:40.799726,0 days 00:00:00.369147,0.35,0.7,2,0.05,0.02,0.6,0.08,4,0.5,20,0.8,,,,,,PRUNED
6776,-9999.0,2026-05-12 19:51:40.826344,2026-05-12 19:51:41.139658,0 days 00:00:00.313314,0.35,0.7,3,0.03,0.02,0.6,0.08,5,0.7,5,0.8,,,,,BEAR_RATIO < NEUTRAL_RATIO < BULL_RATIO 约束违反: 0.35 / 0.7 / 0.7,COMPLETE
6777,-0.5179924623587872,2026-05-12 19:51:41.162276,2026-05-12 19:51:41.711102,0 days 00:00:00.548826,0.45,0.7,2,0.05,0.02,0.6,0.08,6,0.5,20,0.8,-0.39108387647623727,-0.030830266507629607,0.2538171717650998,0.36025360996860767,,COMPLETE
6778,-0.5575366966305875,2026-05-12 19:51:41.739091,2026-05-12 19:51:46.902449,0 days 00:00:05.163358,0.25,0.8,4,0.03,0.01,0.6,0.16,6,0.5,20,0.5,,,,,,PRUNED
6779,-0.44706726669045865,2026-05-12 19:51:46.929640,2026-05-12 19:51:52.126368,0 days 00:00:05.196728,0.35,0.7,2,0.05,0.02,0.3,0.12,5,0.5,10,0.5,,,,,,PRUNED
6780,-0.45596306624418215,2026-05-12 19:51:52.154799,2026-05-12 19:51:58.163799,0 days 00:00:06.009000,0.45,0.7,3,0.03,0.02,0.45,0.08,6,0.6,5,0.5,,,,,,PRUNED
6781,-0.5179924623587872,2026-05-12 19:51:58.211157,2026-05-12 19:51:58.836877,0 days 00:00:00.625720,0.45,0.7,2,0.05,0.02,0.6,0.08,6,0.5,20,0.8,-0.39108387647623727,-0.030830266507629607,0.2538171717650998,0.36025360996860767,,COMPLETE
6782,-0.4100386278766106,2026-05-12 19:51:58.864951,2026-05-12 19:51:59.313747,0 days 00:00:00.448796,0.45,0.7,2,0.05,0.02,0.3,0.08,6,0.5,20,0.8,,,,,,PRUNED
6783,-0.5179924623587872,2026-05-12 19:51:59.341576,2026-05-12 19:51:59.953856,0 days 00:00:00.612280,0.45,0.7,2,0.05,0.02,0.6,0.08,6,0.5,20,0.8,-0.39108387647623727,-0.030830266507629607,0.2538171717650998,0.36025360996860767,,COMPLETE
6784,-0.41425741193738236,2026-05-12 19:51:59.979636,2026-05-12 19:52:00.381993,0 days 00:00:00.402357,0.45,0.7,2,0.05,0.02,0.6,0.08,6,0.5,5,0.8,,,,,,PRUNED
6785,-0.5047459078734122,2026-05-12 19:52:00.409769,2026-05-12 19:52:06.981210,0 days 00:00:06.571441,0.35,0.7,2,0.03,0.02,0.45,0.12,5,0.6,5,0.65,,,,,,PRUNED
6786,-0.43333909441165963,2026-05-12 19:52:07.011748,2026-05-12 19:52:07.425703,0 days 00:00:00.413955,0.35,0.7,2,0.05,0.02,0.6,0.08,6,0.5,20,0.8,,,,,,PRUNED
6787,-0.4092137988646166,2026-05-12 19:52:07.452616,2026-05-12 19:52:07.842745,0 days 00:00:00.390129,0.45,0.7,2,0.05,0.02,0.6,0.08,6,0.5,10,0.8,,,,,,PRUNED
6788,-0.4819655987141705,2026-05-12 19:52:07.889405,2026-05-12 19:52:11.942899,0 days 00:00:04.053494,0.35,0.9,2,0.03,0.01,0.45,0.08,4,0.6,20,0.8,,,,,,PRUNED
6789,-0.5919419970978045,2026-05-12 19:52:11.969155,2026-05-12 19:52:15.393689,0 days 00:00:03.424534,0.45,0.7,2,0.05,0.02,0.3,0.08,3,0.6,20,0.8,,,,,,PRUNED
6790,-9999.0,2026-05-12 19:52:15.418898,2026-05-12 19:52:15.747961,0 days 00:00:00.329063,0.35,0.7,3,0.03,0.01,0.6,0.12,5,0.7,5,0.5,,,,,BEAR_RATIO < NEUTRAL_RATIO < BULL_RATIO 约束违反: 0.35 / 0.7 / 0.7,COMPLETE
6791,-0.5179924623587872,2026-05-12 19:52:15.774867,2026-05-12 19:52:16.366191,0 days 00:00:00.591324,0.45,0.7,2,0.05,0.02,0.6,0.08,6,0.5,20,0.8,-0.39108387647623727,-0.030830266507629607,0.2538171717650998,0.36025360996860767,,COMPLETE
6792,-0.4296411080598753,2026-05-12 19:52:16.391965,2026-05-12 19:52:16.818240,0 days 00:00:00.426275,0.45,0.7,2,0.05,0.02,0.6,0.16,6,0.5,20,0.8,,,,,,PRUNED
6793,-0.42056632138184724,2026-05-12 19:52:16.847128,2026-05-12 19:52:17.239586,0 days 00:00:00.392458,0.45,0.8,2,0.05,0.02,0.6,0.08,6,0.5,20,0.8,,,,,,PRUNED
6794,-0.569379088865001,2026-05-12 19:52:17.264067,2026-05-12 19:52:21.113370,0 days 00:00:03.849303,0.35,0.9,2,0.05,0.02,0.3,0.12,3,0.7,10,0.8,,,,,,PRUNED
6795,-0.46416013195657907,2026-05-12 19:52:21.142496,2026-05-12 19:52:26.893164,0 days 00:00:05.750668,0.35,0.7,2,0.05,0.02,0.45,0.08,6,0.6,5,0.8,,,,,,PRUNED
6796,-0.5943525734595417,2026-05-12 19:52:26.922034,2026-05-12 19:52:30.351638,0 days 00:00:03.429604,0.35,0.7,3,0.05,0.02,0.6,0.16,3,0.5,20,0.8,,,,,,PRUNED
6797,-0.43223096142417294,2026-05-12 19:52:30.376877,2026-05-12 19:52:30.770466,0 days 00:00:00.393589,0.45,0.9,2,0.05,0.02,0.6,0.08,6,0.5,20,0.8,,,,,,PRUNED
6798,-9999.0,2026-05-12 19:52:30.804208,2026-05-12 19:52:31.125572,0 days 00:00:00.321364,0.35,0.7,4,0.03,0.02,0.6,0.16,6,0.7,20,0.8,,,,,BEAR_RATIO < NEUTRAL_RATIO < BULL_RATIO 约束违反: 0.35 / 0.7 / 0.7,COMPLETE
6799,-0.5294491080794269,2026-05-12 19:52:31.155209,2026-05-12 19:52:36.444796,0 days 00:00:05.289587,0.35,0.9,2,0.03,0.01,0.3,0.12,5,0.6,5,0.8,,,,,,PRUNED
6800,-0.5179924623587872,2026-05-12 19:52:36.469893,2026-05-12 19:52:36.991708,0 days 00:00:00.521815,0.45,0.7,2,0.05,0.02,0.6,0.08,6,0.5,20,0.8,-0.39108387647623727,-0.030830266507629607,0.2538171717650998,0.36025360996860767,,COMPLETE
6801,-0.5179924623587872,2026-05-12 19:52:37.014898,2026-05-12 19:52:37.535521,0 days 00:00:00.520623,0.45,0.7,2,0.05,0.02,0.6,0.08,6,0.5,20,0.8,-0.39108387647623727,-0.030830266507629607,0.2538171717650998,0.36025360996860767,,COMPLETE
6802,-0.5179924623587872,2026-05-12 19:52:37.560172,2026-05-12 19:52:38.097191,0 days 00:00:00.537019,0.45,0.7,2,0.05,0.02,0.6,0.08,6,0.5,20,0.8,-0.39108387647623727,-0.030830266507629607,0.2538171717650998,0.36025360996860767,,COMPLETE
6803,-0.5578558818180696,2026-05-12 19:52:38.119926,2026-05-12 19:52:41.688378,0 days 00:00:03.568452,0.45,0.9,3,0.03,0.01,0.6,0.08,3,0.6,10,0.65,,,,,,PRUNED
6804,-0.4624035365057325,2026-05-12 19:52:41.715022,2026-05-12 19:52:47.506395,0 days 00:00:05.791373,0.45,0.9,4,0.05,0.01,0.45,0.08,6,0.6,5,0.65,,,,,,PRUNED
6805,-0.48824808715253654,2026-05-12 19:52:47.529984,2026-05-12 19:52:50.648457,0 days 00:00:03.118473,0.45,0.9,3,0.05,0.01,0.6,0.12,5,0.7,20,0.5,,,,,,PRUNED
6806,-9999.0,2026-05-12 19:52:50.675984,2026-05-12 19:52:51.018369,0 days 00:00:00.342385,0.35,0.7,4,0.03,0.01,0.3,0.12,5,0.7,20,0.65,,,,,BEAR_RATIO < NEUTRAL_RATIO < BULL_RATIO 约束违反: 0.35 / 0.7 / 0.7,COMPLETE
6807,-0.49878141940690474,2026-05-12 19:52:51.046289,2026-05-12 19:52:51.431828,0 days 00:00:00.385539,0.25,0.9,2,0.05,0.02,0.6,0.08,6,0.5,20,0.8,,,,,,PRUNED
6808,-0.4983907708592451,2026-05-12 19:52:51.460079,2026-05-12 19:52:56.031861,0 days 00:00:04.571782,0.45,0.9,2,0.03,0.02,0.3,0.08,5,0.7,20,0.8,,,,,,PRUNED
6809,-0.5207738361241471,2026-05-12 19:52:56.058969,2026-05-12 19:53:00.993666,0 days 00:00:04.934697,0.25,0.8,2,0.05,0.02,0.3,0.12,5,0.7,20,0.65,,,,,,PRUNED
6810,-0.4318124553734489,2026-05-12 19:53:01.021633,2026-05-12 19:53:01.482732,0 days 00:00:00.461099,0.45,0.7,2,0.03,0.02,0.6,0.08,6,0.5,20,0.8,,,,,,PRUNED
6811,-0.5212809083123612,2026-05-12 19:53:01.513303,2026-05-12 19:53:06.551779,0 days 00:00:05.038476,0.45,0.9,4,0.03,0.02,0.6,0.16,5,0.6,20,0.5,,,,,,PRUNED
6812,-9999.0,2026-05-12 19:53:06.582570,2026-05-12 19:53:07.954412,0 days 00:00:01.371842,0.45,0.7,2,0.05,0.02,0.6,0.08,6,0.7,20,0.8,,,,,BEAR_RATIO < NEUTRAL_RATIO < BULL_RATIO 约束违反: 0.45 / 0.7 / 0.7,COMPLETE
6813,-0.5179924623587872,2026-05-12 19:53:07.986266,2026-05-12 19:53:08.594689,0 days 00:00:00.608423,0.45,0.7,2,0.05,0.02,0.6,0.08,6,0.5,20,0.8,-0.39108387647623727,-0.030830266507629607,0.2538171717650998,0.36025360996860767,,COMPLETE
6814,-0.4194511448045569,2026-05-12 19:53:08.621254,2026-05-12 19:53:09.004370,0 days 00:00:00.383116,0.45,0.7,2,0.05,0.02,0.6,0.12,6,0.5,20,0.8,,,,,,PRUNED
6815,-0.49460208802528405,2026-05-12 19:53:09.033125,2026-05-12 19:53:14.520576,0 days 00:00:05.487451,0.45,0.8,2,0.05,0.01,0.45,0.08,4,0.6,5,0.5,,,,,,PRUNED
6816,-0.62926272794392,2026-05-12 19:53:14.549267,2026-05-12 19:53:18.253292,0 days 00:00:03.704025,0.45,0.8,3,0.05,0.02,0.6,0.16,3,0.7,20,0.5,,,,,,PRUNED
6817,-0.5376798092899869,2026-05-12 19:53:18.301399,2026-05-12 19:53:20.402217,0 days 00:00:02.100818,0.35,0.8,2,0.05,0.01,0.3,0.12,3,0.5,10,0.8,,,,,,PRUNED
6818,-0.5557460314484163,2026-05-12 19:53:20.450021,2026-05-12 19:53:24.234868,0 days 00:00:03.784847,0.25,0.7,3,0.05,0.02,0.6,0.12,3,0.6,10,0.65,,,,,,PRUNED
6819,-0.5179924623587872,2026-05-12 19:53:24.263653,2026-05-12 19:53:24.875724,0 days 00:00:00.612071,0.45,0.7,2,0.05,0.02,0.6,0.08,6,0.5,20,0.8,-0.39108387647623727,-0.030830266507629607,0.2538171717650998,0.36025360996860767,,COMPLETE
6820,-0.449295763275837,2026-05-12 19:53:24.904266,2026-05-12 19:53:30.221435,0 days 00:00:05.317169,0.45,0.8,4,0.05,0.02,0.6,0.16,6,0.5,10,0.5,,,,,,PRUNED
6821,-0.5182406672588966,2026-05-12 19:53:30.249833,2026-05-12 19:53:30.868952,0 days 00:00:00.619119,0.45,0.7,2,0.05,0.02,0.45,0.08,6,0.5,20,0.8,-0.3910743597599139,-0.030648087966744914,0.25433261499796533,0.360426271793169,,COMPLETE
6822,-0.5496690237366417,2026-05-12 19:53:30.898580,2026-05-12 19:53:37.128028,0 days 00:00:06.229448,0.45,0.9,4,0.03,0.02,0.3,0.16,6,0.7,5,0.65,,,,,,PRUNED
6823,-0.5715107846558711,2026-05-12 19:53:37.156742,2026-05-12 19:53:37.591400,0 days 00:00:00.434658,0.45,0.7,2,0.05,0.02,0.6,0.08,3,0.5,20,0.8,,,,,,PRUNED
6824,-0.5179924623587872,2026-05-12 19:53:37.621766,2026-05-12 19:53:38.207241,0 days 00:00:00.585475,0.45,0.7,2,0.05,0.02,0.6,0.08,6,0.5,20,0.8,-0.39108387647623727,-0.030830266507629607,0.2538171717650998,0.36025360996860767,,COMPLETE
6825,-0.6233749895909994,2026-05-12 19:53:38.237440,2026-05-12 19:53:41.779237,0 days 00:00:03.541797,0.35,0.9,4,0.05,0.02,0.6,0.12,3,0.6,20,0.5,,,,,,PRUNED
6826,-0.5844968607467765,2026-05-12 19:53:41.820407,2026-05-12 19:53:45.313351,0 days 00:00:03.492944,0.45,0.8,2,0.05,0.02,0.45,0.12,3,0.5,20,0.5,,,,,,PRUNED
6827,-0.4242910183560481,2026-05-12 19:53:45.341418,2026-05-12 19:53:45.736875,0 days 00:00:00.395457,0.45,0.7,2,0.05,0.02,0.6,0.08,5,0.5,20,0.8,,,,,,PRUNED
6828,-0.5179924623587872,2026-05-12 19:53:45.766992,2026-05-12 19:53:46.392295,0 days 00:00:00.625303,0.45,0.7,2,0.05,0.02,0.6,0.08,6,0.5,20,0.8,-0.39108387647623727,-0.030830266507629607,0.2538171717650998,0.36025360996860767,,COMPLETE
6829,-0.5534804380751883,2026-05-12 19:53:46.423345,2026-05-12 19:53:51.061016,0 days 00:00:04.637671,0.25,0.9,2,0.05,0.02,0.6,0.16,3,0.7,5,0.65,,,,,,PRUNED
6830,-9999.0,2026-05-12 19:53:51.090361,2026-05-12 19:53:51.443248,0 days 00:00:00.352887,0.45,0.7,2,0.05,0.02,0.6,0.16,3,0.7,10,0.8,,,,,BEAR_RATIO < NEUTRAL_RATIO < BULL_RATIO 约束违反: 0.45 / 0.7 / 0.7,COMPLETE
6831,-0.5870375664596477,2026-05-12 19:53:51.471705,2026-05-12 19:53:51.892058,0 days 00:00:00.420353,0.45,0.9,3,0.05,0.02,0.6,0.08,3,0.5,20,0.8,,,,,,PRUNED
6832,-0.5179924623587872,2026-05-12 19:53:51.921093,2026-05-12 19:53:52.537823,0 days 00:00:00.616730,0.45,0.7,2,0.05,0.02,0.6,0.08,6,0.5,20,0.5,-0.39108387647623727,-0.030830266507629607,0.2538171717650998,0.36025360996860767,,COMPLETE
6833,-0.5172349443656045,2026-05-12 19:53:52.567773,2026-05-12 19:53:56.948324,0 days 00:00:04.380551,0.25,0.8,3,0.03,0.01,0.3,0.12,4,0.7,10,0.8,,,,,,PRUNED
6834,-0.4211524445063394,2026-05-12 19:53:56.992572,2026-05-12 19:54:00.987167,0 days 00:00:03.994595,0.45,0.7,2,0.05,0.01,0.45,0.08,4,0.5,20,0.8,,,,,,PRUNED
6835,-0.5611957769152462,2026-05-12 19:54:01.019833,2026-05-12 19:54:05.654222,0 days 00:00:04.634389,0.25,0.9,2,0.03,0.01,0.45,0.16,5,0.5,20,0.8,,,,,,PRUNED
6836,-0.45517682683962735,2026-05-12 19:54:03.969836,2026-05-12 19:54:08.558282,0 days 00:00:04.588446,0.45,0.8,3,0.05,0.01,0.3,0.08,5,0.6,20,0.65,,,,,,PRUNED
6837,-0.4518826706142741,2026-05-12 19:54:08.584726,2026-05-12 19:54:14.769268,0 days 00:00:06.184542,0.35,0.7,4,0.05,0.02,0.6,0.12,6,0.5,20,0.8,,,,,,PRUNED
6838,-0.5045616200913051,2026-05-12 19:54:14.795953,2026-05-12 19:54:20.178286,0 days 00:00:05.382333,0.25,0.8,2,0.05,0.01,0.45,0.16,5,0.5,10,0.5,,,,,,PRUNED
6839,-0.5179924623587872,2026-05-12 19:54:20.205635,2026-05-12 19:54:20.822616,0 days 00:00:00.616981,0.45,0.7,2,0.05,0.01,0.6,0.08,6,0.5,20,0.8,-0.39108387647623727,-0.030830266507629607,0.2538171717650998,0.36025360996860767,,COMPLETE
6840,-0.43517251408349333,2026-05-12 19:54:20.852461,2026-05-12 19:54:26.291925,0 days 00:00:05.439464,0.45,0.7,4,0.05,0.02,0.3,0.16,5,0.5,10,0.65,,,,,,PRUNED
6841,-0.4121653833865075,2026-05-12 19:54:26.322367,2026-05-12 19:54:26.731583,0 days 00:00:00.409216,0.45,0.7,4,0.05,0.02,0.3,0.08,6,0.5,20,0.8,,,,,,PRUNED
6842,-0.46204939065456924,2026-05-12 19:54:26.759737,2026-05-12 19:54:32.994797,0 days 00:00:06.235060,0.45,0.7,2,0.03,0.01,0.3,0.12,6,0.5,5,0.5,,,,,,PRUNED
6843,-0.516944908247554,2026-05-12 19:54:33.019905,2026-05-12 19:54:37.436148,0 days 00:00:04.416243,0.45,0.8,4,0.03,0.02,0.45,0.16,3,0.7,5,0.65,,,,,,PRUNED
6844,-0.4848724125599503,2026-05-12 19:54:37.464449,2026-05-12 19:54:42.049258,0 days 00:00:04.584809,0.45,0.9,2,0.05,0.02,0.3,0.16,4,0.7,10,0.65,,,,,,PRUNED
6845,-0.4758830575486391,2026-05-12 19:54:42.078517,2026-05-12 19:54:46.183603,0 days 00:00:04.105086,0.45,0.9,2,0.03,0.02,0.6,0.12,4,0.5,20,0.8,,,,,,PRUNED
6846,-0.43223096142417294,2026-05-12 19:54:46.212316,2026-05-12 19:54:46.612656,0 days 00:00:00.400340,0.45,0.9,2,0.05,0.02,0.6,0.08,6,0.5,20,0.5,,,,,,PRUNED
6847,-9999.0,2026-05-12 19:54:46.636615,2026-05-12 19:54:46.983354,0 days 00:00:00.346739,0.25,0.7,4,0.03,0.02,0.3,0.16,4,0.7,20,0.5,,,,,BEAR_RATIO < NEUTRAL_RATIO < BULL_RATIO 约束违反: 0.25 / 0.7 / 0.7,COMPLETE
6848,-0.47442765722248803,2026-05-12 19:54:47.024999,2026-05-12 19:54:50.442985,0 days 00:00:03.417986,0.35,0.9,2,0.05,0.02,0.45,0.08,5,0.6,10,0.8,,,,,,PRUNED
6849,-0.4544919476022754,2026-05-12 19:54:50.469925,2026-05-12 19:54:55.441283,0 days 00:00:04.971358,0.45,0.7,2,0.03,0.02,0.45,0.12,6,0.5,20,0.8,,,,,,PRUNED
6850,-0.5206118813120739,2026-05-12 19:54:55.467871,2026-05-12 19:55:00.199830,0 days 00:00:04.731959,0.25,0.9,2,0.05,0.01,0.3,0.08,5,0.7,20,0.65,,,,,,PRUNED
6851,-0.46780269766690785,2026-05-12 19:55:00.226830,2026-05-12 19:55:04.894897,0 days 00:00:04.668067,0.35,0.9,2,0.05,0.01,0.45,0.12,4,0.5,10,0.5,,,,,,PRUNED
6852,-0.6287323506225017,2026-05-12 19:55:04.922642,2026-05-12 19:55:09.600066,0 days 00:00:04.677424,0.45,0.8,3,0.03,0.02,0.45,0.16,3,0.6,20,0.65,,,,,,PRUNED
6853,-0.4839887068052807,2026-05-12 19:55:09.628432,2026-05-12 19:55:14.300985,0 days 00:00:04.672553,0.25,0.8,3,0.05,0.02,0.3,0.12,4,0.5,10,0.5,,,,,,PRUNED
6854,-0.5179924623587872,2026-05-12 19:55:14.344028,2026-05-12 19:55:14.994469,0 days 00:00:00.650441,0.45,0.7,2,0.05,0.02,0.6,0.08,6,0.5,20,0.8,-0.39108387647623727,-0.030830266507629607,0.2538171717650998,0.36025360996860767,,COMPLETE
6855,-0.5179924623587872,2026-05-12 19:55:15.022062,2026-05-12 19:55:15.590325,0 days 00:00:00.568263,0.45,0.7,2,0.05,0.02,0.6,0.08,6,0.5,20,0.65,-0.39108387647623727,-0.030830266507629607,0.2538171717650998,0.36025360996860767,,COMPLETE
6856,-0.48050168330890775,2026-05-12 19:55:15.616360,2026-05-12 19:55:20.246447,0 days 00:00:04.630087,0.45,0.7,3,0.03,0.01,0.6,0.12,5,0.6,20,0.8,,,,,,PRUNED
6857,-0.5179924623587872,2026-05-12 19:55:20.276170,2026-05-12 19:55:20.868318,0 days 00:00:00.592148,0.45,0.7,2,0.05,0.02,0.6,0.08,6,0.5,20,0.8,-0.39108387647623727,-0.030830266507629607,0.2538171717650998,0.36025360996860767,,COMPLETE
6858,-9999.0,2026-05-12 19:55:20.893841,2026-05-12 19:55:21.223214,0 days 00:00:00.329373,0.45,0.7,4,0.05,0.01,0.6,0.12,5,0.7,10,0.8,,,,,BEAR_RATIO < NEUTRAL_RATIO < BULL_RATIO 约束违反: 0.45 / 0.7 / 0.7,COMPLETE
6859,-0.4490515048873401,2026-05-12 19:55:21.253531,2026-05-12 19:55:24.341325,0 days 00:00:03.087794,0.45,0.7,2,0.05,0.01,0.6,0.12,5,0.6,20,0.8,,,,,,PRUNED
6860,-9999.0,2026-05-12 19:55:24.368188,2026-05-12 19:55:24.714031,0 days 00:00:00.345843,0.45,0.7,3,0.05,0.01,0.3,0.08,6,0.7,20,0.65,,,,,BEAR_RATIO < NEUTRAL_RATIO < BULL_RATIO 约束违反: 0.45 / 0.7 / 0.7,COMPLETE
6861,-0.549226303770908,2026-05-12 19:55:24.742458,2026-05-12 19:55:28.605190,0 days 00:00:03.862732,0.25,0.7,4,0.05,0.01,0.6,0.12,3,0.5,10,0.8,,,,,,PRUNED
6862,-9999.0,2026-05-12 19:55:28.631367,2026-05-12 19:55:28.987832,0 days 00:00:00.356465,0.45,0.7,3,0.03,0.02,0.45,0.12,6,0.7,10,0.65,,,,,BEAR_RATIO < NEUTRAL_RATIO < BULL_RATIO 约束违反: 0.45 / 0.7 / 0.7,COMPLETE
6863,-0.410125315542252,2026-05-12 19:55:29.017154,2026-05-12 19:55:29.401230,0 days 00:00:00.384076,0.45,0.7,4,0.05,0.02,0.6,0.08,6,0.5,20,0.8,,,,,,PRUNED
6864,-9999.0,2026-05-12 19:55:29.429920,2026-05-12 19:55:29.769168,0 days 00:00:00.339248,0.35,0.7,4,0.05,0.01,0.6,0.12,6,0.7,10,0.8,,,,,BEAR_RATIO < NEUTRAL_RATIO < BULL_RATIO 约束违反: 0.35 / 0.7 / 0.7,COMPLETE
6865,-0.6029409097555983,2026-05-12 19:55:29.794496,2026-05-12 19:55:34.161890,0 days 00:00:04.367394,0.35,0.7,3,0.03,0.01,0.45,0.12,3,0.5,20,0.8,,,,,,PRUNED
6866,-0.508657061146144,2026-05-12 19:55:34.191517,2026-05-12 19:55:39.146283,0 days 00:00:04.954766,0.25,0.9,4,0.05,0.02,0.6,0.08,5,0.5,20,0.8,,,,,,PRUNED
6867,-0.4607120711198189,2026-05-12 19:55:39.175498,2026-05-12 19:55:44.177784,0 days 00:00:05.002286,0.45,0.7,3,0.05,0.01,0.45,0.16,5,0.6,20,0.5,,,,,,PRUNED
6868,-0.538900716740301,2026-05-12 19:55:44.206313,2026-05-12 19:55:50.078074,0 days 00:00:05.871761,0.25,0.9,3,0.05,0.02,0.45,0.16,5,0.5,5,0.8,,,,,,PRUNED
6869,-0.5441462472934463,2026-05-12 19:55:50.122982,2026-05-12 19:55:55.210968,0 days 00:00:05.087986,0.25,0.7,2,0.03,0.01,0.6,0.16,6,0.5,20,0.8,,,,,,PRUNED
6870,-0.4841034479632066,2026-05-12 19:55:55.237635,2026-05-12 19:55:59.277156,0 days 00:00:04.039521,0.45,0.8,4,0.03,0.01,0.45,0.12,4,0.6,20,0.8,,,,,,PRUNED
6871,-0.5240182653279818,2026-05-12 19:55:59.304776,2026-05-12 19:56:03.918939,0 days 00:00:04.614163,0.45,0.8,3,0.03,0.01,0.6,0.16,5,0.7,20,0.5,,,,,,PRUNED
6872,-0.5115998109676876,2026-05-12 19:56:03.945927,2026-05-12 19:56:09.099072,0 days 00:00:05.153145,0.25,0.8,2,0.03,0.02,0.45,0.12,4,0.6,10,0.65,,,,,,PRUNED
6873,-0.585491650506567,2026-05-12 19:56:09.141101,2026-05-12 19:56:12.503579,0 days 00:00:03.362478,0.45,0.7,4,0.05,0.02,0.45,0.16,3,0.5,20,0.5,,,,,,PRUNED
