number,value,datetime_start,datetime_complete,duration,params_BEAR_RATIO,params_BULL_RATIO,params_GRID_MAX_LAYER,params_GRID_STEP_MAX,params_GRID_STEP_MIN,params_GRID_STEP_VOL_FACTOR,params_LAYER_FRACTION,params_MAX_HOLD,params_NEUTRAL_RATIO,params_REBALANCE_FREQ,params_VOL_WEIGHT,user_attrs_avg_test_score,user_attrs_avg_train_score,user_attrs_test_score_std,user_attrs_train_test_gap,user_attrs_validation_error,state
6264,-0.47446925504895715,2026-05-12 19:26:38.891489,2026-05-12 19:26:42.950951,0 days 00:00:04.059462,0.25,0.7,3,0.03,0.01,0.6,0.08,4,0.5,20,0.5,,,,,,PRUNED
6265,-9999.0,2026-05-12 19:26:42.981941,2026-05-12 19:26:43.344210,0 days 00:00:00.362269,0.45,0.7,2,0.05,0.02,0.6,0.08,6,0.7,10,0.8,,,,,BEAR_RATIO < NEUTRAL_RATIO < BULL_RATIO 约束违反: 0.45 / 0.7 / 0.7,COMPLETE
6266,-0.4636165663921098,2026-05-12 19:26:43.373453,2026-05-12 19:26:49.313024,0 days 00:00:05.939571,0.45,0.8,2,0.05,0.02,0.6,0.08,6,0.7,5,0.8,,,,,,PRUNED
6267,-0.5179924623587872,2026-05-12 19:26:49.341326,2026-05-12 19:26:49.994111,0 days 00:00:00.652785,0.45,0.7,2,0.05,0.02,0.6,0.08,6,0.5,20,0.8,-0.39108387647623727,-0.030830266507629607,0.2538171717650998,0.36025360996860767,,COMPLETE
6268,-0.5124128781686007,2026-05-12 19:26:50.020467,2026-05-12 19:26:55.303921,0 days 00:00:05.283454,0.35,0.8,2,0.05,0.01,0.6,0.16,4,0.5,5,0.8,,,,,,PRUNED
6269,-9999.0,2026-05-12 19:26:55.351848,2026-05-12 19:26:55.703750,0 days 00:00:00.351902,0.45,0.7,2,0.05,0.02,0.6,0.08,6,0.7,20,0.8,,,,,BEAR_RATIO < NEUTRAL_RATIO < BULL_RATIO 约束违反: 0.45 / 0.7 / 0.7,COMPLETE
6270,-0.43333909441165963,2026-05-12 19:26:55.729259,2026-05-12 19:26:56.105107,0 days 00:00:00.375848,0.35,0.7,2,0.05,0.02,0.6,0.08,6,0.5,20,0.8,,,,,,PRUNED
6271,-0.4213231947291116,2026-05-12 19:26:56.153278,2026-05-12 19:26:56.533637,0 days 00:00:00.380359,0.45,0.7,2,0.05,0.02,0.6,0.08,4,0.5,20,0.65,,,,,,PRUNED
6272,-0.5298811846802035,2026-05-12 19:26:56.558942,2026-05-12 19:27:00.354346,0 days 00:00:03.795404,0.45,0.8,2,0.05,0.01,0.45,0.16,3,0.5,10,0.65,,,,,,PRUNED
6273,-0.5019374727741739,2026-05-12 19:27:00.385457,2026-05-12 19:27:05.366717,0 days 00:00:04.981260,0.25,0.8,3,0.05,0.01,0.45,0.08,5,0.7,10,0.8,,,,,,PRUNED
6274,-0.4687900170620248,2026-05-12 19:27:05.394047,2026-05-12 19:27:08.230328,0 days 00:00:02.836281,0.45,0.8,3,0.03,0.02,0.3,0.12,4,0.5,20,0.65,,,,,,PRUNED
6275,-0.41362808724145905,2026-05-12 19:27:08.270246,2026-05-12 19:27:14.578889,0 days 00:00:06.308643,0.45,0.7,4,0.05,0.02,0.3,0.08,6,0.5,10,0.8,,,,,,PRUNED
6276,-0.4256476970730243,2026-05-12 19:27:14.607618,2026-05-12 19:27:20.113650,0 days 00:00:05.506032,0.45,0.7,4,0.05,0.01,0.45,0.08,6,0.6,10,0.5,,,,,,PRUNED
6277,-0.4879821572684785,2026-05-12 19:27:20.141369,2026-05-12 19:27:25.396780,0 days 00:00:05.255411,0.45,0.9,3,0.05,0.01,0.6,0.16,6,0.7,10,0.65,,,,,,PRUNED
6278,-0.5207331232617833,2026-05-12 19:27:25.423575,2026-05-12 19:27:29.587535,0 days 00:00:04.163960,0.25,0.7,4,0.03,0.01,0.6,0.16,4,0.6,20,0.65,,,,,,PRUNED
6279,-0.49043385485519553,2026-05-12 19:27:29.617768,2026-05-12 19:27:34.799764,0 days 00:00:05.181996,0.45,0.9,4,0.03,0.02,0.45,0.12,5,0.6,10,0.65,,,,,,PRUNED
6280,-0.43223096142417294,2026-05-12 19:27:34.828411,2026-05-12 19:27:35.239592,0 days 00:00:00.411181,0.45,0.9,2,0.05,0.02,0.6,0.08,6,0.5,20,0.8,,,,,,PRUNED
6281,-0.5463709208428036,2026-05-12 19:27:35.288321,2026-05-12 19:27:38.176835,0 days 00:00:02.888514,0.35,0.9,2,0.03,0.02,0.3,0.16,3,0.7,5,0.65,,,,,,PRUNED
6282,-0.41425741193738236,2026-05-12 19:27:38.204296,2026-05-12 19:27:38.592986,0 days 00:00:00.388690,0.45,0.7,2,0.05,0.02,0.6,0.08,6,0.5,5,0.5,,,,,,PRUNED
6283,-0.5179924623587872,2026-05-12 19:27:38.622295,2026-05-12 19:27:39.255751,0 days 00:00:00.633456,0.45,0.7,2,0.05,0.02,0.6,0.08,6,0.5,20,0.8,-0.39108387647623727,-0.030830266507629607,0.2538171717650998,0.36025360996860767,,COMPLETE
6284,-0.4318124553734489,2026-05-12 19:27:39.286071,2026-05-12 19:27:39.671389,0 days 00:00:00.385318,0.45,0.7,2,0.03,0.02,0.6,0.08,6,0.5,20,0.8,,,,,,PRUNED
6285,-0.5241704422974426,2026-05-12 19:27:39.697397,2026-05-12 19:27:44.779736,0 days 00:00:05.082339,0.45,0.8,2,0.03,0.02,0.3,0.16,6,0.7,20,0.5,,,,,,PRUNED
6286,-0.42293370088728216,2026-05-12 19:27:44.808976,2026-05-12 19:27:50.024100,0 days 00:00:05.215124,0.45,0.8,4,0.05,0.02,0.6,0.08,6,0.5,20,0.65,,,,,,PRUNED
6287,-0.5483070734928569,2026-05-12 19:27:50.055283,2026-05-12 19:27:56.228730,0 days 00:00:06.173447,0.25,0.8,4,0.05,0.02,0.45,0.12,6,0.7,5,0.5,,,,,,PRUNED
6288,-0.4979856906887713,2026-05-12 19:27:56.257508,2026-05-12 19:28:01.802730,0 days 00:00:05.545222,0.45,0.8,2,0.03,0.01,0.6,0.12,6,0.7,10,0.65,,,,,,PRUNED
6289,-0.4929877583978698,2026-05-12 19:28:01.831389,2026-05-12 19:28:07.052822,0 days 00:00:05.221433,0.45,0.8,3,0.03,0.01,0.6,0.12,5,0.7,10,0.8,,,,,,PRUNED
6290,-0.44222659773842976,2026-05-12 19:28:07.088609,2026-05-12 19:28:07.480456,0 days 00:00:00.391847,0.45,0.8,2,0.05,0.01,0.6,0.16,6,0.5,20,0.8,,,,,,PRUNED
6291,-9999.0,2026-05-12 19:28:07.509152,2026-05-12 19:28:07.872054,0 days 00:00:00.362902,0.45,0.7,3,0.03,0.01,0.6,0.16,3,0.7,20,0.65,,,,,BEAR_RATIO < NEUTRAL_RATIO < BULL_RATIO 约束违反: 0.45 / 0.7 / 0.7,COMPLETE
6292,-0.5179924623587872,2026-05-12 19:28:07.909468,2026-05-12 19:28:06.759252,-1 days +23:59:58.849784,0.45,0.7,2,0.05,0.02,0.6,0.08,6,0.5,20,0.8,-0.39108387647623727,-0.030830266507629607,0.2538171717650998,0.36025360996860767,,COMPLETE
6293,-0.5266930651619249,2026-05-12 19:28:06.785694,2026-05-12 19:28:13.294440,0 days 00:00:06.508746,0.45,0.8,2,0.03,0.02,0.3,0.16,5,0.7,5,0.5,,,,,,PRUNED
6294,-0.4194511448045569,2026-05-12 19:28:13.322081,2026-05-12 19:28:13.726008,0 days 00:00:00.403927,0.45,0.7,2,0.05,0.02,0.6,0.12,6,0.5,20,0.8,,,,,,PRUNED
6295,-0.4811315827532172,2026-05-12 19:28:13.754801,2026-05-12 19:28:18.812867,0 days 00:00:05.058066,0.35,0.9,2,0.05,0.02,0.6,0.16,6,0.5,20,0.8,,,,,,PRUNED
6296,-0.4947748107465334,2026-05-12 19:28:18.841567,2026-05-12 19:28:25.025026,0 days 00:00:06.183459,0.35,0.7,4,0.05,0.01,0.6,0.16,6,0.6,5,0.8,,,,,,PRUNED
6297,-0.4524922313933547,2026-05-12 19:28:25.055089,2026-05-12 19:28:25.454876,0 days 00:00:00.399787,0.45,0.9,2,0.05,0.02,0.6,0.16,6,0.5,20,0.8,,,,,,PRUNED
6298,-0.4313006510632476,2026-05-12 19:28:25.479929,2026-05-12 19:28:25.858390,0 days 00:00:00.378461,0.45,0.9,2,0.05,0.02,0.45,0.08,6,0.5,20,0.8,,,,,,PRUNED
6299,-0.4832024886374983,2026-05-12 19:28:25.884383,2026-05-12 19:28:30.148309,0 days 00:00:04.263926,0.25,0.7,4,0.03,0.01,0.6,0.08,4,0.6,20,0.8,,,,,,PRUNED
6300,-0.5182406672588966,2026-05-12 19:28:30.176047,2026-05-12 19:28:30.781649,0 days 00:00:00.605602,0.45,0.7,2,0.05,0.02,0.45,0.08,6,0.5,20,0.8,-0.3910743597599139,-0.030648087966744914,0.25433261499796533,0.360426271793169,,COMPLETE
6301,-0.5611557942476951,2026-05-12 19:28:30.809168,2026-05-12 19:28:35.859514,0 days 00:00:05.050346,0.25,0.8,3,0.05,0.01,0.6,0.12,4,0.7,5,0.65,,,,,,PRUNED
6302,-0.5199879743496956,2026-05-12 19:28:35.884498,2026-05-12 19:28:39.955953,0 days 00:00:04.071455,0.35,0.8,4,0.05,0.02,0.6,0.08,4,0.6,5,0.5,,,,,,PRUNED
6303,-9999.0,2026-05-12 19:28:39.985892,2026-05-12 19:28:40.329983,0 days 00:00:00.344091,0.45,0.7,4,0.03,0.01,0.45,0.08,3,0.7,20,0.8,,,,,BEAR_RATIO < NEUTRAL_RATIO < BULL_RATIO 约束违反: 0.45 / 0.7 / 0.7,COMPLETE
6304,-0.6483280634540838,2026-05-12 19:28:40.372879,2026-05-12 19:28:43.904601,0 days 00:00:03.531722,0.45,0.9,4,0.03,0.01,0.45,0.12,3,0.7,20,0.65,,,,,,PRUNED
6305,-0.5179924623587872,2026-05-12 19:28:43.931277,2026-05-12 19:28:44.575290,0 days 00:00:00.644013,0.45,0.7,2,0.05,0.02,0.6,0.08,6,0.5,20,0.8,-0.39108387647623727,-0.030830266507629607,0.2538171717650998,0.36025360996860767,,COMPLETE
6306,-0.5715107846558711,2026-05-12 19:28:44.602908,2026-05-12 19:28:45.002443,0 days 00:00:00.399535,0.45,0.7,2,0.05,0.02,0.6,0.08,3,0.5,20,0.8,,,,,,PRUNED
6307,-0.4822581152820283,2026-05-12 19:28:45.032660,2026-05-12 19:28:50.412624,0 days 00:00:05.379964,0.35,0.7,3,0.03,0.02,0.3,0.12,6,0.5,10,0.65,,,,,,PRUNED
6308,-0.4531936933422596,2026-05-12 19:28:50.440527,2026-05-12 19:28:55.589238,0 days 00:00:05.148711,0.35,0.8,4,0.05,0.01,0.6,0.08,5,0.5,10,0.8,,,,,,PRUNED
6309,-0.5237384553987041,2026-05-12 19:28:55.614716,2026-05-12 19:29:01.570582,0 days 00:00:05.955866,0.35,0.9,3,0.05,0.02,0.3,0.12,6,0.7,5,0.8,,,,,,PRUNED
6310,-0.44567218526184627,2026-05-12 19:29:01.598185,2026-05-12 19:29:06.897922,0 days 00:00:05.299737,0.45,0.8,4,0.03,0.02,0.3,0.08,6,0.5,10,0.65,,,,,,PRUNED
6311,-0.5234916081340929,2026-05-12 19:29:06.927306,2026-05-12 19:29:11.382160,0 days 00:00:04.454854,0.25,0.9,3,0.03,0.01,0.6,0.08,5,0.6,10,0.65,,,,,,PRUNED
6312,-0.4918577129848957,2026-05-12 19:29:11.408750,2026-05-12 19:29:15.922308,0 days 00:00:04.513558,0.45,0.9,2,0.03,0.02,0.45,0.16,4,0.5,10,0.5,,,,,,PRUNED
6313,-9999.0,2026-05-12 19:29:15.953086,2026-05-12 19:29:16.308118,0 days 00:00:00.355032,0.25,0.7,3,0.03,0.01,0.6,0.12,6,0.7,5,0.5,,,,,BEAR_RATIO < NEUTRAL_RATIO < BULL_RATIO 约束违反: 0.25 / 0.7 / 0.7,COMPLETE
6314,-0.42756359809491007,2026-05-12 19:29:16.339554,2026-05-12 19:29:21.538651,0 days 00:00:05.199097,0.45,0.7,2,0.05,0.02,0.3,0.08,6,0.6,20,0.65,,,,,,PRUNED
6315,-0.5179924623587872,2026-05-12 19:29:21.566221,2026-05-12 19:29:22.163023,0 days 00:00:00.596802,0.45,0.7,2,0.05,0.02,0.6,0.08,6,0.5,20,0.8,-0.39108387647623727,-0.030830266507629607,0.2538171717650998,0.36025360996860767,,COMPLETE
6316,-0.4242910183560481,2026-05-12 19:29:22.188908,2026-05-12 19:29:22.607010,0 days 00:00:00.418102,0.45,0.7,2,0.05,0.02,0.6,0.08,5,0.5,20,0.8,,,,,,PRUNED
6317,-0.432908447556247,2026-05-12 19:29:22.632822,2026-05-12 19:29:28.576234,0 days 00:00:05.943412,0.45,0.7,2,0.05,0.01,0.6,0.16,5,0.5,5,0.8,,,,,,PRUNED
6318,-0.5294544810826785,2026-05-12 19:29:28.601536,2026-05-12 19:29:34.346697,0 days 00:00:05.745161,0.35,0.9,4,0.03,0.02,0.3,0.12,5,0.6,5,0.65,,,,,,PRUNED
6319,-0.5479649898844953,2026-05-12 19:29:34.374245,2026-05-12 19:29:40.373642,0 days 00:00:05.999397,0.35,0.8,3,0.03,0.01,0.3,0.16,6,0.6,5,0.8,,,,,,PRUNED
6320,-0.5415699757049491,2026-05-12 19:29:40.403981,2026-05-12 19:29:46.104444,0 days 00:00:05.700463,0.25,0.8,2,0.05,0.02,0.3,0.12,5,0.7,5,0.8,,,,,,PRUNED
6321,-9999.0,2026-05-12 19:29:46.129568,2026-05-12 19:29:46.463693,0 days 00:00:00.334125,0.25,0.7,4,0.03,0.02,0.3,0.12,6,0.7,5,0.5,,,,,BEAR_RATIO < NEUTRAL_RATIO < BULL_RATIO 约束违反: 0.25 / 0.7 / 0.7,COMPLETE
6322,-0.4092788272711371,2026-05-12 19:29:46.488242,2026-05-12 19:29:46.909328,0 days 00:00:00.421086,0.45,0.7,3,0.05,0.02,0.6,0.08,6,0.5,20,0.5,,,,,,PRUNED
6323,-0.4327177294022265,2026-05-12 19:29:46.939154,2026-05-12 19:29:47.336558,0 days 00:00:00.397404,0.35,0.7,2,0.05,0.02,0.45,0.08,6,0.5,20,0.8,,,,,,PRUNED
6324,-0.4852976303313274,2026-05-12 19:29:47.365658,2026-05-12 19:29:52.345543,0 days 00:00:04.979885,0.45,0.9,2,0.05,0.02,0.6,0.16,6,0.7,20,0.8,,,,,,PRUNED
6325,-0.5910622890072166,2026-05-12 19:29:52.369886,2026-05-12 19:29:52.731318,0 days 00:00:00.361432,0.45,0.7,2,0.05,0.02,0.6,0.08,3,0.6,20,0.8,,,,,,PRUNED
6326,-0.5027640452420845,2026-05-12 19:29:52.756598,2026-05-12 19:29:56.044533,0 days 00:00:03.287935,0.35,0.9,3,0.05,0.02,0.3,0.12,6,0.7,10,0.5,,,,,,PRUNED
6327,-0.5179924623587872,2026-05-12 19:29:56.074295,2026-05-12 19:29:56.749861,0 days 00:00:00.675566,0.45,0.7,2,0.05,0.02,0.6,0.08,6,0.5,20,0.8,-0.39108387647623727,-0.030830266507629607,0.2538171717650998,0.36025360996860767,,COMPLETE
6328,-0.5179175464945835,2026-05-12 19:29:56.779378,2026-05-12 19:30:01.915809,0 days 00:00:05.136431,0.35,0.8,4,0.05,0.01,0.6,0.16,4,0.5,5,0.65,,,,,,PRUNED
6329,-0.4967482946051112,2026-05-12 19:30:01.961366,2026-05-12 19:30:07.162309,0 days 00:00:05.200943,0.35,0.8,3,0.03,0.01,0.6,0.16,4,0.5,20,0.8,,,,,,PRUNED
6330,-0.5166979089508604,2026-05-12 19:30:07.192521,2026-05-12 19:30:13.099296,0 days 00:00:05.906775,0.45,0.8,3,0.05,0.02,0.6,0.12,4,0.7,5,0.8,,,,,,PRUNED
6331,-0.5179924623587872,2026-05-12 19:30:13.128234,2026-05-12 19:30:13.734683,0 days 00:00:00.606449,0.45,0.7,2,0.05,0.02,0.6,0.08,6,0.5,20,0.5,-0.39108387647623727,-0.030830266507629607,0.2538171717650998,0.36025360996860767,,COMPLETE
6332,-0.5360905002194848,2026-05-12 19:30:13.762401,2026-05-12 19:30:19.176320,0 days 00:00:05.413919,0.25,0.9,2,0.05,0.01,0.3,0.16,6,0.6,10,0.8,,,,,,PRUNED
6333,-0.5141332387050112,2026-05-12 19:30:19.203730,2026-05-12 19:30:24.422754,0 days 00:00:05.219024,0.35,0.8,3,0.03,0.02,0.6,0.16,5,0.5,20,0.5,,,,,,PRUNED
6334,-0.4351694194242078,2026-05-12 19:30:24.448441,2026-05-12 19:30:24.830328,0 days 00:00:00.381887,0.35,0.7,3,0.05,0.02,0.6,0.08,6,0.5,20,0.8,,,,,,PRUNED
6335,-0.5393632073899204,2026-05-12 19:30:24.875191,2026-05-12 19:30:27.672868,0 days 00:00:02.797677,0.25,0.9,2,0.03,0.02,0.3,0.16,4,0.7,10,0.8,,,,,,PRUNED
6336,-0.5179924623587872,2026-05-12 19:30:27.704348,2026-05-12 19:30:28.328204,0 days 00:00:00.623856,0.45,0.7,2,0.05,0.02,0.6,0.08,6,0.5,20,0.8,-0.39108387647623727,-0.030830266507629607,0.2538171717650998,0.36025360996860767,,COMPLETE
6337,-0.5179924623587872,2026-05-12 19:30:28.379762,2026-05-12 19:30:29.021510,0 days 00:00:00.641748,0.45,0.7,2,0.05,0.02,0.6,0.08,6,0.5,20,0.8,-0.39108387647623727,-0.030830266507629607,0.2538171717650998,0.36025360996860767,,COMPLETE
6338,-0.550841569478145,2026-05-12 19:30:29.052091,2026-05-12 19:30:34.527978,0 days 00:00:05.475887,0.35,0.9,3,0.03,0.02,0.6,0.16,6,0.7,10,0.5,,,,,,PRUNED
6339,-0.5603748972007618,2026-05-12 19:30:34.555522,2026-05-12 19:30:39.755674,0 days 00:00:05.200152,0.25,0.7,3,0.03,0.01,0.6,0.16,4,0.5,5,0.8,,,,,,PRUNED
6340,-0.4526135100039569,2026-05-12 19:30:39.910962,2026-05-12 19:30:43.968132,0 days 00:00:04.057170,0.35,0.7,4,0.05,0.02,0.3,0.08,4,0.6,20,0.65,,,,,,PRUNED
6341,-0.5179924623587872,2026-05-12 19:30:43.997157,2026-05-12 19:30:44.549773,0 days 00:00:00.552616,0.45,0.7,2,0.05,0.02,0.6,0.08,6,0.5,20,0.8,-0.39108387647623727,-0.030830266507629607,0.2538171717650998,0.36025360996860767,,COMPLETE
6342,-0.5179924623587872,2026-05-12 19:30:44.574438,2026-05-12 19:30:45.116598,0 days 00:00:00.542160,0.45,0.7,2,0.05,0.02,0.6,0.08,6,0.5,20,0.8,-0.39108387647623727,-0.030830266507629607,0.2538171717650998,0.36025360996860767,,COMPLETE
6343,-0.5185984502874111,2026-05-12 19:30:45.140110,2026-05-12 19:30:50.470768,0 days 00:00:05.330658,0.25,0.8,4,0.05,0.02,0.6,0.12,6,0.7,10,0.65,,,,,,PRUNED
6344,-0.46789325034716134,2026-05-12 19:30:50.499044,2026-05-12 19:30:55.615653,0 days 00:00:05.116609,0.45,0.7,3,0.03,0.02,0.3,0.12,3,0.6,5,0.5,,,,,,PRUNED
6345,-0.5375036346286202,2026-05-12 19:30:55.645800,2026-05-12 19:31:01.450593,0 days 00:00:05.804793,0.25,0.7,4,0.05,0.02,0.45,0.16,6,0.6,5,0.65,,,,,,PRUNED
6346,-0.5179924623587872,2026-05-12 19:31:01.476954,2026-05-12 19:31:02.112368,0 days 00:00:00.635414,0.45,0.7,2,0.05,0.02,0.6,0.08,6,0.5,20,0.65,-0.39108387647623727,-0.030830266507629607,0.2538171717650998,0.36025360996860767,,COMPLETE
6347,-0.4958855281691357,2026-05-12 19:31:02.140627,2026-05-12 19:31:06.226435,0 days 00:00:04.085808,0.35,0.9,4,0.05,0.01,0.45,0.16,4,0.7,20,0.8,,,,,,PRUNED
6348,-0.49933218116375394,2026-05-12 19:31:06.254412,2026-05-12 19:31:12.315627,0 days 00:00:06.061215,0.25,0.7,2,0.05,0.02,0.6,0.16,6,0.5,20,0.5,,,,,,PRUNED
6349,-0.5286787432770846,2026-05-12 19:31:12.342228,2026-05-12 19:31:14.467620,0 days 00:00:02.125392,0.35,0.9,3,0.03,0.01,0.3,0.16,4,0.7,20,0.5,,,,,,PRUNED
6350,-0.5179924623587872,2026-05-12 19:31:14.492678,2026-05-12 19:31:15.209303,0 days 00:00:00.716625,0.45,0.7,2,0.05,0.01,0.6,0.08,6,0.5,20,0.8,-0.39108387647623727,-0.030830266507629607,0.2538171717650998,0.36025360996860767,,COMPLETE
6351,-0.410125315542252,2026-05-12 19:31:15.234594,2026-05-12 19:31:15.627969,0 days 00:00:00.393375,0.45,0.7,4,0.05,0.02,0.6,0.08,6,0.5,20,0.8,,,,,,PRUNED
6352,-0.5179924623587872,2026-05-12 19:31:15.658275,2026-05-12 19:31:16.302721,0 days 00:00:00.644446,0.45,0.7,2,0.05,0.02,0.6,0.08,6,0.5,20,0.8,-0.39108387647623727,-0.030830266507629607,0.2538171717650998,0.36025360996860767,,COMPLETE
6353,-0.4834204267598208,2026-05-12 19:31:16.331720,2026-05-12 19:31:21.266692,0 days 00:00:04.934972,0.45,0.9,2,0.05,0.01,0.3,0.16,5,0.6,20,0.5,,,,,,PRUNED
6354,-0.537181581524953,2026-05-12 19:31:21.293807,2026-05-12 19:31:27.137734,0 days 00:00:05.843927,0.45,0.9,4,0.03,0.02,0.45,0.16,5,0.7,5,0.8,,,,,,PRUNED
6355,-0.5336635698349939,2026-05-12 19:31:27.165194,2026-05-12 19:31:32.534333,0 days 00:00:05.369139,0.25,0.8,3,0.03,0.01,0.45,0.12,6,0.5,10,0.5,,,,,,PRUNED
6356,-0.5680622397488749,2026-05-12 19:31:32.562048,2026-05-12 19:31:38.026860,0 days 00:00:05.464812,0.25,0.8,3,0.03,0.01,0.45,0.16,6,0.7,10,0.8,,,,,,PRUNED
6357,-0.5179924623587872,2026-05-12 19:31:38.052544,2026-05-12 19:31:38.630207,0 days 00:00:00.577663,0.45,0.7,2,0.05,0.02,0.6,0.08,6,0.5,20,0.8,-0.39108387647623727,-0.030830266507629607,0.2538171717650998,0.36025360996860767,,COMPLETE
6358,-0.43148900901251575,2026-05-12 19:31:38.658075,2026-05-12 19:31:42.170622,0 days 00:00:03.512547,0.45,0.7,4,0.03,0.02,0.6,0.08,6,0.5,20,0.65,,,,,,PRUNED
6359,-0.49022166621840835,2026-05-12 19:31:42.219025,2026-05-12 19:31:47.456248,0 days 00:00:05.237223,0.35,0.8,4,0.05,0.02,0.6,0.16,6,0.6,10,0.8,,,,,,PRUNED
6360,-0.5855496147753049,2026-05-12 19:31:47.480637,2026-05-12 19:31:47.871165,0 days 00:00:00.390528,0.45,0.9,2,0.05,0.02,0.6,0.08,3,0.5,20,0.8,,,,,,PRUNED
6361,-0.5371650559364095,2026-05-12 19:31:47.897597,2026-05-12 19:31:53.282614,0 days 00:00:05.385017,0.25,0.7,2,0.05,0.02,0.6,0.12,4,0.6,5,0.8,,,,,,PRUNED
6362,-0.5916334153064795,2026-05-12 19:31:53.315440,2026-05-12 19:31:56.863189,0 days 00:00:03.547749,0.45,0.9,2,0.05,0.02,0.3,0.12,3,0.5,20,0.65,,,,,,PRUNED
6363,-0.5473918257324092,2026-05-12 19:31:56.890165,2026-05-12 19:32:03.756440,0 days 00:00:06.866275,0.25,0.9,3,0.05,0.01,0.6,0.16,6,0.5,5,0.8,,,,,,PRUNED
6364,-0.5253411490053509,2026-05-12 19:32:03.786474,2026-05-12 19:32:09.544267,0 days 00:00:05.757793,0.25,0.7,3,0.03,0.02,0.6,0.08,5,0.6,5,0.65,,,,,,PRUNED
6365,-0.6104937019835731,2026-05-12 19:32:09.574473,2026-05-12 19:32:13.061529,0 days 00:00:03.487056,0.35,0.7,3,0.03,0.02,0.45,0.08,3,0.6,20,0.8,,,,,,PRUNED
6366,-0.5946519570742681,2026-05-12 19:32:13.090909,2026-05-12 19:32:15.505177,0 days 00:00:02.414268,0.25,0.8,4,0.03,0.01,0.3,0.12,3,0.7,10,0.8,,,,,,PRUNED
6367,-0.5086818770368542,2026-05-12 19:32:15.535071,2026-05-12 19:32:20.168005,0 days 00:00:04.632934,0.35,0.8,3,0.05,0.02,0.6,0.16,5,0.7,20,0.65,,,,,,PRUNED
6368,-0.5044070313704715,2026-05-12 19:32:20.196931,2026-05-12 19:32:25.496351,0 days 00:00:05.299420,0.35,0.8,2,0.03,0.01,0.3,0.16,5,0.5,10,0.65,,,,,,PRUNED
6369,-0.5179924623587872,2026-05-12 19:32:25.524808,2026-05-12 19:32:26.078918,0 days 00:00:00.554110,0.45,0.7,2,0.05,0.02,0.6,0.08,6,0.5,20,0.8,-0.39108387647623727,-0.030830266507629607,0.2538171717650998,0.36025360996860767,,COMPLETE
6370,-0.5179924623587872,2026-05-12 19:32:26.102062,2026-05-12 19:32:26.647610,0 days 00:00:00.545548,0.45,0.7,2,0.05,0.02,0.6,0.08,6,0.5,20,0.8,-0.39108387647623727,-0.030830266507629607,0.2538171717650998,0.36025360996860767,,COMPLETE
6371,-0.5191116512781389,2026-05-12 19:32:26.672155,2026-05-12 19:32:31.829736,0 days 00:00:05.157581,0.35,0.9,2,0.03,0.01,0.6,0.12,6,0.6,20,0.5,,,,,,PRUNED
6372,-0.4248849607391425,2026-05-12 19:32:31.858379,2026-05-12 19:32:32.278924,0 days 00:00:00.420545,0.45,0.7,2,0.05,0.02,0.3,0.08,5,0.5,20,0.8,,,,,,PRUNED
6373,-9999.0,2026-05-12 19:32:32.308341,2026-05-12 19:32:32.646926,0 days 00:00:00.338585,0.25,0.7,2,0.03,0.01,0.6,0.08,6,0.7,20,0.5,,,,,BEAR_RATIO < NEUTRAL_RATIO < BULL_RATIO 约束违反: 0.25 / 0.7 / 0.7,COMPLETE
6374,-0.5549698873635063,2026-05-12 19:32:32.676626,2026-05-12 19:32:37.082630,0 days 00:00:04.406004,0.25,0.9,4,0.05,0.02,0.45,0.12,3,0.7,5,0.5,,,,,,PRUNED
6375,-0.470313052168497,2026-05-12 19:32:37.111185,2026-05-12 19:32:42.405555,0 days 00:00:05.294370,0.45,0.9,3,0.03,0.01,0.6,0.08,6,0.6,20,0.5,,,,,,PRUNED
6376,-0.5119411255673495,2026-05-12 19:32:42.434111,2026-05-12 19:32:42.814156,0 days 00:00:00.380045,0.45,0.7,2,0.05,0.02,0.6,0.08,3,0.5,10,0.8,,,,,,PRUNED
6377,-0.4092788272711371,2026-05-12 19:32:42.841801,2026-05-12 19:32:43.225426,0 days 00:00:00.383625,0.45,0.7,3,0.05,0.02,0.6,0.08,6,0.5,20,0.8,,,,,,PRUNED
6378,-0.5208035464776154,2026-05-12 19:32:43.254977,2026-05-12 19:32:47.737761,0 days 00:00:04.482784,0.35,0.9,2,0.03,0.02,0.3,0.12,6,0.5,5,0.8,,,,,,PRUNED
6379,-0.4194511448045569,2026-05-12 19:32:47.777154,2026-05-12 19:32:48.143500,0 days 00:00:00.366346,0.45,0.7,2,0.05,0.02,0.6,0.12,6,0.5,20,0.65,,,,,,PRUNED
6380,-0.42357363260304626,2026-05-12 19:32:48.166464,2026-05-12 19:32:48.534292,0 days 00:00:00.367828,0.45,0.7,2,0.05,0.02,0.6,0.08,6,0.6,20,0.8,,,,,,PRUNED
6381,-9999.0,2026-05-12 19:32:48.559860,2026-05-12 19:32:48.845164,0 days 00:00:00.285304,0.45,0.7,3,0.03,0.01,0.3,0.12,3,0.7,10,0.8,,,,,BEAR_RATIO < NEUTRAL_RATIO < BULL_RATIO 约束违反: 0.45 / 0.7 / 0.7,COMPLETE
6382,-0.4413208778376437,2026-05-12 19:32:48.868136,2026-05-12 19:32:49.212818,0 days 00:00:00.344682,0.45,0.7,2,0.03,0.02,0.6,0.08,4,0.5,20,0.8,,,,,,PRUNED
6383,-0.4660835109924683,2026-05-12 19:32:49.240370,2026-05-12 19:32:54.172805,0 days 00:00:04.932435,0.45,0.7,2,0.05,0.01,0.6,0.08,4,0.5,5,0.65,,,,,,PRUNED
6384,-0.5179924623587872,2026-05-12 19:32:54.201978,2026-05-12 19:32:54.840140,0 days 00:00:00.638162,0.45,0.7,2,0.05,0.02,0.6,0.08,6,0.5,20,0.8,-0.39108387647623727,-0.030830266507629607,0.2538171717650998,0.36025360996860767,,COMPLETE
6385,-0.44975049414977275,2026-05-12 19:32:54.866874,2026-05-12 19:33:00.025963,0 days 00:00:05.159089,0.35,0.8,4,0.05,0.01,0.6,0.08,6,0.5,20,0.65,,,,,,PRUNED
6386,-0.4750258184137773,2026-05-12 19:33:00.052859,2026-05-12 19:33:06.213480,0 days 00:00:06.160621,0.35,0.7,4,0.03,0.02,0.6,0.12,5,0.5,10,0.8,,,,,,PRUNED
6387,-0.5179924623587872,2026-05-12 19:33:06.242215,2026-05-12 19:33:06.841420,0 days 00:00:00.599205,0.45,0.7,2,0.05,0.02,0.6,0.08,6,0.5,20,0.8,-0.39108387647623727,-0.030830266507629607,0.2538171717650998,0.36025360996860767,,COMPLETE
