number,value,datetime_start,datetime_complete,duration,params_BEAR_RATIO,params_BULL_RATIO,params_GRID_MAX_LAYER,params_GRID_STEP_MAX,params_GRID_STEP_MIN,params_GRID_STEP_VOL_FACTOR,params_LAYER_FRACTION,params_MAX_HOLD,params_NEUTRAL_RATIO,params_REBALANCE_FREQ,params_VOL_WEIGHT,user_attrs_avg_test_score,user_attrs_avg_train_score,user_attrs_test_score_std,user_attrs_train_test_gap,user_attrs_validation_error,state
3933,-0.4624035365057325,2026-05-12 17:28:20.893306,2026-05-12 17:28:26.894333,0 days 00:00:06.001027,0.45,0.9,4,0.05,0.02,0.45,0.08,6,0.6,5,0.8,,,,,,PRUNED
3934,-0.5052253472470595,2026-05-12 17:28:26.918716,2026-05-12 17:28:31.579120,0 days 00:00:04.660404,0.35,0.7,3,0.03,0.01,0.6,0.16,5,0.6,10,0.8,,,,,,PRUNED
3935,-0.43362061482938863,2026-05-12 17:28:31.617188,2026-05-12 17:28:36.488637,0 days 00:00:04.871449,0.45,0.9,3,0.05,0.02,0.6,0.08,6,0.5,20,0.5,,,,,,PRUNED
3936,-0.45576615262885123,2026-05-12 17:28:36.518003,2026-05-12 17:28:42.634152,0 days 00:00:06.116149,0.45,0.7,2,0.05,0.02,0.6,0.16,6,0.6,5,0.8,,,,,,PRUNED
3937,-0.5179924623587872,2026-05-12 17:28:42.661371,2026-05-12 17:28:43.274609,0 days 00:00:00.613238,0.45,0.7,2,0.05,0.02,0.6,0.08,6,0.5,20,0.8,-0.39108387647623727,-0.030830266507629607,0.2538171717650998,0.36025360996860767,,COMPLETE
3938,-0.4194511448045569,2026-05-12 17:28:43.303578,2026-05-12 17:28:43.662276,0 days 00:00:00.358698,0.45,0.7,2,0.05,0.02,0.6,0.12,6,0.5,20,0.8,,,,,,PRUNED
3939,-0.5715107846558711,2026-05-12 17:28:43.687260,2026-05-12 17:28:44.032881,0 days 00:00:00.345621,0.45,0.7,2,0.05,0.02,0.6,0.08,3,0.5,20,0.8,,,,,,PRUNED
3940,-0.5162316396875569,2026-05-12 17:28:44.058714,2026-05-12 17:28:49.381012,0 days 00:00:05.322298,0.35,0.8,2,0.03,0.02,0.6,0.16,6,0.5,20,0.5,,,,,,PRUNED
3941,-0.5182406672588966,2026-05-12 17:28:49.404335,2026-05-12 17:28:49.970052,0 days 00:00:00.565717,0.45,0.7,2,0.05,0.02,0.45,0.08,6,0.5,20,0.8,-0.3910743597599139,-0.030648087966744914,0.25433261499796533,0.360426271793169,,COMPLETE
3942,-0.5179924623587872,2026-05-12 17:28:49.994909,2026-05-12 17:28:50.533420,0 days 00:00:00.538511,0.45,0.7,2,0.05,0.02,0.6,0.08,6,0.5,20,0.8,-0.39108387647623727,-0.030830266507629607,0.2538171717650998,0.36025360996860767,,COMPLETE
3943,-9999.0,2026-05-12 17:28:50.560099,2026-05-12 17:28:50.889902,0 days 00:00:00.329803,0.45,0.7,2,0.05,0.02,0.3,0.16,6,0.7,20,0.8,,,,,BEAR_RATIO < NEUTRAL_RATIO < BULL_RATIO 约束违反: 0.45 / 0.7 / 0.7,COMPLETE
3944,-0.5931596522208248,2026-05-12 17:28:50.916525,2026-05-12 17:28:54.498306,0 days 00:00:03.581781,0.35,0.7,4,0.05,0.01,0.3,0.12,3,0.5,20,0.5,,,,,,PRUNED
3945,-0.5979804457883122,2026-05-12 17:28:54.522211,2026-05-12 17:28:58.047075,0 days 00:00:03.524864,0.35,0.9,3,0.05,0.01,0.45,0.08,3,0.5,20,0.8,,,,,,PRUNED
3946,-0.47792527670287044,2026-05-12 17:28:58.069914,2026-05-12 17:29:01.483959,0 days 00:00:03.414045,0.25,0.7,4,0.05,0.02,0.6,0.08,6,0.5,20,0.65,,,,,,PRUNED
3947,-0.5179924623587872,2026-05-12 17:29:01.512342,2026-05-12 17:29:02.087182,0 days 00:00:00.574840,0.45,0.7,2,0.05,0.02,0.6,0.08,6,0.5,20,0.8,-0.39108387647623727,-0.030830266507629607,0.2538171717650998,0.36025360996860767,,COMPLETE
3948,-9999.0,2026-05-12 17:29:02.117018,2026-05-12 17:29:02.435903,0 days 00:00:00.318885,0.35,0.7,4,0.05,0.01,0.3,0.16,4,0.7,20,0.5,,,,,BEAR_RATIO < NEUTRAL_RATIO < BULL_RATIO 约束违反: 0.35 / 0.7 / 0.7,COMPLETE
3949,-0.41966843205749144,2026-05-12 17:29:02.462417,2026-05-12 17:29:07.468688,0 days 00:00:05.006271,0.45,0.8,2,0.05,0.01,0.45,0.08,6,0.5,20,0.5,,,,,,PRUNED
3950,-0.5179924623587872,2026-05-12 17:29:07.493886,2026-05-12 17:29:08.033592,0 days 00:00:00.539706,0.45,0.7,2,0.05,0.02,0.6,0.08,6,0.5,20,0.8,-0.39108387647623727,-0.030830266507629607,0.2538171717650998,0.36025360996860767,,COMPLETE
3951,-0.4257392076995694,2026-05-12 17:29:08.060179,2026-05-12 17:29:12.412366,0 days 00:00:04.352187,0.45,0.7,4,0.05,0.01,0.6,0.08,4,0.5,20,0.5,,,,,,PRUNED
3952,-0.45768395042507964,2026-05-12 17:29:12.442458,2026-05-12 17:29:18.474011,0 days 00:00:06.031553,0.45,0.9,4,0.05,0.02,0.6,0.12,6,0.5,5,0.65,,,,,,PRUNED
3953,-9999.0,2026-05-12 17:29:18.500238,2026-05-12 17:29:18.831091,0 days 00:00:00.330853,0.35,0.7,3,0.03,0.01,0.45,0.16,4,0.7,20,0.8,,,,,BEAR_RATIO < NEUTRAL_RATIO < BULL_RATIO 约束违反: 0.35 / 0.7 / 0.7,COMPLETE
3954,-0.49602814579292287,2026-05-12 17:29:18.857282,2026-05-12 17:29:23.943912,0 days 00:00:05.086630,0.35,0.9,3,0.05,0.01,0.45,0.16,5,0.6,10,0.8,,,,,,PRUNED
3955,-0.5766915889648762,2026-05-12 17:29:23.969991,2026-05-12 17:29:28.546934,0 days 00:00:04.576943,0.45,0.7,2,0.05,0.02,0.6,0.12,3,0.5,20,0.5,,,,,,PRUNED
3956,-0.45581466496337547,2026-05-12 17:29:28.574440,2026-05-12 17:29:32.917636,0 days 00:00:04.343196,0.35,0.7,2,0.05,0.02,0.6,0.08,4,0.6,10,0.5,,,,,,PRUNED
3957,-0.44328603688297663,2026-05-12 17:29:32.946266,2026-05-12 17:29:31.743556,-1 days +23:59:58.797290,0.45,0.9,2,0.05,0.02,0.6,0.12,6,0.5,20,0.5,,,,,,PRUNED
3958,-0.495008087971943,2026-05-12 17:29:31.772958,2026-05-12 17:29:37.930018,0 days 00:00:06.157060,0.45,0.8,3,0.03,0.02,0.6,0.16,6,0.5,5,0.5,,,,,,PRUNED
3959,-0.4600065663116887,2026-05-12 17:29:37.956339,2026-05-12 17:29:43.079466,0 days 00:00:05.123127,0.45,0.9,2,0.05,0.02,0.45,0.12,5,0.6,10,0.65,,,,,,PRUNED
3960,-0.5202764682986015,2026-05-12 17:29:43.106831,2026-05-12 17:29:48.031012,0 days 00:00:04.924181,0.45,0.9,4,0.03,0.02,0.3,0.12,5,0.7,20,0.65,,,,,,PRUNED
3961,-0.410125315542252,2026-05-12 17:29:48.057462,2026-05-12 17:29:48.414327,0 days 00:00:00.356865,0.45,0.7,4,0.05,0.02,0.6,0.08,6,0.5,20,0.8,,,,,,PRUNED
3962,-0.47337348351444897,2026-05-12 17:29:48.438332,2026-05-12 17:29:53.969271,0 days 00:00:05.530939,0.35,0.9,2,0.05,0.01,0.45,0.08,6,0.6,10,0.65,,,,,,PRUNED
3963,-0.47572835158785143,2026-05-12 17:29:54.013190,2026-05-12 17:29:59.142655,0 days 00:00:05.129465,0.35,0.9,4,0.05,0.01,0.6,0.12,6,0.5,20,0.8,,,,,,PRUNED
3964,-0.5441462472934463,2026-05-12 17:29:59.169103,2026-05-12 17:30:02.621300,0 days 00:00:03.452197,0.25,0.7,2,0.03,0.02,0.6,0.16,6,0.5,20,0.8,,,,,,PRUNED
3965,-0.5045616200913051,2026-05-12 17:30:02.646335,2026-05-12 17:30:07.679353,0 days 00:00:05.033018,0.25,0.8,2,0.05,0.01,0.6,0.16,5,0.5,10,0.5,,,,,,PRUNED
3966,-0.5179924623587872,2026-05-12 17:30:07.705847,2026-05-12 17:30:08.316281,0 days 00:00:00.610434,0.45,0.7,2,0.05,0.02,0.6,0.08,6,0.5,20,0.65,-0.39108387647623727,-0.030830266507629607,0.2538171717650998,0.36025360996860767,,COMPLETE
3967,-0.5705627841869827,2026-05-12 17:30:08.343934,2026-05-12 17:30:14.353863,0 days 00:00:06.009929,0.25,0.9,4,0.05,0.02,0.3,0.16,6,0.6,5,0.65,,,,,,PRUNED
3968,-0.5179924623587872,2026-05-12 17:30:14.381381,2026-05-12 17:30:14.943909,0 days 00:00:00.562528,0.45,0.7,2,0.05,0.02,0.6,0.08,6,0.5,20,0.8,-0.39108387647623727,-0.030830266507629607,0.2538171717650998,0.36025360996860767,,COMPLETE
3969,-0.5037910514944287,2026-05-12 17:30:14.994804,2026-05-12 17:30:20.966340,0 days 00:00:05.971536,0.25,0.9,3,0.05,0.02,0.3,0.08,6,0.5,20,0.8,,,,,,PRUNED
3970,-0.5179924623587872,2026-05-12 17:30:20.992738,2026-05-12 17:30:21.606970,0 days 00:00:00.614232,0.45,0.7,2,0.05,0.02,0.6,0.08,6,0.5,20,0.8,-0.39108387647623727,-0.030830266507629607,0.2538171717650998,0.36025360996860767,,COMPLETE
3971,-9999.0,2026-05-12 17:30:21.636656,2026-05-12 17:30:21.948807,0 days 00:00:00.312151,0.45,0.7,3,0.03,0.02,0.45,0.08,3,0.7,5,0.8,,,,,BEAR_RATIO < NEUTRAL_RATIO < BULL_RATIO 约束违反: 0.45 / 0.7 / 0.7,COMPLETE
3972,-0.5181363452665038,2026-05-12 17:30:21.974972,2026-05-12 17:30:27.134516,0 days 00:00:05.159544,0.35,0.9,4,0.05,0.01,0.3,0.16,6,0.7,20,0.65,,,,,,PRUNED
3973,-0.593082116115428,2026-05-12 17:30:27.154772,2026-05-12 17:30:30.767468,0 days 00:00:03.612696,0.45,0.7,3,0.05,0.01,0.45,0.08,3,0.6,20,0.8,,,,,,PRUNED
3974,-0.43450855750432177,2026-05-12 17:30:30.795415,2026-05-12 17:30:35.983272,0 days 00:00:05.187857,0.45,0.9,4,0.05,0.02,0.6,0.08,6,0.5,20,0.5,,,,,,PRUNED
3975,-0.4242910183560481,2026-05-12 17:30:36.009605,2026-05-12 17:30:36.370797,0 days 00:00:00.361192,0.45,0.7,2,0.05,0.02,0.6,0.08,5,0.5,20,0.8,,,,,,PRUNED
3976,-0.5179924623587872,2026-05-12 17:30:36.399375,2026-05-12 17:30:36.890619,0 days 00:00:00.491244,0.45,0.7,2,0.05,0.02,0.6,0.08,6,0.5,20,0.8,-0.39108387647623727,-0.030830266507629607,0.2538171717650998,0.36025360996860767,,COMPLETE
3977,-0.595232281764886,2026-05-12 17:30:36.917706,2026-05-12 17:30:40.556164,0 days 00:00:03.638458,0.45,0.9,3,0.03,0.02,0.6,0.08,3,0.5,20,0.65,,,,,,PRUNED
3978,-0.5149834997350426,2026-05-12 17:30:40.582710,2026-05-12 17:30:45.521833,0 days 00:00:04.939123,0.25,0.9,3,0.05,0.02,0.6,0.12,6,0.5,20,0.8,,,,,,PRUNED
3979,-9999.0,2026-05-12 17:30:45.547408,2026-05-12 17:30:45.858600,0 days 00:00:00.311192,0.25,0.7,4,0.05,0.02,0.3,0.12,3,0.7,10,0.8,,,,,BEAR_RATIO < NEUTRAL_RATIO < BULL_RATIO 约束违反: 0.25 / 0.7 / 0.7,COMPLETE
3980,-0.46874743611665426,2026-05-12 17:30:45.884351,2026-05-12 17:30:48.393925,0 days 00:00:02.509574,0.35,0.7,4,0.03,0.01,0.3,0.08,3,0.5,5,0.65,,,,,,PRUNED
3981,-0.4852314263656563,2026-05-12 17:30:48.415541,2026-05-12 17:30:53.020250,0 days 00:00:04.604709,0.45,0.9,4,0.03,0.01,0.3,0.08,5,0.6,20,0.5,,,,,,PRUNED
3982,-0.5179924623587872,2026-05-12 17:30:53.046946,2026-05-12 17:30:53.658036,0 days 00:00:00.611090,0.45,0.7,2,0.05,0.02,0.6,0.08,6,0.5,20,0.8,-0.39108387647623727,-0.030830266507629607,0.2538171717650998,0.36025360996860767,,COMPLETE
3983,-0.6033942193687148,2026-05-12 17:30:53.685101,2026-05-12 17:30:57.701003,0 days 00:00:04.015902,0.35,0.8,4,0.03,0.01,0.3,0.16,3,0.7,10,0.5,,,,,,PRUNED
3984,-9999.0,2026-05-12 17:30:57.730592,2026-05-12 17:30:58.089162,0 days 00:00:00.358570,0.35,0.7,2,0.05,0.02,0.6,0.12,5,0.7,5,0.5,,,,,BEAR_RATIO < NEUTRAL_RATIO < BULL_RATIO 约束违反: 0.35 / 0.7 / 0.7,COMPLETE
3985,-0.4092788272711371,2026-05-12 17:30:58.114734,2026-05-12 17:30:58.484179,0 days 00:00:00.369445,0.45,0.7,3,0.05,0.02,0.6,0.08,6,0.5,20,0.8,,,,,,PRUNED
3986,-0.5966298317509102,2026-05-12 17:30:58.511888,2026-05-12 17:31:02.389485,0 days 00:00:03.877597,0.25,0.7,2,0.05,0.01,0.6,0.08,3,0.5,20,0.8,,,,,,PRUNED
3987,-0.5179924623587872,2026-05-12 17:31:02.415086,2026-05-12 17:31:02.986291,0 days 00:00:00.571205,0.45,0.7,2,0.05,0.02,0.6,0.08,6,0.5,20,0.8,-0.39108387647623727,-0.030830266507629607,0.2538171717650998,0.36025360996860767,,COMPLETE
3988,-0.5179924623587872,2026-05-12 17:31:03.017369,2026-05-12 17:31:03.573275,0 days 00:00:00.555906,0.45,0.7,2,0.05,0.02,0.6,0.08,6,0.5,20,0.5,-0.39108387647623727,-0.030830266507629607,0.2538171717650998,0.36025360996860767,,COMPLETE
3989,-0.4742836939261093,2026-05-12 17:31:03.619394,2026-05-12 17:31:08.961704,0 days 00:00:05.342310,0.25,0.7,2,0.05,0.02,0.6,0.08,6,0.5,10,0.5,,,,,,PRUNED
3990,-0.47318182325065916,2026-05-12 17:31:08.988061,2026-05-12 17:31:14.171147,0 days 00:00:05.183086,0.35,0.9,2,0.05,0.02,0.6,0.08,6,0.6,20,0.8,,,,,,PRUNED
3991,-9999.0,2026-05-12 17:31:14.194796,2026-05-12 17:31:14.486922,0 days 00:00:00.292126,0.45,0.7,3,0.03,0.01,0.3,0.16,5,0.7,20,0.65,,,,,BEAR_RATIO < NEUTRAL_RATIO < BULL_RATIO 约束违反: 0.45 / 0.7 / 0.7,COMPLETE
3992,-0.5141532743306791,2026-05-12 17:31:14.510211,2026-05-12 17:31:19.187348,0 days 00:00:04.677137,0.25,0.8,4,0.05,0.01,0.6,0.12,6,0.6,10,0.65,,,,,,PRUNED
3993,-0.551905464643471,2026-05-12 17:31:19.215138,2026-05-12 17:31:24.275269,0 days 00:00:05.060131,0.25,0.8,4,0.03,0.02,0.45,0.08,4,0.5,5,0.65,,,,,,PRUNED
3994,-0.5319707083263371,2026-05-12 17:31:24.316258,2026-05-12 17:31:28.261857,0 days 00:00:03.945599,0.35,0.8,2,0.05,0.02,0.45,0.08,3,0.5,10,0.65,,,,,,PRUNED
3995,-0.49702442564314875,2026-05-12 17:31:28.287325,2026-05-12 17:31:34.564518,0 days 00:00:06.277193,0.35,0.9,2,0.05,0.01,0.6,0.16,6,0.5,5,0.65,,,,,,PRUNED
3996,-0.5537336775796389,2026-05-12 17:31:34.590739,2026-05-12 17:31:39.793070,0 days 00:00:05.202331,0.45,0.8,4,0.03,0.01,0.3,0.16,4,0.7,5,0.8,,,,,,PRUNED
3997,-0.6713256144971002,2026-05-12 17:31:39.837102,2026-05-12 17:31:43.442793,0 days 00:00:03.605691,0.25,0.9,4,0.03,0.02,0.6,0.16,3,0.7,20,0.5,,,,,,PRUNED
3998,-0.49554178601847,2026-05-12 17:31:43.471451,2026-05-12 17:31:49.182246,0 days 00:00:05.710795,0.35,0.9,4,0.05,0.02,0.6,0.16,5,0.5,5,0.8,,,,,,PRUNED
3999,-0.5179924623587872,2026-05-12 17:31:49.209211,2026-05-12 17:31:49.774888,0 days 00:00:00.565677,0.45,0.7,2,0.05,0.02,0.6,0.08,6,0.5,20,0.8,-0.39108387647623727,-0.030830266507629607,0.2538171717650998,0.36025360996860767,,COMPLETE
4000,-0.41145313209857104,2026-05-12 17:31:49.807771,2026-05-12 17:31:53.804975,0 days 00:00:03.997204,0.45,0.7,2,0.05,0.02,0.3,0.08,6,0.5,10,0.5,,,,,,PRUNED
4001,-0.5308532106506145,2026-05-12 17:31:53.827425,2026-05-12 17:31:58.484774,0 days 00:00:04.657349,0.25,0.9,3,0.05,0.01,0.45,0.12,5,0.7,20,0.8,,,,,,PRUNED
4002,-0.48692166230430073,2026-05-12 17:31:58.511520,2026-05-12 17:32:03.773138,0 days 00:00:05.261618,0.35,0.8,4,0.03,0.02,0.45,0.08,6,0.6,20,0.65,,,,,,PRUNED
4003,-9999.0,2026-05-12 17:32:03.801840,2026-05-12 17:32:04.121725,0 days 00:00:00.319885,0.45,0.7,4,0.05,0.02,0.6,0.16,6,0.7,10,0.8,,,,,BEAR_RATIO < NEUTRAL_RATIO < BULL_RATIO 约束违反: 0.45 / 0.7 / 0.7,COMPLETE
4004,-9999.0,2026-05-12 17:32:04.150957,2026-05-12 17:32:04.462214,0 days 00:00:00.311257,0.45,0.7,2,0.05,0.02,0.3,0.08,3,0.7,10,0.5,,,,,BEAR_RATIO < NEUTRAL_RATIO < BULL_RATIO 约束违反: 0.45 / 0.7 / 0.7,COMPLETE
4005,-0.530282224201146,2026-05-12 17:32:04.490204,2026-05-12 17:32:09.701369,0 days 00:00:05.211165,0.25,0.7,2,0.05,0.01,0.6,0.08,4,0.6,5,0.65,,,,,,PRUNED
4006,-0.44786475625500555,2026-05-12 17:32:09.731297,2026-05-12 17:32:14.648490,0 days 00:00:04.917193,0.45,0.7,2,0.03,0.02,0.6,0.08,6,0.6,20,0.5,,,,,,PRUNED
4007,-0.5107048012419448,2026-05-12 17:32:14.678545,2026-05-12 17:32:20.582308,0 days 00:00:05.903763,0.35,0.9,3,0.05,0.01,0.6,0.16,6,0.7,20,0.5,,,,,,PRUNED
4008,-0.5124061176247655,2026-05-12 17:32:20.608691,2026-05-12 17:32:24.794434,0 days 00:00:04.185743,0.35,0.9,2,0.03,0.01,0.6,0.08,5,0.6,5,0.65,,,,,,PRUNED
4009,-0.5179924623587872,2026-05-12 17:32:24.822929,2026-05-12 17:32:25.440639,0 days 00:00:00.617710,0.45,0.7,2,0.05,0.02,0.6,0.08,6,0.5,20,0.8,-0.39108387647623727,-0.030830266507629607,0.2538171717650998,0.36025360996860767,,COMPLETE
4010,-0.4322626817353953,2026-05-12 17:32:25.469240,2026-05-12 17:32:31.365669,0 days 00:00:05.896429,0.45,0.7,2,0.05,0.02,0.6,0.08,6,0.6,5,0.5,,,,,,PRUNED
4011,-0.5636050028819343,2026-05-12 17:32:31.392326,2026-05-12 17:32:37.510573,0 days 00:00:06.118247,0.25,0.8,3,0.05,0.01,0.3,0.16,6,0.7,5,0.8,,,,,,PRUNED
4012,-0.4639087223094512,2026-05-12 17:32:37.534313,2026-05-12 17:32:43.626863,0 days 00:00:06.092550,0.35,0.8,2,0.05,0.01,0.3,0.08,6,0.5,5,0.8,,,,,,PRUNED
4013,-0.4704516708057534,2026-05-12 17:32:43.652281,2026-05-12 17:32:49.434680,0 days 00:00:05.782399,0.45,0.8,2,0.03,0.02,0.6,0.08,5,0.6,5,0.5,,,,,,PRUNED
4014,-0.42357363260304626,2026-05-12 17:32:49.462723,2026-05-12 17:32:49.840909,0 days 00:00:00.378186,0.45,0.7,2,0.05,0.02,0.6,0.08,6,0.6,20,0.8,,,,,,PRUNED
4015,-0.5179924623587872,2026-05-12 17:32:49.889247,2026-05-12 17:32:50.491013,0 days 00:00:00.601766,0.45,0.7,2,0.05,0.02,0.6,0.08,6,0.5,20,0.8,-0.39108387647623727,-0.030830266507629607,0.2538171717650998,0.36025360996860767,,COMPLETE
4016,-0.5039666979800861,2026-05-12 17:32:50.516914,2026-05-12 17:32:53.343630,0 days 00:00:02.826716,0.25,0.8,3,0.03,0.02,0.3,0.12,4,0.5,10,0.8,,,,,,PRUNED
4017,-0.49738389035339287,2026-05-12 17:32:53.367587,2026-05-12 17:32:58.626641,0 days 00:00:05.259054,0.45,0.8,3,0.03,0.02,0.6,0.12,6,0.7,20,0.65,,,,,,PRUNED
4018,-0.6067262103134384,2026-05-12 17:32:58.652618,2026-05-12 17:33:02.069047,0 days 00:00:03.416429,0.35,0.9,4,0.05,0.02,0.3,0.12,3,0.5,20,0.65,,,,,,PRUNED
4019,-0.5179924623587872,2026-05-12 17:33:02.096524,2026-05-12 17:33:02.679943,0 days 00:00:00.583419,0.45,0.7,2,0.05,0.02,0.6,0.08,6,0.5,20,0.8,-0.39108387647623727,-0.030830266507629607,0.2538171717650998,0.36025360996860767,,COMPLETE
4020,-0.5179924623587872,2026-05-12 17:33:02.711480,2026-05-12 17:33:03.330405,0 days 00:00:00.618925,0.45,0.7,2,0.05,0.01,0.6,0.08,6,0.5,20,0.8,-0.39108387647623727,-0.030830266507629607,0.2538171717650998,0.36025360996860767,,COMPLETE
4021,-0.5179924623587872,2026-05-12 17:33:03.371725,2026-05-12 17:33:03.939457,0 days 00:00:00.567732,0.45,0.7,2,0.05,0.02,0.6,0.08,6,0.5,20,0.8,-0.39108387647623727,-0.030830266507629607,0.2538171717650998,0.36025360996860767,,COMPLETE
4022,-0.5462483096095535,2026-05-12 17:33:03.969166,2026-05-12 17:33:09.131198,0 days 00:00:05.162032,0.25,0.7,3,0.05,0.01,0.6,0.16,4,0.6,5,0.8,,,,,,PRUNED
4023,-0.5317545765309063,2026-05-12 17:33:09.170619,2026-05-12 17:33:14.996093,0 days 00:00:05.825474,0.25,0.8,3,0.03,0.01,0.45,0.12,5,0.5,20,0.65,,,,,,PRUNED
4024,-0.4213231947291116,2026-05-12 17:33:15.023547,2026-05-12 17:33:15.419496,0 days 00:00:00.395949,0.45,0.7,2,0.05,0.02,0.6,0.08,4,0.5,20,0.8,,,,,,PRUNED
4025,-0.4366700141825006,2026-05-12 17:33:15.447028,2026-05-12 17:33:20.138560,0 days 00:00:04.691532,0.45,0.7,4,0.05,0.02,0.6,0.12,5,0.5,20,0.8,,,,,,PRUNED
4026,-0.5179924623587872,2026-05-12 17:33:20.168345,2026-05-12 17:33:20.743195,0 days 00:00:00.574850,0.45,0.7,2,0.05,0.02,0.6,0.08,6,0.5,20,0.8,-0.39108387647623727,-0.030830266507629607,0.2538171717650998,0.36025360996860767,,COMPLETE
4027,-0.47441457244516044,2026-05-12 17:33:20.773563,2026-05-12 17:33:21.177171,0 days 00:00:00.403608,0.25,0.7,2,0.05,0.02,0.6,0.08,6,0.5,20,0.8,,,,,,PRUNED
4028,-0.4867537788834891,2026-05-12 17:33:21.224622,2026-05-12 17:33:25.476721,0 days 00:00:04.252099,0.35,0.7,2,0.03,0.02,0.45,0.12,5,0.5,5,0.65,,,,,,PRUNED
4029,-0.40932570196215795,2026-05-12 17:33:25.507995,2026-05-12 17:33:25.889547,0 days 00:00:00.381552,0.45,0.7,4,0.05,0.02,0.45,0.08,6,0.5,20,0.8,,,,,,PRUNED
4030,-0.44719969144063537,2026-05-12 17:33:25.914294,2026-05-12 17:33:31.091549,0 days 00:00:05.177255,0.35,0.7,2,0.05,0.02,0.6,0.12,6,0.5,20,0.65,,,,,,PRUNED
4031,-0.5141227118143846,2026-05-12 17:33:31.138139,2026-05-12 17:33:35.658522,0 days 00:00:04.520383,0.35,0.8,2,0.03,0.02,0.3,0.08,3,0.7,5,0.65,,,,,,PRUNED
4032,-0.5179924623587872,2026-05-12 17:33:35.688395,2026-05-12 17:33:36.297875,0 days 00:00:00.609480,0.45,0.7,2,0.05,0.02,0.6,0.08,6,0.5,20,0.8,-0.39108387647623727,-0.030830266507629607,0.2538171717650998,0.36025360996860767,,COMPLETE
4033,-0.5179924623587872,2026-05-12 17:33:36.328344,2026-05-12 17:33:36.904475,0 days 00:00:00.576131,0.45,0.7,2,0.05,0.02,0.6,0.08,6,0.5,20,0.8,-0.39108387647623727,-0.030830266507629607,0.2538171717650998,0.36025360996860767,,COMPLETE
4034,-0.5179924623587872,2026-05-12 17:33:36.929704,2026-05-12 17:33:37.495194,0 days 00:00:00.565490,0.45,0.7,2,0.05,0.02,0.6,0.08,6,0.5,20,0.8,-0.39108387647623727,-0.030830266507629607,0.2538171717650998,0.36025360996860767,,COMPLETE
4035,-0.5031820939351356,2026-05-12 17:33:37.525010,2026-05-12 17:33:41.977922,0 days 00:00:04.452912,0.35,0.7,4,0.03,0.02,0.45,0.16,4,0.6,10,0.5,,,,,,PRUNED
4036,-0.4972549061210848,2026-05-12 17:33:42.003265,2026-05-12 17:33:47.334250,0 days 00:00:05.330985,0.45,0.7,3,0.03,0.02,0.3,0.08,4,0.6,5,0.8,,,,,,PRUNED
4037,-0.4389077567641293,2026-05-12 17:33:47.356284,2026-05-12 17:33:52.277719,0 days 00:00:04.921435,0.45,0.7,4,0.05,0.02,0.3,0.16,6,0.5,20,0.8,,,,,,PRUNED
4038,-0.5179924623587872,2026-05-12 17:33:52.307378,2026-05-12 17:33:52.902272,0 days 00:00:00.594894,0.45,0.7,2,0.05,0.02,0.6,0.08,6,0.5,20,0.8,-0.39108387647623727,-0.030830266507629607,0.2538171717650998,0.36025360996860767,,COMPLETE
4039,-0.4092137988646166,2026-05-12 17:33:52.931013,2026-05-12 17:33:53.299932,0 days 00:00:00.368919,0.45,0.7,2,0.05,0.02,0.6,0.08,6,0.5,10,0.8,,,,,,PRUNED
4040,-0.523452894362877,2026-05-12 17:33:53.328012,2026-05-12 17:33:56.932498,0 days 00:00:03.604486,0.45,0.9,2,0.03,0.02,0.45,0.16,5,0.7,10,0.65,,,,,,PRUNED
4041,-0.5179924623587872,2026-05-12 17:33:56.961768,2026-05-12 17:33:57.514692,0 days 00:00:00.552924,0.45,0.7,2,0.05,0.02,0.6,0.08,6,0.5,20,0.8,-0.39108387647623727,-0.030830266507629607,0.2538171717650998,0.36025360996860767,,COMPLETE
4042,-0.4296411080598753,2026-05-12 17:33:57.542419,2026-05-12 17:33:57.926572,0 days 00:00:00.384153,0.45,0.7,2,0.05,0.02,0.6,0.16,6,0.5,20,0.8,,,,,,PRUNED
4043,-0.5335022919079349,2026-05-12 17:33:57.952609,2026-05-12 17:34:04.033983,0 days 00:00:06.081374,0.25,0.8,3,0.05,0.02,0.45,0.16,6,0.5,5,0.5,,,,,,PRUNED
4044,-0.5233733422233444,2026-05-12 17:34:04.060052,2026-05-12 17:34:08.754903,0 days 00:00:04.694851,0.25,0.8,2,0.05,0.02,0.6,0.16,5,0.6,20,0.65,,,,,,PRUNED
4045,-0.4100386278766106,2026-05-12 17:34:08.783719,2026-05-12 17:34:09.186354,0 days 00:00:00.402635,0.45,0.7,2,0.05,0.02,0.3,0.08,6,0.5,20,0.8,,,,,,PRUNED
4046,-0.5179924623587872,2026-05-12 17:34:09.214989,2026-05-12 17:34:09.786271,0 days 00:00:00.571282,0.45,0.7,2,0.05,0.02,0.6,0.08,6,0.5,20,0.8,-0.39108387647623727,-0.030830266507629607,0.2538171717650998,0.36025360996860767,,COMPLETE
4047,-0.612791060544943,2026-05-12 17:34:09.812137,2026-05-12 17:34:13.372456,0 days 00:00:03.560319,0.35,0.7,3,0.05,0.02,0.45,0.16,3,0.6,20,0.8,,,,,,PRUNED
4048,-0.42056632138184724,2026-05-12 17:34:13.398518,2026-05-12 17:34:13.764132,0 days 00:00:00.365614,0.45,0.8,2,0.05,0.02,0.6,0.08,6,0.5,20,0.8,,,,,,PRUNED
4049,-0.5757745502914053,2026-05-12 17:34:13.789162,2026-05-12 17:34:18.632200,0 days 00:00:04.843038,0.25,0.9,2,0.05,0.02,0.3,0.12,3,0.7,10,0.65,,,,,,PRUNED
4050,-9999.0,2026-05-12 17:34:18.660653,2026-05-12 17:34:18.989745,0 days 00:00:00.329092,0.45,0.7,2,0.05,0.02,0.6,0.08,3,0.7,5,0.5,,,,,BEAR_RATIO < NEUTRAL_RATIO < BULL_RATIO 约束违反: 0.45 / 0.7 / 0.7,COMPLETE
4051,-0.5179924623587872,2026-05-12 17:34:19.017220,2026-05-12 17:34:19.577022,0 days 00:00:00.559802,0.45,0.7,2,0.05,0.02,0.6,0.08,6,0.5,20,0.8,-0.39108387647623727,-0.030830266507629607,0.2538171717650998,0.36025360996860767,,COMPLETE
4052,-0.45175959547003086,2026-05-12 17:34:19.609567,2026-05-12 17:34:24.654063,0 days 00:00:05.044496,0.35,0.8,3,0.05,0.02,0.3,0.08,5,0.5,10,0.5,,,,,,PRUNED
