number,value,datetime_start,datetime_complete,duration,params_BEAR_RATIO,params_BULL_RATIO,params_GRID_MAX_LAYER,params_GRID_STEP_MAX,params_GRID_STEP_MIN,params_GRID_STEP_VOL_FACTOR,params_LAYER_FRACTION,params_MAX_HOLD,params_NEUTRAL_RATIO,params_REBALANCE_FREQ,params_VOL_WEIGHT,user_attrs_avg_test_score,user_attrs_avg_train_score,user_attrs_test_score_std,user_attrs_train_test_gap,user_attrs_validation_error,state
4176,-9999.0,2026-05-12 17:40:49.144800,2026-05-12 17:40:49.444644,0 days 00:00:00.299844,0.25,0.7,4,0.03,0.01,0.3,0.16,3,0.7,5,0.65,,,,,BEAR_RATIO < NEUTRAL_RATIO < BULL_RATIO 约束违反: 0.25 / 0.7 / 0.7,COMPLETE
4177,-0.4526564165718329,2026-05-12 17:40:49.468891,2026-05-12 17:40:54.041846,0 days 00:00:04.572955,0.45,0.8,2,0.05,0.02,0.6,0.08,5,0.6,20,0.8,,,,,,PRUNED
4178,-0.5228458448722131,2026-05-12 17:40:54.066969,2026-05-12 17:40:58.987967,0 days 00:00:04.920998,0.45,0.9,3,0.03,0.01,0.45,0.08,4,0.6,5,0.5,,,,,,PRUNED
4179,-0.4600238052071858,2026-05-12 17:40:59.013562,2026-05-12 17:41:04.074823,0 days 00:00:05.061261,0.35,0.7,4,0.03,0.01,0.6,0.08,6,0.5,10,0.8,,,,,,PRUNED
4180,-0.5179924623587872,2026-05-12 17:41:04.098718,2026-05-12 17:41:04.626290,0 days 00:00:00.527572,0.45,0.7,2,0.05,0.02,0.6,0.08,6,0.5,20,0.8,-0.39108387647623727,-0.030830266507629607,0.2538171717650998,0.36025360996860767,,COMPLETE
4181,-0.47259463217779674,2026-05-12 17:41:04.651142,2026-05-12 17:41:10.906068,0 days 00:00:06.254926,0.35,0.9,2,0.05,0.02,0.6,0.08,5,0.5,5,0.8,,,,,,PRUNED
4182,-0.5179924623587872,2026-05-12 17:41:10.929336,2026-05-12 17:41:11.569188,0 days 00:00:00.639852,0.45,0.7,2,0.05,0.02,0.6,0.08,6,0.5,20,0.8,-0.39108387647623727,-0.030830266507629607,0.2538171717650998,0.36025360996860767,,COMPLETE
4183,-0.5086678204719043,2026-05-12 17:41:11.612505,2026-05-12 17:41:17.415808,0 days 00:00:05.803303,0.45,0.9,4,0.03,0.02,0.3,0.12,6,0.6,5,0.5,,,,,,PRUNED
4184,-0.48279584318099195,2026-05-12 17:41:17.441360,2026-05-12 17:41:21.996728,0 days 00:00:04.555368,0.45,0.9,3,0.05,0.02,0.6,0.16,5,0.6,20,0.5,,,,,,PRUNED
4185,-0.4974583222707743,2026-05-12 17:41:22.020947,2026-05-12 17:41:25.957834,0 days 00:00:03.936887,0.45,0.8,3,0.03,0.01,0.3,0.12,6,0.7,10,0.5,,,,,,PRUNED
4186,-0.5275280473915298,2026-05-12 17:41:25.985465,2026-05-12 17:41:29.701121,0 days 00:00:03.715656,0.45,0.7,2,0.05,0.02,0.6,0.08,3,0.6,10,0.8,,,,,,PRUNED
4187,-0.4784507091628851,2026-05-12 17:41:29.724934,2026-05-12 17:41:33.929669,0 days 00:00:04.204735,0.25,0.7,2,0.05,0.01,0.45,0.12,4,0.6,10,0.65,,,,,,PRUNED
4188,-0.5087534668138927,2026-05-12 17:41:33.954710,2026-05-12 17:41:38.761932,0 days 00:00:04.807222,0.25,0.9,3,0.05,0.02,0.3,0.12,5,0.5,10,0.5,,,,,,PRUNED
4189,-0.4544919476022754,2026-05-12 17:41:38.788677,2026-05-12 17:41:43.663867,0 days 00:00:04.875190,0.45,0.7,2,0.03,0.01,0.45,0.12,6,0.5,20,0.8,,,,,,PRUNED
4190,-0.6324947841138914,2026-05-12 17:41:43.689367,2026-05-12 17:41:47.122747,0 days 00:00:03.433380,0.45,0.9,2,0.03,0.02,0.45,0.08,3,0.7,20,0.5,,,,,,PRUNED
4191,-0.506752901082133,2026-05-12 17:41:47.150481,2026-05-12 17:41:52.241034,0 days 00:00:05.090553,0.45,0.9,4,0.03,0.01,0.6,0.16,5,0.6,10,0.8,,,,,,PRUNED
4192,-0.5560563794396541,2026-05-12 17:41:52.265813,2026-05-12 17:41:56.493144,0 days 00:00:04.227331,0.25,0.9,4,0.03,0.01,0.3,0.12,5,0.6,20,0.5,,,,,,PRUNED
4193,-0.5078171031437773,2026-05-12 17:41:56.522653,2026-05-12 17:42:03.564362,0 days 00:00:07.041709,0.25,0.8,2,0.05,0.02,0.45,0.08,6,0.5,5,0.5,,,,,,PRUNED
4194,-0.4213231947291116,2026-05-12 17:42:03.592803,2026-05-12 17:42:03.998476,0 days 00:00:00.405673,0.45,0.7,2,0.05,0.02,0.6,0.08,4,0.5,20,0.8,,,,,,PRUNED
4195,-0.5020893434248702,2026-05-12 17:42:04.027123,2026-05-12 17:42:09.243308,0 days 00:00:05.216185,0.25,0.7,3,0.05,0.02,0.6,0.16,6,0.5,20,0.5,,,,,,PRUNED
4196,-0.4822297152146168,2026-05-12 17:42:09.269447,2026-05-12 17:42:14.085765,0 days 00:00:04.816318,0.25,0.7,2,0.05,0.02,0.45,0.08,5,0.5,20,0.8,,,,,,PRUNED
4197,-0.45948064769815766,2026-05-12 17:42:14.113141,2026-05-12 17:42:19.092050,0 days 00:00:04.978909,0.35,0.7,4,0.03,0.02,0.6,0.08,6,0.5,20,0.8,,,,,,PRUNED
4198,-0.5179924623587872,2026-05-12 17:42:19.121610,2026-05-12 17:42:19.698537,0 days 00:00:00.576927,0.45,0.7,2,0.05,0.02,0.6,0.08,6,0.5,20,0.8,-0.39108387647623727,-0.030830266507629607,0.2538171717650998,0.36025360996860767,,COMPLETE
4199,-0.5613615354143835,2026-05-12 17:42:19.722855,2026-05-12 17:42:23.475961,0 days 00:00:03.753106,0.45,0.9,4,0.03,0.01,0.3,0.08,3,0.6,10,0.5,,,,,,PRUNED
4200,-0.5179924623587872,2026-05-12 17:42:23.501531,2026-05-12 17:42:24.055938,0 days 00:00:00.554407,0.45,0.7,2,0.05,0.02,0.6,0.08,6,0.5,20,0.8,-0.39108387647623727,-0.030830266507629607,0.2538171717650998,0.36025360996860767,,COMPLETE
4201,-0.45748282475783225,2026-05-12 17:42:24.081490,2026-05-12 17:42:27.841614,0 days 00:00:03.760124,0.45,0.7,3,0.05,0.01,0.45,0.16,5,0.6,5,0.8,,,,,,PRUNED
4202,-0.4660846338664925,2026-05-12 17:42:27.866285,2026-05-12 17:42:31.701651,0 days 00:00:03.835366,0.35,0.9,4,0.05,0.01,0.45,0.12,4,0.5,20,0.65,,,,,,PRUNED
4203,-0.5179924623587872,2026-05-12 17:42:31.724929,2026-05-12 17:42:32.290691,0 days 00:00:00.565762,0.45,0.7,2,0.05,0.02,0.6,0.08,6,0.5,20,0.8,-0.39108387647623727,-0.030830266507629607,0.2538171717650998,0.36025360996860767,,COMPLETE
4204,-0.5179924623587872,2026-05-12 17:42:32.317483,2026-05-12 17:42:32.846938,0 days 00:00:00.529455,0.45,0.7,2,0.05,0.02,0.6,0.08,6,0.5,20,0.8,-0.39108387647623727,-0.030830266507629607,0.2538171717650998,0.36025360996860767,,COMPLETE
4205,-0.5304410105889257,2026-05-12 17:42:32.870955,2026-05-12 17:42:37.258644,0 days 00:00:04.387689,0.25,0.8,4,0.05,0.02,0.45,0.12,3,0.6,5,0.5,,,,,,PRUNED
4206,-0.5748408106510976,2026-05-12 17:42:37.302415,2026-05-12 17:42:43.144208,0 days 00:00:05.841793,0.25,0.8,2,0.03,0.01,0.45,0.16,5,0.6,5,0.65,,,,,,PRUNED
4207,-0.5806407232973809,2026-05-12 17:42:43.172327,2026-05-12 17:42:46.994871,0 days 00:00:03.822544,0.45,0.8,3,0.05,0.02,0.6,0.08,3,0.5,20,0.8,,,,,,PRUNED
4208,-0.4902678666525616,2026-05-12 17:42:47.020659,2026-05-12 17:42:52.142201,0 days 00:00:05.121542,0.25,0.8,2,0.05,0.02,0.3,0.08,6,0.5,20,0.65,,,,,,PRUNED
4209,-9999.0,2026-05-12 17:42:52.169677,2026-05-12 17:42:52.491531,0 days 00:00:00.321854,0.45,0.7,2,0.05,0.02,0.3,0.12,5,0.7,20,0.8,,,,,BEAR_RATIO < NEUTRAL_RATIO < BULL_RATIO 约束违反: 0.45 / 0.7 / 0.7,COMPLETE
4210,-0.4454511047651585,2026-05-12 17:42:52.520796,2026-05-12 17:42:57.630675,0 days 00:00:05.109879,0.35,0.8,2,0.05,0.02,0.45,0.08,6,0.5,20,0.8,,,,,,PRUNED
4211,-0.5210984516438907,2026-05-12 17:42:57.656595,2026-05-12 17:43:01.023555,0 days 00:00:03.366960,0.25,0.8,4,0.03,0.01,0.6,0.16,4,0.5,20,0.65,,,,,,PRUNED
4212,-0.5213600596651904,2026-05-12 17:43:01.050182,2026-05-12 17:43:05.114609,0 days 00:00:04.064427,0.35,0.8,3,0.03,0.02,0.3,0.16,4,0.7,20,0.65,,,,,,PRUNED
4213,-0.4296411080598753,2026-05-12 17:43:05.141129,2026-05-12 17:43:05.511646,0 days 00:00:00.370517,0.45,0.7,2,0.05,0.02,0.6,0.16,6,0.5,20,0.8,,,,,,PRUNED
4214,-0.5179924623587872,2026-05-12 17:43:05.537356,2026-05-12 17:43:06.088705,0 days 00:00:00.551349,0.45,0.7,2,0.05,0.02,0.6,0.08,6,0.5,20,0.8,-0.39108387647623727,-0.030830266507629607,0.2538171717650998,0.36025360996860767,,COMPLETE
4215,-0.5520677183323033,2026-05-12 17:43:06.113364,2026-05-12 17:43:11.400749,0 days 00:00:05.287385,0.35,0.9,3,0.03,0.02,0.6,0.16,4,0.5,5,0.5,,,,,,PRUNED
4216,-0.5384787462850217,2026-05-12 17:43:11.428725,2026-05-12 17:43:16.084152,0 days 00:00:04.655427,0.25,0.9,3,0.03,0.02,0.6,0.16,4,0.7,10,0.65,,,,,,PRUNED
4217,-0.4610219715987506,2026-05-12 17:43:16.111057,2026-05-12 17:43:20.431323,0 days 00:00:04.320266,0.25,0.7,4,0.05,0.02,0.6,0.08,4,0.5,20,0.8,,,,,,PRUNED
4218,-0.4874606933611568,2026-05-12 17:43:20.461079,2026-05-12 17:43:26.142807,0 days 00:00:05.681728,0.35,0.7,2,0.05,0.02,0.3,0.16,5,0.6,5,0.8,,,,,,PRUNED
4219,-0.4100386278766106,2026-05-12 17:43:26.167360,2026-05-12 17:43:26.555531,0 days 00:00:00.388171,0.45,0.7,2,0.05,0.02,0.3,0.08,6,0.5,20,0.8,,,,,,PRUNED
4220,-0.5159201324185622,2026-05-12 17:43:26.581252,2026-05-12 17:43:31.507724,0 days 00:00:04.926472,0.45,0.9,2,0.05,0.01,0.6,0.16,4,0.6,5,0.8,,,,,,PRUNED
4221,-0.4573180179780047,2026-05-12 17:43:31.532578,2026-05-12 17:43:36.014626,0 days 00:00:04.482048,0.35,0.7,2,0.05,0.02,0.45,0.12,5,0.5,20,0.5,,,,,,PRUNED
4222,-0.4747768636281702,2026-05-12 17:43:36.039753,2026-05-12 17:43:39.928327,0 days 00:00:03.888574,0.45,0.9,3,0.05,0.01,0.6,0.12,4,0.7,20,0.5,,,,,,PRUNED
4223,-0.48178403961283284,2026-05-12 17:43:39.950005,2026-05-12 17:43:43.927119,0 days 00:00:03.977114,0.45,0.9,2,0.05,0.01,0.6,0.08,3,0.7,5,0.5,,,,,,PRUNED
4224,-0.5633756433719495,2026-05-12 17:43:43.952942,2026-05-12 17:43:48.198877,0 days 00:00:04.245935,0.35,0.9,4,0.03,0.01,0.3,0.16,5,0.7,5,0.65,,,,,,PRUNED
4225,-0.513670538793974,2026-05-12 17:43:48.224724,2026-05-12 17:43:53.883161,0 days 00:00:05.658437,0.45,0.8,2,0.03,0.01,0.3,0.12,6,0.7,5,0.65,,,,,,PRUNED
4226,-0.48742219111653645,2026-05-12 17:43:53.908380,2026-05-12 17:43:58.987640,0 days 00:00:05.079260,0.35,0.7,3,0.03,0.02,0.6,0.16,4,0.5,20,0.8,,,,,,PRUNED
4227,-0.5535895350625337,2026-05-12 17:43:59.015402,2026-05-12 17:44:03.559545,0 days 00:00:04.544143,0.25,0.9,2,0.03,0.02,0.45,0.12,3,0.6,5,0.5,,,,,,PRUNED
4228,-0.6203446806730288,2026-05-12 17:44:03.589105,2026-05-12 17:44:07.196020,0 days 00:00:03.606915,0.45,0.8,2,0.05,0.01,0.6,0.12,3,0.7,20,0.65,,,,,,PRUNED
4229,-0.5179924623587872,2026-05-12 17:44:07.222682,2026-05-12 17:44:07.840130,0 days 00:00:00.617448,0.45,0.7,2,0.05,0.02,0.6,0.08,6,0.5,20,0.8,-0.39108387647623727,-0.030830266507629607,0.2538171717650998,0.36025360996860767,,COMPLETE
4230,-0.4542540227270405,2026-05-12 17:44:07.878670,2026-05-12 17:44:13.058876,0 days 00:00:05.180206,0.45,0.7,4,0.03,0.01,0.6,0.12,6,0.5,20,0.8,,,,,,PRUNED
4231,-0.4540555358782833,2026-05-12 17:44:13.083184,2026-05-12 17:44:17.092516,0 days 00:00:04.009332,0.45,0.9,4,0.05,0.01,0.3,0.08,6,0.6,10,0.8,,,,,,PRUNED
4232,-0.45336836893872057,2026-05-12 17:44:17.118287,2026-05-12 17:44:22.882445,0 days 00:00:05.764158,0.45,0.9,2,0.05,0.02,0.6,0.12,6,0.5,5,0.8,,,,,,PRUNED
4233,-0.41425741193738236,2026-05-12 17:44:22.908266,2026-05-12 17:44:23.230596,0 days 00:00:00.322330,0.45,0.7,2,0.05,0.02,0.6,0.08,6,0.5,5,0.8,,,,,,PRUNED
4234,-0.4092137988646166,2026-05-12 17:44:23.252789,2026-05-12 17:44:23.558472,0 days 00:00:00.305683,0.45,0.7,2,0.05,0.02,0.6,0.08,6,0.5,10,0.8,,,,,,PRUNED
4235,-0.5179924623587872,2026-05-12 17:44:23.580221,2026-05-12 17:44:24.040275,0 days 00:00:00.460054,0.45,0.7,2,0.05,0.02,0.6,0.08,6,0.5,20,0.8,-0.39108387647623727,-0.030830266507629607,0.2538171717650998,0.36025360996860767,,COMPLETE
4236,-0.42481996194688754,2026-05-12 17:44:24.063706,2026-05-12 17:44:28.409159,0 days 00:00:04.345453,0.45,0.7,3,0.05,0.01,0.45,0.08,3,0.5,5,0.8,,,,,,PRUNED
4237,-0.5179924623587872,2026-05-12 17:44:28.438493,2026-05-12 17:44:29.018826,0 days 00:00:00.580333,0.45,0.7,2,0.05,0.02,0.6,0.08,6,0.5,20,0.8,-0.39108387647623727,-0.030830266507629607,0.2538171717650998,0.36025360996860767,,COMPLETE
4238,-0.4798401850297448,2026-05-12 17:44:29.049705,2026-05-12 17:44:33.614445,0 days 00:00:04.564740,0.35,0.9,4,0.03,0.01,0.3,0.08,4,0.5,10,0.8,,,,,,PRUNED
4239,-0.47441457244516044,2026-05-12 17:44:33.658329,2026-05-12 17:44:34.044258,0 days 00:00:00.385929,0.25,0.7,2,0.05,0.02,0.6,0.08,6,0.5,20,0.8,,,,,,PRUNED
4240,-0.5179924623587872,2026-05-12 17:44:34.072598,2026-05-12 17:44:34.667570,0 days 00:00:00.594972,0.45,0.7,2,0.05,0.01,0.6,0.08,6,0.5,20,0.8,-0.39108387647623727,-0.030830266507629607,0.2538171717650998,0.36025360996860767,,COMPLETE
4241,-0.5179924623587872,2026-05-12 17:44:34.716904,2026-05-12 17:44:35.300221,0 days 00:00:00.583317,0.45,0.7,2,0.05,0.02,0.6,0.08,6,0.5,20,0.8,-0.39108387647623727,-0.030830266507629607,0.2538171717650998,0.36025360996860767,,COMPLETE
4242,-0.5333316562079686,2026-05-12 17:44:35.325592,2026-05-12 17:44:41.117127,0 days 00:00:05.791535,0.25,0.8,3,0.03,0.01,0.3,0.08,6,0.5,5,0.5,,,,,,PRUNED
4243,-0.47440950856907904,2026-05-12 17:44:41.161418,2026-05-12 17:44:46.483485,0 days 00:00:05.322067,0.35,0.8,3,0.05,0.01,0.6,0.08,6,0.7,10,0.5,,,,,,PRUNED
4244,-0.43223096142417294,2026-05-12 17:44:46.512280,2026-05-12 17:44:46.889621,0 days 00:00:00.377341,0.45,0.9,2,0.05,0.02,0.6,0.08,6,0.5,20,0.8,,,,,,PRUNED
4245,-9999.0,2026-05-12 17:44:46.915465,2026-05-12 17:44:47.204257,0 days 00:00:00.288792,0.45,0.7,2,0.05,0.02,0.3,0.08,5,0.7,20,0.8,,,,,BEAR_RATIO < NEUTRAL_RATIO < BULL_RATIO 约束违反: 0.45 / 0.7 / 0.7,COMPLETE
4246,-0.42056632138184724,2026-05-12 17:44:47.230971,2026-05-12 17:44:47.606905,0 days 00:00:00.375934,0.45,0.8,2,0.05,0.02,0.6,0.08,6,0.5,20,0.8,,,,,,PRUNED
4247,-9999.0,2026-05-12 17:44:47.634043,2026-05-12 17:44:46.689670,-1 days +23:59:59.055627,0.45,0.7,2,0.05,0.02,0.6,0.12,4,0.7,20,0.8,,,,,BEAR_RATIO < NEUTRAL_RATIO < BULL_RATIO 约束违反: 0.45 / 0.7 / 0.7,COMPLETE
4248,-0.6223300851712885,2026-05-12 17:44:46.716351,2026-05-12 17:44:50.212953,0 days 00:00:03.496602,0.35,0.7,2,0.03,0.02,0.6,0.12,3,0.6,20,0.5,,,,,,PRUNED
4249,-0.43333909441165963,2026-05-12 17:44:50.242724,2026-05-12 17:44:50.622528,0 days 00:00:00.379804,0.35,0.7,2,0.05,0.02,0.6,0.08,6,0.5,20,0.8,,,,,,PRUNED
4250,-0.6379224581946374,2026-05-12 17:44:50.650060,2026-05-12 17:44:54.166905,0 days 00:00:03.516845,0.35,0.9,2,0.05,0.01,0.3,0.16,3,0.7,20,0.5,,,,,,PRUNED
4251,-0.5179924623587872,2026-05-12 17:44:54.193510,2026-05-12 17:44:54.753246,0 days 00:00:00.559736,0.45,0.7,2,0.05,0.02,0.6,0.08,6,0.5,20,0.8,-0.39108387647623727,-0.030830266507629607,0.2538171717650998,0.36025360996860767,,COMPLETE
4252,-0.4295489196888279,2026-05-12 17:44:54.780601,2026-05-12 17:45:00.599053,0 days 00:00:05.818452,0.45,0.7,2,0.05,0.02,0.6,0.16,5,0.5,10,0.8,,,,,,PRUNED
4253,-0.4313006510632476,2026-05-12 17:45:00.628988,2026-05-12 17:45:05.769628,0 days 00:00:05.140640,0.45,0.9,2,0.05,0.01,0.45,0.08,6,0.5,20,0.65,,,,,,PRUNED
4254,-0.5179924623587872,2026-05-12 17:45:05.796029,2026-05-12 17:45:06.373156,0 days 00:00:00.577127,0.45,0.7,2,0.05,0.02,0.6,0.08,6,0.5,20,0.8,-0.39108387647623727,-0.030830266507629607,0.2538171717650998,0.36025360996860767,,COMPLETE
4255,-0.4313674855998951,2026-05-12 17:45:06.399992,2026-05-12 17:45:10.424487,0 days 00:00:04.024495,0.45,0.7,2,0.05,0.02,0.3,0.12,4,0.5,20,0.8,,,,,,PRUNED
4256,-0.46789325034716134,2026-05-12 17:45:10.459642,2026-05-12 17:45:14.849819,0 days 00:00:04.390177,0.45,0.7,3,0.03,0.02,0.45,0.12,3,0.6,5,0.65,,,,,,PRUNED
4257,-0.441580790665866,2026-05-12 17:45:14.896833,2026-05-12 17:45:20.484773,0 days 00:00:05.587940,0.45,0.9,2,0.05,0.02,0.45,0.08,5,0.5,5,0.8,,,,,,PRUNED
4258,-0.47910530423835906,2026-05-12 17:45:20.511029,2026-05-12 17:45:24.602414,0 days 00:00:04.091385,0.35,0.8,3,0.05,0.01,0.3,0.16,4,0.6,20,0.8,,,,,,PRUNED
4259,-0.5040725550439465,2026-05-12 17:45:24.625385,2026-05-12 17:45:29.460317,0 days 00:00:04.834932,0.35,0.8,4,0.03,0.01,0.3,0.16,5,0.5,10,0.5,,,,,,PRUNED
4260,-9999.0,2026-05-12 17:45:29.486838,2026-05-12 17:45:29.821935,0 days 00:00:00.335097,0.45,0.7,2,0.05,0.02,0.6,0.08,6,0.7,20,0.8,,,,,BEAR_RATIO < NEUTRAL_RATIO < BULL_RATIO 约束违反: 0.45 / 0.7 / 0.7,COMPLETE
4261,-0.5042934812930054,2026-05-12 17:45:29.846734,2026-05-12 17:45:32.597056,0 days 00:00:02.750322,0.45,0.9,4,0.03,0.02,0.6,0.16,3,0.6,5,0.8,,,,,,PRUNED
4262,-0.5179924623587872,2026-05-12 17:45:32.624473,2026-05-12 17:45:33.157424,0 days 00:00:00.532951,0.45,0.7,2,0.05,0.02,0.6,0.08,6,0.5,20,0.8,-0.39108387647623727,-0.030830266507629607,0.2538171717650998,0.36025360996860767,,COMPLETE
4263,-0.5569895968262171,2026-05-12 17:45:33.185347,2026-05-12 17:45:38.323869,0 days 00:00:05.138522,0.25,0.8,2,0.03,0.02,0.3,0.16,6,0.5,10,0.5,,,,,,PRUNED
4264,-0.48542526453913737,2026-05-12 17:45:38.348253,2026-05-12 17:45:42.683977,0 days 00:00:04.335724,0.35,0.9,3,0.05,0.01,0.3,0.08,4,0.7,10,0.65,,,,,,PRUNED
4265,-0.4318124553734489,2026-05-12 17:45:42.709675,2026-05-12 17:45:43.069104,0 days 00:00:00.359429,0.45,0.7,2,0.03,0.02,0.6,0.08,6,0.5,20,0.8,,,,,,PRUNED
4266,-0.4723580891398939,2026-05-12 17:45:43.099119,2026-05-12 17:45:47.512837,0 days 00:00:04.413718,0.35,0.7,3,0.03,0.02,0.3,0.08,4,0.6,10,0.5,,,,,,PRUNED
4267,-0.5179924623587872,2026-05-12 17:45:47.538660,2026-05-12 17:45:48.190602,0 days 00:00:00.651942,0.45,0.7,2,0.05,0.02,0.6,0.08,6,0.5,20,0.8,-0.39108387647623727,-0.030830266507629607,0.2538171717650998,0.36025360996860767,,COMPLETE
4268,-0.5179924623587872,2026-05-12 17:45:48.216537,2026-05-12 17:45:48.784059,0 days 00:00:00.567522,0.45,0.7,2,0.05,0.02,0.6,0.08,6,0.5,20,0.8,-0.39108387647623727,-0.030830266507629607,0.2538171717650998,0.36025360996860767,,COMPLETE
4269,-0.5715107846558711,2026-05-12 17:45:48.811289,2026-05-12 17:45:49.171751,0 days 00:00:00.360462,0.45,0.7,2,0.05,0.02,0.6,0.08,3,0.5,20,0.8,,,,,,PRUNED
4270,-0.4194511448045569,2026-05-12 17:45:49.197767,2026-05-12 17:45:49.547660,0 days 00:00:00.349893,0.45,0.7,2,0.05,0.02,0.6,0.12,6,0.5,20,0.8,,,,,,PRUNED
4271,-0.45392904639870013,2026-05-12 17:45:49.575868,2026-05-12 17:45:53.781308,0 days 00:00:04.205440,0.45,0.7,2,0.03,0.02,0.6,0.08,4,0.6,20,0.65,,,,,,PRUNED
4272,-0.4242910183560481,2026-05-12 17:45:53.809354,2026-05-12 17:45:54.176392,0 days 00:00:00.367038,0.45,0.7,2,0.05,0.02,0.6,0.08,5,0.5,20,0.8,,,,,,PRUNED
4273,-0.5182406672588966,2026-05-12 17:45:54.202105,2026-05-12 17:45:54.778922,0 days 00:00:00.576817,0.45,0.7,2,0.05,0.02,0.45,0.08,6,0.5,20,0.8,-0.3910743597599139,-0.030648087966744914,0.25433261499796533,0.360426271793169,,COMPLETE
4274,-0.5179924623587872,2026-05-12 17:45:54.803642,2026-05-12 17:45:55.364191,0 days 00:00:00.560549,0.45,0.7,2,0.05,0.02,0.6,0.08,6,0.5,20,0.8,-0.39108387647623727,-0.030830266507629607,0.2538171717650998,0.36025360996860767,,COMPLETE
4275,-0.5262315572018758,2026-05-12 17:45:55.390618,2026-05-12 17:45:59.740803,0 days 00:00:04.350185,0.25,0.9,2,0.03,0.02,0.3,0.16,4,0.5,10,0.5,,,,,,PRUNED
4276,-0.5179924623587872,2026-05-12 17:45:59.767990,2026-05-12 17:46:00.324392,0 days 00:00:00.556402,0.45,0.7,2,0.05,0.02,0.6,0.08,6,0.5,20,0.5,-0.39108387647623727,-0.030830266507629607,0.2538171717650998,0.36025360996860767,,COMPLETE
4277,-0.5881799050887111,2026-05-12 17:46:00.351456,2026-05-12 17:46:04.083086,0 days 00:00:03.731630,0.25,0.8,2,0.03,0.01,0.6,0.12,3,0.7,10,0.8,,,,,,PRUNED
4278,-0.5668243172251127,2026-05-12 17:46:04.107951,2026-05-12 17:46:07.966010,0 days 00:00:03.858059,0.45,0.7,2,0.03,0.01,0.45,0.16,3,0.6,10,0.5,,,,,,PRUNED
4279,-9999.0,2026-05-12 17:46:07.992995,2026-05-12 17:46:08.301447,0 days 00:00:00.308452,0.45,0.7,4,0.05,0.02,0.6,0.08,3,0.7,20,0.8,,,,,BEAR_RATIO < NEUTRAL_RATIO < BULL_RATIO 约束违反: 0.45 / 0.7 / 0.7,COMPLETE
4280,-0.5079775060477749,2026-05-12 17:46:08.327661,2026-05-12 17:46:13.857334,0 days 00:00:05.529673,0.35,0.9,2,0.05,0.01,0.6,0.08,5,0.7,5,0.5,,,,,,PRUNED
4281,-0.5179924623587872,2026-05-12 17:46:13.878454,2026-05-12 17:46:14.344131,0 days 00:00:00.465677,0.45,0.7,2,0.05,0.02,0.6,0.08,6,0.5,20,0.8,-0.39108387647623727,-0.030830266507629607,0.2538171717650998,0.36025360996860767,,COMPLETE
4282,-0.5179924623587872,2026-05-12 17:46:14.365082,2026-05-12 17:46:14.846710,0 days 00:00:00.481628,0.45,0.7,2,0.05,0.02,0.6,0.08,6,0.5,20,0.65,-0.39108387647623727,-0.030830266507629607,0.2538171717650998,0.36025360996860767,,COMPLETE
4283,-0.5179924623587872,2026-05-12 17:46:14.868937,2026-05-12 17:46:15.341828,0 days 00:00:00.472891,0.45,0.7,2,0.05,0.02,0.6,0.08,6,0.5,20,0.8,-0.39108387647623727,-0.030830266507629607,0.2538171717650998,0.36025360996860767,,COMPLETE
4284,-0.5819638576325634,2026-05-12 17:46:15.365148,2026-05-12 17:46:18.746238,0 days 00:00:03.381090,0.35,0.7,2,0.05,0.01,0.6,0.08,3,0.5,20,0.5,,,,,,PRUNED
4285,-0.410125315542252,2026-05-12 17:46:18.771444,2026-05-12 17:46:19.093784,0 days 00:00:00.322340,0.45,0.7,4,0.05,0.02,0.6,0.08,6,0.5,20,0.8,,,,,,PRUNED
4286,-0.5910622890072166,2026-05-12 17:46:19.116387,2026-05-12 17:46:22.643365,0 days 00:00:03.526978,0.45,0.7,2,0.05,0.02,0.45,0.08,3,0.6,20,0.8,,,,,,PRUNED
4287,-9999.0,2026-05-12 17:46:22.670973,2026-05-12 17:46:22.994933,0 days 00:00:00.323960,0.35,0.7,2,0.03,0.01,0.3,0.08,5,0.7,10,0.5,,,,,BEAR_RATIO < NEUTRAL_RATIO < BULL_RATIO 约束违反: 0.35 / 0.7 / 0.7,COMPLETE
4288,-0.5179924623587872,2026-05-12 17:46:23.023299,2026-05-12 17:46:23.538770,0 days 00:00:00.515471,0.45,0.7,2,0.05,0.02,0.6,0.08,6,0.5,20,0.8,-0.39108387647623727,-0.030830266507629607,0.2538171717650998,0.36025360996860767,,COMPLETE
4289,-0.4493931328921805,2026-05-12 17:46:23.563582,2026-05-12 17:46:28.459705,0 days 00:00:04.896123,0.45,0.9,4,0.05,0.02,0.45,0.08,6,0.6,20,0.5,,,,,,PRUNED
4290,-0.5179924623587872,2026-05-12 17:46:28.492576,2026-05-12 17:46:29.093433,0 days 00:00:00.600857,0.45,0.7,2,0.05,0.02,0.6,0.08,6,0.5,20,0.8,-0.39108387647623727,-0.030830266507629607,0.2538171717650998,0.36025360996860767,,COMPLETE
4291,-0.5179924623587872,2026-05-12 17:46:29.120469,2026-05-12 17:46:29.673206,0 days 00:00:00.552737,0.45,0.7,2,0.05,0.02,0.6,0.08,6,0.5,20,0.8,-0.39108387647623727,-0.030830266507629607,0.2538171717650998,0.36025360996860767,,COMPLETE
4292,-0.4469510205952677,2026-05-12 17:46:29.702260,2026-05-12 17:46:34.426763,0 days 00:00:04.724503,0.45,0.9,2,0.05,0.02,0.6,0.08,5,0.5,20,0.65,,,,,,PRUNED
4293,-0.5547826329899274,2026-05-12 17:46:34.449874,2026-05-12 17:46:36.873180,0 days 00:00:02.423306,0.45,0.8,2,0.05,0.02,0.45,0.12,3,0.7,10,0.65,,,,,,PRUNED
4294,-0.4092788272711371,2026-05-12 17:46:36.897062,2026-05-12 17:46:37.235907,0 days 00:00:00.338845,0.45,0.7,3,0.05,0.02,0.6,0.08,6,0.5,20,0.8,,,,,,PRUNED
4295,-0.519695712665094,2026-05-12 17:46:37.259767,2026-05-12 17:46:41.603987,0 days 00:00:04.344220,0.25,0.9,2,0.03,0.02,0.3,0.12,4,0.6,10,0.8,,,,,,PRUNED
4296,-0.5179924623587872,2026-05-12 17:46:41.631116,2026-05-12 17:46:42.162329,0 days 00:00:00.531213,0.45,0.7,2,0.05,0.02,0.6,0.08,6,0.5,20,0.8,-0.39108387647623727,-0.030830266507629607,0.2538171717650998,0.36025360996860767,,COMPLETE
