number,value,datetime_start,datetime_complete,duration,params_BEAR_RATIO,params_BULL_RATIO,params_GRID_MAX_LAYER,params_GRID_STEP_MAX,params_GRID_STEP_MIN,params_GRID_STEP_VOL_FACTOR,params_LAYER_FRACTION,params_MAX_HOLD,params_NEUTRAL_RATIO,params_REBALANCE_FREQ,params_VOL_WEIGHT,user_attrs_avg_test_score,user_attrs_avg_train_score,user_attrs_test_score_std,user_attrs_train_test_gap,user_attrs_validation_error,state
7721,-0.5179924623587872,2026-05-12 20:38:47.692252,2026-05-12 20:38:48.283206,0 days 00:00:00.590954,0.45,0.7,2,0.05,0.02,0.6,0.08,6,0.5,20,0.8,-0.39108387647623727,-0.030830266507629607,0.2538171717650998,0.36025360996860767,,COMPLETE
7722,-0.5487288708644473,2026-05-12 20:38:48.310775,2026-05-12 20:38:52.235869,0 days 00:00:03.925094,0.25,0.7,2,0.05,0.01,0.6,0.16,3,0.5,10,0.8,,,,,,PRUNED
7723,-0.46946449139662905,2026-05-12 20:38:52.259303,2026-05-12 20:38:56.913870,0 days 00:00:04.654567,0.45,0.9,4,0.05,0.01,0.6,0.08,5,0.7,10,0.65,,,,,,PRUNED
7724,-0.5993150214240894,2026-05-12 20:38:56.959803,2026-05-12 20:39:00.653667,0 days 00:00:03.693864,0.25,0.9,2,0.03,0.02,0.3,0.16,3,0.6,10,0.65,,,,,,PRUNED
7725,-0.5058085518151701,2026-05-12 20:39:00.679120,2026-05-12 20:39:06.968923,0 days 00:00:06.289803,0.25,0.7,2,0.05,0.02,0.45,0.08,5,0.6,5,0.8,,,,,,PRUNED
7726,-0.42328876156084305,2026-05-12 20:39:06.996291,2026-05-12 20:39:11.315632,0 days 00:00:04.319341,0.45,0.7,2,0.05,0.02,0.6,0.08,3,0.5,5,0.5,,,,,,PRUNED
7727,-0.5179924623587872,2026-05-12 20:39:11.344877,2026-05-12 20:39:11.952673,0 days 00:00:00.607796,0.45,0.7,2,0.05,0.02,0.6,0.08,6,0.5,20,0.8,-0.39108387647623727,-0.030830266507629607,0.2538171717650998,0.36025360996860767,,COMPLETE
7728,-0.4893372566732964,2026-05-12 20:39:11.980280,2026-05-12 20:39:15.514953,0 days 00:00:03.534673,0.35,0.7,2,0.03,0.01,0.3,0.12,5,0.6,10,0.5,,,,,,PRUNED
7729,-0.41931310979256753,2026-05-12 20:39:15.540570,2026-05-12 20:39:20.700914,0 days 00:00:05.160344,0.45,0.7,2,0.05,0.02,0.45,0.12,6,0.5,10,0.8,,,,,,PRUNED
7730,-0.5188571022127724,2026-05-12 20:39:20.746708,2026-05-12 20:39:25.114283,0 days 00:00:04.367575,0.25,0.7,4,0.05,0.01,0.3,0.12,3,0.6,5,0.65,,,,,,PRUNED
7731,-0.5200093986761052,2026-05-12 20:39:25.143350,2026-05-12 20:39:31.218655,0 days 00:00:06.075305,0.45,0.9,2,0.03,0.01,0.3,0.12,5,0.7,5,0.8,,,,,,PRUNED
7732,-0.42357363260304626,2026-05-12 20:39:31.253707,2026-05-12 20:39:31.680961,0 days 00:00:00.427254,0.45,0.7,2,0.05,0.02,0.6,0.08,6,0.6,20,0.8,,,,,,PRUNED
7733,-0.4835286261527303,2026-05-12 20:39:31.707497,2026-05-12 20:39:36.303159,0 days 00:00:04.595662,0.35,0.9,2,0.05,0.01,0.6,0.08,4,0.7,10,0.8,,,,,,PRUNED
7734,-0.49295263162543806,2026-05-12 20:39:36.333809,2026-05-12 20:39:41.625037,0 days 00:00:05.291228,0.45,0.9,2,0.05,0.02,0.45,0.08,4,0.5,5,0.8,,,,,,PRUNED
7735,-0.42357363260304626,2026-05-12 20:39:41.653211,2026-05-12 20:39:42.080491,0 days 00:00:00.427280,0.45,0.7,2,0.05,0.01,0.6,0.08,6,0.6,20,0.8,,,,,,PRUNED
7736,-0.5492612690332217,2026-05-12 20:39:42.108417,2026-05-12 20:39:47.450604,0 days 00:00:05.342187,0.45,0.9,4,0.03,0.02,0.6,0.16,4,0.6,5,0.5,,,,,,PRUNED
7737,-0.5376155308268274,2026-05-12 20:39:47.481242,2026-05-12 20:39:51.289895,0 days 00:00:03.808653,0.45,0.7,2,0.05,0.01,0.3,0.16,3,0.6,10,0.5,,,,,,PRUNED
7738,-0.47771861185495906,2026-05-12 20:39:51.316862,2026-05-12 20:39:55.676246,0 days 00:00:04.359384,0.45,0.9,4,0.05,0.02,0.6,0.16,4,0.6,10,0.5,,,,,,PRUNED
7739,-0.47780802080724716,2026-05-12 20:39:55.701417,2026-05-12 20:39:59.434505,0 days 00:00:03.733088,0.45,0.9,4,0.05,0.01,0.6,0.12,4,0.7,20,0.65,,,,,,PRUNED
7740,-0.48397165528127967,2026-05-12 20:39:59.460315,2026-05-12 20:40:02.739684,0 days 00:00:03.279369,0.25,0.7,2,0.05,0.02,0.6,0.08,6,0.6,20,0.65,,,,,,PRUNED
7741,-0.5179924623587872,2026-05-12 20:40:02.771807,2026-05-12 20:40:04.304864,0 days 00:00:01.533057,0.45,0.7,2,0.05,0.02,0.6,0.08,6,0.5,20,0.8,-0.39108387647623727,-0.030830266507629607,0.2538171717650998,0.36025360996860767,,COMPLETE
7742,-0.4962439068021159,2026-05-12 20:40:04.334525,2026-05-12 20:40:08.715260,0 days 00:00:04.380735,0.45,0.7,4,0.03,0.01,0.3,0.16,4,0.6,20,0.8,,,,,,PRUNED
7743,-0.5179924623587872,2026-05-12 20:40:08.743583,2026-05-12 20:40:09.450482,0 days 00:00:00.706899,0.45,0.7,2,0.05,0.02,0.6,0.08,6,0.5,20,0.8,-0.39108387647623727,-0.030830266507629607,0.2538171717650998,0.36025360996860767,,COMPLETE
7744,-0.4428856209950638,2026-05-12 20:40:09.487954,2026-05-12 20:40:13.889186,0 days 00:00:04.401232,0.45,0.8,2,0.05,0.02,0.6,0.08,4,0.6,20,0.8,,,,,,PRUNED
7745,-0.4213231947291116,2026-05-12 20:40:13.918668,2026-05-12 20:40:14.334856,0 days 00:00:00.416188,0.45,0.7,2,0.05,0.02,0.6,0.08,4,0.5,20,0.8,,,,,,PRUNED
7746,-9999.0,2026-05-12 20:40:14.362320,2026-05-12 20:40:14.723156,0 days 00:00:00.360836,0.25,0.7,3,0.05,0.02,0.45,0.12,4,0.7,20,0.8,,,,,BEAR_RATIO < NEUTRAL_RATIO < BULL_RATIO 约束违反: 0.25 / 0.7 / 0.7,COMPLETE
7747,-0.5179924623587872,2026-05-12 20:40:14.749544,2026-05-12 20:40:15.331073,0 days 00:00:00.581529,0.45,0.7,2,0.05,0.02,0.6,0.08,6,0.5,20,0.8,-0.39108387647623727,-0.030830266507629607,0.2538171717650998,0.36025360996860767,,COMPLETE
7748,-9999.0,2026-05-12 20:40:15.356851,2026-05-12 20:40:15.676086,0 days 00:00:00.319235,0.45,0.7,3,0.03,0.01,0.45,0.08,6,0.7,20,0.5,,,,,BEAR_RATIO < NEUTRAL_RATIO < BULL_RATIO 约束违反: 0.45 / 0.7 / 0.7,COMPLETE
7749,-0.47637002701430087,2026-05-12 20:40:15.699928,2026-05-12 20:40:19.942592,0 days 00:00:04.242664,0.25,0.7,3,0.05,0.02,0.6,0.16,4,0.5,20,0.8,,,,,,PRUNED
7750,-0.5178162363452666,2026-05-12 20:40:19.976523,2026-05-12 20:40:24.019795,0 days 00:00:04.043272,0.45,0.7,2,0.05,0.02,0.3,0.12,3,0.5,10,0.65,,,,,,PRUNED
7751,-0.47441457244516044,2026-05-12 20:40:24.051653,2026-05-12 20:40:24.499964,0 days 00:00:00.448311,0.25,0.7,2,0.05,0.02,0.6,0.08,6,0.5,20,0.8,,,,,,PRUNED
7752,-0.6318422837449318,2026-05-12 20:40:24.529936,2026-05-12 20:40:28.137682,0 days 00:00:03.607746,0.35,0.9,2,0.05,0.01,0.45,0.12,3,0.7,20,0.65,,,,,,PRUNED
7753,-0.5179924623587872,2026-05-12 20:40:28.164805,2026-05-12 20:40:28.799560,0 days 00:00:00.634755,0.45,0.7,2,0.05,0.02,0.6,0.08,6,0.5,20,0.8,-0.39108387647623727,-0.030830266507629607,0.2538171717650998,0.36025360996860767,,COMPLETE
7754,-0.43556345865770296,2026-05-12 20:40:28.827015,2026-05-12 20:40:32.849047,0 days 00:00:04.022032,0.35,0.7,2,0.05,0.02,0.45,0.08,4,0.5,20,0.8,,,,,,PRUNED
7755,-0.46417699999936535,2026-05-12 20:40:32.876224,2026-05-12 20:40:38.648984,0 days 00:00:05.772760,0.35,0.7,4,0.05,0.01,0.45,0.12,6,0.5,5,0.8,,,,,,PRUNED
7756,-0.5179924623587872,2026-05-12 20:40:38.676608,2026-05-12 20:40:39.306836,0 days 00:00:00.630228,0.45,0.7,2,0.05,0.02,0.6,0.08,6,0.5,20,0.8,-0.39108387647623727,-0.030830266507629607,0.2538171717650998,0.36025360996860767,,COMPLETE
7757,-0.5041245354745216,2026-05-12 20:40:39.347207,2026-05-12 20:40:45.073147,0 days 00:00:05.725940,0.35,0.8,4,0.03,0.02,0.6,0.08,6,0.6,5,0.5,,,,,,PRUNED
7758,-0.5628205615367232,2026-05-12 20:40:45.099069,2026-05-12 20:40:49.673099,0 days 00:00:04.574030,0.25,0.9,2,0.05,0.02,0.45,0.08,4,0.7,5,0.65,,,,,,PRUNED
7759,-0.5179924623587872,2026-05-12 20:40:49.699637,2026-05-12 20:40:50.276413,0 days 00:00:00.576776,0.45,0.7,2,0.05,0.02,0.6,0.08,6,0.5,20,0.8,-0.39108387647623727,-0.030830266507629607,0.2538171717650998,0.36025360996860767,,COMPLETE
7760,-0.5260688155204436,2026-05-12 20:40:50.303233,2026-05-12 20:40:54.309102,0 days 00:00:04.005869,0.35,0.9,2,0.03,0.02,0.45,0.16,4,0.7,20,0.65,,,,,,PRUNED
7761,-0.4894232571884769,2026-05-12 20:40:54.335313,2026-05-12 20:40:59.795126,0 days 00:00:05.459813,0.45,0.9,2,0.05,0.02,0.6,0.12,5,0.7,5,0.5,,,,,,PRUNED
7762,-0.6263814054315263,2026-05-12 20:40:59.834649,2026-05-12 20:41:03.351630,0 days 00:00:03.516981,0.25,0.8,2,0.03,0.02,0.3,0.08,3,0.6,20,0.5,,,,,,PRUNED
7763,-0.4464754396709185,2026-05-12 20:41:03.377591,2026-05-12 20:41:09.087400,0 days 00:00:05.709809,0.45,0.9,2,0.05,0.01,0.6,0.08,6,0.6,20,0.5,,,,,,PRUNED
7764,-0.4092137988646166,2026-05-12 20:41:09.116137,2026-05-12 20:41:09.516231,0 days 00:00:00.400094,0.45,0.7,2,0.05,0.02,0.6,0.08,6,0.5,10,0.8,,,,,,PRUNED
7765,-0.43751862461123375,2026-05-12 20:41:09.543031,2026-05-12 20:41:13.880059,0 days 00:00:04.337028,0.45,0.7,4,0.05,0.02,0.45,0.12,4,0.5,10,0.8,,,,,,PRUNED
7766,-0.5206901949610976,2026-05-12 20:41:13.908693,2026-05-12 20:41:18.164769,0 days 00:00:04.256076,0.35,0.9,4,0.05,0.02,0.6,0.12,3,0.7,5,0.5,,,,,,PRUNED
7767,-0.4296411080598753,2026-05-12 20:41:18.191312,2026-05-12 20:41:18.565695,0 days 00:00:00.374383,0.45,0.7,2,0.05,0.02,0.6,0.16,6,0.5,20,0.8,,,,,,PRUNED
7768,-0.49802093733400904,2026-05-12 20:41:18.589534,2026-05-12 20:41:24.254053,0 days 00:00:05.664519,0.25,0.7,2,0.05,0.02,0.3,0.08,6,0.5,5,0.65,,,,,,PRUNED
7769,-0.4926383843333522,2026-05-12 20:41:24.278721,2026-05-12 20:41:29.133773,0 days 00:00:04.855052,0.25,0.7,2,0.05,0.02,0.6,0.16,5,0.5,10,0.5,,,,,,PRUNED
7770,-0.4351694194242078,2026-05-12 20:41:29.160650,2026-05-12 20:41:29.536241,0 days 00:00:00.375591,0.35,0.7,3,0.05,0.02,0.6,0.08,6,0.5,20,0.65,,,,,,PRUNED
7771,-0.5179924623587872,2026-05-12 20:41:29.561732,2026-05-12 20:41:30.091928,0 days 00:00:00.530196,0.45,0.7,2,0.05,0.02,0.6,0.08,6,0.5,20,0.8,-0.39108387647623727,-0.030830266507629607,0.2538171717650998,0.36025360996860767,,COMPLETE
7772,-0.4092137988646166,2026-05-12 20:41:30.117184,2026-05-12 20:41:30.482851,0 days 00:00:00.365667,0.45,0.7,2,0.05,0.01,0.6,0.08,6,0.5,10,0.8,,,,,,PRUNED
7773,-0.5179924623587872,2026-05-12 20:41:30.507702,2026-05-12 20:41:31.039256,0 days 00:00:00.531554,0.45,0.7,2,0.05,0.01,0.6,0.08,6,0.5,20,0.5,-0.39108387647623727,-0.030830266507629607,0.2538171717650998,0.36025360996860767,,COMPLETE
7774,-0.4100386278766106,2026-05-12 20:41:31.063918,2026-05-12 20:41:31.430820,0 days 00:00:00.366902,0.45,0.7,2,0.05,0.02,0.3,0.08,6,0.5,20,0.8,,,,,,PRUNED
7775,-0.4618644772860147,2026-05-12 20:41:31.457292,2026-05-12 20:41:36.210894,0 days 00:00:04.753602,0.45,0.7,2,0.03,0.01,0.6,0.08,5,0.6,20,0.8,,,,,,PRUNED
7776,-0.4414523581792496,2026-05-12 20:41:36.236997,2026-05-12 20:41:41.936665,0 days 00:00:05.699668,0.45,0.9,2,0.05,0.02,0.6,0.08,6,0.5,5,0.5,,,,,,PRUNED
7777,-0.41425741193738236,2026-05-12 20:41:41.961820,2026-05-12 20:41:42.338348,0 days 00:00:00.376528,0.45,0.7,2,0.05,0.02,0.6,0.08,6,0.5,5,0.8,,,,,,PRUNED
7778,-0.48744598672591,2026-05-12 20:41:42.360597,2026-05-12 20:41:46.327963,0 days 00:00:03.967366,0.35,0.9,4,0.05,0.01,0.6,0.12,4,0.7,20,0.8,,,,,,PRUNED
7779,-0.5421122401296663,2026-05-12 20:41:46.354925,2026-05-12 20:41:50.060058,0 days 00:00:03.705133,0.35,0.9,4,0.03,0.01,0.45,0.16,6,0.6,10,0.65,,,,,,PRUNED
7780,-0.5152589260356245,2026-05-12 20:41:50.105718,2026-05-12 20:41:54.987920,0 days 00:00:04.882202,0.35,0.8,4,0.03,0.02,0.6,0.16,6,0.5,20,0.65,,,,,,PRUNED
7781,-0.4838015166585824,2026-05-12 20:41:55.016823,2026-05-12 20:41:59.481766,0 days 00:00:04.464943,0.25,0.9,2,0.05,0.02,0.3,0.08,4,0.5,10,0.65,,,,,,PRUNED
7782,-0.5863949021433874,2026-05-12 20:41:59.511087,2026-05-12 20:42:06.615145,0 days 00:00:07.104058,0.25,0.9,4,0.03,0.01,0.3,0.16,5,0.6,5,0.65,,,,,,PRUNED
7783,-0.5179924623587872,2026-05-12 20:42:06.662284,2026-05-12 20:42:07.329135,0 days 00:00:00.666851,0.45,0.7,2,0.05,0.02,0.6,0.08,6,0.5,20,0.8,-0.39108387647623727,-0.030830266507629607,0.2538171717650998,0.36025360996860767,,COMPLETE
7784,-0.5179924623587872,2026-05-12 20:42:07.378711,2026-05-12 20:42:08.068257,0 days 00:00:00.689546,0.45,0.7,2,0.05,0.02,0.6,0.08,6,0.5,20,0.8,-0.39108387647623727,-0.030830266507629607,0.2538171717650998,0.36025360996860767,,COMPLETE
7785,-0.5896592148624318,2026-05-12 20:42:08.095934,2026-05-12 20:42:11.719969,0 days 00:00:03.624035,0.35,0.8,2,0.05,0.02,0.6,0.08,3,0.5,20,0.8,,,,,,PRUNED
7786,-0.43333909441165963,2026-05-12 20:42:11.748041,2026-05-12 20:42:12.200885,0 days 00:00:00.452844,0.35,0.7,2,0.05,0.02,0.6,0.08,6,0.5,20,0.8,,,,,,PRUNED
7787,-0.5179924623587872,2026-05-12 20:42:12.229414,2026-05-12 20:42:12.808208,0 days 00:00:00.578794,0.45,0.7,2,0.05,0.02,0.6,0.08,6,0.5,20,0.8,-0.39108387647623727,-0.030830266507629607,0.2538171717650998,0.36025360996860767,,COMPLETE
7788,-0.5796996938923933,2026-05-12 20:42:12.835464,2026-05-12 20:42:18.130562,0 days 00:00:05.295098,0.35,0.9,3,0.03,0.01,0.45,0.16,4,0.7,5,0.8,,,,,,PRUNED
7789,-0.42056632138184724,2026-05-12 20:42:18.161595,2026-05-12 20:42:18.693664,0 days 00:00:00.532069,0.45,0.8,2,0.05,0.02,0.6,0.08,6,0.5,20,0.8,,,,,,PRUNED
7790,-0.4757159813910036,2026-05-12 20:42:18.722031,2026-05-12 20:42:21.373167,0 days 00:00:02.651136,0.35,0.7,2,0.05,0.02,0.3,0.12,3,0.6,5,0.8,,,,,,PRUNED
7791,-9999.0,2026-05-12 20:42:21.401382,2026-05-12 20:42:21.779725,0 days 00:00:00.378343,0.35,0.7,3,0.05,0.02,0.6,0.08,5,0.7,20,0.65,,,,,BEAR_RATIO < NEUTRAL_RATIO < BULL_RATIO 约束违反: 0.35 / 0.7 / 0.7,COMPLETE
7792,-9999.0,2026-05-12 20:42:21.809441,2026-05-12 20:42:22.168905,0 days 00:00:00.359464,0.45,0.7,4,0.05,0.02,0.6,0.16,3,0.7,10,0.5,,,,,BEAR_RATIO < NEUTRAL_RATIO < BULL_RATIO 约束违反: 0.45 / 0.7 / 0.7,COMPLETE
7793,-0.43223096142417294,2026-05-12 20:42:22.195460,2026-05-12 20:42:22.604795,0 days 00:00:00.409335,0.45,0.9,2,0.05,0.02,0.6,0.08,6,0.5,20,0.8,,,,,,PRUNED
7794,-0.4544919476022754,2026-05-12 20:42:22.632093,2026-05-12 20:42:27.608946,0 days 00:00:04.976853,0.45,0.7,2,0.03,0.01,0.6,0.12,6,0.5,20,0.65,,,,,,PRUNED
7795,-0.5177399805928427,2026-05-12 20:42:27.636686,2026-05-12 20:42:33.271934,0 days 00:00:05.635248,0.35,0.9,2,0.05,0.01,0.45,0.12,5,0.7,5,0.65,,,,,,PRUNED
7796,-0.46012303789174014,2026-05-12 20:42:33.300191,2026-05-12 20:42:37.810482,0 days 00:00:04.510291,0.35,0.7,2,0.03,0.01,0.3,0.08,4,0.5,10,0.65,,,,,,PRUNED
7797,-0.5179924623587872,2026-05-12 20:42:37.839536,2026-05-12 20:42:38.473693,0 days 00:00:00.634157,0.45,0.7,2,0.05,0.01,0.6,0.08,6,0.5,20,0.8,-0.39108387647623727,-0.030830266507629607,0.2538171717650998,0.36025360996860767,,COMPLETE
7798,-0.5447435273794909,2026-05-12 20:42:38.502564,2026-05-12 20:42:43.117677,0 days 00:00:04.615113,0.25,0.8,2,0.03,0.02,0.6,0.12,3,0.6,5,0.8,,,,,,PRUNED
7799,-0.5434691935109238,2026-05-12 20:42:43.144079,2026-05-12 20:42:48.036927,0 days 00:00:04.892848,0.35,0.9,3,0.03,0.01,0.3,0.08,4,0.6,5,0.8,,,,,,PRUNED
7800,-0.5380139504633532,2026-05-12 20:42:48.061685,2026-05-12 20:42:51.670644,0 days 00:00:03.608959,0.25,0.7,2,0.05,0.02,0.45,0.08,3,0.5,10,0.65,,,,,,PRUNED
7801,-0.5179924623587872,2026-05-12 20:42:51.695332,2026-05-12 20:42:52.276472,0 days 00:00:00.581140,0.45,0.7,2,0.05,0.02,0.6,0.08,6,0.5,20,0.8,-0.39108387647623727,-0.030830266507629607,0.2538171717650998,0.36025360996860767,,COMPLETE
7802,-0.5298213609427976,2026-05-12 20:42:52.304367,2026-05-12 20:42:57.492799,0 days 00:00:05.188432,0.25,0.9,4,0.05,0.01,0.45,0.16,5,0.6,10,0.8,,,,,,PRUNED
7803,-0.42522402065792,2026-05-12 20:42:57.533174,2026-05-12 20:43:02.507006,0 days 00:00:04.973832,0.45,0.7,3,0.05,0.02,0.45,0.08,5,0.5,20,0.8,,,,,,PRUNED
7804,-0.5536982347122321,2026-05-12 20:43:02.538546,2026-05-12 20:43:07.772598,0 days 00:00:05.234052,0.25,0.8,3,0.05,0.02,0.3,0.12,4,0.6,5,0.5,,,,,,PRUNED
7805,-0.5394010797046016,2026-05-12 20:43:07.798216,2026-05-12 20:43:11.657059,0 days 00:00:03.858843,0.35,0.7,4,0.05,0.02,0.45,0.16,3,0.5,10,0.8,,,,,,PRUNED
7806,-0.5179924623587872,2026-05-12 20:43:11.684683,2026-05-12 20:43:12.304924,0 days 00:00:00.620241,0.45,0.7,2,0.05,0.02,0.6,0.08,6,0.5,20,0.8,-0.39108387647623727,-0.030830266507629607,0.2538171717650998,0.36025360996860767,,COMPLETE
7807,-0.47646590014010703,2026-05-12 20:43:12.335952,2026-05-12 20:43:17.908423,0 days 00:00:05.572471,0.45,0.9,2,0.05,0.01,0.6,0.08,5,0.7,20,0.8,,,,,,PRUNED
7808,-9999.0,2026-05-12 20:43:17.937408,2026-05-12 20:43:18.283762,0 days 00:00:00.346354,0.35,0.7,2,0.05,0.02,0.45,0.08,5,0.7,5,0.5,,,,,BEAR_RATIO < NEUTRAL_RATIO < BULL_RATIO 约束违反: 0.35 / 0.7 / 0.7,COMPLETE
7809,-0.5179924623587872,2026-05-12 20:43:18.312893,2026-05-12 20:43:18.929357,0 days 00:00:00.616464,0.45,0.7,2,0.05,0.02,0.6,0.08,6,0.5,20,0.8,-0.39108387647623727,-0.030830266507629607,0.2538171717650998,0.36025360996860767,,COMPLETE
7810,-9999.0,2026-05-12 20:43:18.957246,2026-05-12 20:43:19.296601,0 days 00:00:00.339355,0.25,0.7,2,0.03,0.01,0.6,0.08,4,0.7,10,0.65,,,,,BEAR_RATIO < NEUTRAL_RATIO < BULL_RATIO 约束违反: 0.25 / 0.7 / 0.7,COMPLETE
7811,-0.43701475557725766,2026-05-12 20:43:19.322819,2026-05-12 20:43:24.211302,0 days 00:00:04.888483,0.45,0.9,4,0.05,0.02,0.45,0.08,5,0.5,10,0.65,,,,,,PRUNED
7812,-9999.0,2026-05-12 20:43:24.238692,2026-05-12 20:43:24.608584,0 days 00:00:00.369892,0.45,0.7,2,0.05,0.02,0.6,0.08,6,0.7,20,0.8,,,,,BEAR_RATIO < NEUTRAL_RATIO < BULL_RATIO 约束违反: 0.45 / 0.7 / 0.7,COMPLETE
7813,-0.5574645228386769,2026-05-12 20:43:24.637896,2026-05-12 20:43:26.374433,0 days 00:00:01.736537,0.25,0.7,2,0.05,0.02,0.6,0.16,3,0.6,10,0.65,,,,,,PRUNED
7814,-0.5179924623587872,2026-05-12 20:43:26.399009,2026-05-12 20:43:26.967247,0 days 00:00:00.568238,0.45,0.7,2,0.05,0.02,0.6,0.08,6,0.5,20,0.8,-0.39108387647623727,-0.030830266507629607,0.2538171717650998,0.36025360996860767,,COMPLETE
7815,-0.5770792109343353,2026-05-12 20:43:26.990962,2026-05-12 20:43:30.465462,0 days 00:00:03.474500,0.45,0.8,3,0.03,0.01,0.6,0.12,3,0.7,10,0.65,,,,,,PRUNED
7816,-0.4950318252637947,2026-05-12 20:43:30.494931,2026-05-12 20:43:35.910876,0 days 00:00:05.415945,0.45,0.9,3,0.03,0.01,0.3,0.12,6,0.6,10,0.5,,,,,,PRUNED
7817,-0.4318124553734489,2026-05-12 20:43:35.940850,2026-05-12 20:43:36.381737,0 days 00:00:00.440887,0.45,0.7,2,0.03,0.02,0.6,0.08,6,0.5,20,0.8,,,,,,PRUNED
7818,-0.5143976913061532,2026-05-12 20:43:36.426907,2026-05-12 20:43:41.344662,0 days 00:00:04.917755,0.25,0.8,2,0.05,0.02,0.6,0.16,5,0.5,20,0.8,,,,,,PRUNED
7819,-0.5179924623587872,2026-05-12 20:43:41.373127,2026-05-12 20:43:42.023693,0 days 00:00:00.650566,0.45,0.7,2,0.05,0.02,0.6,0.08,6,0.5,20,0.8,-0.39108387647623727,-0.030830266507629607,0.2538171717650998,0.36025360996860767,,COMPLETE
7820,-0.6173568683259454,2026-05-12 20:43:42.052100,2026-05-12 20:43:45.785411,0 days 00:00:03.733311,0.25,0.7,3,0.03,0.01,0.45,0.12,3,0.5,20,0.65,,,,,,PRUNED
7821,-0.5179924623587872,2026-05-12 20:43:45.814213,2026-05-12 20:43:46.450497,0 days 00:00:00.636284,0.45,0.7,2,0.05,0.02,0.6,0.08,6,0.5,20,0.8,-0.39108387647623727,-0.030830266507629607,0.2538171717650998,0.36025360996860767,,COMPLETE
7822,-0.5197582963745941,2026-05-12 20:43:46.499834,2026-05-12 20:43:52.399665,0 days 00:00:05.899831,0.35,0.9,3,0.05,0.02,0.45,0.12,5,0.7,5,0.65,,,,,,PRUNED
7823,-0.5331179086547548,2026-05-12 20:43:52.431374,2026-05-12 20:43:57.763846,0 days 00:00:05.332472,0.25,0.7,4,0.03,0.01,0.6,0.12,6,0.6,20,0.8,,,,,,PRUNED
7824,-0.5182406672588966,2026-05-12 20:43:57.793319,2026-05-12 20:43:58.459673,0 days 00:00:00.666354,0.45,0.7,2,0.05,0.02,0.45,0.08,6,0.5,20,0.8,-0.3910743597599139,-0.030648087966744914,0.25433261499796533,0.360426271793169,,COMPLETE
7825,-0.4631821944131751,2026-05-12 20:43:58.488812,2026-05-12 20:44:02.894075,0 days 00:00:04.405263,0.45,0.8,3,0.03,0.01,0.45,0.08,4,0.6,20,0.8,,,,,,PRUNED
7826,-0.4194511448045569,2026-05-12 20:44:02.928978,2026-05-12 20:44:03.375663,0 days 00:00:00.446685,0.45,0.7,2,0.05,0.02,0.6,0.12,6,0.5,20,0.8,,,,,,PRUNED
7827,-0.5179924623587872,2026-05-12 20:44:03.404224,2026-05-12 20:44:04.028577,0 days 00:00:00.624353,0.45,0.7,2,0.05,0.02,0.6,0.08,6,0.5,20,0.8,-0.39108387647623727,-0.030830266507629607,0.2538171717650998,0.36025360996860767,,COMPLETE
7828,-0.5210536929614288,2026-05-12 20:44:04.059628,2026-05-12 20:44:09.900506,0 days 00:00:05.840878,0.25,0.9,2,0.05,0.02,0.6,0.08,6,0.5,5,0.8,,,,,,PRUNED
7829,-0.4855577362277551,2026-05-12 20:44:09.928063,2026-05-12 20:44:11.964689,0 days 00:00:02.036626,0.25,0.9,3,0.05,0.01,0.45,0.12,4,0.5,20,0.65,,,,,,PRUNED
7830,-0.522878799072727,2026-05-12 20:44:11.996929,2026-05-12 20:44:17.359814,0 days 00:00:05.362885,0.35,0.7,2,0.03,0.01,0.3,0.16,5,0.6,20,0.65,,,,,,PRUNED
7831,-0.5179924623587872,2026-05-12 20:44:17.396909,2026-05-12 20:44:17.950164,0 days 00:00:00.553255,0.45,0.7,2,0.05,0.02,0.6,0.08,6,0.5,20,0.8,-0.39108387647623727,-0.030830266507629607,0.2538171717650998,0.36025360996860767,,COMPLETE
7832,-0.5715107846558711,2026-05-12 20:44:17.974306,2026-05-12 20:44:18.360376,0 days 00:00:00.386070,0.45,0.7,2,0.05,0.02,0.6,0.08,3,0.5,20,0.8,,,,,,PRUNED
7833,-0.5574708022283195,2026-05-12 20:44:18.386008,2026-05-12 20:44:21.893883,0 days 00:00:03.507875,0.35,0.8,3,0.03,0.02,0.3,0.12,3,0.5,10,0.8,,,,,,PRUNED
7834,-0.4242910183560481,2026-05-12 20:44:21.921063,2026-05-12 20:44:22.317115,0 days 00:00:00.396052,0.45,0.7,2,0.05,0.02,0.6,0.08,5,0.5,20,0.8,,,,,,PRUNED
7835,-0.5179924623587872,2026-05-12 20:44:22.343329,2026-05-12 20:44:22.935814,0 days 00:00:00.592485,0.45,0.7,2,0.05,0.02,0.6,0.08,6,0.5,20,0.5,-0.39108387647623727,-0.030830266507629607,0.2538171717650998,0.36025360996860767,,COMPLETE
7836,-0.4537447730003592,2026-05-12 20:44:22.964857,2026-05-12 20:44:26.979702,0 days 00:00:04.014845,0.45,0.7,3,0.05,0.02,0.6,0.16,4,0.6,20,0.65,,,,,,PRUNED
7837,-0.42056632138184724,2026-05-12 20:44:27.008910,2026-05-12 20:44:27.423305,0 days 00:00:00.414395,0.45,0.8,2,0.05,0.01,0.6,0.08,6,0.5,20,0.8,,,,,,PRUNED
7838,-9999.0,2026-05-12 20:44:27.453116,2026-05-12 20:44:27.822751,0 days 00:00:00.369635,0.25,0.7,3,0.05,0.02,0.3,0.08,4,0.7,10,0.65,,,,,BEAR_RATIO < NEUTRAL_RATIO < BULL_RATIO 约束违反: 0.25 / 0.7 / 0.7,COMPLETE
7839,-0.5286755184354845,2026-05-12 20:44:27.850608,2026-05-12 20:44:33.501983,0 days 00:00:05.651375,0.25,0.7,3,0.03,0.01,0.6,0.12,5,0.5,5,0.8,,,,,,PRUNED
7840,-0.5159932969902956,2026-05-12 20:44:33.527056,2026-05-12 20:44:38.470215,0 days 00:00:04.943159,0.25,0.8,4,0.03,0.01,0.3,0.08,5,0.5,20,0.8,,,,,,PRUNED
7841,-0.5179924623587872,2026-05-12 20:44:38.501189,2026-05-12 20:44:39.156614,0 days 00:00:00.655425,0.45,0.7,2,0.05,0.02,0.6,0.08,6,0.5,20,0.8,-0.39108387647623727,-0.030830266507629607,0.2538171717650998,0.36025360996860767,,COMPLETE
