number,value,datetime_start,datetime_complete,duration,params_GRID_MAX_LAYER,params_GRID_STEP_MAX,params_GRID_STEP_MIN,params_GRID_STEP_VOL_FACTOR,params_LAYER_FRACTION,params_MAX_HOLD,params_REBALANCE_FREQ,params_VOL_WEIGHT,user_attrs_avg_test_score,user_attrs_avg_train_score,user_attrs_test_score_std,user_attrs_train_test_gap,state
0,-0.6366730818344307,2026-05-08 11:22:52.521567,2026-05-08 11:22:52.684299,0 days 00:00:00.162732,3,0.03,0.01,0.3,0.12,50,5,0.5,-0.5212576607076007,-0.052080580868529326,0.23083084225366002,0.46917707983907136,COMPLETE
1,-0.6113107887239699,2026-05-08 11:22:52.692502,2026-05-08 11:22:52.857157,0 days 00:00:00.164655,4,0.05,0.01,0.3,0.12,30,10,0.5,-0.4915121035520145,-0.008758949071099207,0.2395973703439109,0.4827531544809153,COMPLETE
2,-0.5937848188375391,2026-05-08 11:22:52.865240,2026-05-08 11:22:53.021423,0 days 00:00:00.156183,4,0.05,0.02,0.6,0.12,50,20,0.65,-0.47552020279605084,-0.00806779301665121,0.23652923208297652,0.4674524097793996,COMPLETE
3,-0.637832931249574,2026-05-08 11:22:53.029644,2026-05-08 11:22:53.190055,0 days 00:00:00.160411,2,0.05,0.02,0.3,0.12,10,20,0.8,-0.5031705456936576,-0.05120559485600534,0.2693247711118328,0.45196495083765226,COMPLETE
4,-0.6180674544892248,2026-05-08 11:22:53.200294,2026-05-08 11:22:53.363026,0 days 00:00:00.162732,4,0.05,0.01,0.6,0.16,30,10,0.5,-0.5030129240257253,-0.022597535884867348,0.230109060926999,0.48041538814085794,COMPLETE
5,-0.6305918583205823,2026-05-08 11:22:53.371587,2026-05-08 11:22:53.464939,0 days 00:00:00.093352,2,0.03,0.02,0.3,0.16,20,20,0.8,,,,,PRUNED
6,-0.49156833193709215,2026-05-08 11:22:53.473128,2026-05-08 11:22:53.586227,0 days 00:00:00.113099,3,0.05,0.01,0.45,0.16,50,20,0.65,,,,,PRUNED
7,-0.6071499313077073,2026-05-08 11:22:53.594746,2026-05-08 11:22:53.749079,0 days 00:00:00.154333,3,0.05,0.01,0.6,0.12,30,5,0.65,-0.4874325992686154,-0.011780422613316577,0.23943466407818384,0.4756521766552988,COMPLETE
8,-0.7094544694288676,2026-05-08 11:22:53.757126,2026-05-08 11:22:53.847547,0 days 00:00:00.090421,4,0.03,0.01,0.45,0.16,10,20,0.5,,,,,PRUNED
9,-0.650954743325313,2026-05-08 11:22:53.855696,2026-05-08 11:22:53.951246,0 days 00:00:00.095550,2,0.05,0.01,0.3,0.16,10,20,0.65,,,,,PRUNED
10,-0.4890617986389082,2026-05-08 11:22:53.961587,2026-05-08 11:22:54.115993,0 days 00:00:00.154406,4,0.05,0.02,0.6,0.16,50,20,0.65,,,,,PRUNED
11,-0.6071499313077073,2026-05-08 11:22:54.127677,2026-05-08 11:22:54.301979,0 days 00:00:00.174302,3,0.05,0.01,0.6,0.12,30,5,0.65,-0.4874325992686154,-0.011780422613316577,0.23943466407818384,0.4756521766552988,COMPLETE
12,-0.5937848188375391,2026-05-08 11:22:54.310056,2026-05-08 11:22:54.473589,0 days 00:00:00.163533,4,0.05,0.02,0.6,0.12,30,20,0.8,-0.47552020279605084,-0.00806779301665121,0.23652923208297652,0.4674524097793996,COMPLETE
13,-0.5937848188375391,2026-05-08 11:22:54.482158,2026-05-08 11:22:54.639027,0 days 00:00:00.156869,4,0.05,0.02,0.6,0.12,30,20,0.8,-0.47552020279605084,-0.00806779301665121,0.23652923208297652,0.4674524097793996,COMPLETE
14,-0.6063732382114347,2026-05-08 11:22:54.648017,2026-05-08 11:22:54.804655,0 days 00:00:00.156638,4,0.05,0.02,0.45,0.12,50,5,0.65,-0.48736101763812506,-0.007004991979622843,0.2380244411466193,0.4803560256585022,COMPLETE
15,-0.5972249045209304,2026-05-08 11:22:54.813556,2026-05-08 11:22:54.968967,0 days 00:00:00.155411,2,0.05,0.02,0.6,0.12,20,20,0.65,-0.4779537446022963,-0.015686061046629833,0.23854231983726826,0.46226768355566644,COMPLETE
16,-0.5937848188375391,2026-05-08 11:22:54.978773,2026-05-08 11:22:55.133608,0 days 00:00:00.154835,4,0.05,0.01,0.6,0.12,50,20,0.65,-0.47552020279605084,-0.00806779301665121,0.23652923208297652,0.4674524097793996,COMPLETE
17,-0.6101706689371709,2026-05-08 11:22:55.143129,2026-05-08 11:22:55.237975,0 days 00:00:00.094846,4,0.03,0.02,0.6,0.12,50,20,0.8,,,,,PRUNED
18,-0.5956164177999206,2026-05-08 11:22:55.247079,2026-05-08 11:22:55.403740,0 days 00:00:00.156661,4,0.03,0.02,0.6,0.08,30,20,0.5,-0.47624802421254225,-0.01580119472833894,0.23873678717475677,0.4604468294842033,COMPLETE
19,-0.6312330893714362,2026-05-08 11:22:55.413573,2026-05-08 11:22:55.504723,0 days 00:00:00.091150,4,0.05,0.02,0.6,0.08,10,20,0.65,,,,,PRUNED
20,-0.5808079879707687,2026-05-08 11:22:55.514186,2026-05-08 11:22:55.665745,0 days 00:00:00.151559,2,0.05,0.01,0.6,0.08,30,20,0.8,-0.4564140742633455,0.0038146902157996337,0.2487878274148463,0.4602287644791451,COMPLETE
21,-0.5810620472346991,2026-05-08 11:22:55.673956,2026-05-08 11:22:55.830804,0 days 00:00:00.156848,2,0.05,0.01,0.45,0.08,30,20,0.8,-0.4565767646114587,0.003875614850991503,0.2489705652464808,0.4604523794624502,COMPLETE
22,-0.5916862157057383,2026-05-08 11:22:55.838123,2026-05-08 11:22:55.991387,0 days 00:00:00.153264,2,0.05,0.01,0.45,0.08,30,5,0.8,-0.46664711522588725,0.0046344150875941015,0.25007820095970207,0.47128153031348136,COMPLETE
23,-0.5808079879707687,2026-05-08 11:22:55.999939,2026-05-08 11:22:56.163413,0 days 00:00:00.163474,2,0.05,0.01,0.6,0.08,30,20,0.8,-0.4564140742633455,0.0038146902157996337,0.2487878274148463,0.4602287644791451,COMPLETE
24,-0.5808079879707687,2026-05-08 11:22:56.172339,2026-05-08 11:22:56.321566,0 days 00:00:00.149227,2,0.05,0.01,0.6,0.08,30,20,0.8,-0.4564140742633455,0.0038146902157996337,0.2487878274148463,0.4602287644791451,COMPLETE
25,-0.5968016608986657,2026-05-08 11:22:56.330265,2026-05-08 11:22:56.430291,0 days 00:00:00.100026,2,0.03,0.01,0.6,0.08,30,20,0.8,,,,,PRUNED
26,-0.5808079879707687,2026-05-08 11:22:56.438838,2026-05-08 11:22:56.602917,0 days 00:00:00.164079,2,0.05,0.01,0.6,0.08,50,20,0.8,-0.4564140742633455,0.0038146902157996337,0.2487878274148463,0.4602287644791451,COMPLETE
27,-0.5808079879707687,2026-05-08 11:22:56.612289,2026-05-08 11:22:56.767525,0 days 00:00:00.155236,2,0.05,0.01,0.6,0.08,30,20,0.65,-0.4564140742633455,0.0038146902157996337,0.2487878274148463,0.4602287644791451,COMPLETE
28,-0.5928193994794824,2026-05-08 11:22:56.776856,2026-05-08 11:22:56.870509,0 days 00:00:00.093653,3,0.05,0.02,0.6,0.08,30,5,0.8,,,,,PRUNED
29,-0.5889750732331619,2026-05-08 11:22:56.878951,2026-05-08 11:22:56.967621,0 days 00:00:00.088670,2,0.05,0.01,0.6,0.12,30,20,0.8,,,,,PRUNED
30,-0.6017651620192361,2026-05-08 11:22:56.976033,2026-05-08 11:22:57.070953,0 days 00:00:00.094920,2,0.05,0.02,0.6,0.16,30,20,0.8,,,,,PRUNED
31,-0.5808079879707687,2026-05-08 11:22:57.079720,2026-05-08 11:22:57.237292,0 days 00:00:00.157572,2,0.05,0.01,0.6,0.08,20,20,0.8,-0.4564140742633455,0.0038146902157996337,0.2487878274148463,0.4602287644791451,COMPLETE
32,-0.5808079879707687,2026-05-08 11:22:57.246313,2026-05-08 11:22:57.403838,0 days 00:00:00.157525,2,0.05,0.02,0.6,0.08,50,20,0.8,-0.4564140742633455,0.0038146902157996337,0.2487878274148463,0.4602287644791451,COMPLETE
33,-0.578969099929025,2026-05-08 11:22:57.413338,2026-05-08 11:22:57.649378,0 days 00:00:00.236040,3,0.05,0.01,0.6,0.08,50,20,0.8,-0.4560462215679272,0.00605337496133322,0.2458457567221957,0.4620995965292604,COMPLETE
34,-0.6314822235719273,2026-05-08 11:22:57.664855,2026-05-08 11:22:57.833065,0 days 00:00:00.168210,3,0.05,0.01,0.6,0.08,10,20,0.8,,,,,PRUNED
35,-0.5952477886687461,2026-05-08 11:22:57.846161,2026-05-08 11:22:57.997735,0 days 00:00:00.151574,2,0.05,0.01,0.6,0.08,30,10,0.8,,,,,PRUNED
36,-0.5838551528303769,2026-05-08 11:22:58.014349,2026-05-08 11:22:58.213825,0 days 00:00:00.199476,2,0.05,0.01,0.3,0.08,30,20,0.5,-0.46159038435836575,0.0015998991807086146,0.2445295369440223,0.4631902835390744,COMPLETE
37,-0.6286097972287283,2026-05-08 11:22:58.225379,2026-05-08 11:22:58.364862,0 days 00:00:00.139483,2,0.05,0.01,0.6,0.08,10,20,0.5,,,,,PRUNED
38,-0.5949077026341272,2026-05-08 11:22:58.377092,2026-05-08 11:22:58.521349,0 days 00:00:00.144257,3,0.05,0.01,0.3,0.08,50,10,0.5,,,,,PRUNED
39,-0.5975526404445798,2026-05-08 11:22:58.532271,2026-05-08 11:22:58.635143,0 days 00:00:00.102872,3,0.03,0.01,0.6,0.08,50,20,0.8,,,,,PRUNED
40,-0.6038900871162599,2026-05-08 11:22:58.644157,2026-05-08 11:22:58.735512,0 days 00:00:00.091355,3,0.05,0.01,0.6,0.12,50,10,0.8,,,,,PRUNED
41,-0.5809124743697578,2026-05-08 11:22:58.744815,2026-05-08 11:22:58.895708,0 days 00:00:00.150893,4,0.05,0.01,0.6,0.08,50,20,0.8,-0.457759688554694,0.00783529820812324,0.2463055716301275,0.46559498676281724,COMPLETE
42,-0.6200767265682279,2026-05-08 11:22:58.903780,2026-05-08 11:22:58.990998,0 days 00:00:00.087218,2,0.05,0.01,0.6,0.16,30,5,0.8,,,,,PRUNED
43,-0.5838551528303769,2026-05-08 11:22:58.999634,2026-05-08 11:22:59.152570,0 days 00:00:00.152936,2,0.05,0.01,0.3,0.08,50,20,0.8,-0.46159038435836575,0.0015998991807086146,0.2445295369440223,0.4631902835390744,COMPLETE
44,-0.5909179871540535,2026-05-08 11:22:59.160622,2026-05-08 11:22:59.253708,0 days 00:00:00.093086,2,0.05,0.01,0.6,0.08,50,5,0.8,,,,,PRUNED
45,-0.6081982030239713,2026-05-08 11:22:59.261943,2026-05-08 11:22:59.349422,0 days 00:00:00.087479,3,0.05,0.01,0.6,0.16,50,20,0.8,,,,,PRUNED
46,-0.5808079879707687,2026-05-08 11:22:59.357197,2026-05-08 11:22:59.513643,0 days 00:00:00.156446,2,0.05,0.01,0.6,0.08,30,20,0.8,-0.4564140742633455,0.0038146902157996337,0.2487878274148463,0.4602287644791451,COMPLETE
47,-0.5952477886687461,2026-05-08 11:22:59.521880,2026-05-08 11:22:59.608781,0 days 00:00:00.086901,2,0.05,0.01,0.6,0.08,50,10,0.65,,,,,PRUNED
48,-0.578969099929025,2026-05-08 11:22:59.617470,2026-05-08 11:22:59.771114,0 days 00:00:00.153644,3,0.05,0.01,0.6,0.08,50,20,0.8,-0.4560462215679272,0.00605337496133322,0.2458457567221957,0.4620995965292604,COMPLETE
49,-0.578969099929025,2026-05-08 11:22:59.780492,2026-05-08 11:22:59.945070,0 days 00:00:00.164578,3,0.05,0.01,0.6,0.08,30,20,0.5,-0.4560462215679272,0.00605337496133322,0.2458457567221957,0.4620995965292604,COMPLETE
50,-0.5795032069711458,2026-05-08 11:22:59.953816,2026-05-08 11:23:00.131446,0 days 00:00:00.177630,3,0.05,0.01,0.45,0.08,30,20,0.5,-0.4563492756201414,0.005659615781494328,0.24630786270200875,0.4620088914016357,COMPLETE
51,-0.5795032069711458,2026-05-08 11:23:00.140147,2026-05-08 11:23:00.303607,0 days 00:00:00.163460,3,0.05,0.01,0.45,0.08,30,20,0.5,-0.4563492756201414,0.005659615781494328,0.24630786270200875,0.4620088914016357,COMPLETE
52,-0.5795032069711458,2026-05-08 11:23:00.312850,2026-05-08 11:23:00.469096,0 days 00:00:00.156246,3,0.05,0.01,0.45,0.08,30,20,0.5,-0.4563492756201414,0.005659615781494328,0.24630786270200875,0.4620088914016357,COMPLETE
53,-0.5869801368260765,2026-05-08 11:23:00.477533,2026-05-08 11:23:00.568737,0 days 00:00:00.091204,3,0.05,0.01,0.45,0.12,30,20,0.5,,,,,PRUNED
54,-0.578969099929025,2026-05-08 11:23:00.578493,2026-05-08 11:23:00.734549,0 days 00:00:00.156056,3,0.05,0.01,0.6,0.08,30,20,0.5,-0.4560462215679272,0.00605337496133322,0.2458457567221957,0.4620995965292604,COMPLETE
55,-0.5809124743697578,2026-05-08 11:23:00.745111,2026-05-08 11:23:00.905155,0 days 00:00:00.160044,4,0.05,0.01,0.6,0.08,30,20,0.5,-0.457759688554694,0.00783529820812324,0.2463055716301275,0.46559498676281724,COMPLETE
56,-0.5928193994794824,2026-05-08 11:23:00.914205,2026-05-08 11:23:01.002847,0 days 00:00:00.088642,3,0.05,0.01,0.6,0.08,30,5,0.5,,,,,PRUNED
57,-0.578969099929025,2026-05-08 11:23:01.011690,2026-05-08 11:23:01.160516,0 days 00:00:00.148826,3,0.05,0.01,0.6,0.08,30,20,0.5,-0.4560462215679272,0.00605337496133322,0.2458457567221957,0.4620995965292604,COMPLETE
58,-0.578969099929025,2026-05-08 11:23:01.168948,2026-05-08 11:23:01.323404,0 days 00:00:00.154456,3,0.05,0.02,0.6,0.08,30,20,0.5,-0.4560462215679272,0.00605337496133322,0.2458457567221957,0.4620995965292604,COMPLETE
59,-0.578969099929025,2026-05-08 11:23:01.332240,2026-05-08 11:23:01.485483,0 days 00:00:00.153243,3,0.05,0.01,0.6,0.08,50,20,0.5,-0.4560462215679272,0.00605337496133322,0.2458457567221957,0.4620995965292604,COMPLETE
60,-0.578969099929025,2026-05-08 11:23:01.492902,2026-05-08 11:23:01.647786,0 days 00:00:00.154884,3,0.05,0.02,0.6,0.08,30,20,0.5,-0.4560462215679272,0.00605337496133322,0.2458457567221957,0.4620995965292604,COMPLETE
61,-0.6081982030239713,2026-05-08 11:23:01.657600,2026-05-08 11:23:01.752412,0 days 00:00:00.094812,3,0.05,0.01,0.6,0.16,30,20,0.5,,,,,PRUNED
62,-0.5953175384698193,2026-05-08 11:23:01.761065,2026-05-08 11:23:01.849001,0 days 00:00:00.087936,3,0.05,0.01,0.45,0.08,50,10,0.8,,,,,PRUNED
63,-0.578969099929025,2026-05-08 11:23:01.858188,2026-05-08 11:23:02.011372,0 days 00:00:00.153184,3,0.05,0.01,0.6,0.08,50,20,0.5,-0.4560462215679272,0.00605337496133322,0.2458457567221957,0.4620995965292604,COMPLETE
64,-0.6038900871162599,2026-05-08 11:23:02.019466,2026-05-08 11:23:02.115926,0 days 00:00:00.096460,3,0.05,0.01,0.6,0.12,30,10,0.5,,,,,PRUNED
65,-0.6097036268649256,2026-05-08 11:23:02.123605,2026-05-08 11:23:02.218424,0 days 00:00:00.094819,3,0.03,0.01,0.6,0.12,30,20,0.5,,,,,PRUNED
66,-0.578969099929025,2026-05-08 11:23:02.226630,2026-05-08 11:23:02.394420,0 days 00:00:00.167790,3,0.05,0.01,0.6,0.08,20,20,0.5,-0.4560462215679272,0.00605337496133322,0.2458457567221957,0.4620995965292604,COMPLETE
67,-0.578969099929025,2026-05-08 11:23:02.402514,2026-05-08 11:23:02.573389,0 days 00:00:00.170875,3,0.05,0.01,0.6,0.08,50,20,0.8,-0.4560462215679272,0.00605337496133322,0.2458457567221957,0.4620995965292604,COMPLETE
68,-0.6150092699411038,2026-05-08 11:23:02.587102,2026-05-08 11:23:02.707979,0 days 00:00:00.120877,3,0.03,0.01,0.6,0.08,30,10,0.5,,,,,PRUNED
69,-0.5957511125305064,2026-05-08 11:23:02.719633,2026-05-08 11:23:02.818124,0 days 00:00:00.098491,3,0.05,0.02,0.6,0.08,50,10,0.5,,,,,PRUNED
70,-0.578969099929025,2026-05-08 11:23:02.825916,2026-05-08 11:23:02.976618,0 days 00:00:00.150702,3,0.05,0.01,0.6,0.08,30,20,0.5,-0.4560462215679272,0.00605337496133322,0.2458457567221957,0.4620995965292604,COMPLETE
71,-0.578969099929025,2026-05-08 11:23:02.985077,2026-05-08 11:23:03.138435,0 days 00:00:00.153358,3,0.05,0.02,0.6,0.08,30,20,0.5,-0.4560462215679272,0.00605337496133322,0.2458457567221957,0.4620995965292604,COMPLETE
72,-0.5795032069711458,2026-05-08 11:23:03.149122,2026-05-08 11:23:03.339171,0 days 00:00:00.190049,3,0.05,0.02,0.45,0.08,30,20,0.65,-0.4563492756201414,0.005659615781494328,0.24630786270200875,0.4620088914016357,COMPLETE
73,-0.5928193994794824,2026-05-08 11:23:03.349075,2026-05-08 11:23:03.460914,0 days 00:00:00.111839,3,0.05,0.01,0.6,0.08,50,5,0.65,,,,,PRUNED
74,-0.6465399877762202,2026-05-08 11:23:03.469632,2026-05-08 11:23:03.565186,0 days 00:00:00.095554,3,0.05,0.02,0.6,0.16,10,20,0.5,,,,,PRUNED
75,-0.578969099929025,2026-05-08 11:23:03.573641,2026-05-08 11:23:03.758273,0 days 00:00:00.184632,3,0.05,0.02,0.6,0.08,20,20,0.65,-0.4560462215679272,0.00605337496133322,0.2458457567221957,0.4620995965292604,COMPLETE
76,-0.6405134789743206,2026-05-08 11:23:03.769986,2026-05-08 11:23:03.893958,0 days 00:00:00.123972,3,0.05,0.01,0.6,0.12,10,20,0.5,,,,,PRUNED
77,-0.5767861238051477,2026-05-08 11:23:03.904944,2026-05-08 11:23:04.032830,0 days 00:00:00.127886,4,0.05,0.02,0.6,0.08,50,20,0.5,,,,,PRUNED
78,-0.5760408379987116,2026-05-08 11:23:04.045750,2026-05-08 11:23:04.169707,0 days 00:00:00.123957,4,0.05,0.02,0.45,0.08,30,20,0.5,,,,,PRUNED
79,-0.5909179871540535,2026-05-08 11:23:04.186301,2026-05-08 11:23:04.327862,0 days 00:00:00.141561,2,0.05,0.02,0.6,0.08,30,5,0.5,,,,,PRUNED
80,-0.6081982030239713,2026-05-08 11:23:04.347369,2026-05-08 11:23:04.512607,0 days 00:00:00.165238,3,0.05,0.02,0.6,0.16,30,20,0.65,,,,,PRUNED
81,-0.578969099929025,2026-05-08 11:23:04.530493,2026-05-08 11:23:04.809075,0 days 00:00:00.278582,3,0.05,0.01,0.6,0.08,50,20,0.5,-0.4560462215679272,0.00605337496133322,0.2458457567221957,0.4620995965292604,COMPLETE
82,-0.5749687272496626,2026-05-08 11:23:04.823798,2026-05-08 11:23:04.969468,0 days 00:00:00.145670,3,0.05,0.02,0.3,0.08,50,20,0.8,,,,,PRUNED
83,-0.5986362602015844,2026-05-08 11:23:04.983341,2026-05-08 11:23:05.351334,0 days 00:00:00.367993,3,0.03,0.01,0.3,0.08,50,20,0.5,,,,,PRUNED
84,-0.5975526404445798,2026-05-08 11:23:05.368865,2026-05-08 11:23:05.539967,0 days 00:00:00.171102,3,0.03,0.02,0.6,0.08,50,20,0.5,,,,,PRUNED
85,-0.5889750732331619,2026-05-08 11:23:05.557701,2026-05-08 11:23:05.720650,0 days 00:00:00.162949,2,0.05,0.02,0.6,0.12,30,20,0.5,,,,,PRUNED
86,-0.5808079879707687,2026-05-08 11:23:05.737806,2026-05-08 11:23:05.994063,0 days 00:00:00.256257,2,0.05,0.01,0.6,0.08,50,20,0.5,-0.4564140742633455,0.0038146902157996337,0.2487878274148463,0.4602287644791451,COMPLETE
87,-0.578969099929025,2026-05-08 11:23:06.006716,2026-05-08 11:23:06.252971,0 days 00:00:00.246255,3,0.05,0.02,0.6,0.08,50,20,0.5,-0.4560462215679272,0.00605337496133322,0.2458457567221957,0.4620995965292604,COMPLETE
88,-0.578969099929025,2026-05-08 11:23:06.269497,2026-05-08 11:23:06.546026,0 days 00:00:00.276529,3,0.05,0.01,0.6,0.08,50,20,0.65,-0.4560462215679272,0.00605337496133322,0.2458457567221957,0.4620995965292604,COMPLETE
89,-0.5931245265228606,2026-05-08 11:23:06.564782,2026-05-08 11:23:06.728849,0 days 00:00:00.164067,3,0.05,0.02,0.3,0.08,30,5,0.5,,,,,PRUNED
90,-0.5957511125305064,2026-05-08 11:23:06.741030,2026-05-08 11:23:06.925916,0 days 00:00:00.184886,3,0.05,0.01,0.6,0.08,30,10,0.65,,,,,PRUNED
91,-0.6081213510976907,2026-05-08 11:23:06.942861,2026-05-08 11:23:07.123439,0 days 00:00:00.180578,3,0.05,0.01,0.6,0.12,50,5,0.5,,,,,PRUNED
92,-0.578969099929025,2026-05-08 11:23:07.138971,2026-05-08 11:23:07.374196,0 days 00:00:00.235225,3,0.05,0.01,0.6,0.08,20,20,0.5,-0.4560462215679272,0.00605337496133322,0.2458457567221957,0.4620995965292604,COMPLETE
93,-0.6245311439559214,2026-05-08 11:23:07.388163,2026-05-08 11:23:07.532410,0 days 00:00:00.144247,3,0.05,0.01,0.6,0.08,10,10,0.5,,,,,PRUNED
94,-0.5975526404445798,2026-05-08 11:23:07.545172,2026-05-08 11:23:07.680698,0 days 00:00:00.135526,3,0.03,0.02,0.6,0.08,30,20,0.8,,,,,PRUNED
95,-0.5901101001234356,2026-05-08 11:23:07.696021,2026-05-08 11:23:07.839748,0 days 00:00:00.143727,3,0.05,0.02,0.6,0.12,30,20,0.5,,,,,PRUNED
96,-0.6090566335893609,2026-05-08 11:23:07.852062,2026-05-08 11:23:07.986608,0 days 00:00:00.134546,3,0.05,0.01,0.45,0.16,50,20,0.5,,,,,PRUNED
97,-0.5975526404445798,2026-05-08 11:23:07.999729,2026-05-08 11:23:08.134100,0 days 00:00:00.134371,3,0.03,0.01,0.6,0.08,30,20,0.5,,,,,PRUNED
98,-0.5901101001234356,2026-05-08 11:23:08.149107,2026-05-08 11:23:08.287402,0 days 00:00:00.138295,3,0.05,0.01,0.6,0.12,20,20,0.8,,,,,PRUNED
99,-0.5749687272496626,2026-05-08 11:23:08.300284,2026-05-08 11:23:08.437617,0 days 00:00:00.137333,3,0.05,0.02,0.3,0.08,30,20,0.5,,,,,PRUNED
100,-0.5749687272496626,2026-05-08 11:23:08.449026,2026-05-08 11:23:08.577326,0 days 00:00:00.128300,3,0.05,0.01,0.3,0.08,50,20,0.5,,,,,PRUNED
101,-0.578969099929025,2026-05-08 11:23:08.596785,2026-05-08 11:23:08.845449,0 days 00:00:00.248664,3,0.05,0.01,0.6,0.08,50,20,0.8,-0.4560462215679272,0.00605337496133322,0.2458457567221957,0.4620995965292604,COMPLETE
102,-0.578969099929025,2026-05-08 11:23:08.862718,2026-05-08 11:23:09.087220,0 days 00:00:00.224502,3,0.05,0.01,0.6,0.08,20,20,0.8,-0.4560462215679272,0.00605337496133322,0.2458457567221957,0.4620995965292604,COMPLETE
103,-0.5928193994794824,2026-05-08 11:23:09.100471,2026-05-08 11:23:09.237238,0 days 00:00:00.136767,3,0.05,0.02,0.6,0.08,20,5,0.5,,,,,PRUNED
104,-0.5957511125305064,2026-05-08 11:23:09.250553,2026-05-08 11:23:09.384835,0 days 00:00:00.134282,3,0.05,0.01,0.6,0.08,50,10,0.8,,,,,PRUNED
105,-0.574873306442636,2026-05-08 11:23:09.398981,2026-05-08 11:23:09.529206,0 days 00:00:00.130225,3,0.05,0.01,0.45,0.08,50,20,0.8,,,,,PRUNED
106,-0.6134232157352639,2026-05-08 11:23:09.543063,2026-05-08 11:23:09.673676,0 days 00:00:00.130613,2,0.03,0.01,0.6,0.08,20,5,0.5,,,,,PRUNED
107,-0.578969099929025,2026-05-08 11:23:09.686736,2026-05-08 11:23:09.921500,0 days 00:00:00.234764,3,0.05,0.01,0.6,0.08,30,20,0.8,-0.4560462215679272,0.00605337496133322,0.2458457567221957,0.4620995965292604,COMPLETE
108,-0.578969099929025,2026-05-08 11:23:09.937100,2026-05-08 11:23:10.172263,0 days 00:00:00.235163,3,0.05,0.02,0.6,0.08,50,20,0.8,-0.4560462215679272,0.00605337496133322,0.2458457567221957,0.4620995965292604,COMPLETE
109,-0.578969099929025,2026-05-08 11:23:10.186139,2026-05-08 11:23:10.425563,0 days 00:00:00.239424,3,0.05,0.01,0.6,0.08,30,20,0.65,-0.4560462215679272,0.00605337496133322,0.2458457567221957,0.4620995965292604,COMPLETE
110,-0.5923203217846534,2026-05-08 11:23:10.438650,2026-05-08 11:23:10.583628,0 days 00:00:00.144978,4,0.03,0.01,0.6,0.08,50,20,0.5,,,,,PRUNED
111,-0.578969099929025,2026-05-08 11:23:10.596456,2026-05-08 11:23:10.861248,0 days 00:00:00.264792,3,0.05,0.01,0.6,0.08,30,20,0.5,-0.4560462215679272,0.00605337496133322,0.2458457567221957,0.4620995965292604,COMPLETE
112,-0.6231503240990874,2026-05-08 11:23:10.878272,2026-05-08 11:23:11.034007,0 days 00:00:00.155735,3,0.05,0.01,0.6,0.16,50,10,0.5,,,,,PRUNED
113,-0.5901101001234356,2026-05-08 11:23:11.050154,2026-05-08 11:23:11.207322,0 days 00:00:00.157168,3,0.05,0.01,0.6,0.12,50,20,0.8,,,,,PRUNED
114,-0.5928193994794824,2026-05-08 11:23:11.223683,2026-05-08 11:23:11.405539,0 days 00:00:00.181856,3,0.05,0.01,0.6,0.08,50,5,0.8,,,,,PRUNED
115,-0.5901101001234356,2026-05-08 11:23:11.422322,2026-05-08 11:23:11.557477,0 days 00:00:00.135155,3,0.05,0.01,0.6,0.12,30,20,0.5,,,,,PRUNED
116,-0.5927185030454039,2026-05-08 11:23:11.573170,2026-05-08 11:23:11.708582,0 days 00:00:00.135412,3,0.05,0.01,0.45,0.08,50,5,0.5,,,,,PRUNED
117,-0.6314822235719273,2026-05-08 11:23:11.721339,2026-05-08 11:23:11.854267,0 days 00:00:00.132928,3,0.05,0.01,0.6,0.08,10,20,0.5,,,,,PRUNED
118,-0.6017651620192361,2026-05-08 11:23:11.867464,2026-05-08 11:23:11.999195,0 days 00:00:00.131731,2,0.05,0.01,0.6,0.16,20,20,0.5,,,,,PRUNED
